
           ####      G N O M             Version 5.0 (r13469)      ####
                                               Wed Dec 15 15:11:23 2021

           ####      Configuration                                 ####

    System Type:                   arbitrary monodisperse (job = 0)
    Minimum characteristic size:         0.0000
    Maximum characteristic size:         6.3600
    rad56:                               0.0000
    Force 0.0 at r = rmin:                  yes
    Force 0.0 at r = rmax:                  yes
    Initial alpha:                       0.0000
    Initial random seed:    1439070822963622972
    Points in real space:                   190

    Input  1:                      temp-inp.dat
    First data point used:                    1
    Last data point used:                   570
    Scaling coefficient:             0.1000E+01
    Experimental setup:            point collimation



           ####      Results                                       ####

    Parameter    DISCRP  OSCILL  STABIL  SYSDEV  POSITV  VALCEN  SMOOTH
    Weight        1.000   3.000   3.000   3.000   1.000   1.000   1.000
    Sigma         0.300   0.600   0.120   0.120   0.120   0.120   0.600
    Ideal         0.700   1.100   0.000   1.000   1.000   0.950   0.000
    Current       0.730   1.185   0.013   0.612   1.000   0.893   2.705
               --------------------------------------------------------
    Estimate      0.990   0.980   0.989   0.000   1.000   0.800   0.000

    Angular range:                       0.3012 to       2.9999
    Reciprocal space Rg:             0.2163E+01
    Reciprocal space I(0):           0.4164E+02

    Real space range:                    0.0000 to       6.3600
    Real space Rg:                   0.2169E+01 +-   0.4039E-02
    Real space I(0):                 0.4165E+02 +-   0.6812E-01

    Highest ALPHA (theor):           0.3494E+02
    Current ALPHA:                   0.1492E+02

    Total Estimate:                      0.6689 (a REASONABLE solution)



           ####      Experimental Data and Fit                     ####

      S          J EXP       ERROR       J REG       I REG

   0.000000E+00                                                0.416479E+02
   0.107561E-01                                                0.416404E+02
   0.215123E-01                                                0.416177E+02
   0.322684E-01                                                0.415800E+02
   0.430246E-01                                                0.415272E+02
   0.537807E-01                                                0.414595E+02
   0.645368E-01                                                0.413769E+02
   0.752930E-01                                                0.412796E+02
   0.860491E-01                                                0.411675E+02
   0.968053E-01                                                0.410409E+02
   0.107561E+00                                                0.408999E+02
   0.118318E+00                                                0.407447E+02
   0.129074E+00                                                0.405755E+02
   0.139830E+00                                                0.403924E+02
   0.150586E+00                                                0.401956E+02
   0.161342E+00                                                0.399855E+02
   0.172098E+00                                                0.397622E+02
   0.182854E+00                                                0.395260E+02
   0.193611E+00                                                0.392771E+02
   0.204367E+00                                                0.390159E+02
   0.215123E+00                                                0.387426E+02
   0.225879E+00                                                0.384576E+02
   0.236635E+00                                                0.381612E+02
   0.247391E+00                                                0.378537E+02
   0.258147E+00                                                0.375354E+02
   0.268903E+00                                                0.372067E+02
   0.279660E+00                                                0.368679E+02
   0.290416E+00                                                0.365195E+02
   0.301172E+00   0.364927E+02   0.208852E+00   0.361618E+02   0.361618E+02
   0.305915E+00   0.365604E+02   0.207032E+00   0.360012E+02   0.360012E+02
   0.310658E+00   0.360536E+02   0.204671E+00   0.358390E+02   0.358390E+02
   0.315400E+00   0.359775E+02   0.203139E+00   0.356750E+02   0.356750E+02
   0.320143E+00   0.358390E+02   0.201285E+00   0.355095E+02   0.355095E+02
   0.324886E+00   0.355048E+02   0.199307E+00   0.353423E+02   0.353423E+02
   0.329629E+00   0.352020E+02   0.197600E+00   0.351736E+02   0.351736E+02
   0.334372E+00   0.352869E+02   0.196141E+00   0.350033E+02   0.350033E+02
   0.339115E+00   0.353857E+02   0.196769E+00   0.348316E+02   0.348316E+02
   0.343858E+00   0.350847E+02   0.198867E+00   0.346583E+02   0.346583E+02
   0.348601E+00   0.350985E+02   0.203949E+00   0.344837E+02   0.344837E+02
   0.353343E+00   0.347893E+02   0.207246E+00   0.343077E+02   0.343077E+02
   0.358086E+00   0.345014E+02   0.209070E+00   0.341303E+02   0.341303E+02
   0.362829E+00   0.339825E+02   0.210534E+00   0.339516E+02   0.339516E+02
   0.367572E+00   0.338816E+02   0.211961E+00   0.337717E+02   0.337717E+02
   0.372315E+00   0.339478E+02   0.213392E+00   0.335904E+02   0.335904E+02
   0.377058E+00   0.335264E+02   0.214145E+00   0.334080E+02   0.334080E+02
   0.381801E+00   0.332127E+02   0.215050E+00   0.332244E+02   0.332244E+02
   0.386543E+00   0.330708E+02   0.216177E+00   0.330397E+02   0.330397E+02
   0.391286E+00   0.326927E+02   0.216675E+00   0.328538E+02   0.328538E+02
   0.396029E+00   0.324333E+02   0.216951E+00   0.326669E+02   0.326669E+02
   0.400772E+00   0.328709E+02   0.218744E+00   0.324790E+02   0.324790E+02
   0.405515E+00   0.324649E+02   0.225645E+00   0.322901E+02   0.322901E+02
   0.410258E+00   0.323910E+02   0.230860E+00   0.321002E+02   0.321002E+02
   0.415001E+00   0.320173E+02   0.235809E+00   0.319094E+02   0.319094E+02
   0.419744E+00   0.318749E+02   0.238828E+00   0.317177E+02   0.317177E+02
   0.424486E+00   0.315161E+02   0.241926E+00   0.315251E+02   0.315251E+02
   0.429229E+00   0.312515E+02   0.245388E+00   0.313318E+02   0.313318E+02
   0.433972E+00   0.312996E+02   0.249020E+00   0.311376E+02   0.311376E+02
   0.438715E+00   0.308676E+02   0.252220E+00   0.309428E+02   0.309428E+02
   0.443458E+00   0.306875E+02   0.255345E+00   0.307472E+02   0.307472E+02
   0.448201E+00   0.303898E+02   0.258782E+00   0.305509E+02   0.305509E+02
   0.452944E+00   0.301505E+02   0.263589E+00   0.303540E+02   0.303540E+02
   0.457686E+00   0.303585E+02   0.266197E+00   0.301566E+02   0.301566E+02
   0.462429E+00   0.300406E+02   0.267644E+00   0.299585E+02   0.299585E+02
   0.467172E+00   0.298184E+02   0.266519E+00   0.297599E+02   0.297599E+02
   0.471915E+00   0.298639E+02   0.256272E+00   0.295609E+02   0.295609E+02
   0.476658E+00   0.294037E+02   0.250482E+00   0.293614E+02   0.293614E+02
   0.481401E+00   0.294061E+02   0.247069E+00   0.291614E+02   0.291614E+02
   0.486144E+00   0.287018E+02   0.244211E+00   0.289611E+02   0.289611E+02
   0.490887E+00   0.286060E+02   0.241611E+00   0.287604E+02   0.287604E+02
   0.495629E+00   0.285391E+02   0.239109E+00   0.285594E+02   0.285594E+02
   0.500372E+00   0.282212E+02   0.237379E+00   0.283581E+02   0.283581E+02
   0.505115E+00   0.280580E+02   0.235918E+00   0.281565E+02   0.281565E+02
   0.509858E+00   0.277231E+02   0.234387E+00   0.279548E+02   0.279548E+02
   0.514601E+00   0.275614E+02   0.232524E+00   0.277528E+02   0.277528E+02
   0.519344E+00   0.274233E+02   0.231581E+00   0.275508E+02   0.275508E+02
   0.524087E+00   0.275053E+02   0.230147E+00   0.273486E+02   0.273486E+02
   0.528829E+00   0.270458E+02   0.228795E+00   0.271463E+02   0.271463E+02
   0.533572E+00   0.265842E+02   0.226771E+00   0.269439E+02   0.269439E+02
   0.538315E+00   0.266373E+02   0.225174E+00   0.267416E+02   0.267416E+02
   0.543058E+00   0.264294E+02   0.223364E+00   0.265392E+02   0.265392E+02
   0.547801E+00   0.258539E+02   0.221013E+00   0.263369E+02   0.263369E+02
   0.552544E+00   0.256374E+02   0.219197E+00   0.261347E+02   0.261347E+02
   0.557287E+00   0.253392E+02   0.217538E+00   0.259326E+02   0.259326E+02
   0.562029E+00   0.255167E+02   0.216351E+00   0.257306E+02   0.257306E+02
   0.566772E+00   0.254555E+02   0.214683E+00   0.255288E+02   0.255288E+02
   0.571515E+00   0.250551E+02   0.212618E+00   0.253272E+02   0.253272E+02
   0.576258E+00   0.249010E+02   0.211261E+00   0.251258E+02   0.251258E+02
   0.581001E+00   0.249343E+02   0.210204E+00   0.249247E+02   0.249247E+02
   0.585744E+00   0.244680E+02   0.208886E+00   0.247239E+02   0.247239E+02
   0.590487E+00   0.244628E+02   0.208426E+00   0.245234E+02   0.245234E+02
   0.595230E+00   0.240892E+02   0.207056E+00   0.243232E+02   0.243232E+02
   0.599972E+00   0.238608E+02   0.206721E+00   0.241235E+02   0.241235E+02
   0.604715E+00   0.236516E+02   0.206012E+00   0.239241E+02   0.239241E+02
   0.609458E+00   0.237402E+02   0.205088E+00   0.237251E+02   0.237251E+02
   0.614201E+00   0.235272E+02   0.204930E+00   0.235266E+02   0.235266E+02
   0.618944E+00   0.231734E+02   0.203731E+00   0.233286E+02   0.233286E+02
   0.623687E+00   0.228295E+02   0.202892E+00   0.231311E+02   0.231311E+02
   0.628430E+00   0.225836E+02   0.201805E+00   0.229342E+02   0.229342E+02
   0.633173E+00   0.224382E+02   0.201117E+00   0.227378E+02   0.227378E+02
   0.637915E+00   0.225132E+02   0.200734E+00   0.225420E+02   0.225420E+02
   0.642658E+00   0.223464E+02   0.200197E+00   0.223468E+02   0.223468E+02
   0.647401E+00   0.218796E+02   0.198858E+00   0.221522E+02   0.221522E+02
   0.652144E+00   0.217968E+02   0.198426E+00   0.219583E+02   0.219583E+02
   0.656887E+00   0.215915E+02   0.197806E+00   0.217651E+02   0.217651E+02
   0.661630E+00   0.212785E+02   0.197183E+00   0.215726E+02   0.215726E+02
   0.666373E+00   0.214564E+02   0.196179E+00   0.213808E+02   0.213808E+02
   0.671115E+00   0.209668E+02   0.195658E+00   0.211898E+02   0.211898E+02
   0.675858E+00   0.210061E+02   0.195200E+00   0.209995E+02   0.209995E+02
   0.680601E+00   0.207706E+02   0.194083E+00   0.208100E+02   0.208100E+02
   0.685344E+00   0.203502E+02   0.193901E+00   0.206214E+02   0.206214E+02
   0.690087E+00   0.203888E+02   0.193135E+00   0.204336E+02   0.204336E+02
   0.694830E+00   0.198854E+02   0.191935E+00   0.202466E+02   0.202466E+02
   0.699573E+00   0.200011E+02   0.191703E+00   0.200606E+02   0.200606E+02
   0.704315E+00   0.197745E+02   0.191042E+00   0.198754E+02   0.198754E+02
   0.709058E+00   0.194319E+02   0.190064E+00   0.196911E+02   0.196911E+02
   0.713801E+00   0.191272E+02   0.189483E+00   0.195078E+02   0.195078E+02
   0.718544E+00   0.193769E+02   0.189042E+00   0.193254E+02   0.193254E+02
   0.723287E+00   0.190658E+02   0.188356E+00   0.191440E+02   0.191440E+02
   0.728030E+00   0.189692E+02   0.187599E+00   0.189635E+02   0.189635E+02
   0.732773E+00   0.189073E+02   0.187690E+00   0.187841E+02   0.187841E+02
   0.737515E+00   0.185253E+02   0.186674E+00   0.186057E+02   0.186057E+02
   0.742258E+00   0.182969E+02   0.185857E+00   0.184283E+02   0.184283E+02
   0.747001E+00   0.180787E+02   0.185258E+00   0.182519E+02   0.182519E+02
   0.751744E+00   0.178882E+02   0.184512E+00   0.180766E+02   0.180766E+02
   0.756487E+00   0.179259E+02   0.183776E+00   0.179024E+02   0.179024E+02
   0.761230E+00   0.176588E+02   0.183275E+00   0.177293E+02   0.177293E+02
   0.765973E+00   0.175607E+02   0.183019E+00   0.175573E+02   0.175573E+02
   0.770716E+00   0.171350E+02   0.182180E+00   0.173863E+02   0.173863E+02
   0.775459E+00   0.172398E+02   0.181761E+00   0.172166E+02   0.172166E+02
   0.780201E+00   0.169649E+02   0.181349E+00   0.170479E+02   0.170479E+02
   0.784944E+00   0.168719E+02   0.180595E+00   0.168804E+02   0.168804E+02
   0.789687E+00   0.167018E+02   0.179854E+00   0.167141E+02   0.167141E+02
   0.794430E+00   0.164933E+02   0.179270E+00   0.165489E+02   0.165489E+02
   0.799173E+00   0.161207E+02   0.178299E+00   0.163849E+02   0.163849E+02
   0.803916E+00   0.161507E+02   0.178020E+00   0.162221E+02   0.162221E+02
   0.808658E+00   0.159275E+02   0.177502E+00   0.160605E+02   0.160605E+02
   0.813401E+00   0.158548E+02   0.176991E+00   0.159001E+02   0.159001E+02
   0.818144E+00   0.158284E+02   0.176676E+00   0.157409E+02   0.157409E+02
   0.822887E+00   0.154117E+02   0.175931E+00   0.155829E+02   0.155829E+02
   0.827630E+00   0.153940E+02   0.175432E+00   0.154262E+02   0.154262E+02
   0.832373E+00   0.150391E+02   0.174338E+00   0.152707E+02   0.152707E+02
   0.837116E+00   0.153552E+02   0.174484E+00   0.151164E+02   0.151164E+02
   0.841859E+00   0.151465E+02   0.174045E+00   0.149634E+02   0.149634E+02
   0.846601E+00   0.149464E+02   0.173612E+00   0.148117E+02   0.148117E+02
   0.851344E+00   0.147681E+02   0.172657E+00   0.146612E+02   0.146612E+02
   0.856087E+00   0.145791E+02   0.172040E+00   0.145119E+02   0.145119E+02
   0.860830E+00   0.143489E+02   0.171335E+00   0.143640E+02   0.143640E+02
   0.865573E+00   0.143522E+02   0.171011E+00   0.142173E+02   0.142173E+02
   0.870316E+00   0.141104E+02   0.170616E+00   0.140718E+02   0.140718E+02
   0.875059E+00   0.139331E+02   0.170288E+00   0.139277E+02   0.139277E+02
   0.879802E+00   0.137587E+02   0.169878E+00   0.137848E+02   0.137848E+02
   0.884544E+00   0.137216E+02   0.169249E+00   0.136432E+02   0.136432E+02
   0.889287E+00   0.137117E+02   0.168467E+00   0.135029E+02   0.135029E+02
   0.894030E+00   0.134057E+02   0.167997E+00   0.133639E+02   0.133639E+02
   0.898773E+00   0.132967E+02   0.167478E+00   0.132262E+02   0.132262E+02
   0.903516E+00   0.131587E+02   0.166923E+00   0.130897E+02   0.130897E+02
   0.908259E+00   0.128371E+02   0.166414E+00   0.129546E+02   0.129546E+02
   0.913002E+00   0.126619E+02   0.166044E+00   0.128207E+02   0.128207E+02
   0.917744E+00   0.128306E+02   0.165795E+00   0.126881E+02   0.126881E+02
   0.922487E+00   0.127225E+02   0.165258E+00   0.125568E+02   0.125568E+02
   0.927230E+00   0.123680E+02   0.164606E+00   0.124268E+02   0.124268E+02
   0.931973E+00   0.121839E+02   0.164262E+00   0.122980E+02   0.122980E+02
   0.936716E+00   0.122584E+02   0.163856E+00   0.121706E+02   0.121706E+02
   0.941459E+00   0.121179E+02   0.163284E+00   0.120444E+02   0.120444E+02
   0.946202E+00   0.119514E+02   0.162950E+00   0.119195E+02   0.119195E+02
   0.950944E+00   0.119939E+02   0.162707E+00   0.117958E+02   0.117958E+02
   0.955687E+00   0.117899E+02   0.162172E+00   0.116735E+02   0.116735E+02
   0.960430E+00   0.116745E+02   0.161523E+00   0.115524E+02   0.115524E+02
   0.965173E+00   0.114819E+02   0.160909E+00   0.114325E+02   0.114325E+02
   0.969916E+00   0.113063E+02   0.160804E+00   0.113139E+02   0.113139E+02
   0.974659E+00   0.114621E+02   0.160632E+00   0.111966E+02   0.111966E+02
   0.979402E+00   0.111508E+02   0.159653E+00   0.110805E+02   0.110805E+02
   0.984144E+00   0.109560E+02   0.159452E+00   0.109657E+02   0.109657E+02
   0.988887E+00   0.108369E+02   0.158981E+00   0.108521E+02   0.108521E+02
   0.993630E+00   0.106724E+02   0.158383E+00   0.107397E+02   0.107397E+02
   0.998373E+00   0.106208E+02   0.158322E+00   0.106285E+02   0.106285E+02
   0.100312E+01   0.105722E+02   0.157850E+00   0.105186E+02   0.105186E+02
   0.100786E+01   0.106350E+02   0.157427E+00   0.104099E+02   0.104099E+02
   0.101260E+01   0.106421E+02   0.156968E+00   0.103023E+02   0.103023E+02
   0.101734E+01   0.103659E+02   0.156556E+00   0.101960E+02   0.101960E+02
   0.102209E+01   0.103492E+02   0.156345E+00   0.100909E+02   0.100909E+02
   0.102683E+01   0.100200E+02   0.155783E+00   0.998699E+01   0.998699E+01
   0.103157E+01   0.996627E+01   0.155201E+00   0.988422E+01   0.988422E+01
   0.103632E+01   0.973332E+01   0.154791E+00   0.978263E+01   0.978263E+01
   0.104106E+01   0.968635E+01   0.154637E+00   0.968219E+01   0.968219E+01
   0.104580E+01   0.983447E+01   0.154155E+00   0.958291E+01   0.958291E+01
   0.105055E+01   0.943414E+01   0.153752E+00   0.948478E+01   0.948478E+01
   0.105529E+01   0.943035E+01   0.153179E+00   0.938780E+01   0.938780E+01
   0.106003E+01   0.963078E+01   0.153038E+00   0.929193E+01   0.929193E+01
   0.106477E+01   0.922213E+01   0.152344E+00   0.919717E+01   0.919717E+01
   0.106952E+01   0.936333E+01   0.152393E+00   0.910353E+01   0.910353E+01
   0.107426E+01   0.921412E+01   0.152096E+00   0.901099E+01   0.901099E+01
   0.107900E+01   0.922863E+01   0.151624E+00   0.891953E+01   0.891953E+01
   0.108374E+01   0.914355E+01   0.151497E+00   0.882916E+01   0.882916E+01
   0.108849E+01   0.905774E+01   0.150893E+00   0.873986E+01   0.873986E+01
   0.109323E+01   0.856132E+01   0.150130E+00   0.865164E+01   0.865164E+01
   0.109797E+01   0.867942E+01   0.150118E+00   0.856445E+01   0.856445E+01
   0.110272E+01   0.860760E+01   0.149929E+00   0.847831E+01   0.847831E+01
   0.110746E+01   0.853176E+01   0.149183E+00   0.839319E+01   0.839319E+01
   0.111220E+01   0.869300E+01   0.149125E+00   0.830910E+01   0.830910E+01
   0.111695E+01   0.861380E+01   0.148551E+00   0.822602E+01   0.822602E+01
   0.112169E+01   0.831024E+01   0.148520E+00   0.814394E+01   0.814394E+01
   0.112643E+01   0.820818E+01   0.147997E+00   0.806286E+01   0.806286E+01
   0.113117E+01   0.811175E+01   0.147984E+00   0.798275E+01   0.798275E+01
   0.113592E+01   0.813505E+01   0.147435E+00   0.790361E+01   0.790361E+01
   0.114066E+01   0.808714E+01   0.147047E+00   0.782542E+01   0.782542E+01
   0.114540E+01   0.781922E+01   0.146752E+00   0.774818E+01   0.774818E+01
   0.115014E+01   0.784521E+01   0.146268E+00   0.767187E+01   0.767187E+01
   0.115489E+01   0.767919E+01   0.145843E+00   0.759649E+01   0.759649E+01
   0.115963E+01   0.763965E+01   0.145470E+00   0.752203E+01   0.752203E+01
   0.116437E+01   0.776743E+01   0.145366E+00   0.744848E+01   0.744848E+01
   0.116912E+01   0.764134E+01   0.145394E+00   0.737581E+01   0.737581E+01
   0.117386E+01   0.733312E+01   0.144627E+00   0.730402E+01   0.730402E+01
   0.117860E+01   0.736264E+01   0.144315E+00   0.723309E+01   0.723309E+01
   0.118335E+01   0.740899E+01   0.144156E+00   0.716303E+01   0.716303E+01
   0.118809E+01   0.701426E+01   0.143893E+00   0.709381E+01   0.709381E+01
   0.119283E+01   0.701212E+01   0.143353E+00   0.702543E+01   0.702543E+01
   0.119757E+01   0.709828E+01   0.143009E+00   0.695789E+01   0.695789E+01
   0.120232E+01   0.710437E+01   0.143076E+00   0.689114E+01   0.689114E+01
   0.120706E+01   0.707294E+01   0.143487E+00   0.682520E+01   0.682520E+01
   0.121180E+01   0.692423E+01   0.147889E+00   0.676005E+01   0.676005E+01
   0.121654E+01   0.677237E+01   0.150986E+00   0.669568E+01   0.669568E+01
   0.122129E+01   0.652794E+01   0.152641E+00   0.663208E+01   0.663208E+01
   0.122603E+01   0.658460E+01   0.154677E+00   0.656924E+01   0.656924E+01
   0.123077E+01   0.647449E+01   0.156083E+00   0.650714E+01   0.650714E+01
   0.123552E+01   0.667145E+01   0.157384E+00   0.644579E+01   0.644579E+01
   0.124026E+01   0.653632E+01   0.159163E+00   0.638516E+01   0.638516E+01
   0.124500E+01   0.635860E+01   0.160325E+00   0.632524E+01   0.632524E+01
   0.124975E+01   0.634312E+01   0.161397E+00   0.626602E+01   0.626602E+01
   0.125449E+01   0.638550E+01   0.162876E+00   0.620749E+01   0.620749E+01
   0.125923E+01   0.632100E+01   0.163273E+00   0.614965E+01   0.614965E+01
   0.126397E+01   0.602343E+01   0.163283E+00   0.609247E+01   0.609247E+01
   0.126872E+01   0.592572E+01   0.163726E+00   0.603597E+01   0.603597E+01
   0.127346E+01   0.600075E+01   0.161492E+00   0.598011E+01   0.598011E+01
   0.127820E+01   0.609795E+01   0.155703E+00   0.592488E+01   0.592488E+01
   0.128295E+01   0.599308E+01   0.152616E+00   0.587029E+01   0.587029E+01
   0.128769E+01   0.602187E+01   0.150354E+00   0.581631E+01   0.581631E+01
   0.129243E+01   0.606003E+01   0.148434E+00   0.576294E+01   0.576294E+01
   0.129717E+01   0.576854E+01   0.146789E+00   0.571018E+01   0.571018E+01
   0.130192E+01   0.576913E+01   0.145326E+00   0.565801E+01   0.565801E+01
   0.130666E+01   0.574901E+01   0.144185E+00   0.560640E+01   0.560640E+01
   0.131140E+01   0.564193E+01   0.142983E+00   0.555537E+01   0.555537E+01
   0.131614E+01   0.563820E+01   0.142036E+00   0.550490E+01   0.550490E+01
   0.132089E+01   0.549217E+01   0.141532E+00   0.545497E+01   0.545497E+01
   0.132563E+01   0.520968E+01   0.140717E+00   0.540559E+01   0.540559E+01
   0.133037E+01   0.534453E+01   0.140134E+00   0.535674E+01   0.535674E+01
   0.133512E+01   0.538760E+01   0.139847E+00   0.530840E+01   0.530840E+01
   0.133986E+01   0.522885E+01   0.139657E+00   0.526059E+01   0.526059E+01
   0.134460E+01   0.509610E+01   0.139105E+00   0.521328E+01   0.521328E+01
   0.134935E+01   0.519969E+01   0.138847E+00   0.516646E+01   0.516646E+01
   0.135409E+01   0.519575E+01   0.138278E+00   0.512012E+01   0.512012E+01
   0.135883E+01   0.523331E+01   0.138017E+00   0.507426E+01   0.507426E+01
   0.136357E+01   0.514069E+01   0.137646E+00   0.502887E+01   0.502887E+01
   0.136832E+01   0.497877E+01   0.137374E+00   0.498394E+01   0.498394E+01
   0.137306E+01   0.478089E+01   0.136988E+00   0.493947E+01   0.493947E+01
   0.137780E+01   0.483969E+01   0.136710E+00   0.489543E+01   0.489543E+01
   0.138254E+01   0.493047E+01   0.136512E+00   0.485184E+01   0.485184E+01
   0.138729E+01   0.484746E+01   0.136218E+00   0.480866E+01   0.480866E+01
   0.139203E+01   0.479793E+01   0.135791E+00   0.476591E+01   0.476591E+01
   0.139677E+01   0.475864E+01   0.135559E+00   0.472357E+01   0.472357E+01
   0.140152E+01   0.466616E+01   0.135309E+00   0.468164E+01   0.468164E+01
   0.140626E+01   0.455716E+01   0.134951E+00   0.464011E+01   0.464011E+01
   0.141100E+01   0.441696E+01   0.134527E+00   0.459897E+01   0.459897E+01
   0.141575E+01   0.445824E+01   0.134371E+00   0.455821E+01   0.455821E+01
   0.142049E+01   0.434448E+01   0.133811E+00   0.451783E+01   0.451783E+01
   0.142523E+01   0.440816E+01   0.133878E+00   0.447781E+01   0.447781E+01
   0.142997E+01   0.426885E+01   0.133529E+00   0.443816E+01   0.443816E+01
   0.143472E+01   0.435872E+01   0.133234E+00   0.439887E+01   0.439887E+01
   0.143946E+01   0.425495E+01   0.132744E+00   0.435992E+01   0.435992E+01
   0.144420E+01   0.426429E+01   0.132687E+00   0.432133E+01   0.432133E+01
   0.144894E+01   0.409965E+01   0.132546E+00   0.428307E+01   0.428307E+01
   0.145369E+01   0.406814E+01   0.132323E+00   0.424515E+01   0.424515E+01
   0.145843E+01   0.415818E+01   0.131912E+00   0.420755E+01   0.420755E+01
   0.146317E+01   0.425968E+01   0.132074E+00   0.417027E+01   0.417027E+01
   0.146792E+01   0.409067E+01   0.131514E+00   0.413330E+01   0.413330E+01
   0.147266E+01   0.398839E+01   0.131432E+00   0.409665E+01   0.409665E+01
   0.147740E+01   0.396234E+01   0.130986E+00   0.406031E+01   0.406031E+01
   0.148215E+01   0.389993E+01   0.130831E+00   0.402426E+01   0.402426E+01
   0.148689E+01   0.379132E+01   0.130442E+00   0.398851E+01   0.398851E+01
   0.149163E+01   0.392532E+01   0.130243E+00   0.395305E+01   0.395305E+01
   0.149637E+01   0.389459E+01   0.130250E+00   0.391787E+01   0.391787E+01
   0.150112E+01   0.375961E+01   0.129971E+00   0.388298E+01   0.388298E+01
   0.150586E+01   0.375653E+01   0.132404E+00   0.384836E+01   0.384836E+01
   0.151060E+01   0.378466E+01   0.136043E+00   0.381402E+01   0.381402E+01
   0.151534E+01   0.388358E+01   0.138213E+00   0.377995E+01   0.377995E+01
   0.152009E+01   0.389916E+01   0.139970E+00   0.374614E+01   0.374614E+01
   0.152483E+01   0.360432E+01   0.141412E+00   0.371259E+01   0.371259E+01
   0.152957E+01   0.351130E+01   0.142399E+00   0.367930E+01   0.367930E+01
   0.153432E+01   0.362591E+01   0.139002E+00   0.364626E+01   0.364626E+01
   0.153906E+01   0.368302E+01   0.136561E+00   0.361347E+01   0.361347E+01
   0.154380E+01   0.351313E+01   0.135212E+00   0.358093E+01   0.358093E+01
   0.154855E+01   0.379723E+01   0.133602E+00   0.354864E+01   0.354864E+01
   0.155329E+01   0.366395E+01   0.132203E+00   0.351659E+01   0.351659E+01
   0.155803E+01   0.334179E+01   0.130750E+00   0.348477E+01   0.348477E+01
   0.156277E+01   0.326726E+01   0.129593E+00   0.345319E+01   0.345319E+01
   0.156752E+01   0.313220E+01   0.127996E+00   0.342184E+01   0.342184E+01
   0.157226E+01   0.322630E+01   0.127448E+00   0.339071E+01   0.339071E+01
   0.157700E+01   0.337854E+01   0.126942E+00   0.335982E+01   0.335982E+01
   0.158175E+01   0.324589E+01   0.126647E+00   0.332915E+01   0.332915E+01
   0.158649E+01   0.331177E+01   0.126668E+00   0.329871E+01   0.329871E+01
   0.159123E+01   0.322153E+01   0.126795E+00   0.326849E+01   0.326849E+01
   0.159597E+01   0.312333E+01   0.126849E+00   0.323848E+01   0.323848E+01
   0.160072E+01   0.310652E+01   0.126991E+00   0.320869E+01   0.320869E+01
   0.160546E+01   0.301477E+01   0.126642E+00   0.317911E+01   0.317911E+01
   0.161020E+01   0.299393E+01   0.126303E+00   0.314975E+01   0.314975E+01
   0.161495E+01   0.293486E+01   0.126086E+00   0.312060E+01   0.312060E+01
   0.161969E+01   0.282386E+01   0.125940E+00   0.309166E+01   0.309166E+01
   0.162443E+01   0.286208E+01   0.125900E+00   0.306293E+01   0.306293E+01
   0.162917E+01   0.286510E+01   0.125391E+00   0.303440E+01   0.303440E+01
   0.163392E+01   0.303410E+01   0.125242E+00   0.300608E+01   0.300608E+01
   0.163866E+01   0.294476E+01   0.125004E+00   0.297796E+01   0.297796E+01
   0.164340E+01   0.280015E+01   0.124620E+00   0.295005E+01   0.295005E+01
   0.164815E+01   0.280581E+01   0.124742E+00   0.292234E+01   0.292234E+01
   0.165289E+01   0.279380E+01   0.124380E+00   0.289483E+01   0.289483E+01
   0.165763E+01   0.285366E+01   0.124204E+00   0.286752E+01   0.286752E+01
   0.166237E+01   0.281833E+01   0.123740E+00   0.284041E+01   0.284041E+01
   0.166712E+01   0.279384E+01   0.123641E+00   0.281350E+01   0.281350E+01
   0.167186E+01   0.267019E+01   0.123528E+00   0.278679E+01   0.278679E+01
   0.167660E+01   0.268329E+01   0.123192E+00   0.276027E+01   0.276027E+01
   0.168135E+01   0.251446E+01   0.123273E+00   0.273395E+01   0.273395E+01
   0.168609E+01   0.271049E+01   0.122831E+00   0.270783E+01   0.270783E+01
   0.169083E+01   0.257013E+01   0.122691E+00   0.268191E+01   0.268191E+01
   0.169557E+01   0.246994E+01   0.122444E+00   0.265617E+01   0.265617E+01
   0.170032E+01   0.241370E+01   0.122233E+00   0.263064E+01   0.263064E+01
   0.170506E+01   0.254317E+01   0.122137E+00   0.260530E+01   0.260530E+01
   0.170980E+01   0.253790E+01   0.121933E+00   0.258015E+01   0.258015E+01
   0.171455E+01   0.242713E+01   0.121672E+00   0.255520E+01   0.255520E+01
   0.171929E+01   0.245373E+01   0.121502E+00   0.253044E+01   0.253044E+01
   0.172403E+01   0.231818E+01   0.121305E+00   0.250589E+01   0.250589E+01
   0.172877E+01   0.263541E+01   0.121232E+00   0.248152E+01   0.248152E+01
   0.173352E+01   0.249851E+01   0.120915E+00   0.245734E+01   0.245734E+01
   0.173826E+01   0.232877E+01   0.120537E+00   0.243336E+01   0.243336E+01
   0.174300E+01   0.230399E+01   0.120469E+00   0.240958E+01   0.240958E+01
   0.174775E+01   0.216184E+01   0.120333E+00   0.238599E+01   0.238599E+01
   0.175249E+01   0.228668E+01   0.119968E+00   0.236259E+01   0.236259E+01
   0.175723E+01   0.228551E+01   0.119934E+00   0.233939E+01   0.233939E+01
   0.176197E+01   0.231067E+01   0.119956E+00   0.231639E+01   0.231639E+01
   0.176672E+01   0.238786E+01   0.119804E+00   0.229358E+01   0.229358E+01
   0.177146E+01   0.225413E+01   0.119673E+00   0.227096E+01   0.227096E+01
   0.177620E+01   0.213926E+01   0.119306E+00   0.224854E+01   0.224854E+01
   0.178095E+01   0.206483E+01   0.119014E+00   0.222632E+01   0.222632E+01
   0.178569E+01   0.225113E+01   0.118920E+00   0.220429E+01   0.220429E+01
   0.179043E+01   0.207845E+01   0.118851E+00   0.218246E+01   0.218246E+01
   0.179517E+01   0.212459E+01   0.118626E+00   0.216083E+01   0.216083E+01
   0.179992E+01   0.217299E+01   0.118382E+00   0.213939E+01   0.213939E+01
   0.180466E+01   0.215592E+01   0.118388E+00   0.211814E+01   0.211814E+01
   0.180940E+01   0.199185E+01   0.117961E+00   0.209710E+01   0.209710E+01
   0.181415E+01   0.218574E+01   0.117947E+00   0.207625E+01   0.207625E+01
   0.181889E+01   0.217865E+01   0.117609E+00   0.205560E+01   0.205560E+01
   0.182363E+01   0.207027E+01   0.117451E+00   0.203515E+01   0.203515E+01
   0.182838E+01   0.177319E+01   0.117274E+00   0.201489E+01   0.201489E+01
   0.183312E+01   0.202153E+01   0.117304E+00   0.199484E+01   0.199484E+01
   0.183786E+01   0.187695E+01   0.117061E+00   0.197498E+01   0.197498E+01
   0.184260E+01   0.197937E+01   0.117118E+00   0.195532E+01   0.195532E+01
   0.184735E+01   0.182683E+01   0.116870E+00   0.193586E+01   0.193586E+01
   0.185209E+01   0.202346E+01   0.116744E+00   0.191660E+01   0.191660E+01
   0.185683E+01   0.203641E+01   0.116575E+00   0.189754E+01   0.189754E+01
   0.186157E+01   0.196682E+01   0.116339E+00   0.187868E+01   0.187868E+01
   0.186632E+01   0.184554E+01   0.116277E+00   0.186002E+01   0.186002E+01
   0.187106E+01   0.184463E+01   0.116136E+00   0.184156E+01   0.184156E+01
   0.187580E+01   0.180661E+01   0.115768E+00   0.182330E+01   0.182330E+01
   0.188055E+01   0.163800E+01   0.115469E+00   0.180524E+01   0.180524E+01
   0.188529E+01   0.177995E+01   0.115428E+00   0.178737E+01   0.178737E+01
   0.189003E+01   0.172828E+01   0.115249E+00   0.176971E+01   0.176971E+01
   0.189478E+01   0.172390E+01   0.115072E+00   0.175225E+01   0.175225E+01
   0.189952E+01   0.177862E+01   0.115038E+00   0.173499E+01   0.173499E+01
   0.190426E+01   0.168118E+01   0.114854E+00   0.171793E+01   0.171793E+01
   0.190900E+01   0.178923E+01   0.114580E+00   0.170107E+01   0.170107E+01
   0.191375E+01   0.171078E+01   0.114464E+00   0.168440E+01   0.168440E+01
   0.191849E+01   0.175606E+01   0.114451E+00   0.166794E+01   0.166794E+01
   0.192323E+01   0.176586E+01   0.114416E+00   0.165168E+01   0.165168E+01
   0.192797E+01   0.170612E+01   0.114234E+00   0.163561E+01   0.163561E+01
   0.193272E+01   0.164705E+01   0.114050E+00   0.161975E+01   0.161975E+01
   0.193746E+01   0.166395E+01   0.113461E+00   0.160408E+01   0.160408E+01
   0.194220E+01   0.164563E+01   0.113251E+00   0.158861E+01   0.158861E+01
   0.194695E+01   0.167083E+01   0.112878E+00   0.157334E+01   0.157334E+01
   0.195169E+01   0.159708E+01   0.112624E+00   0.155827E+01   0.155827E+01
   0.195643E+01   0.165033E+01   0.112630E+00   0.154339E+01   0.154339E+01
   0.196117E+01   0.156349E+01   0.112475E+00   0.152871E+01   0.152871E+01
   0.196592E+01   0.146696E+01   0.112361E+00   0.151423E+01   0.151423E+01
   0.197066E+01   0.136760E+01   0.112115E+00   0.149994E+01   0.149994E+01
   0.197540E+01   0.154144E+01   0.111988E+00   0.148585E+01   0.148585E+01
   0.198015E+01   0.146339E+01   0.112013E+00   0.147195E+01   0.147195E+01
   0.198489E+01   0.153993E+01   0.111971E+00   0.145825E+01   0.145825E+01
   0.198963E+01   0.156600E+01   0.112164E+00   0.144473E+01   0.144473E+01
   0.199438E+01   0.149007E+01   0.112272E+00   0.143141E+01   0.143141E+01
   0.199912E+01   0.145272E+01   0.111937E+00   0.141828E+01   0.141828E+01
   0.200386E+01   0.135353E+01   0.111611E+00   0.140535E+01   0.140535E+01
   0.200860E+01   0.129836E+01   0.111790E+00   0.139260E+01   0.139260E+01
   0.201335E+01   0.144642E+01   0.112810E+00   0.138004E+01   0.138004E+01
   0.201809E+01   0.146217E+01   0.115918E+00   0.136767E+01   0.136767E+01
   0.202283E+01   0.150058E+01   0.117815E+00   0.135548E+01   0.135548E+01
   0.202758E+01   0.145172E+01   0.119437E+00   0.134348E+01   0.134348E+01
   0.203232E+01   0.141478E+01   0.120549E+00   0.133167E+01   0.133167E+01
   0.203706E+01   0.129960E+01   0.121204E+00   0.132003E+01   0.132003E+01
   0.204180E+01   0.132989E+01   0.122328E+00   0.130859E+01   0.130859E+01
   0.204655E+01   0.141343E+01   0.122990E+00   0.129732E+01   0.129732E+01
   0.205129E+01   0.135329E+01   0.123323E+00   0.128623E+01   0.128623E+01
   0.205603E+01   0.115709E+01   0.123636E+00   0.127532E+01   0.127532E+01
   0.206078E+01   0.139988E+01   0.123865E+00   0.126459E+01   0.126459E+01
   0.206552E+01   0.137462E+01   0.124116E+00   0.125403E+01   0.125403E+01
   0.207026E+01   0.140060E+01   0.124431E+00   0.124365E+01   0.124365E+01
   0.207500E+01   0.118874E+01   0.124455E+00   0.123345E+01   0.123345E+01
   0.207975E+01   0.122470E+01   0.122085E+00   0.122341E+01   0.122341E+01
   0.208449E+01   0.139758E+01   0.118947E+00   0.121354E+01   0.121354E+01
   0.208923E+01   0.113625E+01   0.117325E+00   0.120385E+01   0.120385E+01
   0.209397E+01   0.125178E+01   0.115774E+00   0.119431E+01   0.119431E+01
   0.209872E+01   0.120332E+01   0.114666E+00   0.118495E+01   0.118495E+01
   0.210346E+01   0.123728E+01   0.113838E+00   0.117575E+01   0.117575E+01
   0.210820E+01   0.123513E+01   0.113088E+00   0.116671E+01   0.116671E+01
   0.211295E+01   0.128063E+01   0.112776E+00   0.115783E+01   0.115783E+01
   0.211769E+01   0.125042E+01   0.112526E+00   0.114911E+01   0.114911E+01
   0.212243E+01   0.116287E+01   0.112093E+00   0.114055E+01   0.114055E+01
   0.212717E+01   0.121126E+01   0.111828E+00   0.113214E+01   0.113214E+01
   0.213192E+01   0.115289E+01   0.111612E+00   0.112389E+01   0.112389E+01
   0.213666E+01   0.110556E+01   0.111274E+00   0.111579E+01   0.111579E+01
   0.214140E+01   0.122540E+01   0.111262E+00   0.110784E+01   0.110784E+01
   0.214615E+01   0.116901E+01   0.110689E+00   0.110003E+01   0.110003E+01
   0.215089E+01   0.122341E+01   0.110879E+00   0.109238E+01   0.109238E+01
   0.215563E+01   0.122008E+01   0.110668E+00   0.108486E+01   0.108486E+01
   0.216038E+01   0.117929E+01   0.110511E+00   0.107749E+01   0.107749E+01
   0.216512E+01   0.105746E+01   0.110325E+00   0.107026E+01   0.107026E+01
   0.216986E+01   0.107159E+01   0.109986E+00   0.106316E+01   0.106316E+01
   0.217460E+01   0.111581E+01   0.109615E+00   0.105620E+01   0.105620E+01
   0.217935E+01   0.109624E+01   0.109431E+00   0.104938E+01   0.104938E+01
   0.218409E+01   0.109684E+01   0.109453E+00   0.104269E+01   0.104269E+01
   0.218883E+01   0.981081E+00   0.109437E+00   0.103613E+01   0.103613E+01
   0.219358E+01   0.100917E+01   0.109182E+00   0.102969E+01   0.102969E+01
   0.219832E+01   0.100256E+01   0.109075E+00   0.102338E+01   0.102338E+01
   0.220306E+01   0.992066E+00   0.108711E+00   0.101720E+01   0.101720E+01
   0.220780E+01   0.900949E+00   0.108579E+00   0.101113E+01   0.101113E+01
   0.221255E+01   0.996001E+00   0.108407E+00   0.100519E+01   0.100519E+01
   0.221729E+01   0.104712E+01   0.108375E+00   0.999364E+00   0.999364E+00
   0.222203E+01   0.923779E+00   0.108200E+00   0.993651E+00   0.993651E+00
   0.222677E+01   0.826079E+00   0.108131E+00   0.988052E+00   0.988052E+00
   0.223152E+01   0.988186E+00   0.107930E+00   0.982563E+00   0.982563E+00
   0.223626E+01   0.879243E+00   0.107719E+00   0.977182E+00   0.977182E+00
   0.224100E+01   0.102367E+01   0.107690E+00   0.971908E+00   0.971908E+00
   0.224575E+01   0.960533E+00   0.107400E+00   0.966738E+00   0.966738E+00
   0.225049E+01   0.909600E+00   0.107456E+00   0.961670E+00   0.961670E+00
   0.225523E+01   0.903659E+00   0.107201E+00   0.956702E+00   0.956702E+00
   0.225997E+01   0.916635E+00   0.106994E+00   0.951831E+00   0.951831E+00
   0.226472E+01   0.101942E+01   0.106974E+00   0.947056E+00   0.947056E+00
   0.226946E+01   0.897507E+00   0.106843E+00   0.942376E+00   0.942376E+00
   0.227420E+01   0.992868E+00   0.106685E+00   0.937782E+00   0.937782E+00
   0.227895E+01   0.834920E+00   0.106677E+00   0.933279E+00   0.933279E+00
   0.228369E+01   0.967545E+00   0.106547E+00   0.928864E+00   0.928864E+00
   0.228843E+01   0.846972E+00   0.106425E+00   0.924533E+00   0.924533E+00
   0.229318E+01   0.923463E+00   0.106149E+00   0.920284E+00   0.920284E+00
   0.229792E+01   0.975864E+00   0.106013E+00   0.916115E+00   0.916115E+00
   0.230266E+01   0.979443E+00   0.105935E+00   0.912024E+00   0.912024E+00
   0.230740E+01   0.818416E+00   0.105607E+00   0.908010E+00   0.908010E+00
   0.231215E+01   0.785597E+00   0.105525E+00   0.904069E+00   0.904069E+00
   0.231689E+01   0.855281E+00   0.105513E+00   0.900200E+00   0.900200E+00
   0.232163E+01   0.972778E+00   0.105424E+00   0.896401E+00   0.896401E+00
   0.232638E+01   0.856980E+00   0.105419E+00   0.892669E+00   0.892669E+00
   0.233112E+01   0.794597E+00   0.105166E+00   0.889003E+00   0.889003E+00
   0.233586E+01   0.810219E+00   0.105018E+00   0.885400E+00   0.885400E+00
   0.234060E+01   0.925009E+00   0.105007E+00   0.881859E+00   0.881859E+00
   0.234535E+01   0.987366E+00   0.104798E+00   0.878377E+00   0.878377E+00
   0.235009E+01   0.889469E+00   0.104669E+00   0.874953E+00   0.874953E+00
   0.235483E+01   0.745968E+00   0.104527E+00   0.871584E+00   0.871584E+00
   0.235957E+01   0.833819E+00   0.104540E+00   0.868270E+00   0.868270E+00
   0.236432E+01   0.801849E+00   0.104069E+00   0.865007E+00   0.865007E+00
   0.236906E+01   0.874778E+00   0.104548E+00   0.861793E+00   0.861793E+00
   0.237380E+01   0.827514E+00   0.104028E+00   0.858628E+00   0.858628E+00
   0.237855E+01   0.925241E+00   0.103929E+00   0.855509E+00   0.855509E+00
   0.238329E+01   0.100970E+01   0.103837E+00   0.852435E+00   0.852435E+00
   0.238803E+01   0.848300E+00   0.103833E+00   0.849402E+00   0.849402E+00
   0.239277E+01   0.787116E+00   0.103692E+00   0.846411E+00   0.846411E+00
   0.239752E+01   0.850668E+00   0.103563E+00   0.843458E+00   0.843458E+00
   0.240226E+01   0.692872E+00   0.103395E+00   0.840543E+00   0.840543E+00
   0.240700E+01   0.679944E+00   0.103116E+00   0.837664E+00   0.837664E+00
   0.241175E+01   0.937981E+00   0.103401E+00   0.834819E+00   0.834819E+00
   0.241649E+01   0.797993E+00   0.103063E+00   0.832006E+00   0.832006E+00
   0.242123E+01   0.727696E+00   0.102894E+00   0.829224E+00   0.829224E+00
   0.242598E+01   0.812772E+00   0.102695E+00   0.826471E+00   0.826471E+00
   0.243072E+01   0.689234E+00   0.102632E+00   0.823746E+00   0.823746E+00
   0.243546E+01   0.690708E+00   0.102602E+00   0.821048E+00   0.821048E+00
   0.244020E+01   0.699275E+00   0.102558E+00   0.818374E+00   0.818374E+00
   0.244495E+01   0.668326E+00   0.102369E+00   0.815723E+00   0.815723E+00
   0.244969E+01   0.769157E+00   0.102292E+00   0.813094E+00   0.813094E+00
   0.245443E+01   0.742722E+00   0.102248E+00   0.810486E+00   0.810486E+00
   0.245918E+01   0.752004E+00   0.102159E+00   0.807898E+00   0.807898E+00
   0.246392E+01   0.661223E+00   0.101953E+00   0.805327E+00   0.805327E+00
   0.246866E+01   0.785089E+00   0.102103E+00   0.802774E+00   0.802774E+00
   0.247340E+01   0.788756E+00   0.101810E+00   0.800235E+00   0.800235E+00
   0.247815E+01   0.756882E+00   0.101701E+00   0.797711E+00   0.797711E+00
   0.248289E+01   0.592006E+00   0.101536E+00   0.795200E+00   0.795200E+00
   0.248763E+01   0.744593E+00   0.101531E+00   0.792701E+00   0.792701E+00
   0.249238E+01   0.773414E+00   0.101364E+00   0.790214E+00   0.790214E+00
   0.249712E+01   0.724231E+00   0.101470E+00   0.787735E+00   0.787735E+00
   0.250186E+01   0.649289E+00   0.101286E+00   0.785267E+00   0.785267E+00
   0.250660E+01   0.786790E+00   0.101261E+00   0.782806E+00   0.782806E+00
   0.251135E+01   0.672541E+00   0.101019E+00   0.780353E+00   0.780353E+00
   0.251609E+01   0.648056E+00   0.100703E+00   0.777905E+00   0.777905E+00
   0.252083E+01   0.642653E+00   0.100624E+00   0.775462E+00   0.775462E+00
   0.252558E+01   0.771398E+00   0.100342E+00   0.773024E+00   0.773024E+00
   0.253032E+01   0.711915E+00   0.100138E+00   0.770590E+00   0.770590E+00
   0.253506E+01   0.652113E+00   0.100064E+00   0.768159E+00   0.768159E+00
   0.253980E+01   0.684917E+00   0.999919E-01   0.765730E+00   0.765730E+00
   0.254455E+01   0.774860E+00   0.999829E-01   0.763302E+00   0.763302E+00
   0.254929E+01   0.737143E+00   0.998478E-01   0.760875E+00   0.760875E+00
   0.255403E+01   0.761894E+00   0.997328E-01   0.758448E+00   0.758448E+00
   0.255878E+01   0.638110E+00   0.996164E-01   0.756021E+00   0.756021E+00
   0.256352E+01   0.589507E+00   0.994718E-01   0.753593E+00   0.753593E+00
   0.256826E+01   0.610217E+00   0.996299E-01   0.751163E+00   0.751163E+00
   0.257300E+01   0.741089E+00   0.994568E-01   0.748732E+00   0.748732E+00
   0.257775E+01   0.686801E+00   0.995531E-01   0.746298E+00   0.746298E+00
   0.258249E+01   0.681780E+00   0.995916E-01   0.743862E+00   0.743862E+00
   0.258723E+01   0.654611E+00   0.993919E-01   0.741422E+00   0.741422E+00
   0.259198E+01   0.627100E+00   0.993003E-01   0.738979E+00   0.738979E+00
   0.259672E+01   0.639817E+00   0.991921E-01   0.736532E+00   0.736532E+00
   0.260146E+01   0.703842E+00   0.991488E-01   0.734081E+00   0.734081E+00
   0.260620E+01   0.618651E+00   0.989533E-01   0.731625E+00   0.731625E+00
   0.261095E+01   0.694388E+00   0.989710E-01   0.729165E+00   0.729165E+00
   0.261569E+01   0.540771E+00   0.987220E-01   0.726701E+00   0.726701E+00
   0.262043E+01   0.595959E+00   0.987900E-01   0.724232E+00   0.724232E+00
   0.262518E+01   0.767216E+00   0.986867E-01   0.721757E+00   0.721757E+00
   0.262992E+01   0.719418E+00   0.986907E-01   0.719278E+00   0.719278E+00
   0.263466E+01   0.592049E+00   0.983892E-01   0.716793E+00   0.716793E+00
   0.263940E+01   0.828194E+00   0.984865E-01   0.714303E+00   0.714303E+00
   0.264415E+01   0.829790E+00   0.983958E-01   0.711808E+00   0.711808E+00
   0.264889E+01   0.737764E+00   0.980680E-01   0.709308E+00   0.709308E+00
   0.265363E+01   0.724277E+00   0.982387E-01   0.706802E+00   0.706802E+00
   0.265838E+01   0.704355E+00   0.979893E-01   0.704292E+00   0.704292E+00
   0.266312E+01   0.677592E+00   0.980054E-01   0.701776E+00   0.701776E+00
   0.266786E+01   0.663190E+00   0.977095E-01   0.699255E+00   0.699255E+00
   0.267260E+01   0.485140E+00   0.975474E-01   0.696730E+00   0.696730E+00
   0.267735E+01   0.573920E+00   0.975945E-01   0.694201E+00   0.694201E+00
   0.268209E+01   0.621539E+00   0.975286E-01   0.691666E+00   0.691666E+00
   0.268683E+01   0.656577E+00   0.975060E-01   0.689128E+00   0.689128E+00
   0.269158E+01   0.670529E+00   0.974712E-01   0.686586E+00   0.686586E+00
   0.269632E+01   0.635984E+00   0.973596E-01   0.684040E+00   0.684040E+00
   0.270106E+01   0.592610E+00   0.971269E-01   0.681490E+00   0.681490E+00
   0.270580E+01   0.532175E+00   0.971597E-01   0.678937E+00   0.678937E+00
   0.271055E+01   0.719689E+00   0.970508E-01   0.676383E+00   0.676383E+00
   0.271529E+01   0.561911E+00   0.970665E-01   0.673825E+00   0.673825E+00
   0.272003E+01   0.644561E+00   0.969489E-01   0.671264E+00   0.671264E+00
   0.272478E+01   0.747520E+00   0.969263E-01   0.668702E+00   0.668702E+00
   0.272952E+01   0.610423E+00   0.969002E-01   0.666139E+00   0.666139E+00
   0.273426E+01   0.489352E+00   0.965212E-01   0.663575E+00   0.663575E+00
   0.273901E+01   0.546967E+00   0.965719E-01   0.661010E+00   0.661010E+00
   0.274375E+01   0.451197E+00   0.964817E-01   0.658446E+00   0.658446E+00
   0.274849E+01   0.713991E+00   0.964905E-01   0.655881E+00   0.655881E+00
   0.275323E+01   0.648235E+00   0.963346E-01   0.653317E+00   0.653317E+00
   0.275798E+01   0.631708E+00   0.961386E-01   0.650754E+00   0.650754E+00
   0.276272E+01   0.781467E+00   0.960774E-01   0.648192E+00   0.648192E+00
   0.276746E+01   0.594309E+00   0.960385E-01   0.645633E+00   0.645633E+00
   0.277221E+01   0.582988E+00   0.958842E-01   0.643076E+00   0.643076E+00
   0.277695E+01   0.564492E+00   0.959107E-01   0.640523E+00   0.640523E+00
   0.278169E+01   0.822504E+00   0.960568E-01   0.637973E+00   0.637973E+00
   0.278643E+01   0.639188E+00   0.956340E-01   0.635427E+00   0.635427E+00
   0.279118E+01   0.553344E+00   0.954953E-01   0.632886E+00   0.632886E+00
   0.279592E+01   0.680061E+00   0.955279E-01   0.630349E+00   0.630349E+00
   0.280066E+01   0.692339E+00   0.954801E-01   0.627818E+00   0.627818E+00
   0.280540E+01   0.696031E+00   0.954417E-01   0.625294E+00   0.625294E+00
   0.281015E+01   0.596230E+00   0.954906E-01   0.622776E+00   0.622776E+00
   0.281489E+01   0.652380E+00   0.955689E-01   0.620266E+00   0.620266E+00
   0.281963E+01   0.730499E+00   0.974258E-01   0.617763E+00   0.617763E+00
   0.282438E+01   0.644415E+00   0.991678E-01   0.615269E+00   0.615269E+00
   0.282912E+01   0.676915E+00   0.100483E+00   0.612783E+00   0.612783E+00
   0.283386E+01   0.619926E+00   0.101522E+00   0.610308E+00   0.610308E+00
   0.283860E+01   0.639929E+00   0.102275E+00   0.607840E+00   0.607840E+00
   0.284335E+01   0.667611E+00   0.102491E+00   0.605384E+00   0.605384E+00
   0.284809E+01   0.654190E+00   0.102932E+00   0.602939E+00   0.602939E+00
   0.285283E+01   0.668624E+00   0.103147E+00   0.600506E+00   0.600506E+00
   0.285758E+01   0.793485E+00   0.103547E+00   0.598084E+00   0.598084E+00
   0.286232E+01   0.713517E+00   0.103976E+00   0.595675E+00   0.595675E+00
   0.286706E+01   0.608642E+00   0.104171E+00   0.593279E+00   0.593279E+00
   0.287181E+01   0.592538E+00   0.104105E+00   0.590897E+00   0.590897E+00
   0.287655E+01   0.666495E+00   0.104411E+00   0.588528E+00   0.588528E+00
   0.288129E+01   0.626696E+00   0.104049E+00   0.586175E+00   0.586175E+00
   0.288603E+01   0.588518E+00   0.101393E+00   0.583837E+00   0.583837E+00
   0.289078E+01   0.601837E+00   0.998038E-01   0.581513E+00   0.581513E+00
   0.289552E+01   0.622263E+00   0.987926E-01   0.579206E+00   0.579206E+00
   0.290026E+01   0.731375E+00   0.978889E-01   0.576916E+00   0.576916E+00
   0.290501E+01   0.550970E+00   0.972908E-01   0.574642E+00   0.574642E+00
   0.290975E+01   0.616502E+00   0.969825E-01   0.572386E+00   0.572386E+00
   0.291449E+01   0.622254E+00   0.968402E-01   0.570147E+00   0.570147E+00
   0.291923E+01   0.591028E+00   0.965397E-01   0.567928E+00   0.567928E+00
   0.292398E+01   0.630664E+00   0.964270E-01   0.565726E+00   0.565726E+00
   0.292872E+01   0.511838E+00   0.961296E-01   0.563544E+00   0.563544E+00
   0.293346E+01   0.505109E+00   0.960506E-01   0.561381E+00   0.561381E+00
   0.293820E+01   0.561410E+00   0.958876E-01   0.559238E+00   0.559238E+00
   0.294295E+01   0.628123E+00   0.956472E-01   0.557115E+00   0.557115E+00
   0.294769E+01   0.620672E+00   0.956654E-01   0.555013E+00   0.555013E+00
   0.295243E+01   0.638049E+00   0.954934E-01   0.552931E+00   0.552931E+00
   0.295718E+01   0.621043E+00   0.953554E-01   0.550872E+00   0.550872E+00
   0.296192E+01   0.662414E+00   0.952381E-01   0.548833E+00   0.548833E+00
   0.296666E+01   0.747309E+00   0.949258E-01   0.546816E+00   0.546816E+00
   0.297140E+01   0.692432E+00   0.948722E-01   0.544822E+00   0.544822E+00
   0.297615E+01   0.631331E+00   0.947591E-01   0.542850E+00   0.542850E+00
   0.298089E+01   0.653923E+00   0.947264E-01   0.540900E+00   0.540900E+00
   0.298563E+01   0.577896E+00   0.946557E-01   0.538974E+00   0.538974E+00
   0.299038E+01   0.566091E+00   0.944310E-01   0.537071E+00   0.537071E+00
   0.299512E+01   0.625318E+00   0.943734E-01   0.535191E+00   0.535191E+00
   0.299986E+01   0.612545E+00   0.941252E-01   0.533335E+00   0.533335E+00

           ####      Real Space Data                               ####

           Distance distribution  function of particle  


      R          P(R)      ERROR

  0.0000E+00  0.0000E+00  0.0000E+00
  0.3365E-01  0.1397E-01  0.2982E-03
  0.6730E-01  0.2843E-01  0.5599E-03
  0.1010E+00  0.4338E-01  0.7855E-03
  0.1346E+00  0.5882E-01  0.9756E-03
  0.1683E+00  0.7474E-01  0.1131E-02
  0.2019E+00  0.9113E-01  0.1253E-02
  0.2356E+00  0.1080E+00  0.1343E-02
  0.2692E+00  0.1253E+00  0.1402E-02
  0.3029E+00  0.1431E+00  0.1432E-02
  0.3365E+00  0.1612E+00  0.1435E-02
  0.3702E+00  0.1798E+00  0.1413E-02
  0.4038E+00  0.1988E+00  0.1369E-02
  0.4375E+00  0.2182E+00  0.1307E-02
  0.4711E+00  0.2379E+00  0.1228E-02
  0.5048E+00  0.2579E+00  0.1139E-02
  0.5384E+00  0.2782E+00  0.1043E-02
  0.5721E+00  0.2989E+00  0.9481E-03
  0.6057E+00  0.3197E+00  0.8632E-03
  0.6394E+00  0.3408E+00  0.7994E-03
  0.6730E+00  0.3621E+00  0.7685E-03
  0.7067E+00  0.3836E+00  0.7789E-03
  0.7403E+00  0.4052E+00  0.8314E-03
  0.7740E+00  0.4269E+00  0.9190E-03
  0.8076E+00  0.4487E+00  0.1031E-02
  0.8413E+00  0.4705E+00  0.1159E-02
  0.8749E+00  0.4924E+00  0.1293E-02
  0.9086E+00  0.5141E+00  0.1430E-02
  0.9422E+00  0.5359E+00  0.1563E-02
  0.9759E+00  0.5575E+00  0.1690E-02
  0.1010E+01  0.5789E+00  0.1808E-02
  0.1043E+01  0.6002E+00  0.1915E-02
  0.1077E+01  0.6213E+00  0.2010E-02
  0.1110E+01  0.6421E+00  0.2091E-02
  0.1144E+01  0.6626E+00  0.2157E-02
  0.1178E+01  0.6828E+00  0.2208E-02
  0.1211E+01  0.7026E+00  0.2244E-02
  0.1245E+01  0.7220E+00  0.2264E-02
  0.1279E+01  0.7410E+00  0.2269E-02
  0.1312E+01  0.7595E+00  0.2260E-02
  0.1346E+01  0.7775E+00  0.2237E-02
  0.1380E+01  0.7949E+00  0.2201E-02
  0.1413E+01  0.8118E+00  0.2155E-02
  0.1447E+01  0.8281E+00  0.2100E-02
  0.1481E+01  0.8437E+00  0.2038E-02
  0.1514E+01  0.8587E+00  0.1973E-02
  0.1548E+01  0.8729E+00  0.1908E-02
  0.1582E+01  0.8865E+00  0.1845E-02
  0.1615E+01  0.8993E+00  0.1790E-02
  0.1649E+01  0.9114E+00  0.1745E-02
  0.1683E+01  0.9227E+00  0.1716E-02
  0.1716E+01  0.9332E+00  0.1703E-02
  0.1750E+01  0.9429E+00  0.1711E-02
  0.1783E+01  0.9517E+00  0.1739E-02
  0.1817E+01  0.9598E+00  0.1786E-02
  0.1851E+01  0.9670E+00  0.1850E-02
  0.1884E+01  0.9733E+00  0.1929E-02
  0.1918E+01  0.9789E+00  0.2019E-02
  0.1952E+01  0.9835E+00  0.2116E-02
  0.1985E+01  0.9874E+00  0.2216E-02
  0.2019E+01  0.9903E+00  0.2318E-02
  0.2053E+01  0.9925E+00  0.2417E-02
  0.2086E+01  0.9938E+00  0.2512E-02
  0.2120E+01  0.9943E+00  0.2600E-02
  0.2154E+01  0.9941E+00  0.2679E-02
  0.2187E+01  0.9930E+00  0.2749E-02
  0.2221E+01  0.9912E+00  0.2807E-02
  0.2255E+01  0.9886E+00  0.2853E-02
  0.2288E+01  0.9853E+00  0.2887E-02
  0.2322E+01  0.9813E+00  0.2908E-02
  0.2356E+01  0.9767E+00  0.2916E-02
  0.2389E+01  0.9714E+00  0.2911E-02
  0.2423E+01  0.9654E+00  0.2893E-02
  0.2457E+01  0.9589E+00  0.2864E-02
  0.2490E+01  0.9519E+00  0.2824E-02
  0.2524E+01  0.9443E+00  0.2775E-02
  0.2557E+01  0.9362E+00  0.2718E-02
  0.2591E+01  0.9276E+00  0.2654E-02
  0.2625E+01  0.9187E+00  0.2586E-02
  0.2658E+01  0.9093E+00  0.2516E-02
  0.2692E+01  0.8996E+00  0.2447E-02
  0.2726E+01  0.8896E+00  0.2380E-02
  0.2759E+01  0.8792E+00  0.2320E-02
  0.2793E+01  0.8687E+00  0.2268E-02
  0.2827E+01  0.8579E+00  0.2226E-02
  0.2860E+01  0.8469E+00  0.2198E-02
  0.2894E+01  0.8357E+00  0.2185E-02
  0.2928E+01  0.8245E+00  0.2187E-02
  0.2961E+01  0.8131E+00  0.2205E-02
  0.2995E+01  0.8017E+00  0.2237E-02
  0.3029E+01  0.7902E+00  0.2282E-02
  0.3062E+01  0.7788E+00  0.2338E-02
  0.3096E+01  0.7673E+00  0.2403E-02
  0.3130E+01  0.7559E+00  0.2475E-02
  0.3163E+01  0.7445E+00  0.2550E-02
  0.3197E+01  0.7333E+00  0.2627E-02
  0.3230E+01  0.7221E+00  0.2703E-02
  0.3264E+01  0.7110E+00  0.2777E-02
  0.3298E+01  0.7000E+00  0.2848E-02
  0.3331E+01  0.6892E+00  0.2913E-02
  0.3365E+01  0.6786E+00  0.2972E-02
  0.3399E+01  0.6681E+00  0.3025E-02
  0.3432E+01  0.6577E+00  0.3071E-02
  0.3466E+01  0.6476E+00  0.3109E-02
  0.3500E+01  0.6376E+00  0.3140E-02
  0.3533E+01  0.6278E+00  0.3164E-02
  0.3567E+01  0.6182E+00  0.3182E-02
  0.3601E+01  0.6087E+00  0.3194E-02
  0.3634E+01  0.5995E+00  0.3201E-02
  0.3668E+01  0.5904E+00  0.3205E-02
  0.3702E+01  0.5815E+00  0.3205E-02
  0.3735E+01  0.5727E+00  0.3204E-02
  0.3769E+01  0.5641E+00  0.3203E-02
  0.3803E+01  0.5557E+00  0.3202E-02
  0.3836E+01  0.5474E+00  0.3203E-02
  0.3870E+01  0.5393E+00  0.3206E-02
  0.3903E+01  0.5313E+00  0.3213E-02
  0.3937E+01  0.5234E+00  0.3225E-02
  0.3971E+01  0.5156E+00  0.3241E-02
  0.4004E+01  0.5079E+00  0.3261E-02
  0.4038E+01  0.5003E+00  0.3286E-02
  0.4072E+01  0.4929E+00  0.3315E-02
  0.4105E+01  0.4854E+00  0.3347E-02
  0.4139E+01  0.4781E+00  0.3383E-02
  0.4173E+01  0.4708E+00  0.3420E-02
  0.4206E+01  0.4636E+00  0.3457E-02
  0.4240E+01  0.4564E+00  0.3494E-02
  0.4274E+01  0.4493E+00  0.3530E-02
  0.4307E+01  0.4422E+00  0.3563E-02
  0.4341E+01  0.4351E+00  0.3593E-02
  0.4375E+01  0.4281E+00  0.3618E-02
  0.4408E+01  0.4210E+00  0.3639E-02
  0.4442E+01  0.4141E+00  0.3653E-02
  0.4476E+01  0.4071E+00  0.3662E-02
  0.4509E+01  0.4002E+00  0.3664E-02
  0.4543E+01  0.3933E+00  0.3659E-02
  0.4577E+01  0.3864E+00  0.3649E-02
  0.4610E+01  0.3795E+00  0.3633E-02
  0.4644E+01  0.3727E+00  0.3612E-02
  0.4677E+01  0.3659E+00  0.3587E-02
  0.4711E+01  0.3591E+00  0.3559E-02
  0.4745E+01  0.3524E+00  0.3529E-02
  0.4778E+01  0.3458E+00  0.3500E-02
  0.4812E+01  0.3392E+00  0.3472E-02
  0.4846E+01  0.3326E+00  0.3448E-02
  0.4879E+01  0.3261E+00  0.3430E-02
  0.4913E+01  0.3197E+00  0.3419E-02
  0.4947E+01  0.3133E+00  0.3418E-02
  0.4980E+01  0.3070E+00  0.3428E-02
  0.5014E+01  0.3008E+00  0.3450E-02
  0.5048E+01  0.2947E+00  0.3486E-02
  0.5081E+01  0.2886E+00  0.3536E-02
  0.5115E+01  0.2827E+00  0.3600E-02
  0.5149E+01  0.2768E+00  0.3678E-02
  0.5182E+01  0.2710E+00  0.3769E-02
  0.5216E+01  0.2653E+00  0.3871E-02
  0.5250E+01  0.2596E+00  0.3983E-02
  0.5283E+01  0.2540E+00  0.4102E-02
  0.5317E+01  0.2485E+00  0.4228E-02
  0.5350E+01  0.2431E+00  0.4358E-02
  0.5384E+01  0.2376E+00  0.4489E-02
  0.5418E+01  0.2323E+00  0.4619E-02
  0.5451E+01  0.2269E+00  0.4747E-02
  0.5485E+01  0.2216E+00  0.4869E-02
  0.5519E+01  0.2162E+00  0.4985E-02
  0.5552E+01  0.2108E+00  0.5091E-02
  0.5586E+01  0.2054E+00  0.5186E-02
  0.5620E+01  0.1999E+00  0.5268E-02
  0.5653E+01  0.1943E+00  0.5335E-02
  0.5687E+01  0.1886E+00  0.5384E-02
  0.5721E+01  0.1828E+00  0.5414E-02
  0.5754E+01  0.1767E+00  0.5424E-02
  0.5788E+01  0.1705E+00  0.5411E-02
  0.5822E+01  0.1640E+00  0.5373E-02
  0.5855E+01  0.1573E+00  0.5309E-02
  0.5889E+01  0.1503E+00  0.5217E-02
  0.5923E+01  0.1429E+00  0.5096E-02
  0.5956E+01  0.1351E+00  0.4942E-02
  0.5990E+01  0.1270E+00  0.4755E-02
  0.6023E+01  0.1184E+00  0.4533E-02
  0.6057E+01  0.1093E+00  0.4274E-02
  0.6091E+01  0.9973E-01  0.3976E-02
  0.6124E+01  0.8958E-01  0.3638E-02
  0.6158E+01  0.7885E-01  0.3258E-02
  0.6192E+01  0.6748E-01  0.2834E-02
  0.6225E+01  0.5545E-01  0.2364E-02
  0.6259E+01  0.4272E-01  0.1848E-02
  0.6293E+01  0.2926E-01  0.1282E-02
  0.6326E+01  0.1503E-01  0.6671E-03
  0.6360E+01  0.0000E+00  0.0000E+00
