
           ####      G N O M             Version 5.0 (r13469)      ####
                                               Wed Dec 15 15:11:01 2021

           ####      Configuration                                 ####

    System Type:                   arbitrary monodisperse (job = 0)
    Minimum characteristic size:         0.0000
    Maximum characteristic size:         7.2800
    rad56:                               0.0000
    Force 0.0 at r = rmin:                  yes
    Force 0.0 at r = rmax:                  yes
    Initial alpha:                       0.0000
    Initial random seed:    1437684487218803330
    Points in real space:                   190

    Input  1:                      temp-inp.dat
    First data point used:                    1
    Last data point used:                   570
    Scaling coefficient:             0.1000E+01
    Experimental setup:            point collimation



           ####      Results                                       ####

    Parameter    DISCRP  OSCILL  STABIL  SYSDEV  POSITV  VALCEN  SMOOTH
    Weight        1.000   3.000   3.000   3.000   1.000   1.000   1.000
    Sigma         0.300   0.600   0.120   0.120   0.120   0.120   0.600
    Ideal         0.700   1.100   0.000   1.000   1.000   0.950   0.000
    Current       0.720   1.285   0.013   0.780   1.000   0.873   3.187
               --------------------------------------------------------
    Estimate      0.996   0.909   0.989   0.035   1.000   0.660   0.000

    Angular range:                       0.3012 to       2.9999
    Reciprocal space Rg:             0.2361E+01
    Reciprocal space I(0):           0.6735E+02

    Real space range:                    0.0000 to       7.2800
    Real space Rg:                   0.2372E+01 +-   0.3690E-02
    Real space I(0):                 0.6736E+02 +-   0.8944E-01

    Highest ALPHA (theor):           0.9595E+02
    Current ALPHA:                   0.9717E+01

    Total Estimate:                      0.6503 (a REASONABLE solution)



           ####      Experimental Data and Fit                     ####

      S          J EXP       ERROR       J REG       I REG

   0.000000E+00                                                0.673566E+02
   0.107561E-01                                                0.673420E+02
   0.215123E-01                                                0.672981E+02
   0.322684E-01                                                0.672252E+02
   0.430246E-01                                                0.671232E+02
   0.537807E-01                                                0.669923E+02
   0.645368E-01                                                0.668328E+02
   0.752930E-01                                                0.666448E+02
   0.860491E-01                                                0.664286E+02
   0.968053E-01                                                0.661847E+02
   0.107561E+00                                                0.659132E+02
   0.118318E+00                                                0.656146E+02
   0.129074E+00                                                0.652894E+02
   0.139830E+00                                                0.649381E+02
   0.150586E+00                                                0.645611E+02
   0.161342E+00                                                0.641590E+02
   0.172098E+00                                                0.637324E+02
   0.182854E+00                                                0.632819E+02
   0.193611E+00                                                0.628082E+02
   0.204367E+00                                                0.623119E+02
   0.215123E+00                                                0.617937E+02
   0.225879E+00                                                0.612544E+02
   0.236635E+00                                                0.606947E+02
   0.247391E+00                                                0.601153E+02
   0.258147E+00                                                0.595172E+02
   0.268903E+00                                                0.589011E+02
   0.279660E+00                                                0.582678E+02
   0.290416E+00                                                0.576183E+02
   0.301172E+00   0.576570E+02   0.230576E+00   0.569532E+02   0.569532E+02
   0.305915E+00   0.572244E+02   0.228071E+00   0.566553E+02   0.566553E+02
   0.310658E+00   0.569134E+02   0.225829E+00   0.563547E+02   0.563547E+02
   0.315400E+00   0.562518E+02   0.223388E+00   0.560513E+02   0.560513E+02
   0.320143E+00   0.559893E+02   0.221881E+00   0.557453E+02   0.557453E+02
   0.324886E+00   0.558282E+02   0.219414E+00   0.554369E+02   0.554369E+02
   0.329629E+00   0.554572E+02   0.217380E+00   0.551259E+02   0.551259E+02
   0.334372E+00   0.551737E+02   0.215633E+00   0.548126E+02   0.548126E+02
   0.339115E+00   0.548434E+02   0.215837E+00   0.544970E+02   0.544970E+02
   0.343858E+00   0.545002E+02   0.218344E+00   0.541792E+02   0.541792E+02
   0.348601E+00   0.536847E+02   0.223156E+00   0.538592E+02   0.538592E+02
   0.353343E+00   0.536597E+02   0.226877E+00   0.535372E+02   0.535372E+02
   0.358086E+00   0.537427E+02   0.229321E+00   0.532132E+02   0.532132E+02
   0.362829E+00   0.530193E+02   0.230980E+00   0.528873E+02   0.528873E+02
   0.367572E+00   0.526179E+02   0.232330E+00   0.525595E+02   0.525595E+02
   0.372315E+00   0.524119E+02   0.233721E+00   0.522300E+02   0.522300E+02
   0.377058E+00   0.518721E+02   0.234754E+00   0.518988E+02   0.518988E+02
   0.381801E+00   0.517148E+02   0.235743E+00   0.515661E+02   0.515661E+02
   0.386543E+00   0.515562E+02   0.236463E+00   0.512318E+02   0.512318E+02
   0.391286E+00   0.509210E+02   0.236344E+00   0.508960E+02   0.508960E+02
   0.396029E+00   0.503993E+02   0.236825E+00   0.505589E+02   0.505589E+02
   0.400772E+00   0.508614E+02   0.238622E+00   0.502205E+02   0.502205E+02
   0.405515E+00   0.499263E+02   0.246170E+00   0.498809E+02   0.498809E+02
   0.410258E+00   0.495162E+02   0.251480E+00   0.495401E+02   0.495401E+02
   0.415001E+00   0.490791E+02   0.256828E+00   0.491983E+02   0.491983E+02
   0.419744E+00   0.487297E+02   0.259859E+00   0.488554E+02   0.488554E+02
   0.424486E+00   0.481316E+02   0.263537E+00   0.485117E+02   0.485117E+02
   0.429229E+00   0.481089E+02   0.266773E+00   0.481672E+02   0.481672E+02
   0.433972E+00   0.476211E+02   0.270524E+00   0.478218E+02   0.478218E+02
   0.438715E+00   0.474396E+02   0.274269E+00   0.474758E+02   0.474758E+02
   0.443458E+00   0.472098E+02   0.278129E+00   0.471292E+02   0.471292E+02
   0.448201E+00   0.466513E+02   0.281560E+00   0.467820E+02   0.467820E+02
   0.452944E+00   0.465446E+02   0.286537E+00   0.464343E+02   0.464343E+02
   0.457686E+00   0.460486E+02   0.288631E+00   0.460863E+02   0.460863E+02
   0.462429E+00   0.453036E+02   0.290199E+00   0.457379E+02   0.457379E+02
   0.467172E+00   0.455312E+02   0.288987E+00   0.453892E+02   0.453892E+02
   0.471915E+00   0.451855E+02   0.277522E+00   0.450404E+02   0.450404E+02
   0.476658E+00   0.450127E+02   0.271795E+00   0.446914E+02   0.446914E+02
   0.481401E+00   0.441518E+02   0.266546E+00   0.443424E+02   0.443424E+02
   0.486144E+00   0.437337E+02   0.263835E+00   0.439934E+02   0.439934E+02
   0.490887E+00   0.434513E+02   0.260887E+00   0.436445E+02   0.436445E+02
   0.495629E+00   0.431286E+02   0.259133E+00   0.432957E+02   0.432957E+02
   0.500372E+00   0.425076E+02   0.255963E+00   0.429472E+02   0.429472E+02
   0.505115E+00   0.423167E+02   0.254428E+00   0.425989E+02   0.425989E+02
   0.509858E+00   0.421079E+02   0.252384E+00   0.422510E+02   0.422510E+02
   0.514601E+00   0.415405E+02   0.250380E+00   0.419034E+02   0.419034E+02
   0.519344E+00   0.414604E+02   0.249471E+00   0.415564E+02   0.415564E+02
   0.524087E+00   0.410365E+02   0.247197E+00   0.412098E+02   0.412098E+02
   0.528829E+00   0.404307E+02   0.245601E+00   0.408639E+02   0.408639E+02
   0.533572E+00   0.403499E+02   0.244795E+00   0.405186E+02   0.405186E+02
   0.538315E+00   0.397470E+02   0.241602E+00   0.401740E+02   0.401740E+02
   0.543058E+00   0.391854E+02   0.239265E+00   0.398302E+02   0.398302E+02
   0.547801E+00   0.389724E+02   0.237126E+00   0.394872E+02   0.394872E+02
   0.552544E+00   0.386635E+02   0.235714E+00   0.391451E+02   0.391451E+02
   0.557287E+00   0.382614E+02   0.233924E+00   0.388039E+02   0.388039E+02
   0.562029E+00   0.384694E+02   0.231864E+00   0.384637E+02   0.384637E+02
   0.566772E+00   0.381233E+02   0.229775E+00   0.381245E+02   0.381245E+02
   0.571515E+00   0.377038E+02   0.227950E+00   0.377864E+02   0.377864E+02
   0.576258E+00   0.372892E+02   0.226311E+00   0.374495E+02   0.374495E+02
   0.581001E+00   0.368423E+02   0.224662E+00   0.371138E+02   0.371138E+02
   0.585744E+00   0.365710E+02   0.223242E+00   0.367793E+02   0.367793E+02
   0.590487E+00   0.361391E+02   0.222472E+00   0.364461E+02   0.364461E+02
   0.595230E+00   0.359447E+02   0.221544E+00   0.361142E+02   0.361142E+02
   0.599972E+00   0.354434E+02   0.220828E+00   0.357837E+02   0.357837E+02
   0.604715E+00   0.350243E+02   0.219832E+00   0.354546E+02   0.354546E+02
   0.609458E+00   0.351901E+02   0.218770E+00   0.351270E+02   0.351270E+02
   0.614201E+00   0.345599E+02   0.217883E+00   0.348009E+02   0.348009E+02
   0.618944E+00   0.344951E+02   0.216893E+00   0.344764E+02   0.344764E+02
   0.623687E+00   0.340103E+02   0.215549E+00   0.341535E+02   0.341535E+02
   0.628430E+00   0.336522E+02   0.214926E+00   0.338322E+02   0.338322E+02
   0.633173E+00   0.334315E+02   0.214226E+00   0.335125E+02   0.335125E+02
   0.637915E+00   0.328256E+02   0.213042E+00   0.331946E+02   0.331946E+02
   0.642658E+00   0.326812E+02   0.212277E+00   0.328784E+02   0.328784E+02
   0.647401E+00   0.322974E+02   0.211417E+00   0.325640E+02   0.325640E+02
   0.652144E+00   0.317725E+02   0.210581E+00   0.322514E+02   0.322514E+02
   0.656887E+00   0.316079E+02   0.210068E+00   0.319407E+02   0.319407E+02
   0.661630E+00   0.311974E+02   0.208793E+00   0.316318E+02   0.316318E+02
   0.666373E+00   0.310677E+02   0.207831E+00   0.313248E+02   0.313248E+02
   0.671115E+00   0.307299E+02   0.207145E+00   0.310198E+02   0.310198E+02
   0.675858E+00   0.308337E+02   0.206646E+00   0.307167E+02   0.307167E+02
   0.680601E+00   0.303508E+02   0.205658E+00   0.304156E+02   0.304156E+02
   0.685344E+00   0.299764E+02   0.204784E+00   0.301166E+02   0.301166E+02
   0.690087E+00   0.297323E+02   0.203811E+00   0.298195E+02   0.298195E+02
   0.694830E+00   0.293649E+02   0.202711E+00   0.295246E+02   0.295246E+02
   0.699573E+00   0.291320E+02   0.202327E+00   0.292317E+02   0.292317E+02
   0.704315E+00   0.288749E+02   0.201532E+00   0.289409E+02   0.289409E+02
   0.709058E+00   0.286569E+02   0.200880E+00   0.286523E+02   0.286523E+02
   0.713801E+00   0.282094E+02   0.199884E+00   0.283658E+02   0.283658E+02
   0.718544E+00   0.280875E+02   0.199077E+00   0.280815E+02   0.280815E+02
   0.723287E+00   0.277789E+02   0.198123E+00   0.277993E+02   0.277993E+02
   0.728030E+00   0.274776E+02   0.197533E+00   0.275194E+02   0.275194E+02
   0.732773E+00   0.270648E+02   0.196678E+00   0.272417E+02   0.272417E+02
   0.737515E+00   0.270812E+02   0.195947E+00   0.269662E+02   0.269662E+02
   0.742258E+00   0.266240E+02   0.195252E+00   0.266929E+02   0.266929E+02
   0.747001E+00   0.264301E+02   0.194549E+00   0.264219E+02   0.264219E+02
   0.751744E+00   0.260265E+02   0.193734E+00   0.261532E+02   0.261532E+02
   0.756487E+00   0.259288E+02   0.193017E+00   0.258868E+02   0.258868E+02
   0.761230E+00   0.258152E+02   0.192558E+00   0.256226E+02   0.256226E+02
   0.765973E+00   0.254719E+02   0.191878E+00   0.253607E+02   0.253607E+02
   0.770716E+00   0.252017E+02   0.190941E+00   0.251011E+02   0.251011E+02
   0.775459E+00   0.250729E+02   0.190755E+00   0.248439E+02   0.248439E+02
   0.780201E+00   0.246816E+02   0.190019E+00   0.245889E+02   0.245889E+02
   0.784944E+00   0.245471E+02   0.189189E+00   0.243363E+02   0.243363E+02
   0.789687E+00   0.239922E+02   0.188139E+00   0.240860E+02   0.240860E+02
   0.794430E+00   0.237901E+02   0.187579E+00   0.238380E+02   0.238380E+02
   0.799173E+00   0.233337E+02   0.186596E+00   0.235923E+02   0.235923E+02
   0.803916E+00   0.232945E+02   0.186329E+00   0.233490E+02   0.233490E+02
   0.808658E+00   0.231696E+02   0.185634E+00   0.231079E+02   0.231079E+02
   0.813401E+00   0.231010E+02   0.184746E+00   0.228692E+02   0.228692E+02
   0.818144E+00   0.227661E+02   0.184437E+00   0.226329E+02   0.226329E+02
   0.822887E+00   0.225853E+02   0.183930E+00   0.223988E+02   0.223988E+02
   0.827630E+00   0.222932E+02   0.183295E+00   0.221671E+02   0.221671E+02
   0.832373E+00   0.219089E+02   0.182082E+00   0.219377E+02   0.219377E+02
   0.837116E+00   0.217947E+02   0.181897E+00   0.217105E+02   0.217105E+02
   0.841859E+00   0.216832E+02   0.181321E+00   0.214857E+02   0.214857E+02
   0.846601E+00   0.216011E+02   0.181319E+00   0.212632E+02   0.212632E+02
   0.851344E+00   0.212286E+02   0.179995E+00   0.210430E+02   0.210430E+02
   0.856087E+00   0.210562E+02   0.179991E+00   0.208251E+02   0.208251E+02
   0.860830E+00   0.205489E+02   0.178476E+00   0.206094E+02   0.206094E+02
   0.865573E+00   0.206135E+02   0.178344E+00   0.203960E+02   0.203960E+02
   0.870316E+00   0.201760E+02   0.177498E+00   0.201849E+02   0.201849E+02
   0.875059E+00   0.202156E+02   0.177414E+00   0.199760E+02   0.199760E+02
   0.879802E+00   0.200209E+02   0.176656E+00   0.197693E+02   0.197693E+02
   0.884544E+00   0.196188E+02   0.176189E+00   0.195649E+02   0.195649E+02
   0.889287E+00   0.195917E+02   0.174835E+00   0.193626E+02   0.193626E+02
   0.894030E+00   0.193047E+02   0.174532E+00   0.191626E+02   0.191626E+02
   0.898773E+00   0.189286E+02   0.174033E+00   0.189648E+02   0.189648E+02
   0.903516E+00   0.191114E+02   0.173329E+00   0.187691E+02   0.187691E+02
   0.908259E+00   0.189813E+02   0.172580E+00   0.185756E+02   0.185756E+02
   0.913002E+00   0.186413E+02   0.172412E+00   0.183842E+02   0.183842E+02
   0.917744E+00   0.184870E+02   0.171769E+00   0.181950E+02   0.181950E+02
   0.922487E+00   0.179388E+02   0.170778E+00   0.180079E+02   0.180079E+02
   0.927230E+00   0.179626E+02   0.170522E+00   0.178228E+02   0.178228E+02
   0.931973E+00   0.177974E+02   0.170100E+00   0.176399E+02   0.176399E+02
   0.936716E+00   0.176746E+02   0.169604E+00   0.174590E+02   0.174590E+02
   0.941459E+00   0.175591E+02   0.168861E+00   0.172802E+02   0.172802E+02
   0.946202E+00   0.172443E+02   0.168483E+00   0.171034E+02   0.171034E+02
   0.950944E+00   0.169030E+02   0.167896E+00   0.169286E+02   0.169286E+02
   0.955687E+00   0.171532E+02   0.167833E+00   0.167558E+02   0.167558E+02
   0.960430E+00   0.168503E+02   0.166835E+00   0.165850E+02   0.165850E+02
   0.965173E+00   0.165961E+02   0.166045E+00   0.164161E+02   0.164161E+02
   0.969916E+00   0.163800E+02   0.165883E+00   0.162492E+02   0.162492E+02
   0.974659E+00   0.162058E+02   0.165730E+00   0.160842E+02   0.160842E+02
   0.979402E+00   0.162896E+02   0.165133E+00   0.159211E+02   0.159211E+02
   0.984144E+00   0.160142E+02   0.164749E+00   0.157598E+02   0.157598E+02
   0.988887E+00   0.155592E+02   0.163727E+00   0.156005E+02   0.156005E+02
   0.993630E+00   0.157330E+02   0.163619E+00   0.154429E+02   0.154429E+02
   0.998373E+00   0.155170E+02   0.163037E+00   0.152872E+02   0.152872E+02
   0.100312E+01   0.153237E+02   0.162681E+00   0.151333E+02   0.151333E+02
   0.100786E+01   0.152598E+02   0.162414E+00   0.149812E+02   0.149812E+02
   0.101260E+01   0.151411E+02   0.161646E+00   0.148308E+02   0.148308E+02
   0.101734E+01   0.147258E+02   0.161232E+00   0.146822E+02   0.146822E+02
   0.102209E+01   0.146516E+02   0.160666E+00   0.145353E+02   0.145353E+02
   0.102683E+01   0.144772E+02   0.160147E+00   0.143901E+02   0.143901E+02
   0.103157E+01   0.144726E+02   0.159904E+00   0.142466E+02   0.142466E+02
   0.103632E+01   0.141797E+02   0.159352E+00   0.141047E+02   0.141047E+02
   0.104106E+01   0.140488E+02   0.159075E+00   0.139644E+02   0.139644E+02
   0.104580E+01   0.140005E+02   0.158280E+00   0.138258E+02   0.138258E+02
   0.105055E+01   0.137102E+02   0.157815E+00   0.136887E+02   0.136887E+02
   0.105529E+01   0.136608E+02   0.157352E+00   0.135533E+02   0.135533E+02
   0.106003E+01   0.133377E+02   0.156765E+00   0.134193E+02   0.134193E+02
   0.106477E+01   0.132810E+02   0.156336E+00   0.132869E+02   0.132869E+02
   0.106952E+01   0.132947E+02   0.156282E+00   0.131560E+02   0.131560E+02
   0.107426E+01   0.130765E+02   0.156115E+00   0.130266E+02   0.130266E+02
   0.107900E+01   0.129787E+02   0.155184E+00   0.128987E+02   0.128987E+02
   0.108374E+01   0.129195E+02   0.155070E+00   0.127722E+02   0.127722E+02
   0.108849E+01   0.129534E+02   0.154606E+00   0.126471E+02   0.126471E+02
   0.109323E+01   0.127311E+02   0.153823E+00   0.125235E+02   0.125235E+02
   0.109797E+01   0.125362E+02   0.153988E+00   0.124012E+02   0.124012E+02
   0.110272E+01   0.123216E+02   0.153441E+00   0.122803E+02   0.122803E+02
   0.110746E+01   0.121013E+02   0.152822E+00   0.121607E+02   0.121607E+02
   0.111220E+01   0.119116E+02   0.152175E+00   0.120425E+02   0.120425E+02
   0.111695E+01   0.118156E+02   0.151924E+00   0.119255E+02   0.119255E+02
   0.112169E+01   0.118446E+02   0.152069E+00   0.118098E+02   0.118098E+02
   0.112643E+01   0.116584E+02   0.150952E+00   0.116955E+02   0.116955E+02
   0.113117E+01   0.115651E+02   0.150651E+00   0.115823E+02   0.115823E+02
   0.113592E+01   0.114227E+02   0.150526E+00   0.114704E+02   0.114704E+02
   0.114066E+01   0.114869E+02   0.150048E+00   0.113597E+02   0.113597E+02
   0.114540E+01   0.113922E+02   0.150079E+00   0.112501E+02   0.112501E+02
   0.115014E+01   0.109682E+02   0.149107E+00   0.111418E+02   0.111418E+02
   0.115489E+01   0.109193E+02   0.149018E+00   0.110346E+02   0.110346E+02
   0.115963E+01   0.109732E+02   0.148445E+00   0.109285E+02   0.109285E+02
   0.116437E+01   0.108684E+02   0.148038E+00   0.108236E+02   0.108236E+02
   0.116912E+01   0.107824E+02   0.148009E+00   0.107197E+02   0.107197E+02
   0.117386E+01   0.106686E+02   0.147539E+00   0.106169E+02   0.106169E+02
   0.117860E+01   0.104903E+02   0.147458E+00   0.105152E+02   0.105152E+02
   0.118335E+01   0.103133E+02   0.147203E+00   0.104146E+02   0.104146E+02
   0.118809E+01   0.102367E+02   0.146871E+00   0.103149E+02   0.103149E+02
   0.119283E+01   0.101169E+02   0.146174E+00   0.102163E+02   0.102163E+02
   0.119757E+01   0.100423E+02   0.145790E+00   0.101187E+02   0.101187E+02
   0.120232E+01   0.100011E+02   0.145626E+00   0.100221E+02   0.100221E+02
   0.120706E+01   0.967378E+01   0.145925E+00   0.992640E+01   0.992640E+01
   0.121180E+01   0.983627E+01   0.150549E+00   0.983168E+01   0.983168E+01
   0.121654E+01   0.973286E+01   0.153562E+00   0.973790E+01   0.973790E+01
   0.122129E+01   0.966302E+01   0.155353E+00   0.964504E+01   0.964504E+01
   0.122603E+01   0.948640E+01   0.157694E+00   0.955310E+01   0.955310E+01
   0.123077E+01   0.953708E+01   0.159064E+00   0.946204E+01   0.946204E+01
   0.123552E+01   0.924468E+01   0.160505E+00   0.937189E+01   0.937189E+01
   0.124026E+01   0.908591E+01   0.161882E+00   0.928259E+01   0.928259E+01
   0.124500E+01   0.894505E+01   0.162758E+00   0.919414E+01   0.919414E+01
   0.124975E+01   0.893208E+01   0.164179E+00   0.910653E+01   0.910653E+01
   0.125449E+01   0.874279E+01   0.165443E+00   0.901975E+01   0.901975E+01
   0.125923E+01   0.895323E+01   0.166129E+00   0.893379E+01   0.893379E+01
   0.126397E+01   0.871286E+01   0.165577E+00   0.884863E+01   0.884863E+01
   0.126872E+01   0.838501E+01   0.166086E+00   0.876429E+01   0.876429E+01
   0.127346E+01   0.876237E+01   0.163894E+00   0.868071E+01   0.868071E+01
   0.127820E+01   0.858892E+01   0.158038E+00   0.859789E+01   0.859789E+01
   0.128295E+01   0.867582E+01   0.154844E+00   0.851584E+01   0.851584E+01
   0.128769E+01   0.855257E+01   0.152582E+00   0.843454E+01   0.843454E+01
   0.129243E+01   0.818455E+01   0.150295E+00   0.835398E+01   0.835398E+01
   0.129717E+01   0.810587E+01   0.148999E+00   0.827414E+01   0.827414E+01
   0.130192E+01   0.797567E+01   0.147124E+00   0.819504E+01   0.819504E+01
   0.130666E+01   0.801105E+01   0.146211E+00   0.811664E+01   0.811664E+01
   0.131140E+01   0.792444E+01   0.144871E+00   0.803893E+01   0.803893E+01
   0.131614E+01   0.788729E+01   0.143727E+00   0.796192E+01   0.796192E+01
   0.132089E+01   0.798636E+01   0.143695E+00   0.788559E+01   0.788559E+01
   0.132563E+01   0.757370E+01   0.142330E+00   0.780994E+01   0.780994E+01
   0.133037E+01   0.767269E+01   0.141829E+00   0.773495E+01   0.773495E+01
   0.133512E+01   0.741396E+01   0.141634E+00   0.766062E+01   0.766062E+01
   0.133986E+01   0.737195E+01   0.141294E+00   0.758696E+01   0.758696E+01
   0.134460E+01   0.738803E+01   0.140819E+00   0.751393E+01   0.751393E+01
   0.134935E+01   0.704952E+01   0.140285E+00   0.744153E+01   0.744153E+01
   0.135409E+01   0.719334E+01   0.140335E+00   0.736977E+01   0.736977E+01
   0.135883E+01   0.719266E+01   0.139985E+00   0.729863E+01   0.729863E+01
   0.136357E+01   0.707175E+01   0.139350E+00   0.722810E+01   0.722810E+01
   0.136832E+01   0.706308E+01   0.139128E+00   0.715819E+01   0.715819E+01
   0.137306E+01   0.716457E+01   0.138412E+00   0.708890E+01   0.708890E+01
   0.137780E+01   0.674784E+01   0.137959E+00   0.702020E+01   0.702020E+01
   0.138254E+01   0.680411E+01   0.137763E+00   0.695208E+01   0.695208E+01
   0.138729E+01   0.679325E+01   0.137639E+00   0.688456E+01   0.688456E+01
   0.139203E+01   0.691621E+01   0.137441E+00   0.681762E+01   0.681762E+01
   0.139677E+01   0.650222E+01   0.136823E+00   0.675127E+01   0.675127E+01
   0.140152E+01   0.673414E+01   0.136773E+00   0.668548E+01   0.668548E+01
   0.140626E+01   0.663372E+01   0.136393E+00   0.662027E+01   0.662027E+01
   0.141100E+01   0.636713E+01   0.136066E+00   0.655564E+01   0.655564E+01
   0.141575E+01   0.631662E+01   0.135717E+00   0.649155E+01   0.649155E+01
   0.142049E+01   0.633513E+01   0.135391E+00   0.642802E+01   0.642802E+01
   0.142523E+01   0.635094E+01   0.135241E+00   0.636505E+01   0.636505E+01
   0.142997E+01   0.634257E+01   0.134911E+00   0.630263E+01   0.630263E+01
   0.143472E+01   0.626738E+01   0.134322E+00   0.624075E+01   0.624075E+01
   0.143946E+01   0.596392E+01   0.133939E+00   0.617942E+01   0.617942E+01
   0.144420E+01   0.615607E+01   0.134053E+00   0.611865E+01   0.611865E+01
   0.144894E+01   0.598888E+01   0.133846E+00   0.605839E+01   0.605839E+01
   0.145369E+01   0.603391E+01   0.133935E+00   0.599868E+01   0.599868E+01
   0.145843E+01   0.590854E+01   0.133131E+00   0.593949E+01   0.593949E+01
   0.146317E+01   0.591174E+01   0.133351E+00   0.588084E+01   0.588084E+01
   0.146792E+01   0.572643E+01   0.132641E+00   0.582271E+01   0.582271E+01
   0.147266E+01   0.583661E+01   0.132555E+00   0.576510E+01   0.576510E+01
   0.147740E+01   0.573610E+01   0.131856E+00   0.570804E+01   0.570804E+01
   0.148215E+01   0.550939E+01   0.131624E+00   0.565148E+01   0.565148E+01
   0.148689E+01   0.555267E+01   0.131405E+00   0.559543E+01   0.559543E+01
   0.149163E+01   0.555836E+01   0.131399E+00   0.553991E+01   0.553991E+01
   0.149637E+01   0.557969E+01   0.131088E+00   0.548489E+01   0.548489E+01
   0.150112E+01   0.544575E+01   0.130977E+00   0.543039E+01   0.543039E+01
   0.150586E+01   0.538036E+01   0.133512E+00   0.537640E+01   0.537640E+01
   0.151060E+01   0.540551E+01   0.137361E+00   0.532292E+01   0.532292E+01
   0.151534E+01   0.535362E+01   0.139355E+00   0.526995E+01   0.526995E+01
   0.152009E+01   0.539574E+01   0.141130E+00   0.521748E+01   0.521748E+01
   0.152483E+01   0.529458E+01   0.142061E+00   0.516551E+01   0.516551E+01
   0.152957E+01   0.508210E+01   0.143222E+00   0.511405E+01   0.511405E+01
   0.153432E+01   0.509713E+01   0.139722E+00   0.506308E+01   0.506308E+01
   0.153906E+01   0.501240E+01   0.137482E+00   0.501262E+01   0.501262E+01
   0.154380E+01   0.497262E+01   0.136219E+00   0.496265E+01   0.496265E+01
   0.154855E+01   0.502667E+01   0.134185E+00   0.491318E+01   0.491318E+01
   0.155329E+01   0.482394E+01   0.133211E+00   0.486421E+01   0.486421E+01
   0.155803E+01   0.466121E+01   0.131949E+00   0.481572E+01   0.481572E+01
   0.156277E+01   0.445486E+01   0.130694E+00   0.476772E+01   0.476772E+01
   0.156752E+01   0.471307E+01   0.129144E+00   0.472022E+01   0.472022E+01
   0.157226E+01   0.472516E+01   0.128348E+00   0.467320E+01   0.467320E+01
   0.157700E+01   0.468903E+01   0.127647E+00   0.462667E+01   0.462667E+01
   0.158175E+01   0.479799E+01   0.127283E+00   0.458063E+01   0.458063E+01
   0.158649E+01   0.463798E+01   0.127574E+00   0.453508E+01   0.453508E+01
   0.159123E+01   0.441882E+01   0.127416E+00   0.449001E+01   0.449001E+01
   0.159597E+01   0.449887E+01   0.127691E+00   0.444541E+01   0.444541E+01
   0.160072E+01   0.451716E+01   0.127879E+00   0.440129E+01   0.440129E+01
   0.160546E+01   0.433707E+01   0.127279E+00   0.435766E+01   0.435766E+01
   0.161020E+01   0.446310E+01   0.126868E+00   0.431450E+01   0.431450E+01
   0.161495E+01   0.441053E+01   0.126667E+00   0.427181E+01   0.427181E+01
   0.161969E+01   0.429585E+01   0.126507E+00   0.422960E+01   0.422960E+01
   0.162443E+01   0.411192E+01   0.126341E+00   0.418786E+01   0.418786E+01
   0.162917E+01   0.408255E+01   0.126323E+00   0.414659E+01   0.414659E+01
   0.163392E+01   0.421863E+01   0.125528E+00   0.410579E+01   0.410579E+01
   0.163866E+01   0.413102E+01   0.125739E+00   0.406545E+01   0.406545E+01
   0.164340E+01   0.415086E+01   0.125263E+00   0.402557E+01   0.402557E+01
   0.164815E+01   0.404492E+01   0.125512E+00   0.398616E+01   0.398616E+01
   0.165289E+01   0.395828E+01   0.125067E+00   0.394721E+01   0.394721E+01
   0.165763E+01   0.392737E+01   0.124832E+00   0.390872E+01   0.390872E+01
   0.166237E+01   0.396166E+01   0.124526E+00   0.387068E+01   0.387068E+01
   0.166712E+01   0.385366E+01   0.124184E+00   0.383310E+01   0.383310E+01
   0.167186E+01   0.388287E+01   0.123921E+00   0.379596E+01   0.379596E+01
   0.167660E+01   0.375780E+01   0.124025E+00   0.375928E+01   0.375928E+01
   0.168135E+01   0.365682E+01   0.124028E+00   0.372304E+01   0.372304E+01
   0.168609E+01   0.377839E+01   0.123215E+00   0.368724E+01   0.368724E+01
   0.169083E+01   0.369842E+01   0.123101E+00   0.365190E+01   0.365190E+01
   0.169557E+01   0.364266E+01   0.123260E+00   0.361698E+01   0.361698E+01
   0.170032E+01   0.361384E+01   0.122805E+00   0.358251E+01   0.358251E+01
   0.170506E+01   0.348621E+01   0.122571E+00   0.354846E+01   0.354846E+01
   0.170980E+01   0.363242E+01   0.122411E+00   0.351485E+01   0.351485E+01
   0.171455E+01   0.349206E+01   0.122226E+00   0.348166E+01   0.348166E+01
   0.171929E+01   0.344773E+01   0.121946E+00   0.344890E+01   0.344890E+01
   0.172403E+01   0.340741E+01   0.121759E+00   0.341657E+01   0.341657E+01
   0.172877E+01   0.324570E+01   0.121443E+00   0.338465E+01   0.338465E+01
   0.173352E+01   0.328405E+01   0.121357E+00   0.335314E+01   0.335314E+01
   0.173826E+01   0.329335E+01   0.120896E+00   0.332205E+01   0.332205E+01
   0.174300E+01   0.331798E+01   0.120920E+00   0.329136E+01   0.329136E+01
   0.174775E+01   0.322549E+01   0.120895E+00   0.326108E+01   0.326108E+01
   0.175249E+01   0.333386E+01   0.120275E+00   0.323121E+01   0.323121E+01
   0.175723E+01   0.329846E+01   0.120596E+00   0.320173E+01   0.320173E+01
   0.176197E+01   0.313261E+01   0.120171E+00   0.317265E+01   0.317265E+01
   0.176672E+01   0.317351E+01   0.119840E+00   0.314396E+01   0.314396E+01
   0.177146E+01   0.310542E+01   0.120019E+00   0.311566E+01   0.311566E+01
   0.177620E+01   0.308484E+01   0.119418E+00   0.308774E+01   0.308774E+01
   0.178095E+01   0.316286E+01   0.119527E+00   0.306020E+01   0.306020E+01
   0.178569E+01   0.308111E+01   0.119023E+00   0.303303E+01   0.303303E+01
   0.179043E+01   0.302703E+01   0.119016E+00   0.300624E+01   0.300624E+01
   0.179517E+01   0.299432E+01   0.119061E+00   0.297983E+01   0.297983E+01
   0.179992E+01   0.289990E+01   0.118444E+00   0.295377E+01   0.295377E+01
   0.180466E+01   0.289368E+01   0.118210E+00   0.292807E+01   0.292807E+01
   0.180940E+01   0.281903E+01   0.118186E+00   0.290273E+01   0.290273E+01
   0.181415E+01   0.282685E+01   0.118302E+00   0.287774E+01   0.287774E+01
   0.181889E+01   0.287849E+01   0.117759E+00   0.285309E+01   0.285309E+01
   0.182363E+01   0.273955E+01   0.117584E+00   0.282879E+01   0.282879E+01
   0.182838E+01   0.276495E+01   0.117413E+00   0.280483E+01   0.280483E+01
   0.183312E+01   0.269885E+01   0.117237E+00   0.278121E+01   0.278121E+01
   0.183786E+01   0.274387E+01   0.117146E+00   0.275792E+01   0.275792E+01
   0.184260E+01   0.294407E+01   0.117353E+00   0.273495E+01   0.273495E+01
   0.184735E+01   0.308142E+01   0.116990E+00   0.271230E+01   0.271230E+01
   0.185209E+01   0.280218E+01   0.116792E+00   0.268997E+01   0.268997E+01
   0.185683E+01   0.267221E+01   0.116458E+00   0.266795E+01   0.266795E+01
   0.186157E+01   0.253976E+01   0.116567E+00   0.264623E+01   0.264623E+01
   0.186632E+01   0.263408E+01   0.116625E+00   0.262483E+01   0.262483E+01
   0.187106E+01   0.271022E+01   0.116047E+00   0.260372E+01   0.260372E+01
   0.187580E+01   0.274530E+01   0.115800E+00   0.258290E+01   0.258290E+01
   0.188055E+01   0.279082E+01   0.115736E+00   0.256237E+01   0.256237E+01
   0.188529E+01   0.258745E+01   0.115675E+00   0.254213E+01   0.254213E+01
   0.189003E+01   0.258980E+01   0.115369E+00   0.252217E+01   0.252217E+01
   0.189478E+01   0.258060E+01   0.115140E+00   0.250248E+01   0.250248E+01
   0.189952E+01   0.240706E+01   0.114961E+00   0.248307E+01   0.248307E+01
   0.190426E+01   0.243280E+01   0.115107E+00   0.246392E+01   0.246392E+01
   0.190900E+01   0.236872E+01   0.114670E+00   0.244503E+01   0.244503E+01
   0.191375E+01   0.239921E+01   0.114685E+00   0.242640E+01   0.242640E+01
   0.191849E+01   0.247029E+01   0.114667E+00   0.240802E+01   0.240802E+01
   0.192323E+01   0.246284E+01   0.114430E+00   0.238989E+01   0.238989E+01
   0.192797E+01   0.235447E+01   0.114476E+00   0.237199E+01   0.237199E+01
   0.193272E+01   0.226937E+01   0.113877E+00   0.235435E+01   0.235435E+01
   0.193746E+01   0.228874E+01   0.113469E+00   0.233693E+01   0.233693E+01
   0.194220E+01   0.247972E+01   0.113513E+00   0.231975E+01   0.231975E+01
   0.194695E+01   0.228219E+01   0.112826E+00   0.230278E+01   0.230278E+01
   0.195169E+01   0.216430E+01   0.112526E+00   0.228604E+01   0.228604E+01
   0.195643E+01   0.217391E+01   0.112628E+00   0.226951E+01   0.226951E+01
   0.196117E+01   0.222676E+01   0.112471E+00   0.225320E+01   0.225320E+01
   0.196592E+01   0.227323E+01   0.112497E+00   0.223709E+01   0.223709E+01
   0.197066E+01   0.229894E+01   0.112129E+00   0.222119E+01   0.222119E+01
   0.197540E+01   0.227501E+01   0.111980E+00   0.220548E+01   0.220548E+01
   0.198015E+01   0.219368E+01   0.112077E+00   0.218997E+01   0.218997E+01
   0.198489E+01   0.208486E+01   0.112053E+00   0.217465E+01   0.217465E+01
   0.198963E+01   0.204988E+01   0.112125E+00   0.215951E+01   0.215951E+01
   0.199438E+01   0.206500E+01   0.111819E+00   0.214455E+01   0.214455E+01
   0.199912E+01   0.228013E+01   0.111945E+00   0.212978E+01   0.212978E+01
   0.200386E+01   0.223654E+01   0.111827E+00   0.211517E+01   0.211517E+01
   0.200860E+01   0.216583E+01   0.111721E+00   0.210074E+01   0.210074E+01
   0.201335E+01   0.198906E+01   0.112902E+00   0.208647E+01   0.208647E+01
   0.201809E+01   0.209187E+01   0.115891E+00   0.207236E+01   0.207236E+01
   0.202283E+01   0.198142E+01   0.117854E+00   0.205842E+01   0.205842E+01
   0.202758E+01   0.205362E+01   0.119274E+00   0.204462E+01   0.204462E+01
   0.203232E+01   0.220456E+01   0.120511E+00   0.203098E+01   0.203098E+01
   0.203706E+01   0.201680E+01   0.121307E+00   0.201748E+01   0.201748E+01
   0.204180E+01   0.214052E+01   0.122511E+00   0.200413E+01   0.200413E+01
   0.204655E+01   0.198381E+01   0.123107E+00   0.199092E+01   0.199092E+01
   0.205129E+01   0.201598E+01   0.123218E+00   0.197784E+01   0.197784E+01
   0.205603E+01   0.205438E+01   0.123521E+00   0.196490E+01   0.196490E+01
   0.206078E+01   0.187497E+01   0.123671E+00   0.195209E+01   0.195209E+01
   0.206552E+01   0.195760E+01   0.123938E+00   0.193940E+01   0.193940E+01
   0.207026E+01   0.187021E+01   0.124437E+00   0.192684E+01   0.192684E+01
   0.207500E+01   0.185606E+01   0.124338E+00   0.191441E+01   0.191441E+01
   0.207975E+01   0.190443E+01   0.121899E+00   0.190209E+01   0.190209E+01
   0.208449E+01   0.192283E+01   0.119108E+00   0.188988E+01   0.188988E+01
   0.208923E+01   0.204546E+01   0.117416E+00   0.187779E+01   0.187779E+01
   0.209397E+01   0.194306E+01   0.115793E+00   0.186581E+01   0.186581E+01
   0.209872E+01   0.193624E+01   0.114606E+00   0.185393E+01   0.185393E+01
   0.210346E+01   0.174865E+01   0.113789E+00   0.184216E+01   0.184216E+01
   0.210820E+01   0.174272E+01   0.112801E+00   0.183050E+01   0.183050E+01
   0.211295E+01   0.187531E+01   0.112944E+00   0.181893E+01   0.181893E+01
   0.211769E+01   0.177555E+01   0.112403E+00   0.180746E+01   0.180746E+01
   0.212243E+01   0.179131E+01   0.112104E+00   0.179609E+01   0.179609E+01
   0.212717E+01   0.177937E+01   0.111789E+00   0.178481E+01   0.178481E+01
   0.213192E+01   0.183262E+01   0.111378E+00   0.177363E+01   0.177363E+01
   0.213666E+01   0.167303E+01   0.111144E+00   0.176253E+01   0.176253E+01
   0.214140E+01   0.175522E+01   0.111353E+00   0.175152E+01   0.175152E+01
   0.214615E+01   0.161897E+01   0.110866E+00   0.174060E+01   0.174060E+01
   0.215089E+01   0.168956E+01   0.110801E+00   0.172977E+01   0.172977E+01
   0.215563E+01   0.163717E+01   0.110394E+00   0.171902E+01   0.171902E+01
   0.216038E+01   0.181862E+01   0.110195E+00   0.170834E+01   0.170834E+01
   0.216512E+01   0.166180E+01   0.110021E+00   0.169775E+01   0.169775E+01
   0.216986E+01   0.140206E+01   0.109739E+00   0.168724E+01   0.168724E+01
   0.217460E+01   0.146512E+01   0.109443E+00   0.167681E+01   0.167681E+01
   0.217935E+01   0.158557E+01   0.109481E+00   0.166645E+01   0.166645E+01
   0.218409E+01   0.166941E+01   0.109429E+00   0.165617E+01   0.165617E+01
   0.218883E+01   0.168763E+01   0.109780E+00   0.164597E+01   0.164597E+01
   0.219358E+01   0.149938E+01   0.109206E+00   0.163584E+01   0.163584E+01
   0.219832E+01   0.156199E+01   0.108795E+00   0.162578E+01   0.162578E+01
   0.220306E+01   0.156115E+01   0.108551E+00   0.161579E+01   0.161579E+01
   0.220780E+01   0.160714E+01   0.108864E+00   0.160587E+01   0.160587E+01
   0.221255E+01   0.155866E+01   0.108201E+00   0.159603E+01   0.159603E+01
   0.221729E+01   0.149363E+01   0.108231E+00   0.158626E+01   0.158626E+01
   0.222203E+01   0.159847E+01   0.108270E+00   0.157656E+01   0.157656E+01
   0.222677E+01   0.151689E+01   0.108091E+00   0.156692E+01   0.156692E+01
   0.223152E+01   0.144092E+01   0.107733E+00   0.155736E+01   0.155736E+01
   0.223626E+01   0.156923E+01   0.107790E+00   0.154786E+01   0.154786E+01
   0.224100E+01   0.143980E+01   0.107664E+00   0.153844E+01   0.153844E+01
   0.224575E+01   0.149172E+01   0.107175E+00   0.152908E+01   0.152908E+01
   0.225049E+01   0.139620E+01   0.107060E+00   0.151979E+01   0.151979E+01
   0.225523E+01   0.141370E+01   0.106941E+00   0.151057E+01   0.151057E+01
   0.225997E+01   0.143711E+01   0.107059E+00   0.150142E+01   0.150142E+01
   0.226472E+01   0.128398E+01   0.106518E+00   0.149234E+01   0.149234E+01
   0.226946E+01   0.130056E+01   0.106528E+00   0.148332E+01   0.148332E+01
   0.227420E+01   0.154089E+01   0.106662E+00   0.147438E+01   0.147438E+01
   0.227895E+01   0.136576E+01   0.106612E+00   0.146550E+01   0.146550E+01
   0.228369E+01   0.149067E+01   0.106508E+00   0.145669E+01   0.145669E+01
   0.228843E+01   0.149624E+01   0.106326E+00   0.144796E+01   0.144796E+01
   0.229318E+01   0.132713E+01   0.106034E+00   0.143929E+01   0.143929E+01
   0.229792E+01   0.125263E+01   0.105716E+00   0.143070E+01   0.143070E+01
   0.230266E+01   0.131919E+01   0.105805E+00   0.142218E+01   0.142218E+01
   0.230740E+01   0.128942E+01   0.105383E+00   0.141373E+01   0.141373E+01
   0.231215E+01   0.159497E+01   0.105322E+00   0.140535E+01   0.140535E+01
   0.231689E+01   0.142064E+01   0.105390E+00   0.139704E+01   0.139704E+01
   0.232163E+01   0.126996E+01   0.105136E+00   0.138881E+01   0.138881E+01
   0.232638E+01   0.120133E+01   0.104896E+00   0.138065E+01   0.138065E+01
   0.233112E+01   0.138404E+01   0.104932E+00   0.137257E+01   0.137257E+01
   0.233586E+01   0.145322E+01   0.105124E+00   0.136456E+01   0.136456E+01
   0.234060E+01   0.122535E+01   0.104771E+00   0.135662E+01   0.135662E+01
   0.234535E+01   0.116735E+01   0.104509E+00   0.134877E+01   0.134877E+01
   0.235009E+01   0.124412E+01   0.104372E+00   0.134099E+01   0.134099E+01
   0.235483E+01   0.133331E+01   0.104165E+00   0.133329E+01   0.133329E+01
   0.235957E+01   0.123071E+01   0.104473E+00   0.132567E+01   0.132567E+01
   0.236432E+01   0.122686E+01   0.104098E+00   0.131813E+01   0.131813E+01
   0.236906E+01   0.135650E+01   0.104482E+00   0.131067E+01   0.131067E+01
   0.237380E+01   0.125483E+01   0.103881E+00   0.130329E+01   0.130329E+01
   0.237855E+01   0.122200E+01   0.103949E+00   0.129600E+01   0.129600E+01
   0.238329E+01   0.130998E+01   0.103446E+00   0.128879E+01   0.128879E+01
   0.238803E+01   0.132003E+01   0.103692E+00   0.128165E+01   0.128165E+01
   0.239277E+01   0.129274E+01   0.103448E+00   0.127461E+01   0.127461E+01
   0.239752E+01   0.121438E+01   0.103181E+00   0.126765E+01   0.126765E+01
   0.240226E+01   0.105191E+01   0.103259E+00   0.126078E+01   0.126078E+01
   0.240700E+01   0.116061E+01   0.102845E+00   0.125399E+01   0.125399E+01
   0.241175E+01   0.123190E+01   0.103340E+00   0.124729E+01   0.124729E+01
   0.241649E+01   0.124651E+01   0.103110E+00   0.124068E+01   0.124068E+01
   0.242123E+01   0.129351E+01   0.102697E+00   0.123415E+01   0.123415E+01
   0.242598E+01   0.139381E+01   0.102665E+00   0.122772E+01   0.122772E+01
   0.243072E+01   0.130728E+01   0.102367E+00   0.122138E+01   0.122138E+01
   0.243546E+01   0.113351E+01   0.102406E+00   0.121513E+01   0.121513E+01
   0.244020E+01   0.102350E+01   0.102118E+00   0.120897E+01   0.120897E+01
   0.244495E+01   0.108556E+01   0.102063E+00   0.120290E+01   0.120290E+01
   0.244969E+01   0.111665E+01   0.101812E+00   0.119692E+01   0.119692E+01
   0.245443E+01   0.116821E+01   0.101874E+00   0.119104E+01   0.119104E+01
   0.245918E+01   0.128849E+01   0.101919E+00   0.118525E+01   0.118525E+01
   0.246392E+01   0.115299E+01   0.101707E+00   0.117956E+01   0.117956E+01
   0.246866E+01   0.110033E+01   0.101883E+00   0.117396E+01   0.117396E+01
   0.247340E+01   0.113861E+01   0.101492E+00   0.116846E+01   0.116846E+01
   0.247815E+01   0.111678E+01   0.101254E+00   0.116305E+01   0.116305E+01
   0.248289E+01   0.116912E+01   0.101165E+00   0.115774E+01   0.115774E+01
   0.248763E+01   0.110519E+01   0.100965E+00   0.115252E+01   0.115252E+01
   0.249238E+01   0.117747E+01   0.101312E+00   0.114740E+01   0.114740E+01
   0.249712E+01   0.111351E+01   0.101250E+00   0.114238E+01   0.114238E+01
   0.250186E+01   0.119403E+01   0.101126E+00   0.113745E+01   0.113745E+01
   0.250660E+01   0.112236E+01   0.100999E+00   0.113262E+01   0.113262E+01
   0.251135E+01   0.925098E+00   0.100574E+00   0.112789E+01   0.112789E+01
   0.251609E+01   0.104068E+01   0.100664E+00   0.112325E+01   0.112325E+01
   0.252083E+01   0.116807E+01   0.100916E+00   0.111871E+01   0.111871E+01
   0.252558E+01   0.110667E+01   0.100144E+00   0.111427E+01   0.111427E+01
   0.253032E+01   0.107980E+01   0.995984E-01   0.110992E+01   0.110992E+01
   0.253506E+01   0.107331E+01   0.100012E+00   0.110568E+01   0.110568E+01
   0.253980E+01   0.106627E+01   0.998140E-01   0.110152E+01   0.110152E+01
   0.254455E+01   0.108307E+01   0.999332E-01   0.109747E+01   0.109747E+01
   0.254929E+01   0.110674E+01   0.994084E-01   0.109351E+01   0.109351E+01
   0.255403E+01   0.125552E+01   0.996553E-01   0.108964E+01   0.108964E+01
   0.255878E+01   0.112878E+01   0.995457E-01   0.108587E+01   0.108587E+01
   0.256352E+01   0.105588E+01   0.991536E-01   0.108220E+01   0.108220E+01
   0.256826E+01   0.109451E+01   0.994705E-01   0.107862E+01   0.107862E+01
   0.257300E+01   0.116204E+01   0.991853E-01   0.107513E+01   0.107513E+01
   0.257775E+01   0.103162E+01   0.991899E-01   0.107174E+01   0.107174E+01
   0.258249E+01   0.110937E+01   0.993458E-01   0.106844E+01   0.106844E+01
   0.258723E+01   0.116720E+01   0.994372E-01   0.106523E+01   0.106523E+01
   0.259198E+01   0.114897E+01   0.990433E-01   0.106211E+01   0.106211E+01
   0.259672E+01   0.108494E+01   0.990116E-01   0.105908E+01   0.105908E+01
   0.260146E+01   0.111509E+01   0.987903E-01   0.105614E+01   0.105614E+01
   0.260620E+01   0.102534E+01   0.986828E-01   0.105329E+01   0.105329E+01
   0.261095E+01   0.978423E+00   0.990735E-01   0.105052E+01   0.105052E+01
   0.261569E+01   0.110154E+01   0.986463E-01   0.104785E+01   0.104785E+01
   0.262043E+01   0.108460E+01   0.986322E-01   0.104525E+01   0.104525E+01
   0.262518E+01   0.117548E+01   0.985545E-01   0.104274E+01   0.104274E+01
   0.262992E+01   0.107582E+01   0.985816E-01   0.104032E+01   0.104032E+01
   0.263466E+01   0.969447E+00   0.982328E-01   0.103797E+01   0.103797E+01
   0.263940E+01   0.112351E+01   0.983350E-01   0.103571E+01   0.103571E+01
   0.264415E+01   0.107524E+01   0.979770E-01   0.103353E+01   0.103353E+01
   0.264889E+01   0.108795E+01   0.978418E-01   0.103142E+01   0.103142E+01
   0.265363E+01   0.111756E+01   0.980740E-01   0.102939E+01   0.102939E+01
   0.265838E+01   0.107378E+01   0.978771E-01   0.102743E+01   0.102743E+01
   0.266312E+01   0.992491E+00   0.978609E-01   0.102555E+01   0.102555E+01
   0.266786E+01   0.101253E+01   0.973556E-01   0.102374E+01   0.102374E+01
   0.267260E+01   0.105900E+01   0.974359E-01   0.102200E+01   0.102200E+01
   0.267735E+01   0.111617E+01   0.974701E-01   0.102033E+01   0.102033E+01
   0.268209E+01   0.101201E+01   0.974953E-01   0.101872E+01   0.101872E+01
   0.268683E+01   0.102387E+01   0.972228E-01   0.101719E+01   0.101719E+01
   0.269158E+01   0.106429E+01   0.973103E-01   0.101571E+01   0.101571E+01
   0.269632E+01   0.950135E+00   0.974149E-01   0.101430E+01   0.101430E+01
   0.270106E+01   0.112403E+01   0.969245E-01   0.101294E+01   0.101294E+01
   0.270580E+01   0.116094E+01   0.968251E-01   0.101165E+01   0.101165E+01
   0.271055E+01   0.105783E+01   0.968571E-01   0.101041E+01   0.101041E+01
   0.271529E+01   0.115451E+01   0.971371E-01   0.100923E+01   0.100923E+01
   0.272003E+01   0.109639E+01   0.967025E-01   0.100810E+01   0.100810E+01
   0.272478E+01   0.969961E+00   0.966040E-01   0.100701E+01   0.100701E+01
   0.272952E+01   0.101039E+01   0.966641E-01   0.100598E+01   0.100598E+01
   0.273426E+01   0.106729E+01   0.963155E-01   0.100500E+01   0.100500E+01
   0.273901E+01   0.102077E+01   0.961878E-01   0.100406E+01   0.100406E+01
   0.274375E+01   0.108520E+01   0.963089E-01   0.100316E+01   0.100316E+01
   0.274849E+01   0.100183E+01   0.961229E-01   0.100231E+01   0.100231E+01
   0.275323E+01   0.992885E+00   0.962619E-01   0.100149E+01   0.100149E+01
   0.275798E+01   0.104280E+01   0.960256E-01   0.100071E+01   0.100071E+01
   0.276272E+01   0.947879E+00   0.958989E-01   0.999964E+00   0.999964E+00
   0.276746E+01   0.963981E+00   0.958062E-01   0.999251E+00   0.999251E+00
   0.277221E+01   0.107581E+01   0.956729E-01   0.998569E+00   0.998569E+00
   0.277695E+01   0.102140E+01   0.956328E-01   0.997915E+00   0.997915E+00
   0.278169E+01   0.937362E+00   0.957113E-01   0.997287E+00   0.997287E+00
   0.278643E+01   0.879747E+00   0.954215E-01   0.996684E+00   0.996684E+00
   0.279118E+01   0.103796E+01   0.951829E-01   0.996103E+00   0.996103E+00
   0.279592E+01   0.104756E+01   0.953762E-01   0.995541E+00   0.995541E+00
   0.280066E+01   0.105756E+01   0.952346E-01   0.994998E+00   0.994998E+00
   0.280540E+01   0.948542E+00   0.952383E-01   0.994471E+00   0.994471E+00
   0.281015E+01   0.108184E+01   0.951665E-01   0.993958E+00   0.993958E+00
   0.281489E+01   0.107889E+01   0.953228E-01   0.993456E+00   0.993456E+00
   0.281963E+01   0.102052E+01   0.974842E-01   0.992964E+00   0.992964E+00
   0.282438E+01   0.834326E+00   0.988649E-01   0.992479E+00   0.992479E+00
   0.282912E+01   0.896540E+00   0.100098E+00   0.992000E+00   0.992000E+00
   0.283386E+01   0.904997E+00   0.101343E+00   0.991529E+00   0.991529E+00
   0.283860E+01   0.993069E+00   0.101955E+00   0.991050E+00   0.991050E+00
   0.284335E+01   0.894825E+00   0.102198E+00   0.990576E+00   0.990576E+00
   0.284809E+01   0.922734E+00   0.102772E+00   0.990099E+00   0.990099E+00
   0.285283E+01   0.892491E+00   0.102993E+00   0.989618E+00   0.989618E+00
   0.285758E+01   0.997658E+00   0.103302E+00   0.989130E+00   0.989130E+00
   0.286232E+01   0.908540E+00   0.103662E+00   0.988634E+00   0.988634E+00
   0.286706E+01   0.105394E+01   0.103780E+00   0.988128E+00   0.988128E+00
   0.287181E+01   0.991998E+00   0.103994E+00   0.987610E+00   0.987610E+00
   0.287655E+01   0.100857E+01   0.104080E+00   0.987078E+00   0.987078E+00
   0.288129E+01   0.100929E+01   0.103952E+00   0.986530E+00   0.986530E+00
   0.288603E+01   0.101217E+01   0.101209E+00   0.985965E+00   0.985965E+00
   0.289078E+01   0.954277E+00   0.996850E-01   0.985380E+00   0.985380E+00
   0.289552E+01   0.948342E+00   0.987013E-01   0.984776E+00   0.984776E+00
   0.290026E+01   0.102961E+01   0.978489E-01   0.984148E+00   0.984148E+00
   0.290501E+01   0.103760E+01   0.972270E-01   0.983496E+00   0.983496E+00
   0.290975E+01   0.923891E+00   0.968777E-01   0.982819E+00   0.982819E+00
   0.291449E+01   0.881090E+00   0.965563E-01   0.982115E+00   0.982115E+00
   0.291923E+01   0.103349E+01   0.963463E-01   0.981381E+00   0.981381E+00
   0.292398E+01   0.946809E+00   0.960297E-01   0.980618E+00   0.980618E+00
   0.292872E+01   0.948352E+00   0.958073E-01   0.979823E+00   0.979823E+00
   0.293346E+01   0.988248E+00   0.957021E-01   0.978995E+00   0.978995E+00
   0.293820E+01   0.104189E+01   0.955641E-01   0.978133E+00   0.978133E+00
   0.294295E+01   0.106623E+01   0.952815E-01   0.977235E+00   0.977235E+00
   0.294769E+01   0.100031E+01   0.954445E-01   0.976300E+00   0.976300E+00
   0.295243E+01   0.103385E+01   0.950493E-01   0.975327E+00   0.975327E+00
   0.295718E+01   0.972702E+00   0.951497E-01   0.974316E+00   0.974316E+00
   0.296192E+01   0.106662E+01   0.953322E-01   0.973264E+00   0.973264E+00
   0.296666E+01   0.110511E+01   0.947219E-01   0.972171E+00   0.972171E+00
   0.297140E+01   0.101487E+01   0.945662E-01   0.971035E+00   0.971035E+00
   0.297615E+01   0.107814E+01   0.946815E-01   0.969857E+00   0.969857E+00
   0.298089E+01   0.971193E+00   0.945724E-01   0.968634E+00   0.968634E+00
   0.298563E+01   0.833165E+00   0.943995E-01   0.967366E+00   0.967366E+00
   0.299038E+01   0.988410E+00   0.941119E-01   0.966054E+00   0.966054E+00
   0.299512E+01   0.942104E+00   0.942347E-01   0.964694E+00   0.964694E+00
   0.299986E+01   0.964869E+00   0.939950E-01   0.963288E+00   0.963288E+00

           ####      Real Space Data                               ####

           Distance distribution  function of particle  


      R          P(R)      ERROR

  0.0000E+00  0.0000E+00  0.0000E+00
  0.3852E-01  0.2601E-01  0.4174E-03
  0.7704E-01  0.5261E-01  0.7730E-03
  0.1156E+00  0.7979E-01  0.1068E-02
  0.1541E+00  0.1076E+00  0.1303E-02
  0.1926E+00  0.1359E+00  0.1481E-02
  0.2311E+00  0.1648E+00  0.1603E-02
  0.2696E+00  0.1942E+00  0.1674E-02
  0.3081E+00  0.2242E+00  0.1697E-02
  0.3467E+00  0.2547E+00  0.1675E-02
  0.3852E+00  0.2858E+00  0.1614E-02
  0.4237E+00  0.3172E+00  0.1519E-02
  0.4622E+00  0.3492E+00  0.1397E-02
  0.5007E+00  0.3816E+00  0.1257E-02
  0.5393E+00  0.4143E+00  0.1111E-02
  0.5778E+00  0.4475E+00  0.9733E-03
  0.6163E+00  0.4810E+00  0.8687E-03
  0.6548E+00  0.5148E+00  0.8242E-03
  0.6933E+00  0.5488E+00  0.8580E-03
  0.7319E+00  0.5831E+00  0.9649E-03
  0.7704E+00  0.6175E+00  0.1122E-02
  0.8089E+00  0.6521E+00  0.1307E-02
  0.8474E+00  0.6867E+00  0.1503E-02
  0.8859E+00  0.7214E+00  0.1698E-02
  0.9244E+00  0.7561E+00  0.1883E-02
  0.9630E+00  0.7906E+00  0.2053E-02
  0.1001E+01  0.8251E+00  0.2204E-02
  0.1040E+01  0.8593E+00  0.2332E-02
  0.1079E+01  0.8933E+00  0.2435E-02
  0.1117E+01  0.9269E+00  0.2512E-02
  0.1156E+01  0.9602E+00  0.2560E-02
  0.1194E+01  0.9930E+00  0.2580E-02
  0.1233E+01  0.1025E+01  0.2573E-02
  0.1271E+01  0.1057E+01  0.2538E-02
  0.1310E+01  0.1088E+01  0.2478E-02
  0.1348E+01  0.1118E+01  0.2395E-02
  0.1387E+01  0.1148E+01  0.2293E-02
  0.1425E+01  0.1177E+01  0.2175E-02
  0.1464E+01  0.1204E+01  0.2047E-02
  0.1502E+01  0.1231E+01  0.1916E-02
  0.1541E+01  0.1257E+01  0.1789E-02
  0.1579E+01  0.1281E+01  0.1678E-02
  0.1618E+01  0.1305E+01  0.1593E-02
  0.1656E+01  0.1327E+01  0.1544E-02
  0.1695E+01  0.1348E+01  0.1540E-02
  0.1733E+01  0.1368E+01  0.1582E-02
  0.1772E+01  0.1386E+01  0.1666E-02
  0.1810E+01  0.1403E+01  0.1784E-02
  0.1849E+01  0.1419E+01  0.1926E-02
  0.1887E+01  0.1433E+01  0.2080E-02
  0.1926E+01  0.1445E+01  0.2240E-02
  0.1964E+01  0.1456E+01  0.2397E-02
  0.2003E+01  0.1466E+01  0.2546E-02
  0.2041E+01  0.1473E+01  0.2683E-02
  0.2080E+01  0.1480E+01  0.2803E-02
  0.2119E+01  0.1485E+01  0.2905E-02
  0.2157E+01  0.1488E+01  0.2986E-02
  0.2196E+01  0.1490E+01  0.3046E-02
  0.2234E+01  0.1490E+01  0.3085E-02
  0.2273E+01  0.1489E+01  0.3102E-02
  0.2311E+01  0.1486E+01  0.3098E-02
  0.2350E+01  0.1482E+01  0.3075E-02
  0.2388E+01  0.1477E+01  0.3035E-02
  0.2427E+01  0.1470E+01  0.2981E-02
  0.2465E+01  0.1462E+01  0.2917E-02
  0.2504E+01  0.1453E+01  0.2846E-02
  0.2542E+01  0.1442E+01  0.2773E-02
  0.2581E+01  0.1431E+01  0.2702E-02
  0.2619E+01  0.1418E+01  0.2640E-02
  0.2658E+01  0.1404E+01  0.2590E-02
  0.2696E+01  0.1390E+01  0.2556E-02
  0.2735E+01  0.1375E+01  0.2542E-02
  0.2773E+01  0.1359E+01  0.2550E-02
  0.2812E+01  0.1342E+01  0.2578E-02
  0.2850E+01  0.1325E+01  0.2626E-02
  0.2889E+01  0.1307E+01  0.2689E-02
  0.2927E+01  0.1289E+01  0.2765E-02
  0.2966E+01  0.1270E+01  0.2849E-02
  0.3004E+01  0.1251E+01  0.2935E-02
  0.3043E+01  0.1232E+01  0.3021E-02
  0.3081E+01  0.1213E+01  0.3102E-02
  0.3120E+01  0.1193E+01  0.3175E-02
  0.3159E+01  0.1174E+01  0.3238E-02
  0.3197E+01  0.1155E+01  0.3289E-02
  0.3236E+01  0.1136E+01  0.3327E-02
  0.3274E+01  0.1117E+01  0.3352E-02
  0.3313E+01  0.1098E+01  0.3366E-02
  0.3351E+01  0.1080E+01  0.3368E-02
  0.3390E+01  0.1062E+01  0.3360E-02
  0.3428E+01  0.1044E+01  0.3347E-02
  0.3467E+01  0.1026E+01  0.3330E-02
  0.3505E+01  0.1009E+01  0.3314E-02
  0.3544E+01  0.9929E+00  0.3302E-02
  0.3582E+01  0.9768E+00  0.3298E-02
  0.3621E+01  0.9612E+00  0.3307E-02
  0.3659E+01  0.9460E+00  0.3331E-02
  0.3698E+01  0.9313E+00  0.3372E-02
  0.3736E+01  0.9171E+00  0.3432E-02
  0.3775E+01  0.9033E+00  0.3511E-02
  0.3813E+01  0.8899E+00  0.3606E-02
  0.3852E+01  0.8770E+00  0.3716E-02
  0.3890E+01  0.8644E+00  0.3838E-02
  0.3929E+01  0.8523E+00  0.3967E-02
  0.3967E+01  0.8404E+00  0.4100E-02
  0.4006E+01  0.8289E+00  0.4233E-02
  0.4044E+01  0.8177E+00  0.4363E-02
  0.4083E+01  0.8067E+00  0.4485E-02
  0.4121E+01  0.7960E+00  0.4596E-02
  0.4160E+01  0.7854E+00  0.4694E-02
  0.4199E+01  0.7749E+00  0.4777E-02
  0.4237E+01  0.7645E+00  0.4843E-02
  0.4276E+01  0.7542E+00  0.4891E-02
  0.4314E+01  0.7440E+00  0.4921E-02
  0.4353E+01  0.7337E+00  0.4932E-02
  0.4391E+01  0.7234E+00  0.4925E-02
  0.4430E+01  0.7130E+00  0.4902E-02
  0.4468E+01  0.7025E+00  0.4865E-02
  0.4507E+01  0.6918E+00  0.4815E-02
  0.4545E+01  0.6810E+00  0.4756E-02
  0.4584E+01  0.6701E+00  0.4692E-02
  0.4622E+01  0.6589E+00  0.4626E-02
  0.4661E+01  0.6475E+00  0.4562E-02
  0.4699E+01  0.6360E+00  0.4504E-02
  0.4738E+01  0.6242E+00  0.4458E-02
  0.4776E+01  0.6122E+00  0.4425E-02
  0.4815E+01  0.6000E+00  0.4409E-02
  0.4853E+01  0.5876E+00  0.4413E-02
  0.4892E+01  0.5749E+00  0.4437E-02
  0.4930E+01  0.5622E+00  0.4482E-02
  0.4969E+01  0.5492E+00  0.4545E-02
  0.5007E+01  0.5361E+00  0.4625E-02
  0.5046E+01  0.5230E+00  0.4718E-02
  0.5084E+01  0.5097E+00  0.4823E-02
  0.5123E+01  0.4964E+00  0.4933E-02
  0.5161E+01  0.4831E+00  0.5048E-02
  0.5200E+01  0.4698E+00  0.5161E-02
  0.5239E+01  0.4566E+00  0.5272E-02
  0.5277E+01  0.4435E+00  0.5376E-02
  0.5316E+01  0.4306E+00  0.5471E-02
  0.5354E+01  0.4178E+00  0.5557E-02
  0.5393E+01  0.4053E+00  0.5630E-02
  0.5431E+01  0.3931E+00  0.5692E-02
  0.5470E+01  0.3812E+00  0.5741E-02
  0.5508E+01  0.3696E+00  0.5777E-02
  0.5547E+01  0.3585E+00  0.5801E-02
  0.5585E+01  0.3478E+00  0.5814E-02
  0.5624E+01  0.3375E+00  0.5816E-02
  0.5662E+01  0.3277E+00  0.5810E-02
  0.5701E+01  0.3185E+00  0.5795E-02
  0.5739E+01  0.3098E+00  0.5775E-02
  0.5778E+01  0.3017E+00  0.5750E-02
  0.5816E+01  0.2941E+00  0.5722E-02
  0.5855E+01  0.2871E+00  0.5691E-02
  0.5893E+01  0.2807E+00  0.5660E-02
  0.5932E+01  0.2749E+00  0.5630E-02
  0.5970E+01  0.2696E+00  0.5600E-02
  0.6009E+01  0.2649E+00  0.5573E-02
  0.6047E+01  0.2607E+00  0.5548E-02
  0.6086E+01  0.2570E+00  0.5526E-02
  0.6124E+01  0.2538E+00  0.5508E-02
  0.6163E+01  0.2510E+00  0.5494E-02
  0.6201E+01  0.2486E+00  0.5485E-02
  0.6240E+01  0.2465E+00  0.5481E-02
  0.6279E+01  0.2447E+00  0.5484E-02
  0.6317E+01  0.2431E+00  0.5494E-02
  0.6356E+01  0.2416E+00  0.5512E-02
  0.6394E+01  0.2402E+00  0.5538E-02
  0.6433E+01  0.2387E+00  0.5573E-02
  0.6471E+01  0.2372E+00  0.5618E-02
  0.6510E+01  0.2354E+00  0.5671E-02
  0.6548E+01  0.2333E+00  0.5730E-02
  0.6587E+01  0.2309E+00  0.5795E-02
  0.6625E+01  0.2279E+00  0.5861E-02
  0.6664E+01  0.2244E+00  0.5924E-02
  0.6702E+01  0.2201E+00  0.5979E-02
  0.6741E+01  0.2151E+00  0.6020E-02
  0.6779E+01  0.2091E+00  0.6039E-02
  0.6818E+01  0.2021E+00  0.6028E-02
  0.6856E+01  0.1940E+00  0.5979E-02
  0.6895E+01  0.1846E+00  0.5883E-02
  0.6933E+01  0.1739E+00  0.5729E-02
  0.6972E+01  0.1617E+00  0.5508E-02
  0.7010E+01  0.1480E+00  0.5208E-02
  0.7049E+01  0.1326E+00  0.4819E-02
  0.7087E+01  0.1154E+00  0.4330E-02
  0.7126E+01  0.9643E-01  0.3729E-02
  0.7164E+01  0.7547E-01  0.3007E-02
  0.7203E+01  0.5246E-01  0.2152E-02
  0.7241E+01  0.2733E-01  0.1153E-02
  0.7280E+01  0.0000E+00  0.0000E+00
