
           ####      G N O M             Version 5.0 (r13469)      ####
                                               Wed Dec 15 15:09:14 2021

           ####      Configuration                                 ####

    System Type:                   arbitrary monodisperse (job = 0)
    Minimum characteristic size:         0.0000
    Maximum characteristic size:         7.7100
    rad56:                               0.0000
    Force 0.0 at r = rmin:                  yes
    Force 0.0 at r = rmax:                  yes
    Initial alpha:                       0.0000
    Initial random seed:    1430664604300093860
    Points in real space:                   190

    Input  1:                      temp-inp.dat
    First data point used:                    1
    Last data point used:                   570
    Scaling coefficient:             0.1000E+01
    Experimental setup:            point collimation



           ####      Results                                       ####

    Parameter    DISCRP  OSCILL  STABIL  SYSDEV  POSITV  VALCEN  SMOOTH
    Weight        1.000   3.000   3.000   3.000   1.000   1.000   1.000
    Sigma         0.300   0.600   0.120   0.120   0.120   0.120   0.600
    Ideal         0.700   1.100   0.000   1.000   1.000   0.950   0.000
    Current       0.434   1.332   0.005   0.917   1.000   0.863   1.708
               --------------------------------------------------------
    Estimate      0.457   0.861   0.998   0.623   1.000   0.591   0.000

    Angular range:                       0.3012 to       2.9999
    Reciprocal space Rg:             0.2328E+01
    Reciprocal space I(0):           0.2473E+02

    Real space range:                    0.0000 to       7.7100
    Real space Rg:                   0.2339E+01 +-   0.1294E-01
    Real space I(0):                 0.2473E+02 +-   0.8925E-01

    Highest ALPHA (theor):           0.1605E+02
    Current ALPHA:                   0.8543E+00

    Total Estimate:                      0.7303 (a REASONABLE solution)



           ####      Experimental Data and Fit                     ####

      S          J EXP       ERROR       J REG       I REG

   0.000000E+00                                                0.247327E+02
   0.107561E-01                                                0.247275E+02
   0.215123E-01                                                0.247119E+02
   0.322684E-01                                                0.246858E+02
   0.430246E-01                                                0.246494E+02
   0.537807E-01                                                0.246026E+02
   0.645368E-01                                                0.245457E+02
   0.752930E-01                                                0.244785E+02
   0.860491E-01                                                0.244013E+02
   0.968053E-01                                                0.243142E+02
   0.107561E+00                                                0.242172E+02
   0.118318E+00                                                0.241106E+02
   0.129074E+00                                                0.239944E+02
   0.139830E+00                                                0.238688E+02
   0.150586E+00                                                0.237341E+02
   0.161342E+00                                                0.235904E+02
   0.172098E+00                                                0.234379E+02
   0.182854E+00                                                0.232769E+02
   0.193611E+00                                                0.231075E+02
   0.204367E+00                                                0.229301E+02
   0.215123E+00                                                0.227447E+02
   0.225879E+00                                                0.225518E+02
   0.236635E+00                                                0.223516E+02
   0.247391E+00                                                0.221443E+02
   0.258147E+00                                                0.219302E+02
   0.268903E+00                                                0.217096E+02
   0.279660E+00                                                0.214828E+02
   0.290416E+00                                                0.212502E+02
   0.301172E+00   0.212187E+02   0.185298E+00   0.210119E+02   0.210119E+02
   0.305915E+00   0.207108E+02   0.183378E+00   0.209051E+02   0.209051E+02
   0.310658E+00   0.208419E+02   0.181600E+00   0.207973E+02   0.207973E+02
   0.315400E+00   0.208581E+02   0.180169E+00   0.206886E+02   0.206886E+02
   0.320143E+00   0.206077E+02   0.178614E+00   0.205789E+02   0.205789E+02
   0.324886E+00   0.204608E+02   0.176636E+00   0.204683E+02   0.204683E+02
   0.329629E+00   0.202865E+02   0.175244E+00   0.203568E+02   0.203568E+02
   0.334372E+00   0.201673E+02   0.173993E+00   0.202444E+02   0.202444E+02
   0.339115E+00   0.198898E+02   0.174407E+00   0.201312E+02   0.201312E+02
   0.343858E+00   0.199825E+02   0.176692E+00   0.200172E+02   0.200172E+02
   0.348601E+00   0.199387E+02   0.180985E+00   0.199023E+02   0.199023E+02
   0.353343E+00   0.198968E+02   0.183617E+00   0.197868E+02   0.197868E+02
   0.358086E+00   0.197074E+02   0.185676E+00   0.196704E+02   0.196704E+02
   0.362829E+00   0.196225E+02   0.187165E+00   0.195534E+02   0.195534E+02
   0.367572E+00   0.194325E+02   0.188164E+00   0.194357E+02   0.194357E+02
   0.372315E+00   0.196593E+02   0.190076E+00   0.193174E+02   0.193174E+02
   0.377058E+00   0.189371E+02   0.189997E+00   0.191984E+02   0.191984E+02
   0.381801E+00   0.187784E+02   0.190965E+00   0.190788E+02   0.190788E+02
   0.386543E+00   0.190707E+02   0.192073E+00   0.189587E+02   0.189587E+02
   0.391286E+00   0.190029E+02   0.192529E+00   0.188380E+02   0.188380E+02
   0.396029E+00   0.188481E+02   0.193199E+00   0.187168E+02   0.187168E+02
   0.400772E+00   0.186176E+02   0.194076E+00   0.185951E+02   0.185951E+02
   0.405515E+00   0.187569E+02   0.200869E+00   0.184729E+02   0.184729E+02
   0.410258E+00   0.187541E+02   0.205622E+00   0.183503E+02   0.183503E+02
   0.415001E+00   0.182052E+02   0.209410E+00   0.182273E+02   0.182273E+02
   0.419744E+00   0.183435E+02   0.212363E+00   0.181039E+02   0.181039E+02
   0.424486E+00   0.179639E+02   0.215312E+00   0.179802E+02   0.179802E+02
   0.429229E+00   0.179471E+02   0.218630E+00   0.178561E+02   0.178561E+02
   0.433972E+00   0.176256E+02   0.221879E+00   0.177317E+02   0.177317E+02
   0.438715E+00   0.173699E+02   0.225166E+00   0.176070E+02   0.176070E+02
   0.443458E+00   0.174982E+02   0.228084E+00   0.174821E+02   0.174821E+02
   0.448201E+00   0.172984E+02   0.231170E+00   0.173569E+02   0.173569E+02
   0.452944E+00   0.174187E+02   0.234652E+00   0.172316E+02   0.172316E+02
   0.457686E+00   0.171232E+02   0.236952E+00   0.171060E+02   0.171060E+02
   0.462429E+00   0.167190E+02   0.238284E+00   0.169804E+02   0.169804E+02
   0.467172E+00   0.167558E+02   0.238123E+00   0.168545E+02   0.168545E+02
   0.471915E+00   0.169605E+02   0.229190E+00   0.167286E+02   0.167286E+02
   0.476658E+00   0.165782E+02   0.223511E+00   0.166026E+02   0.166026E+02
   0.481401E+00   0.163131E+02   0.219991E+00   0.164765E+02   0.164765E+02
   0.486144E+00   0.163857E+02   0.218194E+00   0.163504E+02   0.163504E+02
   0.490887E+00   0.162629E+02   0.215843E+00   0.162243E+02   0.162243E+02
   0.495629E+00   0.162572E+02   0.214261E+00   0.160982E+02   0.160982E+02
   0.500372E+00   0.158285E+02   0.212312E+00   0.159721E+02   0.159721E+02
   0.505115E+00   0.158595E+02   0.211708E+00   0.158461E+02   0.158461E+02
   0.509858E+00   0.159384E+02   0.210418E+00   0.157202E+02   0.157202E+02
   0.514601E+00   0.158168E+02   0.208823E+00   0.155943E+02   0.155943E+02
   0.519344E+00   0.154300E+02   0.207433E+00   0.154686E+02   0.154686E+02
   0.524087E+00   0.152744E+02   0.206286E+00   0.153431E+02   0.153431E+02
   0.528829E+00   0.151319E+02   0.205154E+00   0.152177E+02   0.152177E+02
   0.533572E+00   0.151412E+02   0.203753E+00   0.150925E+02   0.150925E+02
   0.538315E+00   0.148253E+02   0.201730E+00   0.149675E+02   0.149675E+02
   0.543058E+00   0.146163E+02   0.199872E+00   0.148427E+02   0.148427E+02
   0.547801E+00   0.145748E+02   0.198534E+00   0.147182E+02   0.147182E+02
   0.552544E+00   0.144258E+02   0.197276E+00   0.145939E+02   0.145939E+02
   0.557287E+00   0.143573E+02   0.195962E+00   0.144699E+02   0.144699E+02
   0.562029E+00   0.145794E+02   0.194201E+00   0.143463E+02   0.143463E+02
   0.566772E+00   0.142176E+02   0.192874E+00   0.142229E+02   0.142229E+02
   0.571515E+00   0.141046E+02   0.191464E+00   0.140999E+02   0.140999E+02
   0.576258E+00   0.138137E+02   0.190236E+00   0.139773E+02   0.139773E+02
   0.581001E+00   0.139268E+02   0.189387E+00   0.138550E+02   0.138550E+02
   0.585744E+00   0.135918E+02   0.188205E+00   0.137332E+02   0.137332E+02
   0.590487E+00   0.134275E+02   0.187517E+00   0.136117E+02   0.136117E+02
   0.595230E+00   0.135516E+02   0.186941E+00   0.134907E+02   0.134907E+02
   0.599972E+00   0.133201E+02   0.186659E+00   0.133701E+02   0.133701E+02
   0.604715E+00   0.131461E+02   0.186017E+00   0.132500E+02   0.132500E+02
   0.609458E+00   0.129615E+02   0.184985E+00   0.131304E+02   0.131304E+02
   0.614201E+00   0.131201E+02   0.184761E+00   0.130112E+02   0.130112E+02
   0.618944E+00   0.129018E+02   0.183739E+00   0.128925E+02   0.128925E+02
   0.623687E+00   0.129115E+02   0.183147E+00   0.127744E+02   0.127744E+02
   0.628430E+00   0.126134E+02   0.182727E+00   0.126568E+02   0.126568E+02
   0.633173E+00   0.126427E+02   0.182387E+00   0.125398E+02   0.125398E+02
   0.637915E+00   0.122172E+02   0.181308E+00   0.124233E+02   0.124233E+02
   0.642658E+00   0.120584E+02   0.180635E+00   0.123074E+02   0.123074E+02
   0.647401E+00   0.121929E+02   0.180289E+00   0.121920E+02   0.121920E+02
   0.652144E+00   0.120738E+02   0.179996E+00   0.120773E+02   0.120773E+02
   0.656887E+00   0.118294E+02   0.179102E+00   0.119632E+02   0.119632E+02
   0.661630E+00   0.117656E+02   0.178740E+00   0.118497E+02   0.118497E+02
   0.666373E+00   0.118432E+02   0.178149E+00   0.117368E+02   0.117368E+02
   0.671115E+00   0.118650E+02   0.177597E+00   0.116245E+02   0.116245E+02
   0.675858E+00   0.114264E+02   0.176708E+00   0.115130E+02   0.115130E+02
   0.680601E+00   0.115028E+02   0.176452E+00   0.114020E+02   0.114020E+02
   0.685344E+00   0.110569E+02   0.175790E+00   0.112918E+02   0.112918E+02
   0.690087E+00   0.112416E+02   0.175232E+00   0.111822E+02   0.111822E+02
   0.694830E+00   0.112164E+02   0.174885E+00   0.110733E+02   0.110733E+02
   0.699573E+00   0.109215E+02   0.174327E+00   0.109652E+02   0.109652E+02
   0.704315E+00   0.108671E+02   0.173530E+00   0.108577E+02   0.108577E+02
   0.709058E+00   0.103786E+02   0.172768E+00   0.107509E+02   0.107509E+02
   0.713801E+00   0.105935E+02   0.172356E+00   0.106449E+02   0.106449E+02
   0.718544E+00   0.105187E+02   0.172126E+00   0.105396E+02   0.105396E+02
   0.723287E+00   0.102073E+02   0.171533E+00   0.104350E+02   0.104350E+02
   0.728030E+00   0.101466E+02   0.170913E+00   0.103311E+02   0.103311E+02
   0.732773E+00   0.101677E+02   0.170548E+00   0.102281E+02   0.102281E+02
   0.737515E+00   0.100521E+02   0.170173E+00   0.101257E+02   0.101257E+02
   0.742258E+00   0.100370E+02   0.169581E+00   0.100241E+02   0.100241E+02
   0.747001E+00   0.988173E+01   0.169064E+00   0.992331E+01   0.992331E+01
   0.751744E+00   0.964822E+01   0.168310E+00   0.982325E+01   0.982325E+01
   0.756487E+00   0.968110E+01   0.167781E+00   0.972397E+01   0.972397E+01
   0.761230E+00   0.968249E+01   0.167458E+00   0.962546E+01   0.962546E+01
   0.765973E+00   0.949935E+01   0.167045E+00   0.952773E+01   0.952773E+01
   0.770716E+00   0.935064E+01   0.166760E+00   0.943078E+01   0.943078E+01
   0.775459E+00   0.963793E+01   0.166665E+00   0.933461E+01   0.933461E+01
   0.780201E+00   0.925727E+01   0.166314E+00   0.923924E+01   0.923924E+01
   0.784944E+00   0.919579E+01   0.165414E+00   0.914465E+01   0.914465E+01
   0.789687E+00   0.892169E+01   0.164798E+00   0.905086E+01   0.905086E+01
   0.794430E+00   0.916469E+01   0.164654E+00   0.895786E+01   0.895786E+01
   0.799173E+00   0.894948E+01   0.163975E+00   0.886565E+01   0.886565E+01
   0.803916E+00   0.884162E+01   0.163704E+00   0.877424E+01   0.877424E+01
   0.808658E+00   0.862864E+01   0.162970E+00   0.868363E+01   0.868363E+01
   0.813401E+00   0.886099E+01   0.162670E+00   0.859382E+01   0.859382E+01
   0.818144E+00   0.857410E+01   0.162332E+00   0.850481E+01   0.850481E+01
   0.822887E+00   0.873945E+01   0.162427E+00   0.841659E+01   0.841659E+01
   0.827630E+00   0.852599E+01   0.161480E+00   0.832917E+01   0.832917E+01
   0.832373E+00   0.830243E+01   0.160383E+00   0.824256E+01   0.824256E+01
   0.837116E+00   0.821686E+01   0.160266E+00   0.815674E+01   0.815674E+01
   0.841859E+00   0.825018E+01   0.160035E+00   0.807171E+01   0.807171E+01
   0.846601E+00   0.792015E+01   0.159780E+00   0.798748E+01   0.798748E+01
   0.851344E+00   0.812350E+01   0.159148E+00   0.790405E+01   0.790405E+01
   0.856087E+00   0.788558E+01   0.159070E+00   0.782141E+01   0.782141E+01
   0.860830E+00   0.761040E+01   0.158084E+00   0.773956E+01   0.773956E+01
   0.865573E+00   0.764812E+01   0.158206E+00   0.765850E+01   0.765850E+01
   0.870316E+00   0.743053E+01   0.157437E+00   0.757823E+01   0.757823E+01
   0.875059E+00   0.728651E+01   0.157219E+00   0.749874E+01   0.749874E+01
   0.879802E+00   0.721480E+01   0.156725E+00   0.742003E+01   0.742003E+01
   0.884544E+00   0.728789E+01   0.156492E+00   0.734211E+01   0.734211E+01
   0.889287E+00   0.745914E+01   0.155999E+00   0.726496E+01   0.726496E+01
   0.894030E+00   0.738124E+01   0.155501E+00   0.718858E+01   0.718858E+01
   0.898773E+00   0.738102E+01   0.155213E+00   0.711297E+01   0.711297E+01
   0.903516E+00   0.721153E+01   0.154629E+00   0.703813E+01   0.703813E+01
   0.908259E+00   0.713859E+01   0.154099E+00   0.696405E+01   0.696405E+01
   0.913002E+00   0.714522E+01   0.153898E+00   0.689073E+01   0.689073E+01
   0.917744E+00   0.687755E+01   0.153492E+00   0.681817E+01   0.681817E+01
   0.922487E+00   0.674613E+01   0.153041E+00   0.674635E+01   0.674635E+01
   0.927230E+00   0.670322E+01   0.152482E+00   0.667529E+01   0.667529E+01
   0.931973E+00   0.672691E+01   0.152469E+00   0.660496E+01   0.660496E+01
   0.936716E+00   0.652861E+01   0.151915E+00   0.653538E+01   0.653538E+01
   0.941459E+00   0.642579E+01   0.151646E+00   0.646652E+01   0.646652E+01
   0.946202E+00   0.636526E+01   0.151107E+00   0.639840E+01   0.639840E+01
   0.950944E+00   0.606477E+01   0.150783E+00   0.633100E+01   0.633100E+01
   0.955687E+00   0.623616E+01   0.150810E+00   0.626431E+01   0.626431E+01
   0.960430E+00   0.617884E+01   0.149951E+00   0.619834E+01   0.619834E+01
   0.965173E+00   0.604198E+01   0.149749E+00   0.613308E+01   0.613308E+01
   0.969916E+00   0.608991E+01   0.149679E+00   0.606852E+01   0.606852E+01
   0.974659E+00   0.610082E+01   0.149458E+00   0.600466E+01   0.600466E+01
   0.979402E+00   0.591389E+01   0.148824E+00   0.594149E+01   0.594149E+01
   0.984144E+00   0.585024E+01   0.148540E+00   0.587901E+01   0.587901E+01
   0.988887E+00   0.573277E+01   0.148064E+00   0.581721E+01   0.581721E+01
   0.993630E+00   0.572517E+01   0.147546E+00   0.575608E+01   0.575608E+01
   0.998373E+00   0.564201E+01   0.147333E+00   0.569562E+01   0.569562E+01
   0.100312E+01   0.563666E+01   0.146918E+00   0.563583E+01   0.563583E+01
   0.100786E+01   0.574194E+01   0.146861E+00   0.557670E+01   0.557670E+01
   0.101260E+01   0.564665E+01   0.146276E+00   0.551821E+01   0.551821E+01
   0.101734E+01   0.537394E+01   0.146179E+00   0.546037E+01   0.546037E+01
   0.102209E+01   0.546900E+01   0.145819E+00   0.540319E+01   0.540319E+01
   0.102683E+01   0.547821E+01   0.145598E+00   0.534662E+01   0.534662E+01
   0.103157E+01   0.519692E+01   0.145096E+00   0.529069E+01   0.529069E+01
   0.103632E+01   0.541370E+01   0.144745E+00   0.523538E+01   0.523538E+01
   0.104106E+01   0.525186E+01   0.144675E+00   0.518068E+01   0.518068E+01
   0.104580E+01   0.515475E+01   0.143817E+00   0.512659E+01   0.512659E+01
   0.105055E+01   0.506612E+01   0.143471E+00   0.507311E+01   0.507311E+01
   0.105529E+01   0.494738E+01   0.143272E+00   0.502023E+01   0.502023E+01
   0.106003E+01   0.480759E+01   0.143009E+00   0.496794E+01   0.496794E+01
   0.106477E+01   0.499256E+01   0.142547E+00   0.491623E+01   0.491623E+01
   0.106952E+01   0.494846E+01   0.142843E+00   0.486510E+01   0.486510E+01
   0.107426E+01   0.479963E+01   0.142383E+00   0.481455E+01   0.481455E+01
   0.107900E+01   0.457519E+01   0.141758E+00   0.476456E+01   0.476456E+01
   0.108374E+01   0.467228E+01   0.141710E+00   0.471513E+01   0.471513E+01
   0.108849E+01   0.474685E+01   0.141271E+00   0.466626E+01   0.466626E+01
   0.109323E+01   0.471096E+01   0.140802E+00   0.461795E+01   0.461795E+01
   0.109797E+01   0.454986E+01   0.140672E+00   0.457017E+01   0.457017E+01
   0.110272E+01   0.447521E+01   0.140529E+00   0.452292E+01   0.452292E+01
   0.110746E+01   0.456095E+01   0.140123E+00   0.447621E+01   0.447621E+01
   0.111220E+01   0.445779E+01   0.139724E+00   0.443002E+01   0.443002E+01
   0.111695E+01   0.442774E+01   0.139339E+00   0.438435E+01   0.438435E+01
   0.112169E+01   0.446445E+01   0.139311E+00   0.433919E+01   0.433919E+01
   0.112643E+01   0.428141E+01   0.139036E+00   0.429455E+01   0.429455E+01
   0.113117E+01   0.439384E+01   0.138517E+00   0.425040E+01   0.425040E+01
   0.113592E+01   0.427395E+01   0.138410E+00   0.420675E+01   0.420675E+01
   0.114066E+01   0.424987E+01   0.138230E+00   0.416358E+01   0.416358E+01
   0.114540E+01   0.419174E+01   0.137989E+00   0.412090E+01   0.412090E+01
   0.115014E+01   0.405019E+01   0.137705E+00   0.407870E+01   0.407870E+01
   0.115489E+01   0.400956E+01   0.137309E+00   0.403697E+01   0.403697E+01
   0.115963E+01   0.402186E+01   0.136976E+00   0.399571E+01   0.399571E+01
   0.116437E+01   0.393673E+01   0.136738E+00   0.395492E+01   0.395492E+01
   0.116912E+01   0.380853E+01   0.136395E+00   0.391457E+01   0.391457E+01
   0.117386E+01   0.392174E+01   0.136331E+00   0.387468E+01   0.387468E+01
   0.117860E+01   0.372131E+01   0.135862E+00   0.383523E+01   0.383523E+01
   0.118335E+01   0.365945E+01   0.135702E+00   0.379622E+01   0.379622E+01
   0.118809E+01   0.344166E+01   0.135642E+00   0.375764E+01   0.375764E+01
   0.119283E+01   0.365090E+01   0.135243E+00   0.371950E+01   0.371950E+01
   0.119757E+01   0.363275E+01   0.134805E+00   0.368179E+01   0.368179E+01
   0.120232E+01   0.353762E+01   0.134759E+00   0.364448E+01   0.364448E+01
   0.120706E+01   0.368196E+01   0.135203E+00   0.360760E+01   0.360760E+01
   0.121180E+01   0.335063E+01   0.139331E+00   0.357112E+01   0.357112E+01
   0.121654E+01   0.366007E+01   0.142290E+00   0.353505E+01   0.353505E+01
   0.122129E+01   0.361741E+01   0.144085E+00   0.349937E+01   0.349937E+01
   0.122603E+01   0.339168E+01   0.146291E+00   0.346409E+01   0.346409E+01
   0.123077E+01   0.346696E+01   0.147564E+00   0.342921E+01   0.342921E+01
   0.123552E+01   0.322077E+01   0.149146E+00   0.339471E+01   0.339471E+01
   0.124026E+01   0.325853E+01   0.150357E+00   0.336059E+01   0.336059E+01
   0.124500E+01   0.346164E+01   0.151442E+00   0.332685E+01   0.332685E+01
   0.124975E+01   0.314196E+01   0.152266E+00   0.329347E+01   0.329347E+01
   0.125449E+01   0.320735E+01   0.154283E+00   0.326047E+01   0.326047E+01
   0.125923E+01   0.328205E+01   0.154599E+00   0.322783E+01   0.322783E+01
   0.126397E+01   0.305161E+01   0.154587E+00   0.319554E+01   0.319554E+01
   0.126872E+01   0.310638E+01   0.154602E+00   0.316362E+01   0.316362E+01
   0.127346E+01   0.306867E+01   0.152640E+00   0.313205E+01   0.313205E+01
   0.127820E+01   0.317292E+01   0.147556E+00   0.310082E+01   0.310082E+01
   0.128295E+01   0.304762E+01   0.144452E+00   0.306994E+01   0.306994E+01
   0.128769E+01   0.321257E+01   0.142449E+00   0.303939E+01   0.303939E+01
   0.129243E+01   0.298351E+01   0.140348E+00   0.300918E+01   0.300918E+01
   0.129717E+01   0.286711E+01   0.139204E+00   0.297930E+01   0.297930E+01
   0.130192E+01   0.289697E+01   0.137739E+00   0.294975E+01   0.294975E+01
   0.130666E+01   0.281656E+01   0.136891E+00   0.292053E+01   0.292053E+01
   0.131140E+01   0.276767E+01   0.135401E+00   0.289162E+01   0.289162E+01
   0.131614E+01   0.280441E+01   0.134312E+00   0.286303E+01   0.286303E+01
   0.132089E+01   0.277194E+01   0.133920E+00   0.283475E+01   0.283475E+01
   0.132563E+01   0.285284E+01   0.133483E+00   0.280679E+01   0.280679E+01
   0.133037E+01   0.285062E+01   0.133078E+00   0.277913E+01   0.277913E+01
   0.133512E+01   0.273874E+01   0.132849E+00   0.275177E+01   0.275177E+01
   0.133986E+01   0.271968E+01   0.132632E+00   0.272472E+01   0.272472E+01
   0.134460E+01   0.271703E+01   0.132251E+00   0.269796E+01   0.269796E+01
   0.134935E+01   0.259808E+01   0.131814E+00   0.267150E+01   0.267150E+01
   0.135409E+01   0.261887E+01   0.131579E+00   0.264533E+01   0.264533E+01
   0.135883E+01   0.257628E+01   0.131282E+00   0.261944E+01   0.261944E+01
   0.136357E+01   0.256289E+01   0.131075E+00   0.259384E+01   0.259384E+01
   0.136832E+01   0.262358E+01   0.130662E+00   0.256852E+01   0.256852E+01
   0.137306E+01   0.258175E+01   0.130157E+00   0.254348E+01   0.254348E+01
   0.137780E+01   0.263320E+01   0.130125E+00   0.251872E+01   0.251872E+01
   0.138254E+01   0.248761E+01   0.129638E+00   0.249423E+01   0.249423E+01
   0.138729E+01   0.251880E+01   0.129537E+00   0.247001E+01   0.247001E+01
   0.139203E+01   0.255360E+01   0.129154E+00   0.244606E+01   0.244606E+01
   0.139677E+01   0.258170E+01   0.129061E+00   0.242237E+01   0.242237E+01
   0.140152E+01   0.233214E+01   0.128906E+00   0.239894E+01   0.239894E+01
   0.140626E+01   0.239406E+01   0.128627E+00   0.237578E+01   0.237578E+01
   0.141100E+01   0.243627E+01   0.128571E+00   0.235288E+01   0.235288E+01
   0.141575E+01   0.243018E+01   0.128153E+00   0.233022E+01   0.233022E+01
   0.142049E+01   0.231874E+01   0.127605E+00   0.230782E+01   0.230782E+01
   0.142523E+01   0.223539E+01   0.127533E+00   0.228568E+01   0.228568E+01
   0.142997E+01   0.209989E+01   0.127427E+00   0.226377E+01   0.226377E+01
   0.143472E+01   0.211931E+01   0.126887E+00   0.224212E+01   0.224212E+01
   0.143946E+01   0.223603E+01   0.126594E+00   0.222070E+01   0.222070E+01
   0.144420E+01   0.216467E+01   0.126524E+00   0.219953E+01   0.219953E+01
   0.144894E+01   0.211710E+01   0.126342E+00   0.217860E+01   0.217860E+01
   0.145369E+01   0.223523E+01   0.126167E+00   0.215790E+01   0.215790E+01
   0.145843E+01   0.217346E+01   0.125886E+00   0.213743E+01   0.213743E+01
   0.146317E+01   0.210524E+01   0.125888E+00   0.211720E+01   0.211720E+01
   0.146792E+01   0.225956E+01   0.125434E+00   0.209719E+01   0.209719E+01
   0.147266E+01   0.210153E+01   0.125182E+00   0.207742E+01   0.207742E+01
   0.147740E+01   0.203716E+01   0.125081E+00   0.205787E+01   0.205787E+01
   0.148215E+01   0.209125E+01   0.124846E+00   0.203854E+01   0.203854E+01
   0.148689E+01   0.195338E+01   0.124492E+00   0.201943E+01   0.201943E+01
   0.149163E+01   0.201532E+01   0.124412E+00   0.200054E+01   0.200054E+01
   0.149637E+01   0.196381E+01   0.124177E+00   0.198187E+01   0.198187E+01
   0.150112E+01   0.182286E+01   0.123931E+00   0.196341E+01   0.196341E+01
   0.150586E+01   0.192744E+01   0.126608E+00   0.194517E+01   0.194517E+01
   0.151060E+01   0.187423E+01   0.129975E+00   0.192714E+01   0.192714E+01
   0.151534E+01   0.209034E+01   0.132129E+00   0.190931E+01   0.190931E+01
   0.152009E+01   0.188199E+01   0.133931E+00   0.189170E+01   0.189170E+01
   0.152483E+01   0.200767E+01   0.134978E+00   0.187428E+01   0.187428E+01
   0.152957E+01   0.197295E+01   0.136077E+00   0.185707E+01   0.185707E+01
   0.153432E+01   0.182538E+01   0.132783E+00   0.184007E+01   0.184007E+01
   0.153906E+01   0.184924E+01   0.130696E+00   0.182326E+01   0.182326E+01
   0.154380E+01   0.180813E+01   0.129439E+00   0.180664E+01   0.180664E+01
   0.154855E+01   0.173827E+01   0.127568E+00   0.179023E+01   0.179023E+01
   0.155329E+01   0.168329E+01   0.126569E+00   0.177401E+01   0.177401E+01
   0.155803E+01   0.168914E+01   0.125292E+00   0.175797E+01   0.175797E+01
   0.156277E+01   0.176932E+01   0.124012E+00   0.174213E+01   0.174213E+01
   0.156752E+01   0.161876E+01   0.122442E+00   0.172648E+01   0.172648E+01
   0.157226E+01   0.169929E+01   0.121921E+00   0.171101E+01   0.171101E+01
   0.157700E+01   0.169302E+01   0.121637E+00   0.169572E+01   0.169572E+01
   0.158175E+01   0.174387E+01   0.121151E+00   0.168062E+01   0.168062E+01
   0.158649E+01   0.160470E+01   0.121393E+00   0.166570E+01   0.166570E+01
   0.159123E+01   0.161378E+01   0.121272E+00   0.165096E+01   0.165096E+01
   0.159597E+01   0.159508E+01   0.121616E+00   0.163639E+01   0.163639E+01
   0.160072E+01   0.163565E+01   0.121559E+00   0.162200E+01   0.162200E+01
   0.160546E+01   0.164487E+01   0.121585E+00   0.160778E+01   0.160778E+01
   0.161020E+01   0.169670E+01   0.121150E+00   0.159373E+01   0.159373E+01
   0.161495E+01   0.171364E+01   0.121000E+00   0.157986E+01   0.157986E+01
   0.161969E+01   0.154575E+01   0.120787E+00   0.156615E+01   0.156615E+01
   0.162443E+01   0.160701E+01   0.120703E+00   0.155260E+01   0.155260E+01
   0.162917E+01   0.143543E+01   0.120496E+00   0.153922E+01   0.153922E+01
   0.163392E+01   0.144531E+01   0.119893E+00   0.152600E+01   0.152600E+01
   0.163866E+01   0.151686E+01   0.120006E+00   0.151295E+01   0.151295E+01
   0.164340E+01   0.139122E+01   0.119758E+00   0.150005E+01   0.150005E+01
   0.164815E+01   0.149512E+01   0.119941E+00   0.148730E+01   0.148730E+01
   0.165289E+01   0.145981E+01   0.119484E+00   0.147471E+01   0.147471E+01
   0.165763E+01   0.151650E+01   0.119056E+00   0.146228E+01   0.146228E+01
   0.166237E+01   0.159862E+01   0.118977E+00   0.145000E+01   0.145000E+01
   0.166712E+01   0.155375E+01   0.118715E+00   0.143786E+01   0.143786E+01
   0.167186E+01   0.149353E+01   0.118406E+00   0.142588E+01   0.142588E+01
   0.167660E+01   0.139787E+01   0.118335E+00   0.141404E+01   0.141404E+01
   0.168135E+01   0.140493E+01   0.118512E+00   0.140234E+01   0.140234E+01
   0.168609E+01   0.133246E+01   0.118067E+00   0.139079E+01   0.139079E+01
   0.169083E+01   0.135068E+01   0.117871E+00   0.137938E+01   0.137938E+01
   0.169557E+01   0.134735E+01   0.117942E+00   0.136810E+01   0.136810E+01
   0.170032E+01   0.143201E+01   0.117531E+00   0.135697E+01   0.135697E+01
   0.170506E+01   0.125782E+01   0.117358E+00   0.134596E+01   0.134596E+01
   0.170980E+01   0.145887E+01   0.117199E+00   0.133509E+01   0.133509E+01
   0.171455E+01   0.137302E+01   0.117200E+00   0.132436E+01   0.132436E+01
   0.171929E+01   0.125923E+01   0.116942E+00   0.131375E+01   0.131375E+01
   0.172403E+01   0.117144E+01   0.116643E+00   0.130327E+01   0.130327E+01
   0.172877E+01   0.117315E+01   0.116327E+00   0.129292E+01   0.129292E+01
   0.173352E+01   0.115587E+01   0.116191E+00   0.128269E+01   0.128269E+01
   0.173826E+01   0.138927E+01   0.116121E+00   0.127259E+01   0.127259E+01
   0.174300E+01   0.118739E+01   0.115938E+00   0.126260E+01   0.126260E+01
   0.174775E+01   0.123686E+01   0.115946E+00   0.125274E+01   0.125274E+01
   0.175249E+01   0.125069E+01   0.115490E+00   0.124299E+01   0.124299E+01
   0.175723E+01   0.130718E+01   0.115365E+00   0.123337E+01   0.123337E+01
   0.176197E+01   0.112993E+01   0.115353E+00   0.122385E+01   0.122385E+01
   0.176672E+01   0.111551E+01   0.114923E+00   0.121445E+01   0.121445E+01
   0.177146E+01   0.120980E+01   0.115194E+00   0.120516E+01   0.120516E+01
   0.177620E+01   0.136589E+01   0.114868E+00   0.119598E+01   0.119598E+01
   0.178095E+01   0.116116E+01   0.114599E+00   0.118690E+01   0.118690E+01
   0.178569E+01   0.119608E+01   0.114334E+00   0.117794E+01   0.117794E+01
   0.179043E+01   0.123289E+01   0.114307E+00   0.116907E+01   0.116907E+01
   0.179517E+01   0.114320E+01   0.114357E+00   0.116031E+01   0.116031E+01
   0.179992E+01   0.119508E+01   0.113999E+00   0.115165E+01   0.115165E+01
   0.180466E+01   0.117598E+01   0.113928E+00   0.114310E+01   0.114310E+01
   0.180940E+01   0.109367E+01   0.113761E+00   0.113463E+01   0.113463E+01
   0.181415E+01   0.126336E+01   0.113771E+00   0.112627E+01   0.112627E+01
   0.181889E+01   0.117114E+01   0.113375E+00   0.111800E+01   0.111800E+01
   0.182363E+01   0.121517E+01   0.113225E+00   0.110983E+01   0.110983E+01
   0.182838E+01   0.111924E+01   0.112982E+00   0.110174E+01   0.110174E+01
   0.183312E+01   0.116415E+01   0.112898E+00   0.109375E+01   0.109375E+01
   0.183786E+01   0.117911E+01   0.113067E+00   0.108585E+01   0.108585E+01
   0.184260E+01   0.110491E+01   0.113088E+00   0.107803E+01   0.107803E+01
   0.184735E+01   0.920744E+00   0.112519E+00   0.107030E+01   0.107030E+01
   0.185209E+01   0.104217E+01   0.112468E+00   0.106265E+01   0.106265E+01
   0.185683E+01   0.102101E+01   0.112092E+00   0.105509E+01   0.105509E+01
   0.186157E+01   0.105225E+01   0.112268E+00   0.104761E+01   0.104761E+01
   0.186632E+01   0.106687E+01   0.112209E+00   0.104021E+01   0.104021E+01
   0.187106E+01   0.108827E+01   0.111772E+00   0.103289E+01   0.103289E+01
   0.187580E+01   0.103277E+01   0.111609E+00   0.102565E+01   0.102565E+01
   0.188055E+01   0.109643E+01   0.111608E+00   0.101848E+01   0.101848E+01
   0.188529E+01   0.105923E+01   0.111484E+00   0.101139E+01   0.101139E+01
   0.189003E+01   0.903491E+00   0.111093E+00   0.100437E+01   0.100437E+01
   0.189478E+01   0.966835E+00   0.111037E+00   0.997424E+00   0.997424E+00
   0.189952E+01   0.988390E+00   0.110831E+00   0.990552E+00   0.990552E+00
   0.190426E+01   0.101062E+01   0.110815E+00   0.983748E+00   0.983748E+00
   0.190900E+01   0.110211E+01   0.110644E+00   0.977014E+00   0.977014E+00
   0.191375E+01   0.842480E+00   0.110444E+00   0.970348E+00   0.970348E+00
   0.191849E+01   0.105166E+01   0.110734E+00   0.963748E+00   0.963748E+00
   0.192323E+01   0.102192E+01   0.110489E+00   0.957214E+00   0.957214E+00
   0.192797E+01   0.963797E+00   0.110322E+00   0.950744E+00   0.950744E+00
   0.193272E+01   0.810661E+00   0.109964E+00   0.944339E+00   0.944339E+00
   0.193746E+01   0.103837E+01   0.109567E+00   0.937998E+00   0.937998E+00
   0.194220E+01   0.106145E+01   0.109431E+00   0.931716E+00   0.931716E+00
   0.194695E+01   0.980341E+00   0.109010E+00   0.925495E+00   0.925495E+00
   0.195169E+01   0.990376E+00   0.108818E+00   0.919333E+00   0.919333E+00
   0.195643E+01   0.892489E+00   0.108642E+00   0.913230E+00   0.913230E+00
   0.196117E+01   0.828994E+00   0.108504E+00   0.907184E+00   0.907184E+00
   0.196592E+01   0.103569E+01   0.108563E+00   0.901195E+00   0.901195E+00
   0.197066E+01   0.905621E+00   0.108324E+00   0.895264E+00   0.895264E+00
   0.197540E+01   0.833382E+00   0.108331E+00   0.889387E+00   0.889387E+00
   0.198015E+01   0.804322E+00   0.108306E+00   0.883563E+00   0.883563E+00
   0.198489E+01   0.739168E+00   0.108385E+00   0.877793E+00   0.877793E+00
   0.198963E+01   0.738782E+00   0.108270E+00   0.872076E+00   0.872076E+00
   0.199438E+01   0.775574E+00   0.108167E+00   0.866411E+00   0.866411E+00
   0.199912E+01   0.877937E+00   0.107988E+00   0.860797E+00   0.860797E+00
   0.200386E+01   0.763644E+00   0.108042E+00   0.855234E+00   0.855234E+00
   0.200860E+01   0.783329E+00   0.108007E+00   0.849722E+00   0.849722E+00
   0.201335E+01   0.751466E+00   0.109022E+00   0.844258E+00   0.844258E+00
   0.201809E+01   0.893726E+00   0.111992E+00   0.838843E+00   0.838843E+00
   0.202283E+01   0.906913E+00   0.113773E+00   0.833475E+00   0.833475E+00
   0.202758E+01   0.744939E+00   0.115187E+00   0.828156E+00   0.828156E+00
   0.203232E+01   0.797067E+00   0.116321E+00   0.822883E+00   0.822883E+00
   0.203706E+01   0.783946E+00   0.117256E+00   0.817657E+00   0.817657E+00
   0.204180E+01   0.725883E+00   0.118235E+00   0.812477E+00   0.812477E+00
   0.204655E+01   0.876810E+00   0.118923E+00   0.807343E+00   0.807343E+00
   0.205129E+01   0.873302E+00   0.119293E+00   0.802253E+00   0.802253E+00
   0.205603E+01   0.628752E+00   0.119593E+00   0.797208E+00   0.797208E+00
   0.206078E+01   0.801059E+00   0.119698E+00   0.792207E+00   0.792207E+00
   0.206552E+01   0.815040E+00   0.119952E+00   0.787250E+00   0.787250E+00
   0.207026E+01   0.735943E+00   0.120396E+00   0.782337E+00   0.782337E+00
   0.207500E+01   0.769270E+00   0.120501E+00   0.777468E+00   0.777468E+00
   0.207975E+01   0.789231E+00   0.117942E+00   0.772641E+00   0.772641E+00
   0.208449E+01   0.706610E+00   0.115152E+00   0.767855E+00   0.767855E+00
   0.208923E+01   0.791479E+00   0.113429E+00   0.763113E+00   0.763113E+00
   0.209397E+01   0.658414E+00   0.112098E+00   0.758412E+00   0.758412E+00
   0.209872E+01   0.849528E+00   0.110899E+00   0.753754E+00   0.753754E+00
   0.210346E+01   0.850087E+00   0.110169E+00   0.749136E+00   0.749136E+00
   0.210820E+01   0.760671E+00   0.109260E+00   0.744560E+00   0.744560E+00
   0.211295E+01   0.892688E+00   0.109309E+00   0.740026E+00   0.740026E+00
   0.211769E+01   0.753649E+00   0.109060E+00   0.735532E+00   0.735532E+00
   0.212243E+01   0.697125E+00   0.108454E+00   0.731079E+00   0.731079E+00
   0.212717E+01   0.548942E+00   0.108192E+00   0.726667E+00   0.726667E+00
   0.213192E+01   0.738286E+00   0.107891E+00   0.722295E+00   0.722295E+00
   0.213666E+01   0.682943E+00   0.107851E+00   0.717964E+00   0.717964E+00
   0.214140E+01   0.608424E+00   0.107541E+00   0.713673E+00   0.713673E+00
   0.214615E+01   0.684536E+00   0.107370E+00   0.709423E+00   0.709423E+00
   0.215089E+01   0.685716E+00   0.107278E+00   0.705212E+00   0.705212E+00
   0.215563E+01   0.656250E+00   0.106993E+00   0.701042E+00   0.701042E+00
   0.216038E+01   0.652030E+00   0.106787E+00   0.696912E+00   0.696912E+00
   0.216512E+01   0.664872E+00   0.106707E+00   0.692821E+00   0.692821E+00
   0.216986E+01   0.510416E+00   0.106590E+00   0.688771E+00   0.688771E+00
   0.217460E+01   0.654971E+00   0.106270E+00   0.684761E+00   0.684761E+00
   0.217935E+01   0.624866E+00   0.105965E+00   0.680791E+00   0.680791E+00
   0.218409E+01   0.569386E+00   0.105816E+00   0.676862E+00   0.676862E+00
   0.218883E+01   0.642664E+00   0.106104E+00   0.672971E+00   0.672971E+00
   0.219358E+01   0.549051E+00   0.105840E+00   0.669121E+00   0.669121E+00
   0.219832E+01   0.608176E+00   0.105573E+00   0.665311E+00   0.665311E+00
   0.220306E+01   0.664141E+00   0.105390E+00   0.661541E+00   0.661541E+00
   0.220780E+01   0.622235E+00   0.105321E+00   0.657811E+00   0.657811E+00
   0.221255E+01   0.572876E+00   0.104969E+00   0.654122E+00   0.654122E+00
   0.221729E+01   0.598396E+00   0.104883E+00   0.650473E+00   0.650473E+00
   0.222203E+01   0.655448E+00   0.104937E+00   0.646864E+00   0.646864E+00
   0.222677E+01   0.705233E+00   0.104865E+00   0.643294E+00   0.643294E+00
   0.223152E+01   0.618018E+00   0.104512E+00   0.639766E+00   0.639766E+00
   0.223626E+01   0.726758E+00   0.104474E+00   0.636277E+00   0.636277E+00
   0.224100E+01   0.615805E+00   0.104331E+00   0.632829E+00   0.632829E+00
   0.224575E+01   0.718716E+00   0.104085E+00   0.629422E+00   0.629422E+00
   0.225049E+01   0.741915E+00   0.104018E+00   0.626055E+00   0.626055E+00
   0.225523E+01   0.635981E+00   0.103787E+00   0.622729E+00   0.622729E+00
   0.225997E+01   0.724733E+00   0.103791E+00   0.619443E+00   0.619443E+00
   0.226472E+01   0.782818E+00   0.103617E+00   0.616197E+00   0.616197E+00
   0.226946E+01   0.593508E+00   0.103424E+00   0.612994E+00   0.612994E+00
   0.227420E+01   0.625106E+00   0.103442E+00   0.609829E+00   0.609829E+00
   0.227895E+01   0.742521E+00   0.103353E+00   0.606705E+00   0.606705E+00
   0.228369E+01   0.509557E+00   0.103127E+00   0.603623E+00   0.603623E+00
   0.228843E+01   0.579862E+00   0.103100E+00   0.600581E+00   0.600581E+00
   0.229318E+01   0.559523E+00   0.102928E+00   0.597580E+00   0.597580E+00
   0.229792E+01   0.638294E+00   0.102743E+00   0.594620E+00   0.594620E+00
   0.230266E+01   0.618810E+00   0.102539E+00   0.591700E+00   0.591700E+00
   0.230740E+01   0.619517E+00   0.102438E+00   0.588822E+00   0.588822E+00
   0.231215E+01   0.622231E+00   0.102321E+00   0.585983E+00   0.585983E+00
   0.231689E+01   0.541015E+00   0.102035E+00   0.583186E+00   0.583186E+00
   0.232163E+01   0.589362E+00   0.101880E+00   0.580430E+00   0.580430E+00
   0.232638E+01   0.581034E+00   0.102068E+00   0.577713E+00   0.577713E+00
   0.233112E+01   0.535155E+00   0.101818E+00   0.575038E+00   0.575038E+00
   0.233586E+01   0.563386E+00   0.101802E+00   0.572403E+00   0.572403E+00
   0.234060E+01   0.551581E+00   0.101557E+00   0.569808E+00   0.569808E+00
   0.234535E+01   0.735164E+00   0.101514E+00   0.567253E+00   0.567253E+00
   0.235009E+01   0.737866E+00   0.101329E+00   0.564739E+00   0.564739E+00
   0.235483E+01   0.426091E+00   0.101358E+00   0.562265E+00   0.562265E+00
   0.235957E+01   0.593410E+00   0.101318E+00   0.559832E+00   0.559832E+00
   0.236432E+01   0.519811E+00   0.101118E+00   0.557437E+00   0.557437E+00
   0.236906E+01   0.547184E+00   0.101098E+00   0.555083E+00   0.555083E+00
   0.237380E+01   0.638298E+00   0.100944E+00   0.552768E+00   0.552768E+00
   0.237855E+01   0.582171E+00   0.100999E+00   0.550492E+00   0.550492E+00
   0.238329E+01   0.496741E+00   0.100573E+00   0.548258E+00   0.548258E+00
   0.238803E+01   0.610689E+00   0.100498E+00   0.546058E+00   0.546058E+00
   0.239277E+01   0.411170E+00   0.100422E+00   0.543900E+00   0.543900E+00
   0.239752E+01   0.658362E+00   0.100224E+00   0.541780E+00   0.541780E+00
   0.240226E+01   0.536445E+00   0.100409E+00   0.539698E+00   0.539698E+00
   0.240700E+01   0.418841E+00   0.999492E-01   0.537654E+00   0.537654E+00
   0.241175E+01   0.446688E+00   0.100144E+00   0.535648E+00   0.535648E+00
   0.241649E+01   0.533683E+00   0.998822E-01   0.533680E+00   0.533680E+00
   0.242123E+01   0.452755E+00   0.996084E-01   0.531749E+00   0.531749E+00
   0.242598E+01   0.516371E+00   0.995841E-01   0.529854E+00   0.529854E+00
   0.243072E+01   0.579606E+00   0.994864E-01   0.527997E+00   0.527997E+00
   0.243546E+01   0.523515E+00   0.994440E-01   0.526175E+00   0.526175E+00
   0.244020E+01   0.559295E+00   0.993455E-01   0.524390E+00   0.524390E+00
   0.244495E+01   0.519309E+00   0.992852E-01   0.522640E+00   0.522640E+00
   0.244969E+01   0.598086E+00   0.991056E-01   0.520925E+00   0.520925E+00
   0.245443E+01   0.520164E+00   0.991370E-01   0.519244E+00   0.519244E+00
   0.245918E+01   0.465778E+00   0.991250E-01   0.517599E+00   0.517599E+00
   0.246392E+01   0.393130E+00   0.988564E-01   0.515987E+00   0.515987E+00
   0.246866E+01   0.418236E+00   0.988278E-01   0.514409E+00   0.514409E+00
   0.247340E+01   0.520173E+00   0.986447E-01   0.512863E+00   0.512863E+00
   0.247815E+01   0.543721E+00   0.985081E-01   0.511350E+00   0.511350E+00
   0.248289E+01   0.555429E+00   0.984011E-01   0.509870E+00   0.509870E+00
   0.248763E+01   0.525676E+00   0.983596E-01   0.508421E+00   0.508421E+00
   0.249238E+01   0.513200E+00   0.983350E-01   0.507002E+00   0.507002E+00
   0.249712E+01   0.563469E+00   0.982888E-01   0.505616E+00   0.505616E+00
   0.250186E+01   0.633204E+00   0.983570E-01   0.504259E+00   0.504259E+00
   0.250660E+01   0.642509E+00   0.982858E-01   0.502931E+00   0.502931E+00
   0.251135E+01   0.563829E+00   0.979218E-01   0.501632E+00   0.501632E+00
   0.251609E+01   0.522019E+00   0.977955E-01   0.500362E+00   0.500362E+00
   0.252083E+01   0.337105E+00   0.977408E-01   0.499120E+00   0.499120E+00
   0.252558E+01   0.472289E+00   0.971800E-01   0.497905E+00   0.497905E+00
   0.253032E+01   0.397398E+00   0.971026E-01   0.496717E+00   0.496717E+00
   0.253506E+01   0.399486E+00   0.971267E-01   0.495555E+00   0.495555E+00
   0.253980E+01   0.520525E+00   0.970296E-01   0.494419E+00   0.494419E+00
   0.254455E+01   0.540441E+00   0.970600E-01   0.493308E+00   0.493308E+00
   0.254929E+01   0.495906E+00   0.967209E-01   0.492220E+00   0.492220E+00
   0.255403E+01   0.572250E+00   0.969149E-01   0.491157E+00   0.491157E+00
   0.255878E+01   0.443255E+00   0.967500E-01   0.490116E+00   0.490116E+00
   0.256352E+01   0.592952E+00   0.964473E-01   0.489099E+00   0.489099E+00
   0.256826E+01   0.467873E+00   0.966226E-01   0.488102E+00   0.488102E+00
   0.257300E+01   0.527412E+00   0.965090E-01   0.487127E+00   0.487127E+00
   0.257775E+01   0.431655E+00   0.965299E-01   0.486173E+00   0.486173E+00
   0.258249E+01   0.381135E+00   0.965260E-01   0.485238E+00   0.485238E+00
   0.258723E+01   0.294657E+00   0.965102E-01   0.484322E+00   0.484322E+00
   0.259198E+01   0.460820E+00   0.962220E-01   0.483425E+00   0.483425E+00
   0.259672E+01   0.539325E+00   0.963809E-01   0.482545E+00   0.482545E+00
   0.260146E+01   0.509433E+00   0.960822E-01   0.481683E+00   0.481683E+00
   0.260620E+01   0.581618E+00   0.959522E-01   0.480836E+00   0.480836E+00
   0.261095E+01   0.567895E+00   0.961415E-01   0.480005E+00   0.480005E+00
   0.261569E+01   0.497528E+00   0.957406E-01   0.479191E+00   0.479191E+00
   0.262043E+01   0.473296E+00   0.958313E-01   0.478390E+00   0.478390E+00
   0.262518E+01   0.434006E+00   0.957522E-01   0.477603E+00   0.477603E+00
   0.262992E+01   0.559435E+00   0.957355E-01   0.476828E+00   0.476828E+00
   0.263466E+01   0.481553E+00   0.954813E-01   0.476066E+00   0.476066E+00
   0.263940E+01   0.400152E+00   0.953813E-01   0.475316E+00   0.475316E+00
   0.264415E+01   0.530237E+00   0.953941E-01   0.474576E+00   0.474576E+00
   0.264889E+01   0.562671E+00   0.951563E-01   0.473847E+00   0.473847E+00
   0.265363E+01   0.469854E+00   0.953562E-01   0.473127E+00   0.473127E+00
   0.265838E+01   0.542873E+00   0.951584E-01   0.472416E+00   0.472416E+00
   0.266312E+01   0.512945E+00   0.950488E-01   0.471713E+00   0.471713E+00
   0.266786E+01   0.356768E+00   0.947927E-01   0.471018E+00   0.471018E+00
   0.267260E+01   0.301625E+00   0.947927E-01   0.470329E+00   0.470329E+00
   0.267735E+01   0.519243E+00   0.948904E-01   0.469647E+00   0.469647E+00
   0.268209E+01   0.496091E+00   0.947438E-01   0.468970E+00   0.468970E+00
   0.268683E+01   0.584878E+00   0.947309E-01   0.468298E+00   0.468298E+00
   0.269158E+01   0.549922E+00   0.947885E-01   0.467631E+00   0.467631E+00
   0.269632E+01   0.321479E+00   0.945393E-01   0.466967E+00   0.466967E+00
   0.270106E+01   0.473333E+00   0.942284E-01   0.466306E+00   0.466306E+00
   0.270580E+01   0.403577E+00   0.941698E-01   0.465647E+00   0.465647E+00
   0.271055E+01   0.440046E+00   0.941498E-01   0.464991E+00   0.464991E+00
   0.271529E+01   0.444869E+00   0.943434E-01   0.464335E+00   0.464335E+00
   0.272003E+01   0.443693E+00   0.940365E-01   0.463681E+00   0.463681E+00
   0.272478E+01   0.511491E+00   0.940238E-01   0.463024E+00   0.463024E+00
   0.272952E+01   0.565980E+00   0.940587E-01   0.462369E+00   0.462369E+00
   0.273426E+01   0.304585E+00   0.936909E-01   0.461712E+00   0.461712E+00
   0.273901E+01   0.407955E+00   0.936328E-01   0.461054E+00   0.461054E+00
   0.274375E+01   0.549010E+00   0.936501E-01   0.460394E+00   0.460394E+00
   0.274849E+01   0.497085E+00   0.934429E-01   0.459730E+00   0.459730E+00
   0.275323E+01   0.391687E+00   0.935334E-01   0.459063E+00   0.459063E+00
   0.275798E+01   0.307156E+00   0.932190E-01   0.458393E+00   0.458393E+00
   0.276272E+01   0.492972E+00   0.932545E-01   0.457718E+00   0.457718E+00
   0.276746E+01   0.470424E+00   0.931427E-01   0.457039E+00   0.457039E+00
   0.277221E+01   0.464779E+00   0.931284E-01   0.456355E+00   0.456355E+00
   0.277695E+01   0.363879E+00   0.930698E-01   0.455664E+00   0.455664E+00
   0.278169E+01   0.481380E+00   0.930997E-01   0.454968E+00   0.454968E+00
   0.278643E+01   0.313643E+00   0.928132E-01   0.454266E+00   0.454266E+00
   0.279118E+01   0.451585E+00   0.926878E-01   0.453556E+00   0.453556E+00
   0.279592E+01   0.453797E+00   0.926639E-01   0.452839E+00   0.452839E+00
   0.280066E+01   0.511668E+00   0.925413E-01   0.452115E+00   0.452115E+00
   0.280540E+01   0.398437E+00   0.925890E-01   0.451382E+00   0.451382E+00
   0.281015E+01   0.426152E+00   0.926482E-01   0.450641E+00   0.450641E+00
   0.281489E+01   0.300051E+00   0.926530E-01   0.449892E+00   0.449892E+00
   0.281963E+01   0.456026E+00   0.947618E-01   0.449134E+00   0.449134E+00
   0.282438E+01   0.547743E+00   0.962979E-01   0.448366E+00   0.448366E+00
   0.282912E+01   0.490853E+00   0.973486E-01   0.447589E+00   0.447589E+00
   0.283386E+01   0.395407E+00   0.984902E-01   0.446803E+00   0.446803E+00
   0.283860E+01   0.537492E+00   0.993377E-01   0.446004E+00   0.446004E+00
   0.284335E+01   0.522799E+00   0.994853E-01   0.445197E+00   0.445197E+00
   0.284809E+01   0.437322E+00   0.999772E-01   0.444379E+00   0.444379E+00
   0.285283E+01   0.482947E+00   0.100325E+00   0.443551E+00   0.443551E+00
   0.285758E+01   0.455325E+00   0.100252E+00   0.442711E+00   0.442711E+00
   0.286232E+01   0.417774E+00   0.100717E+00   0.441861E+00   0.441861E+00
   0.286706E+01   0.404535E+00   0.101081E+00   0.440999E+00   0.440999E+00
   0.287181E+01   0.376904E+00   0.101080E+00   0.440126E+00   0.440126E+00
   0.287655E+01   0.507080E+00   0.101280E+00   0.439242E+00   0.439242E+00
   0.288129E+01   0.423143E+00   0.101054E+00   0.438346E+00   0.438346E+00
   0.288603E+01   0.399886E+00   0.984615E-01   0.437438E+00   0.437438E+00
   0.289078E+01   0.324127E+00   0.970223E-01   0.436519E+00   0.436519E+00
   0.289552E+01   0.416173E+00   0.958821E-01   0.435588E+00   0.435588E+00
   0.290026E+01   0.552494E+00   0.951673E-01   0.434645E+00   0.434645E+00
   0.290501E+01   0.368398E+00   0.943632E-01   0.433691E+00   0.433691E+00
   0.290975E+01   0.290067E+00   0.940695E-01   0.432725E+00   0.432725E+00
   0.291449E+01   0.448807E+00   0.939692E-01   0.431746E+00   0.431746E+00
   0.291923E+01   0.505013E+00   0.937835E-01   0.430757E+00   0.430757E+00
   0.292398E+01   0.497149E+00   0.934754E-01   0.429755E+00   0.429755E+00
   0.292872E+01   0.502494E+00   0.933052E-01   0.428742E+00   0.428742E+00
   0.293346E+01   0.607179E+00   0.932346E-01   0.427718E+00   0.427718E+00
   0.293820E+01   0.473876E+00   0.929920E-01   0.426681E+00   0.426681E+00
   0.294295E+01   0.415878E+00   0.927328E-01   0.425634E+00   0.425634E+00
   0.294769E+01   0.422764E+00   0.927716E-01   0.424575E+00   0.424575E+00
   0.295243E+01   0.507354E+00   0.925989E-01   0.423505E+00   0.423505E+00
   0.295718E+01   0.524617E+00   0.925778E-01   0.422424E+00   0.422424E+00
   0.296192E+01   0.459167E+00   0.925635E-01   0.421333E+00   0.421333E+00
   0.296666E+01   0.375191E+00   0.920986E-01   0.420230E+00   0.420230E+00
   0.297140E+01   0.456728E+00   0.919538E-01   0.419118E+00   0.419118E+00
   0.297615E+01   0.399886E+00   0.919680E-01   0.417995E+00   0.417995E+00
   0.298089E+01   0.402508E+00   0.918607E-01   0.416861E+00   0.416861E+00
   0.298563E+01   0.458264E+00   0.920036E-01   0.415718E+00   0.415718E+00
   0.299038E+01   0.394002E+00   0.916776E-01   0.414566E+00   0.414566E+00
   0.299512E+01   0.405374E+00   0.915126E-01   0.413404E+00   0.413404E+00
   0.299986E+01   0.320486E+00   0.914229E-01   0.412233E+00   0.412233E+00

           ####      Real Space Data                               ####

           Distance distribution  function of particle  


      R          P(R)      ERROR

  0.0000E+00  0.0000E+00  0.0000E+00
  0.4079E-01  0.1200E-01  0.5911E-03
  0.8159E-01  0.2404E-01  0.1087E-02
  0.1224E+00  0.3611E-01  0.1490E-02
  0.1632E+00  0.4821E-01  0.1802E-02
  0.2040E+00  0.6035E-01  0.2025E-02
  0.2448E+00  0.7252E-01  0.2164E-02
  0.2856E+00  0.8472E-01  0.2224E-02
  0.3263E+00  0.9697E-01  0.2210E-02
  0.3671E+00  0.1092E+00  0.2130E-02
  0.4079E+00  0.1216E+00  0.1989E-02
  0.4487E+00  0.1339E+00  0.1796E-02
  0.4895E+00  0.1463E+00  0.1563E-02
  0.5303E+00  0.1587E+00  0.1301E-02
  0.5711E+00  0.1712E+00  0.1031E-02
  0.6119E+00  0.1837E+00  0.7938E-03
  0.6527E+00  0.1962E+00  0.6688E-03
  0.6935E+00  0.2087E+00  0.7417E-03
  0.7343E+00  0.2213E+00  0.9751E-03
  0.7751E+00  0.2339E+00  0.1280E-02
  0.8159E+00  0.2465E+00  0.1607E-02
  0.8567E+00  0.2590E+00  0.1931E-02
  0.8975E+00  0.2716E+00  0.2240E-02
  0.9383E+00  0.2841E+00  0.2524E-02
  0.9790E+00  0.2966E+00  0.2777E-02
  0.1020E+01  0.3091E+00  0.2993E-02
  0.1061E+01  0.3215E+00  0.3169E-02
  0.1101E+01  0.3337E+00  0.3301E-02
  0.1142E+01  0.3459E+00  0.3388E-02
  0.1183E+01  0.3580E+00  0.3429E-02
  0.1224E+01  0.3699E+00  0.3423E-02
  0.1265E+01  0.3817E+00  0.3372E-02
  0.1305E+01  0.3932E+00  0.3277E-02
  0.1346E+01  0.4045E+00  0.3141E-02
  0.1387E+01  0.4156E+00  0.2968E-02
  0.1428E+01  0.4265E+00  0.2763E-02
  0.1469E+01  0.4370E+00  0.2533E-02
  0.1509E+01  0.4472E+00  0.2288E-02
  0.1550E+01  0.4571E+00  0.2038E-02
  0.1591E+01  0.4666E+00  0.1801E-02
  0.1632E+01  0.4757E+00  0.1599E-02
  0.1673E+01  0.4844E+00  0.1461E-02
  0.1713E+01  0.4926E+00  0.1416E-02
  0.1754E+01  0.5004E+00  0.1473E-02
  0.1795E+01  0.5077E+00  0.1620E-02
  0.1836E+01  0.5145E+00  0.1828E-02
  0.1877E+01  0.5207E+00  0.2068E-02
  0.1917E+01  0.5264E+00  0.2319E-02
  0.1958E+01  0.5316E+00  0.2566E-02
  0.1999E+01  0.5361E+00  0.2797E-02
  0.2040E+01  0.5401E+00  0.3006E-02
  0.2080E+01  0.5435E+00  0.3186E-02
  0.2121E+01  0.5463E+00  0.3334E-02
  0.2162E+01  0.5485E+00  0.3446E-02
  0.2203E+01  0.5501E+00  0.3521E-02
  0.2244E+01  0.5511E+00  0.3560E-02
  0.2284E+01  0.5514E+00  0.3561E-02
  0.2325E+01  0.5513E+00  0.3528E-02
  0.2366E+01  0.5505E+00  0.3464E-02
  0.2407E+01  0.5492E+00  0.3371E-02
  0.2448E+01  0.5473E+00  0.3257E-02
  0.2488E+01  0.5449E+00  0.3127E-02
  0.2529E+01  0.5419E+00  0.2990E-02
  0.2570E+01  0.5385E+00  0.2856E-02
  0.2611E+01  0.5347E+00  0.2735E-02
  0.2652E+01  0.5303E+00  0.2640E-02
  0.2692E+01  0.5256E+00  0.2581E-02
  0.2733E+01  0.5205E+00  0.2565E-02
  0.2774E+01  0.5150E+00  0.2596E-02
  0.2815E+01  0.5092E+00  0.2672E-02
  0.2856E+01  0.5031E+00  0.2786E-02
  0.2896E+01  0.4967E+00  0.2928E-02
  0.2937E+01  0.4901E+00  0.3088E-02
  0.2978E+01  0.4833E+00  0.3256E-02
  0.3019E+01  0.4764E+00  0.3420E-02
  0.3060E+01  0.4693E+00  0.3574E-02
  0.3100E+01  0.4620E+00  0.3711E-02
  0.3141E+01  0.4547E+00  0.3825E-02
  0.3182E+01  0.4474E+00  0.3912E-02
  0.3223E+01  0.4400E+00  0.3970E-02
  0.3263E+01  0.4326E+00  0.3996E-02
  0.3304E+01  0.4252E+00  0.3991E-02
  0.3345E+01  0.4178E+00  0.3956E-02
  0.3386E+01  0.4105E+00  0.3891E-02
  0.3427E+01  0.4033E+00  0.3801E-02
  0.3467E+01  0.3962E+00  0.3690E-02
  0.3508E+01  0.3891E+00  0.3564E-02
  0.3549E+01  0.3822E+00  0.3430E-02
  0.3590E+01  0.3754E+00  0.3297E-02
  0.3631E+01  0.3687E+00  0.3176E-02
  0.3671E+01  0.3622E+00  0.3077E-02
  0.3712E+01  0.3558E+00  0.3011E-02
  0.3753E+01  0.3495E+00  0.2986E-02
  0.3794E+01  0.3433E+00  0.3007E-02
  0.3835E+01  0.3373E+00  0.3076E-02
  0.3875E+01  0.3314E+00  0.3187E-02
  0.3916E+01  0.3257E+00  0.3334E-02
  0.3957E+01  0.3200E+00  0.3507E-02
  0.3998E+01  0.3145E+00  0.3695E-02
  0.4039E+01  0.3090E+00  0.3890E-02
  0.4079E+01  0.3037E+00  0.4082E-02
  0.4120E+01  0.2984E+00  0.4264E-02
  0.4161E+01  0.2932E+00  0.4430E-02
  0.4202E+01  0.2880E+00  0.4573E-02
  0.4243E+01  0.2829E+00  0.4692E-02
  0.4283E+01  0.2778E+00  0.4782E-02
  0.4324E+01  0.2727E+00  0.4843E-02
  0.4365E+01  0.2677E+00  0.4874E-02
  0.4406E+01  0.2627E+00  0.4875E-02
  0.4447E+01  0.2576E+00  0.4847E-02
  0.4487E+01  0.2526E+00  0.4794E-02
  0.4528E+01  0.2476E+00  0.4718E-02
  0.4569E+01  0.2425E+00  0.4624E-02
  0.4610E+01  0.2374E+00  0.4518E-02
  0.4650E+01  0.2322E+00  0.4405E-02
  0.4691E+01  0.2271E+00  0.4292E-02
  0.4732E+01  0.2219E+00  0.4186E-02
  0.4773E+01  0.2167E+00  0.4094E-02
  0.4814E+01  0.2114E+00  0.4021E-02
  0.4854E+01  0.2061E+00  0.3974E-02
  0.4895E+01  0.2008E+00  0.3954E-02
  0.4936E+01  0.1955E+00  0.3964E-02
  0.4977E+01  0.1901E+00  0.4001E-02
  0.5018E+01  0.1848E+00  0.4062E-02
  0.5058E+01  0.1794E+00  0.4143E-02
  0.5099E+01  0.1741E+00  0.4238E-02
  0.5140E+01  0.1688E+00  0.4340E-02
  0.5181E+01  0.1635E+00  0.4445E-02
  0.5222E+01  0.1582E+00  0.4546E-02
  0.5262E+01  0.1530E+00  0.4639E-02
  0.5303E+01  0.1478E+00  0.4722E-02
  0.5344E+01  0.1427E+00  0.4793E-02
  0.5385E+01  0.1377E+00  0.4850E-02
  0.5426E+01  0.1328E+00  0.4895E-02
  0.5466E+01  0.1280E+00  0.4928E-02
  0.5507E+01  0.1233E+00  0.4952E-02
  0.5548E+01  0.1187E+00  0.4971E-02
  0.5589E+01  0.1142E+00  0.4989E-02
  0.5630E+01  0.1099E+00  0.5010E-02
  0.5670E+01  0.1057E+00  0.5038E-02
  0.5711E+01  0.1016E+00  0.5078E-02
  0.5752E+01  0.9775E-01  0.5132E-02
  0.5793E+01  0.9402E-01  0.5204E-02
  0.5833E+01  0.9046E-01  0.5293E-02
  0.5874E+01  0.8706E-01  0.5399E-02
  0.5915E+01  0.8384E-01  0.5520E-02
  0.5956E+01  0.8079E-01  0.5651E-02
  0.5997E+01  0.7790E-01  0.5788E-02
  0.6037E+01  0.7520E-01  0.5926E-02
  0.6078E+01  0.7266E-01  0.6059E-02
  0.6119E+01  0.7029E-01  0.6181E-02
  0.6160E+01  0.6808E-01  0.6288E-02
  0.6201E+01  0.6604E-01  0.6372E-02
  0.6241E+01  0.6415E-01  0.6432E-02
  0.6282E+01  0.6242E-01  0.6462E-02
  0.6323E+01  0.6083E-01  0.6461E-02
  0.6364E+01  0.5938E-01  0.6427E-02
  0.6405E+01  0.5805E-01  0.6362E-02
  0.6445E+01  0.5685E-01  0.6267E-02
  0.6486E+01  0.5575E-01  0.6145E-02
  0.6527E+01  0.5476E-01  0.6002E-02
  0.6568E+01  0.5385E-01  0.5847E-02
  0.6609E+01  0.5303E-01  0.5689E-02
  0.6649E+01  0.5227E-01  0.5540E-02
  0.6690E+01  0.5156E-01  0.5415E-02
  0.6731E+01  0.5089E-01  0.5328E-02
  0.6772E+01  0.5024E-01  0.5293E-02
  0.6813E+01  0.4961E-01  0.5320E-02
  0.6853E+01  0.4897E-01  0.5414E-02
  0.6894E+01  0.4831E-01  0.5577E-02
  0.6935E+01  0.4761E-01  0.5799E-02
  0.6976E+01  0.4685E-01  0.6070E-02
  0.7017E+01  0.4603E-01  0.6373E-02
  0.7057E+01  0.4510E-01  0.6691E-02
  0.7098E+01  0.4407E-01  0.7006E-02
  0.7139E+01  0.4290E-01  0.7299E-02
  0.7180E+01  0.4159E-01  0.7553E-02
  0.7220E+01  0.4009E-01  0.7751E-02
  0.7261E+01  0.3840E-01  0.7874E-02
  0.7302E+01  0.3649E-01  0.7908E-02
  0.7343E+01  0.3434E-01  0.7837E-02
  0.7384E+01  0.3193E-01  0.7644E-02
  0.7424E+01  0.2922E-01  0.7315E-02
  0.7465E+01  0.2620E-01  0.6835E-02
  0.7506E+01  0.2283E-01  0.6189E-02
  0.7547E+01  0.1910E-01  0.5365E-02
  0.7588E+01  0.1498E-01  0.4346E-02
  0.7628E+01  0.1044E-01  0.3122E-02
  0.7669E+01  0.5455E-02  0.1677E-02
  0.7710E+01  0.0000E+00  0.0000E+00
