
           ####      G N O M             Version 5.0 (r13469)      ####
                                               Wed Dec 15 15:11:24 2021

           ####      Configuration                                 ####

    System Type:                   arbitrary monodisperse (job = 0)
    Minimum characteristic size:         0.0000
    Maximum characteristic size:         6.3300
    rad56:                               0.0000
    Force 0.0 at r = rmin:                  yes
    Force 0.0 at r = rmax:                  yes
    Initial alpha:                       0.0000
    Initial random seed:    1439180256824538206
    Points in real space:                   190

    Input  1:                      temp-inp.dat
    First data point used:                    1
    Last data point used:                   570
    Scaling coefficient:             0.1000E+01
    Experimental setup:            point collimation



           ####      Results                                       ####

    Parameter    DISCRP  OSCILL  STABIL  SYSDEV  POSITV  VALCEN  SMOOTH
    Weight        1.000   3.000   3.000   3.000   1.000   1.000   1.000
    Sigma         0.300   0.600   0.120   0.120   0.120   0.120   0.600
    Ideal         0.700   1.100   0.000   1.000   1.000   0.950   0.000
    Current       0.729   1.188   0.012   0.587   1.000   0.897   2.705
               --------------------------------------------------------
    Estimate      0.991   0.979   0.989   0.000   1.000   0.820   0.000

    Angular range:                       0.3012 to       2.9999
    Reciprocal space Rg:             0.2156E+01
    Reciprocal space I(0):           0.4132E+02

    Real space range:                    0.0000 to       6.3300
    Real space Rg:                   0.2162E+01 +-   0.4074E-02
    Real space I(0):                 0.4133E+02 +-   0.6963E-01

    Highest ALPHA (theor):           0.3432E+02
    Current ALPHA:                   0.1473E+02

    Total Estimate:                      0.6704 (a REASONABLE solution)



           ####      Experimental Data and Fit                     ####

      S          J EXP       ERROR       J REG       I REG

   0.000000E+00                                                0.413273E+02
   0.107561E-01                                                0.413198E+02
   0.215123E-01                                                0.412975E+02
   0.322684E-01                                                0.412603E+02
   0.430246E-01                                                0.412083E+02
   0.537807E-01                                                0.411416E+02
   0.645368E-01                                                0.410601E+02
   0.752930E-01                                                0.409641E+02
   0.860491E-01                                                0.408537E+02
   0.968053E-01                                                0.407288E+02
   0.107561E+00                                                0.405898E+02
   0.118318E+00                                                0.404368E+02
   0.129074E+00                                                0.402699E+02
   0.139830E+00                                                0.400893E+02
   0.150586E+00                                                0.398953E+02
   0.161342E+00                                                0.396880E+02
   0.172098E+00                                                0.394677E+02
   0.182854E+00                                                0.392347E+02
   0.193611E+00                                                0.389892E+02
   0.204367E+00                                                0.387314E+02
   0.215123E+00                                                0.384618E+02
   0.225879E+00                                                0.381805E+02
   0.236635E+00                                                0.378880E+02
   0.247391E+00                                                0.375844E+02
   0.258147E+00                                                0.372702E+02
   0.268903E+00                                                0.369457E+02
   0.279660E+00                                                0.366112E+02
   0.290416E+00                                                0.362671E+02
   0.301172E+00   0.362632E+02   0.208490E+00   0.359139E+02   0.359139E+02
   0.305915E+00   0.362336E+02   0.206678E+00   0.357552E+02   0.357552E+02
   0.310658E+00   0.360800E+02   0.204569E+00   0.355949E+02   0.355949E+02
   0.315400E+00   0.356960E+02   0.202636E+00   0.354330E+02   0.354330E+02
   0.320143E+00   0.356488E+02   0.201067E+00   0.352694E+02   0.352694E+02
   0.324886E+00   0.353898E+02   0.199140E+00   0.351042E+02   0.351042E+02
   0.329629E+00   0.352114E+02   0.197366E+00   0.349375E+02   0.349375E+02
   0.334372E+00   0.351757E+02   0.195785E+00   0.347693E+02   0.347693E+02
   0.339115E+00   0.350117E+02   0.196218E+00   0.345995E+02   0.345995E+02
   0.343858E+00   0.347576E+02   0.198384E+00   0.344284E+02   0.344284E+02
   0.348601E+00   0.346069E+02   0.203398E+00   0.342558E+02   0.342558E+02
   0.353343E+00   0.343630E+02   0.206670E+00   0.340818E+02   0.340818E+02
   0.358086E+00   0.342527E+02   0.208533E+00   0.339065E+02   0.339065E+02
   0.362829E+00   0.338370E+02   0.210287E+00   0.337298E+02   0.337298E+02
   0.367572E+00   0.341610E+02   0.211814E+00   0.335519E+02   0.335519E+02
   0.372315E+00   0.335684E+02   0.212935E+00   0.333727E+02   0.333727E+02
   0.377058E+00   0.334061E+02   0.213883E+00   0.331923E+02   0.331923E+02
   0.381801E+00   0.328974E+02   0.214744E+00   0.330108E+02   0.330108E+02
   0.386543E+00   0.326244E+02   0.215541E+00   0.328281E+02   0.328281E+02
   0.391286E+00   0.325611E+02   0.216091E+00   0.326443E+02   0.326443E+02
   0.396029E+00   0.322306E+02   0.216523E+00   0.324594E+02   0.324594E+02
   0.400772E+00   0.327132E+02   0.218304E+00   0.322735E+02   0.322735E+02
   0.405515E+00   0.322248E+02   0.225173E+00   0.320866E+02   0.320866E+02
   0.410258E+00   0.318888E+02   0.230168E+00   0.318987E+02   0.318987E+02
   0.415001E+00   0.317830E+02   0.235264E+00   0.317099E+02   0.317099E+02
   0.419744E+00   0.318366E+02   0.238530E+00   0.315202E+02   0.315202E+02
   0.424486E+00   0.315186E+02   0.241722E+00   0.313297E+02   0.313297E+02
   0.429229E+00   0.310675E+02   0.244805E+00   0.311383E+02   0.311383E+02
   0.433972E+00   0.309300E+02   0.248586E+00   0.309462E+02   0.309462E+02
   0.438715E+00   0.307901E+02   0.251847E+00   0.307533E+02   0.307533E+02
   0.443458E+00   0.306464E+02   0.255562E+00   0.305597E+02   0.305597E+02
   0.448201E+00   0.303235E+02   0.258604E+00   0.303654E+02   0.303654E+02
   0.452944E+00   0.300655E+02   0.263467E+00   0.301704E+02   0.301704E+02
   0.457686E+00   0.297181E+02   0.265115E+00   0.299749E+02   0.299749E+02
   0.462429E+00   0.294699E+02   0.266755E+00   0.297787E+02   0.297787E+02
   0.467172E+00   0.295393E+02   0.266022E+00   0.295821E+02   0.295821E+02
   0.471915E+00   0.294657E+02   0.256087E+00   0.293849E+02   0.293849E+02
   0.476658E+00   0.293356E+02   0.250487E+00   0.291872E+02   0.291872E+02
   0.481401E+00   0.288668E+02   0.246057E+00   0.289891E+02   0.289891E+02
   0.486144E+00   0.283556E+02   0.243628E+00   0.287906E+02   0.287906E+02
   0.490887E+00   0.282457E+02   0.241224E+00   0.285918E+02   0.285918E+02
   0.495629E+00   0.284921E+02   0.238991E+00   0.283926E+02   0.283926E+02
   0.500372E+00   0.283036E+02   0.237241E+00   0.281931E+02   0.281931E+02
   0.505115E+00   0.283498E+02   0.236153E+00   0.279933E+02   0.279933E+02
   0.509858E+00   0.278893E+02   0.234297E+00   0.277933E+02   0.277933E+02
   0.514601E+00   0.275326E+02   0.232192E+00   0.275931E+02   0.275931E+02
   0.519344E+00   0.270832E+02   0.230939E+00   0.273927E+02   0.273927E+02
   0.524087E+00   0.269056E+02   0.228914E+00   0.271922E+02   0.271922E+02
   0.528829E+00   0.266671E+02   0.227968E+00   0.269915E+02   0.269915E+02
   0.533572E+00   0.264946E+02   0.226776E+00   0.267908E+02   0.267908E+02
   0.538315E+00   0.265473E+02   0.225022E+00   0.265901E+02   0.265901E+02
   0.543058E+00   0.262850E+02   0.222972E+00   0.263894E+02   0.263894E+02
   0.547801E+00   0.258788E+02   0.221164E+00   0.261886E+02   0.261886E+02
   0.552544E+00   0.257435E+02   0.219329E+00   0.259880E+02   0.259880E+02
   0.557287E+00   0.255541E+02   0.217467E+00   0.257874E+02   0.257874E+02
   0.562029E+00   0.251758E+02   0.215813E+00   0.255869E+02   0.255869E+02
   0.566772E+00   0.252125E+02   0.214123E+00   0.253866E+02   0.253866E+02
   0.571515E+00   0.250365E+02   0.212554E+00   0.251864E+02   0.251864E+02
   0.576258E+00   0.246782E+02   0.210974E+00   0.249865E+02   0.249865E+02
   0.581001E+00   0.247253E+02   0.210248E+00   0.247868E+02   0.247868E+02
   0.585744E+00   0.244422E+02   0.208697E+00   0.245873E+02   0.245873E+02
   0.590487E+00   0.242351E+02   0.207884E+00   0.243882E+02   0.243882E+02
   0.595230E+00   0.239985E+02   0.206683E+00   0.241893E+02   0.241893E+02
   0.599972E+00   0.237494E+02   0.206762E+00   0.239909E+02   0.239909E+02
   0.604715E+00   0.237839E+02   0.205895E+00   0.237927E+02   0.237927E+02
   0.609458E+00   0.236717E+02   0.204746E+00   0.235950E+02   0.235950E+02
   0.614201E+00   0.230681E+02   0.204187E+00   0.233977E+02   0.233977E+02
   0.618944E+00   0.231458E+02   0.203429E+00   0.232009E+02   0.232009E+02
   0.623687E+00   0.227294E+02   0.202448E+00   0.230046E+02   0.230046E+02
   0.628430E+00   0.227540E+02   0.201523E+00   0.228087E+02   0.228087E+02
   0.633173E+00   0.222757E+02   0.200943E+00   0.226134E+02   0.226134E+02
   0.637915E+00   0.223299E+02   0.200354E+00   0.224187E+02   0.224187E+02
   0.642658E+00   0.222024E+02   0.199674E+00   0.222245E+02   0.222245E+02
   0.647401E+00   0.219671E+02   0.198729E+00   0.220310E+02   0.220310E+02
   0.652144E+00   0.216780E+02   0.198287E+00   0.218381E+02   0.218381E+02
   0.656887E+00   0.214914E+02   0.197701E+00   0.216458E+02   0.216458E+02
   0.661630E+00   0.212464E+02   0.196623E+00   0.214542E+02   0.214542E+02
   0.666373E+00   0.211344E+02   0.195496E+00   0.212633E+02   0.212633E+02
   0.671115E+00   0.207126E+02   0.195044E+00   0.210731E+02   0.210731E+02
   0.675858E+00   0.205473E+02   0.194277E+00   0.208837E+02   0.208837E+02
   0.680601E+00   0.204891E+02   0.193729E+00   0.206951E+02   0.206951E+02
   0.685344E+00   0.203754E+02   0.193407E+00   0.205072E+02   0.205072E+02
   0.690087E+00   0.201733E+02   0.192582E+00   0.203201E+02   0.203201E+02
   0.694830E+00   0.201400E+02   0.192119E+00   0.201339E+02   0.201339E+02
   0.699573E+00   0.196505E+02   0.191041E+00   0.199485E+02   0.199485E+02
   0.704315E+00   0.198106E+02   0.190840E+00   0.197639E+02   0.197639E+02
   0.709058E+00   0.193756E+02   0.189746E+00   0.195803E+02   0.195803E+02
   0.713801E+00   0.192871E+02   0.189295E+00   0.193975E+02   0.193975E+02
   0.718544E+00   0.192199E+02   0.188795E+00   0.192157E+02   0.192157E+02
   0.723287E+00   0.187298E+02   0.188134E+00   0.190348E+02   0.190348E+02
   0.728030E+00   0.185681E+02   0.187259E+00   0.188549E+02   0.188549E+02
   0.732773E+00   0.186321E+02   0.187142E+00   0.186759E+02   0.186759E+02
   0.737515E+00   0.183724E+02   0.186026E+00   0.184979E+02   0.184979E+02
   0.742258E+00   0.182987E+02   0.185648E+00   0.183209E+02   0.183209E+02
   0.747001E+00   0.180113E+02   0.184910E+00   0.181450E+02   0.181450E+02
   0.751744E+00   0.179135E+02   0.184016E+00   0.179700E+02   0.179700E+02
   0.756487E+00   0.177310E+02   0.183284E+00   0.177961E+02   0.177961E+02
   0.761230E+00   0.173806E+02   0.182792E+00   0.176233E+02   0.176233E+02
   0.765973E+00   0.170424E+02   0.182311E+00   0.174515E+02   0.174515E+02
   0.770716E+00   0.169926E+02   0.181716E+00   0.172809E+02   0.172809E+02
   0.775459E+00   0.170776E+02   0.181465E+00   0.171113E+02   0.171113E+02
   0.780201E+00   0.169617E+02   0.181143E+00   0.169428E+02   0.169428E+02
   0.784944E+00   0.167660E+02   0.180121E+00   0.167755E+02   0.167755E+02
   0.789687E+00   0.164778E+02   0.179593E+00   0.166093E+02   0.166093E+02
   0.794430E+00   0.164862E+02   0.179157E+00   0.164442E+02   0.164442E+02
   0.799173E+00   0.162769E+02   0.178315E+00   0.162803E+02   0.162803E+02
   0.803916E+00   0.160057E+02   0.177562E+00   0.161175E+02   0.161175E+02
   0.808658E+00   0.158960E+02   0.177463E+00   0.159559E+02   0.159559E+02
   0.813401E+00   0.156701E+02   0.176866E+00   0.157955E+02   0.157955E+02
   0.818144E+00   0.158315E+02   0.176751E+00   0.156363E+02   0.156363E+02
   0.822887E+00   0.151575E+02   0.175807E+00   0.154783E+02   0.154783E+02
   0.827630E+00   0.151738E+02   0.175001E+00   0.153215E+02   0.153215E+02
   0.832373E+00   0.153078E+02   0.174494E+00   0.151659E+02   0.151659E+02
   0.837116E+00   0.151816E+02   0.174182E+00   0.150115E+02   0.150115E+02
   0.841859E+00   0.148937E+02   0.173726E+00   0.148583E+02   0.148583E+02
   0.846601E+00   0.147436E+02   0.173408E+00   0.147064E+02   0.147064E+02
   0.851344E+00   0.147055E+02   0.172400E+00   0.145557E+02   0.145557E+02
   0.856087E+00   0.142484E+02   0.171847E+00   0.144063E+02   0.144063E+02
   0.860830E+00   0.142005E+02   0.171052E+00   0.142580E+02   0.142580E+02
   0.865573E+00   0.141197E+02   0.170789E+00   0.141111E+02   0.141111E+02
   0.870316E+00   0.137756E+02   0.170211E+00   0.139654E+02   0.139654E+02
   0.875059E+00   0.137580E+02   0.169965E+00   0.138209E+02   0.138209E+02
   0.879802E+00   0.138626E+02   0.169787E+00   0.136777E+02   0.136777E+02
   0.884544E+00   0.137859E+02   0.169105E+00   0.135358E+02   0.135358E+02
   0.889287E+00   0.134537E+02   0.168297E+00   0.133951E+02   0.133951E+02
   0.894030E+00   0.133655E+02   0.167961E+00   0.132557E+02   0.132557E+02
   0.898773E+00   0.132666E+02   0.167522E+00   0.131176E+02   0.131176E+02
   0.903516E+00   0.131663E+02   0.166752E+00   0.129807E+02   0.129807E+02
   0.908259E+00   0.129570E+02   0.166296E+00   0.128451E+02   0.128451E+02
   0.913002E+00   0.128747E+02   0.166084E+00   0.127108E+02   0.127108E+02
   0.917744E+00   0.128805E+02   0.165645E+00   0.125778E+02   0.125778E+02
   0.922487E+00   0.127039E+02   0.165155E+00   0.124460E+02   0.124460E+02
   0.927230E+00   0.122662E+02   0.164472E+00   0.123154E+02   0.123154E+02
   0.931973E+00   0.121878E+02   0.164054E+00   0.121862E+02   0.121862E+02
   0.936716E+00   0.120279E+02   0.163787E+00   0.120582E+02   0.120582E+02
   0.941459E+00   0.118580E+02   0.163059E+00   0.119315E+02   0.119315E+02
   0.946202E+00   0.118750E+02   0.162504E+00   0.118060E+02   0.118060E+02
   0.950944E+00   0.117911E+02   0.162360E+00   0.116818E+02   0.116818E+02
   0.955687E+00   0.116761E+02   0.162147E+00   0.115588E+02   0.115588E+02
   0.960430E+00   0.114280E+02   0.161244E+00   0.114371E+02   0.114371E+02
   0.965173E+00   0.113454E+02   0.160651E+00   0.113167E+02   0.113167E+02
   0.969916E+00   0.111523E+02   0.160240E+00   0.111975E+02   0.111975E+02
   0.974659E+00   0.112396E+02   0.160115E+00   0.110795E+02   0.110795E+02
   0.979402E+00   0.112164E+02   0.159794E+00   0.109628E+02   0.109628E+02
   0.984144E+00   0.109800E+02   0.159325E+00   0.108473E+02   0.108473E+02
   0.988887E+00   0.109036E+02   0.158822E+00   0.107331E+02   0.107331E+02
   0.993630E+00   0.107912E+02   0.158546E+00   0.106200E+02   0.106200E+02
   0.998373E+00   0.107022E+02   0.158186E+00   0.105082E+02   0.105082E+02
   0.100312E+01   0.106023E+02   0.157736E+00   0.103976E+02   0.103976E+02
   0.100786E+01   0.103703E+02   0.157289E+00   0.102882E+02   0.102882E+02
   0.101260E+01   0.100807E+02   0.156259E+00   0.101800E+02   0.101800E+02
   0.101734E+01   0.101888E+02   0.156403E+00   0.100730E+02   0.100730E+02
   0.102209E+01   0.102248E+02   0.156173E+00   0.996715E+01   0.996715E+01
   0.102683E+01   0.100346E+02   0.155571E+00   0.986251E+01   0.986251E+01
   0.103157E+01   0.983392E+01   0.154929E+00   0.975904E+01   0.975904E+01
   0.103632E+01   0.972926E+01   0.154629E+00   0.965673E+01   0.965673E+01
   0.104106E+01   0.964118E+01   0.154357E+00   0.955558E+01   0.955558E+01
   0.104580E+01   0.958605E+01   0.153743E+00   0.945558E+01   0.945558E+01
   0.105055E+01   0.958418E+01   0.153677E+00   0.935673E+01   0.935673E+01
   0.105529E+01   0.929274E+01   0.152889E+00   0.925903E+01   0.925903E+01
   0.106003E+01   0.934583E+01   0.152653E+00   0.916244E+01   0.916244E+01
   0.106477E+01   0.938854E+01   0.152288E+00   0.906696E+01   0.906696E+01
   0.106952E+01   0.939471E+01   0.152078E+00   0.897259E+01   0.897259E+01
   0.107426E+01   0.920890E+01   0.151994E+00   0.887933E+01   0.887933E+01
   0.107900E+01   0.892382E+01   0.151334E+00   0.878715E+01   0.878715E+01
   0.108374E+01   0.874245E+01   0.151196E+00   0.869606E+01   0.869606E+01
   0.108849E+01   0.863074E+01   0.150347E+00   0.860604E+01   0.860604E+01
   0.109323E+01   0.850646E+01   0.149835E+00   0.851711E+01   0.851711E+01
   0.109797E+01   0.848815E+01   0.150020E+00   0.842921E+01   0.842921E+01
   0.110272E+01   0.859946E+01   0.149753E+00   0.834235E+01   0.834235E+01
   0.110746E+01   0.855470E+01   0.149227E+00   0.825653E+01   0.825653E+01
   0.111220E+01   0.836091E+01   0.148543E+00   0.817174E+01   0.817174E+01
   0.111695E+01   0.840746E+01   0.148313E+00   0.808796E+01   0.808796E+01
   0.112169E+01   0.822411E+01   0.148229E+00   0.800518E+01   0.800518E+01
   0.112643E+01   0.784914E+01   0.147479E+00   0.792342E+01   0.792342E+01
   0.113117E+01   0.817906E+01   0.147457E+00   0.784262E+01   0.784262E+01
   0.113592E+01   0.791646E+01   0.147044E+00   0.776280E+01   0.776280E+01
   0.114066E+01   0.779548E+01   0.146814E+00   0.768395E+01   0.768395E+01
   0.114540E+01   0.764218E+01   0.146578E+00   0.760604E+01   0.760604E+01
   0.115014E+01   0.753590E+01   0.145781E+00   0.752908E+01   0.752908E+01
   0.115489E+01   0.753372E+01   0.145684E+00   0.745306E+01   0.745306E+01
   0.115963E+01   0.751124E+01   0.145351E+00   0.737795E+01   0.737795E+01
   0.116437E+01   0.755262E+01   0.145236E+00   0.730377E+01   0.730377E+01
   0.116912E+01   0.729969E+01   0.144765E+00   0.723048E+01   0.723048E+01
   0.117386E+01   0.713185E+01   0.144403E+00   0.715807E+01   0.715807E+01
   0.117860E+01   0.733337E+01   0.144255E+00   0.708654E+01   0.708654E+01
   0.118335E+01   0.718896E+01   0.143837E+00   0.701588E+01   0.701588E+01
   0.118809E+01   0.700197E+01   0.143700E+00   0.694608E+01   0.694608E+01
   0.119283E+01   0.708568E+01   0.143114E+00   0.687712E+01   0.687712E+01
   0.119757E+01   0.702107E+01   0.142870E+00   0.680902E+01   0.680902E+01
   0.120232E+01   0.679787E+01   0.142553E+00   0.674172E+01   0.674172E+01
   0.120706E+01   0.678097E+01   0.143019E+00   0.667524E+01   0.667524E+01
   0.121180E+01   0.676801E+01   0.147659E+00   0.660956E+01   0.660956E+01
   0.121654E+01   0.660608E+01   0.150718E+00   0.654467E+01   0.654467E+01
   0.122129E+01   0.645496E+01   0.152284E+00   0.648056E+01   0.648056E+01
   0.122603E+01   0.657173E+01   0.154636E+00   0.641722E+01   0.641722E+01
   0.123077E+01   0.650702E+01   0.156052E+00   0.635464E+01   0.635464E+01
   0.123552E+01   0.665077E+01   0.157416E+00   0.629282E+01   0.629282E+01
   0.124026E+01   0.632628E+01   0.158844E+00   0.623173E+01   0.623173E+01
   0.124500E+01   0.604393E+01   0.159849E+00   0.617136E+01   0.617136E+01
   0.124975E+01   0.616576E+01   0.161088E+00   0.611171E+01   0.611171E+01
   0.125449E+01   0.602752E+01   0.162414E+00   0.605277E+01   0.605277E+01
   0.125923E+01   0.597559E+01   0.163061E+00   0.599452E+01   0.599452E+01
   0.126397E+01   0.610252E+01   0.163135E+00   0.593695E+01   0.593695E+01
   0.126872E+01   0.566852E+01   0.163334E+00   0.588008E+01   0.588008E+01
   0.127346E+01   0.577282E+01   0.160985E+00   0.582385E+01   0.582385E+01
   0.127820E+01   0.599879E+01   0.155266E+00   0.576828E+01   0.576828E+01
   0.128295E+01   0.583723E+01   0.152330E+00   0.571335E+01   0.571335E+01
   0.128769E+01   0.578600E+01   0.150160E+00   0.565905E+01   0.565905E+01
   0.129243E+01   0.580238E+01   0.147926E+00   0.560538E+01   0.560538E+01
   0.129717E+01   0.559985E+01   0.146604E+00   0.555232E+01   0.555232E+01
   0.130192E+01   0.566313E+01   0.145018E+00   0.549987E+01   0.549987E+01
   0.130666E+01   0.565507E+01   0.144012E+00   0.544801E+01   0.544801E+01
   0.131140E+01   0.553591E+01   0.142843E+00   0.539672E+01   0.539672E+01
   0.131614E+01   0.536322E+01   0.141589E+00   0.534602E+01   0.534602E+01
   0.132089E+01   0.507473E+01   0.141076E+00   0.529588E+01   0.529588E+01
   0.132563E+01   0.523158E+01   0.140466E+00   0.524629E+01   0.524629E+01
   0.133037E+01   0.534739E+01   0.139948E+00   0.519725E+01   0.519725E+01
   0.133512E+01   0.518017E+01   0.139583E+00   0.514874E+01   0.514874E+01
   0.133986E+01   0.515182E+01   0.139437E+00   0.510078E+01   0.510078E+01
   0.134460E+01   0.500033E+01   0.138775E+00   0.505332E+01   0.505332E+01
   0.134935E+01   0.488356E+01   0.138215E+00   0.500637E+01   0.500637E+01
   0.135409E+01   0.498497E+01   0.138215E+00   0.495992E+01   0.495992E+01
   0.135883E+01   0.507172E+01   0.137898E+00   0.491396E+01   0.491396E+01
   0.136357E+01   0.505330E+01   0.137535E+00   0.486848E+01   0.486848E+01
   0.136832E+01   0.489720E+01   0.137186E+00   0.482349E+01   0.482349E+01
   0.137306E+01   0.474661E+01   0.136552E+00   0.477896E+01   0.477896E+01
   0.137780E+01   0.468330E+01   0.136365E+00   0.473489E+01   0.473489E+01
   0.138254E+01   0.466877E+01   0.136050E+00   0.469127E+01   0.469127E+01
   0.138729E+01   0.465522E+01   0.135905E+00   0.464809E+01   0.464809E+01
   0.139203E+01   0.467573E+01   0.135445E+00   0.460534E+01   0.460534E+01
   0.139677E+01   0.457612E+01   0.135299E+00   0.456302E+01   0.456302E+01
   0.140152E+01   0.429296E+01   0.134754E+00   0.452112E+01   0.452112E+01
   0.140626E+01   0.447942E+01   0.134665E+00   0.447963E+01   0.447963E+01
   0.141100E+01   0.437865E+01   0.134262E+00   0.443856E+01   0.443856E+01
   0.141575E+01   0.434299E+01   0.134036E+00   0.439787E+01   0.439787E+01
   0.142049E+01   0.439928E+01   0.133681E+00   0.435758E+01   0.435758E+01
   0.142523E+01   0.419929E+01   0.133560E+00   0.431767E+01   0.431767E+01
   0.142997E+01   0.430970E+01   0.133612E+00   0.427814E+01   0.427814E+01
   0.143472E+01   0.425419E+01   0.132919E+00   0.423897E+01   0.423897E+01
   0.143946E+01   0.420874E+01   0.132535E+00   0.420017E+01   0.420017E+01
   0.144420E+01   0.418723E+01   0.132435E+00   0.416174E+01   0.416174E+01
   0.144894E+01   0.400646E+01   0.132275E+00   0.412365E+01   0.412365E+01
   0.145369E+01   0.401593E+01   0.132213E+00   0.408591E+01   0.408591E+01
   0.145843E+01   0.392697E+01   0.131605E+00   0.404850E+01   0.404850E+01
   0.146317E+01   0.377723E+01   0.131351E+00   0.401143E+01   0.401143E+01
   0.146792E+01   0.382848E+01   0.131101E+00   0.397469E+01   0.397469E+01
   0.147266E+01   0.384230E+01   0.131120E+00   0.393827E+01   0.393827E+01
   0.147740E+01   0.378193E+01   0.130523E+00   0.390217E+01   0.390217E+01
   0.148215E+01   0.376788E+01   0.130332E+00   0.386638E+01   0.386638E+01
   0.148689E+01   0.394135E+01   0.130463E+00   0.383090E+01   0.383090E+01
   0.149163E+01   0.381351E+01   0.129911E+00   0.379572E+01   0.379572E+01
   0.149637E+01   0.353285E+01   0.129695E+00   0.376083E+01   0.376083E+01
   0.150112E+01   0.352967E+01   0.129476E+00   0.372624E+01   0.372624E+01
   0.150586E+01   0.366024E+01   0.131988E+00   0.369193E+01   0.369193E+01
   0.151060E+01   0.360225E+01   0.135784E+00   0.365791E+01   0.365791E+01
   0.151534E+01   0.371204E+01   0.137730E+00   0.362417E+01   0.362417E+01
   0.152009E+01   0.361580E+01   0.139779E+00   0.359071E+01   0.359071E+01
   0.152483E+01   0.355542E+01   0.141045E+00   0.355751E+01   0.355751E+01
   0.152957E+01   0.340596E+01   0.141919E+00   0.352458E+01   0.352458E+01
   0.153432E+01   0.337233E+01   0.138581E+00   0.349191E+01   0.349191E+01
   0.153906E+01   0.348323E+01   0.136127E+00   0.345950E+01   0.345950E+01
   0.154380E+01   0.321095E+01   0.134865E+00   0.342735E+01   0.342735E+01
   0.154855E+01   0.337079E+01   0.132958E+00   0.339546E+01   0.339546E+01
   0.155329E+01   0.319608E+01   0.131674E+00   0.336381E+01   0.336381E+01
   0.155803E+01   0.316883E+01   0.130780E+00   0.333240E+01   0.333240E+01
   0.156277E+01   0.304994E+01   0.129469E+00   0.330124E+01   0.330124E+01
   0.156752E+01   0.334012E+01   0.127986E+00   0.327032E+01   0.327032E+01
   0.157226E+01   0.311141E+01   0.127581E+00   0.323963E+01   0.323963E+01
   0.157700E+01   0.303716E+01   0.126578E+00   0.320918E+01   0.320918E+01
   0.158175E+01   0.301323E+01   0.126243E+00   0.317896E+01   0.317896E+01
   0.158649E+01   0.301455E+01   0.126217E+00   0.314898E+01   0.314898E+01
   0.159123E+01   0.302838E+01   0.126532E+00   0.311921E+01   0.311921E+01
   0.159597E+01   0.305455E+01   0.126700E+00   0.308967E+01   0.308967E+01
   0.160072E+01   0.290012E+01   0.126724E+00   0.306036E+01   0.306036E+01
   0.160546E+01   0.298957E+01   0.126553E+00   0.303126E+01   0.303126E+01
   0.161020E+01   0.279446E+01   0.126012E+00   0.300238E+01   0.300238E+01
   0.161495E+01   0.285080E+01   0.125859E+00   0.297372E+01   0.297372E+01
   0.161969E+01   0.274194E+01   0.125830E+00   0.294527E+01   0.294527E+01
   0.162443E+01   0.262820E+01   0.125614E+00   0.291704E+01   0.291704E+01
   0.162917E+01   0.293007E+01   0.125403E+00   0.288901E+01   0.288901E+01
   0.163392E+01   0.268271E+01   0.124568E+00   0.286120E+01   0.286120E+01
   0.163866E+01   0.283791E+01   0.124659E+00   0.283359E+01   0.283359E+01
   0.164340E+01   0.287025E+01   0.124464E+00   0.280619E+01   0.280619E+01
   0.164815E+01   0.266271E+01   0.124624E+00   0.277899E+01   0.277899E+01
   0.165289E+01   0.274471E+01   0.124426E+00   0.275200E+01   0.275200E+01
   0.165763E+01   0.272521E+01   0.123996E+00   0.272521E+01   0.272521E+01
   0.166237E+01   0.283346E+01   0.123702E+00   0.269862E+01   0.269862E+01
   0.166712E+01   0.264580E+01   0.123418E+00   0.267224E+01   0.267224E+01
   0.167186E+01   0.247655E+01   0.123151E+00   0.264605E+01   0.264605E+01
   0.167660E+01   0.256387E+01   0.123144E+00   0.262006E+01   0.262006E+01
   0.168135E+01   0.255272E+01   0.123361E+00   0.259427E+01   0.259427E+01
   0.168609E+01   0.247279E+01   0.122638E+00   0.256868E+01   0.256868E+01
   0.169083E+01   0.242767E+01   0.122297E+00   0.254329E+01   0.254329E+01
   0.169557E+01   0.243760E+01   0.122571E+00   0.251809E+01   0.251809E+01
   0.170032E+01   0.232556E+01   0.122173E+00   0.249309E+01   0.249309E+01
   0.170506E+01   0.228563E+01   0.121686E+00   0.246828E+01   0.246828E+01
   0.170980E+01   0.239594E+01   0.121701E+00   0.244366E+01   0.244366E+01
   0.171455E+01   0.243352E+01   0.121474E+00   0.241924E+01   0.241924E+01
   0.171929E+01   0.237499E+01   0.121368E+00   0.239502E+01   0.239502E+01
   0.172403E+01   0.228126E+01   0.121254E+00   0.237099E+01   0.237099E+01
   0.172877E+01   0.214303E+01   0.120809E+00   0.234715E+01   0.234715E+01
   0.173352E+01   0.216698E+01   0.120486E+00   0.232351E+01   0.232351E+01
   0.173826E+01   0.228444E+01   0.120414E+00   0.230005E+01   0.230005E+01
   0.174300E+01   0.222161E+01   0.120367E+00   0.227679E+01   0.227679E+01
   0.174775E+01   0.213128E+01   0.120260E+00   0.225372E+01   0.225372E+01
   0.175249E+01   0.224868E+01   0.119925E+00   0.223085E+01   0.223085E+01
   0.175723E+01   0.220936E+01   0.119999E+00   0.220817E+01   0.220817E+01
   0.176197E+01   0.217260E+01   0.119763E+00   0.218568E+01   0.218568E+01
   0.176672E+01   0.222800E+01   0.119377E+00   0.216338E+01   0.216338E+01
   0.177146E+01   0.216194E+01   0.119370E+00   0.214128E+01   0.214128E+01
   0.177620E+01   0.188778E+01   0.118922E+00   0.211937E+01   0.211937E+01
   0.178095E+01   0.206968E+01   0.118920E+00   0.209765E+01   0.209765E+01
   0.178569E+01   0.206291E+01   0.118724E+00   0.207612E+01   0.207612E+01
   0.179043E+01   0.200589E+01   0.118592E+00   0.205478E+01   0.205478E+01
   0.179517E+01   0.199408E+01   0.118526E+00   0.203365E+01   0.203365E+01
   0.179992E+01   0.197240E+01   0.118364E+00   0.201270E+01   0.201270E+01
   0.180466E+01   0.184964E+01   0.117858E+00   0.199194E+01   0.199194E+01
   0.180940E+01   0.188493E+01   0.117792E+00   0.197138E+01   0.197138E+01
   0.181415E+01   0.195810E+01   0.117760E+00   0.195101E+01   0.195101E+01
   0.181889E+01   0.207389E+01   0.117474E+00   0.193083E+01   0.193083E+01
   0.182363E+01   0.192657E+01   0.117361E+00   0.191085E+01   0.191085E+01
   0.182838E+01   0.184928E+01   0.117209E+00   0.189106E+01   0.189106E+01
   0.183312E+01   0.180850E+01   0.116952E+00   0.187147E+01   0.187147E+01
   0.183786E+01   0.189019E+01   0.117066E+00   0.185206E+01   0.185206E+01
   0.184260E+01   0.183123E+01   0.116984E+00   0.183285E+01   0.183285E+01
   0.184735E+01   0.179595E+01   0.116675E+00   0.181384E+01   0.181384E+01
   0.185209E+01   0.182887E+01   0.116364E+00   0.179502E+01   0.179502E+01
   0.185683E+01   0.178324E+01   0.116141E+00   0.177639E+01   0.177639E+01
   0.186157E+01   0.171749E+01   0.116004E+00   0.175796E+01   0.175796E+01
   0.186632E+01   0.170101E+01   0.116168E+00   0.173973E+01   0.173973E+01
   0.187106E+01   0.159668E+01   0.115676E+00   0.172168E+01   0.172168E+01
   0.187580E+01   0.176732E+01   0.115342E+00   0.170383E+01   0.170383E+01
   0.188055E+01   0.165675E+01   0.115344E+00   0.168618E+01   0.168618E+01
   0.188529E+01   0.162129E+01   0.115183E+00   0.166872E+01   0.166872E+01
   0.189003E+01   0.170051E+01   0.115065E+00   0.165145E+01   0.165145E+01
   0.189478E+01   0.169674E+01   0.114882E+00   0.163438E+01   0.163438E+01
   0.189952E+01   0.159888E+01   0.114706E+00   0.161750E+01   0.161750E+01
   0.190426E+01   0.169465E+01   0.114522E+00   0.160082E+01   0.160082E+01
   0.190900E+01   0.160129E+01   0.114307E+00   0.158433E+01   0.158433E+01
   0.191375E+01   0.163854E+01   0.114266E+00   0.156803E+01   0.156803E+01
   0.191849E+01   0.173251E+01   0.114386E+00   0.155193E+01   0.155193E+01
   0.192323E+01   0.174450E+01   0.114343E+00   0.153602E+01   0.153602E+01
   0.192797E+01   0.163826E+01   0.114074E+00   0.152030E+01   0.152030E+01
   0.193272E+01   0.151946E+01   0.113606E+00   0.150477E+01   0.150477E+01
   0.193746E+01   0.155743E+01   0.113246E+00   0.148944E+01   0.148944E+01
   0.194220E+01   0.141379E+01   0.113053E+00   0.147430E+01   0.147430E+01
   0.194695E+01   0.139908E+01   0.112440E+00   0.145936E+01   0.145936E+01
   0.195169E+01   0.145329E+01   0.112313E+00   0.144460E+01   0.144460E+01
   0.195643E+01   0.144576E+01   0.112354E+00   0.143003E+01   0.143003E+01
   0.196117E+01   0.138625E+01   0.112157E+00   0.141566E+01   0.141566E+01
   0.196592E+01   0.131634E+01   0.112143E+00   0.140147E+01   0.140147E+01
   0.197066E+01   0.138712E+01   0.111942E+00   0.138748E+01   0.138748E+01
   0.197540E+01   0.144713E+01   0.111885E+00   0.137367E+01   0.137367E+01
   0.198015E+01   0.141014E+01   0.111903E+00   0.136005E+01   0.136005E+01
   0.198489E+01   0.149346E+01   0.111915E+00   0.134661E+01   0.134661E+01
   0.198963E+01   0.147167E+01   0.112068E+00   0.133337E+01   0.133337E+01
   0.199438E+01   0.143788E+01   0.111908E+00   0.132031E+01   0.132031E+01
   0.199912E+01   0.134745E+01   0.111540E+00   0.130743E+01   0.130743E+01
   0.200386E+01   0.127125E+01   0.111569E+00   0.129474E+01   0.129474E+01
   0.200860E+01   0.102062E+01   0.111554E+00   0.128224E+01   0.128224E+01
   0.201335E+01   0.129125E+01   0.112672E+00   0.126991E+01   0.126991E+01
   0.201809E+01   0.132255E+01   0.115771E+00   0.125777E+01   0.125777E+01
   0.202283E+01   0.122195E+01   0.117782E+00   0.124581E+01   0.124581E+01
   0.202758E+01   0.122166E+01   0.119137E+00   0.123403E+01   0.123403E+01
   0.203232E+01   0.127910E+01   0.120312E+00   0.122243E+01   0.122243E+01
   0.203706E+01   0.139305E+01   0.121280E+00   0.121100E+01   0.121100E+01
   0.204180E+01   0.132347E+01   0.122310E+00   0.119976E+01   0.119976E+01
   0.204655E+01   0.117134E+01   0.122680E+00   0.118869E+01   0.118869E+01
   0.205129E+01   0.128973E+01   0.123110E+00   0.117779E+01   0.117779E+01
   0.205603E+01   0.123846E+01   0.123637E+00   0.116706E+01   0.116706E+01
   0.206078E+01   0.132730E+01   0.123826E+00   0.115651E+01   0.115651E+01
   0.206552E+01   0.107340E+01   0.123900E+00   0.114613E+01   0.114613E+01
   0.207026E+01   0.102760E+01   0.124056E+00   0.113592E+01   0.113592E+01
   0.207500E+01   0.121039E+01   0.124416E+00   0.112588E+01   0.112588E+01
   0.207975E+01   0.112721E+01   0.121955E+00   0.111600E+01   0.111600E+01
   0.208449E+01   0.127168E+01   0.118817E+00   0.110629E+01   0.110629E+01
   0.208923E+01   0.110653E+01   0.117236E+00   0.109674E+01   0.109674E+01
   0.209397E+01   0.120688E+01   0.115616E+00   0.108735E+01   0.108735E+01
   0.209872E+01   0.106603E+01   0.114268E+00   0.107813E+01   0.107813E+01
   0.210346E+01   0.113508E+01   0.113579E+00   0.106906E+01   0.106906E+01
   0.210820E+01   0.106199E+01   0.112743E+00   0.106015E+01   0.106015E+01
   0.211295E+01   0.903623E+00   0.112522E+00   0.105140E+01   0.105140E+01
   0.211769E+01   0.107957E+01   0.112302E+00   0.104281E+01   0.104281E+01
   0.212243E+01   0.998923E+00   0.111952E+00   0.103436E+01   0.103436E+01
   0.212717E+01   0.111064E+01   0.111688E+00   0.102607E+01   0.102607E+01
   0.213192E+01   0.110900E+01   0.111375E+00   0.101792E+01   0.101792E+01
   0.213666E+01   0.103089E+01   0.111091E+00   0.100993E+01   0.100993E+01
   0.214140E+01   0.105091E+01   0.111048E+00   0.100208E+01   0.100208E+01
   0.214615E+01   0.109639E+01   0.110631E+00   0.994372E+00   0.994372E+00
   0.215089E+01   0.110281E+01   0.110572E+00   0.986808E+00   0.986808E+00
   0.215563E+01   0.103292E+01   0.110343E+00   0.979385E+00   0.979385E+00
   0.216038E+01   0.840851E+00   0.109906E+00   0.972099E+00   0.972099E+00
   0.216512E+01   0.889217E+00   0.109979E+00   0.964951E+00   0.964951E+00
   0.216986E+01   0.976212E+00   0.109852E+00   0.957938E+00   0.957938E+00
   0.217460E+01   0.102637E+01   0.109348E+00   0.951057E+00   0.951057E+00
   0.217935E+01   0.107931E+01   0.109439E+00   0.944308E+00   0.944308E+00
   0.218409E+01   0.102113E+01   0.109310E+00   0.937689E+00   0.937689E+00
   0.218883E+01   0.105270E+01   0.109457E+00   0.931195E+00   0.931195E+00
   0.219358E+01   0.875926E+00   0.109113E+00   0.924827E+00   0.924827E+00
   0.219832E+01   0.986797E+00   0.108849E+00   0.918581E+00   0.918581E+00
   0.220306E+01   0.106888E+01   0.108665E+00   0.912457E+00   0.912457E+00
   0.220780E+01   0.976919E+00   0.108590E+00   0.906452E+00   0.906452E+00
   0.221255E+01   0.867712E+00   0.108160E+00   0.900563E+00   0.900563E+00
   0.221729E+01   0.655641E+00   0.108086E+00   0.894791E+00   0.894791E+00
   0.222203E+01   0.792708E+00   0.107985E+00   0.889131E+00   0.889131E+00
   0.222677E+01   0.903108E+00   0.108104E+00   0.883581E+00   0.883581E+00
   0.223152E+01   0.102117E+01   0.107813E+00   0.878140E+00   0.878140E+00
   0.223626E+01   0.881062E+00   0.107632E+00   0.872806E+00   0.872806E+00
   0.224100E+01   0.936300E+00   0.107602E+00   0.867576E+00   0.867576E+00
   0.224575E+01   0.976619E+00   0.107280E+00   0.862449E+00   0.862449E+00
   0.225049E+01   0.881342E+00   0.107258E+00   0.857422E+00   0.857422E+00
   0.225523E+01   0.826434E+00   0.106861E+00   0.852495E+00   0.852495E+00
   0.225997E+01   0.754628E+00   0.106847E+00   0.847662E+00   0.847662E+00
   0.226472E+01   0.710016E+00   0.106542E+00   0.842924E+00   0.842924E+00
   0.226946E+01   0.884090E+00   0.106606E+00   0.838281E+00   0.838281E+00
   0.227420E+01   0.919358E+00   0.106567E+00   0.833722E+00   0.833722E+00
   0.227895E+01   0.808489E+00   0.106612E+00   0.829254E+00   0.829254E+00
   0.228369E+01   0.912028E+00   0.106348E+00   0.824871E+00   0.824871E+00
   0.228843E+01   0.833624E+00   0.106250E+00   0.820573E+00   0.820573E+00
   0.229318E+01   0.864783E+00   0.106025E+00   0.816356E+00   0.816356E+00
   0.229792E+01   0.723541E+00   0.105793E+00   0.812218E+00   0.812218E+00
   0.230266E+01   0.754768E+00   0.105679E+00   0.808158E+00   0.808158E+00
   0.230740E+01   0.667384E+00   0.105290E+00   0.804174E+00   0.804174E+00
   0.231215E+01   0.908275E+00   0.105537E+00   0.800263E+00   0.800263E+00
   0.231689E+01   0.760836E+00   0.105257E+00   0.796423E+00   0.796423E+00
   0.232163E+01   0.765049E+00   0.105063E+00   0.792654E+00   0.792654E+00
   0.232638E+01   0.724177E+00   0.105170E+00   0.788951E+00   0.788951E+00
   0.233112E+01   0.787803E+00   0.105124E+00   0.785314E+00   0.785314E+00
   0.233586E+01   0.877130E+00   0.104912E+00   0.781741E+00   0.781741E+00
   0.234060E+01   0.927586E+00   0.104816E+00   0.778229E+00   0.778229E+00
   0.234535E+01   0.710897E+00   0.104560E+00   0.774776E+00   0.774776E+00
   0.235009E+01   0.743920E+00   0.104411E+00   0.771382E+00   0.771382E+00
   0.235483E+01   0.629962E+00   0.104324E+00   0.768043E+00   0.768043E+00
   0.235957E+01   0.766109E+00   0.104494E+00   0.764759E+00   0.764759E+00
   0.236432E+01   0.805886E+00   0.103962E+00   0.761526E+00   0.761526E+00
   0.236906E+01   0.815963E+00   0.104409E+00   0.758344E+00   0.758344E+00
   0.237380E+01   0.645459E+00   0.103775E+00   0.755210E+00   0.755210E+00
   0.237855E+01   0.734203E+00   0.103896E+00   0.752123E+00   0.752123E+00
   0.238329E+01   0.704785E+00   0.103518E+00   0.749082E+00   0.749082E+00
   0.238803E+01   0.666403E+00   0.103645E+00   0.746082E+00   0.746082E+00
   0.239277E+01   0.714191E+00   0.103604E+00   0.743125E+00   0.743125E+00
   0.239752E+01   0.671930E+00   0.103306E+00   0.740208E+00   0.740208E+00
   0.240226E+01   0.631852E+00   0.103369E+00   0.737328E+00   0.737328E+00
   0.240700E+01   0.756942E+00   0.103128E+00   0.734485E+00   0.734485E+00
   0.241175E+01   0.745087E+00   0.103318E+00   0.731677E+00   0.731677E+00
   0.241649E+01   0.793294E+00   0.103062E+00   0.728903E+00   0.728903E+00
   0.242123E+01   0.761678E+00   0.102794E+00   0.726160E+00   0.726160E+00
   0.242598E+01   0.769378E+00   0.102610E+00   0.723447E+00   0.723447E+00
   0.243072E+01   0.741487E+00   0.102502E+00   0.720764E+00   0.720764E+00
   0.243546E+01   0.569643E+00   0.102400E+00   0.718108E+00   0.718108E+00
   0.244020E+01   0.634230E+00   0.102369E+00   0.715477E+00   0.715477E+00
   0.244495E+01   0.591069E+00   0.102292E+00   0.712871E+00   0.712871E+00
   0.244969E+01   0.663951E+00   0.102068E+00   0.710288E+00   0.710288E+00
   0.245443E+01   0.644933E+00   0.102039E+00   0.707727E+00   0.707727E+00
   0.245918E+01   0.708486E+00   0.101939E+00   0.705187E+00   0.705187E+00
   0.246392E+01   0.620821E+00   0.101799E+00   0.702666E+00   0.702666E+00
   0.246866E+01   0.502042E+00   0.101918E+00   0.700163E+00   0.700163E+00
   0.247340E+01   0.582605E+00   0.101549E+00   0.697676E+00   0.697676E+00
   0.247815E+01   0.642340E+00   0.101381E+00   0.695205E+00   0.695205E+00
   0.248289E+01   0.464737E+00   0.101347E+00   0.692749E+00   0.692749E+00
   0.248763E+01   0.500029E+00   0.101189E+00   0.690305E+00   0.690305E+00
   0.249238E+01   0.721405E+00   0.101273E+00   0.687875E+00   0.687875E+00
   0.249712E+01   0.543965E+00   0.101120E+00   0.685455E+00   0.685455E+00
   0.250186E+01   0.577180E+00   0.101081E+00   0.683047E+00   0.683047E+00
   0.250660E+01   0.580328E+00   0.100938E+00   0.680647E+00   0.680647E+00
   0.251135E+01   0.561934E+00   0.100601E+00   0.678255E+00   0.678255E+00
   0.251609E+01   0.608840E+00   0.100547E+00   0.675871E+00   0.675871E+00
   0.252083E+01   0.684170E+00   0.100801E+00   0.673494E+00   0.673494E+00
   0.252558E+01   0.614157E+00   0.100105E+00   0.671122E+00   0.671122E+00
   0.253032E+01   0.513323E+00   0.998506E-01   0.668755E+00   0.668755E+00
   0.253506E+01   0.561098E+00   0.999567E-01   0.666393E+00   0.666393E+00
   0.253980E+01   0.657851E+00   0.999122E-01   0.664034E+00   0.664034E+00
   0.254455E+01   0.631811E+00   0.998645E-01   0.661678E+00   0.661678E+00
   0.254929E+01   0.580459E+00   0.995589E-01   0.659324E+00   0.659324E+00
   0.255403E+01   0.604622E+00   0.995347E-01   0.656972E+00   0.656972E+00
   0.255878E+01   0.581873E+00   0.995300E-01   0.654620E+00   0.654620E+00
   0.256352E+01   0.632563E+00   0.992522E-01   0.652269E+00   0.652269E+00
   0.256826E+01   0.614805E+00   0.995555E-01   0.649919E+00   0.649919E+00
   0.257300E+01   0.517674E+00   0.992210E-01   0.647567E+00   0.647567E+00
   0.257775E+01   0.551942E+00   0.993850E-01   0.645214E+00   0.645214E+00
   0.258249E+01   0.557710E+00   0.992570E-01   0.642860E+00   0.642860E+00
   0.258723E+01   0.529580E+00   0.993511E-01   0.640503E+00   0.640503E+00
   0.259198E+01   0.551761E+00   0.990228E-01   0.638145E+00   0.638145E+00
   0.259672E+01   0.524248E+00   0.990204E-01   0.635784E+00   0.635784E+00
   0.260146E+01   0.486769E+00   0.988598E-01   0.633420E+00   0.633420E+00
   0.260620E+01   0.493425E+00   0.987846E-01   0.631053E+00   0.631053E+00
   0.261095E+01   0.548820E+00   0.989683E-01   0.628682E+00   0.628682E+00
   0.261569E+01   0.538510E+00   0.986970E-01   0.626309E+00   0.626309E+00
   0.262043E+01   0.567619E+00   0.986762E-01   0.623931E+00   0.623931E+00
   0.262518E+01   0.450460E+00   0.984878E-01   0.621549E+00   0.621549E+00
   0.262992E+01   0.601848E+00   0.986954E-01   0.619163E+00   0.619163E+00
   0.263466E+01   0.675943E+00   0.984262E-01   0.616774E+00   0.616774E+00
   0.263940E+01   0.561257E+00   0.982972E-01   0.614380E+00   0.614380E+00
   0.264415E+01   0.672371E+00   0.981277E-01   0.611982E+00   0.611982E+00
   0.264889E+01   0.782167E+00   0.980421E-01   0.609580E+00   0.609580E+00
   0.265363E+01   0.601190E+00   0.980779E-01   0.607173E+00   0.607173E+00
   0.265838E+01   0.533160E+00   0.978721E-01   0.604763E+00   0.604763E+00
   0.266312E+01   0.476878E+00   0.978510E-01   0.602348E+00   0.602348E+00
   0.266786E+01   0.515160E+00   0.975918E-01   0.599929E+00   0.599929E+00
   0.267260E+01   0.481424E+00   0.975841E-01   0.597507E+00   0.597507E+00
   0.267735E+01   0.581880E+00   0.975089E-01   0.595081E+00   0.595081E+00
   0.268209E+01   0.668875E+00   0.975306E-01   0.592652E+00   0.592652E+00
   0.268683E+01   0.532772E+00   0.973215E-01   0.590219E+00   0.590219E+00
   0.269158E+01   0.489184E+00   0.971856E-01   0.587783E+00   0.587783E+00
   0.269632E+01   0.475366E+00   0.972610E-01   0.585344E+00   0.585344E+00
   0.270106E+01   0.522663E+00   0.970401E-01   0.582902E+00   0.582902E+00
   0.270580E+01   0.476561E+00   0.969336E-01   0.580458E+00   0.580458E+00
   0.271055E+01   0.640026E+00   0.969786E-01   0.578013E+00   0.578013E+00
   0.271529E+01   0.522516E+00   0.972091E-01   0.575565E+00   0.575565E+00
   0.272003E+01   0.586400E+00   0.968186E-01   0.573115E+00   0.573115E+00
   0.272478E+01   0.615455E+00   0.967454E-01   0.570665E+00   0.570665E+00
   0.272952E+01   0.568603E+00   0.967440E-01   0.568214E+00   0.568214E+00
   0.273426E+01   0.709100E+00   0.964223E-01   0.565763E+00   0.565763E+00
   0.273901E+01   0.566157E+00   0.963351E-01   0.563311E+00   0.563311E+00
   0.274375E+01   0.489090E+00   0.963434E-01   0.560860E+00   0.560860E+00
   0.274849E+01   0.522881E+00   0.961367E-01   0.558410E+00   0.558410E+00
   0.275323E+01   0.508973E+00   0.962402E-01   0.555961E+00   0.555961E+00
   0.275798E+01   0.559702E+00   0.960488E-01   0.553514E+00   0.553514E+00
   0.276272E+01   0.561633E+00   0.958402E-01   0.551069E+00   0.551069E+00
   0.276746E+01   0.482281E+00   0.958077E-01   0.548626E+00   0.548626E+00
   0.277221E+01   0.453868E+00   0.957983E-01   0.546187E+00   0.546187E+00
   0.277695E+01   0.498692E+00   0.959561E-01   0.543751E+00   0.543751E+00
   0.278169E+01   0.495856E+00   0.957885E-01   0.541319E+00   0.541319E+00
   0.278643E+01   0.499366E+00   0.956085E-01   0.538892E+00   0.538892E+00
   0.279118E+01   0.511123E+00   0.953291E-01   0.536470E+00   0.536470E+00
   0.279592E+01   0.564659E+00   0.953379E-01   0.534053E+00   0.534053E+00
   0.280066E+01   0.526461E+00   0.952828E-01   0.531642E+00   0.531642E+00
   0.280540E+01   0.555125E+00   0.952206E-01   0.529238E+00   0.529238E+00
   0.281015E+01   0.373067E+00   0.952803E-01   0.526841E+00   0.526841E+00
   0.281489E+01   0.499996E+00   0.953759E-01   0.524452E+00   0.524452E+00
   0.281963E+01   0.494110E+00   0.973029E-01   0.522071E+00   0.522071E+00
   0.282438E+01   0.624851E+00   0.991234E-01   0.519699E+00   0.519699E+00
   0.282912E+01   0.557350E+00   0.100245E+00   0.517335E+00   0.517335E+00
   0.283386E+01   0.551631E+00   0.101445E+00   0.514984E+00   0.514984E+00
   0.283860E+01   0.478590E+00   0.102068E+00   0.512638E+00   0.512638E+00
   0.284335E+01   0.585957E+00   0.102456E+00   0.510306E+00   0.510306E+00
   0.284809E+01   0.582864E+00   0.102896E+00   0.507985E+00   0.507985E+00
   0.285283E+01   0.767975E+00   0.103280E+00   0.505676E+00   0.505676E+00
   0.285758E+01   0.668027E+00   0.103449E+00   0.503379E+00   0.503379E+00
   0.286232E+01   0.607216E+00   0.103768E+00   0.501095E+00   0.501095E+00
   0.286706E+01   0.476584E+00   0.103896E+00   0.498824E+00   0.498824E+00
   0.287181E+01   0.511361E+00   0.104080E+00   0.496567E+00   0.496567E+00
   0.287655E+01   0.492587E+00   0.104247E+00   0.494325E+00   0.494325E+00
   0.288129E+01   0.614179E+00   0.104011E+00   0.492098E+00   0.492098E+00
   0.288603E+01   0.438948E+00   0.101253E+00   0.489886E+00   0.489886E+00
   0.289078E+01   0.418009E+00   0.997041E-01   0.487690E+00   0.487690E+00
   0.289552E+01   0.439231E+00   0.985180E-01   0.485511E+00   0.485511E+00
   0.290026E+01   0.512428E+00   0.977421E-01   0.483348E+00   0.483348E+00
   0.290501E+01   0.616328E+00   0.971356E-01   0.481202E+00   0.481202E+00
   0.290975E+01   0.587486E+00   0.969113E-01   0.479075E+00   0.479075E+00
   0.291449E+01   0.487423E+00   0.967112E-01   0.476965E+00   0.476965E+00
   0.291923E+01   0.491836E+00   0.964742E-01   0.474875E+00   0.474875E+00
   0.292398E+01   0.475738E+00   0.961756E-01   0.472804E+00   0.472804E+00
   0.292872E+01   0.411006E+00   0.959904E-01   0.470751E+00   0.470751E+00
   0.293346E+01   0.474634E+00   0.958364E-01   0.468719E+00   0.468719E+00
   0.293820E+01   0.540795E+00   0.957067E-01   0.466707E+00   0.466707E+00
   0.294295E+01   0.554245E+00   0.955188E-01   0.464716E+00   0.464716E+00
   0.294769E+01   0.510758E+00   0.955724E-01   0.462747E+00   0.462747E+00
   0.295243E+01   0.573523E+00   0.952034E-01   0.460797E+00   0.460797E+00
   0.295718E+01   0.506564E+00   0.952650E-01   0.458871E+00   0.458871E+00
   0.296192E+01   0.586372E+00   0.952260E-01   0.456966E+00   0.456966E+00
   0.296666E+01   0.593923E+00   0.947632E-01   0.455083E+00   0.455083E+00
   0.297140E+01   0.554414E+00   0.947101E-01   0.453224E+00   0.453224E+00
   0.297615E+01   0.590259E+00   0.947276E-01   0.451387E+00   0.451387E+00
   0.298089E+01   0.542071E+00   0.946919E-01   0.449573E+00   0.449573E+00
   0.298563E+01   0.467212E+00   0.945386E-01   0.447783E+00   0.447783E+00
   0.299038E+01   0.522952E+00   0.943513E-01   0.446017E+00   0.446017E+00
   0.299512E+01   0.440391E+00   0.941941E-01   0.444275E+00   0.444275E+00
   0.299986E+01   0.427287E+00   0.941688E-01   0.442557E+00   0.442557E+00

           ####      Real Space Data                               ####

           Distance distribution  function of particle  


      R          P(R)      ERROR

  0.0000E+00  0.0000E+00  0.0000E+00
  0.3349E-01  0.1174E-01  0.2592E-03
  0.6698E-01  0.2415E-01  0.4873E-03
  0.1005E+00  0.3722E-01  0.6846E-03
  0.1340E+00  0.5093E-01  0.8517E-03
  0.1675E+00  0.6530E-01  0.9893E-03
  0.2010E+00  0.8029E-01  0.1098E-02
  0.2344E+00  0.9591E-01  0.1180E-02
  0.2679E+00  0.1121E+00  0.1236E-02
  0.3014E+00  0.1290E+00  0.1267E-02
  0.3349E+00  0.1463E+00  0.1275E-02
  0.3684E+00  0.1643E+00  0.1262E-02
  0.4019E+00  0.1827E+00  0.1231E-02
  0.4354E+00  0.2017E+00  0.1184E-02
  0.4689E+00  0.2211E+00  0.1124E-02
  0.5024E+00  0.2410E+00  0.1055E-02
  0.5359E+00  0.2613E+00  0.9804E-03
  0.5694E+00  0.2820E+00  0.9063E-03
  0.6029E+00  0.3030E+00  0.8393E-03
  0.6363E+00  0.3244E+00  0.7870E-03
  0.6698E+00  0.3460E+00  0.7575E-03
  0.7033E+00  0.3678E+00  0.7572E-03
  0.7368E+00  0.3899E+00  0.7880E-03
  0.7703E+00  0.4121E+00  0.8469E-03
  0.8038E+00  0.4344E+00  0.9277E-03
  0.8373E+00  0.4568E+00  0.1023E-02
  0.8708E+00  0.4793E+00  0.1128E-02
  0.9043E+00  0.5017E+00  0.1236E-02
  0.9378E+00  0.5241E+00  0.1343E-02
  0.9713E+00  0.5464E+00  0.1447E-02
  0.1005E+01  0.5686E+00  0.1544E-02
  0.1038E+01  0.5906E+00  0.1634E-02
  0.1072E+01  0.6123E+00  0.1714E-02
  0.1105E+01  0.6338E+00  0.1784E-02
  0.1139E+01  0.6550E+00  0.1842E-02
  0.1172E+01  0.6758E+00  0.1888E-02
  0.1206E+01  0.6963E+00  0.1922E-02
  0.1239E+01  0.7163E+00  0.1943E-02
  0.1273E+01  0.7359E+00  0.1953E-02
  0.1306E+01  0.7549E+00  0.1951E-02
  0.1340E+01  0.7734E+00  0.1938E-02
  0.1373E+01  0.7913E+00  0.1915E-02
  0.1407E+01  0.8086E+00  0.1884E-02
  0.1440E+01  0.8253E+00  0.1845E-02
  0.1474E+01  0.8413E+00  0.1801E-02
  0.1507E+01  0.8566E+00  0.1753E-02
  0.1541E+01  0.8712E+00  0.1705E-02
  0.1574E+01  0.8851E+00  0.1658E-02
  0.1608E+01  0.8981E+00  0.1615E-02
  0.1641E+01  0.9104E+00  0.1578E-02
  0.1675E+01  0.9219E+00  0.1551E-02
  0.1708E+01  0.9325E+00  0.1536E-02
  0.1742E+01  0.9424E+00  0.1533E-02
  0.1775E+01  0.9513E+00  0.1544E-02
  0.1809E+01  0.9595E+00  0.1568E-02
  0.1842E+01  0.9667E+00  0.1605E-02
  0.1876E+01  0.9732E+00  0.1652E-02
  0.1909E+01  0.9787E+00  0.1708E-02
  0.1943E+01  0.9834E+00  0.1771E-02
  0.1976E+01  0.9873E+00  0.1837E-02
  0.2010E+01  0.9903E+00  0.1905E-02
  0.2043E+01  0.9925E+00  0.1973E-02
  0.2077E+01  0.9938E+00  0.2039E-02
  0.2110E+01  0.9944E+00  0.2101E-02
  0.2143E+01  0.9942E+00  0.2158E-02
  0.2177E+01  0.9932E+00  0.2209E-02
  0.2210E+01  0.9914E+00  0.2253E-02
  0.2244E+01  0.9889E+00  0.2290E-02
  0.2277E+01  0.9857E+00  0.2319E-02
  0.2311E+01  0.9819E+00  0.2341E-02
  0.2344E+01  0.9774E+00  0.2356E-02
  0.2378E+01  0.9722E+00  0.2363E-02
  0.2411E+01  0.9665E+00  0.2365E-02
  0.2445E+01  0.9601E+00  0.2362E-02
  0.2478E+01  0.9533E+00  0.2355E-02
  0.2512E+01  0.9459E+00  0.2344E-02
  0.2545E+01  0.9381E+00  0.2333E-02
  0.2579E+01  0.9299E+00  0.2321E-02
  0.2612E+01  0.9212E+00  0.2311E-02
  0.2646E+01  0.9121E+00  0.2303E-02
  0.2679E+01  0.9027E+00  0.2300E-02
  0.2713E+01  0.8930E+00  0.2303E-02
  0.2746E+01  0.8831E+00  0.2312E-02
  0.2780E+01  0.8729E+00  0.2329E-02
  0.2813E+01  0.8624E+00  0.2353E-02
  0.2847E+01  0.8518E+00  0.2384E-02
  0.2880E+01  0.8410E+00  0.2423E-02
  0.2914E+01  0.8301E+00  0.2467E-02
  0.2947E+01  0.8192E+00  0.2517E-02
  0.2981E+01  0.8081E+00  0.2572E-02
  0.3014E+01  0.7970E+00  0.2629E-02
  0.3048E+01  0.7858E+00  0.2687E-02
  0.3081E+01  0.7747E+00  0.2746E-02
  0.3115E+01  0.7636E+00  0.2803E-02
  0.3148E+01  0.7525E+00  0.2859E-02
  0.3182E+01  0.7415E+00  0.2911E-02
  0.3215E+01  0.7305E+00  0.2959E-02
  0.3249E+01  0.7197E+00  0.3002E-02
  0.3282E+01  0.7089E+00  0.3040E-02
  0.3316E+01  0.6982E+00  0.3072E-02
  0.3349E+01  0.6877E+00  0.3098E-02
  0.3383E+01  0.6773E+00  0.3118E-02
  0.3416E+01  0.6670E+00  0.3133E-02
  0.3450E+01  0.6568E+00  0.3143E-02
  0.3483E+01  0.6468E+00  0.3148E-02
  0.3517E+01  0.6370E+00  0.3149E-02
  0.3550E+01  0.6273E+00  0.3147E-02
  0.3584E+01  0.6177E+00  0.3143E-02
  0.3617E+01  0.6083E+00  0.3138E-02
  0.3651E+01  0.5990E+00  0.3134E-02
  0.3684E+01  0.5898E+00  0.3131E-02
  0.3718E+01  0.5808E+00  0.3131E-02
  0.3751E+01  0.5719E+00  0.3134E-02
  0.3785E+01  0.5632E+00  0.3143E-02
  0.3818E+01  0.5545E+00  0.3156E-02
  0.3852E+01  0.5460E+00  0.3176E-02
  0.3885E+01  0.5376E+00  0.3203E-02
  0.3919E+01  0.5293E+00  0.3236E-02
  0.3952E+01  0.5210E+00  0.3275E-02
  0.3986E+01  0.5129E+00  0.3319E-02
  0.4019E+01  0.5048E+00  0.3370E-02
  0.4053E+01  0.4968E+00  0.3424E-02
  0.4086E+01  0.4889E+00  0.3481E-02
  0.4120E+01  0.4811E+00  0.3541E-02
  0.4153E+01  0.4733E+00  0.3602E-02
  0.4187E+01  0.4655E+00  0.3663E-02
  0.4220E+01  0.4579E+00  0.3723E-02
  0.4253E+01  0.4502E+00  0.3781E-02
  0.4287E+01  0.4426E+00  0.3836E-02
  0.4320E+01  0.4351E+00  0.3887E-02
  0.4354E+01  0.4276E+00  0.3933E-02
  0.4387E+01  0.4201E+00  0.3974E-02
  0.4421E+01  0.4127E+00  0.4009E-02
  0.4454E+01  0.4054E+00  0.4039E-02
  0.4488E+01  0.3980E+00  0.4062E-02
  0.4521E+01  0.3908E+00  0.4079E-02
  0.4555E+01  0.3835E+00  0.4091E-02
  0.4588E+01  0.3764E+00  0.4096E-02
  0.4622E+01  0.3693E+00  0.4097E-02
  0.4655E+01  0.3622E+00  0.4093E-02
  0.4689E+01  0.3552E+00  0.4085E-02
  0.4722E+01  0.3483E+00  0.4074E-02
  0.4756E+01  0.3415E+00  0.4061E-02
  0.4789E+01  0.3347E+00  0.4047E-02
  0.4823E+01  0.3281E+00  0.4033E-02
  0.4856E+01  0.3215E+00  0.4020E-02
  0.4890E+01  0.3150E+00  0.4009E-02
  0.4923E+01  0.3086E+00  0.4002E-02
  0.4957E+01  0.3023E+00  0.3998E-02
  0.4990E+01  0.2961E+00  0.4000E-02
  0.5024E+01  0.2900E+00  0.4008E-02
  0.5057E+01  0.2841E+00  0.4022E-02
  0.5091E+01  0.2782E+00  0.4043E-02
  0.5124E+01  0.2724E+00  0.4072E-02
  0.5158E+01  0.2667E+00  0.4108E-02
  0.5191E+01  0.2611E+00  0.4152E-02
  0.5225E+01  0.2556E+00  0.4202E-02
  0.5258E+01  0.2502E+00  0.4259E-02
  0.5292E+01  0.2449E+00  0.4321E-02
  0.5325E+01  0.2396E+00  0.4388E-02
  0.5359E+01  0.2344E+00  0.4458E-02
  0.5392E+01  0.2292E+00  0.4531E-02
  0.5426E+01  0.2241E+00  0.4604E-02
  0.5459E+01  0.2189E+00  0.4678E-02
  0.5493E+01  0.2138E+00  0.4749E-02
  0.5526E+01  0.2086E+00  0.4817E-02
  0.5560E+01  0.2034E+00  0.4880E-02
  0.5593E+01  0.1981E+00  0.4936E-02
  0.5627E+01  0.1927E+00  0.4982E-02
  0.5660E+01  0.1871E+00  0.5019E-02
  0.5694E+01  0.1814E+00  0.5042E-02
  0.5727E+01  0.1756E+00  0.5050E-02
  0.5761E+01  0.1695E+00  0.5042E-02
  0.5794E+01  0.1632E+00  0.5015E-02
  0.5828E+01  0.1565E+00  0.4966E-02
  0.5861E+01  0.1496E+00  0.4893E-02
  0.5895E+01  0.1424E+00  0.4795E-02
  0.5928E+01  0.1347E+00  0.4668E-02
  0.5962E+01  0.1267E+00  0.4510E-02
  0.5995E+01  0.1181E+00  0.4318E-02
  0.6029E+01  0.1091E+00  0.4090E-02
  0.6062E+01  0.9960E-01  0.3824E-02
  0.6096E+01  0.8950E-01  0.3516E-02
  0.6129E+01  0.7880E-01  0.3165E-02
  0.6163E+01  0.6746E-01  0.2768E-02
  0.6196E+01  0.5545E-01  0.2321E-02
  0.6230E+01  0.4273E-01  0.1824E-02
  0.6263E+01  0.2927E-01  0.1273E-02
  0.6297E+01  0.1504E-01  0.6654E-03
  0.6330E+01  0.0000E+00  0.0000E+00
