
           ####      G N O M             Version 5.0 (r13469)      ####
                                               Wed Dec 15 15:10:01 2021

           ####      Configuration                                 ####

    System Type:                   arbitrary monodisperse (job = 0)
    Minimum characteristic size:         0.0000
    Maximum characteristic size:         6.7600
    rad56:                               0.0000
    Force 0.0 at r = rmin:                  yes
    Force 0.0 at r = rmax:                  yes
    Initial alpha:                       0.0000
    Initial random seed:    1433686015967243672
    Points in real space:                   190

    Input  1:                      temp-inp.dat
    First data point used:                    1
    Last data point used:                   570
    Scaling coefficient:             0.1000E+01
    Experimental setup:            point collimation



           ####      Results                                       ####

    Parameter    DISCRP  OSCILL  STABIL  SYSDEV  POSITV  VALCEN  SMOOTH
    Weight        1.000   3.000   3.000   3.000   1.000   1.000   1.000
    Sigma         0.300   0.600   0.120   0.120   0.120   0.120   0.600
    Ideal         0.700   1.100   0.000   1.000   1.000   0.950   0.000
    Current       0.456   1.323   0.015   0.946   1.000   0.883   4.220
               --------------------------------------------------------
    Estimate      0.517   0.871   0.985   0.814   1.000   0.731   0.000

    Angular range:                       0.3012 to       2.9999
    Reciprocal space Rg:             0.2194E+01
    Reciprocal space I(0):           0.3341E+02

    Real space range:                    0.0000 to       6.7600
    Real space Rg:                   0.2204E+01 +-   0.7349E-02
    Real space I(0):                 0.3342E+02 +-   0.8335E-01

    Highest ALPHA (theor):           0.2497E+02
    Current ALPHA:                   0.6268E+00

    Total Estimate:                      0.7890 (a GOOD solution)



           ####      Experimental Data and Fit                     ####

      S          J EXP       ERROR       J REG       I REG

   0.000000E+00                                                0.334184E+02
   0.107561E-01                                                0.334121E+02
   0.215123E-01                                                0.333933E+02
   0.322684E-01                                                0.333621E+02
   0.430246E-01                                                0.333184E+02
   0.537807E-01                                                0.332623E+02
   0.645368E-01                                                0.331939E+02
   0.752930E-01                                                0.331133E+02
   0.860491E-01                                                0.330205E+02
   0.968053E-01                                                0.329158E+02
   0.107561E+00                                                0.327992E+02
   0.118318E+00                                                0.326708E+02
   0.129074E+00                                                0.325309E+02
   0.139830E+00                                                0.323796E+02
   0.150586E+00                                                0.322171E+02
   0.161342E+00                                                0.320436E+02
   0.172098E+00                                                0.318593E+02
   0.182854E+00                                                0.316644E+02
   0.193611E+00                                                0.314593E+02
   0.204367E+00                                                0.312441E+02
   0.215123E+00                                                0.310191E+02
   0.225879E+00                                                0.307845E+02
   0.236635E+00                                                0.305408E+02
   0.247391E+00                                                0.302881E+02
   0.258147E+00                                                0.300267E+02
   0.268903E+00                                                0.297570E+02
   0.279660E+00                                                0.294793E+02
   0.290416E+00                                                0.291939E+02
   0.301172E+00   0.291256E+02   0.197258E+00   0.289011E+02   0.289011E+02
   0.305915E+00   0.286293E+02   0.195321E+00   0.287697E+02   0.287697E+02
   0.310658E+00   0.288096E+02   0.193466E+00   0.286370E+02   0.286370E+02
   0.315400E+00   0.285684E+02   0.191549E+00   0.285030E+02   0.285030E+02
   0.320143E+00   0.284837E+02   0.190052E+00   0.283678E+02   0.283678E+02
   0.324886E+00   0.281456E+02   0.188091E+00   0.282312E+02   0.282312E+02
   0.329629E+00   0.281628E+02   0.186409E+00   0.280935E+02   0.280935E+02
   0.334372E+00   0.278892E+02   0.184855E+00   0.279545E+02   0.279545E+02
   0.339115E+00   0.281166E+02   0.185757E+00   0.278144E+02   0.278144E+02
   0.343858E+00   0.277003E+02   0.187821E+00   0.276732E+02   0.276732E+02
   0.348601E+00   0.274778E+02   0.192041E+00   0.275309E+02   0.275309E+02
   0.353343E+00   0.273907E+02   0.195133E+00   0.273875E+02   0.273875E+02
   0.358086E+00   0.272882E+02   0.197323E+00   0.272430E+02   0.272430E+02
   0.362829E+00   0.272278E+02   0.198953E+00   0.270976E+02   0.270976E+02
   0.367572E+00   0.270191E+02   0.200514E+00   0.269512E+02   0.269512E+02
   0.372315E+00   0.269383E+02   0.201599E+00   0.268038E+02   0.268038E+02
   0.377058E+00   0.267131E+02   0.202546E+00   0.266555E+02   0.266555E+02
   0.381801E+00   0.264389E+02   0.203236E+00   0.265063E+02   0.265063E+02
   0.386543E+00   0.263998E+02   0.204031E+00   0.263563E+02   0.263563E+02
   0.391286E+00   0.259887E+02   0.204621E+00   0.262054E+02   0.262054E+02
   0.396029E+00   0.261755E+02   0.205006E+00   0.260538E+02   0.260538E+02
   0.400772E+00   0.264652E+02   0.206837E+00   0.259014E+02   0.259014E+02
   0.405515E+00   0.257362E+02   0.213169E+00   0.257482E+02   0.257482E+02
   0.410258E+00   0.257074E+02   0.218413E+00   0.255944E+02   0.255944E+02
   0.415001E+00   0.252705E+02   0.222672E+00   0.254398E+02   0.254398E+02
   0.419744E+00   0.252809E+02   0.226243E+00   0.252847E+02   0.252847E+02
   0.424486E+00   0.252311E+02   0.229361E+00   0.251289E+02   0.251289E+02
   0.429229E+00   0.250479E+02   0.231935E+00   0.249725E+02   0.249725E+02
   0.433972E+00   0.246505E+02   0.235644E+00   0.248156E+02   0.248156E+02
   0.438715E+00   0.247024E+02   0.239130E+00   0.246582E+02   0.246582E+02
   0.443458E+00   0.245411E+02   0.241939E+00   0.245003E+02   0.245003E+02
   0.448201E+00   0.242761E+02   0.245795E+00   0.243419E+02   0.243419E+02
   0.452944E+00   0.242282E+02   0.249542E+00   0.241831E+02   0.241831E+02
   0.457686E+00   0.238626E+02   0.251829E+00   0.240239E+02   0.240239E+02
   0.462429E+00   0.237939E+02   0.253725E+00   0.238643E+02   0.238643E+02
   0.467172E+00   0.235460E+02   0.252271E+00   0.237044E+02   0.237044E+02
   0.471915E+00   0.238031E+02   0.242887E+00   0.235441E+02   0.235441E+02
   0.476658E+00   0.234021E+02   0.236830E+00   0.233836E+02   0.233836E+02
   0.481401E+00   0.231258E+02   0.233925E+00   0.232228E+02   0.232228E+02
   0.486144E+00   0.230804E+02   0.231412E+00   0.230618E+02   0.230618E+02
   0.490887E+00   0.229738E+02   0.229329E+00   0.229006E+02   0.229006E+02
   0.495629E+00   0.228442E+02   0.227509E+00   0.227392E+02   0.227392E+02
   0.500372E+00   0.225615E+02   0.225561E+00   0.225777E+02   0.225777E+02
   0.505115E+00   0.221847E+02   0.223559E+00   0.224161E+02   0.224161E+02
   0.509858E+00   0.219833E+02   0.222436E+00   0.222543E+02   0.222543E+02
   0.514601E+00   0.220787E+02   0.221311E+00   0.220925E+02   0.220925E+02
   0.519344E+00   0.219644E+02   0.220076E+00   0.219307E+02   0.219307E+02
   0.524087E+00   0.217496E+02   0.218847E+00   0.217689E+02   0.217689E+02
   0.528829E+00   0.216204E+02   0.217280E+00   0.216071E+02   0.216071E+02
   0.533572E+00   0.211648E+02   0.215238E+00   0.214453E+02   0.214453E+02
   0.538315E+00   0.210689E+02   0.213881E+00   0.212837E+02   0.212837E+02
   0.543058E+00   0.212945E+02   0.211918E+00   0.211221E+02   0.211221E+02
   0.547801E+00   0.210875E+02   0.210591E+00   0.209606E+02   0.209606E+02
   0.552544E+00   0.207136E+02   0.208799E+00   0.207993E+02   0.207993E+02
   0.557287E+00   0.204608E+02   0.207369E+00   0.206382E+02   0.206382E+02
   0.562029E+00   0.201762E+02   0.205648E+00   0.204772E+02   0.204772E+02
   0.566772E+00   0.201552E+02   0.204123E+00   0.203165E+02   0.203165E+02
   0.571515E+00   0.201489E+02   0.202795E+00   0.201560E+02   0.201560E+02
   0.576258E+00   0.199625E+02   0.201232E+00   0.199958E+02   0.199958E+02
   0.581001E+00   0.199926E+02   0.200621E+00   0.198359E+02   0.198359E+02
   0.585744E+00   0.197783E+02   0.199424E+00   0.196763E+02   0.196763E+02
   0.590487E+00   0.191440E+02   0.198003E+00   0.195171E+02   0.195171E+02
   0.595230E+00   0.192734E+02   0.197676E+00   0.193582E+02   0.193582E+02
   0.599972E+00   0.189609E+02   0.196836E+00   0.191997E+02   0.191997E+02
   0.604715E+00   0.191397E+02   0.196321E+00   0.190416E+02   0.190416E+02
   0.609458E+00   0.189684E+02   0.195664E+00   0.188839E+02   0.188839E+02
   0.614201E+00   0.186980E+02   0.195062E+00   0.187267E+02   0.187267E+02
   0.618944E+00   0.183229E+02   0.194061E+00   0.185699E+02   0.185699E+02
   0.623687E+00   0.185122E+02   0.193210E+00   0.184136E+02   0.184136E+02
   0.628430E+00   0.179818E+02   0.192564E+00   0.182578E+02   0.182578E+02
   0.633173E+00   0.178390E+02   0.192008E+00   0.181026E+02   0.181026E+02
   0.637915E+00   0.179547E+02   0.191441E+00   0.179479E+02   0.179479E+02
   0.642658E+00   0.176955E+02   0.190887E+00   0.177937E+02   0.177937E+02
   0.647401E+00   0.176615E+02   0.190310E+00   0.176402E+02   0.176402E+02
   0.652144E+00   0.177024E+02   0.189771E+00   0.174872E+02   0.174872E+02
   0.656887E+00   0.173864E+02   0.188827E+00   0.173349E+02   0.173349E+02
   0.661630E+00   0.170201E+02   0.188174E+00   0.171832E+02   0.171832E+02
   0.666373E+00   0.168982E+02   0.187494E+00   0.170321E+02   0.170321E+02
   0.671115E+00   0.170727E+02   0.186935E+00   0.168817E+02   0.168817E+02
   0.675858E+00   0.168871E+02   0.186256E+00   0.167320E+02   0.167320E+02
   0.680601E+00   0.165588E+02   0.185765E+00   0.165830E+02   0.165830E+02
   0.685344E+00   0.164549E+02   0.185347E+00   0.164347E+02   0.164347E+02
   0.690087E+00   0.163112E+02   0.184682E+00   0.162871E+02   0.162871E+02
   0.694830E+00   0.160684E+02   0.183652E+00   0.161403E+02   0.161403E+02
   0.699573E+00   0.158160E+02   0.183178E+00   0.159942E+02   0.159942E+02
   0.704315E+00   0.158750E+02   0.182738E+00   0.158489E+02   0.158489E+02
   0.709058E+00   0.156530E+02   0.182219E+00   0.157043E+02   0.157043E+02
   0.713801E+00   0.154856E+02   0.181553E+00   0.155606E+02   0.155606E+02
   0.718544E+00   0.156582E+02   0.181332E+00   0.154176E+02   0.154176E+02
   0.723287E+00   0.152133E+02   0.180479E+00   0.152755E+02   0.152755E+02
   0.728030E+00   0.152389E+02   0.180301E+00   0.151342E+02   0.151342E+02
   0.732773E+00   0.149793E+02   0.179253E+00   0.149938E+02   0.149938E+02
   0.737515E+00   0.147713E+02   0.178512E+00   0.148542E+02   0.148542E+02
   0.742258E+00   0.144750E+02   0.177682E+00   0.147155E+02   0.147155E+02
   0.747001E+00   0.146225E+02   0.177578E+00   0.145776E+02   0.145776E+02
   0.751744E+00   0.144261E+02   0.176753E+00   0.144406E+02   0.144406E+02
   0.756487E+00   0.144364E+02   0.176685E+00   0.143045E+02   0.143045E+02
   0.761230E+00   0.141626E+02   0.176373E+00   0.141693E+02   0.141693E+02
   0.765973E+00   0.141192E+02   0.175591E+00   0.140351E+02   0.140351E+02
   0.770716E+00   0.137187E+02   0.174711E+00   0.139017E+02   0.139017E+02
   0.775459E+00   0.137597E+02   0.174341E+00   0.137692E+02   0.137692E+02
   0.780201E+00   0.137887E+02   0.174235E+00   0.136377E+02   0.136377E+02
   0.784944E+00   0.133427E+02   0.173426E+00   0.135071E+02   0.135071E+02
   0.789687E+00   0.135703E+02   0.172980E+00   0.133775E+02   0.133775E+02
   0.794430E+00   0.132331E+02   0.172343E+00   0.132488E+02   0.132488E+02
   0.799173E+00   0.130342E+02   0.171753E+00   0.131210E+02   0.131210E+02
   0.803916E+00   0.129685E+02   0.171259E+00   0.129942E+02   0.129942E+02
   0.808658E+00   0.127562E+02   0.170543E+00   0.128684E+02   0.128684E+02
   0.813401E+00   0.126807E+02   0.170224E+00   0.127436E+02   0.127436E+02
   0.818144E+00   0.125614E+02   0.169526E+00   0.126197E+02   0.126197E+02
   0.822887E+00   0.124177E+02   0.169043E+00   0.124968E+02   0.124968E+02
   0.827630E+00   0.120596E+02   0.168487E+00   0.123748E+02   0.123748E+02
   0.832373E+00   0.120504E+02   0.167746E+00   0.122539E+02   0.122539E+02
   0.837116E+00   0.121257E+02   0.167871E+00   0.121339E+02   0.121339E+02
   0.841859E+00   0.122319E+02   0.167537E+00   0.120150E+02   0.120150E+02
   0.846601E+00   0.119139E+02   0.166663E+00   0.118970E+02   0.118970E+02
   0.851344E+00   0.115278E+02   0.166068E+00   0.117800E+02   0.117800E+02
   0.856087E+00   0.114582E+02   0.165747E+00   0.116640E+02   0.116640E+02
   0.860830E+00   0.113544E+02   0.165292E+00   0.115490E+02   0.115490E+02
   0.865573E+00   0.115981E+02   0.164685E+00   0.114350E+02   0.114350E+02
   0.870316E+00   0.113474E+02   0.164314E+00   0.113220E+02   0.113220E+02
   0.875059E+00   0.112476E+02   0.163853E+00   0.112100E+02   0.112100E+02
   0.879802E+00   0.111207E+02   0.163406E+00   0.110990E+02   0.110990E+02
   0.884544E+00   0.110385E+02   0.162962E+00   0.109889E+02   0.109889E+02
   0.889287E+00   0.106983E+02   0.162446E+00   0.108799E+02   0.108799E+02
   0.894030E+00   0.108156E+02   0.162066E+00   0.107719E+02   0.107719E+02
   0.898773E+00   0.109955E+02   0.161824E+00   0.106648E+02   0.106648E+02
   0.903516E+00   0.106688E+02   0.161302E+00   0.105588E+02   0.105588E+02
   0.908259E+00   0.105989E+02   0.160773E+00   0.104537E+02   0.104537E+02
   0.913002E+00   0.103181E+02   0.160349E+00   0.103496E+02   0.103496E+02
   0.917744E+00   0.101282E+02   0.159969E+00   0.102465E+02   0.102465E+02
   0.922487E+00   0.100265E+02   0.159474E+00   0.101444E+02   0.101444E+02
   0.927230E+00   0.100490E+02   0.158964E+00   0.100433E+02   0.100433E+02
   0.931973E+00   0.993120E+01   0.158762E+00   0.994315E+01   0.994315E+01
   0.936716E+00   0.995505E+01   0.158256E+00   0.984397E+01   0.984397E+01
   0.941459E+00   0.978586E+01   0.157823E+00   0.974577E+01   0.974577E+01
   0.946202E+00   0.962581E+01   0.157353E+00   0.964852E+01   0.964852E+01
   0.950944E+00   0.960692E+01   0.157017E+00   0.955224E+01   0.955224E+01
   0.955687E+00   0.955549E+01   0.156609E+00   0.945692E+01   0.945692E+01
   0.960430E+00   0.935678E+01   0.156359E+00   0.936254E+01   0.936254E+01
   0.965173E+00   0.936727E+01   0.155861E+00   0.926912E+01   0.926912E+01
   0.969916E+00   0.934978E+01   0.155478E+00   0.917664E+01   0.917664E+01
   0.974659E+00   0.920749E+01   0.155142E+00   0.908510E+01   0.908510E+01
   0.979402E+00   0.915267E+01   0.154667E+00   0.899450E+01   0.899450E+01
   0.984144E+00   0.893784E+01   0.154406E+00   0.890482E+01   0.890482E+01
   0.988887E+00   0.886212E+01   0.154007E+00   0.881607E+01   0.881607E+01
   0.993630E+00   0.872824E+01   0.153158E+00   0.872823E+01   0.872823E+01
   0.998373E+00   0.867362E+01   0.153181E+00   0.864131E+01   0.864131E+01
   0.100312E+01   0.872398E+01   0.152602E+00   0.855529E+01   0.855529E+01
   0.100786E+01   0.844095E+01   0.152131E+00   0.847017E+01   0.847017E+01
   0.101260E+01   0.837452E+01   0.151819E+00   0.838594E+01   0.838594E+01
   0.101734E+01   0.839431E+01   0.151712E+00   0.830260E+01   0.830260E+01
   0.102209E+01   0.830970E+01   0.151248E+00   0.822016E+01   0.822016E+01
   0.102683E+01   0.798599E+01   0.150616E+00   0.813857E+01   0.813857E+01
   0.103157E+01   0.807820E+01   0.150502E+00   0.805785E+01   0.805785E+01
   0.103632E+01   0.794109E+01   0.149895E+00   0.797799E+01   0.797799E+01
   0.104106E+01   0.820634E+01   0.149733E+00   0.789898E+01   0.789898E+01
   0.104580E+01   0.801953E+01   0.149634E+00   0.782082E+01   0.782082E+01
   0.105055E+01   0.784679E+01   0.149309E+00   0.774350E+01   0.774350E+01
   0.105529E+01   0.780697E+01   0.148638E+00   0.766703E+01   0.766703E+01
   0.106003E+01   0.753223E+01   0.148241E+00   0.759136E+01   0.759136E+01
   0.106477E+01   0.756689E+01   0.147882E+00   0.751651E+01   0.751651E+01
   0.106952E+01   0.744893E+01   0.147546E+00   0.744247E+01   0.744247E+01
   0.107426E+01   0.727709E+01   0.147243E+00   0.736923E+01   0.736923E+01
   0.107900E+01   0.738149E+01   0.147089E+00   0.729679E+01   0.729679E+01
   0.108374E+01   0.741986E+01   0.146804E+00   0.722513E+01   0.722513E+01
   0.108849E+01   0.749597E+01   0.146731E+00   0.715425E+01   0.715425E+01
   0.109323E+01   0.730765E+01   0.146181E+00   0.708416E+01   0.708416E+01
   0.109797E+01   0.721823E+01   0.145727E+00   0.701481E+01   0.701481E+01
   0.110272E+01   0.687463E+01   0.145190E+00   0.694622E+01   0.694622E+01
   0.110746E+01   0.689730E+01   0.145034E+00   0.687838E+01   0.687838E+01
   0.111220E+01   0.689747E+01   0.144483E+00   0.681127E+01   0.681127E+01
   0.111695E+01   0.698460E+01   0.144559E+00   0.674490E+01   0.674490E+01
   0.112169E+01   0.671761E+01   0.144037E+00   0.667924E+01   0.667924E+01
   0.112643E+01   0.672910E+01   0.143973E+00   0.661432E+01   0.661432E+01
   0.113117E+01   0.667072E+01   0.143535E+00   0.655009E+01   0.655009E+01
   0.113592E+01   0.650061E+01   0.143089E+00   0.648656E+01   0.648656E+01
   0.114066E+01   0.640853E+01   0.142811E+00   0.642372E+01   0.642372E+01
   0.114540E+01   0.610702E+01   0.142521E+00   0.636156E+01   0.636156E+01
   0.115014E+01   0.633163E+01   0.142221E+00   0.630008E+01   0.630008E+01
   0.115489E+01   0.632560E+01   0.141950E+00   0.623927E+01   0.623927E+01
   0.115963E+01   0.623763E+01   0.141785E+00   0.617911E+01   0.617911E+01
   0.116437E+01   0.588703E+01   0.141189E+00   0.611962E+01   0.611962E+01
   0.116912E+01   0.608688E+01   0.141230E+00   0.606075E+01   0.606075E+01
   0.117386E+01   0.587706E+01   0.140551E+00   0.600252E+01   0.600252E+01
   0.117860E+01   0.574827E+01   0.140269E+00   0.594492E+01   0.594492E+01
   0.118335E+01   0.592681E+01   0.140044E+00   0.588794E+01   0.588794E+01
   0.118809E+01   0.601984E+01   0.139828E+00   0.583157E+01   0.583157E+01
   0.119283E+01   0.569404E+01   0.139442E+00   0.577580E+01   0.577580E+01
   0.119757E+01   0.560934E+01   0.138979E+00   0.572064E+01   0.572064E+01
   0.120232E+01   0.548296E+01   0.138718E+00   0.566605E+01   0.566605E+01
   0.120706E+01   0.546546E+01   0.139420E+00   0.561205E+01   0.561205E+01
   0.121180E+01   0.565699E+01   0.143699E+00   0.555862E+01   0.555862E+01
   0.121654E+01   0.547587E+01   0.146785E+00   0.550575E+01   0.550575E+01
   0.122129E+01   0.550772E+01   0.148786E+00   0.545344E+01   0.545344E+01
   0.122603E+01   0.535232E+01   0.150706E+00   0.540168E+01   0.540168E+01
   0.123077E+01   0.525056E+01   0.152146E+00   0.535046E+01   0.535046E+01
   0.123552E+01   0.535438E+01   0.153390E+00   0.529979E+01   0.529979E+01
   0.124026E+01   0.506635E+01   0.154638E+00   0.524964E+01   0.524964E+01
   0.124500E+01   0.512764E+01   0.155775E+00   0.520001E+01   0.520001E+01
   0.124975E+01   0.523354E+01   0.157335E+00   0.515089E+01   0.515089E+01
   0.125449E+01   0.520935E+01   0.158410E+00   0.510227E+01   0.510227E+01
   0.125923E+01   0.499104E+01   0.159357E+00   0.505416E+01   0.505416E+01
   0.126397E+01   0.510720E+01   0.159506E+00   0.500654E+01   0.500654E+01
   0.126872E+01   0.498819E+01   0.159548E+00   0.495942E+01   0.495942E+01
   0.127346E+01   0.510564E+01   0.157503E+00   0.491276E+01   0.491276E+01
   0.127820E+01   0.488904E+01   0.152095E+00   0.486658E+01   0.486658E+01
   0.128295E+01   0.481140E+01   0.148414E+00   0.482087E+01   0.482087E+01
   0.128769E+01   0.474791E+01   0.146530E+00   0.477561E+01   0.477561E+01
   0.129243E+01   0.474725E+01   0.144635E+00   0.473081E+01   0.473081E+01
   0.129717E+01   0.464789E+01   0.143209E+00   0.468646E+01   0.468646E+01
   0.130192E+01   0.461610E+01   0.141934E+00   0.464255E+01   0.464255E+01
   0.130666E+01   0.460058E+01   0.140419E+00   0.459907E+01   0.459907E+01
   0.131140E+01   0.457307E+01   0.139473E+00   0.455602E+01   0.455602E+01
   0.131614E+01   0.452610E+01   0.138729E+00   0.451339E+01   0.451339E+01
   0.132089E+01   0.445483E+01   0.137955E+00   0.447118E+01   0.447118E+01
   0.132563E+01   0.440721E+01   0.137528E+00   0.442938E+01   0.442938E+01
   0.133037E+01   0.443845E+01   0.136995E+00   0.438799E+01   0.438799E+01
   0.133512E+01   0.424299E+01   0.136391E+00   0.434700E+01   0.434700E+01
   0.133986E+01   0.427200E+01   0.136243E+00   0.430640E+01   0.430640E+01
   0.134460E+01   0.406371E+01   0.135639E+00   0.426619E+01   0.426619E+01
   0.134935E+01   0.416855E+01   0.135312E+00   0.422637E+01   0.422637E+01
   0.135409E+01   0.430040E+01   0.134983E+00   0.418692E+01   0.418692E+01
   0.135883E+01   0.429241E+01   0.134898E+00   0.414785E+01   0.414785E+01
   0.136357E+01   0.390849E+01   0.134357E+00   0.410914E+01   0.410914E+01
   0.136832E+01   0.406097E+01   0.134297E+00   0.407080E+01   0.407080E+01
   0.137306E+01   0.390018E+01   0.133816E+00   0.403282E+01   0.403282E+01
   0.137780E+01   0.379361E+01   0.133464E+00   0.399520E+01   0.399520E+01
   0.138254E+01   0.402799E+01   0.133230E+00   0.395792E+01   0.395792E+01
   0.138729E+01   0.396241E+01   0.133076E+00   0.392098E+01   0.392098E+01
   0.139203E+01   0.372729E+01   0.132518E+00   0.388439E+01   0.388439E+01
   0.139677E+01   0.380280E+01   0.132222E+00   0.384814E+01   0.384814E+01
   0.140152E+01   0.382911E+01   0.131925E+00   0.381221E+01   0.381221E+01
   0.140626E+01   0.377436E+01   0.131682E+00   0.377662E+01   0.377662E+01
   0.141100E+01   0.365876E+01   0.131446E+00   0.374135E+01   0.374135E+01
   0.141575E+01   0.369308E+01   0.131325E+00   0.370640E+01   0.370640E+01
   0.142049E+01   0.355225E+01   0.130843E+00   0.367177E+01   0.367177E+01
   0.142523E+01   0.352398E+01   0.130746E+00   0.363744E+01   0.363744E+01
   0.142997E+01   0.359704E+01   0.130545E+00   0.360343E+01   0.360343E+01
   0.143472E+01   0.345095E+01   0.130008E+00   0.356972E+01   0.356972E+01
   0.143946E+01   0.357619E+01   0.130104E+00   0.353631E+01   0.353631E+01
   0.144420E+01   0.350301E+01   0.129721E+00   0.350321E+01   0.350321E+01
   0.144894E+01   0.352346E+01   0.129653E+00   0.347040E+01   0.347040E+01
   0.145369E+01   0.362003E+01   0.129444E+00   0.343787E+01   0.343787E+01
   0.145843E+01   0.332953E+01   0.129030E+00   0.340564E+01   0.340564E+01
   0.146317E+01   0.335538E+01   0.128781E+00   0.337369E+01   0.337369E+01
   0.146792E+01   0.328202E+01   0.128393E+00   0.334203E+01   0.334203E+01
   0.147266E+01   0.319331E+01   0.128147E+00   0.331064E+01   0.331064E+01
   0.147740E+01   0.328585E+01   0.127929E+00   0.327954E+01   0.327954E+01
   0.148215E+01   0.328586E+01   0.127679E+00   0.324870E+01   0.324870E+01
   0.148689E+01   0.327962E+01   0.127444E+00   0.321813E+01   0.321813E+01
   0.149163E+01   0.301856E+01   0.127314E+00   0.318784E+01   0.318784E+01
   0.149637E+01   0.299345E+01   0.127062E+00   0.315780E+01   0.315780E+01
   0.150112E+01   0.299779E+01   0.126984E+00   0.312804E+01   0.312804E+01
   0.150586E+01   0.313112E+01   0.129664E+00   0.309853E+01   0.309853E+01
   0.151060E+01   0.307671E+01   0.133115E+00   0.306928E+01   0.306928E+01
   0.151534E+01   0.298999E+01   0.135237E+00   0.304029E+01   0.304029E+01
   0.152009E+01   0.294972E+01   0.136850E+00   0.301156E+01   0.301156E+01
   0.152483E+01   0.281219E+01   0.138191E+00   0.298307E+01   0.298307E+01
   0.152957E+01   0.285034E+01   0.139186E+00   0.295483E+01   0.295483E+01
   0.153432E+01   0.300938E+01   0.136103E+00   0.292684E+01   0.292684E+01
   0.153906E+01   0.298397E+01   0.133800E+00   0.289910E+01   0.289910E+01
   0.154380E+01   0.278799E+01   0.132018E+00   0.287160E+01   0.287160E+01
   0.154855E+01   0.277858E+01   0.130456E+00   0.284434E+01   0.284434E+01
   0.155329E+01   0.282072E+01   0.129220E+00   0.281732E+01   0.281732E+01
   0.155803E+01   0.283555E+01   0.128118E+00   0.279054E+01   0.279054E+01
   0.156277E+01   0.270532E+01   0.126904E+00   0.276400E+01   0.276400E+01
   0.156752E+01   0.270689E+01   0.125504E+00   0.273769E+01   0.273769E+01
   0.157226E+01   0.283556E+01   0.124809E+00   0.271161E+01   0.271161E+01
   0.157700E+01   0.283854E+01   0.124264E+00   0.268576E+01   0.268576E+01
   0.158175E+01   0.271467E+01   0.124025E+00   0.266014E+01   0.266014E+01
   0.158649E+01   0.263417E+01   0.123702E+00   0.263476E+01   0.263476E+01
   0.159123E+01   0.256902E+01   0.124026E+00   0.260960E+01   0.260960E+01
   0.159597E+01   0.269952E+01   0.124204E+00   0.258466E+01   0.258466E+01
   0.160072E+01   0.256352E+01   0.124142E+00   0.255995E+01   0.255995E+01
   0.160546E+01   0.255381E+01   0.124247E+00   0.253546E+01   0.253546E+01
   0.161020E+01   0.262450E+01   0.123758E+00   0.251119E+01   0.251119E+01
   0.161495E+01   0.246415E+01   0.123654E+00   0.248714E+01   0.248714E+01
   0.161969E+01   0.232560E+01   0.123333E+00   0.246331E+01   0.246331E+01
   0.162443E+01   0.250422E+01   0.123225E+00   0.243969E+01   0.243969E+01
   0.162917E+01   0.232226E+01   0.122883E+00   0.241629E+01   0.241629E+01
   0.163392E+01   0.222440E+01   0.122635E+00   0.239311E+01   0.239311E+01
   0.163866E+01   0.239394E+01   0.122554E+00   0.237013E+01   0.237013E+01
   0.164340E+01   0.228659E+01   0.122107E+00   0.234737E+01   0.234737E+01
   0.164815E+01   0.231265E+01   0.122006E+00   0.232483E+01   0.232483E+01
   0.165289E+01   0.241625E+01   0.121796E+00   0.230249E+01   0.230249E+01
   0.165763E+01   0.237144E+01   0.121717E+00   0.228036E+01   0.228036E+01
   0.166237E+01   0.226042E+01   0.121509E+00   0.225844E+01   0.225844E+01
   0.166712E+01   0.224573E+01   0.121235E+00   0.223672E+01   0.223672E+01
   0.167186E+01   0.219119E+01   0.121092E+00   0.221521E+01   0.221521E+01
   0.167660E+01   0.219581E+01   0.120952E+00   0.219390E+01   0.219390E+01
   0.168135E+01   0.209111E+01   0.120653E+00   0.217279E+01   0.217279E+01
   0.168609E+01   0.208642E+01   0.120329E+00   0.215189E+01   0.215189E+01
   0.169083E+01   0.225215E+01   0.120193E+00   0.213119E+01   0.213119E+01
   0.169557E+01   0.195743E+01   0.119909E+00   0.211069E+01   0.211069E+01
   0.170032E+01   0.194392E+01   0.119889E+00   0.209039E+01   0.209039E+01
   0.170506E+01   0.191279E+01   0.119715E+00   0.207028E+01   0.207028E+01
   0.170980E+01   0.209499E+01   0.119542E+00   0.205037E+01   0.205037E+01
   0.171455E+01   0.210830E+01   0.119335E+00   0.203066E+01   0.203066E+01
   0.171929E+01   0.202176E+01   0.119149E+00   0.201114E+01   0.201114E+01
   0.172403E+01   0.199941E+01   0.118916E+00   0.199182E+01   0.199182E+01
   0.172877E+01   0.205091E+01   0.118775E+00   0.197269E+01   0.197269E+01
   0.173352E+01   0.189846E+01   0.118406E+00   0.195375E+01   0.195375E+01
   0.173826E+01   0.180402E+01   0.118240E+00   0.193500E+01   0.193500E+01
   0.174300E+01   0.202887E+01   0.118196E+00   0.191643E+01   0.191643E+01
   0.174775E+01   0.209487E+01   0.118153E+00   0.189806E+01   0.189806E+01
   0.175249E+01   0.182662E+01   0.117784E+00   0.187987E+01   0.187987E+01
   0.175723E+01   0.191906E+01   0.117505E+00   0.186187E+01   0.186187E+01
   0.176197E+01   0.203865E+01   0.117544E+00   0.184406E+01   0.184406E+01
   0.176672E+01   0.179707E+01   0.117250E+00   0.182643E+01   0.182643E+01
   0.177146E+01   0.175814E+01   0.117047E+00   0.180898E+01   0.180898E+01
   0.177620E+01   0.190149E+01   0.116905E+00   0.179172E+01   0.179172E+01
   0.178095E+01   0.194791E+01   0.117052E+00   0.177463E+01   0.177463E+01
   0.178569E+01   0.181103E+01   0.116468E+00   0.175773E+01   0.175773E+01
   0.179043E+01   0.184049E+01   0.116325E+00   0.174100E+01   0.174100E+01
   0.179517E+01   0.172213E+01   0.116423E+00   0.172445E+01   0.172445E+01
   0.179992E+01   0.163119E+01   0.116302E+00   0.170808E+01   0.170808E+01
   0.180466E+01   0.163820E+01   0.115914E+00   0.169188E+01   0.169188E+01
   0.180940E+01   0.164524E+01   0.115924E+00   0.167585E+01   0.167585E+01
   0.181415E+01   0.183054E+01   0.115760E+00   0.166000E+01   0.166000E+01
   0.181889E+01   0.172433E+01   0.115340E+00   0.164432E+01   0.164432E+01
   0.182363E+01   0.161072E+01   0.115298E+00   0.162881E+01   0.162881E+01
   0.182838E+01   0.166409E+01   0.115388E+00   0.161347E+01   0.161347E+01
   0.183312E+01   0.168070E+01   0.114981E+00   0.159829E+01   0.159829E+01
   0.183786E+01   0.159947E+01   0.114818E+00   0.158329E+01   0.158329E+01
   0.184260E+01   0.162870E+01   0.114650E+00   0.156844E+01   0.156844E+01
   0.184735E+01   0.167838E+01   0.114539E+00   0.155377E+01   0.155377E+01
   0.185209E+01   0.166218E+01   0.114439E+00   0.153925E+01   0.153925E+01
   0.185683E+01   0.161282E+01   0.114172E+00   0.152490E+01   0.152490E+01
   0.186157E+01   0.135181E+01   0.113953E+00   0.151070E+01   0.151070E+01
   0.186632E+01   0.131571E+01   0.113810E+00   0.149667E+01   0.149667E+01
   0.187106E+01   0.152115E+01   0.113726E+00   0.148279E+01   0.148279E+01
   0.187580E+01   0.141152E+01   0.113512E+00   0.146907E+01   0.146907E+01
   0.188055E+01   0.152862E+01   0.113574E+00   0.145550E+01   0.145550E+01
   0.188529E+01   0.162979E+01   0.113379E+00   0.144209E+01   0.144209E+01
   0.189003E+01   0.149833E+01   0.113197E+00   0.142883E+01   0.142883E+01
   0.189478E+01   0.128341E+01   0.112854E+00   0.141572E+01   0.141572E+01
   0.189952E+01   0.134236E+01   0.112847E+00   0.140276E+01   0.140276E+01
   0.190426E+01   0.148050E+01   0.112692E+00   0.138995E+01   0.138995E+01
   0.190900E+01   0.158649E+01   0.112667E+00   0.137728E+01   0.137728E+01
   0.191375E+01   0.134973E+01   0.112447E+00   0.136476E+01   0.136476E+01
   0.191849E+01   0.145919E+01   0.112307E+00   0.135239E+01   0.135239E+01
   0.192323E+01   0.138540E+01   0.112131E+00   0.134015E+01   0.134015E+01
   0.192797E+01   0.123376E+01   0.111846E+00   0.132806E+01   0.132806E+01
   0.193272E+01   0.135856E+01   0.111634E+00   0.131610E+01   0.131610E+01
   0.193746E+01   0.129458E+01   0.111450E+00   0.130429E+01   0.130429E+01
   0.194220E+01   0.123608E+01   0.111118E+00   0.129261E+01   0.129261E+01
   0.194695E+01   0.122751E+01   0.110810E+00   0.128106E+01   0.128106E+01
   0.195169E+01   0.118595E+01   0.110508E+00   0.126965E+01   0.126965E+01
   0.195643E+01   0.112608E+01   0.110224E+00   0.125837E+01   0.125837E+01
   0.196117E+01   0.131267E+01   0.110290E+00   0.124723E+01   0.124723E+01
   0.196592E+01   0.127203E+01   0.110265E+00   0.123621E+01   0.123621E+01
   0.197066E+01   0.116686E+01   0.110068E+00   0.122532E+01   0.122532E+01
   0.197540E+01   0.107562E+01   0.110020E+00   0.121455E+01   0.121455E+01
   0.198015E+01   0.115871E+01   0.109999E+00   0.120391E+01   0.120391E+01
   0.198489E+01   0.111429E+01   0.110037E+00   0.119340E+01   0.119340E+01
   0.198963E+01   0.129139E+01   0.110236E+00   0.118300E+01   0.118300E+01
   0.199438E+01   0.121179E+01   0.109976E+00   0.117273E+01   0.117273E+01
   0.199912E+01   0.113211E+01   0.109718E+00   0.116257E+01   0.116257E+01
   0.200386E+01   0.120438E+01   0.109633E+00   0.115253E+01   0.115253E+01
   0.200860E+01   0.107019E+01   0.109635E+00   0.114261E+01   0.114261E+01
   0.201335E+01   0.969563E+00   0.110738E+00   0.113281E+01   0.113281E+01
   0.201809E+01   0.111472E+01   0.113884E+00   0.112311E+01   0.112311E+01
   0.202283E+01   0.114372E+01   0.115588E+00   0.111353E+01   0.111353E+01
   0.202758E+01   0.115655E+01   0.117075E+00   0.110406E+01   0.110406E+01
   0.203232E+01   0.112276E+01   0.118417E+00   0.109469E+01   0.109469E+01
   0.203706E+01   0.110079E+01   0.119343E+00   0.108544E+01   0.108544E+01
   0.204180E+01   0.109212E+01   0.120128E+00   0.107629E+01   0.107629E+01
   0.204655E+01   0.110901E+01   0.120614E+00   0.106724E+01   0.106724E+01
   0.205129E+01   0.124799E+01   0.120905E+00   0.105829E+01   0.105829E+01
   0.205603E+01   0.101031E+01   0.121335E+00   0.104945E+01   0.104945E+01
   0.206078E+01   0.106738E+01   0.121833E+00   0.104071E+01   0.104071E+01
   0.206552E+01   0.101185E+01   0.121919E+00   0.103207E+01   0.103207E+01
   0.207026E+01   0.101129E+01   0.122130E+00   0.102352E+01   0.102352E+01
   0.207500E+01   0.106704E+01   0.122467E+00   0.101507E+01   0.101507E+01
   0.207975E+01   0.106371E+01   0.119807E+00   0.100672E+01   0.100672E+01
   0.208449E+01   0.976046E+00   0.116851E+00   0.998454E+00   0.998454E+00
   0.208923E+01   0.104625E+01   0.115015E+00   0.990283E+00   0.990283E+00
   0.209397E+01   0.102009E+01   0.113709E+00   0.982204E+00   0.982204E+00
   0.209872E+01   0.108293E+01   0.112742E+00   0.974214E+00   0.974214E+00
   0.210346E+01   0.989427E+00   0.111841E+00   0.966311E+00   0.966311E+00
   0.210820E+01   0.934577E+00   0.111035E+00   0.958496E+00   0.958496E+00
   0.211295E+01   0.115282E+01   0.110886E+00   0.950768E+00   0.950768E+00
   0.211769E+01   0.969567E+00   0.110485E+00   0.943123E+00   0.943123E+00
   0.212243E+01   0.868857E+00   0.110009E+00   0.935561E+00   0.935561E+00
   0.212717E+01   0.823340E+00   0.109821E+00   0.928080E+00   0.928080E+00
   0.213192E+01   0.922143E+00   0.109639E+00   0.920681E+00   0.920681E+00
   0.213666E+01   0.871994E+00   0.109331E+00   0.913361E+00   0.913361E+00
   0.214140E+01   0.809009E+00   0.109368E+00   0.906120E+00   0.906120E+00
   0.214615E+01   0.749154E+00   0.108909E+00   0.898958E+00   0.898958E+00
   0.215089E+01   0.872568E+00   0.108745E+00   0.891870E+00   0.891870E+00
   0.215563E+01   0.914503E+00   0.108610E+00   0.884859E+00   0.884859E+00
   0.216038E+01   0.954502E+00   0.108432E+00   0.877920E+00   0.877920E+00
   0.216512E+01   0.902401E+00   0.108313E+00   0.871055E+00   0.871055E+00
   0.216986E+01   0.840397E+00   0.108025E+00   0.864262E+00   0.864262E+00
   0.217460E+01   0.779963E+00   0.107848E+00   0.857540E+00   0.857540E+00
   0.217935E+01   0.840254E+00   0.107519E+00   0.850888E+00   0.850888E+00
   0.218409E+01   0.815204E+00   0.107495E+00   0.844307E+00   0.844307E+00
   0.218883E+01   0.897733E+00   0.107336E+00   0.837793E+00   0.837793E+00
   0.219358E+01   0.848479E+00   0.107315E+00   0.831347E+00   0.831347E+00
   0.219832E+01   0.848356E+00   0.107149E+00   0.824967E+00   0.824967E+00
   0.220306E+01   0.727408E+00   0.106848E+00   0.818652E+00   0.818652E+00
   0.220780E+01   0.819108E+00   0.106778E+00   0.812403E+00   0.812403E+00
   0.221255E+01   0.793388E+00   0.106538E+00   0.806217E+00   0.806217E+00
   0.221729E+01   0.748557E+00   0.106511E+00   0.800096E+00   0.800096E+00
   0.222203E+01   0.737462E+00   0.106380E+00   0.794036E+00   0.794036E+00
   0.222677E+01   0.866173E+00   0.106093E+00   0.788038E+00   0.788038E+00
   0.223152E+01   0.669311E+00   0.105986E+00   0.782102E+00   0.782102E+00
   0.223626E+01   0.649755E+00   0.105836E+00   0.776225E+00   0.776225E+00
   0.224100E+01   0.718153E+00   0.105697E+00   0.770408E+00   0.770408E+00
   0.224575E+01   0.797226E+00   0.105556E+00   0.764651E+00   0.764651E+00
   0.225049E+01   0.763780E+00   0.105501E+00   0.758952E+00   0.758952E+00
   0.225523E+01   0.823908E+00   0.105342E+00   0.753312E+00   0.753312E+00
   0.225997E+01   0.811840E+00   0.105043E+00   0.747728E+00   0.747728E+00
   0.226472E+01   0.767066E+00   0.105040E+00   0.742201E+00   0.742201E+00
   0.226946E+01   0.602248E+00   0.104827E+00   0.736732E+00   0.736732E+00
   0.227420E+01   0.813068E+00   0.104909E+00   0.731315E+00   0.731315E+00
   0.227895E+01   0.631783E+00   0.104581E+00   0.725955E+00   0.725955E+00
   0.228369E+01   0.733366E+00   0.104688E+00   0.720650E+00   0.720650E+00
   0.228843E+01   0.864986E+00   0.104532E+00   0.715401E+00   0.715401E+00
   0.229318E+01   0.822867E+00   0.104204E+00   0.710205E+00   0.710205E+00
   0.229792E+01   0.666177E+00   0.103898E+00   0.705062E+00   0.705062E+00
   0.230266E+01   0.560132E+00   0.103935E+00   0.699972E+00   0.699972E+00
   0.230740E+01   0.814832E+00   0.103867E+00   0.694936E+00   0.694936E+00
   0.231215E+01   0.762998E+00   0.103708E+00   0.689952E+00   0.689952E+00
   0.231689E+01   0.797609E+00   0.103712E+00   0.685021E+00   0.685021E+00
   0.232163E+01   0.614964E+00   0.103520E+00   0.680142E+00   0.680142E+00
   0.232638E+01   0.616815E+00   0.103438E+00   0.675314E+00   0.675314E+00
   0.233112E+01   0.770419E+00   0.103371E+00   0.670538E+00   0.670538E+00
   0.233586E+01   0.615356E+00   0.103088E+00   0.665814E+00   0.665814E+00
   0.234060E+01   0.650567E+00   0.103043E+00   0.661140E+00   0.661140E+00
   0.234535E+01   0.604036E+00   0.102885E+00   0.656517E+00   0.656517E+00
   0.235009E+01   0.501924E+00   0.102777E+00   0.651945E+00   0.651945E+00
   0.235483E+01   0.598229E+00   0.102590E+00   0.647424E+00   0.647424E+00
   0.235957E+01   0.531874E+00   0.102550E+00   0.642954E+00   0.642954E+00
   0.236432E+01   0.577906E+00   0.102488E+00   0.638534E+00   0.638534E+00
   0.236906E+01   0.531395E+00   0.102278E+00   0.634164E+00   0.634164E+00
   0.237380E+01   0.669954E+00   0.102155E+00   0.629844E+00   0.629844E+00
   0.237855E+01   0.645395E+00   0.102180E+00   0.625575E+00   0.625575E+00
   0.238329E+01   0.577675E+00   0.102001E+00   0.621357E+00   0.621357E+00
   0.238803E+01   0.521447E+00   0.101713E+00   0.617186E+00   0.617186E+00
   0.239277E+01   0.655252E+00   0.101900E+00   0.613067E+00   0.613067E+00
   0.239752E+01   0.487988E+00   0.101650E+00   0.608998E+00   0.608998E+00
   0.240226E+01   0.606791E+00   0.101579E+00   0.604979E+00   0.604979E+00
   0.240700E+01   0.582690E+00   0.101382E+00   0.601009E+00   0.601009E+00
   0.241175E+01   0.597940E+00   0.101199E+00   0.597090E+00   0.597090E+00
   0.241649E+01   0.644744E+00   0.101210E+00   0.593221E+00   0.593221E+00
   0.242123E+01   0.637992E+00   0.101126E+00   0.589402E+00   0.589402E+00
   0.242598E+01   0.481442E+00   0.100991E+00   0.585632E+00   0.585632E+00
   0.243072E+01   0.511765E+00   0.100823E+00   0.581914E+00   0.581914E+00
   0.243546E+01   0.672402E+00   0.100784E+00   0.578246E+00   0.578246E+00
   0.244020E+01   0.702736E+00   0.100744E+00   0.574627E+00   0.574627E+00
   0.244495E+01   0.442584E+00   0.100562E+00   0.571059E+00   0.571059E+00
   0.244969E+01   0.557898E+00   0.100461E+00   0.567542E+00   0.567542E+00
   0.245443E+01   0.504902E+00   0.100413E+00   0.564075E+00   0.564075E+00
   0.245918E+01   0.544615E+00   0.100352E+00   0.560658E+00   0.560658E+00
   0.246392E+01   0.505896E+00   0.100108E+00   0.557293E+00   0.557293E+00
   0.246866E+01   0.586070E+00   0.100087E+00   0.553978E+00   0.553978E+00
   0.247340E+01   0.565013E+00   0.999878E-01   0.550714E+00   0.550714E+00
   0.247815E+01   0.516429E+00   0.998315E-01   0.547500E+00   0.547500E+00
   0.248289E+01   0.670401E+00   0.997256E-01   0.544338E+00   0.544338E+00
   0.248763E+01   0.517582E+00   0.996305E-01   0.541227E+00   0.541227E+00
   0.249238E+01   0.551237E+00   0.995608E-01   0.538167E+00   0.538167E+00
   0.249712E+01   0.516617E+00   0.995626E-01   0.535158E+00   0.535158E+00
   0.250186E+01   0.556742E+00   0.994860E-01   0.532201E+00   0.532201E+00
   0.250660E+01   0.571173E+00   0.992322E-01   0.529295E+00   0.529295E+00
   0.251135E+01   0.504457E+00   0.990249E-01   0.526441E+00   0.526441E+00
   0.251609E+01   0.440887E+00   0.988912E-01   0.523638E+00   0.523638E+00
   0.252083E+01   0.524696E+00   0.987520E-01   0.520887E+00   0.520887E+00
   0.252558E+01   0.386667E+00   0.985571E-01   0.518187E+00   0.518187E+00
   0.253032E+01   0.459965E+00   0.983150E-01   0.515539E+00   0.515539E+00
   0.253506E+01   0.468849E+00   0.981419E-01   0.512943E+00   0.512943E+00
   0.253980E+01   0.493405E+00   0.981058E-01   0.510399E+00   0.510399E+00
   0.254455E+01   0.626259E+00   0.982401E-01   0.507906E+00   0.507906E+00
   0.254929E+01   0.596820E+00   0.980299E-01   0.505466E+00   0.505466E+00
   0.255403E+01   0.459752E+00   0.978805E-01   0.503077E+00   0.503077E+00
   0.255878E+01   0.473621E+00   0.978724E-01   0.500740E+00   0.500740E+00
   0.256352E+01   0.523417E+00   0.978145E-01   0.498455E+00   0.498455E+00
   0.256826E+01   0.498431E+00   0.977570E-01   0.496222E+00   0.496222E+00
   0.257300E+01   0.372592E+00   0.976793E-01   0.494040E+00   0.494040E+00
   0.257775E+01   0.510923E+00   0.975899E-01   0.491910E+00   0.491910E+00
   0.258249E+01   0.443115E+00   0.976960E-01   0.489832E+00   0.489832E+00
   0.258723E+01   0.416908E+00   0.977174E-01   0.487805E+00   0.487805E+00
   0.259198E+01   0.688109E+00   0.975356E-01   0.485830E+00   0.485830E+00
   0.259672E+01   0.575617E+00   0.974114E-01   0.483907E+00   0.483907E+00
   0.260146E+01   0.562823E+00   0.974720E-01   0.482034E+00   0.482034E+00
   0.260620E+01   0.547493E+00   0.972257E-01   0.480212E+00   0.480212E+00
   0.261095E+01   0.365963E+00   0.970509E-01   0.478442E+00   0.478442E+00
   0.261569E+01   0.387225E+00   0.971282E-01   0.476723E+00   0.476723E+00
   0.262043E+01   0.452766E+00   0.969812E-01   0.475054E+00   0.475054E+00
   0.262518E+01   0.273524E+00   0.968539E-01   0.473436E+00   0.473436E+00
   0.262992E+01   0.353437E+00   0.968426E-01   0.471868E+00   0.471868E+00
   0.263466E+01   0.396464E+00   0.967807E-01   0.470350E+00   0.470350E+00
   0.263940E+01   0.462258E+00   0.966714E-01   0.468882E+00   0.468882E+00
   0.264415E+01   0.476218E+00   0.965415E-01   0.467463E+00   0.467463E+00
   0.264889E+01   0.427672E+00   0.964069E-01   0.466093E+00   0.466093E+00
   0.265363E+01   0.636858E+00   0.964602E-01   0.464773E+00   0.464773E+00
   0.265838E+01   0.555287E+00   0.963424E-01   0.463500E+00   0.463500E+00
   0.266312E+01   0.560667E+00   0.962640E-01   0.462277E+00   0.462277E+00
   0.266786E+01   0.313980E+00   0.960737E-01   0.461101E+00   0.461101E+00
   0.267260E+01   0.443630E+00   0.960621E-01   0.459972E+00   0.459972E+00
   0.267735E+01   0.528070E+00   0.960138E-01   0.458891E+00   0.458891E+00
   0.268209E+01   0.477960E+00   0.958594E-01   0.457857E+00   0.457857E+00
   0.268683E+01   0.558852E+00   0.957847E-01   0.456869E+00   0.456869E+00
   0.269158E+01   0.581950E+00   0.958825E-01   0.455926E+00   0.455926E+00
   0.269632E+01   0.357877E+00   0.956493E-01   0.455029E+00   0.455029E+00
   0.270106E+01   0.451286E+00   0.955492E-01   0.454177E+00   0.454177E+00
   0.270580E+01   0.407305E+00   0.954474E-01   0.453370E+00   0.453370E+00
   0.271055E+01   0.487537E+00   0.953456E-01   0.452606E+00   0.452606E+00
   0.271529E+01   0.514269E+00   0.953830E-01   0.451886E+00   0.451886E+00
   0.272003E+01   0.432657E+00   0.951415E-01   0.451208E+00   0.451208E+00
   0.272478E+01   0.385023E+00   0.950073E-01   0.450572E+00   0.450572E+00
   0.272952E+01   0.482080E+00   0.950113E-01   0.449979E+00   0.449979E+00
   0.273426E+01   0.534054E+00   0.948142E-01   0.449426E+00   0.449426E+00
   0.273901E+01   0.467788E+00   0.948142E-01   0.448914E+00   0.448914E+00
   0.274375E+01   0.391818E+00   0.947944E-01   0.448441E+00   0.448441E+00
   0.274849E+01   0.472705E+00   0.947449E-01   0.448007E+00   0.448007E+00
   0.275323E+01   0.426117E+00   0.946063E-01   0.447612E+00   0.447612E+00
   0.275798E+01   0.542901E+00   0.945385E-01   0.447254E+00   0.447254E+00
   0.276272E+01   0.399426E+00   0.943635E-01   0.446933E+00   0.446933E+00
   0.276746E+01   0.472481E+00   0.942642E-01   0.446648E+00   0.446648E+00
   0.277221E+01   0.464276E+00   0.942251E-01   0.446398E+00   0.446398E+00
   0.277695E+01   0.466311E+00   0.942200E-01   0.446184E+00   0.446184E+00
   0.278169E+01   0.516434E+00   0.940682E-01   0.446003E+00   0.446003E+00
   0.278643E+01   0.425906E+00   0.939822E-01   0.445855E+00   0.445855E+00
   0.279118E+01   0.467746E+00   0.939520E-01   0.445739E+00   0.445739E+00
   0.279592E+01   0.422985E+00   0.938142E-01   0.445655E+00   0.445655E+00
   0.280066E+01   0.435299E+00   0.937109E-01   0.445601E+00   0.445601E+00
   0.280540E+01   0.464523E+00   0.937046E-01   0.445577E+00   0.445577E+00
   0.281015E+01   0.423933E+00   0.937119E-01   0.445581E+00   0.445581E+00
   0.281489E+01   0.460775E+00   0.936683E-01   0.445614E+00   0.445614E+00
   0.281963E+01   0.592473E+00   0.955688E-01   0.445674E+00   0.445674E+00
   0.282438E+01   0.478959E+00   0.973115E-01   0.445759E+00   0.445759E+00
   0.282912E+01   0.460707E+00   0.985123E-01   0.445870E+00   0.445870E+00
   0.283386E+01   0.355673E+00   0.994786E-01   0.446007E+00   0.446007E+00
   0.283860E+01   0.531792E+00   0.100433E+00   0.446163E+00   0.446163E+00
   0.284335E+01   0.340868E+00   0.100842E+00   0.446344E+00   0.446344E+00
   0.284809E+01   0.452773E+00   0.101084E+00   0.446546E+00   0.446546E+00
   0.285283E+01   0.498513E+00   0.101512E+00   0.446768E+00   0.446768E+00
   0.285758E+01   0.392416E+00   0.101695E+00   0.447010E+00   0.447010E+00
   0.286232E+01   0.538647E+00   0.102132E+00   0.447270E+00   0.447270E+00
   0.286706E+01   0.546701E+00   0.102069E+00   0.447548E+00   0.447548E+00
   0.287181E+01   0.302768E+00   0.102343E+00   0.447842E+00   0.447842E+00
   0.287655E+01   0.532989E+00   0.102653E+00   0.448151E+00   0.448151E+00
   0.288129E+01   0.468226E+00   0.102380E+00   0.448475E+00   0.448475E+00
   0.288603E+01   0.379284E+00   0.996538E-01   0.448812E+00   0.448812E+00
   0.289078E+01   0.538791E+00   0.981894E-01   0.449161E+00   0.449161E+00
   0.289552E+01   0.432698E+00   0.970242E-01   0.449522E+00   0.449522E+00
   0.290026E+01   0.520379E+00   0.961344E-01   0.449893E+00   0.449893E+00
   0.290501E+01   0.506384E+00   0.954825E-01   0.450274E+00   0.450274E+00
   0.290975E+01   0.510382E+00   0.952245E-01   0.450662E+00   0.450662E+00
   0.291449E+01   0.507950E+00   0.951593E-01   0.451058E+00   0.451058E+00
   0.291923E+01   0.454239E+00   0.948574E-01   0.451460E+00   0.451460E+00
   0.292398E+01   0.416816E+00   0.946412E-01   0.451867E+00   0.451867E+00
   0.292872E+01   0.455295E+00   0.943835E-01   0.452278E+00   0.452278E+00
   0.293346E+01   0.375863E+00   0.943317E-01   0.452693E+00   0.452693E+00
   0.293820E+01   0.389161E+00   0.940925E-01   0.453109E+00   0.453109E+00
   0.294295E+01   0.434410E+00   0.938995E-01   0.453526E+00   0.453526E+00
   0.294769E+01   0.421689E+00   0.937722E-01   0.453944E+00   0.453944E+00
   0.295243E+01   0.512012E+00   0.937746E-01   0.454360E+00   0.454360E+00
   0.295718E+01   0.454673E+00   0.936025E-01   0.454774E+00   0.454774E+00
   0.296192E+01   0.492946E+00   0.934570E-01   0.455185E+00   0.455185E+00
   0.296666E+01   0.391678E+00   0.933029E-01   0.455593E+00   0.455593E+00
   0.297140E+01   0.427591E+00   0.931433E-01   0.455995E+00   0.455995E+00
   0.297615E+01   0.426790E+00   0.931196E-01   0.456391E+00   0.456391E+00
   0.298089E+01   0.468582E+00   0.929620E-01   0.456781E+00   0.456781E+00
   0.298563E+01   0.435981E+00   0.929470E-01   0.457162E+00   0.457162E+00
   0.299038E+01   0.439439E+00   0.927140E-01   0.457535E+00   0.457535E+00
   0.299512E+01   0.438624E+00   0.927523E-01   0.457898E+00   0.457898E+00
   0.299986E+01   0.395123E+00   0.926169E-01   0.458250E+00   0.458250E+00

           ####      Real Space Data                               ####

           Distance distribution  function of particle  


      R          P(R)      ERROR

  0.0000E+00  0.0000E+00  0.0000E+00
  0.3577E-01  0.1226E-01  0.7742E-03
  0.7153E-01  0.2491E-01  0.1435E-02
  0.1073E+00  0.3794E-01  0.1985E-02
  0.1431E+00  0.5135E-01  0.2425E-02
  0.1788E+00  0.6514E-01  0.2759E-02
  0.2146E+00  0.7929E-01  0.2991E-02
  0.2504E+00  0.9381E-01  0.3125E-02
  0.2861E+00  0.1087E+00  0.3167E-02
  0.3219E+00  0.1239E+00  0.3124E-02
  0.3577E+00  0.1395E+00  0.3001E-02
  0.3934E+00  0.1554E+00  0.2808E-02
  0.4292E+00  0.1716E+00  0.2554E-02
  0.4650E+00  0.1881E+00  0.2248E-02
  0.5007E+00  0.2048E+00  0.1903E-02
  0.5365E+00  0.2219E+00  0.1538E-02
  0.5723E+00  0.2392E+00  0.1186E-02
  0.6080E+00  0.2567E+00  0.9164E-03
  0.6438E+00  0.2745E+00  0.8553E-03
  0.6796E+00  0.2924E+00  0.1058E-02
  0.7153E+00  0.3105E+00  0.1417E-02
  0.7511E+00  0.3288E+00  0.1834E-02
  0.7869E+00  0.3472E+00  0.2266E-02
  0.8226E+00  0.3656E+00  0.2690E-02
  0.8584E+00  0.3841E+00  0.3093E-02
  0.8942E+00  0.4027E+00  0.3465E-02
  0.9299E+00  0.4212E+00  0.3799E-02
  0.9657E+00  0.4397E+00  0.4089E-02
  0.1001E+01  0.4582E+00  0.4331E-02
  0.1037E+01  0.4766E+00  0.4520E-02
  0.1073E+01  0.4948E+00  0.4655E-02
  0.1109E+01  0.5128E+00  0.4732E-02
  0.1145E+01  0.5307E+00  0.4753E-02
  0.1180E+01  0.5483E+00  0.4716E-02
  0.1216E+01  0.5656E+00  0.4622E-02
  0.1252E+01  0.5826E+00  0.4474E-02
  0.1288E+01  0.5993E+00  0.4274E-02
  0.1323E+01  0.6155E+00  0.4027E-02
  0.1359E+01  0.6313E+00  0.3738E-02
  0.1395E+01  0.6467E+00  0.3414E-02
  0.1431E+01  0.6616E+00  0.3065E-02
  0.1466E+01  0.6759E+00  0.2703E-02
  0.1502E+01  0.6896E+00  0.2349E-02
  0.1538E+01  0.7027E+00  0.2029E-02
  0.1574E+01  0.7152E+00  0.1788E-02
  0.1610E+01  0.7271E+00  0.1677E-02
  0.1645E+01  0.7382E+00  0.1733E-02
  0.1681E+01  0.7486E+00  0.1941E-02
  0.1717E+01  0.7582E+00  0.2256E-02
  0.1753E+01  0.7670E+00  0.2630E-02
  0.1788E+01  0.7751E+00  0.3030E-02
  0.1824E+01  0.7823E+00  0.3432E-02
  0.1860E+01  0.7888E+00  0.3823E-02
  0.1896E+01  0.7943E+00  0.4190E-02
  0.1931E+01  0.7990E+00  0.4525E-02
  0.1967E+01  0.8029E+00  0.4823E-02
  0.2003E+01  0.8058E+00  0.5076E-02
  0.2039E+01  0.8079E+00  0.5283E-02
  0.2074E+01  0.8092E+00  0.5440E-02
  0.2110E+01  0.8096E+00  0.5545E-02
  0.2146E+01  0.8091E+00  0.5597E-02
  0.2182E+01  0.8078E+00  0.5596E-02
  0.2218E+01  0.8057E+00  0.5544E-02
  0.2253E+01  0.8028E+00  0.5442E-02
  0.2289E+01  0.7991E+00  0.5293E-02
  0.2325E+01  0.7946E+00  0.5103E-02
  0.2361E+01  0.7894E+00  0.4877E-02
  0.2396E+01  0.7835E+00  0.4622E-02
  0.2432E+01  0.7770E+00  0.4348E-02
  0.2468E+01  0.7698E+00  0.4067E-02
  0.2504E+01  0.7620E+00  0.3794E-02
  0.2539E+01  0.7537E+00  0.3546E-02
  0.2575E+01  0.7448E+00  0.3343E-02
  0.2611E+01  0.7356E+00  0.3207E-02
  0.2647E+01  0.7258E+00  0.3155E-02
  0.2683E+01  0.7158E+00  0.3194E-02
  0.2718E+01  0.7053E+00  0.3323E-02
  0.2754E+01  0.6947E+00  0.3527E-02
  0.2790E+01  0.6837E+00  0.3787E-02
  0.2826E+01  0.6726E+00  0.4084E-02
  0.2861E+01  0.6614E+00  0.4397E-02
  0.2897E+01  0.6501E+00  0.4714E-02
  0.2933E+01  0.6387E+00  0.5019E-02
  0.2969E+01  0.6273E+00  0.5304E-02
  0.3004E+01  0.6160E+00  0.5560E-02
  0.3040E+01  0.6048E+00  0.5781E-02
  0.3076E+01  0.5937E+00  0.5961E-02
  0.3112E+01  0.5827E+00  0.6097E-02
  0.3148E+01  0.5720E+00  0.6186E-02
  0.3183E+01  0.5615E+00  0.6227E-02
  0.3219E+01  0.5512E+00  0.6221E-02
  0.3255E+01  0.5412E+00  0.6166E-02
  0.3291E+01  0.5315E+00  0.6067E-02
  0.3326E+01  0.5222E+00  0.5926E-02
  0.3362E+01  0.5132E+00  0.5747E-02
  0.3398E+01  0.5045E+00  0.5537E-02
  0.3434E+01  0.4962E+00  0.5303E-02
  0.3469E+01  0.4883E+00  0.5055E-02
  0.3505E+01  0.4807E+00  0.4804E-02
  0.3541E+01  0.4735E+00  0.4563E-02
  0.3577E+01  0.4667E+00  0.4349E-02
  0.3612E+01  0.4602E+00  0.4176E-02
  0.3648E+01  0.4540E+00  0.4061E-02
  0.3684E+01  0.4481E+00  0.4016E-02
  0.3720E+01  0.4426E+00  0.4048E-02
  0.3756E+01  0.4373E+00  0.4156E-02
  0.3791E+01  0.4323E+00  0.4331E-02
  0.3827E+01  0.4275E+00  0.4561E-02
  0.3863E+01  0.4229E+00  0.4830E-02
  0.3899E+01  0.4185E+00  0.5123E-02
  0.3934E+01  0.4142E+00  0.5427E-02
  0.3970E+01  0.4101E+00  0.5728E-02
  0.4006E+01  0.4060E+00  0.6016E-02
  0.4042E+01  0.4019E+00  0.6282E-02
  0.4077E+01  0.3978E+00  0.6521E-02
  0.4113E+01  0.3937E+00  0.6725E-02
  0.4149E+01  0.3896E+00  0.6891E-02
  0.4185E+01  0.3853E+00  0.7016E-02
  0.4221E+01  0.3810E+00  0.7098E-02
  0.4256E+01  0.3764E+00  0.7136E-02
  0.4292E+01  0.3717E+00  0.7130E-02
  0.4328E+01  0.3668E+00  0.7081E-02
  0.4364E+01  0.3617E+00  0.6993E-02
  0.4399E+01  0.3563E+00  0.6868E-02
  0.4435E+01  0.3506E+00  0.6711E-02
  0.4471E+01  0.3447E+00  0.6528E-02
  0.4507E+01  0.3385E+00  0.6325E-02
  0.4542E+01  0.3320E+00  0.6111E-02
  0.4578E+01  0.3252E+00  0.5894E-02
  0.4614E+01  0.3181E+00  0.5684E-02
  0.4650E+01  0.3108E+00  0.5493E-02
  0.4686E+01  0.3031E+00  0.5332E-02
  0.4721E+01  0.2952E+00  0.5209E-02
  0.4757E+01  0.2871E+00  0.5135E-02
  0.4793E+01  0.2787E+00  0.5114E-02
  0.4829E+01  0.2702E+00  0.5150E-02
  0.4864E+01  0.2614E+00  0.5238E-02
  0.4900E+01  0.2526E+00  0.5375E-02
  0.4936E+01  0.2436E+00  0.5552E-02
  0.4972E+01  0.2346E+00  0.5760E-02
  0.5007E+01  0.2255E+00  0.5988E-02
  0.5043E+01  0.2165E+00  0.6227E-02
  0.5079E+01  0.2075E+00  0.6467E-02
  0.5115E+01  0.1986E+00  0.6702E-02
  0.5150E+01  0.1898E+00  0.6923E-02
  0.5186E+01  0.1813E+00  0.7126E-02
  0.5222E+01  0.1729E+00  0.7307E-02
  0.5258E+01  0.1649E+00  0.7460E-02
  0.5294E+01  0.1572E+00  0.7584E-02
  0.5329E+01  0.1498E+00  0.7676E-02
  0.5365E+01  0.1429E+00  0.7736E-02
  0.5401E+01  0.1363E+00  0.7762E-02
  0.5437E+01  0.1303E+00  0.7756E-02
  0.5472E+01  0.1247E+00  0.7717E-02
  0.5508E+01  0.1197E+00  0.7647E-02
  0.5544E+01  0.1153E+00  0.7549E-02
  0.5580E+01  0.1114E+00  0.7425E-02
  0.5615E+01  0.1080E+00  0.7280E-02
  0.5651E+01  0.1053E+00  0.7118E-02
  0.5687E+01  0.1031E+00  0.6946E-02
  0.5723E+01  0.1015E+00  0.6772E-02
  0.5759E+01  0.1004E+00  0.6605E-02
  0.5794E+01  0.9984E-01  0.6456E-02
  0.5830E+01  0.9979E-01  0.6338E-02
  0.5866E+01  0.1002E+00  0.6263E-02
  0.5902E+01  0.1010E+00  0.6244E-02
  0.5937E+01  0.1022E+00  0.6292E-02
  0.5973E+01  0.1037E+00  0.6413E-02
  0.6009E+01  0.1054E+00  0.6611E-02
  0.6045E+01  0.1072E+00  0.6882E-02
  0.6080E+01  0.1091E+00  0.7219E-02
  0.6116E+01  0.1110E+00  0.7610E-02
  0.6152E+01  0.1127E+00  0.8038E-02
  0.6188E+01  0.1143E+00  0.8488E-02
  0.6223E+01  0.1154E+00  0.8940E-02
  0.6259E+01  0.1161E+00  0.9375E-02
  0.6295E+01  0.1163E+00  0.9771E-02
  0.6331E+01  0.1156E+00  0.1011E-01
  0.6367E+01  0.1142E+00  0.1036E-01
  0.6402E+01  0.1117E+00  0.1050E-01
  0.6438E+01  0.1081E+00  0.1052E-01
  0.6474E+01  0.1033E+00  0.1037E-01
  0.6510E+01  0.9696E-01  0.1004E-01
  0.6545E+01  0.8907E-01  0.9499E-02
  0.6581E+01  0.7944E-01  0.8711E-02
  0.6617E+01  0.6793E-01  0.7648E-02
  0.6653E+01  0.5438E-01  0.6279E-02
  0.6688E+01  0.3864E-01  0.4570E-02
  0.6724E+01  0.2056E-01  0.2489E-02
  0.6760E+01  0.0000E+00  0.0000E+00
