
           ####      G N O M             Version 5.0 (r13469)      ####
                                               Wed Dec 15 15:10:32 2021

           ####      Configuration                                 ####

    System Type:                   arbitrary monodisperse (job = 0)
    Minimum characteristic size:         0.0000
    Maximum characteristic size:         7.2300
    rad56:                               0.0000
    Force 0.0 at r = rmin:                  yes
    Force 0.0 at r = rmax:                  yes
    Initial alpha:                       0.0000
    Initial random seed:    1435726298834546718
    Points in real space:                   190

    Input  1:                      temp-inp.dat
    First data point used:                    1
    Last data point used:                   570
    Scaling coefficient:             0.1000E+01
    Experimental setup:            point collimation



           ####      Results                                       ####

    Parameter    DISCRP  OSCILL  STABIL  SYSDEV  POSITV  VALCEN  SMOOTH
    Weight        1.000   3.000   3.000   3.000   1.000   1.000   1.000
    Sigma         0.300   0.600   0.120   0.120   0.120   0.120   0.600
    Ideal         0.700   1.100   0.000   1.000   1.000   0.950   0.000
    Current       0.729   1.247   0.015   0.643   1.000   0.892   3.052
               --------------------------------------------------------
    Estimate      0.990   0.942   0.985   0.000   1.000   0.789   0.000

    Angular range:                       0.3012 to       2.9999
    Reciprocal space Rg:             0.2406E+01
    Reciprocal space I(0):           0.5218E+02

    Real space range:                    0.0000 to       7.2300
    Real space Rg:                   0.2414E+01 +-   0.4254E-02
    Real space I(0):                 0.5219E+02 +-   0.8547E-01

    Highest ALPHA (theor):           0.5937E+02
    Current ALPHA:                   0.1212E+02

    Total Estimate:                      0.6585 (a REASONABLE solution)



           ####      Experimental Data and Fit                     ####

      S          J EXP       ERROR       J REG       I REG

   0.000000E+00                                                0.521903E+02
   0.107561E-01                                                0.521786E+02
   0.215123E-01                                                0.521434E+02
   0.322684E-01                                                0.520849E+02
   0.430246E-01                                                0.520030E+02
   0.537807E-01                                                0.518979E+02
   0.645368E-01                                                0.517699E+02
   0.752930E-01                                                0.516189E+02
   0.860491E-01                                                0.514454E+02
   0.968053E-01                                                0.512495E+02
   0.107561E+00                                                0.510316E+02
   0.118318E+00                                                0.507919E+02
   0.129074E+00                                                0.505309E+02
   0.139830E+00                                                0.502488E+02
   0.150586E+00                                                0.499461E+02
   0.161342E+00                                                0.496233E+02
   0.172098E+00                                                0.492807E+02
   0.182854E+00                                                0.489190E+02
   0.193611E+00                                                0.485386E+02
   0.204367E+00                                                0.481401E+02
   0.215123E+00                                                0.477240E+02
   0.225879E+00                                                0.472909E+02
   0.236635E+00                                                0.468414E+02
   0.247391E+00                                                0.463761E+02
   0.258147E+00                                                0.458958E+02
   0.268903E+00                                                0.454009E+02
   0.279660E+00                                                0.448923E+02
   0.290416E+00                                                0.443706E+02
   0.301172E+00   0.441723E+02   0.214985E+00   0.438364E+02   0.438364E+02
   0.305915E+00   0.439880E+02   0.212592E+00   0.435971E+02   0.435971E+02
   0.310658E+00   0.439029E+02   0.210612E+00   0.433556E+02   0.433556E+02
   0.315400E+00   0.434762E+02   0.208840E+00   0.431119E+02   0.431119E+02
   0.320143E+00   0.432760E+02   0.206939E+00   0.428662E+02   0.428662E+02
   0.324886E+00   0.432956E+02   0.204735E+00   0.426184E+02   0.426184E+02
   0.329629E+00   0.426023E+02   0.202862E+00   0.423686E+02   0.423686E+02
   0.334372E+00   0.423645E+02   0.201356E+00   0.421169E+02   0.421169E+02
   0.339115E+00   0.420932E+02   0.201409E+00   0.418634E+02   0.418634E+02
   0.343858E+00   0.416754E+02   0.203679E+00   0.416081E+02   0.416081E+02
   0.348601E+00   0.417581E+02   0.208541E+00   0.413511E+02   0.413511E+02
   0.353343E+00   0.416617E+02   0.212440E+00   0.410924E+02   0.410924E+02
   0.358086E+00   0.410218E+02   0.214030E+00   0.408321E+02   0.408321E+02
   0.362829E+00   0.409346E+02   0.215966E+00   0.405703E+02   0.405703E+02
   0.367572E+00   0.405159E+02   0.217237E+00   0.403070E+02   0.403070E+02
   0.372315E+00   0.400023E+02   0.218086E+00   0.400423E+02   0.400423E+02
   0.377058E+00   0.396853E+02   0.218818E+00   0.397762E+02   0.397762E+02
   0.381801E+00   0.396585E+02   0.219669E+00   0.395089E+02   0.395089E+02
   0.386543E+00   0.393289E+02   0.220674E+00   0.392403E+02   0.392403E+02
   0.391286E+00   0.389709E+02   0.221115E+00   0.389706E+02   0.389706E+02
   0.396029E+00   0.384841E+02   0.221779E+00   0.386998E+02   0.386998E+02
   0.400772E+00   0.385400E+02   0.222934E+00   0.384279E+02   0.384279E+02
   0.405515E+00   0.382641E+02   0.230058E+00   0.381551E+02   0.381551E+02
   0.410258E+00   0.380855E+02   0.235261E+00   0.378814E+02   0.378814E+02
   0.415001E+00   0.378004E+02   0.240570E+00   0.376068E+02   0.376068E+02
   0.419744E+00   0.377012E+02   0.243678E+00   0.373314E+02   0.373314E+02
   0.424486E+00   0.368754E+02   0.247069E+00   0.370552E+02   0.370552E+02
   0.429229E+00   0.367804E+02   0.249814E+00   0.367784E+02   0.367784E+02
   0.433972E+00   0.365281E+02   0.253100E+00   0.365010E+02   0.365010E+02
   0.438715E+00   0.361426E+02   0.256135E+00   0.362231E+02   0.362231E+02
   0.443458E+00   0.357831E+02   0.259473E+00   0.359446E+02   0.359446E+02
   0.448201E+00   0.355673E+02   0.263790E+00   0.356657E+02   0.356657E+02
   0.452944E+00   0.353061E+02   0.268200E+00   0.353865E+02   0.353865E+02
   0.457686E+00   0.345769E+02   0.269392E+00   0.351069E+02   0.351069E+02
   0.462429E+00   0.345718E+02   0.271445E+00   0.348271E+02   0.348271E+02
   0.467172E+00   0.344259E+02   0.270423E+00   0.345470E+02   0.345470E+02
   0.471915E+00   0.344695E+02   0.260140E+00   0.342668E+02   0.342668E+02
   0.476658E+00   0.336071E+02   0.253802E+00   0.339865E+02   0.339865E+02
   0.481401E+00   0.336402E+02   0.250066E+00   0.337062E+02   0.337062E+02
   0.486144E+00   0.332352E+02   0.247615E+00   0.334259E+02   0.334259E+02
   0.490887E+00   0.329773E+02   0.244510E+00   0.331457E+02   0.331457E+02
   0.495629E+00   0.325943E+02   0.242530E+00   0.328656E+02   0.328656E+02
   0.500372E+00   0.322068E+02   0.240111E+00   0.325857E+02   0.325857E+02
   0.505115E+00   0.320987E+02   0.238408E+00   0.323060E+02   0.323060E+02
   0.509858E+00   0.319268E+02   0.237271E+00   0.320266E+02   0.320266E+02
   0.514601E+00   0.311003E+02   0.235078E+00   0.317476E+02   0.317476E+02
   0.519344E+00   0.313470E+02   0.234180E+00   0.314689E+02   0.314689E+02
   0.524087E+00   0.312837E+02   0.232401E+00   0.311907E+02   0.311907E+02
   0.528829E+00   0.307777E+02   0.230924E+00   0.309129E+02   0.309129E+02
   0.533572E+00   0.306241E+02   0.229490E+00   0.306357E+02   0.306357E+02
   0.538315E+00   0.299772E+02   0.227100E+00   0.303591E+02   0.303591E+02
   0.543058E+00   0.298563E+02   0.225259E+00   0.300831E+02   0.300831E+02
   0.547801E+00   0.290623E+02   0.222881E+00   0.298078E+02   0.298078E+02
   0.552544E+00   0.290511E+02   0.221057E+00   0.295332E+02   0.295332E+02
   0.557287E+00   0.289743E+02   0.219700E+00   0.292593E+02   0.292593E+02
   0.562029E+00   0.285530E+02   0.217523E+00   0.289863E+02   0.289863E+02
   0.566772E+00   0.285021E+02   0.215684E+00   0.287142E+02   0.287142E+02
   0.571515E+00   0.282296E+02   0.213933E+00   0.284429E+02   0.284429E+02
   0.576258E+00   0.278380E+02   0.212487E+00   0.281726E+02   0.281726E+02
   0.581001E+00   0.277491E+02   0.211657E+00   0.279032E+02   0.279032E+02
   0.585744E+00   0.276740E+02   0.210413E+00   0.276349E+02   0.276349E+02
   0.590487E+00   0.272423E+02   0.209250E+00   0.273676E+02   0.273676E+02
   0.595230E+00   0.268041E+02   0.208180E+00   0.271014E+02   0.271014E+02
   0.599972E+00   0.264861E+02   0.207712E+00   0.268364E+02   0.268364E+02
   0.604715E+00   0.265703E+02   0.207277E+00   0.265725E+02   0.265725E+02
   0.609458E+00   0.261334E+02   0.205609E+00   0.263098E+02   0.263098E+02
   0.614201E+00   0.259976E+02   0.205151E+00   0.260484E+02   0.260484E+02
   0.618944E+00   0.257536E+02   0.204451E+00   0.257882E+02   0.257882E+02
   0.623687E+00   0.254289E+02   0.203555E+00   0.255294E+02   0.255294E+02
   0.628430E+00   0.250846E+02   0.203187E+00   0.252719E+02   0.252719E+02
   0.633173E+00   0.248011E+02   0.202242E+00   0.250157E+02   0.250157E+02
   0.637915E+00   0.245444E+02   0.201283E+00   0.247610E+02   0.247610E+02
   0.642658E+00   0.241266E+02   0.200117E+00   0.245077E+02   0.245077E+02
   0.647401E+00   0.238619E+02   0.199052E+00   0.242559E+02   0.242559E+02
   0.652144E+00   0.237367E+02   0.198413E+00   0.240055E+02   0.240055E+02
   0.656887E+00   0.235465E+02   0.197788E+00   0.237567E+02   0.237567E+02
   0.661630E+00   0.232764E+02   0.197410E+00   0.235094E+02   0.235094E+02
   0.666373E+00   0.230267E+02   0.196186E+00   0.232637E+02   0.232637E+02
   0.671115E+00   0.227962E+02   0.195703E+00   0.230195E+02   0.230195E+02
   0.675858E+00   0.224289E+02   0.194543E+00   0.227770E+02   0.227770E+02
   0.680601E+00   0.222599E+02   0.194213E+00   0.225361E+02   0.225361E+02
   0.685344E+00   0.222940E+02   0.193231E+00   0.222969E+02   0.222969E+02
   0.690087E+00   0.219169E+02   0.192397E+00   0.220593E+02   0.220593E+02
   0.694830E+00   0.217267E+02   0.191687E+00   0.218235E+02   0.218235E+02
   0.699573E+00   0.217506E+02   0.191264E+00   0.215893E+02   0.215893E+02
   0.704315E+00   0.212541E+02   0.190438E+00   0.213569E+02   0.213569E+02
   0.709058E+00   0.209488E+02   0.189901E+00   0.211263E+02   0.211263E+02
   0.713801E+00   0.206650E+02   0.189195E+00   0.208974E+02   0.208974E+02
   0.718544E+00   0.205902E+02   0.188317E+00   0.206703E+02   0.206703E+02
   0.723287E+00   0.204166E+02   0.187877E+00   0.204450E+02   0.204450E+02
   0.728030E+00   0.201610E+02   0.187445E+00   0.202216E+02   0.202216E+02
   0.732773E+00   0.199838E+02   0.186707E+00   0.199999E+02   0.199999E+02
   0.737515E+00   0.196716E+02   0.185700E+00   0.197801E+02   0.197801E+02
   0.742258E+00   0.195697E+02   0.185297E+00   0.195621E+02   0.195621E+02
   0.747001E+00   0.193053E+02   0.184209E+00   0.193460E+02   0.193460E+02
   0.751744E+00   0.192267E+02   0.183500E+00   0.191318E+02   0.191318E+02
   0.756487E+00   0.189937E+02   0.183015E+00   0.189194E+02   0.189194E+02
   0.761230E+00   0.187504E+02   0.182278E+00   0.187089E+02   0.187089E+02
   0.765973E+00   0.186431E+02   0.182122E+00   0.185003E+02   0.185003E+02
   0.770716E+00   0.186580E+02   0.181448E+00   0.182936E+02   0.182936E+02
   0.775459E+00   0.181249E+02   0.180596E+00   0.180889E+02   0.180889E+02
   0.780201E+00   0.178493E+02   0.179881E+00   0.178860E+02   0.178860E+02
   0.784944E+00   0.177787E+02   0.179430E+00   0.176850E+02   0.176850E+02
   0.789687E+00   0.172854E+02   0.178452E+00   0.174860E+02   0.174860E+02
   0.794430E+00   0.173153E+02   0.178354E+00   0.172889E+02   0.172889E+02
   0.799173E+00   0.172439E+02   0.177218E+00   0.170937E+02   0.170937E+02
   0.803916E+00   0.169940E+02   0.177038E+00   0.169004E+02   0.169004E+02
   0.808658E+00   0.167032E+02   0.176664E+00   0.167091E+02   0.167091E+02
   0.813401E+00   0.167597E+02   0.176006E+00   0.165196E+02   0.165196E+02
   0.818144E+00   0.165476E+02   0.175515E+00   0.163321E+02   0.163321E+02
   0.822887E+00   0.162797E+02   0.174848E+00   0.161465E+02   0.161465E+02
   0.827630E+00   0.162181E+02   0.174175E+00   0.159629E+02   0.159629E+02
   0.832373E+00   0.158984E+02   0.173067E+00   0.157811E+02   0.157811E+02
   0.837116E+00   0.158576E+02   0.172923E+00   0.156013E+02   0.156013E+02
   0.841859E+00   0.155663E+02   0.172399E+00   0.154234E+02   0.154234E+02
   0.846601E+00   0.152892E+02   0.172113E+00   0.152473E+02   0.152473E+02
   0.851344E+00   0.151639E+02   0.171053E+00   0.150732E+02   0.150732E+02
   0.856087E+00   0.148862E+02   0.170741E+00   0.149010E+02   0.149010E+02
   0.860830E+00   0.149476E+02   0.170004E+00   0.147306E+02   0.147306E+02
   0.865573E+00   0.146978E+02   0.169717E+00   0.145621E+02   0.145621E+02
   0.870316E+00   0.144900E+02   0.169151E+00   0.143955E+02   0.143955E+02
   0.875059E+00   0.143723E+02   0.168904E+00   0.142308E+02   0.142308E+02
   0.879802E+00   0.142663E+02   0.167984E+00   0.140679E+02   0.140679E+02
   0.884544E+00   0.140557E+02   0.167517E+00   0.139069E+02   0.139069E+02
   0.889287E+00   0.139581E+02   0.166833E+00   0.137477E+02   0.137477E+02
   0.894030E+00   0.137424E+02   0.166538E+00   0.135903E+02   0.135903E+02
   0.898773E+00   0.134913E+02   0.165807E+00   0.134348E+02   0.134348E+02
   0.903516E+00   0.136712E+02   0.165582E+00   0.132810E+02   0.132810E+02
   0.908259E+00   0.133053E+02   0.164692E+00   0.131291E+02   0.131291E+02
   0.913002E+00   0.130477E+02   0.164187E+00   0.129789E+02   0.129789E+02
   0.917744E+00   0.128799E+02   0.163904E+00   0.128305E+02   0.128305E+02
   0.922487E+00   0.127387E+02   0.163339E+00   0.126838E+02   0.126838E+02
   0.927230E+00   0.129329E+02   0.163026E+00   0.125389E+02   0.125389E+02
   0.931973E+00   0.127547E+02   0.162700E+00   0.123957E+02   0.123957E+02
   0.936716E+00   0.126130E+02   0.162221E+00   0.122543E+02   0.122543E+02
   0.941459E+00   0.124583E+02   0.161860E+00   0.121145E+02   0.121145E+02
   0.946202E+00   0.120903E+02   0.160963E+00   0.119765E+02   0.119765E+02
   0.950944E+00   0.118869E+02   0.160503E+00   0.118401E+02   0.118401E+02
   0.955687E+00   0.119142E+02   0.160448E+00   0.117054E+02   0.117054E+02
   0.960430E+00   0.120052E+02   0.159665E+00   0.115723E+02   0.115723E+02
   0.965173E+00   0.116947E+02   0.159042E+00   0.114408E+02   0.114408E+02
   0.969916E+00   0.113723E+02   0.158601E+00   0.113110E+02   0.113110E+02
   0.974659E+00   0.112680E+02   0.158289E+00   0.111827E+02   0.111827E+02
   0.979402E+00   0.112498E+02   0.157949E+00   0.110561E+02   0.110561E+02
   0.984144E+00   0.111636E+02   0.157479E+00   0.109310E+02   0.109310E+02
   0.988887E+00   0.110143E+02   0.156863E+00   0.108075E+02   0.108075E+02
   0.993630E+00   0.109922E+02   0.156619E+00   0.106854E+02   0.106854E+02
   0.998373E+00   0.107808E+02   0.156296E+00   0.105650E+02   0.105650E+02
   0.100312E+01   0.104915E+02   0.155778E+00   0.104460E+02   0.104460E+02
   0.100786E+01   0.103128E+02   0.155363E+00   0.103285E+02   0.103285E+02
   0.101260E+01   0.101081E+02   0.154641E+00   0.102124E+02   0.102124E+02
   0.101734E+01   0.102572E+02   0.154633E+00   0.100978E+02   0.100978E+02
   0.102209E+01   0.998467E+01   0.153635E+00   0.998467E+01   0.998467E+01
   0.102683E+01   0.100185E+02   0.153532E+00   0.987292E+01   0.987292E+01
   0.103157E+01   0.100474E+02   0.153220E+00   0.976257E+01   0.976257E+01
   0.103632E+01   0.954618E+01   0.152620E+00   0.965359E+01   0.965359E+01
   0.104106E+01   0.967326E+01   0.152502E+00   0.954598E+01   0.954598E+01
   0.104580E+01   0.970795E+01   0.152256E+00   0.943971E+01   0.943971E+01
   0.105055E+01   0.925344E+01   0.151465E+00   0.933477E+01   0.933477E+01
   0.105529E+01   0.928768E+01   0.150894E+00   0.923115E+01   0.923115E+01
   0.106003E+01   0.922707E+01   0.150781E+00   0.912881E+01   0.912881E+01
   0.106477E+01   0.909586E+01   0.149986E+00   0.902774E+01   0.902774E+01
   0.106952E+01   0.891842E+01   0.150049E+00   0.892793E+01   0.892793E+01
   0.107426E+01   0.909662E+01   0.150049E+00   0.882935E+01   0.882935E+01
   0.107900E+01   0.897486E+01   0.149421E+00   0.873200E+01   0.873200E+01
   0.108374E+01   0.856886E+01   0.148747E+00   0.863585E+01   0.863585E+01
   0.108849E+01   0.867464E+01   0.148441E+00   0.854088E+01   0.854088E+01
   0.109323E+01   0.855529E+01   0.148034E+00   0.844711E+01   0.844711E+01
   0.109797E+01   0.822213E+01   0.147690E+00   0.835446E+01   0.835446E+01
   0.110272E+01   0.835831E+01   0.147532E+00   0.826295E+01   0.826295E+01
   0.110746E+01   0.835586E+01   0.146875E+00   0.817256E+01   0.817256E+01
   0.111220E+01   0.803956E+01   0.146677E+00   0.808327E+01   0.808327E+01
   0.111695E+01   0.806011E+01   0.146519E+00   0.799506E+01   0.799506E+01
   0.112169E+01   0.802297E+01   0.146360E+00   0.790792E+01   0.790792E+01
   0.112643E+01   0.789309E+01   0.145582E+00   0.782184E+01   0.782184E+01
   0.113117E+01   0.795534E+01   0.145322E+00   0.773678E+01   0.773678E+01
   0.113592E+01   0.782235E+01   0.145014E+00   0.765274E+01   0.765274E+01
   0.114066E+01   0.777214E+01   0.144651E+00   0.756970E+01   0.756970E+01
   0.114540E+01   0.749813E+01   0.144500E+00   0.748765E+01   0.748765E+01
   0.115014E+01   0.744334E+01   0.143719E+00   0.740656E+01   0.740656E+01
   0.115489E+01   0.731460E+01   0.143528E+00   0.732643E+01   0.732643E+01
   0.115963E+01   0.727535E+01   0.143328E+00   0.724724E+01   0.724724E+01
   0.116437E+01   0.699807E+01   0.143109E+00   0.716898E+01   0.716898E+01
   0.116912E+01   0.712117E+01   0.142565E+00   0.709162E+01   0.709162E+01
   0.117386E+01   0.692512E+01   0.142185E+00   0.701515E+01   0.701515E+01
   0.117860E+01   0.698473E+01   0.142002E+00   0.693956E+01   0.693956E+01
   0.118335E+01   0.684237E+01   0.141765E+00   0.686483E+01   0.686483E+01
   0.118809E+01   0.686764E+01   0.141681E+00   0.679095E+01   0.679095E+01
   0.119283E+01   0.664793E+01   0.140994E+00   0.671791E+01   0.671791E+01
   0.119757E+01   0.663058E+01   0.140940E+00   0.664570E+01   0.664570E+01
   0.120232E+01   0.656761E+01   0.140573E+00   0.657429E+01   0.657429E+01
   0.120706E+01   0.638815E+01   0.140952E+00   0.650367E+01   0.650367E+01
   0.121180E+01   0.642130E+01   0.145373E+00   0.643383E+01   0.643383E+01
   0.121654E+01   0.636234E+01   0.148348E+00   0.636476E+01   0.636476E+01
   0.122129E+01   0.636323E+01   0.150153E+00   0.629644E+01   0.629644E+01
   0.122603E+01   0.636909E+01   0.152546E+00   0.622887E+01   0.622887E+01
   0.123077E+01   0.617353E+01   0.153747E+00   0.616203E+01   0.616203E+01
   0.123552E+01   0.605514E+01   0.155043E+00   0.609592E+01   0.609592E+01
   0.124026E+01   0.591873E+01   0.156536E+00   0.603050E+01   0.603050E+01
   0.124500E+01   0.570442E+01   0.157627E+00   0.596578E+01   0.596578E+01
   0.124975E+01   0.577093E+01   0.158821E+00   0.590174E+01   0.590174E+01
   0.125449E+01   0.579560E+01   0.159901E+00   0.583838E+01   0.583838E+01
   0.125923E+01   0.570797E+01   0.160711E+00   0.577567E+01   0.577567E+01
   0.126397E+01   0.546204E+01   0.160573E+00   0.571362E+01   0.571362E+01
   0.126872E+01   0.546252E+01   0.161060E+00   0.565222E+01   0.565222E+01
   0.127346E+01   0.537569E+01   0.158526E+00   0.559144E+01   0.559144E+01
   0.127820E+01   0.547154E+01   0.152637E+00   0.553128E+01   0.553128E+01
   0.128295E+01   0.539038E+01   0.149921E+00   0.547173E+01   0.547173E+01
   0.128769E+01   0.528794E+01   0.147677E+00   0.541279E+01   0.541279E+01
   0.129243E+01   0.525337E+01   0.145902E+00   0.535443E+01   0.535443E+01
   0.129717E+01   0.516905E+01   0.144418E+00   0.529666E+01   0.529666E+01
   0.130192E+01   0.530077E+01   0.142812E+00   0.523948E+01   0.523948E+01
   0.130666E+01   0.497427E+01   0.141827E+00   0.518285E+01   0.518285E+01
   0.131140E+01   0.514224E+01   0.140202E+00   0.512678E+01   0.512678E+01
   0.131614E+01   0.504665E+01   0.139529E+00   0.507126E+01   0.507126E+01
   0.132089E+01   0.496603E+01   0.138911E+00   0.501628E+01   0.501628E+01
   0.132563E+01   0.481794E+01   0.138175E+00   0.496184E+01   0.496184E+01
   0.133037E+01   0.494900E+01   0.137803E+00   0.490792E+01   0.490792E+01
   0.133512E+01   0.473976E+01   0.137364E+00   0.485453E+01   0.485453E+01
   0.133986E+01   0.457533E+01   0.137108E+00   0.480166E+01   0.480166E+01
   0.134460E+01   0.459749E+01   0.136717E+00   0.474929E+01   0.474929E+01
   0.134935E+01   0.490983E+01   0.136378E+00   0.469742E+01   0.469742E+01
   0.135409E+01   0.456247E+01   0.136121E+00   0.464604E+01   0.464604E+01
   0.135883E+01   0.458096E+01   0.135616E+00   0.459515E+01   0.459515E+01
   0.136357E+01   0.443472E+01   0.135357E+00   0.454474E+01   0.454474E+01
   0.136832E+01   0.449176E+01   0.135187E+00   0.449482E+01   0.449482E+01
   0.137306E+01   0.446967E+01   0.134486E+00   0.444537E+01   0.444537E+01
   0.137780E+01   0.416512E+01   0.133929E+00   0.439638E+01   0.439638E+01
   0.138254E+01   0.419042E+01   0.133778E+00   0.434785E+01   0.434785E+01
   0.138729E+01   0.435730E+01   0.133780E+00   0.429978E+01   0.429978E+01
   0.139203E+01   0.429286E+01   0.133323E+00   0.425216E+01   0.425216E+01
   0.139677E+01   0.412499E+01   0.132888E+00   0.420499E+01   0.420499E+01
   0.140152E+01   0.395974E+01   0.132714E+00   0.415826E+01   0.415826E+01
   0.140626E+01   0.411364E+01   0.132549E+00   0.411197E+01   0.411197E+01
   0.141100E+01   0.390089E+01   0.132564E+00   0.406613E+01   0.406613E+01
   0.141575E+01   0.385090E+01   0.132006E+00   0.402071E+01   0.402071E+01
   0.142049E+01   0.379946E+01   0.131386E+00   0.397571E+01   0.397571E+01
   0.142523E+01   0.391856E+01   0.131569E+00   0.393114E+01   0.393114E+01
   0.142997E+01   0.398559E+01   0.131141E+00   0.388699E+01   0.388699E+01
   0.143472E+01   0.392924E+01   0.130620E+00   0.384326E+01   0.384326E+01
   0.143946E+01   0.371509E+01   0.130479E+00   0.379995E+01   0.379995E+01
   0.144420E+01   0.367550E+01   0.130463E+00   0.375705E+01   0.375705E+01
   0.144894E+01   0.353290E+01   0.130067E+00   0.371456E+01   0.371456E+01
   0.145369E+01   0.357285E+01   0.130158E+00   0.367247E+01   0.367247E+01
   0.145843E+01   0.349059E+01   0.129804E+00   0.363079E+01   0.363079E+01
   0.146317E+01   0.335856E+01   0.129356E+00   0.358951E+01   0.358951E+01
   0.146792E+01   0.334320E+01   0.128923E+00   0.354862E+01   0.354862E+01
   0.147266E+01   0.346592E+01   0.128888E+00   0.350814E+01   0.350814E+01
   0.147740E+01   0.329553E+01   0.128426E+00   0.346806E+01   0.346806E+01
   0.148215E+01   0.324058E+01   0.128225E+00   0.342836E+01   0.342836E+01
   0.148689E+01   0.336870E+01   0.127850E+00   0.338905E+01   0.338905E+01
   0.149163E+01   0.344842E+01   0.127848E+00   0.335013E+01   0.335013E+01
   0.149637E+01   0.325710E+01   0.127680E+00   0.331160E+01   0.331160E+01
   0.150112E+01   0.321495E+01   0.127482E+00   0.327346E+01   0.327346E+01
   0.150586E+01   0.330725E+01   0.130202E+00   0.323570E+01   0.323570E+01
   0.151060E+01   0.301770E+01   0.133512E+00   0.319832E+01   0.319832E+01
   0.151534E+01   0.300541E+01   0.135557E+00   0.316133E+01   0.316133E+01
   0.152009E+01   0.330304E+01   0.137322E+00   0.312471E+01   0.312471E+01
   0.152483E+01   0.297400E+01   0.138491E+00   0.308847E+01   0.308847E+01
   0.152957E+01   0.300708E+01   0.139650E+00   0.305261E+01   0.305261E+01
   0.153432E+01   0.306212E+01   0.136176E+00   0.301712E+01   0.301712E+01
   0.153906E+01   0.278294E+01   0.133931E+00   0.298201E+01   0.298201E+01
   0.154380E+01   0.290718E+01   0.132697E+00   0.294727E+01   0.294727E+01
   0.154855E+01   0.276019E+01   0.130933E+00   0.291291E+01   0.291291E+01
   0.155329E+01   0.278704E+01   0.129623E+00   0.287892E+01   0.287892E+01
   0.155803E+01   0.291480E+01   0.128672E+00   0.284529E+01   0.284529E+01
   0.156277E+01   0.275163E+01   0.127487E+00   0.281203E+01   0.281203E+01
   0.156752E+01   0.279482E+01   0.125941E+00   0.277914E+01   0.277914E+01
   0.157226E+01   0.278189E+01   0.125056E+00   0.274662E+01   0.274662E+01
   0.157700E+01   0.263797E+01   0.124583E+00   0.271446E+01   0.271446E+01
   0.158175E+01   0.258723E+01   0.124155E+00   0.268266E+01   0.268266E+01
   0.158649E+01   0.263505E+01   0.124503E+00   0.265124E+01   0.265124E+01
   0.159123E+01   0.266223E+01   0.124539E+00   0.262017E+01   0.262017E+01
   0.159597E+01   0.256980E+01   0.124800E+00   0.258946E+01   0.258946E+01
   0.160072E+01   0.248744E+01   0.124428E+00   0.255911E+01   0.255911E+01
   0.160546E+01   0.247713E+01   0.124471E+00   0.252913E+01   0.252913E+01
   0.161020E+01   0.267660E+01   0.124126E+00   0.249949E+01   0.249949E+01
   0.161495E+01   0.243866E+01   0.123635E+00   0.247022E+01   0.247022E+01
   0.161969E+01   0.237145E+01   0.123799E+00   0.244131E+01   0.244131E+01
   0.162443E+01   0.219211E+01   0.123535E+00   0.241274E+01   0.241274E+01
   0.162917E+01   0.233463E+01   0.123360E+00   0.238453E+01   0.238453E+01
   0.163392E+01   0.229169E+01   0.122884E+00   0.235667E+01   0.235667E+01
   0.163866E+01   0.227476E+01   0.123011E+00   0.232916E+01   0.232916E+01
   0.164340E+01   0.236497E+01   0.122613E+00   0.230200E+01   0.230200E+01
   0.164815E+01   0.240912E+01   0.122824E+00   0.227519E+01   0.227519E+01
   0.165289E+01   0.239282E+01   0.122353E+00   0.224873E+01   0.224873E+01
   0.165763E+01   0.221752E+01   0.122046E+00   0.222261E+01   0.222261E+01
   0.166237E+01   0.202184E+01   0.121658E+00   0.219684E+01   0.219684E+01
   0.166712E+01   0.216729E+01   0.121564E+00   0.217140E+01   0.217140E+01
   0.167186E+01   0.226604E+01   0.121266E+00   0.214631E+01   0.214631E+01
   0.167660E+01   0.209656E+01   0.121220E+00   0.212155E+01   0.212155E+01
   0.168135E+01   0.196971E+01   0.121155E+00   0.209714E+01   0.209714E+01
   0.168609E+01   0.203858E+01   0.120675E+00   0.207305E+01   0.207305E+01
   0.169083E+01   0.202305E+01   0.120324E+00   0.204931E+01   0.204931E+01
   0.169557E+01   0.200055E+01   0.120489E+00   0.202589E+01   0.202589E+01
   0.170032E+01   0.193035E+01   0.120340E+00   0.200281E+01   0.200281E+01
   0.170506E+01   0.193727E+01   0.119889E+00   0.198005E+01   0.198005E+01
   0.170980E+01   0.200601E+01   0.119638E+00   0.195762E+01   0.195762E+01
   0.171455E+01   0.199957E+01   0.119650E+00   0.193551E+01   0.193551E+01
   0.171929E+01   0.196432E+01   0.119355E+00   0.191373E+01   0.191373E+01
   0.172403E+01   0.191557E+01   0.119328E+00   0.189227E+01   0.189227E+01
   0.172877E+01   0.207328E+01   0.119078E+00   0.187112E+01   0.187112E+01
   0.173352E+01   0.186046E+01   0.118785E+00   0.185029E+01   0.185029E+01
   0.173826E+01   0.183421E+01   0.118545E+00   0.182977E+01   0.182977E+01
   0.174300E+01   0.185846E+01   0.118374E+00   0.180956E+01   0.180956E+01
   0.174775E+01   0.174310E+01   0.118495E+00   0.178966E+01   0.178966E+01
   0.175249E+01   0.177632E+01   0.118013E+00   0.177007E+01   0.177007E+01
   0.175723E+01   0.191011E+01   0.118089E+00   0.175078E+01   0.175078E+01
   0.176197E+01   0.183837E+01   0.117864E+00   0.173179E+01   0.173179E+01
   0.176672E+01   0.180331E+01   0.117521E+00   0.171310E+01   0.171310E+01
   0.177146E+01   0.172681E+01   0.117628E+00   0.169470E+01   0.169470E+01
   0.177620E+01   0.172769E+01   0.117118E+00   0.167659E+01   0.167659E+01
   0.178095E+01   0.174243E+01   0.117153E+00   0.165878E+01   0.165878E+01
   0.178569E+01   0.177559E+01   0.116563E+00   0.164125E+01   0.164125E+01
   0.179043E+01   0.156399E+01   0.116572E+00   0.162400E+01   0.162400E+01
   0.179517E+01   0.158894E+01   0.116598E+00   0.160704E+01   0.160704E+01
   0.179992E+01   0.164126E+01   0.116278E+00   0.159036E+01   0.159036E+01
   0.180466E+01   0.159837E+01   0.116220E+00   0.157394E+01   0.157394E+01
   0.180940E+01   0.167017E+01   0.116033E+00   0.155780E+01   0.155780E+01
   0.181415E+01   0.164213E+01   0.116081E+00   0.154193E+01   0.154193E+01
   0.181889E+01   0.164553E+01   0.115721E+00   0.152632E+01   0.152632E+01
   0.182363E+01   0.166777E+01   0.115543E+00   0.151097E+01   0.151097E+01
   0.182838E+01   0.162256E+01   0.115370E+00   0.149588E+01   0.149588E+01
   0.183312E+01   0.161024E+01   0.114980E+00   0.148105E+01   0.148105E+01
   0.183786E+01   0.152605E+01   0.115013E+00   0.146647E+01   0.146647E+01
   0.184260E+01   0.149266E+01   0.115152E+00   0.145213E+01   0.145213E+01
   0.184735E+01   0.141350E+01   0.114860E+00   0.143804E+01   0.143804E+01
   0.185209E+01   0.148806E+01   0.114922E+00   0.142419E+01   0.142419E+01
   0.185683E+01   0.151887E+01   0.114548E+00   0.141058E+01   0.141058E+01
   0.186157E+01   0.150493E+01   0.114386E+00   0.139720E+01   0.139720E+01
   0.186632E+01   0.137557E+01   0.114265E+00   0.138406E+01   0.138406E+01
   0.187106E+01   0.139890E+01   0.113865E+00   0.137114E+01   0.137114E+01
   0.187580E+01   0.151908E+01   0.113712E+00   0.135844E+01   0.135844E+01
   0.188055E+01   0.150209E+01   0.113832E+00   0.134596E+01   0.134596E+01
   0.188529E+01   0.134655E+01   0.113382E+00   0.133369E+01   0.133369E+01
   0.189003E+01   0.135071E+01   0.113238E+00   0.132164E+01   0.132164E+01
   0.189478E+01   0.134188E+01   0.113214E+00   0.130979E+01   0.130979E+01
   0.189952E+01   0.133982E+01   0.113180E+00   0.129816E+01   0.129816E+01
   0.190426E+01   0.137578E+01   0.113081E+00   0.128671E+01   0.128671E+01
   0.190900E+01   0.129106E+01   0.112656E+00   0.127547E+01   0.127547E+01
   0.191375E+01   0.126305E+01   0.112705E+00   0.126442E+01   0.126442E+01
   0.191849E+01   0.122748E+01   0.112618E+00   0.125356E+01   0.125356E+01
   0.192323E+01   0.131239E+01   0.112370E+00   0.124288E+01   0.124288E+01
   0.192797E+01   0.136414E+01   0.112614E+00   0.123238E+01   0.123238E+01
   0.193272E+01   0.115007E+01   0.112064E+00   0.122207E+01   0.122207E+01
   0.193746E+01   0.114191E+01   0.111591E+00   0.121192E+01   0.121192E+01
   0.194220E+01   0.122286E+01   0.111307E+00   0.120195E+01   0.120195E+01
   0.194695E+01   0.131122E+01   0.111019E+00   0.119214E+01   0.119214E+01
   0.195169E+01   0.123166E+01   0.110935E+00   0.118250E+01   0.118250E+01
   0.195643E+01   0.121780E+01   0.110796E+00   0.117301E+01   0.117301E+01
   0.196117E+01   0.111649E+01   0.110717E+00   0.116368E+01   0.116368E+01
   0.196592E+01   0.107326E+01   0.110637E+00   0.115450E+01   0.115450E+01
   0.197066E+01   0.117276E+01   0.110338E+00   0.114547E+01   0.114547E+01
   0.197540E+01   0.124444E+01   0.110201E+00   0.113658E+01   0.113658E+01
   0.198015E+01   0.107122E+01   0.110244E+00   0.112783E+01   0.112783E+01
   0.198489E+01   0.115799E+01   0.110255E+00   0.111922E+01   0.111922E+01
   0.198963E+01   0.109367E+01   0.110424E+00   0.111074E+01   0.111074E+01
   0.199438E+01   0.107452E+01   0.110271E+00   0.110239E+01   0.110239E+01
   0.199912E+01   0.101852E+01   0.110161E+00   0.109417E+01   0.109417E+01
   0.200386E+01   0.109133E+01   0.109968E+00   0.108607E+01   0.108607E+01
   0.200860E+01   0.110101E+01   0.110091E+00   0.107809E+01   0.107809E+01
   0.201335E+01   0.107235E+01   0.111105E+00   0.107023E+01   0.107023E+01
   0.201809E+01   0.103116E+01   0.114068E+00   0.106247E+01   0.106247E+01
   0.202283E+01   0.110105E+01   0.115976E+00   0.105483E+01   0.105483E+01
   0.202758E+01   0.111815E+01   0.117428E+00   0.104729E+01   0.104729E+01
   0.203232E+01   0.114839E+01   0.118683E+00   0.103986E+01   0.103986E+01
   0.203706E+01   0.101052E+01   0.119356E+00   0.103252E+01   0.103252E+01
   0.204180E+01   0.960935E+00   0.120344E+00   0.102528E+01   0.102528E+01
   0.204655E+01   0.958378E+00   0.121002E+00   0.101813E+01   0.101813E+01
   0.205129E+01   0.104017E+01   0.121311E+00   0.101107E+01   0.101107E+01
   0.205603E+01   0.100369E+01   0.121711E+00   0.100410E+01   0.100410E+01
   0.206078E+01   0.103948E+01   0.122247E+00   0.997217E+00   0.997217E+00
   0.206552E+01   0.976807E+00   0.122316E+00   0.990412E+00   0.990412E+00
   0.207026E+01   0.960492E+00   0.122492E+00   0.983685E+00   0.983685E+00
   0.207500E+01   0.109490E+01   0.122752E+00   0.977035E+00   0.977035E+00
   0.207975E+01   0.774786E+00   0.120019E+00   0.970457E+00   0.970457E+00
   0.208449E+01   0.949841E+00   0.117171E+00   0.963949E+00   0.963949E+00
   0.208923E+01   0.968332E+00   0.115530E+00   0.957509E+00   0.957509E+00
   0.209397E+01   0.933835E+00   0.114063E+00   0.951134E+00   0.951134E+00
   0.209872E+01   0.896120E+00   0.112878E+00   0.944822E+00   0.944822E+00
   0.210346E+01   0.892584E+00   0.112083E+00   0.938570E+00   0.938570E+00
   0.210820E+01   0.700605E+00   0.111161E+00   0.932377E+00   0.932377E+00
   0.211295E+01   0.864998E+00   0.110973E+00   0.926240E+00   0.926240E+00
   0.211769E+01   0.889571E+00   0.110704E+00   0.920157E+00   0.920157E+00
   0.212243E+01   0.962899E+00   0.110491E+00   0.914125E+00   0.914125E+00
   0.212717E+01   0.100962E+01   0.110371E+00   0.908142E+00   0.908142E+00
   0.213192E+01   0.838534E+00   0.109748E+00   0.902208E+00   0.902208E+00
   0.213666E+01   0.797308E+00   0.109462E+00   0.896319E+00   0.896319E+00
   0.214140E+01   0.890003E+00   0.109543E+00   0.890474E+00   0.890474E+00
   0.214615E+01   0.838692E+00   0.109273E+00   0.884672E+00   0.884672E+00
   0.215089E+01   0.850250E+00   0.109108E+00   0.878910E+00   0.878910E+00
   0.215563E+01   0.962646E+00   0.108920E+00   0.873188E+00   0.873188E+00
   0.216038E+01   0.664598E+00   0.108558E+00   0.867501E+00   0.867501E+00
   0.216512E+01   0.741210E+00   0.108499E+00   0.861852E+00   0.861852E+00
   0.216986E+01   0.936072E+00   0.108498E+00   0.856236E+00   0.856236E+00
   0.217460E+01   0.102168E+01   0.108200E+00   0.850655E+00   0.850655E+00
   0.217935E+01   0.818144E+00   0.108063E+00   0.845105E+00   0.845105E+00
   0.218409E+01   0.845830E+00   0.107995E+00   0.839587E+00   0.839587E+00
   0.218883E+01   0.944943E+00   0.108025E+00   0.834098E+00   0.834098E+00
   0.219358E+01   0.784760E+00   0.107653E+00   0.828637E+00   0.828637E+00
   0.219832E+01   0.757835E+00   0.107293E+00   0.823205E+00   0.823205E+00
   0.220306E+01   0.756480E+00   0.107189E+00   0.817799E+00   0.817799E+00
   0.220780E+01   0.797086E+00   0.107298E+00   0.812419E+00   0.812419E+00
   0.221255E+01   0.662188E+00   0.106901E+00   0.807064E+00   0.807064E+00
   0.221729E+01   0.736845E+00   0.106702E+00   0.801735E+00   0.801735E+00
   0.222203E+01   0.700636E+00   0.106736E+00   0.796429E+00   0.796429E+00
   0.222677E+01   0.689076E+00   0.106603E+00   0.791147E+00   0.791147E+00
   0.223152E+01   0.597491E+00   0.106429E+00   0.785887E+00   0.785887E+00
   0.223626E+01   0.563776E+00   0.106148E+00   0.780650E+00   0.780650E+00
   0.224100E+01   0.504189E+00   0.106194E+00   0.775434E+00   0.775434E+00
   0.224575E+01   0.534184E+00   0.105728E+00   0.770241E+00   0.770241E+00
   0.225049E+01   0.786034E+00   0.105638E+00   0.765069E+00   0.765069E+00
   0.225523E+01   0.767349E+00   0.105473E+00   0.759920E+00   0.759920E+00
   0.225997E+01   0.793976E+00   0.105546E+00   0.754790E+00   0.754790E+00
   0.226472E+01   0.615306E+00   0.105239E+00   0.749682E+00   0.749682E+00
   0.226946E+01   0.735409E+00   0.105316E+00   0.744598E+00   0.744598E+00
   0.227420E+01   0.718720E+00   0.105287E+00   0.739529E+00   0.739529E+00
   0.227895E+01   0.723831E+00   0.105103E+00   0.734484E+00   0.734484E+00
   0.228369E+01   0.536530E+00   0.104885E+00   0.729461E+00   0.729461E+00
   0.228843E+01   0.542937E+00   0.104773E+00   0.724460E+00   0.724460E+00
   0.229318E+01   0.702360E+00   0.104621E+00   0.719480E+00   0.719480E+00
   0.229792E+01   0.728474E+00   0.104636E+00   0.714522E+00   0.714522E+00
   0.230266E+01   0.679380E+00   0.104393E+00   0.709587E+00   0.709587E+00
   0.230740E+01   0.612873E+00   0.104052E+00   0.704674E+00   0.704674E+00
   0.231215E+01   0.660898E+00   0.103994E+00   0.699785E+00   0.699785E+00
   0.231689E+01   0.764469E+00   0.104037E+00   0.694919E+00   0.694919E+00
   0.232163E+01   0.703158E+00   0.103709E+00   0.690079E+00   0.690079E+00
   0.232638E+01   0.571961E+00   0.103656E+00   0.685262E+00   0.685262E+00
   0.233112E+01   0.802526E+00   0.103685E+00   0.680470E+00   0.680470E+00
   0.233586E+01   0.733676E+00   0.103602E+00   0.675704E+00   0.675704E+00
   0.234060E+01   0.549928E+00   0.103191E+00   0.670965E+00   0.670965E+00
   0.234535E+01   0.617099E+00   0.103074E+00   0.666253E+00   0.666253E+00
   0.235009E+01   0.554143E+00   0.102839E+00   0.661569E+00   0.661569E+00
   0.235483E+01   0.574410E+00   0.102860E+00   0.656914E+00   0.656914E+00
   0.235957E+01   0.503071E+00   0.103002E+00   0.652288E+00   0.652288E+00
   0.236432E+01   0.436560E+00   0.102748E+00   0.647692E+00   0.647692E+00
   0.236906E+01   0.533098E+00   0.102946E+00   0.643127E+00   0.643127E+00
   0.237380E+01   0.709691E+00   0.102564E+00   0.638594E+00   0.638594E+00
   0.237855E+01   0.669468E+00   0.102670E+00   0.634093E+00   0.634093E+00
   0.238329E+01   0.546721E+00   0.102155E+00   0.629629E+00   0.629629E+00
   0.238803E+01   0.515977E+00   0.102231E+00   0.625192E+00   0.625192E+00
   0.239277E+01   0.507653E+00   0.102141E+00   0.620795E+00   0.620795E+00
   0.239752E+01   0.462975E+00   0.101809E+00   0.616433E+00   0.616433E+00
   0.240226E+01   0.534180E+00   0.102034E+00   0.612108E+00   0.612108E+00
   0.240700E+01   0.528156E+00   0.101566E+00   0.607820E+00   0.607820E+00
   0.241175E+01   0.470183E+00   0.101855E+00   0.603572E+00   0.603572E+00
   0.241649E+01   0.541075E+00   0.101697E+00   0.599363E+00   0.599363E+00
   0.242123E+01   0.553077E+00   0.101401E+00   0.595194E+00   0.595194E+00
   0.242598E+01   0.472812E+00   0.101289E+00   0.591067E+00   0.591067E+00
   0.243072E+01   0.435082E+00   0.101078E+00   0.586983E+00   0.586983E+00
   0.243546E+01   0.472028E+00   0.101160E+00   0.582941E+00   0.582941E+00
   0.244020E+01   0.591228E+00   0.101065E+00   0.578943E+00   0.578943E+00
   0.244495E+01   0.694168E+00   0.100885E+00   0.574991E+00   0.574991E+00
   0.244969E+01   0.631850E+00   0.100604E+00   0.571084E+00   0.571084E+00
   0.245443E+01   0.517325E+00   0.100654E+00   0.567224E+00   0.567224E+00
   0.245918E+01   0.441854E+00   0.100484E+00   0.563411E+00   0.563411E+00
   0.246392E+01   0.388796E+00   0.100498E+00   0.559648E+00   0.559648E+00
   0.246866E+01   0.533215E+00   0.100614E+00   0.555933E+00   0.555933E+00
   0.247340E+01   0.621578E+00   0.100368E+00   0.552269E+00   0.552269E+00
   0.247815E+01   0.529395E+00   0.100169E+00   0.548655E+00   0.548655E+00
   0.248289E+01   0.594801E+00   0.100042E+00   0.545093E+00   0.545093E+00
   0.248763E+01   0.524324E+00   0.998545E-01   0.541583E+00   0.541583E+00
   0.249238E+01   0.610331E+00   0.999444E-01   0.538126E+00   0.538126E+00
   0.249712E+01   0.502916E+00   0.998181E-01   0.534724E+00   0.534724E+00
   0.250186E+01   0.396524E+00   0.998251E-01   0.531377E+00   0.531377E+00
   0.250660E+01   0.432698E+00   0.996767E-01   0.528084E+00   0.528084E+00
   0.251135E+01   0.571552E+00   0.994620E-01   0.524847E+00   0.524847E+00
   0.251609E+01   0.495352E+00   0.994517E-01   0.521666E+00   0.521666E+00
   0.252083E+01   0.517295E+00   0.996146E-01   0.518542E+00   0.518542E+00
   0.252558E+01   0.588115E+00   0.989574E-01   0.515476E+00   0.515476E+00
   0.253032E+01   0.580713E+00   0.985834E-01   0.512468E+00   0.512468E+00
   0.253506E+01   0.595830E+00   0.986422E-01   0.509519E+00   0.509519E+00
   0.253980E+01   0.514126E+00   0.986438E-01   0.506629E+00   0.506629E+00
   0.254455E+01   0.494499E+00   0.984815E-01   0.503798E+00   0.503798E+00
   0.254929E+01   0.441879E+00   0.982504E-01   0.501027E+00   0.501027E+00
   0.255403E+01   0.440856E+00   0.983824E-01   0.498316E+00   0.498316E+00
   0.255878E+01   0.446689E+00   0.982102E-01   0.495665E+00   0.495665E+00
   0.256352E+01   0.442015E+00   0.979294E-01   0.493076E+00   0.493076E+00
   0.256826E+01   0.500674E+00   0.981392E-01   0.490547E+00   0.490547E+00
   0.257300E+01   0.435205E+00   0.980440E-01   0.488080E+00   0.488080E+00
   0.257775E+01   0.546636E+00   0.980720E-01   0.485673E+00   0.485673E+00
   0.258249E+01   0.578005E+00   0.982177E-01   0.483329E+00   0.483329E+00
   0.258723E+01   0.549340E+00   0.981160E-01   0.481045E+00   0.481045E+00
   0.259198E+01   0.549225E+00   0.979930E-01   0.478823E+00   0.478823E+00
   0.259672E+01   0.365546E+00   0.978039E-01   0.476663E+00   0.476663E+00
   0.260146E+01   0.386736E+00   0.975048E-01   0.474565E+00   0.474565E+00
   0.260620E+01   0.422561E+00   0.974805E-01   0.472527E+00   0.472527E+00
   0.261095E+01   0.537580E+00   0.977108E-01   0.470551E+00   0.470551E+00
   0.261569E+01   0.465279E+00   0.973278E-01   0.468638E+00   0.468638E+00
   0.262043E+01   0.476936E+00   0.973148E-01   0.466784E+00   0.466784E+00
   0.262518E+01   0.526577E+00   0.974570E-01   0.464991E+00   0.464991E+00
   0.262992E+01   0.525084E+00   0.973911E-01   0.463258E+00   0.463258E+00
   0.263466E+01   0.533572E+00   0.971279E-01   0.461586E+00   0.461586E+00
   0.263940E+01   0.548819E+00   0.969874E-01   0.459974E+00   0.459974E+00
   0.264415E+01   0.517673E+00   0.968309E-01   0.458421E+00   0.458421E+00
   0.264889E+01   0.435727E+00   0.966763E-01   0.456926E+00   0.456926E+00
   0.265363E+01   0.442954E+00   0.969894E-01   0.455490E+00   0.455490E+00
   0.265838E+01   0.516222E+00   0.965186E-01   0.454112E+00   0.454112E+00
   0.266312E+01   0.319033E+00   0.966047E-01   0.452791E+00   0.452791E+00
   0.266786E+01   0.508777E+00   0.962809E-01   0.451527E+00   0.451527E+00
   0.267260E+01   0.553941E+00   0.962833E-01   0.450319E+00   0.450319E+00
   0.267735E+01   0.587887E+00   0.963036E-01   0.449167E+00   0.449167E+00
   0.268209E+01   0.586000E+00   0.962498E-01   0.448069E+00   0.448069E+00
   0.268683E+01   0.444185E+00   0.960843E-01   0.447025E+00   0.447025E+00
   0.269158E+01   0.531246E+00   0.961400E-01   0.446034E+00   0.446034E+00
   0.269632E+01   0.526671E+00   0.962045E-01   0.445095E+00   0.445095E+00
   0.270106E+01   0.420884E+00   0.958488E-01   0.444208E+00   0.444208E+00
   0.270580E+01   0.486982E+00   0.956352E-01   0.443371E+00   0.443371E+00
   0.271055E+01   0.573793E+00   0.956785E-01   0.442585E+00   0.442585E+00
   0.271529E+01   0.439769E+00   0.957657E-01   0.441846E+00   0.441846E+00
   0.272003E+01   0.319964E+00   0.955520E-01   0.441156E+00   0.441156E+00
   0.272478E+01   0.411471E+00   0.954372E-01   0.440511E+00   0.440511E+00
   0.272952E+01   0.461399E+00   0.953864E-01   0.439913E+00   0.439913E+00
   0.273426E+01   0.502175E+00   0.952094E-01   0.439359E+00   0.439359E+00
   0.273901E+01   0.540235E+00   0.950397E-01   0.438848E+00   0.438848E+00
   0.274375E+01   0.444796E+00   0.950989E-01   0.438380E+00   0.438380E+00
   0.274849E+01   0.602489E+00   0.950274E-01   0.437952E+00   0.437952E+00
   0.275323E+01   0.421364E+00   0.950067E-01   0.437565E+00   0.437565E+00
   0.275798E+01   0.430892E+00   0.948497E-01   0.437216E+00   0.437216E+00
   0.276272E+01   0.420156E+00   0.947256E-01   0.436905E+00   0.436905E+00
   0.276746E+01   0.417370E+00   0.945628E-01   0.436629E+00   0.436629E+00
   0.277221E+01   0.523151E+00   0.945329E-01   0.436389E+00   0.436389E+00
   0.277695E+01   0.431754E+00   0.945100E-01   0.436183E+00   0.436183E+00
   0.278169E+01   0.402314E+00   0.945186E-01   0.436008E+00   0.436008E+00
   0.278643E+01   0.398324E+00   0.943950E-01   0.435865E+00   0.435865E+00
   0.279118E+01   0.473507E+00   0.940534E-01   0.435751E+00   0.435751E+00
   0.279592E+01   0.455087E+00   0.941670E-01   0.435666E+00   0.435666E+00
   0.280066E+01   0.510287E+00   0.941036E-01   0.435607E+00   0.435607E+00
   0.280540E+01   0.434178E+00   0.941030E-01   0.435574E+00   0.435574E+00
   0.281015E+01   0.483107E+00   0.941138E-01   0.435566E+00   0.435566E+00
   0.281489E+01   0.477904E+00   0.941382E-01   0.435580E+00   0.435580E+00
   0.281963E+01   0.570836E+00   0.962400E-01   0.435615E+00   0.435615E+00
   0.282438E+01   0.443694E+00   0.979513E-01   0.435670E+00   0.435670E+00
   0.282912E+01   0.377988E+00   0.989567E-01   0.435744E+00   0.435744E+00
   0.283386E+01   0.412819E+00   0.100070E+00   0.435837E+00   0.435837E+00
   0.283860E+01   0.589944E+00   0.100779E+00   0.435941E+00   0.435941E+00
   0.284335E+01   0.535656E+00   0.101194E+00   0.436061E+00   0.436061E+00
   0.284809E+01   0.448223E+00   0.101627E+00   0.436195E+00   0.436195E+00
   0.285283E+01   0.475189E+00   0.101870E+00   0.436340E+00   0.436340E+00
   0.285758E+01   0.474775E+00   0.102061E+00   0.436494E+00   0.436494E+00
   0.286232E+01   0.508629E+00   0.102542E+00   0.436657E+00   0.436657E+00
   0.286706E+01   0.436375E+00   0.102579E+00   0.436828E+00   0.436828E+00
   0.287181E+01   0.491834E+00   0.102775E+00   0.437004E+00   0.437004E+00
   0.287655E+01   0.497126E+00   0.103020E+00   0.437184E+00   0.437184E+00
   0.288129E+01   0.416777E+00   0.102579E+00   0.437367E+00   0.437367E+00
   0.288603E+01   0.346281E+00   0.999127E-01   0.437552E+00   0.437552E+00
   0.289078E+01   0.400605E+00   0.984299E-01   0.437737E+00   0.437737E+00
   0.289552E+01   0.453876E+00   0.974004E-01   0.437921E+00   0.437921E+00
   0.290026E+01   0.434680E+00   0.965959E-01   0.438102E+00   0.438102E+00
   0.290501E+01   0.393356E+00   0.959072E-01   0.438279E+00   0.438279E+00
   0.290975E+01   0.365027E+00   0.956857E-01   0.438452E+00   0.438452E+00
   0.291449E+01   0.381364E+00   0.953479E-01   0.438617E+00   0.438617E+00
   0.291923E+01   0.435410E+00   0.952465E-01   0.438775E+00   0.438775E+00
   0.292398E+01   0.426748E+00   0.950713E-01   0.438924E+00   0.438924E+00
   0.292872E+01   0.526609E+00   0.947006E-01   0.439063E+00   0.439063E+00
   0.293346E+01   0.459588E+00   0.945868E-01   0.439191E+00   0.439191E+00
   0.293820E+01   0.348609E+00   0.944291E-01   0.439305E+00   0.439305E+00
   0.294295E+01   0.370474E+00   0.941802E-01   0.439406E+00   0.439406E+00
   0.294769E+01   0.388493E+00   0.942910E-01   0.439493E+00   0.439493E+00
   0.295243E+01   0.382512E+00   0.941002E-01   0.439562E+00   0.439562E+00
   0.295718E+01   0.360653E+00   0.939511E-01   0.439615E+00   0.439615E+00
   0.296192E+01   0.378475E+00   0.939678E-01   0.439650E+00   0.439650E+00
   0.296666E+01   0.428019E+00   0.935182E-01   0.439666E+00   0.439666E+00
   0.297140E+01   0.438565E+00   0.932368E-01   0.439661E+00   0.439661E+00
   0.297615E+01   0.473294E+00   0.934662E-01   0.439635E+00   0.439635E+00
   0.298089E+01   0.500525E+00   0.934552E-01   0.439587E+00   0.439587E+00
   0.298563E+01   0.557866E+00   0.933865E-01   0.439516E+00   0.439516E+00
   0.299038E+01   0.429446E+00   0.932007E-01   0.439421E+00   0.439421E+00
   0.299512E+01   0.511834E+00   0.930365E-01   0.439301E+00   0.439301E+00
   0.299986E+01   0.304385E+00   0.929676E-01   0.439156E+00   0.439156E+00

           ####      Real Space Data                               ####

           Distance distribution  function of particle  


      R          P(R)      ERROR

  0.0000E+00  0.0000E+00  0.0000E+00
  0.3825E-01  0.1208E-01  0.3538E-03
  0.7651E-01  0.2511E-01  0.6571E-03
  0.1148E+00  0.3909E-01  0.9106E-03
  0.1530E+00  0.5400E-01  0.1116E-02
  0.1913E+00  0.6984E-01  0.1273E-02
  0.2295E+00  0.8660E-01  0.1386E-02
  0.2678E+00  0.1042E+00  0.1457E-02
  0.3060E+00  0.1228E+00  0.1487E-02
  0.3443E+00  0.1421E+00  0.1482E-02
  0.3825E+00  0.1623E+00  0.1444E-02
  0.4208E+00  0.1833E+00  0.1378E-02
  0.4590E+00  0.2050E+00  0.1290E-02
  0.4973E+00  0.2275E+00  0.1186E-02
  0.5356E+00  0.2506E+00  0.1076E-02
  0.5738E+00  0.2744E+00  0.9708E-03
  0.6121E+00  0.2987E+00  0.8855E-03
  0.6503E+00  0.3236E+00  0.8376E-03
  0.6886E+00  0.3490E+00  0.8416E-03
  0.7268E+00  0.3749E+00  0.9006E-03
  0.7651E+00  0.4011E+00  0.1005E-02
  0.8033E+00  0.4277E+00  0.1141E-02
  0.8416E+00  0.4546E+00  0.1293E-02
  0.8798E+00  0.4817E+00  0.1451E-02
  0.9181E+00  0.5089E+00  0.1607E-02
  0.9563E+00  0.5363E+00  0.1754E-02
  0.9946E+00  0.5637E+00  0.1890E-02
  0.1033E+01  0.5911E+00  0.2010E-02
  0.1071E+01  0.6184E+00  0.2111E-02
  0.1109E+01  0.6456E+00  0.2193E-02
  0.1148E+01  0.6725E+00  0.2253E-02
  0.1186E+01  0.6993E+00  0.2290E-02
  0.1224E+01  0.7256E+00  0.2306E-02
  0.1262E+01  0.7516E+00  0.2300E-02
  0.1301E+01  0.7772E+00  0.2272E-02
  0.1339E+01  0.8023E+00  0.2225E-02
  0.1377E+01  0.8268E+00  0.2161E-02
  0.1415E+01  0.8506E+00  0.2082E-02
  0.1454E+01  0.8738E+00  0.1992E-02
  0.1492E+01  0.8963E+00  0.1895E-02
  0.1530E+01  0.9181E+00  0.1797E-02
  0.1568E+01  0.9390E+00  0.1704E-02
  0.1607E+01  0.9590E+00  0.1624E-02
  0.1645E+01  0.9782E+00  0.1564E-02
  0.1683E+01  0.9964E+00  0.1531E-02
  0.1721E+01  0.1014E+01  0.1529E-02
  0.1760E+01  0.1030E+01  0.1562E-02
  0.1798E+01  0.1045E+01  0.1626E-02
  0.1836E+01  0.1059E+01  0.1716E-02
  0.1874E+01  0.1072E+01  0.1827E-02
  0.1913E+01  0.1084E+01  0.1950E-02
  0.1951E+01  0.1095E+01  0.2080E-02
  0.1989E+01  0.1105E+01  0.2210E-02
  0.2027E+01  0.1114E+01  0.2337E-02
  0.2066E+01  0.1121E+01  0.2455E-02
  0.2104E+01  0.1127E+01  0.2562E-02
  0.2142E+01  0.1133E+01  0.2655E-02
  0.2180E+01  0.1137E+01  0.2733E-02
  0.2219E+01  0.1140E+01  0.2794E-02
  0.2257E+01  0.1142E+01  0.2838E-02
  0.2295E+01  0.1143E+01  0.2864E-02
  0.2333E+01  0.1143E+01  0.2872E-02
  0.2372E+01  0.1141E+01  0.2864E-02
  0.2410E+01  0.1139E+01  0.2840E-02
  0.2448E+01  0.1136E+01  0.2803E-02
  0.2487E+01  0.1132E+01  0.2754E-02
  0.2525E+01  0.1127E+01  0.2696E-02
  0.2563E+01  0.1122E+01  0.2632E-02
  0.2601E+01  0.1115E+01  0.2565E-02
  0.2640E+01  0.1108E+01  0.2500E-02
  0.2678E+01  0.1100E+01  0.2440E-02
  0.2716E+01  0.1091E+01  0.2389E-02
  0.2754E+01  0.1082E+01  0.2350E-02
  0.2793E+01  0.1072E+01  0.2326E-02
  0.2831E+01  0.1062E+01  0.2318E-02
  0.2869E+01  0.1051E+01  0.2328E-02
  0.2907E+01  0.1040E+01  0.2354E-02
  0.2946E+01  0.1028E+01  0.2395E-02
  0.2984E+01  0.1016E+01  0.2447E-02
  0.3022E+01  0.1004E+01  0.2508E-02
  0.3060E+01  0.9915E+00  0.2574E-02
  0.3099E+01  0.9788E+00  0.2642E-02
  0.3137E+01  0.9660E+00  0.2707E-02
  0.3175E+01  0.9530E+00  0.2768E-02
  0.3213E+01  0.9400E+00  0.2823E-02
  0.3252E+01  0.9269E+00  0.2868E-02
  0.3290E+01  0.9138E+00  0.2903E-02
  0.3328E+01  0.9008E+00  0.2927E-02
  0.3366E+01  0.8877E+00  0.2939E-02
  0.3405E+01  0.8748E+00  0.2941E-02
  0.3443E+01  0.8620E+00  0.2932E-02
  0.3481E+01  0.8492E+00  0.2915E-02
  0.3519E+01  0.8366E+00  0.2890E-02
  0.3558E+01  0.8242E+00  0.2861E-02
  0.3596E+01  0.8119E+00  0.2830E-02
  0.3634E+01  0.7998E+00  0.2800E-02
  0.3672E+01  0.7878E+00  0.2775E-02
  0.3711E+01  0.7761E+00  0.2757E-02
  0.3749E+01  0.7645E+00  0.2750E-02
  0.3787E+01  0.7531E+00  0.2757E-02
  0.3825E+01  0.7419E+00  0.2779E-02
  0.3864E+01  0.7308E+00  0.2817E-02
  0.3902E+01  0.7199E+00  0.2871E-02
  0.3940E+01  0.7092E+00  0.2941E-02
  0.3978E+01  0.6986E+00  0.3023E-02
  0.4017E+01  0.6882E+00  0.3116E-02
  0.4055E+01  0.6779E+00  0.3217E-02
  0.4093E+01  0.6676E+00  0.3322E-02
  0.4131E+01  0.6575E+00  0.3429E-02
  0.4170E+01  0.6475E+00  0.3534E-02
  0.4208E+01  0.6375E+00  0.3635E-02
  0.4246E+01  0.6276E+00  0.3729E-02
  0.4284E+01  0.6177E+00  0.3815E-02
  0.4323E+01  0.6079E+00  0.3891E-02
  0.4361E+01  0.5980E+00  0.3954E-02
  0.4399E+01  0.5882E+00  0.4006E-02
  0.4437E+01  0.5783E+00  0.4044E-02
  0.4476E+01  0.5685E+00  0.4070E-02
  0.4514E+01  0.5586E+00  0.4083E-02
  0.4552E+01  0.5486E+00  0.4084E-02
  0.4590E+01  0.5386E+00  0.4075E-02
  0.4629E+01  0.5286E+00  0.4058E-02
  0.4667E+01  0.5185E+00  0.4033E-02
  0.4705E+01  0.5084E+00  0.4004E-02
  0.4743E+01  0.4983E+00  0.3973E-02
  0.4782E+01  0.4881E+00  0.3943E-02
  0.4820E+01  0.4779E+00  0.3916E-02
  0.4858E+01  0.4676E+00  0.3895E-02
  0.4897E+01  0.4574E+00  0.3882E-02
  0.4935E+01  0.4471E+00  0.3879E-02
  0.4973E+01  0.4369E+00  0.3889E-02
  0.5011E+01  0.4267E+00  0.3911E-02
  0.5050E+01  0.4165E+00  0.3947E-02
  0.5088E+01  0.4064E+00  0.3995E-02
  0.5126E+01  0.3964E+00  0.4055E-02
  0.5164E+01  0.3865E+00  0.4125E-02
  0.5203E+01  0.3767E+00  0.4203E-02
  0.5241E+01  0.3670E+00  0.4288E-02
  0.5279E+01  0.3575E+00  0.4375E-02
  0.5317E+01  0.3482E+00  0.4464E-02
  0.5356E+01  0.3391E+00  0.4552E-02
  0.5394E+01  0.3303E+00  0.4637E-02
  0.5432E+01  0.3217E+00  0.4717E-02
  0.5470E+01  0.3133E+00  0.4790E-02
  0.5509E+01  0.3053E+00  0.4855E-02
  0.5547E+01  0.2975E+00  0.4911E-02
  0.5585E+01  0.2900E+00  0.4957E-02
  0.5623E+01  0.2829E+00  0.4993E-02
  0.5662E+01  0.2761E+00  0.5019E-02
  0.5700E+01  0.2697E+00  0.5035E-02
  0.5738E+01  0.2636E+00  0.5042E-02
  0.5776E+01  0.2579E+00  0.5041E-02
  0.5815E+01  0.2525E+00  0.5032E-02
  0.5853E+01  0.2474E+00  0.5018E-02
  0.5891E+01  0.2427E+00  0.4999E-02
  0.5929E+01  0.2383E+00  0.4978E-02
  0.5968E+01  0.2343E+00  0.4955E-02
  0.6006E+01  0.2305E+00  0.4934E-02
  0.6044E+01  0.2270E+00  0.4915E-02
  0.6082E+01  0.2237E+00  0.4901E-02
  0.6121E+01  0.2206E+00  0.4892E-02
  0.6159E+01  0.2178E+00  0.4890E-02
  0.6197E+01  0.2150E+00  0.4896E-02
  0.6235E+01  0.2124E+00  0.4909E-02
  0.6274E+01  0.2099E+00  0.4930E-02
  0.6312E+01  0.2073E+00  0.4957E-02
  0.6350E+01  0.2048E+00  0.4990E-02
  0.6388E+01  0.2021E+00  0.5027E-02
  0.6427E+01  0.1993E+00  0.5066E-02
  0.6465E+01  0.1963E+00  0.5103E-02
  0.6503E+01  0.1931E+00  0.5137E-02
  0.6541E+01  0.1896E+00  0.5164E-02
  0.6580E+01  0.1856E+00  0.5181E-02
  0.6618E+01  0.1813E+00  0.5184E-02
  0.6656E+01  0.1764E+00  0.5168E-02
  0.6694E+01  0.1710E+00  0.5131E-02
  0.6733E+01  0.1649E+00  0.5068E-02
  0.6771E+01  0.1581E+00  0.4976E-02
  0.6809E+01  0.1506E+00  0.4849E-02
  0.6847E+01  0.1422E+00  0.4684E-02
  0.6886E+01  0.1330E+00  0.4476E-02
  0.6924E+01  0.1228E+00  0.4221E-02
  0.6962E+01  0.1116E+00  0.3915E-02
  0.7000E+01  0.9926E-01  0.3554E-02
  0.7039E+01  0.8584E-01  0.3134E-02
  0.7077E+01  0.7123E-01  0.2650E-02
  0.7115E+01  0.5540E-01  0.2098E-02
  0.7153E+01  0.3827E-01  0.1475E-02
  0.7192E+01  0.1982E-01  0.7770E-03
  0.7230E+01  0.0000E+00  0.0000E+00
