
           ####      G N O M             Version 5.0 (r13469)      ####
                                               Wed Dec 15 15:10:28 2021

           ####      Configuration                                 ####

    System Type:                   arbitrary monodisperse (job = 0)
    Minimum characteristic size:         0.0000
    Maximum characteristic size:         8.4400
    rad56:                               0.0000
    Force 0.0 at r = rmin:                  yes
    Force 0.0 at r = rmax:                  yes
    Initial alpha:                       0.0000
    Initial random seed:    1435515023727013850
    Points in real space:                   190

    Input  1:                      temp-inp.dat
    First data point used:                    1
    Last data point used:                   570
    Scaling coefficient:             0.1000E+01
    Experimental setup:            point collimation



           ####      Results                                       ####

    Parameter    DISCRP  OSCILL  STABIL  SYSDEV  POSITV  VALCEN  SMOOTH
    Weight        1.000   3.000   3.000   3.000   1.000   1.000   1.000
    Sigma         0.300   0.600   0.120   0.120   0.120   0.120   0.600
    Ideal         0.700   1.100   0.000   1.000   1.000   0.950   0.000
    Current       0.493   1.471   0.006   0.907   1.000   0.825   0.326
               --------------------------------------------------------
    Estimate      0.621   0.683   0.998   0.547   1.000   0.337   0.745

    Angular range:                       0.3012 to       2.9999
    Reciprocal space Rg:             0.2353E+01
    Reciprocal space I(0):           0.4232E+02

    Real space range:                    0.0000 to       8.4400
    Real space Rg:                   0.2362E+01 +-   0.9430E-02
    Real space I(0):                 0.4233E+02 +-   0.1011E+00

    Highest ALPHA (theor):           0.4671E+02
    Current ALPHA:                   0.6166E+01

    Total Estimate:                      0.7221 (a REASONABLE solution)



           ####      Experimental Data and Fit                     ####

      S          J EXP       ERROR       J REG       I REG

   0.000000E+00                                                0.423270E+02
   0.107561E-01                                                0.423178E+02
   0.215123E-01                                                0.422905E+02
   0.322684E-01                                                0.422450E+02
   0.430246E-01                                                0.421815E+02
   0.537807E-01                                                0.420999E+02
   0.645368E-01                                                0.420005E+02
   0.752930E-01                                                0.418833E+02
   0.860491E-01                                                0.417486E+02
   0.968053E-01                                                0.415965E+02
   0.107561E+00                                                0.414274E+02
   0.118318E+00                                                0.412413E+02
   0.129074E+00                                                0.410387E+02
   0.139830E+00                                                0.408198E+02
   0.150586E+00                                                0.405849E+02
   0.161342E+00                                                0.403345E+02
   0.172098E+00                                                0.400687E+02
   0.182854E+00                                                0.397881E+02
   0.193611E+00                                                0.394931E+02
   0.204367E+00                                                0.391840E+02
   0.215123E+00                                                0.388613E+02
   0.225879E+00                                                0.385255E+02
   0.236635E+00                                                0.381770E+02
   0.247391E+00                                                0.378163E+02
   0.258147E+00                                                0.374439E+02
   0.268903E+00                                                0.370604E+02
   0.279660E+00                                                0.366662E+02
   0.290416E+00                                                0.362619E+02
   0.301172E+00   0.360135E+02   0.206418E+00   0.358480E+02   0.358480E+02
   0.305915E+00   0.355636E+02   0.203671E+00   0.356625E+02   0.356625E+02
   0.310658E+00   0.354889E+02   0.202222E+00   0.354754E+02   0.354754E+02
   0.315400E+00   0.352281E+02   0.200322E+00   0.352866E+02   0.352866E+02
   0.320143E+00   0.350915E+02   0.198646E+00   0.350962E+02   0.350962E+02
   0.324886E+00   0.350352E+02   0.196739E+00   0.349042E+02   0.349042E+02
   0.329629E+00   0.350553E+02   0.194996E+00   0.347107E+02   0.347107E+02
   0.334372E+00   0.345447E+02   0.193004E+00   0.345157E+02   0.345157E+02
   0.339115E+00   0.345159E+02   0.193618E+00   0.343192E+02   0.343192E+02
   0.343858E+00   0.342276E+02   0.196182E+00   0.341214E+02   0.341214E+02
   0.348601E+00   0.339341E+02   0.200657E+00   0.339223E+02   0.339223E+02
   0.353343E+00   0.335762E+02   0.203899E+00   0.337219E+02   0.337219E+02
   0.358086E+00   0.336173E+02   0.206018E+00   0.335202E+02   0.335202E+02
   0.362829E+00   0.333497E+02   0.207812E+00   0.333174E+02   0.333174E+02
   0.367572E+00   0.329330E+02   0.208686E+00   0.331134E+02   0.331134E+02
   0.372315E+00   0.328747E+02   0.210000E+00   0.329083E+02   0.329083E+02
   0.377058E+00   0.326161E+02   0.210876E+00   0.327021E+02   0.327021E+02
   0.381801E+00   0.321188E+02   0.211579E+00   0.324950E+02   0.324950E+02
   0.386543E+00   0.321094E+02   0.212407E+00   0.322869E+02   0.322869E+02
   0.391286E+00   0.320579E+02   0.213362E+00   0.320779E+02   0.320779E+02
   0.396029E+00   0.318963E+02   0.213976E+00   0.318680E+02   0.318680E+02
   0.400772E+00   0.317605E+02   0.214841E+00   0.316574E+02   0.316574E+02
   0.405515E+00   0.316137E+02   0.221713E+00   0.314459E+02   0.314459E+02
   0.410258E+00   0.312003E+02   0.227103E+00   0.312338E+02   0.312338E+02
   0.415001E+00   0.309012E+02   0.231837E+00   0.310209E+02   0.310209E+02
   0.419744E+00   0.311952E+02   0.235336E+00   0.308075E+02   0.308075E+02
   0.424486E+00   0.302901E+02   0.237671E+00   0.305934E+02   0.305934E+02
   0.429229E+00   0.300119E+02   0.240799E+00   0.303788E+02   0.303788E+02
   0.433972E+00   0.301060E+02   0.244579E+00   0.301638E+02   0.301638E+02
   0.438715E+00   0.299428E+02   0.248160E+00   0.299482E+02   0.299482E+02
   0.443458E+00   0.297380E+02   0.251729E+00   0.297323E+02   0.297323E+02
   0.448201E+00   0.293109E+02   0.255003E+00   0.295160E+02   0.295160E+02
   0.452944E+00   0.289821E+02   0.258968E+00   0.292994E+02   0.292994E+02
   0.457686E+00   0.287145E+02   0.260570E+00   0.290826E+02   0.290826E+02
   0.462429E+00   0.286740E+02   0.263246E+00   0.288655E+02   0.288655E+02
   0.467172E+00   0.287143E+02   0.261844E+00   0.286482E+02   0.286482E+02
   0.471915E+00   0.290898E+02   0.251942E+00   0.284308E+02   0.284308E+02
   0.476658E+00   0.282825E+02   0.245989E+00   0.282132E+02   0.282132E+02
   0.481401E+00   0.280383E+02   0.242126E+00   0.279957E+02   0.279957E+02
   0.486144E+00   0.275327E+02   0.239651E+00   0.277780E+02   0.277780E+02
   0.490887E+00   0.277869E+02   0.237708E+00   0.275605E+02   0.275605E+02
   0.495629E+00   0.276834E+02   0.235668E+00   0.273429E+02   0.273429E+02
   0.500372E+00   0.272767E+02   0.233756E+00   0.271255E+02   0.271255E+02
   0.505115E+00   0.266978E+02   0.231886E+00   0.269082E+02   0.269082E+02
   0.509858E+00   0.267753E+02   0.230142E+00   0.266911E+02   0.266911E+02
   0.514601E+00   0.264028E+02   0.228509E+00   0.264742E+02   0.264742E+02
   0.519344E+00   0.263318E+02   0.227442E+00   0.262576E+02   0.262576E+02
   0.524087E+00   0.263465E+02   0.226456E+00   0.260412E+02   0.260412E+02
   0.528829E+00   0.257562E+02   0.224628E+00   0.258252E+02   0.258252E+02
   0.533572E+00   0.259368E+02   0.223151E+00   0.256095E+02   0.256095E+02
   0.538315E+00   0.257482E+02   0.221300E+00   0.253942E+02   0.253942E+02
   0.543058E+00   0.250712E+02   0.218838E+00   0.251794E+02   0.251794E+02
   0.547801E+00   0.247784E+02   0.217242E+00   0.249650E+02   0.249650E+02
   0.552544E+00   0.249266E+02   0.216072E+00   0.247511E+02   0.247511E+02
   0.557287E+00   0.246195E+02   0.213984E+00   0.245378E+02   0.245378E+02
   0.562029E+00   0.244369E+02   0.212466E+00   0.243250E+02   0.243250E+02
   0.566772E+00   0.239404E+02   0.210100E+00   0.241128E+02   0.241128E+02
   0.571515E+00   0.238632E+02   0.209053E+00   0.239012E+02   0.239012E+02
   0.576258E+00   0.234791E+02   0.207195E+00   0.236903E+02   0.236903E+02
   0.581001E+00   0.233848E+02   0.205978E+00   0.234801E+02   0.234801E+02
   0.585744E+00   0.232047E+02   0.204804E+00   0.232706E+02   0.232706E+02
   0.590487E+00   0.230714E+02   0.203712E+00   0.230618E+02   0.230618E+02
   0.595230E+00   0.227482E+02   0.203039E+00   0.228538E+02   0.228538E+02
   0.599972E+00   0.227661E+02   0.203040E+00   0.226466E+02   0.226466E+02
   0.604715E+00   0.223377E+02   0.202093E+00   0.224402E+02   0.224402E+02
   0.609458E+00   0.220835E+02   0.200836E+00   0.222347E+02   0.222347E+02
   0.614201E+00   0.220100E+02   0.200576E+00   0.220300E+02   0.220300E+02
   0.618944E+00   0.213894E+02   0.199701E+00   0.218263E+02   0.218263E+02
   0.623687E+00   0.213614E+02   0.199041E+00   0.216235E+02   0.216235E+02
   0.628430E+00   0.216263E+02   0.198185E+00   0.214216E+02   0.214216E+02
   0.633173E+00   0.215460E+02   0.197746E+00   0.212207E+02   0.212207E+02
   0.637915E+00   0.212052E+02   0.197055E+00   0.210207E+02   0.210207E+02
   0.642658E+00   0.208624E+02   0.196217E+00   0.208218E+02   0.208218E+02
   0.647401E+00   0.205916E+02   0.195301E+00   0.206240E+02   0.206240E+02
   0.652144E+00   0.203436E+02   0.194376E+00   0.204271E+02   0.204271E+02
   0.656887E+00   0.204299E+02   0.193885E+00   0.202314E+02   0.202314E+02
   0.661630E+00   0.200350E+02   0.193061E+00   0.200367E+02   0.200367E+02
   0.666373E+00   0.198451E+02   0.192186E+00   0.198432E+02   0.198432E+02
   0.671115E+00   0.195904E+02   0.191595E+00   0.196508E+02   0.196508E+02
   0.675858E+00   0.195787E+02   0.190909E+00   0.194595E+02   0.194595E+02
   0.680601E+00   0.190787E+02   0.190222E+00   0.192694E+02   0.192694E+02
   0.685344E+00   0.190216E+02   0.189877E+00   0.190804E+02   0.190804E+02
   0.690087E+00   0.189422E+02   0.189023E+00   0.188927E+02   0.188927E+02
   0.694830E+00   0.185983E+02   0.188177E+00   0.187061E+02   0.187061E+02
   0.699573E+00   0.187181E+02   0.187948E+00   0.185208E+02   0.185208E+02
   0.704315E+00   0.183784E+02   0.187066E+00   0.183367E+02   0.183367E+02
   0.709058E+00   0.181765E+02   0.186479E+00   0.181539E+02   0.181539E+02
   0.713801E+00   0.177851E+02   0.185620E+00   0.179723E+02   0.179723E+02
   0.718544E+00   0.178199E+02   0.185155E+00   0.177919E+02   0.177919E+02
   0.723287E+00   0.176471E+02   0.184486E+00   0.176129E+02   0.176129E+02
   0.728030E+00   0.175383E+02   0.183641E+00   0.174351E+02   0.174351E+02
   0.732773E+00   0.175083E+02   0.183193E+00   0.172586E+02   0.172586E+02
   0.737515E+00   0.171998E+02   0.182418E+00   0.170835E+02   0.170835E+02
   0.742258E+00   0.167353E+02   0.181770E+00   0.169096E+02   0.169096E+02
   0.747001E+00   0.166976E+02   0.181420E+00   0.167371E+02   0.167371E+02
   0.751744E+00   0.170000E+02   0.181196E+00   0.165659E+02   0.165659E+02
   0.756487E+00   0.164555E+02   0.180299E+00   0.163960E+02   0.163960E+02
   0.761230E+00   0.163655E+02   0.179672E+00   0.162275E+02   0.162275E+02
   0.765973E+00   0.160521E+02   0.179075E+00   0.160603E+02   0.160603E+02
   0.770716E+00   0.159903E+02   0.178424E+00   0.158944E+02   0.158944E+02
   0.775459E+00   0.155097E+02   0.177679E+00   0.157300E+02   0.157300E+02
   0.780201E+00   0.155971E+02   0.177249E+00   0.155668E+02   0.155668E+02
   0.784944E+00   0.154557E+02   0.176634E+00   0.154051E+02   0.154051E+02
   0.789687E+00   0.154314E+02   0.176053E+00   0.152447E+02   0.152447E+02
   0.794430E+00   0.151807E+02   0.175737E+00   0.150857E+02   0.150857E+02
   0.799173E+00   0.149455E+02   0.174597E+00   0.149280E+02   0.149280E+02
   0.803916E+00   0.150298E+02   0.174054E+00   0.147717E+02   0.147717E+02
   0.808658E+00   0.148779E+02   0.173878E+00   0.146168E+02   0.146168E+02
   0.813401E+00   0.143811E+02   0.173018E+00   0.144633E+02   0.144633E+02
   0.818144E+00   0.142762E+02   0.172792E+00   0.143111E+02   0.143111E+02
   0.822887E+00   0.142604E+02   0.172388E+00   0.141603E+02   0.141603E+02
   0.827630E+00   0.138368E+02   0.171388E+00   0.140109E+02   0.140109E+02
   0.832373E+00   0.138894E+02   0.170789E+00   0.138628E+02   0.138628E+02
   0.837116E+00   0.138507E+02   0.170760E+00   0.137162E+02   0.137162E+02
   0.841859E+00   0.135996E+02   0.170349E+00   0.135708E+02   0.135708E+02
   0.846601E+00   0.132070E+02   0.169389E+00   0.134269E+02   0.134269E+02
   0.851344E+00   0.133067E+02   0.169275E+00   0.132843E+02   0.132843E+02
   0.856087E+00   0.132338E+02   0.168649E+00   0.131431E+02   0.131431E+02
   0.860830E+00   0.130735E+02   0.168180E+00   0.130032E+02   0.130032E+02
   0.865573E+00   0.133125E+02   0.167723E+00   0.128647E+02   0.128647E+02
   0.870316E+00   0.129138E+02   0.166817E+00   0.127275E+02   0.127275E+02
   0.875059E+00   0.127330E+02   0.166915E+00   0.125917E+02   0.125917E+02
   0.879802E+00   0.125206E+02   0.166316E+00   0.124572E+02   0.124572E+02
   0.884544E+00   0.124543E+02   0.165653E+00   0.123240E+02   0.123240E+02
   0.889287E+00   0.123586E+02   0.165112E+00   0.121921E+02   0.121921E+02
   0.894030E+00   0.120616E+02   0.164580E+00   0.120616E+02   0.120616E+02
   0.898773E+00   0.119362E+02   0.163996E+00   0.119324E+02   0.119324E+02
   0.903516E+00   0.119934E+02   0.163742E+00   0.118045E+02   0.118045E+02
   0.908259E+00   0.117296E+02   0.163021E+00   0.116779E+02   0.116779E+02
   0.913002E+00   0.118717E+02   0.163009E+00   0.115526E+02   0.115526E+02
   0.917744E+00   0.114702E+02   0.162689E+00   0.114286E+02   0.114286E+02
   0.922487E+00   0.113382E+02   0.161900E+00   0.113059E+02   0.113059E+02
   0.927230E+00   0.113471E+02   0.161366E+00   0.111844E+02   0.111844E+02
   0.931973E+00   0.111806E+02   0.160964E+00   0.110643E+02   0.110643E+02
   0.936716E+00   0.107354E+02   0.160308E+00   0.109453E+02   0.109453E+02
   0.941459E+00   0.106971E+02   0.159925E+00   0.108276E+02   0.108276E+02
   0.946202E+00   0.106435E+02   0.159408E+00   0.107112E+02   0.107112E+02
   0.950944E+00   0.104753E+02   0.158830E+00   0.105960E+02   0.105960E+02
   0.955687E+00   0.104083E+02   0.158651E+00   0.104820E+02   0.104820E+02
   0.960430E+00   0.103746E+02   0.158242E+00   0.103692E+02   0.103692E+02
   0.965173E+00   0.101725E+02   0.157566E+00   0.102577E+02   0.102577E+02
   0.969916E+00   0.101272E+02   0.157165E+00   0.101473E+02   0.101473E+02
   0.974659E+00   0.992003E+01   0.156783E+00   0.100382E+02   0.100382E+02
   0.979402E+00   0.997167E+01   0.156428E+00   0.993016E+01   0.993016E+01
   0.984144E+00   0.982824E+01   0.156192E+00   0.982333E+01   0.982333E+01
   0.988887E+00   0.966675E+01   0.155677E+00   0.971767E+01   0.971767E+01
   0.993630E+00   0.962390E+01   0.155377E+00   0.961315E+01   0.961315E+01
   0.998373E+00   0.932258E+01   0.154654E+00   0.950978E+01   0.950978E+01
   0.100312E+01   0.934837E+01   0.154570E+00   0.940753E+01   0.940753E+01
   0.100786E+01   0.931590E+01   0.154048E+00   0.930641E+01   0.930641E+01
   0.101260E+01   0.913906E+01   0.153569E+00   0.920639E+01   0.920639E+01
   0.101734E+01   0.918840E+01   0.153305E+00   0.910747E+01   0.910747E+01
   0.102209E+01   0.900855E+01   0.152739E+00   0.900967E+01   0.900967E+01
   0.102683E+01   0.902332E+01   0.152619E+00   0.891292E+01   0.891292E+01
   0.103157E+01   0.900167E+01   0.152240E+00   0.881725E+01   0.881725E+01
   0.103632E+01   0.860743E+01   0.151707E+00   0.872263E+01   0.872263E+01
   0.104106E+01   0.866604E+01   0.151352E+00   0.862907E+01   0.862907E+01
   0.104580E+01   0.835764E+01   0.151017E+00   0.853654E+01   0.853654E+01
   0.105055E+01   0.829430E+01   0.150691E+00   0.844504E+01   0.844504E+01
   0.105529E+01   0.835552E+01   0.150148E+00   0.835458E+01   0.835458E+01
   0.106003E+01   0.815763E+01   0.149878E+00   0.826511E+01   0.826511E+01
   0.106477E+01   0.836127E+01   0.149731E+00   0.817664E+01   0.817664E+01
   0.106952E+01   0.835639E+01   0.149330E+00   0.808915E+01   0.808915E+01
   0.107426E+01   0.802412E+01   0.148995E+00   0.800264E+01   0.800264E+01
   0.107900E+01   0.784484E+01   0.148569E+00   0.791710E+01   0.791710E+01
   0.108374E+01   0.776603E+01   0.148314E+00   0.783251E+01   0.783251E+01
   0.108849E+01   0.773740E+01   0.147976E+00   0.774887E+01   0.774887E+01
   0.109323E+01   0.751568E+01   0.147348E+00   0.766619E+01   0.766619E+01
   0.109797E+01   0.752168E+01   0.147110E+00   0.758441E+01   0.758441E+01
   0.110272E+01   0.750311E+01   0.146852E+00   0.750355E+01   0.750355E+01
   0.110746E+01   0.755615E+01   0.146497E+00   0.742359E+01   0.742359E+01
   0.111220E+01   0.715520E+01   0.145845E+00   0.734453E+01   0.734453E+01
   0.111695E+01   0.722625E+01   0.145611E+00   0.726635E+01   0.726635E+01
   0.112169E+01   0.727266E+01   0.145319E+00   0.718906E+01   0.718906E+01
   0.112643E+01   0.719538E+01   0.144940E+00   0.711264E+01   0.711264E+01
   0.113117E+01   0.706816E+01   0.144636E+00   0.703706E+01   0.703706E+01
   0.113592E+01   0.688571E+01   0.144378E+00   0.696233E+01   0.696233E+01
   0.114066E+01   0.698535E+01   0.143902E+00   0.688843E+01   0.688843E+01
   0.114540E+01   0.693275E+01   0.143624E+00   0.681537E+01   0.681537E+01
   0.115014E+01   0.684521E+01   0.143334E+00   0.674312E+01   0.674312E+01
   0.115489E+01   0.668911E+01   0.143275E+00   0.667167E+01   0.667167E+01
   0.115963E+01   0.656370E+01   0.142759E+00   0.660103E+01   0.660103E+01
   0.116437E+01   0.649799E+01   0.142360E+00   0.653119E+01   0.653119E+01
   0.116912E+01   0.640724E+01   0.142415E+00   0.646212E+01   0.646212E+01
   0.117386E+01   0.646045E+01   0.141789E+00   0.639382E+01   0.639382E+01
   0.117860E+01   0.630934E+01   0.141409E+00   0.632627E+01   0.632627E+01
   0.118335E+01   0.622810E+01   0.141138E+00   0.625949E+01   0.625949E+01
   0.118809E+01   0.629344E+01   0.140863E+00   0.619344E+01   0.619344E+01
   0.119283E+01   0.606015E+01   0.140589E+00   0.612814E+01   0.612814E+01
   0.119757E+01   0.591959E+01   0.140273E+00   0.606357E+01   0.606357E+01
   0.120232E+01   0.603532E+01   0.140077E+00   0.599971E+01   0.599971E+01
   0.120706E+01   0.598126E+01   0.140693E+00   0.593655E+01   0.593655E+01
   0.121180E+01   0.584205E+01   0.145035E+00   0.587410E+01   0.587410E+01
   0.121654E+01   0.577734E+01   0.147921E+00   0.581235E+01   0.581235E+01
   0.122129E+01   0.584163E+01   0.150145E+00   0.575127E+01   0.575127E+01
   0.122603E+01   0.571400E+01   0.151504E+00   0.569088E+01   0.569088E+01
   0.123077E+01   0.578552E+01   0.153342E+00   0.563115E+01   0.563115E+01
   0.123552E+01   0.545675E+01   0.154771E+00   0.557210E+01   0.557210E+01
   0.124026E+01   0.565513E+01   0.156227E+00   0.551369E+01   0.551369E+01
   0.124500E+01   0.566687E+01   0.157384E+00   0.545592E+01   0.545592E+01
   0.124975E+01   0.560611E+01   0.158675E+00   0.539880E+01   0.539880E+01
   0.125449E+01   0.530268E+01   0.159675E+00   0.534230E+01   0.534230E+01
   0.125923E+01   0.520474E+01   0.159950E+00   0.528643E+01   0.528643E+01
   0.126397E+01   0.522429E+01   0.160471E+00   0.523117E+01   0.523117E+01
   0.126872E+01   0.506412E+01   0.160401E+00   0.517654E+01   0.517654E+01
   0.127346E+01   0.490712E+01   0.158276E+00   0.512249E+01   0.512249E+01
   0.127820E+01   0.481486E+01   0.152715E+00   0.506904E+01   0.506904E+01
   0.128295E+01   0.504836E+01   0.149505E+00   0.501618E+01   0.501618E+01
   0.128769E+01   0.490102E+01   0.147357E+00   0.496390E+01   0.496390E+01
   0.129243E+01   0.486970E+01   0.145588E+00   0.491220E+01   0.491220E+01
   0.129717E+01   0.487096E+01   0.143949E+00   0.486106E+01   0.486106E+01
   0.130192E+01   0.481671E+01   0.142538E+00   0.481050E+01   0.481050E+01
   0.130666E+01   0.488267E+01   0.141468E+00   0.476048E+01   0.476048E+01
   0.131140E+01   0.488975E+01   0.140341E+00   0.471101E+01   0.471101E+01
   0.131614E+01   0.461836E+01   0.139146E+00   0.466208E+01   0.466208E+01
   0.132089E+01   0.458441E+01   0.138583E+00   0.461369E+01   0.461369E+01
   0.132563E+01   0.454148E+01   0.138083E+00   0.456583E+01   0.456583E+01
   0.133037E+01   0.444410E+01   0.137397E+00   0.451850E+01   0.451850E+01
   0.133512E+01   0.445980E+01   0.137330E+00   0.447168E+01   0.447168E+01
   0.133986E+01   0.458835E+01   0.137155E+00   0.442539E+01   0.442539E+01
   0.134460E+01   0.448698E+01   0.136721E+00   0.437959E+01   0.437959E+01
   0.134935E+01   0.451275E+01   0.136219E+00   0.433430E+01   0.433430E+01
   0.135409E+01   0.444039E+01   0.135837E+00   0.428951E+01   0.428951E+01
   0.135883E+01   0.410794E+01   0.135423E+00   0.424520E+01   0.424520E+01
   0.136357E+01   0.416104E+01   0.135293E+00   0.420138E+01   0.420138E+01
   0.136832E+01   0.410302E+01   0.134877E+00   0.415804E+01   0.415804E+01
   0.137306E+01   0.393031E+01   0.134306E+00   0.411519E+01   0.411519E+01
   0.137780E+01   0.407451E+01   0.134259E+00   0.407280E+01   0.407280E+01
   0.138254E+01   0.394244E+01   0.133748E+00   0.403087E+01   0.403087E+01
   0.138729E+01   0.417451E+01   0.133664E+00   0.398940E+01   0.398940E+01
   0.139203E+01   0.394218E+01   0.133384E+00   0.394839E+01   0.394839E+01
   0.139677E+01   0.391780E+01   0.133092E+00   0.390783E+01   0.390783E+01
   0.140152E+01   0.373579E+01   0.132917E+00   0.386771E+01   0.386771E+01
   0.140626E+01   0.389641E+01   0.132475E+00   0.382803E+01   0.382803E+01
   0.141100E+01   0.378584E+01   0.132269E+00   0.378880E+01   0.378880E+01
   0.141575E+01   0.368102E+01   0.132040E+00   0.374999E+01   0.374999E+01
   0.142049E+01   0.373899E+01   0.131613E+00   0.371161E+01   0.371161E+01
   0.142523E+01   0.377402E+01   0.131637E+00   0.367365E+01   0.367365E+01
   0.142997E+01   0.369215E+01   0.131176E+00   0.363611E+01   0.363611E+01
   0.143472E+01   0.355932E+01   0.130842E+00   0.359899E+01   0.359899E+01
   0.143946E+01   0.353885E+01   0.130667E+00   0.356227E+01   0.356227E+01
   0.144420E+01   0.347713E+01   0.130277E+00   0.352597E+01   0.352597E+01
   0.144894E+01   0.331919E+01   0.130016E+00   0.349006E+01   0.349006E+01
   0.145369E+01   0.343117E+01   0.129918E+00   0.345454E+01   0.345454E+01
   0.145843E+01   0.340752E+01   0.129688E+00   0.341942E+01   0.341942E+01
   0.146317E+01   0.355293E+01   0.129662E+00   0.338469E+01   0.338469E+01
   0.146792E+01   0.337377E+01   0.129156E+00   0.335034E+01   0.335034E+01
   0.147266E+01   0.335098E+01   0.128724E+00   0.331637E+01   0.331637E+01
   0.147740E+01   0.315080E+01   0.128352E+00   0.328279E+01   0.328279E+01
   0.148215E+01   0.313812E+01   0.128256E+00   0.324957E+01   0.324957E+01
   0.148689E+01   0.325029E+01   0.128173E+00   0.321672E+01   0.321672E+01
   0.149163E+01   0.314606E+01   0.127849E+00   0.318424E+01   0.318424E+01
   0.149637E+01   0.309536E+01   0.127718E+00   0.315211E+01   0.315211E+01
   0.150112E+01   0.319246E+01   0.127894E+00   0.312035E+01   0.312035E+01
   0.150586E+01   0.309727E+01   0.130262E+00   0.308894E+01   0.308894E+01
   0.151060E+01   0.315736E+01   0.133863E+00   0.305787E+01   0.305787E+01
   0.151534E+01   0.305526E+01   0.135783E+00   0.302717E+01   0.302717E+01
   0.152009E+01   0.307059E+01   0.137486E+00   0.299679E+01   0.299679E+01
   0.152483E+01   0.304936E+01   0.138847E+00   0.296676E+01   0.296676E+01
   0.152957E+01   0.291577E+01   0.140202E+00   0.293706E+01   0.293706E+01
   0.153432E+01   0.304875E+01   0.136574E+00   0.290770E+01   0.290770E+01
   0.153906E+01   0.274948E+01   0.134093E+00   0.287866E+01   0.287866E+01
   0.154380E+01   0.265145E+01   0.132571E+00   0.284995E+01   0.284995E+01
   0.154855E+01   0.281571E+01   0.131137E+00   0.282157E+01   0.282157E+01
   0.155329E+01   0.287615E+01   0.130102E+00   0.279350E+01   0.279350E+01
   0.155803E+01   0.272387E+01   0.128866E+00   0.276574E+01   0.276574E+01
   0.156277E+01   0.286217E+01   0.127331E+00   0.273830E+01   0.273830E+01
   0.156752E+01   0.288120E+01   0.126190E+00   0.271116E+01   0.271116E+01
   0.157226E+01   0.271401E+01   0.125483E+00   0.268433E+01   0.268433E+01
   0.157700E+01   0.245174E+01   0.124913E+00   0.265780E+01   0.265780E+01
   0.158175E+01   0.277224E+01   0.124628E+00   0.263157E+01   0.263157E+01
   0.158649E+01   0.288253E+01   0.124601E+00   0.260564E+01   0.260564E+01
   0.159123E+01   0.270034E+01   0.124698E+00   0.258000E+01   0.258000E+01
   0.159597E+01   0.251105E+01   0.124729E+00   0.255464E+01   0.255464E+01
   0.160072E+01   0.247162E+01   0.124786E+00   0.252957E+01   0.252957E+01
   0.160546E+01   0.245629E+01   0.124586E+00   0.250478E+01   0.250478E+01
   0.161020E+01   0.238138E+01   0.124428E+00   0.248027E+01   0.248027E+01
   0.161495E+01   0.234548E+01   0.124021E+00   0.245604E+01   0.245604E+01
   0.161969E+01   0.252788E+01   0.123910E+00   0.243209E+01   0.243209E+01
   0.162443E+01   0.246192E+01   0.123787E+00   0.240840E+01   0.240840E+01
   0.162917E+01   0.243932E+01   0.123684E+00   0.238497E+01   0.238497E+01
   0.163392E+01   0.233894E+01   0.123335E+00   0.236181E+01   0.236181E+01
   0.163866E+01   0.229065E+01   0.122974E+00   0.233892E+01   0.233892E+01
   0.164340E+01   0.250755E+01   0.122807E+00   0.231627E+01   0.231627E+01
   0.164815E+01   0.227795E+01   0.122749E+00   0.229389E+01   0.229389E+01
   0.165289E+01   0.231549E+01   0.122339E+00   0.227175E+01   0.227175E+01
   0.165763E+01   0.211831E+01   0.122043E+00   0.224987E+01   0.224987E+01
   0.166237E+01   0.223091E+01   0.121910E+00   0.222823E+01   0.222823E+01
   0.166712E+01   0.209648E+01   0.121539E+00   0.220684E+01   0.220684E+01
   0.167186E+01   0.209670E+01   0.121509E+00   0.218568E+01   0.218568E+01
   0.167660E+01   0.208276E+01   0.121263E+00   0.216476E+01   0.216476E+01
   0.168135E+01   0.213889E+01   0.121177E+00   0.214408E+01   0.214408E+01
   0.168609E+01   0.207841E+01   0.120976E+00   0.212362E+01   0.212362E+01
   0.169083E+01   0.210461E+01   0.120705E+00   0.210340E+01   0.210340E+01
   0.169557E+01   0.215282E+01   0.120607E+00   0.208340E+01   0.208340E+01
   0.170032E+01   0.218506E+01   0.120587E+00   0.206363E+01   0.206363E+01
   0.170506E+01   0.213705E+01   0.120148E+00   0.204407E+01   0.204407E+01
   0.170980E+01   0.218039E+01   0.120119E+00   0.202474E+01   0.202474E+01
   0.171455E+01   0.193760E+01   0.119753E+00   0.200561E+01   0.200561E+01
   0.171929E+01   0.209443E+01   0.119596E+00   0.198670E+01   0.198670E+01
   0.172403E+01   0.182980E+01   0.119222E+00   0.196801E+01   0.196801E+01
   0.172877E+01   0.165272E+01   0.119142E+00   0.194951E+01   0.194951E+01
   0.173352E+01   0.184133E+01   0.119107E+00   0.193123E+01   0.193123E+01
   0.173826E+01   0.176051E+01   0.118927E+00   0.191314E+01   0.191314E+01
   0.174300E+01   0.191748E+01   0.118839E+00   0.189525E+01   0.189525E+01
   0.174775E+01   0.196527E+01   0.118767E+00   0.187756E+01   0.187756E+01
   0.175249E+01   0.188046E+01   0.118253E+00   0.186007E+01   0.186007E+01
   0.175723E+01   0.174437E+01   0.118238E+00   0.184276E+01   0.184276E+01
   0.176197E+01   0.185099E+01   0.118049E+00   0.182565E+01   0.182565E+01
   0.176672E+01   0.187651E+01   0.117859E+00   0.180872E+01   0.180872E+01
   0.177146E+01   0.158717E+01   0.117571E+00   0.179198E+01   0.179198E+01
   0.177620E+01   0.173469E+01   0.117375E+00   0.177542E+01   0.177542E+01
   0.178095E+01   0.164371E+01   0.117269E+00   0.175904E+01   0.175904E+01
   0.178569E+01   0.169781E+01   0.117167E+00   0.174283E+01   0.174283E+01
   0.179043E+01   0.173780E+01   0.117085E+00   0.172681E+01   0.172681E+01
   0.179517E+01   0.177195E+01   0.116981E+00   0.171095E+01   0.171095E+01
   0.179992E+01   0.174036E+01   0.116562E+00   0.169527E+01   0.169527E+01
   0.180466E+01   0.176466E+01   0.116511E+00   0.167975E+01   0.167975E+01
   0.180940E+01   0.155091E+01   0.116366E+00   0.166441E+01   0.166441E+01
   0.181415E+01   0.153828E+01   0.116080E+00   0.164922E+01   0.164922E+01
   0.181889E+01   0.165841E+01   0.116111E+00   0.163420E+01   0.163420E+01
   0.182363E+01   0.152417E+01   0.115671E+00   0.161934E+01   0.161934E+01
   0.182838E+01   0.165287E+01   0.115675E+00   0.160463E+01   0.160463E+01
   0.183312E+01   0.168987E+01   0.115561E+00   0.159009E+01   0.159009E+01
   0.183786E+01   0.152255E+01   0.115236E+00   0.157569E+01   0.157569E+01
   0.184260E+01   0.161892E+01   0.115407E+00   0.156145E+01   0.156145E+01
   0.184735E+01   0.152774E+01   0.115133E+00   0.154736E+01   0.154736E+01
   0.185209E+01   0.148537E+01   0.114779E+00   0.153341E+01   0.153341E+01
   0.185683E+01   0.149006E+01   0.114729E+00   0.151961E+01   0.151961E+01
   0.186157E+01   0.153881E+01   0.114544E+00   0.150596E+01   0.150596E+01
   0.186632E+01   0.153656E+01   0.114556E+00   0.149245E+01   0.149245E+01
   0.187106E+01   0.149831E+01   0.114088E+00   0.147908E+01   0.147908E+01
   0.187580E+01   0.144380E+01   0.113946E+00   0.146585E+01   0.146585E+01
   0.188055E+01   0.152348E+01   0.113960E+00   0.145276E+01   0.145276E+01
   0.188529E+01   0.138066E+01   0.113703E+00   0.143980E+01   0.143980E+01
   0.189003E+01   0.144839E+01   0.113502E+00   0.142698E+01   0.142698E+01
   0.189478E+01   0.132063E+01   0.113428E+00   0.141429E+01   0.141429E+01
   0.189952E+01   0.134021E+01   0.113418E+00   0.140173E+01   0.140173E+01
   0.190426E+01   0.122451E+01   0.113157E+00   0.138931E+01   0.138931E+01
   0.190900E+01   0.142929E+01   0.113125E+00   0.137700E+01   0.137700E+01
   0.191375E+01   0.146715E+01   0.112834E+00   0.136483E+01   0.136483E+01
   0.191849E+01   0.148233E+01   0.112849E+00   0.135278E+01   0.135278E+01
   0.192323E+01   0.135826E+01   0.112729E+00   0.134085E+01   0.134085E+01
   0.192797E+01   0.121420E+01   0.112541E+00   0.132904E+01   0.132904E+01
   0.193272E+01   0.142351E+01   0.112232E+00   0.131736E+01   0.131736E+01
   0.193746E+01   0.135342E+01   0.111963E+00   0.130580E+01   0.130580E+01
   0.194220E+01   0.116820E+01   0.111593E+00   0.129436E+01   0.129436E+01
   0.194695E+01   0.130346E+01   0.111290E+00   0.128303E+01   0.128303E+01
   0.195169E+01   0.128188E+01   0.110938E+00   0.127182E+01   0.127182E+01
   0.195643E+01   0.129510E+01   0.110796E+00   0.126072E+01   0.126072E+01
   0.196117E+01   0.128386E+01   0.110767E+00   0.124973E+01   0.124973E+01
   0.196592E+01   0.121769E+01   0.110634E+00   0.123886E+01   0.123886E+01
   0.197066E+01   0.107816E+01   0.110530E+00   0.122810E+01   0.122810E+01
   0.197540E+01   0.127616E+01   0.110567E+00   0.121745E+01   0.121745E+01
   0.198015E+01   0.127911E+01   0.110460E+00   0.120691E+01   0.120691E+01
   0.198489E+01   0.124982E+01   0.110447E+00   0.119647E+01   0.119647E+01
   0.198963E+01   0.120055E+01   0.110601E+00   0.118614E+01   0.118614E+01
   0.199438E+01   0.114957E+01   0.110623E+00   0.117592E+01   0.117592E+01
   0.199912E+01   0.115750E+01   0.110284E+00   0.116580E+01   0.116580E+01
   0.200386E+01   0.116390E+01   0.110358E+00   0.115579E+01   0.115579E+01
   0.200860E+01   0.107820E+01   0.110095E+00   0.114588E+01   0.114588E+01
   0.201335E+01   0.111865E+01   0.111352E+00   0.113608E+01   0.113608E+01
   0.201809E+01   0.107382E+01   0.114359E+00   0.112637E+01   0.112637E+01
   0.202283E+01   0.113326E+01   0.116053E+00   0.111677E+01   0.111677E+01
   0.202758E+01   0.957000E+00   0.117561E+00   0.110726E+01   0.110726E+01
   0.203232E+01   0.970231E+00   0.118641E+00   0.109786E+01   0.109786E+01
   0.203706E+01   0.108744E+01   0.119727E+00   0.108855E+01   0.108855E+01
   0.204180E+01   0.117626E+01   0.120592E+00   0.107934E+01   0.107934E+01
   0.204655E+01   0.116515E+01   0.121122E+00   0.107023E+01   0.107023E+01
   0.205129E+01   0.107588E+01   0.121461E+00   0.106121E+01   0.106121E+01
   0.205603E+01   0.114955E+01   0.121785E+00   0.105229E+01   0.105229E+01
   0.206078E+01   0.105288E+01   0.122234E+00   0.104346E+01   0.104346E+01
   0.206552E+01   0.911723E+00   0.122488E+00   0.103473E+01   0.103473E+01
   0.207026E+01   0.898497E+00   0.122598E+00   0.102609E+01   0.102609E+01
   0.207500E+01   0.114303E+01   0.122997E+00   0.101755E+01   0.101755E+01
   0.207975E+01   0.106396E+01   0.120430E+00   0.100910E+01   0.100910E+01
   0.208449E+01   0.855801E+00   0.117248E+00   0.100073E+01   0.100073E+01
   0.208923E+01   0.100454E+01   0.115613E+00   0.992464E+00   0.992464E+00
   0.209397E+01   0.834178E+00   0.114291E+00   0.984285E+00   0.984285E+00
   0.209872E+01   0.102423E+01   0.113110E+00   0.976197E+00   0.976197E+00
   0.210346E+01   0.101962E+01   0.112388E+00   0.968198E+00   0.968198E+00
   0.210820E+01   0.905323E+00   0.111537E+00   0.960288E+00   0.960288E+00
   0.211295E+01   0.880926E+00   0.111125E+00   0.952469E+00   0.952469E+00
   0.211769E+01   0.859207E+00   0.110802E+00   0.944737E+00   0.944737E+00
   0.212243E+01   0.102278E+01   0.110517E+00   0.937092E+00   0.937092E+00
   0.212717E+01   0.918964E+00   0.110316E+00   0.929535E+00   0.929535E+00
   0.213192E+01   0.989063E+00   0.110129E+00   0.922065E+00   0.922065E+00
   0.213666E+01   0.839906E+00   0.109731E+00   0.914682E+00   0.914682E+00
   0.214140E+01   0.913166E+00   0.109704E+00   0.907384E+00   0.907384E+00
   0.214615E+01   0.831597E+00   0.109396E+00   0.900174E+00   0.900174E+00
   0.215089E+01   0.799620E+00   0.109276E+00   0.893047E+00   0.893047E+00
   0.215563E+01   0.919664E+00   0.109188E+00   0.886006E+00   0.886006E+00
   0.216038E+01   0.833789E+00   0.108781E+00   0.879049E+00   0.879049E+00
   0.216512E+01   0.838129E+00   0.108477E+00   0.872176E+00   0.872176E+00
   0.216986E+01   0.793813E+00   0.108559E+00   0.865386E+00   0.865386E+00
   0.217460E+01   0.958194E+00   0.108236E+00   0.858680E+00   0.858680E+00
   0.217935E+01   0.781755E+00   0.108067E+00   0.852057E+00   0.852057E+00
   0.218409E+01   0.693079E+00   0.107928E+00   0.845518E+00   0.845518E+00
   0.218883E+01   0.722248E+00   0.107887E+00   0.839059E+00   0.839059E+00
   0.219358E+01   0.768628E+00   0.107801E+00   0.832682E+00   0.832682E+00
   0.219832E+01   0.808135E+00   0.107415E+00   0.826387E+00   0.826387E+00
   0.220306E+01   0.839864E+00   0.107441E+00   0.820172E+00   0.820172E+00
   0.220780E+01   0.766000E+00   0.107233E+00   0.814038E+00   0.814038E+00
   0.221255E+01   0.875911E+00   0.107055E+00   0.807984E+00   0.807984E+00
   0.221729E+01   0.887538E+00   0.106965E+00   0.802011E+00   0.802011E+00
   0.222203E+01   0.787444E+00   0.106914E+00   0.796116E+00   0.796116E+00
   0.222677E+01   0.889146E+00   0.106782E+00   0.790300E+00   0.790300E+00
   0.223152E+01   0.745059E+00   0.106428E+00   0.784563E+00   0.784563E+00
   0.223626E+01   0.783643E+00   0.106429E+00   0.778903E+00   0.778903E+00
   0.224100E+01   0.736090E+00   0.106312E+00   0.773322E+00   0.773322E+00
   0.224575E+01   0.724655E+00   0.106206E+00   0.767817E+00   0.767817E+00
   0.225049E+01   0.552535E+00   0.105811E+00   0.762390E+00   0.762390E+00
   0.225523E+01   0.751544E+00   0.105646E+00   0.757040E+00   0.757040E+00
   0.225997E+01   0.790147E+00   0.105549E+00   0.751765E+00   0.751765E+00
   0.226472E+01   0.707698E+00   0.105566E+00   0.746566E+00   0.746566E+00
   0.226946E+01   0.713085E+00   0.105391E+00   0.741443E+00   0.741443E+00
   0.227420E+01   0.894145E+00   0.105451E+00   0.736391E+00   0.736391E+00
   0.227895E+01   0.883790E+00   0.105314E+00   0.731416E+00   0.731416E+00
   0.228369E+01   0.709518E+00   0.105080E+00   0.726514E+00   0.726514E+00
   0.228843E+01   0.786633E+00   0.104975E+00   0.721686E+00   0.721686E+00
   0.229318E+01   0.611138E+00   0.104745E+00   0.716930E+00   0.716930E+00
   0.229792E+01   0.737466E+00   0.104734E+00   0.712246E+00   0.712246E+00
   0.230266E+01   0.697898E+00   0.104580E+00   0.707634E+00   0.707634E+00
   0.230740E+01   0.677493E+00   0.104479E+00   0.703093E+00   0.703093E+00
   0.231215E+01   0.650738E+00   0.104291E+00   0.698622E+00   0.698622E+00
   0.231689E+01   0.692098E+00   0.104200E+00   0.694222E+00   0.694222E+00
   0.232163E+01   0.795943E+00   0.104105E+00   0.689892E+00   0.689892E+00
   0.232638E+01   0.703031E+00   0.103938E+00   0.685629E+00   0.685629E+00
   0.233112E+01   0.615210E+00   0.103904E+00   0.681436E+00   0.681436E+00
   0.233586E+01   0.597376E+00   0.103565E+00   0.677310E+00   0.677310E+00
   0.234060E+01   0.582309E+00   0.103401E+00   0.673251E+00   0.673251E+00
   0.234535E+01   0.617603E+00   0.103386E+00   0.669259E+00   0.669259E+00
   0.235009E+01   0.706259E+00   0.103438E+00   0.665333E+00   0.665333E+00
   0.235483E+01   0.637710E+00   0.103184E+00   0.661473E+00   0.661473E+00
   0.235957E+01   0.646442E+00   0.103083E+00   0.657677E+00   0.657677E+00
   0.236432E+01   0.666952E+00   0.103059E+00   0.653945E+00   0.653945E+00
   0.236906E+01   0.566868E+00   0.102913E+00   0.650277E+00   0.650277E+00
   0.237380E+01   0.701316E+00   0.102693E+00   0.646671E+00   0.646671E+00
   0.237855E+01   0.610559E+00   0.102667E+00   0.643127E+00   0.643127E+00
   0.238329E+01   0.558137E+00   0.102393E+00   0.639649E+00   0.639649E+00
   0.238803E+01   0.603019E+00   0.102496E+00   0.636224E+00   0.636224E+00
   0.239277E+01   0.615840E+00   0.102264E+00   0.632863E+00   0.632863E+00
   0.239752E+01   0.677096E+00   0.102105E+00   0.629561E+00   0.629561E+00
   0.240226E+01   0.645575E+00   0.102008E+00   0.626317E+00   0.626317E+00
   0.240700E+01   0.581650E+00   0.101883E+00   0.623131E+00   0.623131E+00
   0.241175E+01   0.520212E+00   0.101902E+00   0.620002E+00   0.620002E+00
   0.241649E+01   0.598486E+00   0.101727E+00   0.616930E+00   0.616930E+00
   0.242123E+01   0.575486E+00   0.101587E+00   0.613913E+00   0.613913E+00
   0.242598E+01   0.602632E+00   0.101580E+00   0.610951E+00   0.610951E+00
   0.243072E+01   0.593963E+00   0.101386E+00   0.608044E+00   0.608044E+00
   0.243546E+01   0.494680E+00   0.101352E+00   0.605189E+00   0.605189E+00
   0.244020E+01   0.598114E+00   0.101196E+00   0.602387E+00   0.602387E+00
   0.244495E+01   0.538075E+00   0.101139E+00   0.599637E+00   0.599637E+00
   0.244969E+01   0.623676E+00   0.101015E+00   0.596937E+00   0.596937E+00
   0.245443E+01   0.539787E+00   0.100848E+00   0.594288E+00   0.594288E+00
   0.245918E+01   0.545978E+00   0.100827E+00   0.591688E+00   0.591688E+00
   0.246392E+01   0.571647E+00   0.100718E+00   0.589136E+00   0.589136E+00
   0.246866E+01   0.549079E+00   0.100631E+00   0.586632E+00   0.586632E+00
   0.247340E+01   0.538502E+00   0.100442E+00   0.584175E+00   0.584175E+00
   0.247815E+01   0.540842E+00   0.100404E+00   0.581764E+00   0.581764E+00
   0.248289E+01   0.593002E+00   0.100280E+00   0.579398E+00   0.579398E+00
   0.248763E+01   0.523891E+00   0.100242E+00   0.577076E+00   0.577076E+00
   0.249238E+01   0.471176E+00   0.100073E+00   0.574796E+00   0.574796E+00
   0.249712E+01   0.543723E+00   0.998259E-01   0.572566E+00   0.572566E+00
   0.250186E+01   0.573156E+00   0.999012E-01   0.570369E+00   0.570369E+00
   0.250660E+01   0.539103E+00   0.997173E-01   0.568216E+00   0.568216E+00
   0.251135E+01   0.651261E+00   0.996043E-01   0.566103E+00   0.566103E+00
   0.251609E+01   0.726599E+00   0.996156E-01   0.564030E+00   0.564030E+00
   0.252083E+01   0.438578E+00   0.992391E-01   0.561995E+00   0.561995E+00
   0.252558E+01   0.483584E+00   0.989718E-01   0.559997E+00   0.559997E+00
   0.253032E+01   0.586560E+00   0.988910E-01   0.558036E+00   0.558036E+00
   0.253506E+01   0.645574E+00   0.989074E-01   0.556112E+00   0.556112E+00
   0.253980E+01   0.463305E+00   0.986976E-01   0.554222E+00   0.554222E+00
   0.254455E+01   0.441448E+00   0.986462E-01   0.552366E+00   0.552366E+00
   0.254929E+01   0.298116E+00   0.983560E-01   0.550543E+00   0.550543E+00
   0.255403E+01   0.625516E+00   0.985004E-01   0.548753E+00   0.548753E+00
   0.255878E+01   0.550672E+00   0.983703E-01   0.546995E+00   0.546995E+00
   0.256352E+01   0.701742E+00   0.982067E-01   0.545267E+00   0.545267E+00
   0.256826E+01   0.663457E+00   0.981456E-01   0.543570E+00   0.543570E+00
   0.257300E+01   0.541420E+00   0.982539E-01   0.541901E+00   0.541901E+00
   0.257775E+01   0.532338E+00   0.982246E-01   0.540261E+00   0.540261E+00
   0.258249E+01   0.592919E+00   0.981577E-01   0.538648E+00   0.538648E+00
   0.258723E+01   0.661480E+00   0.982420E-01   0.537062E+00   0.537062E+00
   0.259198E+01   0.515348E+00   0.981590E-01   0.535502E+00   0.535502E+00
   0.259672E+01   0.517272E+00   0.980233E-01   0.533967E+00   0.533967E+00
   0.260146E+01   0.646767E+00   0.978699E-01   0.532456E+00   0.532456E+00
   0.260620E+01   0.468712E+00   0.976992E-01   0.530968E+00   0.530968E+00
   0.261095E+01   0.535584E+00   0.977005E-01   0.529504E+00   0.529504E+00
   0.261569E+01   0.546151E+00   0.975894E-01   0.528062E+00   0.528062E+00
   0.262043E+01   0.536119E+00   0.975782E-01   0.526641E+00   0.526641E+00
   0.262518E+01   0.524308E+00   0.974055E-01   0.525240E+00   0.525240E+00
   0.262992E+01   0.563005E+00   0.973339E-01   0.523859E+00   0.523859E+00
   0.263466E+01   0.331189E+00   0.972474E-01   0.522496E+00   0.522496E+00
   0.263940E+01   0.673521E+00   0.973739E-01   0.521153E+00   0.521153E+00
   0.264415E+01   0.548729E+00   0.971879E-01   0.519826E+00   0.519826E+00
   0.264889E+01   0.555886E+00   0.969492E-01   0.518516E+00   0.518516E+00
   0.265363E+01   0.393752E+00   0.968506E-01   0.517223E+00   0.517223E+00
   0.265838E+01   0.357001E+00   0.968200E-01   0.515945E+00   0.515945E+00
   0.266312E+01   0.549127E+00   0.968672E-01   0.514681E+00   0.514681E+00
   0.266786E+01   0.505026E+00   0.966574E-01   0.513432E+00   0.513432E+00
   0.267260E+01   0.468089E+00   0.965406E-01   0.512196E+00   0.512196E+00
   0.267735E+01   0.439552E+00   0.964242E-01   0.510973E+00   0.510973E+00
   0.268209E+01   0.475427E+00   0.962748E-01   0.509762E+00   0.509762E+00
   0.268683E+01   0.534246E+00   0.962750E-01   0.508563E+00   0.508563E+00
   0.269158E+01   0.532880E+00   0.961752E-01   0.507375E+00   0.507375E+00
   0.269632E+01   0.463311E+00   0.960623E-01   0.506197E+00   0.506197E+00
   0.270106E+01   0.510285E+00   0.960722E-01   0.505028E+00   0.505028E+00
   0.270580E+01   0.633500E+00   0.959674E-01   0.503869E+00   0.503869E+00
   0.271055E+01   0.491060E+00   0.959199E-01   0.502719E+00   0.502719E+00
   0.271529E+01   0.297965E+00   0.956576E-01   0.501577E+00   0.501577E+00
   0.272003E+01   0.302815E+00   0.955135E-01   0.500446E+00   0.500446E+00
   0.272478E+01   0.430601E+00   0.955820E-01   0.499313E+00   0.499313E+00
   0.272952E+01   0.456829E+00   0.954916E-01   0.498194E+00   0.498194E+00
   0.273426E+01   0.409597E+00   0.953438E-01   0.497080E+00   0.497080E+00
   0.273901E+01   0.511890E+00   0.952687E-01   0.495971E+00   0.495971E+00
   0.274375E+01   0.336894E+00   0.951733E-01   0.494867E+00   0.494867E+00
   0.274849E+01   0.352515E+00   0.950941E-01   0.493768E+00   0.493768E+00
   0.275323E+01   0.425882E+00   0.950492E-01   0.492673E+00   0.492673E+00
   0.275798E+01   0.503818E+00   0.949907E-01   0.491583E+00   0.491583E+00
   0.276272E+01   0.570706E+00   0.949557E-01   0.490495E+00   0.490495E+00
   0.276746E+01   0.402521E+00   0.947985E-01   0.489411E+00   0.489411E+00
   0.277221E+01   0.556448E+00   0.947365E-01   0.488330E+00   0.488330E+00
   0.277695E+01   0.553087E+00   0.946604E-01   0.487251E+00   0.487251E+00
   0.278169E+01   0.484004E+00   0.946023E-01   0.486174E+00   0.486174E+00
   0.278643E+01   0.431220E+00   0.945356E-01   0.485099E+00   0.485099E+00
   0.279118E+01   0.527505E+00   0.944538E-01   0.484025E+00   0.484025E+00
   0.279592E+01   0.525732E+00   0.943800E-01   0.482952E+00   0.482952E+00
   0.280066E+01   0.471654E+00   0.943035E-01   0.481880E+00   0.481880E+00
   0.280540E+01   0.581242E+00   0.942186E-01   0.480809E+00   0.480809E+00
   0.281015E+01   0.516783E+00   0.942122E-01   0.479738E+00   0.479738E+00
   0.281489E+01   0.439556E+00   0.942381E-01   0.478667E+00   0.478667E+00
   0.281963E+01   0.507155E+00   0.961307E-01   0.477596E+00   0.477596E+00
   0.282438E+01   0.483346E+00   0.979841E-01   0.476524E+00   0.476524E+00
   0.282912E+01   0.483278E+00   0.991385E-01   0.475452E+00   0.475452E+00
   0.283386E+01   0.420473E+00   0.100098E+00   0.474380E+00   0.474380E+00
   0.283860E+01   0.542353E+00   0.100962E+00   0.473303E+00   0.473303E+00
   0.284335E+01   0.521160E+00   0.101260E+00   0.472229E+00   0.472229E+00
   0.284809E+01   0.480111E+00   0.101712E+00   0.471152E+00   0.471152E+00
   0.285283E+01   0.457664E+00   0.102060E+00   0.470074E+00   0.470074E+00
   0.285758E+01   0.414925E+00   0.102165E+00   0.468994E+00   0.468994E+00
   0.286232E+01   0.550183E+00   0.102470E+00   0.467912E+00   0.467912E+00
   0.286706E+01   0.588071E+00   0.102812E+00   0.466829E+00   0.466829E+00
   0.287181E+01   0.595495E+00   0.103013E+00   0.465743E+00   0.465743E+00
   0.287655E+01   0.492092E+00   0.103049E+00   0.464655E+00   0.464655E+00
   0.288129E+01   0.356775E+00   0.102881E+00   0.463565E+00   0.463565E+00
   0.288603E+01   0.409417E+00   0.100179E+00   0.462473E+00   0.462473E+00
   0.289078E+01   0.422412E+00   0.985555E-01   0.461378E+00   0.461378E+00
   0.289552E+01   0.450470E+00   0.974412E-01   0.460282E+00   0.460282E+00
   0.290026E+01   0.415441E+00   0.965896E-01   0.459183E+00   0.459183E+00
   0.290501E+01   0.412882E+00   0.960722E-01   0.458081E+00   0.458081E+00
   0.290975E+01   0.517192E+00   0.959425E-01   0.456977E+00   0.456977E+00
   0.291449E+01   0.478703E+00   0.955611E-01   0.455870E+00   0.455870E+00
   0.291923E+01   0.359382E+00   0.953900E-01   0.454761E+00   0.454761E+00
   0.292398E+01   0.613682E+00   0.951780E-01   0.453650E+00   0.453650E+00
   0.292872E+01   0.603756E+00   0.949989E-01   0.452535E+00   0.452535E+00
   0.293346E+01   0.604641E+00   0.948406E-01   0.451419E+00   0.451419E+00
   0.293820E+01   0.536952E+00   0.947377E-01   0.450300E+00   0.450300E+00
   0.294295E+01   0.305214E+00   0.944932E-01   0.449178E+00   0.449178E+00
   0.294769E+01   0.491872E+00   0.943227E-01   0.448055E+00   0.448055E+00
   0.295243E+01   0.383622E+00   0.941959E-01   0.446928E+00   0.446928E+00
   0.295718E+01   0.387218E+00   0.940583E-01   0.445800E+00   0.445800E+00
   0.296192E+01   0.351575E+00   0.940492E-01   0.444670E+00   0.444670E+00
   0.296666E+01   0.421712E+00   0.938128E-01   0.443537E+00   0.443537E+00
   0.297140E+01   0.459542E+00   0.936566E-01   0.442402E+00   0.442402E+00
   0.297615E+01   0.646621E+00   0.936267E-01   0.441266E+00   0.441266E+00
   0.298089E+01   0.568089E+00   0.934560E-01   0.440127E+00   0.440127E+00
   0.298563E+01   0.545395E+00   0.932690E-01   0.438986E+00   0.438986E+00
   0.299038E+01   0.538625E+00   0.932322E-01   0.437844E+00   0.437844E+00
   0.299512E+01   0.457802E+00   0.931641E-01   0.436700E+00   0.436700E+00
   0.299986E+01   0.542456E+00   0.930289E-01   0.435554E+00   0.435554E+00

           ####      Real Space Data                               ####

           Distance distribution  function of particle  


      R          P(R)      ERROR

  0.0000E+00  0.0000E+00  0.0000E+00
  0.4466E-01  0.1459E-01  0.3780E-03
  0.8931E-01  0.3015E-01  0.6924E-03
  0.1340E+00  0.4668E-01  0.9444E-03
  0.1786E+00  0.6417E-01  0.1136E-02
  0.2233E+00  0.8258E-01  0.1270E-02
  0.2679E+00  0.1019E+00  0.1350E-02
  0.3126E+00  0.1221E+00  0.1379E-02
  0.3572E+00  0.1432E+00  0.1364E-02
  0.4019E+00  0.1650E+00  0.1309E-02
  0.4466E+00  0.1877E+00  0.1222E-02
  0.4912E+00  0.2110E+00  0.1113E-02
  0.5359E+00  0.2351E+00  0.9942E-03
  0.5805E+00  0.2597E+00  0.8817E-03
  0.6252E+00  0.2849E+00  0.7992E-03
  0.6698E+00  0.3106E+00  0.7723E-03
  0.7145E+00  0.3367E+00  0.8159E-03
  0.7592E+00  0.3631E+00  0.9225E-03
  0.8038E+00  0.3898E+00  0.1071E-02
  0.8485E+00  0.4168E+00  0.1240E-02
  0.8931E+00  0.4438E+00  0.1415E-02
  0.9378E+00  0.4709E+00  0.1584E-02
  0.9824E+00  0.4980E+00  0.1741E-02
  0.1027E+01  0.5249E+00  0.1878E-02
  0.1072E+01  0.5516E+00  0.1992E-02
  0.1116E+01  0.5780E+00  0.2081E-02
  0.1161E+01  0.6041E+00  0.2142E-02
  0.1206E+01  0.6297E+00  0.2174E-02
  0.1250E+01  0.6548E+00  0.2178E-02
  0.1295E+01  0.6793E+00  0.2153E-02
  0.1340E+01  0.7030E+00  0.2103E-02
  0.1384E+01  0.7260E+00  0.2029E-02
  0.1429E+01  0.7482E+00  0.1936E-02
  0.1474E+01  0.7694E+00  0.1830E-02
  0.1518E+01  0.7897E+00  0.1717E-02
  0.1563E+01  0.8090E+00  0.1607E-02
  0.1608E+01  0.8271E+00  0.1510E-02
  0.1652E+01  0.8441E+00  0.1440E-02
  0.1697E+01  0.8600E+00  0.1407E-02
  0.1742E+01  0.8746E+00  0.1420E-02
  0.1786E+01  0.8879E+00  0.1480E-02
  0.1831E+01  0.9000E+00  0.1581E-02
  0.1876E+01  0.9107E+00  0.1712E-02
  0.1920E+01  0.9202E+00  0.1862E-02
  0.1965E+01  0.9283E+00  0.2021E-02
  0.2010E+01  0.9350E+00  0.2180E-02
  0.2054E+01  0.9405E+00  0.2333E-02
  0.2099E+01  0.9446E+00  0.2474E-02
  0.2143E+01  0.9474E+00  0.2598E-02
  0.2188E+01  0.9490E+00  0.2704E-02
  0.2233E+01  0.9493E+00  0.2788E-02
  0.2277E+01  0.9484E+00  0.2851E-02
  0.2322E+01  0.9463E+00  0.2891E-02
  0.2367E+01  0.9430E+00  0.2909E-02
  0.2411E+01  0.9388E+00  0.2907E-02
  0.2456E+01  0.9334E+00  0.2888E-02
  0.2501E+01  0.9271E+00  0.2854E-02
  0.2545E+01  0.9199E+00  0.2810E-02
  0.2590E+01  0.9119E+00  0.2760E-02
  0.2635E+01  0.9031E+00  0.2709E-02
  0.2679E+01  0.8935E+00  0.2663E-02
  0.2724E+01  0.8834E+00  0.2628E-02
  0.2769E+01  0.8726E+00  0.2607E-02
  0.2813E+01  0.8613E+00  0.2605E-02
  0.2858E+01  0.8496E+00  0.2624E-02
  0.2903E+01  0.8375E+00  0.2664E-02
  0.2947E+01  0.8251E+00  0.2723E-02
  0.2992E+01  0.8124E+00  0.2798E-02
  0.3037E+01  0.7996E+00  0.2885E-02
  0.3081E+01  0.7866E+00  0.2978E-02
  0.3126E+01  0.7735E+00  0.3074E-02
  0.3171E+01  0.7604E+00  0.3166E-02
  0.3215E+01  0.7472E+00  0.3251E-02
  0.3260E+01  0.7342E+00  0.3326E-02
  0.3305E+01  0.7212E+00  0.3388E-02
  0.3349E+01  0.7083E+00  0.3434E-02
  0.3394E+01  0.6956E+00  0.3464E-02
  0.3439E+01  0.6831E+00  0.3477E-02
  0.3483E+01  0.6707E+00  0.3474E-02
  0.3528E+01  0.6586E+00  0.3455E-02
  0.3572E+01  0.6466E+00  0.3423E-02
  0.3617E+01  0.6349E+00  0.3380E-02
  0.3662E+01  0.6234E+00  0.3329E-02
  0.3706E+01  0.6121E+00  0.3275E-02
  0.3751E+01  0.6010E+00  0.3220E-02
  0.3796E+01  0.5902E+00  0.3170E-02
  0.3840E+01  0.5795E+00  0.3128E-02
  0.3885E+01  0.5690E+00  0.3098E-02
  0.3930E+01  0.5586E+00  0.3083E-02
  0.3974E+01  0.5485E+00  0.3085E-02
  0.4019E+01  0.5384E+00  0.3103E-02
  0.4064E+01  0.5285E+00  0.3137E-02
  0.4108E+01  0.5186E+00  0.3184E-02
  0.4153E+01  0.5088E+00  0.3242E-02
  0.4198E+01  0.4991E+00  0.3306E-02
  0.4242E+01  0.4894E+00  0.3373E-02
  0.4287E+01  0.4798E+00  0.3438E-02
  0.4332E+01  0.4701E+00  0.3499E-02
  0.4376E+01  0.4604E+00  0.3552E-02
  0.4421E+01  0.4508E+00  0.3594E-02
  0.4466E+01  0.4411E+00  0.3624E-02
  0.4510E+01  0.4313E+00  0.3641E-02
  0.4555E+01  0.4215E+00  0.3644E-02
  0.4600E+01  0.4117E+00  0.3634E-02
  0.4644E+01  0.4019E+00  0.3613E-02
  0.4689E+01  0.3920E+00  0.3581E-02
  0.4734E+01  0.3820E+00  0.3543E-02
  0.4778E+01  0.3721E+00  0.3502E-02
  0.4823E+01  0.3621E+00  0.3462E-02
  0.4868E+01  0.3521E+00  0.3427E-02
  0.4912E+01  0.3421E+00  0.3403E-02
  0.4957E+01  0.3322E+00  0.3393E-02
  0.5001E+01  0.3223E+00  0.3401E-02
  0.5046E+01  0.3124E+00  0.3430E-02
  0.5091E+01  0.3026E+00  0.3482E-02
  0.5135E+01  0.2929E+00  0.3556E-02
  0.5180E+01  0.2833E+00  0.3651E-02
  0.5225E+01  0.2738E+00  0.3764E-02
  0.5269E+01  0.2645E+00  0.3892E-02
  0.5314E+01  0.2553E+00  0.4031E-02
  0.5359E+01  0.2464E+00  0.4176E-02
  0.5403E+01  0.2376E+00  0.4323E-02
  0.5448E+01  0.2290E+00  0.4468E-02
  0.5493E+01  0.2207E+00  0.4607E-02
  0.5537E+01  0.2126E+00  0.4738E-02
  0.5582E+01  0.2048E+00  0.4857E-02
  0.5627E+01  0.1972E+00  0.4962E-02
  0.5671E+01  0.1899E+00  0.5052E-02
  0.5716E+01  0.1828E+00  0.5126E-02
  0.5761E+01  0.1760E+00  0.5182E-02
  0.5805E+01  0.1695E+00  0.5221E-02
  0.5850E+01  0.1633E+00  0.5244E-02
  0.5895E+01  0.1574E+00  0.5250E-02
  0.5939E+01  0.1517E+00  0.5240E-02
  0.5984E+01  0.1463E+00  0.5217E-02
  0.6029E+01  0.1411E+00  0.5183E-02
  0.6073E+01  0.1361E+00  0.5138E-02
  0.6118E+01  0.1314E+00  0.5086E-02
  0.6163E+01  0.1269E+00  0.5028E-02
  0.6207E+01  0.1227E+00  0.4968E-02
  0.6252E+01  0.1186E+00  0.4907E-02
  0.6297E+01  0.1146E+00  0.4847E-02
  0.6341E+01  0.1109E+00  0.4791E-02
  0.6386E+01  0.1073E+00  0.4740E-02
  0.6430E+01  0.1038E+00  0.4695E-02
  0.6475E+01  0.1004E+00  0.4659E-02
  0.6520E+01  0.9717E-01  0.4630E-02
  0.6564E+01  0.9401E-01  0.4609E-02
  0.6609E+01  0.9092E-01  0.4596E-02
  0.6654E+01  0.8790E-01  0.4590E-02
  0.6698E+01  0.8494E-01  0.4591E-02
  0.6743E+01  0.8202E-01  0.4598E-02
  0.6788E+01  0.7915E-01  0.4610E-02
  0.6832E+01  0.7631E-01  0.4625E-02
  0.6877E+01  0.7351E-01  0.4644E-02
  0.6922E+01  0.7073E-01  0.4665E-02
  0.6966E+01  0.6797E-01  0.4690E-02
  0.7011E+01  0.6523E-01  0.4716E-02
  0.7056E+01  0.6252E-01  0.4746E-02
  0.7100E+01  0.5983E-01  0.4779E-02
  0.7145E+01  0.5716E-01  0.4817E-02
  0.7190E+01  0.5452E-01  0.4859E-02
  0.7234E+01  0.5191E-01  0.4907E-02
  0.7279E+01  0.4934E-01  0.4961E-02
  0.7324E+01  0.4681E-01  0.5022E-02
  0.7368E+01  0.4432E-01  0.5090E-02
  0.7413E+01  0.4187E-01  0.5165E-02
  0.7458E+01  0.3948E-01  0.5245E-02
  0.7502E+01  0.3715E-01  0.5328E-02
  0.7547E+01  0.3488E-01  0.5414E-02
  0.7592E+01  0.3267E-01  0.5499E-02
  0.7636E+01  0.3053E-01  0.5579E-02
  0.7681E+01  0.2845E-01  0.5650E-02
  0.7726E+01  0.2645E-01  0.5708E-02
  0.7770E+01  0.2451E-01  0.5748E-02
  0.7815E+01  0.2264E-01  0.5763E-02
  0.7859E+01  0.2083E-01  0.5750E-02
  0.7904E+01  0.1909E-01  0.5700E-02
  0.7949E+01  0.1739E-01  0.5609E-02
  0.7993E+01  0.1575E-01  0.5469E-02
  0.8038E+01  0.1416E-01  0.5274E-02
  0.8083E+01  0.1259E-01  0.5018E-02
  0.8127E+01  0.1105E-01  0.4694E-02
  0.8172E+01  0.9527E-02  0.4296E-02
  0.8217E+01  0.8004E-02  0.3817E-02
  0.8261E+01  0.6473E-02  0.3251E-02
  0.8306E+01  0.4920E-02  0.2591E-02
  0.8351E+01  0.3333E-02  0.1834E-02
  0.8395E+01  0.1697E-02  0.9716E-03
  0.8440E+01  0.0000E+00  0.0000E+00
