
           ####      G N O M             Version 5.0 (r13469)      ####
                                               Wed Dec 15 15:09:06 2021

           ####      Configuration                                 ####

    System Type:                   arbitrary monodisperse (job = 0)
    Minimum characteristic size:         0.0000
    Maximum characteristic size:         6.9300
    rad56:                               0.0000
    Force 0.0 at r = rmin:                  yes
    Force 0.0 at r = rmax:                  yes
    Initial alpha:                       0.0000
    Initial random seed:    1430144104005642487
    Points in real space:                   190

    Input  1:                      temp-inp.dat
    First data point used:                    1
    Last data point used:                   570
    Scaling coefficient:             0.1000E+01
    Experimental setup:            point collimation



           ####      Results                                       ####

    Parameter    DISCRP  OSCILL  STABIL  SYSDEV  POSITV  VALCEN  SMOOTH
    Weight        1.000   3.000   3.000   3.000   1.000   1.000   1.000
    Sigma         0.300   0.600   0.120   0.120   0.120   0.120   0.600
    Ideal         0.700   1.100   0.000   1.000   1.000   0.950   0.000
    Current       0.429   1.306   0.007   0.931   1.000   0.869   1.563
               --------------------------------------------------------
    Estimate      0.443   0.889   0.996   0.722   1.000   0.637   0.001

    Angular range:                       0.3012 to       2.9999
    Reciprocal space Rg:             0.2180E+01
    Reciprocal space I(0):           0.3019E+02

    Real space range:                    0.0000 to       6.9300
    Real space Rg:                   0.2189E+01 +-   0.6710E-02
    Real space I(0):                 0.3020E+02 +-   0.7342E-01

    Highest ALPHA (theor):           0.2151E+02
    Current ALPHA:                   0.2909E+01

    Total Estimate:                      0.7617 (a GOOD solution)



           ####      Experimental Data and Fit                     ####

      S          J EXP       ERROR       J REG       I REG

   0.000000E+00                                                0.301984E+02
   0.107561E-01                                                0.301928E+02
   0.215123E-01                                                0.301760E+02
   0.322684E-01                                                0.301482E+02
   0.430246E-01                                                0.301092E+02
   0.537807E-01                                                0.300592E+02
   0.645368E-01                                                0.299982E+02
   0.752930E-01                                                0.299262E+02
   0.860491E-01                                                0.298435E+02
   0.968053E-01                                                0.297501E+02
   0.107561E+00                                                0.296460E+02
   0.118318E+00                                                0.295315E+02
   0.129074E+00                                                0.294067E+02
   0.139830E+00                                                0.292716E+02
   0.150586E+00                                                0.291266E+02
   0.161342E+00                                                0.289718E+02
   0.172098E+00                                                0.288073E+02
   0.182854E+00                                                0.286334E+02
   0.193611E+00                                                0.284503E+02
   0.204367E+00                                                0.282582E+02
   0.215123E+00                                                0.280573E+02
   0.225879E+00                                                0.278479E+02
   0.236635E+00                                                0.276303E+02
   0.247391E+00                                                0.274046E+02
   0.258147E+00                                                0.271712E+02
   0.268903E+00                                                0.269303E+02
   0.279660E+00                                                0.266821E+02
   0.290416E+00                                                0.264271E+02
   0.301172E+00   0.263157E+02   0.192263E+00   0.261655E+02   0.261655E+02
   0.305915E+00   0.260220E+02   0.190365E+00   0.260481E+02   0.260481E+02
   0.310658E+00   0.256244E+02   0.188032E+00   0.259295E+02   0.259295E+02
   0.315400E+00   0.259670E+02   0.186627E+00   0.258098E+02   0.258098E+02
   0.320143E+00   0.258943E+02   0.185143E+00   0.256888E+02   0.256888E+02
   0.324886E+00   0.256031E+02   0.183309E+00   0.255668E+02   0.255668E+02
   0.329629E+00   0.252724E+02   0.181464E+00   0.254437E+02   0.254437E+02
   0.334372E+00   0.253457E+02   0.180006E+00   0.253194E+02   0.253194E+02
   0.339115E+00   0.254676E+02   0.180981E+00   0.251942E+02   0.251942E+02
   0.343858E+00   0.252167E+02   0.183166E+00   0.250679E+02   0.250679E+02
   0.348601E+00   0.249103E+02   0.187430E+00   0.249406E+02   0.249406E+02
   0.353343E+00   0.247521E+02   0.190338E+00   0.248124E+02   0.248124E+02
   0.358086E+00   0.249661E+02   0.192447E+00   0.246832E+02   0.246832E+02
   0.362829E+00   0.247752E+02   0.194229E+00   0.245531E+02   0.245531E+02
   0.367572E+00   0.245300E+02   0.195519E+00   0.244222E+02   0.244222E+02
   0.372315E+00   0.245326E+02   0.196666E+00   0.242903E+02   0.242903E+02
   0.377058E+00   0.243014E+02   0.197555E+00   0.241577E+02   0.241577E+02
   0.381801E+00   0.238833E+02   0.198465E+00   0.240242E+02   0.240242E+02
   0.386543E+00   0.240439E+02   0.199327E+00   0.238900E+02   0.238900E+02
   0.391286E+00   0.237548E+02   0.199361E+00   0.237550E+02   0.237550E+02
   0.396029E+00   0.238432E+02   0.200438E+00   0.236193E+02   0.236193E+02
   0.400772E+00   0.236296E+02   0.201213E+00   0.234829E+02   0.234829E+02
   0.405515E+00   0.234856E+02   0.207964E+00   0.233458E+02   0.233458E+02
   0.410258E+00   0.232306E+02   0.213127E+00   0.232081E+02   0.232081E+02
   0.415001E+00   0.229606E+02   0.217369E+00   0.230698E+02   0.230698E+02
   0.419744E+00   0.228275E+02   0.220139E+00   0.229309E+02   0.229309E+02
   0.424486E+00   0.227590E+02   0.223568E+00   0.227914E+02   0.227914E+02
   0.429229E+00   0.227187E+02   0.226905E+00   0.226514E+02   0.226514E+02
   0.433972E+00   0.221366E+02   0.229551E+00   0.225109E+02   0.225109E+02
   0.438715E+00   0.220967E+02   0.232925E+00   0.223700E+02   0.223700E+02
   0.443458E+00   0.219976E+02   0.236073E+00   0.222285E+02   0.222285E+02
   0.448201E+00   0.217151E+02   0.239251E+00   0.220867E+02   0.220867E+02
   0.452944E+00   0.217420E+02   0.243127E+00   0.219444E+02   0.219444E+02
   0.457686E+00   0.216580E+02   0.245296E+00   0.218018E+02   0.218018E+02
   0.462429E+00   0.215407E+02   0.247644E+00   0.216588E+02   0.216588E+02
   0.467172E+00   0.216266E+02   0.246367E+00   0.215156E+02   0.215156E+02
   0.471915E+00   0.215091E+02   0.237036E+00   0.213720E+02   0.213720E+02
   0.476658E+00   0.214868E+02   0.232115E+00   0.212281E+02   0.212281E+02
   0.481401E+00   0.211074E+02   0.228857E+00   0.210840E+02   0.210840E+02
   0.486144E+00   0.210582E+02   0.226099E+00   0.209397E+02   0.209397E+02
   0.490887E+00   0.206965E+02   0.224195E+00   0.207952E+02   0.207952E+02
   0.495629E+00   0.208966E+02   0.222171E+00   0.206506E+02   0.206506E+02
   0.500372E+00   0.203853E+02   0.220391E+00   0.205057E+02   0.205057E+02
   0.505115E+00   0.201085E+02   0.218606E+00   0.203608E+02   0.203608E+02
   0.509858E+00   0.201562E+02   0.216972E+00   0.202158E+02   0.202158E+02
   0.514601E+00   0.202769E+02   0.216108E+00   0.200707E+02   0.200707E+02
   0.519344E+00   0.196016E+02   0.214544E+00   0.199256E+02   0.199256E+02
   0.524087E+00   0.198595E+02   0.213541E+00   0.197804E+02   0.197804E+02
   0.528829E+00   0.194578E+02   0.212514E+00   0.196353E+02   0.196353E+02
   0.533572E+00   0.193812E+02   0.210784E+00   0.194902E+02   0.194902E+02
   0.538315E+00   0.192491E+02   0.208658E+00   0.193451E+02   0.193451E+02
   0.543058E+00   0.192675E+02   0.206908E+00   0.192001E+02   0.192001E+02
   0.547801E+00   0.188909E+02   0.205165E+00   0.190553E+02   0.190553E+02
   0.552544E+00   0.187414E+02   0.203790E+00   0.189105E+02   0.189105E+02
   0.557287E+00   0.187191E+02   0.202352E+00   0.187659E+02   0.187659E+02
   0.562029E+00   0.187630E+02   0.201233E+00   0.186214E+02   0.186214E+02
   0.566772E+00   0.185130E+02   0.199914E+00   0.184771E+02   0.184771E+02
   0.571515E+00   0.181786E+02   0.198291E+00   0.183330E+02   0.183330E+02
   0.576258E+00   0.181769E+02   0.197098E+00   0.181892E+02   0.181892E+02
   0.581001E+00   0.177446E+02   0.195591E+00   0.180456E+02   0.180456E+02
   0.585744E+00   0.177518E+02   0.195182E+00   0.179023E+02   0.179023E+02
   0.590487E+00   0.177832E+02   0.194212E+00   0.177592E+02   0.177592E+02
   0.595230E+00   0.175718E+02   0.193324E+00   0.176165E+02   0.176165E+02
   0.599972E+00   0.173557E+02   0.192504E+00   0.174741E+02   0.174741E+02
   0.604715E+00   0.172866E+02   0.191947E+00   0.173320E+02   0.173320E+02
   0.609458E+00   0.171637E+02   0.191335E+00   0.171904E+02   0.171904E+02
   0.614201E+00   0.167651E+02   0.190978E+00   0.170491E+02   0.170491E+02
   0.618944E+00   0.167767E+02   0.189937E+00   0.169082E+02   0.169082E+02
   0.623687E+00   0.166105E+02   0.189178E+00   0.167677E+02   0.167677E+02
   0.628430E+00   0.166688E+02   0.188921E+00   0.166277E+02   0.166277E+02
   0.633173E+00   0.165797E+02   0.188118E+00   0.164881E+02   0.164881E+02
   0.637915E+00   0.163424E+02   0.187486E+00   0.163490E+02   0.163490E+02
   0.642658E+00   0.161542E+02   0.187153E+00   0.162104E+02   0.162104E+02
   0.647401E+00   0.160783E+02   0.185970E+00   0.160723E+02   0.160723E+02
   0.652144E+00   0.159004E+02   0.185593E+00   0.159347E+02   0.159347E+02
   0.656887E+00   0.157668E+02   0.185016E+00   0.157977E+02   0.157977E+02
   0.661630E+00   0.157210E+02   0.184566E+00   0.156612E+02   0.156612E+02
   0.666373E+00   0.155183E+02   0.183917E+00   0.155253E+02   0.155253E+02
   0.671115E+00   0.152842E+02   0.183174E+00   0.153900E+02   0.153900E+02
   0.675858E+00   0.152844E+02   0.182543E+00   0.152552E+02   0.152552E+02
   0.680601E+00   0.151061E+02   0.181879E+00   0.151211E+02   0.151211E+02
   0.685344E+00   0.150052E+02   0.181260E+00   0.149876E+02   0.149876E+02
   0.690087E+00   0.148177E+02   0.180893E+00   0.148548E+02   0.148548E+02
   0.694830E+00   0.146392E+02   0.180182E+00   0.147226E+02   0.147226E+02
   0.699573E+00   0.147386E+02   0.180053E+00   0.145911E+02   0.145911E+02
   0.704315E+00   0.143639E+02   0.179063E+00   0.144602E+02   0.144602E+02
   0.709058E+00   0.141175E+02   0.178660E+00   0.143301E+02   0.143301E+02
   0.713801E+00   0.141128E+02   0.177814E+00   0.142006E+02   0.142006E+02
   0.718544E+00   0.141785E+02   0.177409E+00   0.140719E+02   0.140719E+02
   0.723287E+00   0.138255E+02   0.176907E+00   0.139438E+02   0.139438E+02
   0.728030E+00   0.138157E+02   0.176567E+00   0.138165E+02   0.138165E+02
   0.732773E+00   0.138245E+02   0.175920E+00   0.136900E+02   0.136900E+02
   0.737515E+00   0.135285E+02   0.175308E+00   0.135642E+02   0.135642E+02
   0.742258E+00   0.133081E+02   0.174467E+00   0.134392E+02   0.134392E+02
   0.747001E+00   0.135279E+02   0.174463E+00   0.133149E+02   0.133149E+02
   0.751744E+00   0.133542E+02   0.173963E+00   0.131914E+02   0.131914E+02
   0.756487E+00   0.131334E+02   0.173199E+00   0.130687E+02   0.130687E+02
   0.761230E+00   0.129634E+02   0.172633E+00   0.129469E+02   0.129469E+02
   0.765973E+00   0.129118E+02   0.172017E+00   0.128258E+02   0.128258E+02
   0.770716E+00   0.128101E+02   0.171683E+00   0.127055E+02   0.127055E+02
   0.775459E+00   0.126579E+02   0.171157E+00   0.125860E+02   0.125860E+02
   0.780201E+00   0.125165E+02   0.170966E+00   0.124674E+02   0.124674E+02
   0.784944E+00   0.125022E+02   0.170390E+00   0.123496E+02   0.123496E+02
   0.789687E+00   0.122386E+02   0.169533E+00   0.122326E+02   0.122326E+02
   0.794430E+00   0.123488E+02   0.169012E+00   0.121165E+02   0.121165E+02
   0.799173E+00   0.121873E+02   0.168604E+00   0.120012E+02   0.120012E+02
   0.803916E+00   0.120848E+02   0.167982E+00   0.118868E+02   0.118868E+02
   0.808658E+00   0.120242E+02   0.167709E+00   0.117733E+02   0.117733E+02
   0.813401E+00   0.113956E+02   0.166662E+00   0.116606E+02   0.116606E+02
   0.818144E+00   0.116586E+02   0.166964E+00   0.115487E+02   0.115487E+02
   0.822887E+00   0.115880E+02   0.166343E+00   0.114378E+02   0.114378E+02
   0.827630E+00   0.112969E+02   0.165542E+00   0.113277E+02   0.113277E+02
   0.832373E+00   0.111812E+02   0.165057E+00   0.112185E+02   0.112185E+02
   0.837116E+00   0.111141E+02   0.164951E+00   0.111101E+02   0.111101E+02
   0.841859E+00   0.110934E+02   0.164364E+00   0.110027E+02   0.110027E+02
   0.846601E+00   0.110354E+02   0.163664E+00   0.108961E+02   0.108961E+02
   0.851344E+00   0.108494E+02   0.163101E+00   0.107904E+02   0.107904E+02
   0.856087E+00   0.105810E+02   0.162665E+00   0.106856E+02   0.106856E+02
   0.860830E+00   0.104773E+02   0.162327E+00   0.105817E+02   0.105817E+02
   0.865573E+00   0.104984E+02   0.162096E+00   0.104787E+02   0.104787E+02
   0.870316E+00   0.102376E+02   0.161338E+00   0.103765E+02   0.103765E+02
   0.875059E+00   0.104298E+02   0.161107E+00   0.102753E+02   0.102753E+02
   0.879802E+00   0.101156E+02   0.160647E+00   0.101750E+02   0.101750E+02
   0.884544E+00   0.100614E+02   0.160080E+00   0.100755E+02   0.100755E+02
   0.889287E+00   0.987918E+01   0.159935E+00   0.997693E+01   0.997693E+01
   0.894030E+00   0.992602E+01   0.159447E+00   0.987925E+01   0.987925E+01
   0.898773E+00   0.991809E+01   0.159261E+00   0.978246E+01   0.978246E+01
   0.903516E+00   0.963195E+01   0.158562E+00   0.968655E+01   0.968655E+01
   0.908259E+00   0.962454E+01   0.157801E+00   0.959153E+01   0.959153E+01
   0.913002E+00   0.958305E+01   0.157650E+00   0.949740E+01   0.949740E+01
   0.917744E+00   0.935699E+01   0.157032E+00   0.940414E+01   0.940414E+01
   0.922487E+00   0.953603E+01   0.156944E+00   0.931177E+01   0.931177E+01
   0.927230E+00   0.918362E+01   0.156459E+00   0.922027E+01   0.922027E+01
   0.931973E+00   0.928090E+01   0.156170E+00   0.912965E+01   0.912965E+01
   0.936716E+00   0.899189E+01   0.155459E+00   0.903991E+01   0.903991E+01
   0.941459E+00   0.887887E+01   0.155330E+00   0.895103E+01   0.895103E+01
   0.946202E+00   0.879953E+01   0.154993E+00   0.886302E+01   0.886302E+01
   0.950944E+00   0.874567E+01   0.154723E+00   0.877587E+01   0.877587E+01
   0.955687E+00   0.891962E+01   0.154140E+00   0.868958E+01   0.868958E+01
   0.960430E+00   0.867040E+01   0.153803E+00   0.860415E+01   0.860415E+01
   0.965173E+00   0.848982E+01   0.153277E+00   0.851957E+01   0.851957E+01
   0.969916E+00   0.826690E+01   0.152867E+00   0.843584E+01   0.843584E+01
   0.974659E+00   0.824409E+01   0.152541E+00   0.835294E+01   0.835294E+01
   0.979402E+00   0.830071E+01   0.152245E+00   0.827089E+01   0.827089E+01
   0.984144E+00   0.826184E+01   0.151856E+00   0.818968E+01   0.818968E+01
   0.988887E+00   0.818272E+01   0.151370E+00   0.810929E+01   0.810929E+01
   0.993630E+00   0.794286E+01   0.151147E+00   0.802973E+01   0.802973E+01
   0.998373E+00   0.793621E+01   0.150786E+00   0.795098E+01   0.795098E+01
   0.100312E+01   0.791480E+01   0.150379E+00   0.787305E+01   0.787305E+01
   0.100786E+01   0.783177E+01   0.150153E+00   0.779593E+01   0.779593E+01
   0.101260E+01   0.778401E+01   0.149624E+00   0.771961E+01   0.771961E+01
   0.101734E+01   0.775138E+01   0.149514E+00   0.764409E+01   0.764409E+01
   0.102209E+01   0.775348E+01   0.149226E+00   0.756937E+01   0.756937E+01
   0.102683E+01   0.737714E+01   0.148313E+00   0.749543E+01   0.749543E+01
   0.103157E+01   0.735351E+01   0.148060E+00   0.742226E+01   0.742226E+01
   0.103632E+01   0.748866E+01   0.147826E+00   0.734987E+01   0.734987E+01
   0.104106E+01   0.726263E+01   0.147695E+00   0.727825E+01   0.727825E+01
   0.104580E+01   0.722691E+01   0.147202E+00   0.720738E+01   0.720738E+01
   0.105055E+01   0.699146E+01   0.146928E+00   0.713728E+01   0.713728E+01
   0.105529E+01   0.716442E+01   0.146436E+00   0.706793E+01   0.706793E+01
   0.106003E+01   0.710679E+01   0.146161E+00   0.699932E+01   0.699932E+01
   0.106477E+01   0.700560E+01   0.145874E+00   0.693143E+01   0.693143E+01
   0.106952E+01   0.695276E+01   0.145220E+00   0.686428E+01   0.686428E+01
   0.107426E+01   0.681009E+01   0.145237E+00   0.679785E+01   0.679785E+01
   0.107900E+01   0.666460E+01   0.145092E+00   0.673213E+01   0.673213E+01
   0.108374E+01   0.670643E+01   0.144757E+00   0.666712E+01   0.666712E+01
   0.108849E+01   0.668554E+01   0.144102E+00   0.660281E+01   0.660281E+01
   0.109323E+01   0.681649E+01   0.143784E+00   0.653921E+01   0.653921E+01
   0.109797E+01   0.643539E+01   0.143571E+00   0.647628E+01   0.647628E+01
   0.110272E+01   0.630048E+01   0.143422E+00   0.641403E+01   0.641403E+01
   0.110746E+01   0.634973E+01   0.143106E+00   0.635245E+01   0.635245E+01
   0.111220E+01   0.633317E+01   0.142512E+00   0.629154E+01   0.629154E+01
   0.111695E+01   0.620869E+01   0.142146E+00   0.623129E+01   0.623129E+01
   0.112169E+01   0.619188E+01   0.141759E+00   0.617168E+01   0.617168E+01
   0.112643E+01   0.606970E+01   0.141544E+00   0.611274E+01   0.611274E+01
   0.113117E+01   0.610893E+01   0.141243E+00   0.605441E+01   0.605441E+01
   0.113592E+01   0.605723E+01   0.140946E+00   0.599672E+01   0.599672E+01
   0.114066E+01   0.602046E+01   0.140870E+00   0.593965E+01   0.593965E+01
   0.114540E+01   0.589058E+01   0.140523E+00   0.588319E+01   0.588319E+01
   0.115014E+01   0.580651E+01   0.140202E+00   0.582734E+01   0.582734E+01
   0.115489E+01   0.568990E+01   0.139873E+00   0.577209E+01   0.577209E+01
   0.115963E+01   0.583883E+01   0.139763E+00   0.571743E+01   0.571743E+01
   0.116437E+01   0.563944E+01   0.139202E+00   0.566336E+01   0.566336E+01
   0.116912E+01   0.550553E+01   0.138967E+00   0.560987E+01   0.560987E+01
   0.117386E+01   0.541901E+01   0.138668E+00   0.555694E+01   0.555694E+01
   0.117860E+01   0.551532E+01   0.138581E+00   0.550458E+01   0.550458E+01
   0.118335E+01   0.555740E+01   0.138389E+00   0.545278E+01   0.545278E+01
   0.118809E+01   0.542160E+01   0.138005E+00   0.540152E+01   0.540152E+01
   0.119283E+01   0.534615E+01   0.137612E+00   0.535080E+01   0.535080E+01
   0.119757E+01   0.530083E+01   0.137092E+00   0.530064E+01   0.530064E+01
   0.120232E+01   0.526636E+01   0.137265E+00   0.525098E+01   0.525098E+01
   0.120706E+01   0.506101E+01   0.137767E+00   0.520185E+01   0.520185E+01
   0.121180E+01   0.507122E+01   0.142199E+00   0.515324E+01   0.515324E+01
   0.121654E+01   0.516398E+01   0.144797E+00   0.510513E+01   0.510513E+01
   0.122129E+01   0.498309E+01   0.146936E+00   0.505752E+01   0.505752E+01
   0.122603E+01   0.481828E+01   0.148536E+00   0.501040E+01   0.501040E+01
   0.123077E+01   0.509385E+01   0.150217E+00   0.496377E+01   0.496377E+01
   0.123552E+01   0.484545E+01   0.151375E+00   0.491763E+01   0.491763E+01
   0.124026E+01   0.470619E+01   0.152653E+00   0.487195E+01   0.487195E+01
   0.124500E+01   0.469970E+01   0.154211E+00   0.482674E+01   0.482674E+01
   0.124975E+01   0.476059E+01   0.155354E+00   0.478199E+01   0.478199E+01
   0.125449E+01   0.467217E+01   0.156446E+00   0.473769E+01   0.473769E+01
   0.125923E+01   0.466370E+01   0.156761E+00   0.469384E+01   0.469384E+01
   0.126397E+01   0.470980E+01   0.157402E+00   0.465043E+01   0.465043E+01
   0.126872E+01   0.467392E+01   0.157593E+00   0.460746E+01   0.460746E+01
   0.127346E+01   0.446113E+01   0.155152E+00   0.456491E+01   0.456491E+01
   0.127820E+01   0.462177E+01   0.149843E+00   0.452279E+01   0.452279E+01
   0.128295E+01   0.485669E+01   0.147107E+00   0.448108E+01   0.448108E+01
   0.128769E+01   0.445951E+01   0.144405E+00   0.443978E+01   0.443978E+01
   0.129243E+01   0.441571E+01   0.142874E+00   0.439889E+01   0.439889E+01
   0.129717E+01   0.445380E+01   0.141486E+00   0.435839E+01   0.435839E+01
   0.130192E+01   0.447006E+01   0.140226E+00   0.431829E+01   0.431829E+01
   0.130666E+01   0.423888E+01   0.138854E+00   0.427858E+01   0.427858E+01
   0.131140E+01   0.435021E+01   0.137693E+00   0.423924E+01   0.423924E+01
   0.131614E+01   0.423554E+01   0.136641E+00   0.420028E+01   0.420028E+01
   0.132089E+01   0.413040E+01   0.135863E+00   0.416169E+01   0.416169E+01
   0.132563E+01   0.409693E+01   0.135337E+00   0.412347E+01   0.412347E+01
   0.133037E+01   0.417214E+01   0.134973E+00   0.408561E+01   0.408561E+01
   0.133512E+01   0.419434E+01   0.134648E+00   0.404810E+01   0.404810E+01
   0.133986E+01   0.415937E+01   0.134174E+00   0.401095E+01   0.401095E+01
   0.134460E+01   0.411894E+01   0.134152E+00   0.397413E+01   0.397413E+01
   0.134935E+01   0.393326E+01   0.133696E+00   0.393766E+01   0.393766E+01
   0.135409E+01   0.394583E+01   0.133518E+00   0.390152E+01   0.390152E+01
   0.135883E+01   0.389600E+01   0.133072E+00   0.386571E+01   0.386571E+01
   0.136357E+01   0.385908E+01   0.132800E+00   0.383023E+01   0.383023E+01
   0.136832E+01   0.371191E+01   0.132372E+00   0.379507E+01   0.379507E+01
   0.137306E+01   0.364888E+01   0.132302E+00   0.376024E+01   0.376024E+01
   0.137780E+01   0.375646E+01   0.131895E+00   0.372571E+01   0.372571E+01
   0.138254E+01   0.366858E+01   0.131527E+00   0.369148E+01   0.369148E+01
   0.138729E+01   0.360780E+01   0.131420E+00   0.365757E+01   0.365757E+01
   0.139203E+01   0.361666E+01   0.130959E+00   0.362395E+01   0.362395E+01
   0.139677E+01   0.362115E+01   0.130684E+00   0.359063E+01   0.359063E+01
   0.140152E+01   0.352876E+01   0.130684E+00   0.355760E+01   0.355760E+01
   0.140626E+01   0.359888E+01   0.130094E+00   0.352486E+01   0.352486E+01
   0.141100E+01   0.348468E+01   0.129744E+00   0.349241E+01   0.349241E+01
   0.141575E+01   0.333251E+01   0.129483E+00   0.346024E+01   0.346024E+01
   0.142049E+01   0.331441E+01   0.129438E+00   0.342834E+01   0.342834E+01
   0.142523E+01   0.336201E+01   0.129209E+00   0.339672E+01   0.339672E+01
   0.142997E+01   0.324373E+01   0.128740E+00   0.336537E+01   0.336537E+01
   0.143472E+01   0.323951E+01   0.128637E+00   0.333428E+01   0.333428E+01
   0.143946E+01   0.327678E+01   0.128421E+00   0.330346E+01   0.330346E+01
   0.144420E+01   0.333545E+01   0.128196E+00   0.327291E+01   0.327291E+01
   0.144894E+01   0.333563E+01   0.128063E+00   0.324261E+01   0.324261E+01
   0.145369E+01   0.313490E+01   0.127646E+00   0.321256E+01   0.321256E+01
   0.145843E+01   0.300302E+01   0.127391E+00   0.318277E+01   0.318277E+01
   0.146317E+01   0.302061E+01   0.126998E+00   0.315323E+01   0.315323E+01
   0.146792E+01   0.308294E+01   0.126936E+00   0.312393E+01   0.312393E+01
   0.147266E+01   0.314684E+01   0.126815E+00   0.309488E+01   0.309488E+01
   0.147740E+01   0.308879E+01   0.126578E+00   0.306607E+01   0.306607E+01
   0.148215E+01   0.295160E+01   0.126330E+00   0.303750E+01   0.303750E+01
   0.148689E+01   0.311182E+01   0.126102E+00   0.300917E+01   0.300917E+01
   0.149163E+01   0.300608E+01   0.125608E+00   0.298107E+01   0.298107E+01
   0.149637E+01   0.279262E+01   0.125572E+00   0.295320E+01   0.295320E+01
   0.150112E+01   0.279123E+01   0.125715E+00   0.292556E+01   0.292556E+01
   0.150586E+01   0.283022E+01   0.127920E+00   0.289815E+01   0.289815E+01
   0.151060E+01   0.283348E+01   0.131162E+00   0.287096E+01   0.287096E+01
   0.151534E+01   0.271463E+01   0.133244E+00   0.284400E+01   0.284400E+01
   0.152009E+01   0.290177E+01   0.135116E+00   0.281726E+01   0.281726E+01
   0.152483E+01   0.284446E+01   0.136753E+00   0.279074E+01   0.279074E+01
   0.152957E+01   0.269821E+01   0.137699E+00   0.276444E+01   0.276444E+01
   0.153432E+01   0.261755E+01   0.134503E+00   0.273835E+01   0.273835E+01
   0.153906E+01   0.281694E+01   0.132169E+00   0.271248E+01   0.271248E+01
   0.154380E+01   0.266947E+01   0.130386E+00   0.268682E+01   0.268682E+01
   0.154855E+01   0.257856E+01   0.129077E+00   0.266138E+01   0.266138E+01
   0.155329E+01   0.254420E+01   0.127699E+00   0.263614E+01   0.263614E+01
   0.155803E+01   0.254404E+01   0.126660E+00   0.261111E+01   0.261111E+01
   0.156277E+01   0.264254E+01   0.125480E+00   0.258628E+01   0.258628E+01
   0.156752E+01   0.260436E+01   0.124152E+00   0.256166E+01   0.256166E+01
   0.157226E+01   0.252309E+01   0.123429E+00   0.253725E+01   0.253725E+01
   0.157700E+01   0.248692E+01   0.123059E+00   0.251304E+01   0.251304E+01
   0.158175E+01   0.248885E+01   0.122732E+00   0.248902E+01   0.248902E+01
   0.158649E+01   0.258392E+01   0.122704E+00   0.246522E+01   0.246522E+01
   0.159123E+01   0.249943E+01   0.122631E+00   0.244161E+01   0.244161E+01
   0.159597E+01   0.241363E+01   0.122873E+00   0.241819E+01   0.241819E+01
   0.160072E+01   0.226956E+01   0.122848E+00   0.239498E+01   0.239498E+01
   0.160546E+01   0.244771E+01   0.122636E+00   0.237195E+01   0.237195E+01
   0.161020E+01   0.246792E+01   0.122530E+00   0.234913E+01   0.234913E+01
   0.161495E+01   0.242002E+01   0.122207E+00   0.232650E+01   0.232650E+01
   0.161969E+01   0.226930E+01   0.122131E+00   0.230406E+01   0.230406E+01
   0.162443E+01   0.229781E+01   0.121827E+00   0.228181E+01   0.228181E+01
   0.162917E+01   0.221885E+01   0.121559E+00   0.225975E+01   0.225975E+01
   0.163392E+01   0.228135E+01   0.121463E+00   0.223789E+01   0.223789E+01
   0.163866E+01   0.222233E+01   0.121305E+00   0.221621E+01   0.221621E+01
   0.164340E+01   0.218884E+01   0.121273E+00   0.219472E+01   0.219472E+01
   0.164815E+01   0.232239E+01   0.120906E+00   0.217342E+01   0.217342E+01
   0.165289E+01   0.206307E+01   0.120670E+00   0.215230E+01   0.215230E+01
   0.165763E+01   0.217353E+01   0.120301E+00   0.213138E+01   0.213138E+01
   0.166237E+01   0.201073E+01   0.120119E+00   0.211063E+01   0.211063E+01
   0.166712E+01   0.212875E+01   0.120142E+00   0.209007E+01   0.209007E+01
   0.167186E+01   0.205389E+01   0.119700E+00   0.206970E+01   0.206970E+01
   0.167660E+01   0.205725E+01   0.119508E+00   0.204950E+01   0.204950E+01
   0.168135E+01   0.197571E+01   0.119252E+00   0.202949E+01   0.202949E+01
   0.168609E+01   0.203250E+01   0.119118E+00   0.200967E+01   0.200967E+01
   0.169083E+01   0.198632E+01   0.118793E+00   0.199002E+01   0.199002E+01
   0.169557E+01   0.205851E+01   0.118718E+00   0.197056E+01   0.197056E+01
   0.170032E+01   0.192766E+01   0.118494E+00   0.195127E+01   0.195127E+01
   0.170506E+01   0.201992E+01   0.118454E+00   0.193217E+01   0.193217E+01
   0.170980E+01   0.176485E+01   0.118083E+00   0.191324E+01   0.191324E+01
   0.171455E+01   0.179080E+01   0.117827E+00   0.189449E+01   0.189449E+01
   0.171929E+01   0.172016E+01   0.117791E+00   0.187592E+01   0.187592E+01
   0.172403E+01   0.203164E+01   0.117724E+00   0.185752E+01   0.185752E+01
   0.172877E+01   0.171198E+01   0.117302E+00   0.183930E+01   0.183930E+01
   0.173352E+01   0.182679E+01   0.117171E+00   0.182126E+01   0.182126E+01
   0.173826E+01   0.177607E+01   0.117072E+00   0.180339E+01   0.180339E+01
   0.174300E+01   0.188205E+01   0.117085E+00   0.178570E+01   0.178570E+01
   0.174775E+01   0.189907E+01   0.116712E+00   0.176818E+01   0.176818E+01
   0.175249E+01   0.182789E+01   0.116374E+00   0.175083E+01   0.175083E+01
   0.175723E+01   0.172562E+01   0.116444E+00   0.173366E+01   0.173366E+01
   0.176197E+01   0.175221E+01   0.116138E+00   0.171666E+01   0.171666E+01
   0.176672E+01   0.181107E+01   0.115977E+00   0.169983E+01   0.169983E+01
   0.177146E+01   0.175432E+01   0.115873E+00   0.168316E+01   0.168316E+01
   0.177620E+01   0.179593E+01   0.115718E+00   0.166667E+01   0.166667E+01
   0.178095E+01   0.161875E+01   0.115642E+00   0.165035E+01   0.165035E+01
   0.178569E+01   0.163684E+01   0.115379E+00   0.163420E+01   0.163420E+01
   0.179043E+01   0.161043E+01   0.115063E+00   0.161822E+01   0.161822E+01
   0.179517E+01   0.159468E+01   0.115060E+00   0.160240E+01   0.160240E+01
   0.179992E+01   0.163684E+01   0.114906E+00   0.158675E+01   0.158675E+01
   0.180466E+01   0.144609E+01   0.114522E+00   0.157127E+01   0.157127E+01
   0.180940E+01   0.148492E+01   0.114540E+00   0.155595E+01   0.155595E+01
   0.181415E+01   0.158474E+01   0.114465E+00   0.154080E+01   0.154080E+01
   0.181889E+01   0.161186E+01   0.114200E+00   0.152580E+01   0.152580E+01
   0.182363E+01   0.147664E+01   0.114051E+00   0.151098E+01   0.151098E+01
   0.182838E+01   0.154140E+01   0.113998E+00   0.149631E+01   0.149631E+01
   0.183312E+01   0.150653E+01   0.113734E+00   0.148181E+01   0.148181E+01
   0.183786E+01   0.141136E+01   0.113547E+00   0.146747E+01   0.146747E+01
   0.184260E+01   0.164675E+01   0.113534E+00   0.145328E+01   0.145328E+01
   0.184735E+01   0.152287E+01   0.113230E+00   0.143926E+01   0.143926E+01
   0.185209E+01   0.145508E+01   0.113141E+00   0.142539E+01   0.142539E+01
   0.185683E+01   0.134612E+01   0.112984E+00   0.141169E+01   0.141169E+01
   0.186157E+01   0.116341E+01   0.112651E+00   0.139813E+01   0.139813E+01
   0.186632E+01   0.147174E+01   0.112561E+00   0.138474E+01   0.138474E+01
   0.187106E+01   0.148944E+01   0.112538E+00   0.137150E+01   0.137150E+01
   0.187580E+01   0.143305E+01   0.112390E+00   0.135841E+01   0.135841E+01
   0.188055E+01   0.140637E+01   0.112113E+00   0.134548E+01   0.134548E+01
   0.188529E+01   0.143448E+01   0.112206E+00   0.133269E+01   0.133269E+01
   0.189003E+01   0.141771E+01   0.111981E+00   0.132006E+01   0.132006E+01
   0.189478E+01   0.126955E+01   0.111787E+00   0.130758E+01   0.130758E+01
   0.189952E+01   0.120959E+01   0.111568E+00   0.129525E+01   0.129525E+01
   0.190426E+01   0.118504E+01   0.111410E+00   0.128306E+01   0.128306E+01
   0.190900E+01   0.126026E+01   0.111242E+00   0.127102E+01   0.127102E+01
   0.191375E+01   0.107086E+01   0.111070E+00   0.125913E+01   0.125913E+01
   0.191849E+01   0.112163E+01   0.111090E+00   0.124739E+01   0.124739E+01
   0.192323E+01   0.101396E+01   0.110928E+00   0.123578E+01   0.123578E+01
   0.192797E+01   0.121166E+01   0.110852E+00   0.122432E+01   0.122432E+01
   0.193272E+01   0.114308E+01   0.110446E+00   0.121300E+01   0.121300E+01
   0.193746E+01   0.124716E+01   0.110233E+00   0.120182E+01   0.120182E+01
   0.194220E+01   0.113453E+01   0.109822E+00   0.119079E+01   0.119079E+01
   0.194695E+01   0.121570E+01   0.109532E+00   0.117988E+01   0.117988E+01
   0.195169E+01   0.122297E+01   0.109466E+00   0.116912E+01   0.116912E+01
   0.195643E+01   0.122367E+01   0.109343E+00   0.115849E+01   0.115849E+01
   0.196117E+01   0.109873E+01   0.109027E+00   0.114800E+01   0.114800E+01
   0.196592E+01   0.106683E+01   0.108967E+00   0.113764E+01   0.113764E+01
   0.197066E+01   0.110183E+01   0.108936E+00   0.112741E+01   0.112741E+01
   0.197540E+01   0.109558E+01   0.108782E+00   0.111731E+01   0.111731E+01
   0.198015E+01   0.115219E+01   0.108816E+00   0.110735E+01   0.110735E+01
   0.198489E+01   0.114329E+01   0.108727E+00   0.109751E+01   0.109751E+01
   0.198963E+01   0.111489E+01   0.108894E+00   0.108780E+01   0.108780E+01
   0.199438E+01   0.108804E+01   0.108942E+00   0.107821E+01   0.107821E+01
   0.199912E+01   0.116771E+01   0.108731E+00   0.106875E+01   0.106875E+01
   0.200386E+01   0.110263E+01   0.108624E+00   0.105941E+01   0.105941E+01
   0.200860E+01   0.998586E+00   0.108621E+00   0.105020E+01   0.105020E+01
   0.201335E+01   0.995371E+00   0.109613E+00   0.104111E+01   0.104111E+01
   0.201809E+01   0.944798E+00   0.112553E+00   0.103213E+01   0.103213E+01
   0.202283E+01   0.111479E+01   0.114279E+00   0.102328E+01   0.102328E+01
   0.202758E+01   0.110124E+01   0.115581E+00   0.101454E+01   0.101454E+01
   0.203232E+01   0.100394E+01   0.116974E+00   0.100591E+01   0.100591E+01
   0.203706E+01   0.995339E+00   0.117958E+00   0.997404E+00   0.997404E+00
   0.204180E+01   0.100241E+01   0.118876E+00   0.989009E+00   0.989009E+00
   0.204655E+01   0.883575E+00   0.119258E+00   0.980725E+00   0.980725E+00
   0.205129E+01   0.916600E+00   0.119610E+00   0.972551E+00   0.972551E+00
   0.205603E+01   0.882472E+00   0.119970E+00   0.964485E+00   0.964485E+00
   0.206078E+01   0.104360E+01   0.120363E+00   0.956528E+00   0.956528E+00
   0.206552E+01   0.874907E+00   0.120435E+00   0.948676E+00   0.948676E+00
   0.207026E+01   0.802416E+00   0.120715E+00   0.940929E+00   0.940929E+00
   0.207500E+01   0.897285E+00   0.121078E+00   0.933288E+00   0.933288E+00
   0.207975E+01   0.100321E+01   0.118657E+00   0.925747E+00   0.925747E+00
   0.208449E+01   0.941804E+00   0.115696E+00   0.918307E+00   0.918307E+00
   0.208923E+01   0.960791E+00   0.113862E+00   0.910966E+00   0.910966E+00
   0.209397E+01   0.106306E+01   0.112651E+00   0.903724E+00   0.903724E+00
   0.209872E+01   0.102951E+01   0.111677E+00   0.896579E+00   0.896579E+00
   0.210346E+01   0.840076E+00   0.110624E+00   0.889528E+00   0.889528E+00
   0.210820E+01   0.892079E+00   0.110018E+00   0.882572E+00   0.882572E+00
   0.211295E+01   0.915294E+00   0.109627E+00   0.875710E+00   0.875710E+00
   0.211769E+01   0.905630E+00   0.109437E+00   0.868937E+00   0.868937E+00
   0.212243E+01   0.953437E+00   0.108976E+00   0.862256E+00   0.862256E+00
   0.212717E+01   0.683300E+00   0.108872E+00   0.855662E+00   0.855662E+00
   0.213192E+01   0.828100E+00   0.108569E+00   0.849157E+00   0.849157E+00
   0.213666E+01   0.837222E+00   0.108425E+00   0.842737E+00   0.842737E+00
   0.214140E+01   0.774819E+00   0.108153E+00   0.836402E+00   0.836402E+00
   0.214615E+01   0.769968E+00   0.107990E+00   0.830153E+00   0.830153E+00
   0.215089E+01   0.881756E+00   0.107818E+00   0.823984E+00   0.823984E+00
   0.215563E+01   0.899318E+00   0.107623E+00   0.817896E+00   0.817896E+00
   0.216038E+01   0.689365E+00   0.107396E+00   0.811888E+00   0.811888E+00
   0.216512E+01   0.899146E+00   0.107150E+00   0.805958E+00   0.805958E+00
   0.216986E+01   0.786232E+00   0.106943E+00   0.800105E+00   0.800105E+00
   0.217460E+01   0.774419E+00   0.106671E+00   0.794329E+00   0.794329E+00
   0.217935E+01   0.742888E+00   0.106480E+00   0.788627E+00   0.788627E+00
   0.218409E+01   0.790294E+00   0.106396E+00   0.783000E+00   0.783000E+00
   0.218883E+01   0.747539E+00   0.106256E+00   0.777444E+00   0.777444E+00
   0.219358E+01   0.734791E+00   0.106122E+00   0.771959E+00   0.771959E+00
   0.219832E+01   0.642009E+00   0.106037E+00   0.766544E+00   0.766544E+00
   0.220306E+01   0.593635E+00   0.105846E+00   0.761198E+00   0.761198E+00
   0.220780E+01   0.816462E+00   0.105627E+00   0.755919E+00   0.755919E+00
   0.221255E+01   0.716466E+00   0.105425E+00   0.750707E+00   0.750707E+00
   0.221729E+01   0.675618E+00   0.105247E+00   0.745562E+00   0.745562E+00
   0.222203E+01   0.821599E+00   0.105211E+00   0.740479E+00   0.740479E+00
   0.222677E+01   0.712340E+00   0.105077E+00   0.735460E+00   0.735460E+00
   0.223152E+01   0.706157E+00   0.104973E+00   0.730503E+00   0.730503E+00
   0.223626E+01   0.729187E+00   0.104810E+00   0.725607E+00   0.725607E+00
   0.224100E+01   0.743727E+00   0.104685E+00   0.720771E+00   0.720771E+00
   0.224575E+01   0.691265E+00   0.104500E+00   0.715994E+00   0.715994E+00
   0.225049E+01   0.866772E+00   0.104434E+00   0.711274E+00   0.711274E+00
   0.225523E+01   0.777467E+00   0.104305E+00   0.706613E+00   0.706613E+00
   0.225997E+01   0.682339E+00   0.104034E+00   0.702007E+00   0.702007E+00
   0.226472E+01   0.810719E+00   0.103963E+00   0.697455E+00   0.697455E+00
   0.226946E+01   0.690138E+00   0.103769E+00   0.692960E+00   0.692960E+00
   0.227420E+01   0.738690E+00   0.103723E+00   0.688514E+00   0.688514E+00
   0.227895E+01   0.603710E+00   0.103436E+00   0.684122E+00   0.684122E+00
   0.228369E+01   0.653242E+00   0.103504E+00   0.679782E+00   0.679782E+00
   0.228843E+01   0.538279E+00   0.103217E+00   0.675492E+00   0.675492E+00
   0.229318E+01   0.762479E+00   0.103084E+00   0.671252E+00   0.671252E+00
   0.229792E+01   0.671201E+00   0.103073E+00   0.667060E+00   0.667060E+00
   0.230266E+01   0.617022E+00   0.103001E+00   0.662916E+00   0.662916E+00
   0.230740E+01   0.589588E+00   0.102767E+00   0.658819E+00   0.658819E+00
   0.231215E+01   0.548109E+00   0.102647E+00   0.654768E+00   0.654768E+00
   0.231689E+01   0.583022E+00   0.102602E+00   0.650763E+00   0.650763E+00
   0.232163E+01   0.740673E+00   0.102672E+00   0.646804E+00   0.646804E+00
   0.232638E+01   0.720531E+00   0.102351E+00   0.642888E+00   0.642888E+00
   0.233112E+01   0.607473E+00   0.102238E+00   0.639015E+00   0.639015E+00
   0.233586E+01   0.651734E+00   0.102042E+00   0.635185E+00   0.635185E+00
   0.234060E+01   0.792438E+00   0.102096E+00   0.631396E+00   0.631396E+00
   0.234535E+01   0.530512E+00   0.101738E+00   0.627649E+00   0.627649E+00
   0.235009E+01   0.614284E+00   0.101721E+00   0.623943E+00   0.623943E+00
   0.235483E+01   0.526851E+00   0.101574E+00   0.620277E+00   0.620277E+00
   0.235957E+01   0.612783E+00   0.101553E+00   0.616651E+00   0.616651E+00
   0.236432E+01   0.466759E+00   0.101429E+00   0.613063E+00   0.613063E+00
   0.236906E+01   0.559353E+00   0.101326E+00   0.609513E+00   0.609513E+00
   0.237380E+01   0.606008E+00   0.101218E+00   0.606001E+00   0.606001E+00
   0.237855E+01   0.560873E+00   0.101066E+00   0.602526E+00   0.602526E+00
   0.238329E+01   0.405448E+00   0.100926E+00   0.599090E+00   0.599090E+00
   0.238803E+01   0.614228E+00   0.100952E+00   0.595686E+00   0.595686E+00
   0.239277E+01   0.593287E+00   0.100746E+00   0.592320E+00   0.592320E+00
   0.239752E+01   0.507046E+00   0.100697E+00   0.588989E+00   0.588989E+00
   0.240226E+01   0.612413E+00   0.100435E+00   0.585692E+00   0.585692E+00
   0.240700E+01   0.575452E+00   0.100330E+00   0.582430E+00   0.582430E+00
   0.241175E+01   0.599330E+00   0.100272E+00   0.579201E+00   0.579201E+00
   0.241649E+01   0.649445E+00   0.100240E+00   0.576006E+00   0.576006E+00
   0.242123E+01   0.677783E+00   0.100205E+00   0.572844E+00   0.572844E+00
   0.242598E+01   0.515554E+00   0.100053E+00   0.569715E+00   0.569715E+00
   0.243072E+01   0.626790E+00   0.998871E-01   0.566618E+00   0.566618E+00
   0.243546E+01   0.561039E+00   0.996587E-01   0.563553E+00   0.563553E+00
   0.244020E+01   0.669062E+00   0.997072E-01   0.560519E+00   0.560519E+00
   0.244495E+01   0.417112E+00   0.995775E-01   0.557517E+00   0.557517E+00
   0.244969E+01   0.556211E+00   0.994682E-01   0.554545E+00   0.554545E+00
   0.245443E+01   0.505447E+00   0.993279E-01   0.551605E+00   0.551605E+00
   0.245918E+01   0.407638E+00   0.990975E-01   0.548694E+00   0.548694E+00
   0.246392E+01   0.449336E+00   0.991026E-01   0.545814E+00   0.545814E+00
   0.246866E+01   0.591917E+00   0.992042E-01   0.542964E+00   0.542964E+00
   0.247340E+01   0.459089E+00   0.988933E-01   0.540143E+00   0.540143E+00
   0.247815E+01   0.514256E+00   0.988362E-01   0.537351E+00   0.537351E+00
   0.248289E+01   0.533587E+00   0.987649E-01   0.534588E+00   0.534588E+00
   0.248763E+01   0.533881E+00   0.986764E-01   0.531854E+00   0.531854E+00
   0.249238E+01   0.572070E+00   0.985563E-01   0.529149E+00   0.529149E+00
   0.249712E+01   0.716886E+00   0.984841E-01   0.526472E+00   0.526472E+00
   0.250186E+01   0.505339E+00   0.983217E-01   0.523824E+00   0.523824E+00
   0.250660E+01   0.437222E+00   0.982067E-01   0.521203E+00   0.521203E+00
   0.251135E+01   0.410032E+00   0.980993E-01   0.518611E+00   0.518611E+00
   0.251609E+01   0.499534E+00   0.980890E-01   0.516046E+00   0.516046E+00
   0.252083E+01   0.518209E+00   0.977163E-01   0.513508E+00   0.513508E+00
   0.252558E+01   0.476254E+00   0.975482E-01   0.510998E+00   0.510998E+00
   0.253032E+01   0.424156E+00   0.972412E-01   0.508515E+00   0.508515E+00
   0.253506E+01   0.513241E+00   0.972778E-01   0.506060E+00   0.506060E+00
   0.253980E+01   0.494499E+00   0.971823E-01   0.503631E+00   0.503631E+00
   0.254455E+01   0.496571E+00   0.970612E-01   0.501229E+00   0.501229E+00
   0.254929E+01   0.456727E+00   0.969000E-01   0.498854E+00   0.498854E+00
   0.255403E+01   0.543297E+00   0.968838E-01   0.496505E+00   0.496505E+00
   0.255878E+01   0.556691E+00   0.968473E-01   0.494183E+00   0.494183E+00
   0.256352E+01   0.579800E+00   0.966118E-01   0.491887E+00   0.491887E+00
   0.256826E+01   0.506066E+00   0.967166E-01   0.489618E+00   0.489618E+00
   0.257300E+01   0.520380E+00   0.966735E-01   0.487374E+00   0.487374E+00
   0.257775E+01   0.496991E+00   0.966225E-01   0.485157E+00   0.485157E+00
   0.258249E+01   0.377348E+00   0.966724E-01   0.482965E+00   0.482965E+00
   0.258723E+01   0.406961E+00   0.966379E-01   0.480799E+00   0.480799E+00
   0.259198E+01   0.366308E+00   0.964646E-01   0.478659E+00   0.478659E+00
   0.259672E+01   0.361314E+00   0.964214E-01   0.476545E+00   0.476545E+00
   0.260146E+01   0.443443E+00   0.963391E-01   0.474456E+00   0.474456E+00
   0.260620E+01   0.424381E+00   0.962672E-01   0.472392E+00   0.472392E+00
   0.261095E+01   0.404109E+00   0.961728E-01   0.470354E+00   0.470354E+00
   0.261569E+01   0.423830E+00   0.960689E-01   0.468342E+00   0.468342E+00
   0.262043E+01   0.587939E+00   0.960362E-01   0.466355E+00   0.466355E+00
   0.262518E+01   0.548614E+00   0.959340E-01   0.464392E+00   0.464392E+00
   0.262992E+01   0.505926E+00   0.959045E-01   0.462455E+00   0.462455E+00
   0.263466E+01   0.391237E+00   0.957341E-01   0.460542E+00   0.460542E+00
   0.263940E+01   0.416912E+00   0.956396E-01   0.458654E+00   0.458654E+00
   0.264415E+01   0.399484E+00   0.955187E-01   0.456791E+00   0.456791E+00
   0.264889E+01   0.282651E+00   0.954734E-01   0.454952E+00   0.454952E+00
   0.265363E+01   0.342212E+00   0.953711E-01   0.453138E+00   0.453138E+00
   0.265838E+01   0.390845E+00   0.953120E-01   0.451348E+00   0.451348E+00
   0.266312E+01   0.504199E+00   0.952131E-01   0.449583E+00   0.449583E+00
   0.266786E+01   0.381428E+00   0.950529E-01   0.447841E+00   0.447841E+00
   0.267260E+01   0.395948E+00   0.950363E-01   0.446124E+00   0.446124E+00
   0.267735E+01   0.613703E+00   0.949385E-01   0.444431E+00   0.444431E+00
   0.268209E+01   0.429596E+00   0.948869E-01   0.442761E+00   0.442761E+00
   0.268683E+01   0.444836E+00   0.947851E-01   0.441115E+00   0.441115E+00
   0.269158E+01   0.426417E+00   0.946740E-01   0.439492E+00   0.439492E+00
   0.269632E+01   0.511726E+00   0.947108E-01   0.437893E+00   0.437893E+00
   0.270106E+01   0.483785E+00   0.946198E-01   0.436317E+00   0.436317E+00
   0.270580E+01   0.429787E+00   0.944301E-01   0.434764E+00   0.434764E+00
   0.271055E+01   0.535222E+00   0.943511E-01   0.433234E+00   0.433234E+00
   0.271529E+01   0.489310E+00   0.943474E-01   0.431727E+00   0.431727E+00
   0.272003E+01   0.519834E+00   0.943179E-01   0.430242E+00   0.430242E+00
   0.272478E+01   0.429533E+00   0.940716E-01   0.428780E+00   0.428780E+00
   0.272952E+01   0.403950E+00   0.939941E-01   0.427340E+00   0.427340E+00
   0.273426E+01   0.467065E+00   0.939007E-01   0.425922E+00   0.425922E+00
   0.273901E+01   0.435775E+00   0.939310E-01   0.424526E+00   0.424526E+00
   0.274375E+01   0.455606E+00   0.938090E-01   0.423152E+00   0.423152E+00
   0.274849E+01   0.453582E+00   0.937030E-01   0.421800E+00   0.421800E+00
   0.275323E+01   0.436010E+00   0.936617E-01   0.420468E+00   0.420468E+00
   0.275798E+01   0.446302E+00   0.935492E-01   0.419158E+00   0.419158E+00
   0.276272E+01   0.400993E+00   0.935080E-01   0.417868E+00   0.417868E+00
   0.276746E+01   0.452427E+00   0.934210E-01   0.416600E+00   0.416600E+00
   0.277221E+01   0.500569E+00   0.933726E-01   0.415351E+00   0.415351E+00
   0.277695E+01   0.412492E+00   0.931728E-01   0.414123E+00   0.414123E+00
   0.278169E+01   0.467326E+00   0.931569E-01   0.412915E+00   0.412915E+00
   0.278643E+01   0.375929E+00   0.930504E-01   0.411726E+00   0.411726E+00
   0.279118E+01   0.375958E+00   0.928805E-01   0.410557E+00   0.410557E+00
   0.279592E+01   0.403302E+00   0.928925E-01   0.409407E+00   0.409407E+00
   0.280066E+01   0.510885E+00   0.929857E-01   0.408276E+00   0.408276E+00
   0.280540E+01   0.370918E+00   0.927408E-01   0.407164E+00   0.407164E+00
   0.281015E+01   0.298274E+00   0.927857E-01   0.406070E+00   0.406070E+00
   0.281489E+01   0.336398E+00   0.927931E-01   0.404994E+00   0.404994E+00
   0.281963E+01   0.359952E+00   0.945268E-01   0.403936E+00   0.403936E+00
   0.282438E+01   0.430049E+00   0.964644E-01   0.402895E+00   0.402895E+00
   0.282912E+01   0.308600E+00   0.975865E-01   0.401872E+00   0.401872E+00
   0.283386E+01   0.501753E+00   0.986405E-01   0.400867E+00   0.400867E+00
   0.283860E+01   0.469620E+00   0.994718E-01   0.399875E+00   0.399875E+00
   0.284335E+01   0.455518E+00   0.998360E-01   0.398902E+00   0.398902E+00
   0.284809E+01   0.487217E+00   0.100089E+00   0.397944E+00   0.397944E+00
   0.285283E+01   0.378120E+00   0.100352E+00   0.397002E+00   0.397002E+00
   0.285758E+01   0.500654E+00   0.100583E+00   0.396076E+00   0.396076E+00
   0.286232E+01   0.345647E+00   0.100863E+00   0.395164E+00   0.395164E+00
   0.286706E+01   0.262898E+00   0.101060E+00   0.394267E+00   0.394267E+00
   0.287181E+01   0.371667E+00   0.101349E+00   0.393384E+00   0.393384E+00
   0.287655E+01   0.345864E+00   0.101461E+00   0.392515E+00   0.392515E+00
   0.288129E+01   0.293919E+00   0.101287E+00   0.391659E+00   0.391659E+00
   0.288603E+01   0.376890E+00   0.986942E-01   0.390817E+00   0.390817E+00
   0.289078E+01   0.414695E+00   0.970082E-01   0.389987E+00   0.389987E+00
   0.289552E+01   0.291355E+00   0.960125E-01   0.389171E+00   0.389171E+00
   0.290026E+01   0.329150E+00   0.951332E-01   0.388366E+00   0.388366E+00
   0.290501E+01   0.334850E+00   0.945934E-01   0.387573E+00   0.387573E+00
   0.290975E+01   0.383062E+00   0.941868E-01   0.386791E+00   0.386791E+00
   0.291449E+01   0.347388E+00   0.940437E-01   0.386020E+00   0.386020E+00
   0.291923E+01   0.393844E+00   0.938202E-01   0.385260E+00   0.385260E+00
   0.292398E+01   0.350986E+00   0.937656E-01   0.384510E+00   0.384510E+00
   0.292872E+01   0.392309E+00   0.935394E-01   0.383770E+00   0.383770E+00
   0.293346E+01   0.372682E+00   0.933914E-01   0.383040E+00   0.383040E+00
   0.293820E+01   0.407748E+00   0.931258E-01   0.382318E+00   0.382318E+00
   0.294295E+01   0.362284E+00   0.930399E-01   0.381605E+00   0.381605E+00
   0.294769E+01   0.516146E+00   0.928128E-01   0.380901E+00   0.380901E+00
   0.295243E+01   0.437318E+00   0.927447E-01   0.380204E+00   0.380204E+00
   0.295718E+01   0.407629E+00   0.927949E-01   0.379515E+00   0.379515E+00
   0.296192E+01   0.363943E+00   0.924888E-01   0.378833E+00   0.378833E+00
   0.296666E+01   0.438961E+00   0.924071E-01   0.378158E+00   0.378158E+00
   0.297140E+01   0.404187E+00   0.923107E-01   0.377489E+00   0.377489E+00
   0.297615E+01   0.438950E+00   0.922235E-01   0.376826E+00   0.376826E+00
   0.298089E+01   0.371283E+00   0.920916E-01   0.376169E+00   0.376169E+00
   0.298563E+01   0.464187E+00   0.919978E-01   0.375517E+00   0.375517E+00
   0.299038E+01   0.454505E+00   0.918773E-01   0.374870E+00   0.374870E+00
   0.299512E+01   0.365398E+00   0.918013E-01   0.374227E+00   0.374227E+00
   0.299986E+01   0.355727E+00   0.915122E-01   0.373589E+00   0.373589E+00

           ####      Real Space Data                               ####

           Distance distribution  function of particle  


      R          P(R)      ERROR

  0.0000E+00  0.0000E+00  0.0000E+00
  0.3667E-01  0.1040E-01  0.4095E-03
  0.7333E-01  0.2134E-01  0.7613E-03
  0.1100E+00  0.3282E-01  0.1056E-02
  0.1467E+00  0.4485E-01  0.1295E-02
  0.1833E+00  0.5740E-01  0.1481E-02
  0.2200E+00  0.7047E-01  0.1613E-02
  0.2567E+00  0.8404E-01  0.1697E-02
  0.2933E+00  0.9810E-01  0.1733E-02
  0.3300E+00  0.1126E+00  0.1726E-02
  0.3667E+00  0.1276E+00  0.1679E-02
  0.4033E+00  0.1430E+00  0.1596E-02
  0.4400E+00  0.1589E+00  0.1483E-02
  0.4767E+00  0.1751E+00  0.1346E-02
  0.5133E+00  0.1916E+00  0.1193E-02
  0.5500E+00  0.2085E+00  0.1034E-02
  0.5867E+00  0.2256E+00  0.8870E-03
  0.6233E+00  0.2431E+00  0.7765E-03
  0.6600E+00  0.2607E+00  0.7352E-03
  0.6967E+00  0.2785E+00  0.7834E-03
  0.7333E+00  0.2965E+00  0.9101E-03
  0.7700E+00  0.3146E+00  0.1087E-02
  0.8067E+00  0.3327E+00  0.1290E-02
  0.8433E+00  0.3509E+00  0.1502E-02
  0.8800E+00  0.3691E+00  0.1712E-02
  0.9167E+00  0.3872E+00  0.1915E-02
  0.9533E+00  0.4053E+00  0.2104E-02
  0.9900E+00  0.4232E+00  0.2275E-02
  0.1027E+01  0.4409E+00  0.2426E-02
  0.1063E+01  0.4584E+00  0.2554E-02
  0.1100E+01  0.4757E+00  0.2658E-02
  0.1137E+01  0.4927E+00  0.2735E-02
  0.1173E+01  0.5093E+00  0.2785E-02
  0.1210E+01  0.5255E+00  0.2808E-02
  0.1247E+01  0.5413E+00  0.2804E-02
  0.1283E+01  0.5567E+00  0.2774E-02
  0.1320E+01  0.5716E+00  0.2719E-02
  0.1357E+01  0.5860E+00  0.2641E-02
  0.1393E+01  0.5998E+00  0.2542E-02
  0.1430E+01  0.6130E+00  0.2425E-02
  0.1467E+01  0.6256E+00  0.2295E-02
  0.1503E+01  0.6375E+00  0.2156E-02
  0.1540E+01  0.6488E+00  0.2014E-02
  0.1577E+01  0.6594E+00  0.1876E-02
  0.1613E+01  0.6693E+00  0.1752E-02
  0.1650E+01  0.6784E+00  0.1652E-02
  0.1687E+01  0.6869E+00  0.1586E-02
  0.1723E+01  0.6945E+00  0.1563E-02
  0.1760E+01  0.7014E+00  0.1585E-02
  0.1797E+01  0.7075E+00  0.1651E-02
  0.1833E+01  0.7128E+00  0.1754E-02
  0.1870E+01  0.7173E+00  0.1885E-02
  0.1907E+01  0.7210E+00  0.2033E-02
  0.1943E+01  0.7240E+00  0.2190E-02
  0.1980E+01  0.7262E+00  0.2348E-02
  0.2017E+01  0.7276E+00  0.2502E-02
  0.2053E+01  0.7282E+00  0.2646E-02
  0.2090E+01  0.7282E+00  0.2778E-02
  0.2127E+01  0.7273E+00  0.2893E-02
  0.2163E+01  0.7258E+00  0.2991E-02
  0.2200E+01  0.7236E+00  0.3069E-02
  0.2237E+01  0.7207E+00  0.3126E-02
  0.2273E+01  0.7172E+00  0.3163E-02
  0.2310E+01  0.7130E+00  0.3179E-02
  0.2347E+01  0.7083E+00  0.3176E-02
  0.2383E+01  0.7030E+00  0.3153E-02
  0.2420E+01  0.6972E+00  0.3114E-02
  0.2457E+01  0.6909E+00  0.3061E-02
  0.2493E+01  0.6841E+00  0.2995E-02
  0.2530E+01  0.6769E+00  0.2921E-02
  0.2567E+01  0.6693E+00  0.2843E-02
  0.2603E+01  0.6614E+00  0.2765E-02
  0.2640E+01  0.6531E+00  0.2691E-02
  0.2677E+01  0.6445E+00  0.2626E-02
  0.2713E+01  0.6357E+00  0.2576E-02
  0.2750E+01  0.6267E+00  0.2542E-02
  0.2787E+01  0.6174E+00  0.2530E-02
  0.2823E+01  0.6081E+00  0.2539E-02
  0.2860E+01  0.5986E+00  0.2570E-02
  0.2897E+01  0.5890E+00  0.2621E-02
  0.2933E+01  0.5794E+00  0.2689E-02
  0.2970E+01  0.5698E+00  0.2770E-02
  0.3007E+01  0.5601E+00  0.2860E-02
  0.3043E+01  0.5505E+00  0.2954E-02
  0.3080E+01  0.5410E+00  0.3049E-02
  0.3117E+01  0.5315E+00  0.3140E-02
  0.3153E+01  0.5221E+00  0.3223E-02
  0.3190E+01  0.5129E+00  0.3297E-02
  0.3227E+01  0.5038E+00  0.3359E-02
  0.3263E+01  0.4948E+00  0.3407E-02
  0.3300E+01  0.4860E+00  0.3440E-02
  0.3337E+01  0.4774E+00  0.3458E-02
  0.3373E+01  0.4689E+00  0.3460E-02
  0.3410E+01  0.4607E+00  0.3447E-02
  0.3447E+01  0.4527E+00  0.3419E-02
  0.3483E+01  0.4448E+00  0.3379E-02
  0.3520E+01  0.4372E+00  0.3328E-02
  0.3557E+01  0.4298E+00  0.3269E-02
  0.3593E+01  0.4225E+00  0.3205E-02
  0.3630E+01  0.4155E+00  0.3140E-02
  0.3667E+01  0.4087E+00  0.3076E-02
  0.3703E+01  0.4020E+00  0.3018E-02
  0.3740E+01  0.3955E+00  0.2970E-02
  0.3777E+01  0.3892E+00  0.2935E-02
  0.3813E+01  0.3831E+00  0.2916E-02
  0.3850E+01  0.3771E+00  0.2915E-02
  0.3887E+01  0.3712E+00  0.2933E-02
  0.3923E+01  0.3655E+00  0.2970E-02
  0.3960E+01  0.3599E+00  0.3025E-02
  0.3997E+01  0.3544E+00  0.3094E-02
  0.4033E+01  0.3489E+00  0.3174E-02
  0.4070E+01  0.3436E+00  0.3263E-02
  0.4107E+01  0.3383E+00  0.3356E-02
  0.4143E+01  0.3330E+00  0.3449E-02
  0.4180E+01  0.3278E+00  0.3540E-02
  0.4217E+01  0.3226E+00  0.3626E-02
  0.4253E+01  0.3174E+00  0.3703E-02
  0.4290E+01  0.3122E+00  0.3771E-02
  0.4327E+01  0.3071E+00  0.3827E-02
  0.4363E+01  0.3019E+00  0.3870E-02
  0.4400E+01  0.2967E+00  0.3900E-02
  0.4437E+01  0.2914E+00  0.3916E-02
  0.4473E+01  0.2862E+00  0.3921E-02
  0.4510E+01  0.2809E+00  0.3913E-02
  0.4547E+01  0.2755E+00  0.3896E-02
  0.4583E+01  0.2701E+00  0.3871E-02
  0.4620E+01  0.2647E+00  0.3841E-02
  0.4657E+01  0.2593E+00  0.3809E-02
  0.4693E+01  0.2538E+00  0.3777E-02
  0.4730E+01  0.2483E+00  0.3751E-02
  0.4767E+01  0.2427E+00  0.3733E-02
  0.4803E+01  0.2371E+00  0.3726E-02
  0.4840E+01  0.2316E+00  0.3734E-02
  0.4877E+01  0.2260E+00  0.3758E-02
  0.4913E+01  0.2204E+00  0.3801E-02
  0.4950E+01  0.2148E+00  0.3862E-02
  0.4987E+01  0.2092E+00  0.3942E-02
  0.5023E+01  0.2036E+00  0.4038E-02
  0.5060E+01  0.1981E+00  0.4149E-02
  0.5097E+01  0.1926E+00  0.4272E-02
  0.5133E+01  0.1872E+00  0.4403E-02
  0.5170E+01  0.1819E+00  0.4539E-02
  0.5207E+01  0.1766E+00  0.4677E-02
  0.5243E+01  0.1714E+00  0.4813E-02
  0.5280E+01  0.1663E+00  0.4945E-02
  0.5317E+01  0.1613E+00  0.5069E-02
  0.5353E+01  0.1564E+00  0.5184E-02
  0.5390E+01  0.1517E+00  0.5286E-02
  0.5427E+01  0.1470E+00  0.5375E-02
  0.5463E+01  0.1425E+00  0.5449E-02
  0.5500E+01  0.1381E+00  0.5506E-02
  0.5537E+01  0.1339E+00  0.5548E-02
  0.5573E+01  0.1298E+00  0.5572E-02
  0.5610E+01  0.1259E+00  0.5581E-02
  0.5647E+01  0.1221E+00  0.5574E-02
  0.5683E+01  0.1184E+00  0.5552E-02
  0.5720E+01  0.1149E+00  0.5518E-02
  0.5757E+01  0.1115E+00  0.5472E-02
  0.5793E+01  0.1083E+00  0.5417E-02
  0.5830E+01  0.1051E+00  0.5356E-02
  0.5867E+01  0.1021E+00  0.5292E-02
  0.5903E+01  0.9924E-01  0.5226E-02
  0.5940E+01  0.9645E-01  0.5163E-02
  0.5977E+01  0.9374E-01  0.5104E-02
  0.6013E+01  0.9111E-01  0.5053E-02
  0.6050E+01  0.8854E-01  0.5012E-02
  0.6087E+01  0.8602E-01  0.4982E-02
  0.6123E+01  0.8353E-01  0.4963E-02
  0.6160E+01  0.8106E-01  0.4957E-02
  0.6197E+01  0.7858E-01  0.4961E-02
  0.6233E+01  0.7608E-01  0.4973E-02
  0.6270E+01  0.7355E-01  0.4991E-02
  0.6307E+01  0.7096E-01  0.5011E-02
  0.6343E+01  0.6830E-01  0.5027E-02
  0.6380E+01  0.6554E-01  0.5036E-02
  0.6417E+01  0.6266E-01  0.5030E-02
  0.6453E+01  0.5965E-01  0.5005E-02
  0.6490E+01  0.5649E-01  0.4955E-02
  0.6527E+01  0.5316E-01  0.4872E-02
  0.6563E+01  0.4963E-01  0.4750E-02
  0.6600E+01  0.4589E-01  0.4584E-02
  0.6637E+01  0.4193E-01  0.4366E-02
  0.6673E+01  0.3772E-01  0.4090E-02
  0.6710E+01  0.3324E-01  0.3750E-02
  0.6747E+01  0.2848E-01  0.3339E-02
  0.6783E+01  0.2343E-01  0.2851E-02
  0.6820E+01  0.1807E-01  0.2280E-02
  0.6857E+01  0.1239E-01  0.1618E-02
  0.6893E+01  0.6369E-02  0.8600E-03
  0.6930E+01  0.0000E+00  0.0000E+00
