
           ####      G N O M             Version 5.0 (r13469)      ####
                                               Wed Dec 15 15:10:50 2021

           ####      Configuration                                 ####

    System Type:                   arbitrary monodisperse (job = 0)
    Minimum characteristic size:         0.0000
    Maximum characteristic size:         8.3300
    rad56:                               0.0000
    Force 0.0 at r = rmin:                  yes
    Force 0.0 at r = rmax:                  yes
    Initial alpha:                       0.0000
    Initial random seed:    1436912189852889492
    Points in real space:                   190

    Input  1:                      temp-inp.dat
    First data point used:                    1
    Last data point used:                   570
    Scaling coefficient:             0.1000E+01
    Experimental setup:            point collimation



           ####      Results                                       ####

    Parameter    DISCRP  OSCILL  STABIL  SYSDEV  POSITV  VALCEN  SMOOTH
    Weight        1.000   3.000   3.000   3.000   1.000   1.000   1.000
    Sigma         0.300   0.600   0.120   0.120   0.120   0.120   0.600
    Ideal         0.700   1.100   0.000   1.000   1.000   0.950   0.000
    Current       0.498   1.494   0.010   0.896   1.000   0.803   0.743
               --------------------------------------------------------
    Estimate      0.637   0.649   0.993   0.474   1.000   0.222   0.216

    Angular range:                       0.3012 to       2.9999
    Reciprocal space Rg:             0.2340E+01
    Reciprocal space I(0):           0.5926E+02

    Real space range:                    0.0000 to       8.3300
    Real space Rg:                   0.2354E+01 +-   0.8210E-02
    Real space I(0):                 0.5927E+02 +-   0.1314E+00

    Highest ALPHA (theor):           0.8314E+02
    Current ALPHA:                   0.5367E+01

    Total Estimate:                      0.6479 (a REASONABLE solution)



           ####      Experimental Data and Fit                     ####

      S          J EXP       ERROR       J REG       I REG

   0.000000E+00                                                0.592658E+02
   0.107561E-01                                                0.592531E+02
   0.215123E-01                                                0.592151E+02
   0.322684E-01                                                0.591519E+02
   0.430246E-01                                                0.590635E+02
   0.537807E-01                                                0.589502E+02
   0.645368E-01                                                0.588120E+02
   0.752930E-01                                                0.586492E+02
   0.860491E-01                                                0.584620E+02
   0.968053E-01                                                0.582508E+02
   0.107561E+00                                                0.580159E+02
   0.118318E+00                                                0.577577E+02
   0.129074E+00                                                0.574765E+02
   0.139830E+00                                                0.571729E+02
   0.150586E+00                                                0.568472E+02
   0.161342E+00                                                0.565001E+02
   0.172098E+00                                                0.561319E+02
   0.182854E+00                                                0.557434E+02
   0.193611E+00                                                0.553350E+02
   0.204367E+00                                                0.549075E+02
   0.215123E+00                                                0.544614E+02
   0.225879E+00                                                0.539974E+02
   0.236635E+00                                                0.535163E+02
   0.247391E+00                                                0.530186E+02
   0.258147E+00                                                0.525052E+02
   0.268903E+00                                                0.519768E+02
   0.279660E+00                                                0.514341E+02
   0.290416E+00                                                0.508778E+02
   0.301172E+00   0.505230E+02   0.224929E+00   0.503089E+02   0.503089E+02
   0.305915E+00   0.502295E+02   0.222584E+00   0.500541E+02   0.500541E+02
   0.310658E+00   0.499513E+02   0.220388E+00   0.497971E+02   0.497971E+02
   0.315400E+00   0.496079E+02   0.218239E+00   0.495380E+02   0.495380E+02
   0.320143E+00   0.493381E+02   0.216136E+00   0.492767E+02   0.492767E+02
   0.324886E+00   0.487934E+02   0.214078E+00   0.490133E+02   0.490133E+02
   0.329629E+00   0.489324E+02   0.212406E+00   0.487480E+02   0.487480E+02
   0.334372E+00   0.486363E+02   0.210205E+00   0.484807E+02   0.484807E+02
   0.339115E+00   0.485432E+02   0.211238E+00   0.482116E+02   0.482116E+02
   0.343858E+00   0.478536E+02   0.213217E+00   0.479407E+02   0.479407E+02
   0.348601E+00   0.474864E+02   0.218030E+00   0.476681E+02   0.476681E+02
   0.353343E+00   0.474012E+02   0.221866E+00   0.473939E+02   0.473939E+02
   0.358086E+00   0.472271E+02   0.224262E+00   0.471181E+02   0.471181E+02
   0.362829E+00   0.469910E+02   0.225967E+00   0.468407E+02   0.468407E+02
   0.367572E+00   0.462753E+02   0.227263E+00   0.465620E+02   0.465620E+02
   0.372315E+00   0.462799E+02   0.228428E+00   0.462818E+02   0.462818E+02
   0.377058E+00   0.460515E+02   0.229800E+00   0.460004E+02   0.460004E+02
   0.381801E+00   0.454555E+02   0.230181E+00   0.457177E+02   0.457177E+02
   0.386543E+00   0.455008E+02   0.231209E+00   0.454338E+02   0.454338E+02
   0.391286E+00   0.450740E+02   0.231657E+00   0.451488E+02   0.451488E+02
   0.396029E+00   0.448706E+02   0.232261E+00   0.448628E+02   0.448628E+02
   0.400772E+00   0.449688E+02   0.233596E+00   0.445758E+02   0.445758E+02
   0.405515E+00   0.444678E+02   0.241070E+00   0.442879E+02   0.442879E+02
   0.410258E+00   0.440957E+02   0.246891E+00   0.439992E+02   0.439992E+02
   0.415001E+00   0.435421E+02   0.250980E+00   0.437097E+02   0.437097E+02
   0.419744E+00   0.436584E+02   0.255151E+00   0.434195E+02   0.434195E+02
   0.424486E+00   0.431562E+02   0.258710E+00   0.431286E+02   0.431286E+02
   0.429229E+00   0.426880E+02   0.261857E+00   0.428371E+02   0.428371E+02
   0.433972E+00   0.425519E+02   0.265439E+00   0.425452E+02   0.425452E+02
   0.438715E+00   0.418655E+02   0.268959E+00   0.422527E+02   0.422527E+02
   0.443458E+00   0.419255E+02   0.272848E+00   0.419599E+02   0.419599E+02
   0.448201E+00   0.417066E+02   0.276874E+00   0.416667E+02   0.416667E+02
   0.452944E+00   0.413450E+02   0.280548E+00   0.413732E+02   0.413732E+02
   0.457686E+00   0.409510E+02   0.283147E+00   0.410796E+02   0.410796E+02
   0.462429E+00   0.405820E+02   0.285285E+00   0.407857E+02   0.407857E+02
   0.467172E+00   0.403579E+02   0.283849E+00   0.404918E+02   0.404918E+02
   0.471915E+00   0.400388E+02   0.272619E+00   0.401978E+02   0.401978E+02
   0.476658E+00   0.399339E+02   0.266966E+00   0.399039E+02   0.399039E+02
   0.481401E+00   0.397126E+02   0.262671E+00   0.396100E+02   0.396100E+02
   0.486144E+00   0.394276E+02   0.259354E+00   0.393163E+02   0.393163E+02
   0.490887E+00   0.388732E+02   0.256370E+00   0.390227E+02   0.390227E+02
   0.495629E+00   0.387926E+02   0.254500E+00   0.387294E+02   0.387294E+02
   0.500372E+00   0.386067E+02   0.252459E+00   0.384364E+02   0.384364E+02
   0.505115E+00   0.382632E+02   0.250776E+00   0.381437E+02   0.381437E+02
   0.509858E+00   0.376938E+02   0.248524E+00   0.378514E+02   0.378514E+02
   0.514601E+00   0.374510E+02   0.246997E+00   0.375596E+02   0.375596E+02
   0.519344E+00   0.371463E+02   0.245154E+00   0.372683E+02   0.372683E+02
   0.524087E+00   0.370697E+02   0.244012E+00   0.369775E+02   0.369775E+02
   0.528829E+00   0.365901E+02   0.242693E+00   0.366873E+02   0.366873E+02
   0.533572E+00   0.365214E+02   0.241008E+00   0.363978E+02   0.363978E+02
   0.538315E+00   0.361582E+02   0.238539E+00   0.361089E+02   0.361089E+02
   0.543058E+00   0.358452E+02   0.236320E+00   0.358208E+02   0.358208E+02
   0.547801E+00   0.355998E+02   0.234589E+00   0.355335E+02   0.355335E+02
   0.552544E+00   0.348680E+02   0.232077E+00   0.352470E+02   0.352470E+02
   0.557287E+00   0.348850E+02   0.230532E+00   0.349614E+02   0.349614E+02
   0.562029E+00   0.347067E+02   0.228966E+00   0.346767E+02   0.346767E+02
   0.566772E+00   0.343780E+02   0.226797E+00   0.343929E+02   0.343929E+02
   0.571515E+00   0.337982E+02   0.224856E+00   0.341102E+02   0.341102E+02
   0.576258E+00   0.336524E+02   0.223251E+00   0.338284E+02   0.338284E+02
   0.581001E+00   0.333714E+02   0.222012E+00   0.335478E+02   0.335478E+02
   0.585744E+00   0.331207E+02   0.220908E+00   0.332682E+02   0.332682E+02
   0.590487E+00   0.328132E+02   0.219859E+00   0.329899E+02   0.329899E+02
   0.595230E+00   0.324713E+02   0.219030E+00   0.327126E+02   0.327126E+02
   0.599972E+00   0.321297E+02   0.218323E+00   0.324367E+02   0.324367E+02
   0.604715E+00   0.318007E+02   0.217067E+00   0.321619E+02   0.321619E+02
   0.609458E+00   0.318410E+02   0.216537E+00   0.318885E+02   0.318885E+02
   0.614201E+00   0.316375E+02   0.215677E+00   0.316163E+02   0.316163E+02
   0.618944E+00   0.312217E+02   0.214969E+00   0.313456E+02   0.313456E+02
   0.623687E+00   0.312227E+02   0.213866E+00   0.310761E+02   0.310761E+02
   0.628430E+00   0.308550E+02   0.213055E+00   0.308081E+02   0.308081E+02
   0.633173E+00   0.304436E+02   0.211883E+00   0.305416E+02   0.305416E+02
   0.637915E+00   0.302020E+02   0.211341E+00   0.302765E+02   0.302765E+02
   0.642658E+00   0.299160E+02   0.210459E+00   0.300128E+02   0.300128E+02
   0.647401E+00   0.294870E+02   0.209625E+00   0.297507E+02   0.297507E+02
   0.652144E+00   0.293750E+02   0.208708E+00   0.294901E+02   0.294901E+02
   0.656887E+00   0.292805E+02   0.208161E+00   0.292311E+02   0.292311E+02
   0.661630E+00   0.287036E+02   0.206745E+00   0.289737E+02   0.289737E+02
   0.666373E+00   0.284837E+02   0.206103E+00   0.287178E+02   0.287178E+02
   0.671115E+00   0.287631E+02   0.205942E+00   0.284636E+02   0.284636E+02
   0.675858E+00   0.284614E+02   0.204752E+00   0.282110E+02   0.282110E+02
   0.680601E+00   0.282470E+02   0.204485E+00   0.279601E+02   0.279601E+02
   0.685344E+00   0.277873E+02   0.203509E+00   0.277109E+02   0.277109E+02
   0.690087E+00   0.272491E+02   0.202317E+00   0.274633E+02   0.274633E+02
   0.694830E+00   0.273287E+02   0.201590E+00   0.272175E+02   0.272175E+02
   0.699573E+00   0.272273E+02   0.201279E+00   0.269734E+02   0.269734E+02
   0.704315E+00   0.270611E+02   0.200689E+00   0.267310E+02   0.267310E+02
   0.709058E+00   0.266939E+02   0.199656E+00   0.264904E+02   0.264904E+02
   0.713801E+00   0.262912E+02   0.199002E+00   0.262515E+02   0.262515E+02
   0.718544E+00   0.260863E+02   0.198075E+00   0.260144E+02   0.260144E+02
   0.723287E+00   0.259977E+02   0.197415E+00   0.257791E+02   0.257791E+02
   0.728030E+00   0.257350E+02   0.196688E+00   0.255456E+02   0.255456E+02
   0.732773E+00   0.250391E+02   0.195583E+00   0.253139E+02   0.253139E+02
   0.737515E+00   0.252182E+02   0.195393E+00   0.250840E+02   0.250840E+02
   0.742258E+00   0.247428E+02   0.194637E+00   0.248559E+02   0.248559E+02
   0.747001E+00   0.247388E+02   0.193979E+00   0.246296E+02   0.246296E+02
   0.751744E+00   0.244012E+02   0.193054E+00   0.244052E+02   0.244052E+02
   0.756487E+00   0.242925E+02   0.192665E+00   0.241826E+02   0.241826E+02
   0.761230E+00   0.240892E+02   0.192017E+00   0.239618E+02   0.239618E+02
   0.765973E+00   0.234867E+02   0.190925E+00   0.237429E+02   0.237429E+02
   0.770716E+00   0.235544E+02   0.190446E+00   0.235258E+02   0.235258E+02
   0.775459E+00   0.233635E+02   0.189758E+00   0.233105E+02   0.233105E+02
   0.780201E+00   0.231224E+02   0.189510E+00   0.230971E+02   0.230971E+02
   0.784944E+00   0.229751E+02   0.189026E+00   0.228856E+02   0.228856E+02
   0.789687E+00   0.225652E+02   0.187979E+00   0.226759E+02   0.226759E+02
   0.794430E+00   0.227607E+02   0.187419E+00   0.224681E+02   0.224681E+02
   0.799173E+00   0.226628E+02   0.186868E+00   0.222620E+02   0.222620E+02
   0.803916E+00   0.220143E+02   0.185821E+00   0.220579E+02   0.220579E+02
   0.808658E+00   0.220571E+02   0.185445E+00   0.218555E+02   0.218555E+02
   0.813401E+00   0.219400E+02   0.184992E+00   0.216550E+02   0.216550E+02
   0.818144E+00   0.215002E+02   0.184446E+00   0.214564E+02   0.214564E+02
   0.822887E+00   0.212372E+02   0.183581E+00   0.212595E+02   0.212595E+02
   0.827630E+00   0.210932E+02   0.182771E+00   0.210645E+02   0.210645E+02
   0.832373E+00   0.207412E+02   0.182202E+00   0.208713E+02   0.208713E+02
   0.837116E+00   0.207625E+02   0.181743E+00   0.206799E+02   0.206799E+02
   0.841859E+00   0.209184E+02   0.181452E+00   0.204903E+02   0.204903E+02
   0.846601E+00   0.206315E+02   0.180819E+00   0.203026E+02   0.203026E+02
   0.851344E+00   0.202174E+02   0.179918E+00   0.201166E+02   0.201166E+02
   0.856087E+00   0.201073E+02   0.179242E+00   0.199324E+02   0.199324E+02
   0.860830E+00   0.199608E+02   0.178898E+00   0.197499E+02   0.197499E+02
   0.865573E+00   0.197156E+02   0.178365E+00   0.195692E+02   0.195692E+02
   0.870316E+00   0.192671E+02   0.177724E+00   0.193903E+02   0.193903E+02
   0.875059E+00   0.190321E+02   0.176889E+00   0.192131E+02   0.192131E+02
   0.879802E+00   0.187933E+02   0.176382E+00   0.190377E+02   0.190377E+02
   0.884544E+00   0.188781E+02   0.175971E+00   0.188640E+02   0.188640E+02
   0.889287E+00   0.185484E+02   0.175394E+00   0.186920E+02   0.186920E+02
   0.894030E+00   0.185373E+02   0.174474E+00   0.185217E+02   0.185217E+02
   0.898773E+00   0.185935E+02   0.174658E+00   0.183531E+02   0.183531E+02
   0.903516E+00   0.181351E+02   0.173632E+00   0.181861E+02   0.181861E+02
   0.908259E+00   0.180465E+02   0.173264E+00   0.180209E+02   0.180209E+02
   0.913002E+00   0.179159E+02   0.172711E+00   0.178573E+02   0.178573E+02
   0.917744E+00   0.175639E+02   0.172058E+00   0.176953E+02   0.176953E+02
   0.922487E+00   0.175271E+02   0.171591E+00   0.175350E+02   0.175350E+02
   0.927230E+00   0.173893E+02   0.171240E+00   0.173763E+02   0.173763E+02
   0.931973E+00   0.171802E+02   0.170560E+00   0.172192E+02   0.172192E+02
   0.936716E+00   0.171163E+02   0.170094E+00   0.170637E+02   0.170637E+02
   0.941459E+00   0.167748E+02   0.169493E+00   0.169098E+02   0.169098E+02
   0.946202E+00   0.167806E+02   0.169125E+00   0.167574E+02   0.167574E+02
   0.950944E+00   0.165883E+02   0.168597E+00   0.166066E+02   0.166066E+02
   0.955687E+00   0.165135E+02   0.168211E+00   0.164573E+02   0.164573E+02
   0.960430E+00   0.163650E+02   0.167564E+00   0.163095E+02   0.163095E+02
   0.965173E+00   0.161868E+02   0.167041E+00   0.161633E+02   0.161633E+02
   0.969916E+00   0.162137E+02   0.166667E+00   0.160185E+02   0.160185E+02
   0.974659E+00   0.159425E+02   0.166077E+00   0.158753E+02   0.158753E+02
   0.979402E+00   0.159997E+02   0.165823E+00   0.157335E+02   0.157335E+02
   0.984144E+00   0.157032E+02   0.165259E+00   0.155931E+02   0.155931E+02
   0.988887E+00   0.156004E+02   0.164928E+00   0.154542E+02   0.154542E+02
   0.993630E+00   0.156387E+02   0.164306E+00   0.153167E+02   0.153167E+02
   0.998373E+00   0.151178E+02   0.163959E+00   0.151806E+02   0.151806E+02
   0.100312E+01   0.150646E+02   0.163187E+00   0.150459E+02   0.150459E+02
   0.100786E+01   0.149448E+02   0.162672E+00   0.149126E+02   0.149126E+02
   0.101260E+01   0.146576E+02   0.162472E+00   0.147806E+02   0.147806E+02
   0.101734E+01   0.145774E+02   0.162134E+00   0.146500E+02   0.146500E+02
   0.102209E+01   0.147785E+02   0.161866E+00   0.145208E+02   0.145208E+02
   0.102683E+01   0.143789E+02   0.161378E+00   0.143928E+02   0.143928E+02
   0.103157E+01   0.143350E+02   0.160758E+00   0.142661E+02   0.142661E+02
   0.103632E+01   0.141360E+02   0.160419E+00   0.141408E+02   0.141408E+02
   0.104106E+01   0.141179E+02   0.159840E+00   0.140167E+02   0.140167E+02
   0.104580E+01   0.138276E+02   0.159233E+00   0.138939E+02   0.138939E+02
   0.105055E+01   0.137348E+02   0.159007E+00   0.137723E+02   0.137723E+02
   0.105529E+01   0.136105E+02   0.158537E+00   0.136519E+02   0.136519E+02
   0.106003E+01   0.133133E+02   0.158096E+00   0.135328E+02   0.135328E+02
   0.106477E+01   0.133962E+02   0.157768E+00   0.134149E+02   0.134149E+02
   0.106952E+01   0.131489E+02   0.157324E+00   0.132981E+02   0.132981E+02
   0.107426E+01   0.133777E+02   0.157158E+00   0.131826E+02   0.131826E+02
   0.107900E+01   0.130227E+02   0.156673E+00   0.130681E+02   0.130681E+02
   0.108374E+01   0.129608E+02   0.156269E+00   0.129549E+02   0.129549E+02
   0.108849E+01   0.127471E+02   0.156096E+00   0.128427E+02   0.128427E+02
   0.109323E+01   0.124922E+02   0.155075E+00   0.127318E+02   0.127318E+02
   0.109797E+01   0.127048E+02   0.155121E+00   0.126219E+02   0.126219E+02
   0.110272E+01   0.122858E+02   0.154670E+00   0.125130E+02   0.125130E+02
   0.110746E+01   0.125209E+02   0.154347E+00   0.124053E+02   0.124053E+02
   0.111220E+01   0.121585E+02   0.153937E+00   0.122987E+02   0.122987E+02
   0.111695E+01   0.119778E+02   0.153289E+00   0.121930E+02   0.121930E+02
   0.112169E+01   0.119753E+02   0.152817E+00   0.120885E+02   0.120885E+02
   0.112643E+01   0.119071E+02   0.152906E+00   0.119850E+02   0.119850E+02
   0.113117E+01   0.119684E+02   0.152397E+00   0.118824E+02   0.118824E+02
   0.113592E+01   0.117250E+02   0.151773E+00   0.117809E+02   0.117809E+02
   0.114066E+01   0.114665E+02   0.151484E+00   0.116804E+02   0.116804E+02
   0.114540E+01   0.115294E+02   0.151137E+00   0.115809E+02   0.115809E+02
   0.115014E+01   0.114528E+02   0.150960E+00   0.114823E+02   0.114823E+02
   0.115489E+01   0.115421E+02   0.150884E+00   0.113847E+02   0.113847E+02
   0.115963E+01   0.113914E+02   0.150124E+00   0.112880E+02   0.112880E+02
   0.116437E+01   0.112143E+02   0.149695E+00   0.111923E+02   0.111923E+02
   0.116912E+01   0.111059E+02   0.149448E+00   0.110975E+02   0.110975E+02
   0.117386E+01   0.110575E+02   0.149120E+00   0.110035E+02   0.110035E+02
   0.117860E+01   0.110597E+02   0.148757E+00   0.109105E+02   0.109105E+02
   0.118335E+01   0.109093E+02   0.148098E+00   0.108184E+02   0.108184E+02
   0.118809E+01   0.106588E+02   0.147913E+00   0.107272E+02   0.107272E+02
   0.119283E+01   0.106334E+02   0.147809E+00   0.106368E+02   0.106368E+02
   0.119757E+01   0.106601E+02   0.147585E+00   0.105474E+02   0.105474E+02
   0.120232E+01   0.103677E+02   0.147204E+00   0.104587E+02   0.104587E+02
   0.120706E+01   0.102666E+02   0.147694E+00   0.103709E+02   0.103709E+02
   0.121180E+01   0.103965E+02   0.152463E+00   0.102839E+02   0.102839E+02
   0.121654E+01   0.101013E+02   0.155135E+00   0.101978E+02   0.101978E+02
   0.122129E+01   0.988753E+01   0.157576E+00   0.101124E+02   0.101124E+02
   0.122603E+01   0.994489E+01   0.158966E+00   0.100279E+02   0.100279E+02
   0.123077E+01   0.982675E+01   0.160805E+00   0.994417E+01   0.994417E+01
   0.123552E+01   0.987816E+01   0.162124E+00   0.986123E+01   0.986123E+01
   0.124026E+01   0.973937E+01   0.163483E+00   0.977905E+01   0.977905E+01
   0.124500E+01   0.973750E+01   0.164808E+00   0.969765E+01   0.969765E+01
   0.124975E+01   0.967017E+01   0.166061E+00   0.961700E+01   0.961700E+01
   0.125449E+01   0.948154E+01   0.167069E+00   0.953711E+01   0.953711E+01
   0.125923E+01   0.941558E+01   0.167758E+00   0.945796E+01   0.945796E+01
   0.126397E+01   0.931477E+01   0.167934E+00   0.937955E+01   0.937955E+01
   0.126872E+01   0.940172E+01   0.168724E+00   0.930189E+01   0.930189E+01
   0.127346E+01   0.905991E+01   0.165855E+00   0.922494E+01   0.922494E+01
   0.127820E+01   0.903145E+01   0.160078E+00   0.914870E+01   0.914870E+01
   0.128295E+01   0.912687E+01   0.156799E+00   0.907317E+01   0.907317E+01
   0.128769E+01   0.924793E+01   0.154414E+00   0.899834E+01   0.899834E+01
   0.129243E+01   0.906736E+01   0.152324E+00   0.892420E+01   0.892420E+01
   0.129717E+01   0.892975E+01   0.150833E+00   0.885076E+01   0.885076E+01
   0.130192E+01   0.878060E+01   0.149488E+00   0.877801E+01   0.877801E+01
   0.130666E+01   0.863210E+01   0.148094E+00   0.870592E+01   0.870592E+01
   0.131140E+01   0.866794E+01   0.146888E+00   0.863449E+01   0.863449E+01
   0.131614E+01   0.839844E+01   0.145870E+00   0.856373E+01   0.856373E+01
   0.132089E+01   0.833294E+01   0.144964E+00   0.849363E+01   0.849363E+01
   0.132563E+01   0.858679E+01   0.144616E+00   0.842418E+01   0.842418E+01
   0.133037E+01   0.831689E+01   0.144167E+00   0.835537E+01   0.835537E+01
   0.133512E+01   0.818758E+01   0.143679E+00   0.828720E+01   0.828720E+01
   0.133986E+01   0.818342E+01   0.143187E+00   0.821968E+01   0.821968E+01
   0.134460E+01   0.817632E+01   0.143045E+00   0.815276E+01   0.815276E+01
   0.134935E+01   0.813076E+01   0.142341E+00   0.808648E+01   0.808648E+01
   0.135409E+01   0.793600E+01   0.141866E+00   0.802080E+01   0.802080E+01
   0.135883E+01   0.795090E+01   0.141347E+00   0.795574E+01   0.795574E+01
   0.136357E+01   0.774860E+01   0.141065E+00   0.789129E+01   0.789129E+01
   0.136832E+01   0.782895E+01   0.140875E+00   0.782744E+01   0.782744E+01
   0.137306E+01   0.768850E+01   0.140539E+00   0.776419E+01   0.776419E+01
   0.137780E+01   0.771947E+01   0.140101E+00   0.770152E+01   0.770152E+01
   0.138254E+01   0.764330E+01   0.139917E+00   0.763944E+01   0.763944E+01
   0.138729E+01   0.754340E+01   0.139520E+00   0.757794E+01   0.757794E+01
   0.139203E+01   0.748986E+01   0.139089E+00   0.751702E+01   0.751702E+01
   0.139677E+01   0.733718E+01   0.138798E+00   0.745667E+01   0.745667E+01
   0.140152E+01   0.737022E+01   0.138348E+00   0.739688E+01   0.739688E+01
   0.140626E+01   0.734843E+01   0.138331E+00   0.733766E+01   0.733766E+01
   0.141100E+01   0.727595E+01   0.137923E+00   0.727901E+01   0.727901E+01
   0.141575E+01   0.724822E+01   0.137596E+00   0.722090E+01   0.722090E+01
   0.142049E+01   0.730995E+01   0.137299E+00   0.716334E+01   0.716334E+01
   0.142523E+01   0.719947E+01   0.137128E+00   0.710632E+01   0.710632E+01
   0.142997E+01   0.714225E+01   0.136993E+00   0.704984E+01   0.704984E+01
   0.143472E+01   0.708446E+01   0.136490E+00   0.699391E+01   0.699391E+01
   0.143946E+01   0.697904E+01   0.136054E+00   0.693850E+01   0.693850E+01
   0.144420E+01   0.703660E+01   0.135977E+00   0.688363E+01   0.688363E+01
   0.144894E+01   0.684779E+01   0.135544E+00   0.682927E+01   0.682927E+01
   0.145369E+01   0.679808E+01   0.135473E+00   0.677544E+01   0.677544E+01
   0.145843E+01   0.663960E+01   0.135011E+00   0.672212E+01   0.672212E+01
   0.146317E+01   0.647250E+01   0.134618E+00   0.666931E+01   0.666931E+01
   0.146792E+01   0.643688E+01   0.134483E+00   0.661700E+01   0.661700E+01
   0.147266E+01   0.666232E+01   0.134311E+00   0.656520E+01   0.656520E+01
   0.147740E+01   0.656723E+01   0.134007E+00   0.651391E+01   0.651391E+01
   0.148215E+01   0.652285E+01   0.133808E+00   0.646311E+01   0.646311E+01
   0.148689E+01   0.642892E+01   0.133433E+00   0.641280E+01   0.641280E+01
   0.149163E+01   0.634122E+01   0.133282E+00   0.636297E+01   0.636297E+01
   0.149637E+01   0.635817E+01   0.133034E+00   0.631363E+01   0.631363E+01
   0.150112E+01   0.634807E+01   0.132932E+00   0.626476E+01   0.626476E+01
   0.150586E+01   0.621827E+01   0.135328E+00   0.621637E+01   0.621637E+01
   0.151060E+01   0.634471E+01   0.139186E+00   0.616846E+01   0.616846E+01
   0.151534E+01   0.600095E+01   0.141144E+00   0.612102E+01   0.612102E+01
   0.152009E+01   0.602040E+01   0.142820E+00   0.607403E+01   0.607403E+01
   0.152483E+01   0.607734E+01   0.144616E+00   0.602751E+01   0.602751E+01
   0.152957E+01   0.592048E+01   0.145660E+00   0.598144E+01   0.598144E+01
   0.153432E+01   0.605627E+01   0.142183E+00   0.593582E+01   0.593582E+01
   0.153906E+01   0.600924E+01   0.139717E+00   0.589065E+01   0.589065E+01
   0.154380E+01   0.582147E+01   0.137987E+00   0.584592E+01   0.584592E+01
   0.154855E+01   0.572494E+01   0.136382E+00   0.580165E+01   0.580165E+01
   0.155329E+01   0.586244E+01   0.134952E+00   0.575780E+01   0.575780E+01
   0.155803E+01   0.581775E+01   0.133890E+00   0.571438E+01   0.571438E+01
   0.156277E+01   0.581998E+01   0.132514E+00   0.567140E+01   0.567140E+01
   0.156752E+01   0.579705E+01   0.131173E+00   0.562883E+01   0.562883E+01
   0.157226E+01   0.556134E+01   0.130325E+00   0.558669E+01   0.558669E+01
   0.157700E+01   0.541301E+01   0.129425E+00   0.554497E+01   0.554497E+01
   0.158175E+01   0.542086E+01   0.129214E+00   0.550365E+01   0.550365E+01
   0.158649E+01   0.547486E+01   0.129258E+00   0.546276E+01   0.546276E+01
   0.159123E+01   0.556827E+01   0.129446E+00   0.542226E+01   0.542226E+01
   0.159597E+01   0.535680E+01   0.129438E+00   0.538217E+01   0.538217E+01
   0.160072E+01   0.538676E+01   0.129637E+00   0.534247E+01   0.534247E+01
   0.160546E+01   0.544098E+01   0.129396E+00   0.530316E+01   0.530316E+01
   0.161020E+01   0.542299E+01   0.129077E+00   0.526425E+01   0.526425E+01
   0.161495E+01   0.511725E+01   0.128725E+00   0.522572E+01   0.522572E+01
   0.161969E+01   0.518768E+01   0.128614E+00   0.518758E+01   0.518758E+01
   0.162443E+01   0.520559E+01   0.128337E+00   0.514981E+01   0.514981E+01
   0.162917E+01   0.526704E+01   0.128170E+00   0.511242E+01   0.511242E+01
   0.163392E+01   0.510578E+01   0.127948E+00   0.507539E+01   0.507539E+01
   0.163866E+01   0.514883E+01   0.127587E+00   0.503873E+01   0.503873E+01
   0.164340E+01   0.508395E+01   0.127530E+00   0.500244E+01   0.500244E+01
   0.164815E+01   0.495759E+01   0.127053E+00   0.496650E+01   0.496650E+01
   0.165289E+01   0.495332E+01   0.127093E+00   0.493092E+01   0.493092E+01
   0.165763E+01   0.492942E+01   0.126687E+00   0.489570E+01   0.489570E+01
   0.166237E+01   0.479852E+01   0.126307E+00   0.486082E+01   0.486082E+01
   0.166712E+01   0.473456E+01   0.126062E+00   0.482628E+01   0.482628E+01
   0.167186E+01   0.473014E+01   0.125933E+00   0.479208E+01   0.479208E+01
   0.167660E+01   0.490349E+01   0.125929E+00   0.475821E+01   0.475821E+01
   0.168135E+01   0.486811E+01   0.125562E+00   0.472468E+01   0.472468E+01
   0.168609E+01   0.454247E+01   0.125363E+00   0.469148E+01   0.469148E+01
   0.169083E+01   0.478226E+01   0.125157E+00   0.465860E+01   0.465860E+01
   0.169557E+01   0.482895E+01   0.124939E+00   0.462604E+01   0.462604E+01
   0.170032E+01   0.464032E+01   0.124526E+00   0.459381E+01   0.459381E+01
   0.170506E+01   0.463944E+01   0.124560E+00   0.456188E+01   0.456188E+01
   0.170980E+01   0.463210E+01   0.124374E+00   0.453026E+01   0.453026E+01
   0.171455E+01   0.452121E+01   0.123957E+00   0.449895E+01   0.449895E+01
   0.171929E+01   0.438757E+01   0.123736E+00   0.446794E+01   0.446794E+01
   0.172403E+01   0.429812E+01   0.123433E+00   0.443723E+01   0.443723E+01
   0.172877E+01   0.436046E+01   0.123322E+00   0.440682E+01   0.440682E+01
   0.173352E+01   0.413453E+01   0.123121E+00   0.437669E+01   0.437669E+01
   0.173826E+01   0.434499E+01   0.123038E+00   0.434686E+01   0.434686E+01
   0.174300E+01   0.426644E+01   0.122872E+00   0.431731E+01   0.431731E+01
   0.174775E+01   0.432936E+01   0.122477E+00   0.428804E+01   0.428804E+01
   0.175249E+01   0.421670E+01   0.122351E+00   0.425905E+01   0.425905E+01
   0.175723E+01   0.413241E+01   0.122183E+00   0.423033E+01   0.423033E+01
   0.176197E+01   0.415873E+01   0.122101E+00   0.420189E+01   0.420189E+01
   0.176672E+01   0.420763E+01   0.122035E+00   0.417372E+01   0.417372E+01
   0.177146E+01   0.421485E+01   0.121631E+00   0.414580E+01   0.414580E+01
   0.177620E+01   0.422114E+01   0.121465E+00   0.411815E+01   0.411815E+01
   0.178095E+01   0.393002E+01   0.121121E+00   0.409076E+01   0.409076E+01
   0.178569E+01   0.421910E+01   0.121155E+00   0.406362E+01   0.406362E+01
   0.179043E+01   0.403525E+01   0.120916E+00   0.403674E+01   0.403674E+01
   0.179517E+01   0.389113E+01   0.120661E+00   0.401011E+01   0.401011E+01
   0.179992E+01   0.389137E+01   0.120453E+00   0.398372E+01   0.398372E+01
   0.180466E+01   0.390439E+01   0.120159E+00   0.395757E+01   0.395757E+01
   0.180940E+01   0.377966E+01   0.119955E+00   0.393166E+01   0.393166E+01
   0.181415E+01   0.382473E+01   0.119951E+00   0.390599E+01   0.390599E+01
   0.181889E+01   0.367099E+01   0.119605E+00   0.388056E+01   0.388056E+01
   0.182363E+01   0.370164E+01   0.119550E+00   0.385535E+01   0.385535E+01
   0.182838E+01   0.389596E+01   0.119509E+00   0.383038E+01   0.383038E+01
   0.183312E+01   0.376886E+01   0.119213E+00   0.380563E+01   0.380563E+01
   0.183786E+01   0.369753E+01   0.119129E+00   0.378111E+01   0.378111E+01
   0.184260E+01   0.379213E+01   0.118981E+00   0.375680E+01   0.375680E+01
   0.184735E+01   0.381531E+01   0.118762E+00   0.373272E+01   0.373272E+01
   0.185209E+01   0.370263E+01   0.118733E+00   0.370885E+01   0.370885E+01
   0.185683E+01   0.370162E+01   0.118458E+00   0.368519E+01   0.368519E+01
   0.186157E+01   0.389060E+01   0.118331E+00   0.366175E+01   0.366175E+01
   0.186632E+01   0.378180E+01   0.118217E+00   0.363852E+01   0.363852E+01
   0.187106E+01   0.367997E+01   0.117825E+00   0.361549E+01   0.361549E+01
   0.187580E+01   0.345400E+01   0.117626E+00   0.359266E+01   0.359266E+01
   0.188055E+01   0.359867E+01   0.117779E+00   0.357004E+01   0.357004E+01
   0.188529E+01   0.358529E+01   0.117459E+00   0.354762E+01   0.354762E+01
   0.189003E+01   0.347945E+01   0.117380E+00   0.352540E+01   0.352540E+01
   0.189478E+01   0.357239E+01   0.117137E+00   0.350337E+01   0.350337E+01
   0.189952E+01   0.348981E+01   0.117040E+00   0.348154E+01   0.348154E+01
   0.190426E+01   0.332073E+01   0.116568E+00   0.345990E+01   0.345990E+01
   0.190900E+01   0.342304E+01   0.116609E+00   0.343845E+01   0.343845E+01
   0.191375E+01   0.324869E+01   0.116440E+00   0.341719E+01   0.341719E+01
   0.191849E+01   0.319582E+01   0.116047E+00   0.339612E+01   0.339612E+01
   0.192323E+01   0.332875E+01   0.115944E+00   0.337523E+01   0.337523E+01
   0.192797E+01   0.342548E+01   0.115786E+00   0.335453E+01   0.335453E+01
   0.193272E+01   0.331683E+01   0.115592E+00   0.333401E+01   0.333401E+01
   0.193746E+01   0.332754E+01   0.115357E+00   0.331368E+01   0.331368E+01
   0.194220E+01   0.330281E+01   0.115006E+00   0.329352E+01   0.329352E+01
   0.194695E+01   0.318504E+01   0.114546E+00   0.327354E+01   0.327354E+01
   0.195169E+01   0.310373E+01   0.114255E+00   0.325373E+01   0.325373E+01
   0.195643E+01   0.320923E+01   0.114285E+00   0.323411E+01   0.323411E+01
   0.196117E+01   0.308945E+01   0.114026E+00   0.321465E+01   0.321465E+01
   0.196592E+01   0.324092E+01   0.114070E+00   0.319537E+01   0.319537E+01
   0.197066E+01   0.330060E+01   0.113914E+00   0.317627E+01   0.317627E+01
   0.197540E+01   0.333210E+01   0.113848E+00   0.315734E+01   0.315734E+01
   0.198015E+01   0.306619E+01   0.113699E+00   0.313857E+01   0.313857E+01
   0.198489E+01   0.308792E+01   0.113809E+00   0.311997E+01   0.311997E+01
   0.198963E+01   0.304001E+01   0.113812E+00   0.310155E+01   0.310155E+01
   0.199438E+01   0.298983E+01   0.113846E+00   0.308329E+01   0.308329E+01
   0.199912E+01   0.293307E+01   0.113643E+00   0.306519E+01   0.306519E+01
   0.200386E+01   0.309643E+01   0.113420E+00   0.304726E+01   0.304726E+01
   0.200860E+01   0.290138E+01   0.113413E+00   0.302950E+01   0.302950E+01
   0.201335E+01   0.292835E+01   0.114600E+00   0.301191E+01   0.301191E+01
   0.201809E+01   0.296881E+01   0.117650E+00   0.299447E+01   0.299447E+01
   0.202283E+01   0.308790E+01   0.119715E+00   0.297720E+01   0.297720E+01
   0.202758E+01   0.295472E+01   0.121041E+00   0.296009E+01   0.296009E+01
   0.203232E+01   0.303020E+01   0.122307E+00   0.294314E+01   0.294314E+01
   0.203706E+01   0.276065E+01   0.123109E+00   0.292636E+01   0.292636E+01
   0.204180E+01   0.282826E+01   0.124274E+00   0.290973E+01   0.290973E+01
   0.204655E+01   0.294737E+01   0.124813E+00   0.289327E+01   0.289327E+01
   0.205129E+01   0.279443E+01   0.125060E+00   0.287697E+01   0.287697E+01
   0.205603E+01   0.287344E+01   0.125325E+00   0.286082E+01   0.286082E+01
   0.206078E+01   0.282212E+01   0.125870E+00   0.284483E+01   0.284483E+01
   0.206552E+01   0.271325E+01   0.126130E+00   0.282901E+01   0.282901E+01
   0.207026E+01   0.282662E+01   0.126302E+00   0.281334E+01   0.281334E+01
   0.207500E+01   0.288621E+01   0.126309E+00   0.279783E+01   0.279783E+01
   0.207975E+01   0.272376E+01   0.123843E+00   0.278247E+01   0.278247E+01
   0.208449E+01   0.288344E+01   0.120945E+00   0.276728E+01   0.276728E+01
   0.208923E+01   0.267614E+01   0.118886E+00   0.275224E+01   0.275224E+01
   0.209397E+01   0.266693E+01   0.117477E+00   0.273735E+01   0.273735E+01
   0.209872E+01   0.275347E+01   0.116384E+00   0.272263E+01   0.272263E+01
   0.210346E+01   0.267880E+01   0.115374E+00   0.270806E+01   0.270806E+01
   0.210820E+01   0.271053E+01   0.114884E+00   0.269364E+01   0.269364E+01
   0.211295E+01   0.274450E+01   0.114334E+00   0.267939E+01   0.267939E+01
   0.211769E+01   0.280336E+01   0.114165E+00   0.266528E+01   0.266528E+01
   0.212243E+01   0.278304E+01   0.113915E+00   0.265134E+01   0.265134E+01
   0.212717E+01   0.249687E+01   0.113486E+00   0.263754E+01   0.263754E+01
   0.213192E+01   0.257056E+01   0.113342E+00   0.262391E+01   0.262391E+01
   0.213666E+01   0.250797E+01   0.113046E+00   0.261042E+01   0.261042E+01
   0.214140E+01   0.263630E+01   0.112830E+00   0.259710E+01   0.259710E+01
   0.214615E+01   0.268658E+01   0.112605E+00   0.258393E+01   0.258393E+01
   0.215089E+01   0.274044E+01   0.112571E+00   0.257091E+01   0.257091E+01
   0.215563E+01   0.255322E+01   0.112031E+00   0.255804E+01   0.255804E+01
   0.216038E+01   0.259245E+01   0.111882E+00   0.254533E+01   0.254533E+01
   0.216512E+01   0.257933E+01   0.111849E+00   0.253277E+01   0.253277E+01
   0.216986E+01   0.257749E+01   0.111616E+00   0.252036E+01   0.252036E+01
   0.217460E+01   0.242392E+01   0.111320E+00   0.250811E+01   0.250811E+01
   0.217935E+01   0.232965E+01   0.111138E+00   0.249601E+01   0.249601E+01
   0.218409E+01   0.256761E+01   0.111103E+00   0.248407E+01   0.248407E+01
   0.218883E+01   0.256324E+01   0.110904E+00   0.247227E+01   0.247227E+01
   0.219358E+01   0.254543E+01   0.110731E+00   0.246063E+01   0.246063E+01
   0.219832E+01   0.235003E+01   0.110495E+00   0.244914E+01   0.244914E+01
   0.220306E+01   0.232661E+01   0.110253E+00   0.243779E+01   0.243779E+01
   0.220780E+01   0.226426E+01   0.110174E+00   0.242660E+01   0.242660E+01
   0.221255E+01   0.241060E+01   0.109895E+00   0.241556E+01   0.241556E+01
   0.221729E+01   0.241222E+01   0.109790E+00   0.240467E+01   0.240467E+01
   0.222203E+01   0.254905E+01   0.109811E+00   0.239393E+01   0.239393E+01
   0.222677E+01   0.240796E+01   0.109753E+00   0.238334E+01   0.238334E+01
   0.223152E+01   0.239646E+01   0.109452E+00   0.237290E+01   0.237290E+01
   0.223626E+01   0.236067E+01   0.109364E+00   0.236260E+01   0.236260E+01
   0.224100E+01   0.223433E+01   0.109036E+00   0.235245E+01   0.235245E+01
   0.224575E+01   0.232019E+01   0.109022E+00   0.234245E+01   0.234245E+01
   0.225049E+01   0.226733E+01   0.108743E+00   0.233259E+01   0.233259E+01
   0.225523E+01   0.232290E+01   0.108670E+00   0.232288E+01   0.232288E+01
   0.225997E+01   0.223174E+01   0.108511E+00   0.231332E+01   0.231332E+01
   0.226472E+01   0.232245E+01   0.108436E+00   0.230390E+01   0.230390E+01
   0.226946E+01   0.237736E+01   0.108339E+00   0.229462E+01   0.229462E+01
   0.227420E+01   0.226598E+01   0.108138E+00   0.228548E+01   0.228548E+01
   0.227895E+01   0.230266E+01   0.108002E+00   0.227649E+01   0.227649E+01
   0.228369E+01   0.214473E+01   0.107690E+00   0.226764E+01   0.226764E+01
   0.228843E+01   0.230958E+01   0.107609E+00   0.225893E+01   0.225893E+01
   0.229318E+01   0.211651E+01   0.107469E+00   0.225036E+01   0.225036E+01
   0.229792E+01   0.207902E+01   0.107180E+00   0.224192E+01   0.224192E+01
   0.230266E+01   0.218279E+01   0.107285E+00   0.223363E+01   0.223363E+01
   0.230740E+01   0.215683E+01   0.107152E+00   0.222547E+01   0.222547E+01
   0.231215E+01   0.222864E+01   0.107106E+00   0.221744E+01   0.221744E+01
   0.231689E+01   0.219506E+01   0.106876E+00   0.220955E+01   0.220955E+01
   0.232163E+01   0.214358E+01   0.106822E+00   0.220179E+01   0.220179E+01
   0.232638E+01   0.224801E+01   0.106613E+00   0.219417E+01   0.219417E+01
   0.233112E+01   0.228021E+01   0.106432E+00   0.218667E+01   0.218667E+01
   0.233586E+01   0.218084E+01   0.106357E+00   0.217931E+01   0.217931E+01
   0.234060E+01   0.210571E+01   0.106311E+00   0.217207E+01   0.217207E+01
   0.234535E+01   0.214037E+01   0.106101E+00   0.216497E+01   0.216497E+01
   0.235009E+01   0.229065E+01   0.106008E+00   0.215798E+01   0.215798E+01
   0.235483E+01   0.212832E+01   0.105873E+00   0.215113E+01   0.215113E+01
   0.235957E+01   0.199922E+01   0.105634E+00   0.214439E+01   0.214439E+01
   0.236432E+01   0.208190E+01   0.105598E+00   0.213778E+01   0.213778E+01
   0.236906E+01   0.196829E+01   0.105506E+00   0.213129E+01   0.213129E+01
   0.237380E+01   0.221747E+01   0.105494E+00   0.212491E+01   0.212491E+01
   0.237855E+01   0.216871E+01   0.105185E+00   0.211866E+01   0.211866E+01
   0.238329E+01   0.209915E+01   0.105074E+00   0.211252E+01   0.211252E+01
   0.238803E+01   0.208996E+01   0.104986E+00   0.210649E+01   0.210649E+01
   0.239277E+01   0.216396E+01   0.104838E+00   0.210058E+01   0.210058E+01
   0.239752E+01   0.203124E+01   0.104723E+00   0.209478E+01   0.209478E+01
   0.240226E+01   0.207794E+01   0.104590E+00   0.208909E+01   0.208909E+01
   0.240700E+01   0.198362E+01   0.104561E+00   0.208350E+01   0.208350E+01
   0.241175E+01   0.215298E+01   0.104555E+00   0.207803E+01   0.207803E+01
   0.241649E+01   0.216330E+01   0.104401E+00   0.207265E+01   0.207265E+01
   0.242123E+01   0.206029E+01   0.104193E+00   0.206738E+01   0.206738E+01
   0.242598E+01   0.205189E+01   0.104056E+00   0.206221E+01   0.206221E+01
   0.243072E+01   0.204818E+01   0.103943E+00   0.205714E+01   0.205714E+01
   0.243546E+01   0.205296E+01   0.103879E+00   0.205217E+01   0.205217E+01
   0.244020E+01   0.199449E+01   0.103875E+00   0.204729E+01   0.204729E+01
   0.244495E+01   0.212462E+01   0.103752E+00   0.204251E+01   0.204251E+01
   0.244969E+01   0.207384E+01   0.103491E+00   0.203782E+01   0.203782E+01
   0.245443E+01   0.211173E+01   0.103580E+00   0.203321E+01   0.203321E+01
   0.245918E+01   0.205960E+01   0.103471E+00   0.202870E+01   0.202870E+01
   0.246392E+01   0.207265E+01   0.103281E+00   0.202427E+01   0.202427E+01
   0.246866E+01   0.203670E+01   0.103056E+00   0.201993E+01   0.201993E+01
   0.247340E+01   0.201750E+01   0.103101E+00   0.201566E+01   0.201566E+01
   0.247815E+01   0.202077E+01   0.102830E+00   0.201148E+01   0.201148E+01
   0.248289E+01   0.195045E+01   0.102752E+00   0.200738E+01   0.200738E+01
   0.248763E+01   0.193009E+01   0.102703E+00   0.200335E+01   0.200335E+01
   0.249238E+01   0.202088E+01   0.102648E+00   0.199939E+01   0.199939E+01
   0.249712E+01   0.212089E+01   0.102482E+00   0.199552E+01   0.199552E+01
   0.250186E+01   0.197197E+01   0.102258E+00   0.199170E+01   0.199170E+01
   0.250660E+01   0.194607E+01   0.102281E+00   0.198796E+01   0.198796E+01
   0.251135E+01   0.185028E+01   0.102166E+00   0.198428E+01   0.198428E+01
   0.251609E+01   0.184168E+01   0.101935E+00   0.198066E+01   0.198066E+01
   0.252083E+01   0.194214E+01   0.101627E+00   0.197711E+01   0.197711E+01
   0.252558E+01   0.188646E+01   0.101469E+00   0.197362E+01   0.197362E+01
   0.253032E+01   0.192634E+01   0.101328E+00   0.197019E+01   0.197019E+01
   0.253506E+01   0.197273E+01   0.101358E+00   0.196681E+01   0.196681E+01
   0.253980E+01   0.213452E+01   0.101286E+00   0.196348E+01   0.196348E+01
   0.254455E+01   0.212005E+01   0.101174E+00   0.196021E+01   0.196021E+01
   0.254929E+01   0.197924E+01   0.100996E+00   0.195699E+01   0.195699E+01
   0.255403E+01   0.190781E+01   0.100861E+00   0.195381E+01   0.195381E+01
   0.255878E+01   0.190223E+01   0.100670E+00   0.195068E+01   0.195068E+01
   0.256352E+01   0.201275E+01   0.100732E+00   0.194760E+01   0.194760E+01
   0.256826E+01   0.198304E+01   0.100696E+00   0.194456E+01   0.194456E+01
   0.257300E+01   0.191293E+01   0.100708E+00   0.194155E+01   0.194155E+01
   0.257775E+01   0.193148E+01   0.100679E+00   0.193858E+01   0.193858E+01
   0.258249E+01   0.204646E+01   0.100647E+00   0.193565E+01   0.193565E+01
   0.258723E+01   0.170976E+01   0.100447E+00   0.193276E+01   0.193276E+01
   0.259198E+01   0.197239E+01   0.100510E+00   0.192989E+01   0.192989E+01
   0.259672E+01   0.193078E+01   0.100341E+00   0.192706E+01   0.192706E+01
   0.260146E+01   0.194009E+01   0.100306E+00   0.192425E+01   0.192425E+01
   0.260620E+01   0.197500E+01   0.100184E+00   0.192147E+01   0.192147E+01
   0.261095E+01   0.183318E+01   0.100061E+00   0.191872E+01   0.191872E+01
   0.261569E+01   0.189995E+01   0.998869E-01   0.191599E+01   0.191599E+01
   0.262043E+01   0.183374E+01   0.997919E-01   0.191328E+01   0.191328E+01
   0.262518E+01   0.182613E+01   0.998185E-01   0.191059E+01   0.191059E+01
   0.262992E+01   0.182917E+01   0.996488E-01   0.190791E+01   0.190791E+01
   0.263466E+01   0.187147E+01   0.997280E-01   0.190525E+01   0.190525E+01
   0.263940E+01   0.181567E+01   0.995896E-01   0.190261E+01   0.190261E+01
   0.264415E+01   0.190642E+01   0.995448E-01   0.189998E+01   0.189998E+01
   0.264889E+01   0.181102E+01   0.994225E-01   0.189735E+01   0.189735E+01
   0.265363E+01   0.190411E+01   0.993051E-01   0.189474E+01   0.189474E+01
   0.265838E+01   0.199067E+01   0.993187E-01   0.189214E+01   0.189214E+01
   0.266312E+01   0.185183E+01   0.991106E-01   0.188954E+01   0.188954E+01
   0.266786E+01   0.172299E+01   0.989051E-01   0.188694E+01   0.188694E+01
   0.267260E+01   0.190204E+01   0.989959E-01   0.188435E+01   0.188435E+01
   0.267735E+01   0.187092E+01   0.986771E-01   0.188176E+01   0.188176E+01
   0.268209E+01   0.188700E+01   0.987370E-01   0.187917E+01   0.187917E+01
   0.268683E+01   0.188632E+01   0.986895E-01   0.187658E+01   0.187658E+01
   0.269158E+01   0.184168E+01   0.983818E-01   0.187399E+01   0.187399E+01
   0.269632E+01   0.193046E+01   0.983788E-01   0.187139E+01   0.187139E+01
   0.270106E+01   0.180680E+01   0.984081E-01   0.186879E+01   0.186879E+01
   0.270580E+01   0.189043E+01   0.983115E-01   0.186618E+01   0.186618E+01
   0.271055E+01   0.193327E+01   0.982525E-01   0.186356E+01   0.186356E+01
   0.271529E+01   0.178611E+01   0.979882E-01   0.186093E+01   0.186093E+01
   0.272003E+01   0.173681E+01   0.977840E-01   0.185830E+01   0.185830E+01
   0.272478E+01   0.165277E+01   0.978029E-01   0.185565E+01   0.185565E+01
   0.272952E+01   0.170544E+01   0.977462E-01   0.185299E+01   0.185299E+01
   0.273426E+01   0.168141E+01   0.977621E-01   0.185031E+01   0.185031E+01
   0.273901E+01   0.188329E+01   0.976061E-01   0.184763E+01   0.184763E+01
   0.274375E+01   0.176448E+01   0.976062E-01   0.184492E+01   0.184492E+01
   0.274849E+01   0.180112E+01   0.973350E-01   0.184220E+01   0.184220E+01
   0.275323E+01   0.181516E+01   0.974093E-01   0.183947E+01   0.183947E+01
   0.275798E+01   0.173698E+01   0.973242E-01   0.183671E+01   0.183671E+01
   0.276272E+01   0.186043E+01   0.972141E-01   0.183394E+01   0.183394E+01
   0.276746E+01   0.180864E+01   0.970856E-01   0.183115E+01   0.183115E+01
   0.277221E+01   0.170160E+01   0.969792E-01   0.182834E+01   0.182834E+01
   0.277695E+01   0.186703E+01   0.969910E-01   0.182550E+01   0.182550E+01
   0.278169E+01   0.186560E+01   0.969858E-01   0.182265E+01   0.182265E+01
   0.278643E+01   0.193846E+01   0.968133E-01   0.181977E+01   0.181977E+01
   0.279118E+01   0.183790E+01   0.966634E-01   0.181687E+01   0.181687E+01
   0.279592E+01   0.180696E+01   0.965667E-01   0.181395E+01   0.181395E+01
   0.280066E+01   0.190776E+01   0.964762E-01   0.181100E+01   0.181100E+01
   0.280540E+01   0.178447E+01   0.963904E-01   0.180803E+01   0.180803E+01
   0.281015E+01   0.174344E+01   0.964117E-01   0.180503E+01   0.180503E+01
   0.281489E+01   0.171238E+01   0.966642E-01   0.180201E+01   0.180201E+01
   0.281963E+01   0.181143E+01   0.984531E-01   0.179897E+01   0.179897E+01
   0.282438E+01   0.181112E+01   0.100419E+00   0.179589E+01   0.179589E+01
   0.282912E+01   0.185332E+01   0.101659E+00   0.179280E+01   0.179280E+01
   0.283386E+01   0.183611E+01   0.102566E+00   0.178967E+01   0.178967E+01
   0.283860E+01   0.169287E+01   0.103441E+00   0.178652E+01   0.178652E+01
   0.284335E+01   0.199642E+01   0.103989E+00   0.178334E+01   0.178334E+01
   0.284809E+01   0.176724E+01   0.104186E+00   0.178014E+01   0.178014E+01
   0.285283E+01   0.184786E+01   0.104349E+00   0.177691E+01   0.177691E+01
   0.285758E+01   0.177249E+01   0.104717E+00   0.177365E+01   0.177365E+01
   0.286232E+01   0.185009E+01   0.104966E+00   0.177036E+01   0.177036E+01
   0.286706E+01   0.180580E+01   0.105175E+00   0.176705E+01   0.176705E+01
   0.287181E+01   0.170996E+01   0.105328E+00   0.176371E+01   0.176371E+01
   0.287655E+01   0.181899E+01   0.105676E+00   0.176034E+01   0.176034E+01
   0.288129E+01   0.167912E+01   0.105355E+00   0.175694E+01   0.175694E+01
   0.288603E+01   0.175138E+01   0.102647E+00   0.175352E+01   0.175352E+01
   0.289078E+01   0.181873E+01   0.101078E+00   0.175007E+01   0.175007E+01
   0.289552E+01   0.188363E+01   0.998340E-01   0.174660E+01   0.174660E+01
   0.290026E+01   0.184951E+01   0.990076E-01   0.174310E+01   0.174310E+01
   0.290501E+01   0.195015E+01   0.983961E-01   0.173957E+01   0.173957E+01
   0.290975E+01   0.168845E+01   0.981510E-01   0.173601E+01   0.173601E+01
   0.291449E+01   0.173307E+01   0.978410E-01   0.173243E+01   0.173243E+01
   0.291923E+01   0.183245E+01   0.976823E-01   0.172883E+01   0.172883E+01
   0.292398E+01   0.190088E+01   0.975782E-01   0.172520E+01   0.172520E+01
   0.292872E+01   0.184129E+01   0.972677E-01   0.172154E+01   0.172154E+01
   0.293346E+01   0.185378E+01   0.970119E-01   0.171786E+01   0.171786E+01
   0.293820E+01   0.186863E+01   0.969060E-01   0.171415E+01   0.171415E+01
   0.294295E+01   0.192834E+01   0.967373E-01   0.171042E+01   0.171042E+01
   0.294769E+01   0.167189E+01   0.966231E-01   0.170667E+01   0.170667E+01
   0.295243E+01   0.172395E+01   0.964832E-01   0.170289E+01   0.170289E+01
   0.295718E+01   0.176537E+01   0.963436E-01   0.169910E+01   0.169910E+01
   0.296192E+01   0.179433E+01   0.961552E-01   0.169527E+01   0.169527E+01
   0.296666E+01   0.164858E+01   0.959473E-01   0.169143E+01   0.169143E+01
   0.297140E+01   0.185151E+01   0.959641E-01   0.168757E+01   0.168757E+01
   0.297615E+01   0.174527E+01   0.958364E-01   0.168368E+01   0.168368E+01
   0.298089E+01   0.176800E+01   0.957544E-01   0.167977E+01   0.167977E+01
   0.298563E+01   0.174953E+01   0.955917E-01   0.167585E+01   0.167585E+01
   0.299038E+01   0.179505E+01   0.954649E-01   0.167190E+01   0.167190E+01
   0.299512E+01   0.183282E+01   0.953638E-01   0.166794E+01   0.166794E+01
   0.299986E+01   0.162770E+01   0.952052E-01   0.166396E+01   0.166396E+01

           ####      Real Space Data                               ####

           Distance distribution  function of particle  


      R          P(R)      ERROR

  0.0000E+00  0.0000E+00  0.0000E+00
  0.4407E-01  0.5234E-01  0.5416E-03
  0.8815E-01  0.1027E+00  0.9918E-03
  0.1322E+00  0.1511E+00  0.1352E-02
  0.1763E+00  0.1976E+00  0.1625E-02
  0.2204E+00  0.2421E+00  0.1815E-02
  0.2644E+00  0.2849E+00  0.1925E-02
  0.3085E+00  0.3259E+00  0.1961E-02
  0.3526E+00  0.3652E+00  0.1930E-02
  0.3967E+00  0.4029E+00  0.1840E-02
  0.4407E+00  0.4391E+00  0.1698E-02
  0.4848E+00  0.4739E+00  0.1515E-02
  0.5289E+00  0.5074E+00  0.1306E-02
  0.5730E+00  0.5396E+00  0.1090E-02
  0.6170E+00  0.5708E+00  0.9002E-03
  0.6611E+00  0.6011E+00  0.7897E-03
  0.7052E+00  0.6304E+00  0.8128E-03
  0.7493E+00  0.6590E+00  0.9662E-03
  0.7933E+00  0.6869E+00  0.1197E-02
  0.8374E+00  0.7142E+00  0.1461E-02
  0.8815E+00  0.7410E+00  0.1729E-02
  0.9256E+00  0.7674E+00  0.1986E-02
  0.9696E+00  0.7934E+00  0.2222E-02
  0.1014E+01  0.8192E+00  0.2429E-02
  0.1058E+01  0.8447E+00  0.2601E-02
  0.1102E+01  0.8699E+00  0.2736E-02
  0.1146E+01  0.8950E+00  0.2830E-02
  0.1190E+01  0.9198E+00  0.2883E-02
  0.1234E+01  0.9445E+00  0.2893E-02
  0.1278E+01  0.9689E+00  0.2863E-02
  0.1322E+01  0.9930E+00  0.2794E-02
  0.1366E+01  0.1017E+01  0.2690E-02
  0.1410E+01  0.1040E+01  0.2556E-02
  0.1454E+01  0.1063E+01  0.2399E-02
  0.1499E+01  0.1086E+01  0.2227E-02
  0.1543E+01  0.1108E+01  0.2052E-02
  0.1587E+01  0.1129E+01  0.1888E-02
  0.1631E+01  0.1149E+01  0.1753E-02
  0.1675E+01  0.1169E+01  0.1665E-02
  0.1719E+01  0.1187E+01  0.1642E-02
  0.1763E+01  0.1205E+01  0.1687E-02
  0.1807E+01  0.1221E+01  0.1796E-02
  0.1851E+01  0.1236E+01  0.1952E-02
  0.1895E+01  0.1250E+01  0.2138E-02
  0.1939E+01  0.1262E+01  0.2337E-02
  0.1983E+01  0.1272E+01  0.2535E-02
  0.2027E+01  0.1281E+01  0.2724E-02
  0.2071E+01  0.1288E+01  0.2894E-02
  0.2116E+01  0.1293E+01  0.3042E-02
  0.2160E+01  0.1297E+01  0.3161E-02
  0.2204E+01  0.1298E+01  0.3251E-02
  0.2248E+01  0.1298E+01  0.3310E-02
  0.2292E+01  0.1296E+01  0.3338E-02
  0.2336E+01  0.1292E+01  0.3337E-02
  0.2380E+01  0.1286E+01  0.3309E-02
  0.2424E+01  0.1278E+01  0.3259E-02
  0.2468E+01  0.1269E+01  0.3190E-02
  0.2512E+01  0.1258E+01  0.3111E-02
  0.2556E+01  0.1245E+01  0.3028E-02
  0.2600E+01  0.1231E+01  0.2950E-02
  0.2644E+01  0.1215E+01  0.2885E-02
  0.2689E+01  0.1198E+01  0.2841E-02
  0.2733E+01  0.1180E+01  0.2824E-02
  0.2777E+01  0.1161E+01  0.2839E-02
  0.2821E+01  0.1141E+01  0.2887E-02
  0.2865E+01  0.1120E+01  0.2964E-02
  0.2909E+01  0.1099E+01  0.3066E-02
  0.2953E+01  0.1077E+01  0.3185E-02
  0.2997E+01  0.1055E+01  0.3314E-02
  0.3041E+01  0.1032E+01  0.3446E-02
  0.3085E+01  0.1010E+01  0.3572E-02
  0.3129E+01  0.9870E+00  0.3688E-02
  0.3173E+01  0.9648E+00  0.3789E-02
  0.3217E+01  0.9428E+00  0.3871E-02
  0.3261E+01  0.9212E+00  0.3932E-02
  0.3306E+01  0.9002E+00  0.3970E-02
  0.3350E+01  0.8798E+00  0.3987E-02
  0.3394E+01  0.8600E+00  0.3984E-02
  0.3438E+01  0.8411E+00  0.3963E-02
  0.3482E+01  0.8229E+00  0.3928E-02
  0.3526E+01  0.8056E+00  0.3886E-02
  0.3570E+01  0.7891E+00  0.3840E-02
  0.3614E+01  0.7736E+00  0.3799E-02
  0.3658E+01  0.7589E+00  0.3769E-02
  0.3702E+01  0.7451E+00  0.3756E-02
  0.3746E+01  0.7321E+00  0.3765E-02
  0.3790E+01  0.7200E+00  0.3800E-02
  0.3834E+01  0.7087E+00  0.3863E-02
  0.3879E+01  0.6980E+00  0.3952E-02
  0.3923E+01  0.6880E+00  0.4063E-02
  0.3967E+01  0.6787E+00  0.4193E-02
  0.4011E+01  0.6698E+00  0.4335E-02
  0.4055E+01  0.6614E+00  0.4483E-02
  0.4099E+01  0.6533E+00  0.4630E-02
  0.4143E+01  0.6455E+00  0.4771E-02
  0.4187E+01  0.6379E+00  0.4898E-02
  0.4231E+01  0.6304E+00  0.5009E-02
  0.4275E+01  0.6229E+00  0.5100E-02
  0.4319E+01  0.6154E+00  0.5166E-02
  0.4363E+01  0.6078E+00  0.5208E-02
  0.4407E+01  0.6000E+00  0.5224E-02
  0.4451E+01  0.5919E+00  0.5215E-02
  0.4496E+01  0.5835E+00  0.5181E-02
  0.4540E+01  0.5748E+00  0.5126E-02
  0.4584E+01  0.5657E+00  0.5053E-02
  0.4628E+01  0.5562E+00  0.4966E-02
  0.4672E+01  0.5462E+00  0.4871E-02
  0.4716E+01  0.5358E+00  0.4772E-02
  0.4760E+01  0.5250E+00  0.4677E-02
  0.4804E+01  0.5137E+00  0.4591E-02
  0.4848E+01  0.5020E+00  0.4520E-02
  0.4892E+01  0.4899E+00  0.4469E-02
  0.4936E+01  0.4774E+00  0.4441E-02
  0.4980E+01  0.4646E+00  0.4438E-02
  0.5024E+01  0.4515E+00  0.4460E-02
  0.5069E+01  0.4382E+00  0.4504E-02
  0.5113E+01  0.4247E+00  0.4566E-02
  0.5157E+01  0.4111E+00  0.4641E-02
  0.5201E+01  0.3974E+00  0.4724E-02
  0.5245E+01  0.3838E+00  0.4810E-02
  0.5289E+01  0.3702E+00  0.4892E-02
  0.5333E+01  0.3567E+00  0.4965E-02
  0.5377E+01  0.3434E+00  0.5027E-02
  0.5421E+01  0.3304E+00  0.5075E-02
  0.5465E+01  0.3177E+00  0.5105E-02
  0.5509E+01  0.3053E+00  0.5118E-02
  0.5553E+01  0.2933E+00  0.5114E-02
  0.5597E+01  0.2818E+00  0.5094E-02
  0.5641E+01  0.2708E+00  0.5061E-02
  0.5686E+01  0.2603E+00  0.5019E-02
  0.5730E+01  0.2503E+00  0.4972E-02
  0.5774E+01  0.2408E+00  0.4925E-02
  0.5818E+01  0.2319E+00  0.4884E-02
  0.5862E+01  0.2236E+00  0.4854E-02
  0.5906E+01  0.2159E+00  0.4841E-02
  0.5950E+01  0.2087E+00  0.4848E-02
  0.5994E+01  0.2020E+00  0.4879E-02
  0.6038E+01  0.1958E+00  0.4935E-02
  0.6082E+01  0.1901E+00  0.5015E-02
  0.6126E+01  0.1849E+00  0.5118E-02
  0.6170E+01  0.1801E+00  0.5241E-02
  0.6214E+01  0.1756E+00  0.5378E-02
  0.6259E+01  0.1715E+00  0.5525E-02
  0.6303E+01  0.1677E+00  0.5676E-02
  0.6347E+01  0.1641E+00  0.5826E-02
  0.6391E+01  0.1608E+00  0.5970E-02
  0.6435E+01  0.1576E+00  0.6104E-02
  0.6479E+01  0.1545E+00  0.6224E-02
  0.6523E+01  0.1515E+00  0.6327E-02
  0.6567E+01  0.1485E+00  0.6410E-02
  0.6611E+01  0.1456E+00  0.6473E-02
  0.6655E+01  0.1426E+00  0.6515E-02
  0.6699E+01  0.1396E+00  0.6536E-02
  0.6743E+01  0.1365E+00  0.6537E-02
  0.6787E+01  0.1333E+00  0.6520E-02
  0.6831E+01  0.1301E+00  0.6487E-02
  0.6876E+01  0.1267E+00  0.6441E-02
  0.6920E+01  0.1232E+00  0.6387E-02
  0.6964E+01  0.1195E+00  0.6328E-02
  0.7008E+01  0.1158E+00  0.6269E-02
  0.7052E+01  0.1120E+00  0.6214E-02
  0.7096E+01  0.1081E+00  0.6167E-02
  0.7140E+01  0.1041E+00  0.6134E-02
  0.7184E+01  0.1000E+00  0.6118E-02
  0.7228E+01  0.9593E-01  0.6121E-02
  0.7272E+01  0.9182E-01  0.6146E-02
  0.7316E+01  0.8771E-01  0.6192E-02
  0.7360E+01  0.8363E-01  0.6260E-02
  0.7404E+01  0.7959E-01  0.6346E-02
  0.7449E+01  0.7561E-01  0.6447E-02
  0.7493E+01  0.7170E-01  0.6560E-02
  0.7537E+01  0.6788E-01  0.6677E-02
  0.7581E+01  0.6416E-01  0.6792E-02
  0.7625E+01  0.6053E-01  0.6899E-02
  0.7669E+01  0.5701E-01  0.6989E-02
  0.7713E+01  0.5359E-01  0.7055E-02
  0.7757E+01  0.5026E-01  0.7087E-02
  0.7801E+01  0.4699E-01  0.7077E-02
  0.7845E+01  0.4378E-01  0.7016E-02
  0.7889E+01  0.4058E-01  0.6892E-02
  0.7933E+01  0.3738E-01  0.6698E-02
  0.7977E+01  0.3413E-01  0.6422E-02
  0.8021E+01  0.3078E-01  0.6054E-02
  0.8066E+01  0.2729E-01  0.5584E-02
  0.8110E+01  0.2360E-01  0.5000E-02
  0.8154E+01  0.1965E-01  0.4291E-02
  0.8198E+01  0.1539E-01  0.3448E-02
  0.8242E+01  0.1073E-01  0.2459E-02
  0.8286E+01  0.5629E-02  0.1313E-02
  0.8330E+01  0.0000E+00  0.0000E+00
