
           ####      G N O M             Version 5.0 (r13469)      ####
                                               Wed Dec 15 15:11:34 2021

           ####      Configuration                                 ####

    System Type:                   arbitrary monodisperse (job = 0)
    Minimum characteristic size:         0.0000
    Maximum characteristic size:         6.8100
    rad56:                               0.0000
    Force 0.0 at r = rmin:                  yes
    Force 0.0 at r = rmax:                  yes
    Initial alpha:                       0.0000
    Initial random seed:    1439818543903552810
    Points in real space:                   190

    Input  1:                      temp-inp.dat
    First data point used:                    1
    Last data point used:                   570
    Scaling coefficient:             0.1000E+01
    Experimental setup:            point collimation



           ####      Results                                       ####

    Parameter    DISCRP  OSCILL  STABIL  SYSDEV  POSITV  VALCEN  SMOOTH
    Weight        1.000   3.000   3.000   3.000   1.000   1.000   1.000
    Sigma         0.300   0.600   0.120   0.120   0.120   0.120   0.600
    Ideal         0.700   1.100   0.000   1.000   1.000   0.950   0.000
    Current       0.487   1.273   0.014   0.896   1.000   0.877   2.594
               --------------------------------------------------------
    Estimate      0.603   0.921   0.987   0.474   1.000   0.691   0.000

    Angular range:                       0.3012 to       2.9999
    Reciprocal space Rg:             0.2187E+01
    Reciprocal space I(0):           0.4066E+02

    Real space range:                    0.0000 to       6.8100
    Real space Rg:                   0.2197E+01 +-   0.4921E-02
    Real space I(0):                 0.4067E+02 +-   0.7846E-01

    Highest ALPHA (theor):           0.3492E+02
    Current ALPHA:                   0.3418E+01

    Total Estimate:                      0.7259 (a REASONABLE solution)



           ####      Experimental Data and Fit                     ####

      S          J EXP       ERROR       J REG       I REG

   0.000000E+00                                                0.406666E+02
   0.107561E-01                                                0.406590E+02
   0.215123E-01                                                0.406363E+02
   0.322684E-01                                                0.405986E+02
   0.430246E-01                                                0.405457E+02
   0.537807E-01                                                0.404779E+02
   0.645368E-01                                                0.403952E+02
   0.752930E-01                                                0.402977E+02
   0.860491E-01                                                0.401855E+02
   0.968053E-01                                                0.400588E+02
   0.107561E+00                                                0.399178E+02
   0.118318E+00                                                0.397625E+02
   0.129074E+00                                                0.395933E+02
   0.139830E+00                                                0.394103E+02
   0.150586E+00                                                0.392137E+02
   0.161342E+00                                                0.390038E+02
   0.172098E+00                                                0.387809E+02
   0.182854E+00                                                0.385452E+02
   0.193611E+00                                                0.382970E+02
   0.204367E+00                                                0.380366E+02
   0.215123E+00                                                0.377644E+02
   0.225879E+00                                                0.374806E+02
   0.236635E+00                                                0.371856E+02
   0.247391E+00                                                0.368797E+02
   0.258147E+00                                                0.365634E+02
   0.268903E+00                                                0.362370E+02
   0.279660E+00                                                0.359008E+02
   0.290416E+00                                                0.355553E+02
   0.301172E+00   0.351374E+02   0.208147E+00   0.352009E+02   0.352009E+02
   0.305915E+00   0.353789E+02   0.206510E+00   0.350418E+02   0.350418E+02
   0.310658E+00   0.351802E+02   0.204536E+00   0.348812E+02   0.348812E+02
   0.315400E+00   0.349632E+02   0.202633E+00   0.347189E+02   0.347189E+02
   0.320143E+00   0.345595E+02   0.200528E+00   0.345551E+02   0.345551E+02
   0.324886E+00   0.343197E+02   0.198481E+00   0.343898E+02   0.343898E+02
   0.329629E+00   0.341604E+02   0.196846E+00   0.342230E+02   0.342230E+02
   0.334372E+00   0.342161E+02   0.195483E+00   0.340547E+02   0.340547E+02
   0.339115E+00   0.341609E+02   0.195804E+00   0.338851E+02   0.338851E+02
   0.343858E+00   0.341007E+02   0.198470E+00   0.337140E+02   0.337140E+02
   0.348601E+00   0.338222E+02   0.202864E+00   0.335417E+02   0.335417E+02
   0.353343E+00   0.334475E+02   0.206031E+00   0.333680E+02   0.333680E+02
   0.358086E+00   0.329965E+02   0.207849E+00   0.331930E+02   0.331930E+02
   0.362829E+00   0.331251E+02   0.209993E+00   0.330169E+02   0.330169E+02
   0.367572E+00   0.331597E+02   0.211513E+00   0.328395E+02   0.328395E+02
   0.372315E+00   0.327417E+02   0.212702E+00   0.326610E+02   0.326610E+02
   0.377058E+00   0.325512E+02   0.213681E+00   0.324814E+02   0.324814E+02
   0.381801E+00   0.323572E+02   0.214463E+00   0.323007E+02   0.323007E+02
   0.386543E+00   0.319764E+02   0.215055E+00   0.321189E+02   0.321189E+02
   0.391286E+00   0.319372E+02   0.215583E+00   0.319361E+02   0.319361E+02
   0.396029E+00   0.316701E+02   0.215945E+00   0.317524E+02   0.317524E+02
   0.400772E+00   0.314598E+02   0.217481E+00   0.315677E+02   0.315677E+02
   0.405515E+00   0.316930E+02   0.225229E+00   0.313822E+02   0.313822E+02
   0.410258E+00   0.312997E+02   0.230365E+00   0.311958E+02   0.311958E+02
   0.415001E+00   0.310410E+02   0.234918E+00   0.310085E+02   0.310085E+02
   0.419744E+00   0.307490E+02   0.237962E+00   0.308205E+02   0.308205E+02
   0.424486E+00   0.305650E+02   0.241369E+00   0.306317E+02   0.306317E+02
   0.429229E+00   0.306451E+02   0.245328E+00   0.304422E+02   0.304422E+02
   0.433972E+00   0.301297E+02   0.248404E+00   0.302521E+02   0.302521E+02
   0.438715E+00   0.301964E+02   0.251865E+00   0.300613E+02   0.300613E+02
   0.443458E+00   0.301886E+02   0.255211E+00   0.298699E+02   0.298699E+02
   0.448201E+00   0.296655E+02   0.259023E+00   0.296779E+02   0.296779E+02
   0.452944E+00   0.295809E+02   0.262815E+00   0.294854E+02   0.294854E+02
   0.457686E+00   0.292631E+02   0.264733E+00   0.292924E+02   0.292924E+02
   0.462429E+00   0.290612E+02   0.266514E+00   0.290990E+02   0.290990E+02
   0.467172E+00   0.286113E+02   0.265488E+00   0.289051E+02   0.289051E+02
   0.471915E+00   0.290522E+02   0.255180E+00   0.287109E+02   0.287109E+02
   0.476658E+00   0.287500E+02   0.249952E+00   0.285163E+02   0.285163E+02
   0.481401E+00   0.283410E+02   0.246414E+00   0.283213E+02   0.283213E+02
   0.486144E+00   0.280054E+02   0.243251E+00   0.281261E+02   0.281261E+02
   0.490887E+00   0.273026E+02   0.240247E+00   0.279307E+02   0.279307E+02
   0.495629E+00   0.275678E+02   0.238325E+00   0.277350E+02   0.277350E+02
   0.500372E+00   0.272824E+02   0.236839E+00   0.275392E+02   0.275392E+02
   0.505115E+00   0.274420E+02   0.235382E+00   0.273432E+02   0.273432E+02
   0.509858E+00   0.272359E+02   0.233967E+00   0.271471E+02   0.271471E+02
   0.514601E+00   0.266248E+02   0.232087E+00   0.269509E+02   0.269509E+02
   0.519344E+00   0.268660E+02   0.230852E+00   0.267547E+02   0.267547E+02
   0.524087E+00   0.264204E+02   0.229371E+00   0.265584E+02   0.265584E+02
   0.528829E+00   0.261873E+02   0.228050E+00   0.263622E+02   0.263622E+02
   0.533572E+00   0.258505E+02   0.226407E+00   0.261660E+02   0.261660E+02
   0.538315E+00   0.258612E+02   0.224844E+00   0.259699E+02   0.259699E+02
   0.543058E+00   0.254813E+02   0.222598E+00   0.257739E+02   0.257739E+02
   0.547801E+00   0.252645E+02   0.221204E+00   0.255781E+02   0.255781E+02
   0.552544E+00   0.249936E+02   0.218567E+00   0.253824E+02   0.253824E+02
   0.557287E+00   0.249410E+02   0.217342E+00   0.251870E+02   0.251870E+02
   0.562029E+00   0.248862E+02   0.215838E+00   0.249918E+02   0.249918E+02
   0.566772E+00   0.246667E+02   0.214036E+00   0.247968E+02   0.247968E+02
   0.571515E+00   0.246722E+02   0.212783E+00   0.246022E+02   0.246022E+02
   0.576258E+00   0.243807E+02   0.210832E+00   0.244078E+02   0.244078E+02
   0.581001E+00   0.241003E+02   0.209679E+00   0.242139E+02   0.242139E+02
   0.585744E+00   0.238598E+02   0.208817E+00   0.240203E+02   0.240203E+02
   0.590487E+00   0.237024E+02   0.207925E+00   0.238271E+02   0.238271E+02
   0.595230E+00   0.236266E+02   0.207459E+00   0.236343E+02   0.236343E+02
   0.599972E+00   0.232868E+02   0.206821E+00   0.234420E+02   0.234420E+02
   0.604715E+00   0.227873E+02   0.205458E+00   0.232502E+02   0.232502E+02
   0.609458E+00   0.230798E+02   0.205265E+00   0.230589E+02   0.230589E+02
   0.614201E+00   0.227820E+02   0.204340E+00   0.228681E+02   0.228681E+02
   0.618944E+00   0.225444E+02   0.202938E+00   0.226779E+02   0.226779E+02
   0.623687E+00   0.223871E+02   0.202490E+00   0.224883E+02   0.224883E+02
   0.628430E+00   0.221959E+02   0.202145E+00   0.222993E+02   0.222993E+02
   0.633173E+00   0.220346E+02   0.201029E+00   0.221109E+02   0.221109E+02
   0.637915E+00   0.219918E+02   0.200526E+00   0.219232E+02   0.219232E+02
   0.642658E+00   0.217272E+02   0.199524E+00   0.217362E+02   0.217362E+02
   0.647401E+00   0.210902E+02   0.198698E+00   0.215499E+02   0.215499E+02
   0.652144E+00   0.212702E+02   0.198128E+00   0.213643E+02   0.213643E+02
   0.656887E+00   0.211241E+02   0.197486E+00   0.211794E+02   0.211794E+02
   0.661630E+00   0.210543E+02   0.196926E+00   0.209953E+02   0.209953E+02
   0.666373E+00   0.206396E+02   0.196309E+00   0.208121E+02   0.208121E+02
   0.671115E+00   0.205754E+02   0.195667E+00   0.206296E+02   0.206296E+02
   0.675858E+00   0.205000E+02   0.194912E+00   0.204479E+02   0.204479E+02
   0.680601E+00   0.199402E+02   0.193786E+00   0.202671E+02   0.202671E+02
   0.685344E+00   0.199982E+02   0.193176E+00   0.200872E+02   0.200872E+02
   0.690087E+00   0.199687E+02   0.193172E+00   0.199081E+02   0.199081E+02
   0.694830E+00   0.198274E+02   0.192255E+00   0.197300E+02   0.197300E+02
   0.699573E+00   0.197185E+02   0.191738E+00   0.195527E+02   0.195527E+02
   0.704315E+00   0.191136E+02   0.190377E+00   0.193764E+02   0.193764E+02
   0.709058E+00   0.192094E+02   0.190043E+00   0.192010E+02   0.192010E+02
   0.713801E+00   0.187754E+02   0.189164E+00   0.190267E+02   0.190267E+02
   0.718544E+00   0.186277E+02   0.188586E+00   0.188532E+02   0.188532E+02
   0.723287E+00   0.188796E+02   0.188278E+00   0.186808E+02   0.186808E+02
   0.728030E+00   0.184963E+02   0.188102E+00   0.185094E+02   0.185094E+02
   0.732773E+00   0.185130E+02   0.187592E+00   0.183391E+02   0.183391E+02
   0.737515E+00   0.182743E+02   0.186480E+00   0.181697E+02   0.181697E+02
   0.742258E+00   0.180798E+02   0.185525E+00   0.180014E+02   0.180014E+02
   0.747001E+00   0.179088E+02   0.185453E+00   0.178342E+02   0.178342E+02
   0.751744E+00   0.176237E+02   0.184476E+00   0.176680E+02   0.176680E+02
   0.756487E+00   0.176269E+02   0.184008E+00   0.175030E+02   0.175030E+02
   0.761230E+00   0.173435E+02   0.183372E+00   0.173390E+02   0.173390E+02
   0.765973E+00   0.167758E+02   0.182508E+00   0.171761E+02   0.171761E+02
   0.770716E+00   0.170995E+02   0.182444E+00   0.170144E+02   0.170144E+02
   0.775459E+00   0.168101E+02   0.181739E+00   0.168537E+02   0.168537E+02
   0.780201E+00   0.165231E+02   0.181065E+00   0.166942E+02   0.166942E+02
   0.784944E+00   0.165572E+02   0.180893E+00   0.165359E+02   0.165359E+02
   0.789687E+00   0.166237E+02   0.180346E+00   0.163787E+02   0.163787E+02
   0.794430E+00   0.163896E+02   0.179413E+00   0.162227E+02   0.162227E+02
   0.799173E+00   0.163845E+02   0.179036E+00   0.160678E+02   0.160678E+02
   0.803916E+00   0.160438E+02   0.178098E+00   0.159141E+02   0.159141E+02
   0.808658E+00   0.158241E+02   0.177707E+00   0.157615E+02   0.157615E+02
   0.813401E+00   0.156193E+02   0.177284E+00   0.156102E+02   0.156102E+02
   0.818144E+00   0.154823E+02   0.176852E+00   0.154600E+02   0.154600E+02
   0.822887E+00   0.154007E+02   0.176292E+00   0.153111E+02   0.153111E+02
   0.827630E+00   0.149986E+02   0.175653E+00   0.151633E+02   0.151633E+02
   0.832373E+00   0.149168E+02   0.174837E+00   0.150168E+02   0.150168E+02
   0.837116E+00   0.149425E+02   0.174650E+00   0.148714E+02   0.148714E+02
   0.841859E+00   0.146368E+02   0.173986E+00   0.147273E+02   0.147273E+02
   0.846601E+00   0.144638E+02   0.173512E+00   0.145843E+02   0.145843E+02
   0.851344E+00   0.144819E+02   0.172831E+00   0.144426E+02   0.144426E+02
   0.856087E+00   0.144745E+02   0.172688E+00   0.143021E+02   0.143021E+02
   0.860830E+00   0.143679E+02   0.171980E+00   0.141628E+02   0.141628E+02
   0.865573E+00   0.142339E+02   0.171730E+00   0.140248E+02   0.140248E+02
   0.870316E+00   0.139541E+02   0.170901E+00   0.138879E+02   0.138879E+02
   0.875059E+00   0.138469E+02   0.170576E+00   0.137523E+02   0.137523E+02
   0.879802E+00   0.134785E+02   0.169717E+00   0.136179E+02   0.136179E+02
   0.884544E+00   0.135868E+02   0.169421E+00   0.134847E+02   0.134847E+02
   0.889287E+00   0.132527E+02   0.168874E+00   0.133527E+02   0.133527E+02
   0.894030E+00   0.130593E+02   0.168344E+00   0.132220E+02   0.132220E+02
   0.898773E+00   0.130391E+02   0.167976E+00   0.130925E+02   0.130925E+02
   0.903516E+00   0.127876E+02   0.167426E+00   0.129642E+02   0.129642E+02
   0.908259E+00   0.129210E+02   0.166801E+00   0.128371E+02   0.128371E+02
   0.913002E+00   0.128927E+02   0.166572E+00   0.127112E+02   0.127112E+02
   0.917744E+00   0.126198E+02   0.165566E+00   0.125865E+02   0.125865E+02
   0.922487E+00   0.120755E+02   0.165103E+00   0.124630E+02   0.124630E+02
   0.927230E+00   0.123196E+02   0.165081E+00   0.123407E+02   0.123407E+02
   0.931973E+00   0.124294E+02   0.164803E+00   0.122197E+02   0.122197E+02
   0.936716E+00   0.120229E+02   0.164121E+00   0.120998E+02   0.120998E+02
   0.941459E+00   0.122260E+02   0.163722E+00   0.119811E+02   0.119811E+02
   0.946202E+00   0.120561E+02   0.163157E+00   0.118636E+02   0.118636E+02
   0.950944E+00   0.119006E+02   0.162951E+00   0.117473E+02   0.117473E+02
   0.955687E+00   0.118985E+02   0.162604E+00   0.116321E+02   0.116321E+02
   0.960430E+00   0.117470E+02   0.162125E+00   0.115181E+02   0.115181E+02
   0.965173E+00   0.114485E+02   0.161424E+00   0.114053E+02   0.114053E+02
   0.969916E+00   0.114208E+02   0.161118E+00   0.112937E+02   0.112937E+02
   0.974659E+00   0.112711E+02   0.160442E+00   0.111832E+02   0.111832E+02
   0.979402E+00   0.113055E+02   0.160303E+00   0.110738E+02   0.110738E+02
   0.984144E+00   0.110616E+02   0.160009E+00   0.109656E+02   0.109656E+02
   0.988887E+00   0.108833E+02   0.159268E+00   0.108585E+02   0.108585E+02
   0.993630E+00   0.108380E+02   0.159008E+00   0.107525E+02   0.107525E+02
   0.998373E+00   0.106712E+02   0.158455E+00   0.106477E+02   0.106477E+02
   0.100312E+01   0.106520E+02   0.158193E+00   0.105440E+02   0.105440E+02
   0.100786E+01   0.106998E+02   0.157821E+00   0.104414E+02   0.104414E+02
   0.101260E+01   0.105494E+02   0.157643E+00   0.103398E+02   0.103398E+02
   0.101734E+01   0.103555E+02   0.157041E+00   0.102394E+02   0.102394E+02
   0.102209E+01   0.101302E+02   0.156639E+00   0.101401E+02   0.101401E+02
   0.102683E+01   0.101747E+02   0.156281E+00   0.100418E+02   0.100418E+02
   0.103157E+01   0.998435E+01   0.155911E+00   0.994456E+01   0.994456E+01
   0.103632E+01   0.100672E+02   0.155572E+00   0.984840E+01   0.984840E+01
   0.104106E+01   0.992335E+01   0.155067E+00   0.975328E+01   0.975328E+01
   0.104580E+01   0.963090E+01   0.154611E+00   0.965920E+01   0.965920E+01
   0.105055E+01   0.965197E+01   0.154055E+00   0.956615E+01   0.956615E+01
   0.105529E+01   0.967093E+01   0.153828E+00   0.947415E+01   0.947415E+01
   0.106003E+01   0.947112E+01   0.153481E+00   0.938313E+01   0.938313E+01
   0.106477E+01   0.936758E+01   0.153017E+00   0.929311E+01   0.929311E+01
   0.106952E+01   0.909819E+01   0.152614E+00   0.920409E+01   0.920409E+01
   0.107426E+01   0.907455E+01   0.152125E+00   0.911605E+01   0.911605E+01
   0.107900E+01   0.893746E+01   0.151812E+00   0.902898E+01   0.902898E+01
   0.108374E+01   0.886551E+01   0.151665E+00   0.894288E+01   0.894288E+01
   0.108849E+01   0.914296E+01   0.151327E+00   0.885773E+01   0.885773E+01
   0.109323E+01   0.876047E+01   0.150733E+00   0.877354E+01   0.877354E+01
   0.109797E+01   0.865816E+01   0.150400E+00   0.869027E+01   0.869027E+01
   0.110272E+01   0.866992E+01   0.150099E+00   0.860793E+01   0.860793E+01
   0.110746E+01   0.850673E+01   0.149766E+00   0.852650E+01   0.852650E+01
   0.111220E+01   0.852638E+01   0.149478E+00   0.844597E+01   0.844597E+01
   0.111695E+01   0.822398E+01   0.148932E+00   0.836634E+01   0.836634E+01
   0.112169E+01   0.820178E+01   0.148896E+00   0.828759E+01   0.828759E+01
   0.112643E+01   0.815883E+01   0.148533E+00   0.820974E+01   0.820974E+01
   0.113117E+01   0.791609E+01   0.148129E+00   0.813273E+01   0.813273E+01
   0.113592E+01   0.817749E+01   0.147797E+00   0.805657E+01   0.805657E+01
   0.114066E+01   0.803510E+01   0.147434E+00   0.798126E+01   0.798126E+01
   0.114540E+01   0.789070E+01   0.147015E+00   0.790679E+01   0.790679E+01
   0.115014E+01   0.765887E+01   0.146716E+00   0.783313E+01   0.783313E+01
   0.115489E+01   0.772413E+01   0.146440E+00   0.776029E+01   0.776029E+01
   0.115963E+01   0.778375E+01   0.146009E+00   0.768826E+01   0.768826E+01
   0.116437E+01   0.756488E+01   0.145693E+00   0.761703E+01   0.761703E+01
   0.116912E+01   0.759792E+01   0.145596E+00   0.754657E+01   0.754657E+01
   0.117386E+01   0.751059E+01   0.144999E+00   0.747688E+01   0.747688E+01
   0.117860E+01   0.754863E+01   0.144771E+00   0.740796E+01   0.740796E+01
   0.118335E+01   0.742446E+01   0.144433E+00   0.733979E+01   0.733979E+01
   0.118809E+01   0.734318E+01   0.144316E+00   0.727236E+01   0.727236E+01
   0.119283E+01   0.706873E+01   0.143495E+00   0.720567E+01   0.720567E+01
   0.119757E+01   0.709516E+01   0.143594E+00   0.713971E+01   0.713971E+01
   0.120232E+01   0.708797E+01   0.143344E+00   0.707446E+01   0.707446E+01
   0.120706E+01   0.689537E+01   0.143817E+00   0.700990E+01   0.700990E+01
   0.121180E+01   0.691945E+01   0.148183E+00   0.694605E+01   0.694605E+01
   0.121654E+01   0.717707E+01   0.151546E+00   0.688287E+01   0.688287E+01
   0.122129E+01   0.677136E+01   0.153308E+00   0.682037E+01   0.682037E+01
   0.122603E+01   0.697605E+01   0.155118E+00   0.675854E+01   0.675854E+01
   0.123077E+01   0.679768E+01   0.156705E+00   0.669736E+01   0.669736E+01
   0.123552E+01   0.674361E+01   0.158217E+00   0.663685E+01   0.663685E+01
   0.124026E+01   0.652938E+01   0.159438E+00   0.657695E+01   0.657695E+01
   0.124500E+01   0.654697E+01   0.160856E+00   0.651769E+01   0.651769E+01
   0.124975E+01   0.635623E+01   0.161995E+00   0.645904E+01   0.645904E+01
   0.125449E+01   0.642405E+01   0.163326E+00   0.640101E+01   0.640101E+01
   0.125923E+01   0.646693E+01   0.163851E+00   0.634357E+01   0.634357E+01
   0.126397E+01   0.635176E+01   0.164168E+00   0.628673E+01   0.628673E+01
   0.126872E+01   0.624784E+01   0.164436E+00   0.623049E+01   0.623049E+01
   0.127346E+01   0.619157E+01   0.161859E+00   0.617480E+01   0.617480E+01
   0.127820E+01   0.608315E+01   0.156482E+00   0.611969E+01   0.611969E+01
   0.128295E+01   0.600590E+01   0.153159E+00   0.606513E+01   0.606513E+01
   0.128769E+01   0.594181E+01   0.150602E+00   0.601112E+01   0.601112E+01
   0.129243E+01   0.582603E+01   0.148913E+00   0.595766E+01   0.595766E+01
   0.129717E+01   0.583583E+01   0.147219E+00   0.590473E+01   0.590473E+01
   0.130192E+01   0.585035E+01   0.145881E+00   0.585233E+01   0.585233E+01
   0.130666E+01   0.577388E+01   0.144809E+00   0.580044E+01   0.580044E+01
   0.131140E+01   0.551117E+01   0.143431E+00   0.574907E+01   0.574907E+01
   0.131614E+01   0.580779E+01   0.142499E+00   0.569819E+01   0.569819E+01
   0.132089E+01   0.553743E+01   0.141971E+00   0.564781E+01   0.564781E+01
   0.132563E+01   0.530281E+01   0.141106E+00   0.559792E+01   0.559792E+01
   0.133037E+01   0.540326E+01   0.140729E+00   0.554851E+01   0.554851E+01
   0.133512E+01   0.552922E+01   0.140331E+00   0.549957E+01   0.549957E+01
   0.133986E+01   0.542618E+01   0.139887E+00   0.545111E+01   0.545111E+01
   0.134460E+01   0.541339E+01   0.139766E+00   0.540310E+01   0.540310E+01
   0.134935E+01   0.534433E+01   0.139464E+00   0.535554E+01   0.535554E+01
   0.135409E+01   0.545127E+01   0.139241E+00   0.530842E+01   0.530842E+01
   0.135883E+01   0.516212E+01   0.138554E+00   0.526175E+01   0.526175E+01
   0.136357E+01   0.540495E+01   0.138304E+00   0.521551E+01   0.521551E+01
   0.136832E+01   0.541142E+01   0.138139E+00   0.516970E+01   0.516970E+01
   0.137306E+01   0.523595E+01   0.137661E+00   0.512431E+01   0.512431E+01
   0.137780E+01   0.507725E+01   0.137302E+00   0.507933E+01   0.507933E+01
   0.138254E+01   0.505160E+01   0.136978E+00   0.503477E+01   0.503477E+01
   0.138729E+01   0.497602E+01   0.136786E+00   0.499060E+01   0.499060E+01
   0.139203E+01   0.490551E+01   0.136173E+00   0.494683E+01   0.494683E+01
   0.139677E+01   0.491260E+01   0.136064E+00   0.490345E+01   0.490345E+01
   0.140152E+01   0.491777E+01   0.135754E+00   0.486046E+01   0.486046E+01
   0.140626E+01   0.473476E+01   0.135470E+00   0.481785E+01   0.481785E+01
   0.141100E+01   0.485818E+01   0.135337E+00   0.477563E+01   0.477563E+01
   0.141575E+01   0.465716E+01   0.134956E+00   0.473377E+01   0.473377E+01
   0.142049E+01   0.461755E+01   0.134677E+00   0.469227E+01   0.469227E+01
   0.142523E+01   0.472184E+01   0.134370E+00   0.465114E+01   0.465114E+01
   0.142997E+01   0.482392E+01   0.134530E+00   0.461036E+01   0.461036E+01
   0.143472E+01   0.452938E+01   0.133710E+00   0.456993E+01   0.456993E+01
   0.143946E+01   0.442782E+01   0.133469E+00   0.452985E+01   0.452985E+01
   0.144420E+01   0.423803E+01   0.133162E+00   0.449012E+01   0.449012E+01
   0.144894E+01   0.427461E+01   0.133026E+00   0.445073E+01   0.445073E+01
   0.145369E+01   0.429977E+01   0.132761E+00   0.441167E+01   0.441167E+01
   0.145843E+01   0.414021E+01   0.132328E+00   0.437294E+01   0.437294E+01
   0.146317E+01   0.418177E+01   0.132180E+00   0.433453E+01   0.433453E+01
   0.146792E+01   0.427775E+01   0.131970E+00   0.429645E+01   0.429645E+01
   0.147266E+01   0.433014E+01   0.131729E+00   0.425869E+01   0.425869E+01
   0.147740E+01   0.422181E+01   0.131498E+00   0.422125E+01   0.422125E+01
   0.148215E+01   0.394940E+01   0.131060E+00   0.418412E+01   0.418412E+01
   0.148689E+01   0.395926E+01   0.131037E+00   0.414730E+01   0.414730E+01
   0.149163E+01   0.389622E+01   0.130740E+00   0.411078E+01   0.411078E+01
   0.149637E+01   0.404097E+01   0.130433E+00   0.407457E+01   0.407457E+01
   0.150112E+01   0.397847E+01   0.130520E+00   0.403865E+01   0.403865E+01
   0.150586E+01   0.401700E+01   0.133350E+00   0.400303E+01   0.400303E+01
   0.151060E+01   0.397712E+01   0.136854E+00   0.396771E+01   0.396771E+01
   0.151534E+01   0.383965E+01   0.138642E+00   0.393269E+01   0.393269E+01
   0.152009E+01   0.396405E+01   0.140636E+00   0.389794E+01   0.389794E+01
   0.152483E+01   0.377556E+01   0.141966E+00   0.386348E+01   0.386348E+01
   0.152957E+01   0.392474E+01   0.143111E+00   0.382931E+01   0.382931E+01
   0.153432E+01   0.385388E+01   0.139660E+00   0.379541E+01   0.379541E+01
   0.153906E+01   0.367621E+01   0.137285E+00   0.376180E+01   0.376180E+01
   0.154380E+01   0.381115E+01   0.135733E+00   0.372846E+01   0.372846E+01
   0.154855E+01   0.360659E+01   0.133930E+00   0.369540E+01   0.369540E+01
   0.155329E+01   0.364727E+01   0.132779E+00   0.366260E+01   0.366260E+01
   0.155803E+01   0.370179E+01   0.131521E+00   0.363008E+01   0.363008E+01
   0.156277E+01   0.358456E+01   0.130132E+00   0.359782E+01   0.359782E+01
   0.156752E+01   0.361353E+01   0.128981E+00   0.356583E+01   0.356583E+01
   0.157226E+01   0.360722E+01   0.128290E+00   0.353411E+01   0.353411E+01
   0.157700E+01   0.346697E+01   0.127524E+00   0.350264E+01   0.350264E+01
   0.158175E+01   0.349881E+01   0.127251E+00   0.347144E+01   0.347144E+01
   0.158649E+01   0.339285E+01   0.127183E+00   0.344050E+01   0.344050E+01
   0.159123E+01   0.334077E+01   0.127283E+00   0.340982E+01   0.340982E+01
   0.159597E+01   0.333135E+01   0.127472E+00   0.337939E+01   0.337939E+01
   0.160072E+01   0.341007E+01   0.127427E+00   0.334921E+01   0.334921E+01
   0.160546E+01   0.321167E+01   0.127172E+00   0.331928E+01   0.331928E+01
   0.161020E+01   0.333990E+01   0.127091E+00   0.328961E+01   0.328961E+01
   0.161495E+01   0.315879E+01   0.126762E+00   0.326019E+01   0.326019E+01
   0.161969E+01   0.319718E+01   0.126468E+00   0.323102E+01   0.323102E+01
   0.162443E+01   0.327909E+01   0.126351E+00   0.320210E+01   0.320210E+01
   0.162917E+01   0.319255E+01   0.126199E+00   0.317342E+01   0.317342E+01
   0.163392E+01   0.300656E+01   0.125733E+00   0.314498E+01   0.314498E+01
   0.163866E+01   0.300053E+01   0.125291E+00   0.311679E+01   0.311679E+01
   0.164340E+01   0.310504E+01   0.125695E+00   0.308885E+01   0.308885E+01
   0.164815E+01   0.310620E+01   0.125436E+00   0.306114E+01   0.306114E+01
   0.165289E+01   0.295336E+01   0.125114E+00   0.303368E+01   0.303368E+01
   0.165763E+01   0.284850E+01   0.124646E+00   0.300646E+01   0.300646E+01
   0.166237E+01   0.290602E+01   0.124595E+00   0.297947E+01   0.297947E+01
   0.166712E+01   0.291474E+01   0.124437E+00   0.295273E+01   0.295273E+01
   0.167186E+01   0.292916E+01   0.124058E+00   0.292622E+01   0.292622E+01
   0.167660E+01   0.286629E+01   0.123726E+00   0.289994E+01   0.289994E+01
   0.168135E+01   0.292720E+01   0.123578E+00   0.287390E+01   0.287390E+01
   0.168609E+01   0.275504E+01   0.123370E+00   0.284810E+01   0.284810E+01
   0.169083E+01   0.279072E+01   0.123029E+00   0.282253E+01   0.282253E+01
   0.169557E+01   0.281143E+01   0.122989E+00   0.279719E+01   0.279719E+01
   0.170032E+01   0.284598E+01   0.123095E+00   0.277209E+01   0.277209E+01
   0.170506E+01   0.287049E+01   0.122817E+00   0.274721E+01   0.274721E+01
   0.170980E+01   0.282500E+01   0.122485E+00   0.272257E+01   0.272257E+01
   0.171455E+01   0.276147E+01   0.122259E+00   0.269815E+01   0.269815E+01
   0.171929E+01   0.279578E+01   0.122166E+00   0.267396E+01   0.267396E+01
   0.172403E+01   0.278742E+01   0.121934E+00   0.265001E+01   0.265001E+01
   0.172877E+01   0.263043E+01   0.121533E+00   0.262628E+01   0.262628E+01
   0.173352E+01   0.253416E+01   0.121380E+00   0.260277E+01   0.260277E+01
   0.173826E+01   0.262820E+01   0.121157E+00   0.257949E+01   0.257949E+01
   0.174300E+01   0.245486E+01   0.121007E+00   0.255643E+01   0.255643E+01
   0.174775E+01   0.240591E+01   0.121009E+00   0.253360E+01   0.253360E+01
   0.175249E+01   0.251105E+01   0.120641E+00   0.251099E+01   0.251099E+01
   0.175723E+01   0.248442E+01   0.120701E+00   0.248860E+01   0.248860E+01
   0.176197E+01   0.242890E+01   0.120350E+00   0.246644E+01   0.246644E+01
   0.176672E+01   0.242998E+01   0.120017E+00   0.244450E+01   0.244450E+01
   0.177146E+01   0.239156E+01   0.120107E+00   0.242277E+01   0.242277E+01
   0.177620E+01   0.247925E+01   0.119907E+00   0.240126E+01   0.240126E+01
   0.178095E+01   0.251345E+01   0.119767E+00   0.237998E+01   0.237998E+01
   0.178569E+01   0.245666E+01   0.119464E+00   0.235891E+01   0.235891E+01
   0.179043E+01   0.231731E+01   0.119205E+00   0.233805E+01   0.233805E+01
   0.179517E+01   0.245362E+01   0.119228E+00   0.231742E+01   0.231742E+01
   0.179992E+01   0.229086E+01   0.118872E+00   0.229699E+01   0.229699E+01
   0.180466E+01   0.226149E+01   0.118753E+00   0.227678E+01   0.227678E+01
   0.180940E+01   0.222575E+01   0.118530E+00   0.225679E+01   0.225679E+01
   0.181415E+01   0.239320E+01   0.118404E+00   0.223700E+01   0.223700E+01
   0.181889E+01   0.234297E+01   0.118213E+00   0.221743E+01   0.221743E+01
   0.182363E+01   0.225557E+01   0.118122E+00   0.219806E+01   0.219806E+01
   0.182838E+01   0.216015E+01   0.117870E+00   0.217891E+01   0.217891E+01
   0.183312E+01   0.212541E+01   0.117734E+00   0.215996E+01   0.215996E+01
   0.183786E+01   0.208550E+01   0.117455E+00   0.214122E+01   0.214122E+01
   0.184260E+01   0.214815E+01   0.117531E+00   0.212269E+01   0.212269E+01
   0.184735E+01   0.211637E+01   0.117229E+00   0.210436E+01   0.210436E+01
   0.185209E+01   0.217514E+01   0.117135E+00   0.208623E+01   0.208623E+01
   0.185683E+01   0.229411E+01   0.117130E+00   0.206831E+01   0.206831E+01
   0.186157E+01   0.196628E+01   0.116607E+00   0.205059E+01   0.205059E+01
   0.186632E+01   0.194398E+01   0.116616E+00   0.203307E+01   0.203307E+01
   0.187106E+01   0.204461E+01   0.116444E+00   0.201575E+01   0.201575E+01
   0.187580E+01   0.206217E+01   0.116138E+00   0.199863E+01   0.199863E+01
   0.188055E+01   0.194783E+01   0.116031E+00   0.198170E+01   0.198170E+01
   0.188529E+01   0.198291E+01   0.116047E+00   0.196497E+01   0.196497E+01
   0.189003E+01   0.193134E+01   0.115910E+00   0.194843E+01   0.194843E+01
   0.189478E+01   0.195072E+01   0.115687E+00   0.193209E+01   0.193209E+01
   0.189952E+01   0.191495E+01   0.115388E+00   0.191594E+01   0.191594E+01
   0.190426E+01   0.189574E+01   0.115254E+00   0.189998E+01   0.189998E+01
   0.190900E+01   0.187614E+01   0.115208E+00   0.188421E+01   0.188421E+01
   0.191375E+01   0.184567E+01   0.114990E+00   0.186862E+01   0.186862E+01
   0.191849E+01   0.188669E+01   0.114756E+00   0.185323E+01   0.185323E+01
   0.192323E+01   0.187238E+01   0.114805E+00   0.183802E+01   0.183802E+01
   0.192797E+01   0.176679E+01   0.114596E+00   0.182299E+01   0.182299E+01
   0.193272E+01   0.183637E+01   0.114274E+00   0.180814E+01   0.180814E+01
   0.193746E+01   0.192399E+01   0.113967E+00   0.179348E+01   0.179348E+01
   0.194220E+01   0.190741E+01   0.113706E+00   0.177899E+01   0.177899E+01
   0.194695E+01   0.175243E+01   0.113245E+00   0.176469E+01   0.176469E+01
   0.195169E+01   0.183158E+01   0.113097E+00   0.175055E+01   0.175055E+01
   0.195643E+01   0.184171E+01   0.112784E+00   0.173660E+01   0.173660E+01
   0.196117E+01   0.188461E+01   0.112905E+00   0.172282E+01   0.172282E+01
   0.196592E+01   0.163155E+01   0.112717E+00   0.170920E+01   0.170920E+01
   0.197066E+01   0.170570E+01   0.112558E+00   0.169577E+01   0.169577E+01
   0.197540E+01   0.163752E+01   0.112605E+00   0.168249E+01   0.168249E+01
   0.198015E+01   0.169320E+01   0.112521E+00   0.166939E+01   0.166939E+01
   0.198489E+01   0.170282E+01   0.112611E+00   0.165645E+01   0.165645E+01
   0.198963E+01   0.165117E+01   0.112499E+00   0.164367E+01   0.164367E+01
   0.199438E+01   0.154949E+01   0.112530E+00   0.163106E+01   0.163106E+01
   0.199912E+01   0.173355E+01   0.112489E+00   0.161861E+01   0.161861E+01
   0.200386E+01   0.152527E+01   0.112354E+00   0.160631E+01   0.160631E+01
   0.200860E+01   0.159459E+01   0.112337E+00   0.159418E+01   0.159418E+01
   0.201335E+01   0.179114E+01   0.113391E+00   0.158220E+01   0.158220E+01
   0.201809E+01   0.154398E+01   0.116490E+00   0.157037E+01   0.157037E+01
   0.202283E+01   0.155307E+01   0.118247E+00   0.155869E+01   0.155869E+01
   0.202758E+01   0.145971E+01   0.119731E+00   0.154717E+01   0.154717E+01
   0.203232E+01   0.156803E+01   0.120897E+00   0.153579E+01   0.153579E+01
   0.203706E+01   0.161191E+01   0.121689E+00   0.152456E+01   0.152456E+01
   0.204180E+01   0.152990E+01   0.122714E+00   0.151348E+01   0.151348E+01
   0.204655E+01   0.134856E+01   0.123385E+00   0.150254E+01   0.150254E+01
   0.205129E+01   0.142305E+01   0.123905E+00   0.149174E+01   0.149174E+01
   0.205603E+01   0.146730E+01   0.124155E+00   0.148108E+01   0.148108E+01
   0.206078E+01   0.141104E+01   0.124335E+00   0.147056E+01   0.147056E+01
   0.206552E+01   0.149860E+01   0.124436E+00   0.146018E+01   0.146018E+01
   0.207026E+01   0.134669E+01   0.124992E+00   0.144993E+01   0.144993E+01
   0.207500E+01   0.157083E+01   0.125343E+00   0.143982E+01   0.143982E+01
   0.207975E+01   0.171768E+01   0.122818E+00   0.142984E+01   0.142984E+01
   0.208449E+01   0.154045E+01   0.119597E+00   0.141998E+01   0.141998E+01
   0.208923E+01   0.126390E+01   0.117701E+00   0.141026E+01   0.141026E+01
   0.209397E+01   0.141685E+01   0.116221E+00   0.140066E+01   0.140066E+01
   0.209872E+01   0.135162E+01   0.115113E+00   0.139118E+01   0.139118E+01
   0.210346E+01   0.139518E+01   0.114094E+00   0.138183E+01   0.138183E+01
   0.210820E+01   0.147378E+01   0.113511E+00   0.137260E+01   0.137260E+01
   0.211295E+01   0.137967E+01   0.113181E+00   0.136349E+01   0.136349E+01
   0.211769E+01   0.147368E+01   0.112842E+00   0.135449E+01   0.135449E+01
   0.212243E+01   0.124060E+01   0.112525E+00   0.134561E+01   0.134561E+01
   0.212717E+01   0.120560E+01   0.112332E+00   0.133685E+01   0.133685E+01
   0.213192E+01   0.131633E+01   0.112106E+00   0.132820E+01   0.132820E+01
   0.213666E+01   0.133129E+01   0.111968E+00   0.131965E+01   0.131965E+01
   0.214140E+01   0.130092E+01   0.111819E+00   0.131122E+01   0.131122E+01
   0.214615E+01   0.139815E+01   0.111304E+00   0.130290E+01   0.130290E+01
   0.215089E+01   0.127707E+01   0.111184E+00   0.129468E+01   0.129468E+01
   0.215563E+01   0.122203E+01   0.111118E+00   0.128657E+01   0.128657E+01
   0.216038E+01   0.120391E+01   0.110910E+00   0.127856E+01   0.127856E+01
   0.216512E+01   0.120666E+01   0.110588E+00   0.127065E+01   0.127065E+01
   0.216986E+01   0.120236E+01   0.110618E+00   0.126284E+01   0.126284E+01
   0.217460E+01   0.104603E+01   0.110203E+00   0.125513E+01   0.125513E+01
   0.217935E+01   0.132471E+01   0.110187E+00   0.124751E+01   0.124751E+01
   0.218409E+01   0.132245E+01   0.109903E+00   0.123999E+01   0.123999E+01
   0.218883E+01   0.122548E+01   0.109807E+00   0.123257E+01   0.123257E+01
   0.219358E+01   0.125278E+01   0.109717E+00   0.122523E+01   0.122523E+01
   0.219832E+01   0.121381E+01   0.109618E+00   0.121799E+01   0.121799E+01
   0.220306E+01   0.112218E+01   0.109274E+00   0.121083E+01   0.121083E+01
   0.220780E+01   0.121120E+01   0.109109E+00   0.120376E+01   0.120376E+01
   0.221255E+01   0.116628E+01   0.108878E+00   0.119678E+01   0.119678E+01
   0.221729E+01   0.115692E+01   0.108847E+00   0.118989E+01   0.118989E+01
   0.222203E+01   0.132538E+01   0.108729E+00   0.118307E+01   0.118307E+01
   0.222677E+01   0.115746E+01   0.108497E+00   0.117634E+01   0.117634E+01
   0.223152E+01   0.113851E+01   0.108468E+00   0.116969E+01   0.116969E+01
   0.223626E+01   0.114678E+01   0.108313E+00   0.116312E+01   0.116312E+01
   0.224100E+01   0.122590E+01   0.108104E+00   0.115663E+01   0.115663E+01
   0.224575E+01   0.107002E+01   0.107880E+00   0.115021E+01   0.115021E+01
   0.225049E+01   0.111935E+01   0.107868E+00   0.114387E+01   0.114387E+01
   0.225523E+01   0.114054E+01   0.107616E+00   0.113761E+01   0.113761E+01
   0.225997E+01   0.108116E+01   0.107448E+00   0.113142E+01   0.113142E+01
   0.226472E+01   0.104153E+01   0.107315E+00   0.112529E+01   0.112529E+01
   0.226946E+01   0.110052E+01   0.107354E+00   0.111925E+01   0.111925E+01
   0.227420E+01   0.881003E+00   0.107001E+00   0.111327E+01   0.111327E+01
   0.227895E+01   0.118166E+01   0.106926E+00   0.110735E+01   0.110735E+01
   0.228369E+01   0.114612E+01   0.106833E+00   0.110151E+01   0.110151E+01
   0.228843E+01   0.105879E+01   0.106686E+00   0.109573E+01   0.109573E+01
   0.229318E+01   0.116407E+01   0.106607E+00   0.109002E+01   0.109002E+01
   0.229792E+01   0.109125E+01   0.106430E+00   0.108438E+01   0.108438E+01
   0.230266E+01   0.102687E+01   0.106323E+00   0.107879E+01   0.107879E+01
   0.230740E+01   0.965570E+00   0.106151E+00   0.107327E+01   0.107327E+01
   0.231215E+01   0.842896E+00   0.105874E+00   0.106781E+01   0.106781E+01
   0.231689E+01   0.100115E+01   0.105882E+00   0.106241E+01   0.106241E+01
   0.232163E+01   0.989105E+00   0.105690E+00   0.105708E+01   0.105708E+01
   0.232638E+01   0.116292E+01   0.105540E+00   0.105180E+01   0.105180E+01
   0.233112E+01   0.969261E+00   0.105429E+00   0.104658E+01   0.104658E+01
   0.233586E+01   0.990546E+00   0.105364E+00   0.104141E+01   0.104141E+01
   0.234060E+01   0.939715E+00   0.105229E+00   0.103630E+01   0.103630E+01
   0.234535E+01   0.112708E+01   0.105223E+00   0.103125E+01   0.103125E+01
   0.235009E+01   0.109306E+01   0.105034E+00   0.102626E+01   0.102626E+01
   0.235483E+01   0.965538E+00   0.104953E+00   0.102131E+01   0.102131E+01
   0.235957E+01   0.947592E+00   0.104960E+00   0.101643E+01   0.101643E+01
   0.236432E+01   0.981734E+00   0.104761E+00   0.101159E+01   0.101159E+01
   0.236906E+01   0.973449E+00   0.104702E+00   0.100681E+01   0.100681E+01
   0.237380E+01   0.112483E+01   0.104469E+00   0.100208E+01   0.100208E+01
   0.237855E+01   0.998045E+00   0.104509E+00   0.997395E+00   0.997395E+00
   0.238329E+01   0.967472E+00   0.104247E+00   0.992767E+00   0.992767E+00
   0.238803E+01   0.939015E+00   0.104036E+00   0.988185E+00   0.988185E+00
   0.239277E+01   0.870543E+00   0.103863E+00   0.983656E+00   0.983656E+00
   0.239752E+01   0.974203E+00   0.103844E+00   0.979174E+00   0.979174E+00
   0.240226E+01   0.980066E+00   0.103799E+00   0.974741E+00   0.974741E+00
   0.240700E+01   0.926637E+00   0.103612E+00   0.970356E+00   0.970356E+00
   0.241175E+01   0.944797E+00   0.103609E+00   0.966018E+00   0.966018E+00
   0.241649E+01   0.101773E+01   0.103632E+00   0.961727E+00   0.961727E+00
   0.242123E+01   0.860957E+00   0.103361E+00   0.957483E+00   0.957483E+00
   0.242598E+01   0.884681E+00   0.103227E+00   0.953285E+00   0.953285E+00
   0.243072E+01   0.915302E+00   0.103121E+00   0.949134E+00   0.949134E+00
   0.243546E+01   0.869562E+00   0.103136E+00   0.945027E+00   0.945027E+00
   0.244020E+01   0.834133E+00   0.102922E+00   0.940966E+00   0.940966E+00
   0.244495E+01   0.914341E+00   0.102854E+00   0.936949E+00   0.936949E+00
   0.244969E+01   0.906835E+00   0.102814E+00   0.932977E+00   0.932977E+00
   0.245443E+01   0.831763E+00   0.102540E+00   0.929048E+00   0.929048E+00
   0.245918E+01   0.925178E+00   0.102477E+00   0.925164E+00   0.925164E+00
   0.246392E+01   0.896235E+00   0.102386E+00   0.921324E+00   0.921324E+00
   0.246866E+01   0.892362E+00   0.102356E+00   0.917527E+00   0.917527E+00
   0.247340E+01   0.845610E+00   0.102026E+00   0.913772E+00   0.913772E+00
   0.247815E+01   0.104365E+01   0.102161E+00   0.910060E+00   0.910060E+00
   0.248289E+01   0.884178E+00   0.101999E+00   0.906391E+00   0.906391E+00
   0.248763E+01   0.736555E+00   0.101772E+00   0.902765E+00   0.902765E+00
   0.249238E+01   0.857773E+00   0.101771E+00   0.899180E+00   0.899180E+00
   0.249712E+01   0.966971E+00   0.101594E+00   0.895637E+00   0.895637E+00
   0.250186E+01   0.929321E+00   0.101427E+00   0.892137E+00   0.892137E+00
   0.250660E+01   0.886060E+00   0.101406E+00   0.888678E+00   0.888678E+00
   0.251135E+01   0.996569E+00   0.101406E+00   0.885260E+00   0.885260E+00
   0.251609E+01   0.900830E+00   0.101233E+00   0.881883E+00   0.881883E+00
   0.252083E+01   0.796751E+00   0.101023E+00   0.878548E+00   0.878548E+00
   0.252558E+01   0.743969E+00   0.100686E+00   0.875253E+00   0.875253E+00
   0.253032E+01   0.831196E+00   0.100467E+00   0.872000E+00   0.872000E+00
   0.253506E+01   0.932498E+00   0.100366E+00   0.868787E+00   0.868787E+00
   0.253980E+01   0.857547E+00   0.100488E+00   0.865615E+00   0.865615E+00
   0.254455E+01   0.873161E+00   0.100193E+00   0.862482E+00   0.862482E+00
   0.254929E+01   0.793075E+00   0.100145E+00   0.859391E+00   0.859391E+00
   0.255403E+01   0.802157E+00   0.100137E+00   0.856339E+00   0.856339E+00
   0.255878E+01   0.738737E+00   0.998894E-01   0.853327E+00   0.853327E+00
   0.256352E+01   0.828692E+00   0.997606E-01   0.850355E+00   0.850355E+00
   0.256826E+01   0.715708E+00   0.998807E-01   0.847424E+00   0.847424E+00
   0.257300E+01   0.758343E+00   0.999018E-01   0.844531E+00   0.844531E+00
   0.257775E+01   0.861775E+00   0.999440E-01   0.841678E+00   0.841678E+00
   0.258249E+01   0.960345E+00   0.999104E-01   0.838865E+00   0.838865E+00
   0.258723E+01   0.913708E+00   0.998226E-01   0.836091E+00   0.836091E+00
   0.259198E+01   0.795264E+00   0.996450E-01   0.833356E+00   0.833356E+00
   0.259672E+01   0.830945E+00   0.995121E-01   0.830660E+00   0.830660E+00
   0.260146E+01   0.837478E+00   0.994532E-01   0.828003E+00   0.828003E+00
   0.260620E+01   0.824749E+00   0.993447E-01   0.825384E+00   0.825384E+00
   0.261095E+01   0.930854E+00   0.995067E-01   0.822805E+00   0.822805E+00
   0.261569E+01   0.793312E+00   0.992492E-01   0.820265E+00   0.820265E+00
   0.262043E+01   0.675819E+00   0.990112E-01   0.817762E+00   0.817762E+00
   0.262518E+01   0.783737E+00   0.990131E-01   0.815298E+00   0.815298E+00
   0.262992E+01   0.855131E+00   0.990233E-01   0.812871E+00   0.812871E+00
   0.263466E+01   0.887896E+00   0.988414E-01   0.810483E+00   0.810483E+00
   0.263940E+01   0.792332E+00   0.987882E-01   0.808133E+00   0.808133E+00
   0.264415E+01   0.736260E+00   0.987052E-01   0.805819E+00   0.805819E+00
   0.264889E+01   0.784149E+00   0.985665E-01   0.803544E+00   0.803544E+00
   0.265363E+01   0.824840E+00   0.984474E-01   0.801305E+00   0.801305E+00
   0.265838E+01   0.887970E+00   0.984364E-01   0.799104E+00   0.799104E+00
   0.266312E+01   0.816433E+00   0.983841E-01   0.796939E+00   0.796939E+00
   0.266786E+01   0.724419E+00   0.981399E-01   0.794811E+00   0.794811E+00
   0.267260E+01   0.835957E+00   0.980601E-01   0.792719E+00   0.792719E+00
   0.267735E+01   0.754575E+00   0.979453E-01   0.790663E+00   0.790663E+00
   0.268209E+01   0.734679E+00   0.980040E-01   0.788644E+00   0.788644E+00
   0.268683E+01   0.774189E+00   0.979107E-01   0.786659E+00   0.786659E+00
   0.269158E+01   0.701487E+00   0.978352E-01   0.784710E+00   0.784710E+00
   0.269632E+01   0.787126E+00   0.977164E-01   0.782797E+00   0.782797E+00
   0.270106E+01   0.837037E+00   0.974658E-01   0.780918E+00   0.780918E+00
   0.270580E+01   0.950539E+00   0.974871E-01   0.779073E+00   0.779073E+00
   0.271055E+01   0.782474E+00   0.975231E-01   0.777264E+00   0.777264E+00
   0.271529E+01   0.746497E+00   0.973791E-01   0.775487E+00   0.775487E+00
   0.272003E+01   0.728233E+00   0.973082E-01   0.773744E+00   0.773744E+00
   0.272478E+01   0.739871E+00   0.971286E-01   0.772034E+00   0.772034E+00
   0.272952E+01   0.914610E+00   0.971687E-01   0.770358E+00   0.770358E+00
   0.273426E+01   0.904522E+00   0.970084E-01   0.768714E+00   0.768714E+00
   0.273901E+01   0.751277E+00   0.967173E-01   0.767102E+00   0.767102E+00
   0.274375E+01   0.688774E+00   0.968491E-01   0.765522E+00   0.765522E+00
   0.274849E+01   0.729162E+00   0.966744E-01   0.763973E+00   0.763973E+00
   0.275323E+01   0.820122E+00   0.966663E-01   0.762456E+00   0.762456E+00
   0.275798E+01   0.795377E+00   0.964631E-01   0.760968E+00   0.760968E+00
   0.276272E+01   0.767910E+00   0.964460E-01   0.759511E+00   0.759511E+00
   0.276746E+01   0.753715E+00   0.964335E-01   0.758083E+00   0.758083E+00
   0.277221E+01   0.684351E+00   0.962517E-01   0.756685E+00   0.756685E+00
   0.277695E+01   0.803130E+00   0.963188E-01   0.755315E+00   0.755315E+00
   0.278169E+01   0.775115E+00   0.961927E-01   0.753974E+00   0.753974E+00
   0.278643E+01   0.729855E+00   0.959789E-01   0.752661E+00   0.752661E+00
   0.279118E+01   0.659825E+00   0.958502E-01   0.751374E+00   0.751374E+00
   0.279592E+01   0.912780E+00   0.959541E-01   0.750115E+00   0.750115E+00
   0.280066E+01   0.762747E+00   0.958326E-01   0.748881E+00   0.748881E+00
   0.280540E+01   0.715360E+00   0.956686E-01   0.747674E+00   0.747674E+00
   0.281015E+01   0.721524E+00   0.957367E-01   0.746491E+00   0.746491E+00
   0.281489E+01   0.656871E+00   0.956987E-01   0.745333E+00   0.745333E+00
   0.281963E+01   0.667841E+00   0.976433E-01   0.744200E+00   0.744200E+00
   0.282438E+01   0.783121E+00   0.996339E-01   0.743089E+00   0.743089E+00
   0.282912E+01   0.797810E+00   0.100901E+00   0.742001E+00   0.742001E+00
   0.283386E+01   0.870416E+00   0.101802E+00   0.740939E+00   0.740939E+00
   0.283860E+01   0.807047E+00   0.102626E+00   0.739892E+00   0.739892E+00
   0.284335E+01   0.829158E+00   0.103079E+00   0.738870E+00   0.738870E+00
   0.284809E+01   0.847248E+00   0.103505E+00   0.737868E+00   0.737868E+00
   0.285283E+01   0.745490E+00   0.103695E+00   0.736885E+00   0.736885E+00
   0.285758E+01   0.736952E+00   0.103933E+00   0.735922E+00   0.735922E+00
   0.286232E+01   0.659474E+00   0.104153E+00   0.734977E+00   0.734977E+00
   0.286706E+01   0.773680E+00   0.104399E+00   0.734050E+00   0.734050E+00
   0.287181E+01   0.820710E+00   0.104592E+00   0.733140E+00   0.733140E+00
   0.287655E+01   0.664665E+00   0.104793E+00   0.732247E+00   0.732247E+00
   0.288129E+01   0.750172E+00   0.104666E+00   0.731369E+00   0.731369E+00
   0.288603E+01   0.827451E+00   0.101935E+00   0.730507E+00   0.730507E+00
   0.289078E+01   0.712506E+00   0.100236E+00   0.729659E+00   0.729659E+00
   0.289552E+01   0.681434E+00   0.990888E-01   0.728825E+00   0.728825E+00
   0.290026E+01   0.734756E+00   0.983072E-01   0.728004E+00   0.728004E+00
   0.290501E+01   0.690985E+00   0.977332E-01   0.727196E+00   0.727196E+00
   0.290975E+01   0.783745E+00   0.973859E-01   0.726398E+00   0.726398E+00
   0.291449E+01   0.736042E+00   0.970981E-01   0.725612E+00   0.725612E+00
   0.291923E+01   0.683235E+00   0.968360E-01   0.724837E+00   0.724837E+00
   0.292398E+01   0.732296E+00   0.967575E-01   0.724070E+00   0.724070E+00
   0.292872E+01   0.692773E+00   0.965595E-01   0.723312E+00   0.723312E+00
   0.293346E+01   0.680758E+00   0.963790E-01   0.722563E+00   0.722563E+00
   0.293820E+01   0.646705E+00   0.961172E-01   0.721821E+00   0.721821E+00
   0.294295E+01   0.769441E+00   0.961028E-01   0.721085E+00   0.721085E+00
   0.294769E+01   0.807266E+00   0.961238E-01   0.720356E+00   0.720356E+00
   0.295243E+01   0.760142E+00   0.957946E-01   0.719631E+00   0.719631E+00
   0.295718E+01   0.744220E+00   0.955898E-01   0.718911E+00   0.718911E+00
   0.296192E+01   0.609041E+00   0.955285E-01   0.718195E+00   0.718195E+00
   0.296666E+01   0.749295E+00   0.952352E-01   0.717481E+00   0.717481E+00
   0.297140E+01   0.774192E+00   0.951132E-01   0.716770E+00   0.716770E+00
   0.297615E+01   0.790484E+00   0.951045E-01   0.716061E+00   0.716061E+00
   0.298089E+01   0.712293E+00   0.949594E-01   0.715353E+00   0.715353E+00
   0.298563E+01   0.798025E+00   0.948778E-01   0.714644E+00   0.714644E+00
   0.299038E+01   0.796713E+00   0.947363E-01   0.713935E+00   0.713935E+00
   0.299512E+01   0.824968E+00   0.946718E-01   0.713225E+00   0.713225E+00
   0.299986E+01   0.831483E+00   0.945890E-01   0.712513E+00   0.712513E+00

           ####      Real Space Data                               ####

           Distance distribution  function of particle  


      R          P(R)      ERROR

  0.0000E+00  0.0000E+00  0.0000E+00
  0.3603E-01  0.1924E-01  0.4511E-03
  0.7206E-01  0.3859E-01  0.8397E-03
  0.1081E+00  0.5806E-01  0.1167E-02
  0.1441E+00  0.7763E-01  0.1433E-02
  0.1802E+00  0.9731E-01  0.1640E-02
  0.2162E+00  0.1171E+00  0.1791E-02
  0.2522E+00  0.1370E+00  0.1887E-02
  0.2883E+00  0.1570E+00  0.1932E-02
  0.3243E+00  0.1771E+00  0.1929E-02
  0.3603E+00  0.1973E+00  0.1882E-02
  0.3963E+00  0.2177E+00  0.1795E-02
  0.4324E+00  0.2381E+00  0.1673E-02
  0.4684E+00  0.2586E+00  0.1523E-02
  0.5044E+00  0.2792E+00  0.1351E-02
  0.5405E+00  0.2999E+00  0.1168E-02
  0.5765E+00  0.3207E+00  0.9893E-03
  0.6125E+00  0.3416E+00  0.8386E-03
  0.6486E+00  0.3625E+00  0.7531E-03
  0.6846E+00  0.3835E+00  0.7682E-03
  0.7206E+00  0.4045E+00  0.8845E-03
  0.7567E+00  0.4256E+00  0.1070E-02
  0.7927E+00  0.4466E+00  0.1290E-02
  0.8287E+00  0.4677E+00  0.1526E-02
  0.8648E+00  0.4887E+00  0.1762E-02
  0.9008E+00  0.5097E+00  0.1992E-02
  0.9368E+00  0.5307E+00  0.2208E-02
  0.9729E+00  0.5515E+00  0.2406E-02
  0.1009E+01  0.5722E+00  0.2583E-02
  0.1045E+01  0.5928E+00  0.2737E-02
  0.1081E+01  0.6132E+00  0.2864E-02
  0.1117E+01  0.6334E+00  0.2963E-02
  0.1153E+01  0.6534E+00  0.3034E-02
  0.1189E+01  0.6730E+00  0.3076E-02
  0.1225E+01  0.6924E+00  0.3088E-02
  0.1261E+01  0.7114E+00  0.3072E-02
  0.1297E+01  0.7301E+00  0.3029E-02
  0.1333E+01  0.7483E+00  0.2959E-02
  0.1369E+01  0.7660E+00  0.2866E-02
  0.1405E+01  0.7833E+00  0.2751E-02
  0.1441E+01  0.8000E+00  0.2620E-02
  0.1477E+01  0.8161E+00  0.2476E-02
  0.1513E+01  0.8316E+00  0.2324E-02
  0.1549E+01  0.8464E+00  0.2172E-02
  0.1585E+01  0.8605E+00  0.2027E-02
  0.1621E+01  0.8739E+00  0.1900E-02
  0.1657E+01  0.8865E+00  0.1799E-02
  0.1693E+01  0.8983E+00  0.1736E-02
  0.1730E+01  0.9093E+00  0.1717E-02
  0.1766E+01  0.9194E+00  0.1745E-02
  0.1802E+01  0.9286E+00  0.1817E-02
  0.1838E+01  0.9369E+00  0.1925E-02
  0.1874E+01  0.9443E+00  0.2058E-02
  0.1910E+01  0.9507E+00  0.2208E-02
  0.1946E+01  0.9561E+00  0.2364E-02
  0.1982E+01  0.9606E+00  0.2520E-02
  0.2018E+01  0.9640E+00  0.2669E-02
  0.2054E+01  0.9665E+00  0.2807E-02
  0.2090E+01  0.9680E+00  0.2930E-02
  0.2126E+01  0.9685E+00  0.3035E-02
  0.2162E+01  0.9680E+00  0.3119E-02
  0.2198E+01  0.9665E+00  0.3182E-02
  0.2234E+01  0.9641E+00  0.3222E-02
  0.2270E+01  0.9608E+00  0.3239E-02
  0.2306E+01  0.9566E+00  0.3233E-02
  0.2342E+01  0.9515E+00  0.3206E-02
  0.2378E+01  0.9455E+00  0.3159E-02
  0.2414E+01  0.9387E+00  0.3094E-02
  0.2450E+01  0.9312E+00  0.3013E-02
  0.2486E+01  0.9229E+00  0.2921E-02
  0.2522E+01  0.9139E+00  0.2820E-02
  0.2558E+01  0.9043E+00  0.2717E-02
  0.2594E+01  0.8941E+00  0.2617E-02
  0.2630E+01  0.8833E+00  0.2525E-02
  0.2666E+01  0.8721E+00  0.2449E-02
  0.2702E+01  0.8604E+00  0.2393E-02
  0.2738E+01  0.8483E+00  0.2363E-02
  0.2774E+01  0.8359E+00  0.2363E-02
  0.2810E+01  0.8232E+00  0.2392E-02
  0.2847E+01  0.8102E+00  0.2450E-02
  0.2883E+01  0.7971E+00  0.2533E-02
  0.2919E+01  0.7839E+00  0.2636E-02
  0.2955E+01  0.7706E+00  0.2752E-02
  0.2991E+01  0.7573E+00  0.2877E-02
  0.3027E+01  0.7440E+00  0.3005E-02
  0.3063E+01  0.7308E+00  0.3130E-02
  0.3099E+01  0.7177E+00  0.3249E-02
  0.3135E+01  0.7047E+00  0.3358E-02
  0.3171E+01  0.6920E+00  0.3454E-02
  0.3207E+01  0.6794E+00  0.3536E-02
  0.3243E+01  0.6672E+00  0.3601E-02
  0.3279E+01  0.6552E+00  0.3648E-02
  0.3315E+01  0.6435E+00  0.3679E-02
  0.3351E+01  0.6322E+00  0.3692E-02
  0.3387E+01  0.6212E+00  0.3689E-02
  0.3423E+01  0.6105E+00  0.3672E-02
  0.3459E+01  0.6003E+00  0.3643E-02
  0.3495E+01  0.5904E+00  0.3604E-02
  0.3531E+01  0.5808E+00  0.3559E-02
  0.3567E+01  0.5717E+00  0.3512E-02
  0.3603E+01  0.5629E+00  0.3468E-02
  0.3639E+01  0.5544E+00  0.3429E-02
  0.3675E+01  0.5463E+00  0.3402E-02
  0.3711E+01  0.5386E+00  0.3389E-02
  0.3747E+01  0.5311E+00  0.3394E-02
  0.3783E+01  0.5239E+00  0.3419E-02
  0.3819E+01  0.5170E+00  0.3465E-02
  0.3855E+01  0.5103E+00  0.3532E-02
  0.3891E+01  0.5038E+00  0.3618E-02
  0.3927E+01  0.4975E+00  0.3720E-02
  0.3963E+01  0.4913E+00  0.3835E-02
  0.4000E+01  0.4853E+00  0.3959E-02
  0.4036E+01  0.4794E+00  0.4087E-02
  0.4072E+01  0.4735E+00  0.4216E-02
  0.4108E+01  0.4677E+00  0.4342E-02
  0.4144E+01  0.4618E+00  0.4460E-02
  0.4180E+01  0.4560E+00  0.4569E-02
  0.4216E+01  0.4501E+00  0.4665E-02
  0.4252E+01  0.4441E+00  0.4746E-02
  0.4288E+01  0.4380E+00  0.4810E-02
  0.4324E+01  0.4318E+00  0.4856E-02
  0.4360E+01  0.4254E+00  0.4884E-02
  0.4396E+01  0.4189E+00  0.4894E-02
  0.4432E+01  0.4122E+00  0.4885E-02
  0.4468E+01  0.4054E+00  0.4860E-02
  0.4504E+01  0.3983E+00  0.4819E-02
  0.4540E+01  0.3911E+00  0.4764E-02
  0.4576E+01  0.3837E+00  0.4699E-02
  0.4612E+01  0.3760E+00  0.4626E-02
  0.4648E+01  0.3682E+00  0.4550E-02
  0.4684E+01  0.3602E+00  0.4473E-02
  0.4720E+01  0.3520E+00  0.4400E-02
  0.4756E+01  0.3437E+00  0.4336E-02
  0.4792E+01  0.3352E+00  0.4283E-02
  0.4828E+01  0.3266E+00  0.4246E-02
  0.4864E+01  0.3179E+00  0.4227E-02
  0.4900E+01  0.3091E+00  0.4228E-02
  0.4936E+01  0.3003E+00  0.4250E-02
  0.4972E+01  0.2914E+00  0.4290E-02
  0.5008E+01  0.2825E+00  0.4349E-02
  0.5044E+01  0.2737E+00  0.4422E-02
  0.5080E+01  0.2649E+00  0.4506E-02
  0.5117E+01  0.2562E+00  0.4597E-02
  0.5153E+01  0.2476E+00  0.4691E-02
  0.5189E+01  0.2392E+00  0.4784E-02
  0.5225E+01  0.2310E+00  0.4872E-02
  0.5261E+01  0.2229E+00  0.4951E-02
  0.5297E+01  0.2151E+00  0.5018E-02
  0.5333E+01  0.2076E+00  0.5070E-02
  0.5369E+01  0.2003E+00  0.5107E-02
  0.5405E+01  0.1934E+00  0.5126E-02
  0.5441E+01  0.1867E+00  0.5127E-02
  0.5477E+01  0.1805E+00  0.5110E-02
  0.5513E+01  0.1745E+00  0.5077E-02
  0.5549E+01  0.1690E+00  0.5029E-02
  0.5585E+01  0.1638E+00  0.4969E-02
  0.5621E+01  0.1589E+00  0.4900E-02
  0.5657E+01  0.1545E+00  0.4827E-02
  0.5693E+01  0.1504E+00  0.4755E-02
  0.5729E+01  0.1467E+00  0.4690E-02
  0.5765E+01  0.1433E+00  0.4638E-02
  0.5801E+01  0.1402E+00  0.4604E-02
  0.5837E+01  0.1375E+00  0.4595E-02
  0.5873E+01  0.1350E+00  0.4615E-02
  0.5909E+01  0.1328E+00  0.4666E-02
  0.5945E+01  0.1307E+00  0.4749E-02
  0.5981E+01  0.1289E+00  0.4863E-02
  0.6017E+01  0.1271E+00  0.5003E-02
  0.6053E+01  0.1255E+00  0.5166E-02
  0.6089E+01  0.1238E+00  0.5343E-02
  0.6125E+01  0.1222E+00  0.5527E-02
  0.6161E+01  0.1204E+00  0.5711E-02
  0.6197E+01  0.1185E+00  0.5886E-02
  0.6233E+01  0.1165E+00  0.6044E-02
  0.6270E+01  0.1141E+00  0.6176E-02
  0.6306E+01  0.1114E+00  0.6275E-02
  0.6342E+01  0.1083E+00  0.6331E-02
  0.6378E+01  0.1047E+00  0.6339E-02
  0.6414E+01  0.1006E+00  0.6289E-02
  0.6450E+01  0.9592E-01  0.6175E-02
  0.6486E+01  0.9052E-01  0.5990E-02
  0.6522E+01  0.8437E-01  0.5726E-02
  0.6558E+01  0.7740E-01  0.5377E-02
  0.6594E+01  0.6953E-01  0.4936E-02
  0.6630E+01  0.6071E-01  0.4396E-02
  0.6666E+01  0.5086E-01  0.3751E-02
  0.6702E+01  0.3993E-01  0.2995E-02
  0.6738E+01  0.2785E-01  0.2122E-02
  0.6774E+01  0.1456E-01  0.1126E-02
  0.6810E+01  0.0000E+00  0.0000E+00
