
           ####      G N O M             Version 5.0 (r13469)      ####
                                               Wed Dec 15 15:10:10 2021

           ####      Configuration                                 ####

    System Type:                   arbitrary monodisperse (job = 0)
    Minimum characteristic size:         0.0000
    Maximum characteristic size:         6.9800
    rad56:                               0.0000
    Force 0.0 at r = rmin:                  yes
    Force 0.0 at r = rmax:                  yes
    Initial alpha:                       0.0000
    Initial random seed:    1434331168676261476
    Points in real space:                   190

    Input  1:                      temp-inp.dat
    First data point used:                    1
    Last data point used:                   570
    Scaling coefficient:             0.1000E+01
    Experimental setup:            point collimation



           ####      Results                                       ####

    Parameter    DISCRP  OSCILL  STABIL  SYSDEV  POSITV  VALCEN  SMOOTH
    Weight        1.000   3.000   3.000   3.000   1.000   1.000   1.000
    Sigma         0.300   0.600   0.120   0.120   0.120   0.120   0.600
    Ideal         0.700   1.100   0.000   1.000   1.000   0.950   0.000
    Current       0.486   1.309   0.012   0.893   1.000   0.870   2.001
               --------------------------------------------------------
    Estimate      0.600   0.885   0.990   0.450   1.000   0.638   0.000

    Angular range:                       0.3012 to       2.9999
    Reciprocal space Rg:             0.2189E+01
    Reciprocal space I(0):           0.3358E+02

    Real space range:                    0.0000 to       6.9800
    Real space Rg:                   0.2199E+01 +-   0.6725E-02
    Real space I(0):                 0.3358E+02 +-   0.7345E-01

    Highest ALPHA (theor):           0.2510E+02
    Current ALPHA:                   0.3191E+01

    Total Estimate:                      0.7090 (a REASONABLE solution)



           ####      Experimental Data and Fit                     ####

      S          J EXP       ERROR       J REG       I REG

   0.000000E+00                                                0.335805E+02
   0.107561E-01                                                0.335743E+02
   0.215123E-01                                                0.335555E+02
   0.322684E-01                                                0.335242E+02
   0.430246E-01                                                0.334805E+02
   0.537807E-01                                                0.334244E+02
   0.645368E-01                                                0.333560E+02
   0.752930E-01                                                0.332753E+02
   0.860491E-01                                                0.331826E+02
   0.968053E-01                                                0.330778E+02
   0.107561E+00                                                0.329611E+02
   0.118318E+00                                                0.328327E+02
   0.129074E+00                                                0.326927E+02
   0.139830E+00                                                0.325414E+02
   0.150586E+00                                                0.323788E+02
   0.161342E+00                                                0.322052E+02
   0.172098E+00                                                0.320209E+02
   0.182854E+00                                                0.318260E+02
   0.193611E+00                                                0.316208E+02
   0.204367E+00                                                0.314056E+02
   0.215123E+00                                                0.311806E+02
   0.225879E+00                                                0.309460E+02
   0.236635E+00                                                0.307022E+02
   0.247391E+00                                                0.304495E+02
   0.258147E+00                                                0.301882E+02
   0.268903E+00                                                0.299185E+02
   0.279660E+00                                                0.296408E+02
   0.290416E+00                                                0.293554E+02
   0.301172E+00   0.290338E+02   0.199339E+00   0.290627E+02   0.290627E+02
   0.305915E+00   0.289496E+02   0.197429E+00   0.289314E+02   0.289314E+02
   0.310658E+00   0.287004E+02   0.195341E+00   0.287987E+02   0.287987E+02
   0.315400E+00   0.286767E+02   0.193523E+00   0.286647E+02   0.286647E+02
   0.320143E+00   0.289717E+02   0.192146E+00   0.285295E+02   0.285295E+02
   0.324886E+00   0.280022E+02   0.189730E+00   0.283930E+02   0.283930E+02
   0.329629E+00   0.281133E+02   0.188259E+00   0.282553E+02   0.282553E+02
   0.334372E+00   0.281490E+02   0.186944E+00   0.281164E+02   0.281164E+02
   0.339115E+00   0.280826E+02   0.187700E+00   0.279764E+02   0.279764E+02
   0.343858E+00   0.280614E+02   0.189625E+00   0.278352E+02   0.278352E+02
   0.348601E+00   0.277779E+02   0.194119E+00   0.276929E+02   0.276929E+02
   0.353343E+00   0.277027E+02   0.197433E+00   0.275496E+02   0.275496E+02
   0.358086E+00   0.275288E+02   0.199416E+00   0.274052E+02   0.274052E+02
   0.362829E+00   0.275144E+02   0.201255E+00   0.272598E+02   0.272598E+02
   0.367572E+00   0.272921E+02   0.202574E+00   0.271135E+02   0.271135E+02
   0.372315E+00   0.270900E+02   0.203789E+00   0.269662E+02   0.269662E+02
   0.377058E+00   0.267221E+02   0.204689E+00   0.268179E+02   0.268179E+02
   0.381801E+00   0.268111E+02   0.205768E+00   0.266689E+02   0.266689E+02
   0.386543E+00   0.264977E+02   0.206416E+00   0.265189E+02   0.265189E+02
   0.391286E+00   0.264631E+02   0.206701E+00   0.263681E+02   0.263681E+02
   0.396029E+00   0.260433E+02   0.207008E+00   0.262166E+02   0.262166E+02
   0.400772E+00   0.260766E+02   0.208048E+00   0.260643E+02   0.260643E+02
   0.405515E+00   0.258013E+02   0.215216E+00   0.259112E+02   0.259112E+02
   0.410258E+00   0.255292E+02   0.220321E+00   0.257575E+02   0.257575E+02
   0.415001E+00   0.256066E+02   0.224956E+00   0.256030E+02   0.256030E+02
   0.419744E+00   0.254236E+02   0.227990E+00   0.254480E+02   0.254480E+02
   0.424486E+00   0.253812E+02   0.231933E+00   0.252923E+02   0.252923E+02
   0.429229E+00   0.249975E+02   0.234862E+00   0.251361E+02   0.251361E+02
   0.433972E+00   0.246097E+02   0.238164E+00   0.249793E+02   0.249793E+02
   0.438715E+00   0.246489E+02   0.241481E+00   0.248220E+02   0.248220E+02
   0.443458E+00   0.245542E+02   0.244499E+00   0.246642E+02   0.246642E+02
   0.448201E+00   0.241332E+02   0.247922E+00   0.245060E+02   0.245060E+02
   0.452944E+00   0.244905E+02   0.252297E+00   0.243473E+02   0.243473E+02
   0.457686E+00   0.243553E+02   0.254621E+00   0.241882E+02   0.241882E+02
   0.462429E+00   0.240142E+02   0.256432E+00   0.240288E+02   0.240288E+02
   0.467172E+00   0.240158E+02   0.255135E+00   0.238690E+02   0.238690E+02
   0.471915E+00   0.239910E+02   0.245590E+00   0.237089E+02   0.237089E+02
   0.476658E+00   0.238983E+02   0.240206E+00   0.235485E+02   0.235485E+02
   0.481401E+00   0.235339E+02   0.236841E+00   0.233879E+02   0.233879E+02
   0.486144E+00   0.233279E+02   0.234238E+00   0.232271E+02   0.232271E+02
   0.490887E+00   0.229550E+02   0.231390E+00   0.230660E+02   0.230660E+02
   0.495629E+00   0.231216E+02   0.229920E+00   0.229048E+02   0.229048E+02
   0.500372E+00   0.227246E+02   0.228138E+00   0.227435E+02   0.227435E+02
   0.505115E+00   0.225263E+02   0.226282E+00   0.225820E+02   0.225820E+02
   0.509858E+00   0.223280E+02   0.224578E+00   0.224205E+02   0.224205E+02
   0.514601E+00   0.223896E+02   0.223587E+00   0.222589E+02   0.222589E+02
   0.519344E+00   0.220993E+02   0.222177E+00   0.220973E+02   0.220973E+02
   0.524087E+00   0.215933E+02   0.220717E+00   0.219356E+02   0.219356E+02
   0.528829E+00   0.219191E+02   0.220134E+00   0.217740E+02   0.217740E+02
   0.533572E+00   0.216911E+02   0.218264E+00   0.216125E+02   0.216125E+02
   0.538315E+00   0.217907E+02   0.216267E+00   0.214510E+02   0.214510E+02
   0.543058E+00   0.211610E+02   0.214473E+00   0.212896E+02   0.212896E+02
   0.547801E+00   0.209403E+02   0.212770E+00   0.211284E+02   0.211284E+02
   0.552544E+00   0.209739E+02   0.211369E+00   0.209673E+02   0.209673E+02
   0.557287E+00   0.209550E+02   0.209944E+00   0.208063E+02   0.208063E+02
   0.562029E+00   0.207961E+02   0.208020E+00   0.206456E+02   0.206456E+02
   0.566772E+00   0.207702E+02   0.206913E+00   0.204851E+02   0.204851E+02
   0.571515E+00   0.202219E+02   0.204933E+00   0.203249E+02   0.203249E+02
   0.576258E+00   0.199988E+02   0.203215E+00   0.201649E+02   0.201649E+02
   0.581001E+00   0.199891E+02   0.202349E+00   0.200052E+02   0.200052E+02
   0.585744E+00   0.197326E+02   0.201128E+00   0.198458E+02   0.198458E+02
   0.590487E+00   0.197125E+02   0.200422E+00   0.196868E+02   0.196868E+02
   0.595230E+00   0.195889E+02   0.199889E+00   0.195282E+02   0.195282E+02
   0.599972E+00   0.193263E+02   0.199397E+00   0.193699E+02   0.193699E+02
   0.604715E+00   0.191598E+02   0.198129E+00   0.192120E+02   0.192120E+02
   0.609458E+00   0.190949E+02   0.197680E+00   0.190546E+02   0.190546E+02
   0.614201E+00   0.187269E+02   0.197057E+00   0.188976E+02   0.188976E+02
   0.618944E+00   0.186180E+02   0.196008E+00   0.187411E+02   0.187411E+02
   0.623687E+00   0.183590E+02   0.195375E+00   0.185850E+02   0.185850E+02
   0.628430E+00   0.182497E+02   0.194785E+00   0.184295E+02   0.184295E+02
   0.633173E+00   0.183213E+02   0.194186E+00   0.182745E+02   0.182745E+02
   0.637915E+00   0.177080E+02   0.193247E+00   0.181200E+02   0.181200E+02
   0.642658E+00   0.179414E+02   0.192795E+00   0.179661E+02   0.179661E+02
   0.647401E+00   0.175144E+02   0.192320E+00   0.178128E+02   0.178128E+02
   0.652144E+00   0.175568E+02   0.191280E+00   0.176601E+02   0.176601E+02
   0.656887E+00   0.177050E+02   0.190828E+00   0.175080E+02   0.175080E+02
   0.661630E+00   0.171801E+02   0.190050E+00   0.173565E+02   0.173565E+02
   0.666373E+00   0.171535E+02   0.189710E+00   0.172057E+02   0.172057E+02
   0.671115E+00   0.171736E+02   0.188873E+00   0.170556E+02   0.170556E+02
   0.675858E+00   0.167952E+02   0.188227E+00   0.169061E+02   0.169061E+02
   0.680601E+00   0.167005E+02   0.187722E+00   0.167574E+02   0.167574E+02
   0.685344E+00   0.165075E+02   0.187118E+00   0.166093E+02   0.166093E+02
   0.690087E+00   0.162612E+02   0.186165E+00   0.164620E+02   0.164620E+02
   0.694830E+00   0.163106E+02   0.185905E+00   0.163154E+02   0.163154E+02
   0.699573E+00   0.163832E+02   0.185743E+00   0.161695E+02   0.161695E+02
   0.704315E+00   0.159778E+02   0.184989E+00   0.160245E+02   0.160245E+02
   0.709058E+00   0.159772E+02   0.184375E+00   0.158802E+02   0.158802E+02
   0.713801E+00   0.158452E+02   0.183585E+00   0.157367E+02   0.157367E+02
   0.718544E+00   0.154670E+02   0.182728E+00   0.155940E+02   0.155940E+02
   0.723287E+00   0.155282E+02   0.182600E+00   0.154521E+02   0.154521E+02
   0.728030E+00   0.150811E+02   0.181586E+00   0.153111E+02   0.153111E+02
   0.732773E+00   0.148897E+02   0.181250E+00   0.151709E+02   0.151709E+02
   0.737515E+00   0.147730E+02   0.180208E+00   0.150315E+02   0.150315E+02
   0.742258E+00   0.149326E+02   0.180207E+00   0.148930E+02   0.148930E+02
   0.747001E+00   0.149353E+02   0.179815E+00   0.147554E+02   0.147554E+02
   0.751744E+00   0.146374E+02   0.178872E+00   0.146186E+02   0.146186E+02
   0.756487E+00   0.141817E+02   0.178222E+00   0.144828E+02   0.144828E+02
   0.761230E+00   0.144300E+02   0.177771E+00   0.143478E+02   0.143478E+02
   0.765973E+00   0.142250E+02   0.177093E+00   0.142137E+02   0.142137E+02
   0.770716E+00   0.141737E+02   0.176840E+00   0.140806E+02   0.140806E+02
   0.775459E+00   0.141472E+02   0.176300E+00   0.139483E+02   0.139483E+02
   0.780201E+00   0.140588E+02   0.176233E+00   0.138170E+02   0.138170E+02
   0.784944E+00   0.137593E+02   0.175629E+00   0.136867E+02   0.136867E+02
   0.789687E+00   0.134132E+02   0.174315E+00   0.135572E+02   0.135572E+02
   0.794430E+00   0.135062E+02   0.174061E+00   0.134287E+02   0.134287E+02
   0.799173E+00   0.131780E+02   0.173736E+00   0.133012E+02   0.133012E+02
   0.803916E+00   0.129899E+02   0.172988E+00   0.131746E+02   0.131746E+02
   0.808658E+00   0.131891E+02   0.172629E+00   0.130490E+02   0.130490E+02
   0.813401E+00   0.129669E+02   0.172152E+00   0.129243E+02   0.129243E+02
   0.818144E+00   0.128997E+02   0.171849E+00   0.128006E+02   0.128006E+02
   0.822887E+00   0.125558E+02   0.171076E+00   0.126779E+02   0.126779E+02
   0.827630E+00   0.125296E+02   0.170502E+00   0.125561E+02   0.125561E+02
   0.832373E+00   0.124629E+02   0.170093E+00   0.124353E+02   0.124353E+02
   0.837116E+00   0.123925E+02   0.169945E+00   0.123155E+02   0.123155E+02
   0.841859E+00   0.123739E+02   0.169365E+00   0.121967E+02   0.121967E+02
   0.846601E+00   0.120388E+02   0.168452E+00   0.120789E+02   0.120789E+02
   0.851344E+00   0.120222E+02   0.168032E+00   0.119621E+02   0.119621E+02
   0.856087E+00   0.120336E+02   0.167725E+00   0.118462E+02   0.118462E+02
   0.860830E+00   0.118667E+02   0.167306E+00   0.117314E+02   0.117314E+02
   0.865573E+00   0.115966E+02   0.166692E+00   0.116175E+02   0.116175E+02
   0.870316E+00   0.115351E+02   0.166187E+00   0.115046E+02   0.115046E+02
   0.875059E+00   0.115076E+02   0.166073E+00   0.113927E+02   0.113927E+02
   0.879802E+00   0.112727E+02   0.165106E+00   0.112818E+02   0.112818E+02
   0.884544E+00   0.111169E+02   0.165108E+00   0.111719E+02   0.111719E+02
   0.889287E+00   0.110568E+02   0.164534E+00   0.110630E+02   0.110630E+02
   0.894030E+00   0.107906E+02   0.163718E+00   0.109551E+02   0.109551E+02
   0.898773E+00   0.108656E+02   0.163256E+00   0.108481E+02   0.108481E+02
   0.903516E+00   0.108739E+02   0.163313E+00   0.107422E+02   0.107422E+02
   0.908259E+00   0.108983E+02   0.162646E+00   0.106372E+02   0.106372E+02
   0.913002E+00   0.106204E+02   0.162105E+00   0.105332E+02   0.105332E+02
   0.917744E+00   0.106112E+02   0.161655E+00   0.104302E+02   0.104302E+02
   0.922487E+00   0.102001E+02   0.160980E+00   0.103281E+02   0.103281E+02
   0.927230E+00   0.101620E+02   0.160732E+00   0.102270E+02   0.102270E+02
   0.931973E+00   0.102729E+02   0.160451E+00   0.101269E+02   0.101269E+02
   0.936716E+00   0.100958E+02   0.159971E+00   0.100278E+02   0.100278E+02
   0.941459E+00   0.992930E+01   0.159504E+00   0.992964E+01   0.992964E+01
   0.946202E+00   0.987289E+01   0.159223E+00   0.983243E+01   0.983243E+01
   0.950944E+00   0.962574E+01   0.158720E+00   0.973618E+01   0.973618E+01
   0.955687E+00   0.962137E+01   0.158156E+00   0.964087E+01   0.964087E+01
   0.960430E+00   0.964446E+01   0.157927E+00   0.954651E+01   0.954651E+01
   0.965173E+00   0.955716E+01   0.157592E+00   0.945310E+01   0.945310E+01
   0.969916E+00   0.928920E+01   0.157250E+00   0.936062E+01   0.936062E+01
   0.974659E+00   0.916995E+01   0.156811E+00   0.926907E+01   0.926907E+01
   0.979402E+00   0.921197E+01   0.156258E+00   0.917845E+01   0.917845E+01
   0.984144E+00   0.931781E+01   0.155900E+00   0.908876E+01   0.908876E+01
   0.988887E+00   0.894255E+01   0.155257E+00   0.899998E+01   0.899998E+01
   0.993630E+00   0.900904E+01   0.155039E+00   0.891211E+01   0.891211E+01
   0.998373E+00   0.879236E+01   0.154852E+00   0.882514E+01   0.882514E+01
   0.100312E+01   0.883912E+01   0.154515E+00   0.873907E+01   0.873907E+01
   0.100786E+01   0.843296E+01   0.153715E+00   0.865389E+01   0.865389E+01
   0.101260E+01   0.853609E+01   0.153721E+00   0.856960E+01   0.856960E+01
   0.101734E+01   0.860685E+01   0.153192E+00   0.848619E+01   0.848619E+01
   0.102209E+01   0.855038E+01   0.153172E+00   0.840367E+01   0.840367E+01
   0.102683E+01   0.846101E+01   0.152563E+00   0.832200E+01   0.832200E+01
   0.103157E+01   0.838131E+01   0.152320E+00   0.824119E+01   0.824119E+01
   0.103632E+01   0.829723E+01   0.151834E+00   0.816123E+01   0.816123E+01
   0.104106E+01   0.818720E+01   0.151400E+00   0.808212E+01   0.808212E+01
   0.104580E+01   0.794078E+01   0.151158E+00   0.800384E+01   0.800384E+01
   0.105055E+01   0.781641E+01   0.150752E+00   0.792640E+01   0.792640E+01
   0.105529E+01   0.792028E+01   0.150167E+00   0.784980E+01   0.784980E+01
   0.106003E+01   0.807235E+01   0.150014E+00   0.777400E+01   0.777400E+01
   0.106477E+01   0.775572E+01   0.149642E+00   0.769901E+01   0.769901E+01
   0.106952E+01   0.748311E+01   0.149161E+00   0.762482E+01   0.762482E+01
   0.107426E+01   0.753544E+01   0.148848E+00   0.755143E+01   0.755143E+01
   0.107900E+01   0.765758E+01   0.148759E+00   0.747882E+01   0.747882E+01
   0.108374E+01   0.767880E+01   0.148588E+00   0.740700E+01   0.740700E+01
   0.108849E+01   0.742055E+01   0.148142E+00   0.733594E+01   0.733594E+01
   0.109323E+01   0.743102E+01   0.147749E+00   0.726566E+01   0.726566E+01
   0.109797E+01   0.721383E+01   0.147225E+00   0.719613E+01   0.719613E+01
   0.110272E+01   0.699943E+01   0.146871E+00   0.712734E+01   0.712734E+01
   0.110746E+01   0.688070E+01   0.146513E+00   0.705929E+01   0.705929E+01
   0.111220E+01   0.703076E+01   0.146291E+00   0.699198E+01   0.699198E+01
   0.111695E+01   0.676591E+01   0.145797E+00   0.692539E+01   0.692539E+01
   0.112169E+01   0.680132E+01   0.145545E+00   0.685951E+01   0.685951E+01
   0.112643E+01   0.678020E+01   0.145608E+00   0.679436E+01   0.679436E+01
   0.113117E+01   0.659769E+01   0.145126E+00   0.672989E+01   0.672989E+01
   0.113592E+01   0.654022E+01   0.144774E+00   0.666612E+01   0.666612E+01
   0.114066E+01   0.666089E+01   0.144499E+00   0.660303E+01   0.660303E+01
   0.114540E+01   0.674602E+01   0.144511E+00   0.654062E+01   0.654062E+01
   0.115014E+01   0.640950E+01   0.143699E+00   0.647887E+01   0.647887E+01
   0.115489E+01   0.649947E+01   0.143425E+00   0.641779E+01   0.641779E+01
   0.115963E+01   0.645574E+01   0.143027E+00   0.635736E+01   0.635736E+01
   0.116437E+01   0.616035E+01   0.142720E+00   0.629758E+01   0.629758E+01
   0.116912E+01   0.627806E+01   0.142552E+00   0.623843E+01   0.623843E+01
   0.117386E+01   0.617506E+01   0.142274E+00   0.617991E+01   0.617991E+01
   0.117860E+01   0.612392E+01   0.141894E+00   0.612201E+01   0.612201E+01
   0.118335E+01   0.611972E+01   0.141771E+00   0.606472E+01   0.606472E+01
   0.118809E+01   0.594919E+01   0.141266E+00   0.600804E+01   0.600804E+01
   0.119283E+01   0.587798E+01   0.141049E+00   0.595195E+01   0.595195E+01
   0.119757E+01   0.581535E+01   0.140808E+00   0.589647E+01   0.589647E+01
   0.120232E+01   0.575468E+01   0.140543E+00   0.584156E+01   0.584156E+01
   0.120706E+01   0.577167E+01   0.141106E+00   0.578722E+01   0.578722E+01
   0.121180E+01   0.567754E+01   0.145539E+00   0.573345E+01   0.573345E+01
   0.121654E+01   0.546813E+01   0.148205E+00   0.568024E+01   0.568024E+01
   0.122129E+01   0.591205E+01   0.150480E+00   0.562758E+01   0.562758E+01
   0.122603E+01   0.560183E+01   0.152274E+00   0.557546E+01   0.557546E+01
   0.123077E+01   0.571694E+01   0.153933E+00   0.552388E+01   0.552388E+01
   0.123552E+01   0.547322E+01   0.155574E+00   0.547285E+01   0.547285E+01
   0.124026E+01   0.547434E+01   0.156863E+00   0.542232E+01   0.542232E+01
   0.124500E+01   0.545104E+01   0.158020E+00   0.537231E+01   0.537231E+01
   0.124975E+01   0.554597E+01   0.159349E+00   0.532282E+01   0.532282E+01
   0.125449E+01   0.565648E+01   0.160121E+00   0.527382E+01   0.527382E+01
   0.125923E+01   0.513569E+01   0.160806E+00   0.522531E+01   0.522531E+01
   0.126397E+01   0.513603E+01   0.161049E+00   0.517730E+01   0.517730E+01
   0.126872E+01   0.475807E+01   0.160973E+00   0.512978E+01   0.512978E+01
   0.127346E+01   0.499124E+01   0.159057E+00   0.508272E+01   0.508272E+01
   0.127820E+01   0.507255E+01   0.153645E+00   0.503613E+01   0.503613E+01
   0.128295E+01   0.507198E+01   0.150346E+00   0.499000E+01   0.499000E+01
   0.128769E+01   0.510868E+01   0.148263E+00   0.494433E+01   0.494433E+01
   0.129243E+01   0.496063E+01   0.146408E+00   0.489911E+01   0.489911E+01
   0.129717E+01   0.481935E+01   0.144872E+00   0.485432E+01   0.485432E+01
   0.130192E+01   0.466013E+01   0.143347E+00   0.480999E+01   0.480999E+01
   0.130666E+01   0.468120E+01   0.142236E+00   0.476608E+01   0.476608E+01
   0.131140E+01   0.478363E+01   0.140950E+00   0.472259E+01   0.472259E+01
   0.131614E+01   0.463413E+01   0.139766E+00   0.467952E+01   0.467952E+01
   0.132089E+01   0.464814E+01   0.139236E+00   0.463686E+01   0.463686E+01
   0.132563E+01   0.449060E+01   0.138900E+00   0.459461E+01   0.459461E+01
   0.133037E+01   0.455496E+01   0.138438E+00   0.455277E+01   0.455277E+01
   0.133512E+01   0.447935E+01   0.137843E+00   0.451132E+01   0.451132E+01
   0.133986E+01   0.455137E+01   0.137556E+00   0.447026E+01   0.447026E+01
   0.134460E+01   0.428361E+01   0.137378E+00   0.442959E+01   0.442959E+01
   0.134935E+01   0.439002E+01   0.136907E+00   0.438930E+01   0.438930E+01
   0.135409E+01   0.435226E+01   0.136409E+00   0.434938E+01   0.434938E+01
   0.135883E+01   0.426006E+01   0.136125E+00   0.430983E+01   0.430983E+01
   0.136357E+01   0.431107E+01   0.135958E+00   0.427065E+01   0.427065E+01
   0.136832E+01   0.437719E+01   0.135710E+00   0.423183E+01   0.423183E+01
   0.137306E+01   0.448672E+01   0.135479E+00   0.419337E+01   0.419337E+01
   0.137780E+01   0.410325E+01   0.135000E+00   0.415526E+01   0.415526E+01
   0.138254E+01   0.417084E+01   0.134695E+00   0.411749E+01   0.411749E+01
   0.138729E+01   0.395908E+01   0.134308E+00   0.408007E+01   0.408007E+01
   0.139203E+01   0.411166E+01   0.133979E+00   0.404298E+01   0.404298E+01
   0.139677E+01   0.386476E+01   0.133660E+00   0.400623E+01   0.400623E+01
   0.140152E+01   0.405990E+01   0.133562E+00   0.396981E+01   0.396981E+01
   0.140626E+01   0.400839E+01   0.133251E+00   0.393371E+01   0.393371E+01
   0.141100E+01   0.403158E+01   0.132949E+00   0.389794E+01   0.389794E+01
   0.141575E+01   0.382217E+01   0.132744E+00   0.386248E+01   0.386248E+01
   0.142049E+01   0.394527E+01   0.132567E+00   0.382734E+01   0.382734E+01
   0.142523E+01   0.370949E+01   0.132135E+00   0.379251E+01   0.379251E+01
   0.142997E+01   0.372987E+01   0.131825E+00   0.375798E+01   0.375798E+01
   0.143472E+01   0.362650E+01   0.131659E+00   0.372375E+01   0.372375E+01
   0.143946E+01   0.376406E+01   0.131392E+00   0.368983E+01   0.368983E+01
   0.144420E+01   0.367417E+01   0.131020E+00   0.365621E+01   0.365621E+01
   0.144894E+01   0.349276E+01   0.130808E+00   0.362287E+01   0.362287E+01
   0.145369E+01   0.359273E+01   0.130587E+00   0.358983E+01   0.358983E+01
   0.145843E+01   0.362429E+01   0.130514E+00   0.355707E+01   0.355707E+01
   0.146317E+01   0.336090E+01   0.130262E+00   0.352459E+01   0.352459E+01
   0.146792E+01   0.336949E+01   0.129934E+00   0.349240E+01   0.349240E+01
   0.147266E+01   0.350963E+01   0.129816E+00   0.346048E+01   0.346048E+01
   0.147740E+01   0.348272E+01   0.129404E+00   0.342885E+01   0.342885E+01
   0.148215E+01   0.333855E+01   0.129073E+00   0.339748E+01   0.339748E+01
   0.148689E+01   0.322950E+01   0.128844E+00   0.336638E+01   0.336638E+01
   0.149163E+01   0.336235E+01   0.128700E+00   0.333554E+01   0.333554E+01
   0.149637E+01   0.340229E+01   0.128666E+00   0.330498E+01   0.330498E+01
   0.150112E+01   0.328903E+01   0.128798E+00   0.327467E+01   0.327467E+01
   0.150586E+01   0.342628E+01   0.131290E+00   0.324462E+01   0.324462E+01
   0.151060E+01   0.314636E+01   0.134477E+00   0.321483E+01   0.321483E+01
   0.151534E+01   0.324639E+01   0.136575E+00   0.318531E+01   0.318531E+01
   0.152009E+01   0.317133E+01   0.138307E+00   0.315603E+01   0.315603E+01
   0.152483E+01   0.302498E+01   0.139790E+00   0.312699E+01   0.312699E+01
   0.152957E+01   0.299947E+01   0.140934E+00   0.309821E+01   0.309821E+01
   0.153432E+01   0.288719E+01   0.137398E+00   0.306968E+01   0.306968E+01
   0.153906E+01   0.300014E+01   0.134928E+00   0.304139E+01   0.304139E+01
   0.154380E+01   0.295364E+01   0.133517E+00   0.301334E+01   0.301334E+01
   0.154855E+01   0.295713E+01   0.131998E+00   0.298554E+01   0.298554E+01
   0.155329E+01   0.298334E+01   0.130816E+00   0.295797E+01   0.295797E+01
   0.155803E+01   0.301077E+01   0.129643E+00   0.293064E+01   0.293064E+01
   0.156277E+01   0.293451E+01   0.128218E+00   0.290355E+01   0.290355E+01
   0.156752E+01   0.297714E+01   0.126906E+00   0.287669E+01   0.287669E+01
   0.157226E+01   0.276727E+01   0.126107E+00   0.285007E+01   0.285007E+01
   0.157700E+01   0.281691E+01   0.125637E+00   0.282367E+01   0.282367E+01
   0.158175E+01   0.269483E+01   0.125347E+00   0.279750E+01   0.279750E+01
   0.158649E+01   0.265295E+01   0.125330E+00   0.277157E+01   0.277157E+01
   0.159123E+01   0.263570E+01   0.125238E+00   0.274586E+01   0.274586E+01
   0.159597E+01   0.259414E+01   0.125496E+00   0.272037E+01   0.272037E+01
   0.160072E+01   0.277829E+01   0.125521E+00   0.269511E+01   0.269511E+01
   0.160546E+01   0.258343E+01   0.125251E+00   0.267007E+01   0.267007E+01
   0.161020E+01   0.248886E+01   0.125234E+00   0.264525E+01   0.264525E+01
   0.161495E+01   0.253340E+01   0.125031E+00   0.262065E+01   0.262065E+01
   0.161969E+01   0.263850E+01   0.124642E+00   0.259628E+01   0.259628E+01
   0.162443E+01   0.248006E+01   0.124296E+00   0.257212E+01   0.257212E+01
   0.162917E+01   0.241710E+01   0.124350E+00   0.254817E+01   0.254817E+01
   0.163392E+01   0.245775E+01   0.123968E+00   0.252444E+01   0.252444E+01
   0.163866E+01   0.240157E+01   0.123857E+00   0.250092E+01   0.250092E+01
   0.164340E+01   0.230441E+01   0.123380E+00   0.247762E+01   0.247762E+01
   0.164815E+01   0.234517E+01   0.123345E+00   0.245452E+01   0.245452E+01
   0.165289E+01   0.240954E+01   0.123099E+00   0.243164E+01   0.243164E+01
   0.165763E+01   0.253861E+01   0.122699E+00   0.240898E+01   0.240898E+01
   0.166237E+01   0.243288E+01   0.122490E+00   0.238651E+01   0.238651E+01
   0.166712E+01   0.246340E+01   0.122503E+00   0.236426E+01   0.236426E+01
   0.167186E+01   0.236582E+01   0.122343E+00   0.234221E+01   0.234221E+01
   0.167660E+01   0.236940E+01   0.122224E+00   0.232036E+01   0.232036E+01
   0.168135E+01   0.233736E+01   0.122036E+00   0.229872E+01   0.229872E+01
   0.168609E+01   0.244530E+01   0.121807E+00   0.227729E+01   0.227729E+01
   0.169083E+01   0.222653E+01   0.121551E+00   0.225606E+01   0.225606E+01
   0.169557E+01   0.234165E+01   0.121481E+00   0.223503E+01   0.223503E+01
   0.170032E+01   0.228463E+01   0.121159E+00   0.221420E+01   0.221420E+01
   0.170506E+01   0.216592E+01   0.121003E+00   0.219357E+01   0.219357E+01
   0.170980E+01   0.232977E+01   0.120907E+00   0.217314E+01   0.217314E+01
   0.171455E+01   0.234492E+01   0.120520E+00   0.215290E+01   0.215290E+01
   0.171929E+01   0.218573E+01   0.120227E+00   0.213287E+01   0.213287E+01
   0.172403E+01   0.218588E+01   0.120167E+00   0.211303E+01   0.211303E+01
   0.172877E+01   0.203804E+01   0.120044E+00   0.209338E+01   0.209338E+01
   0.173352E+01   0.214287E+01   0.119778E+00   0.207393E+01   0.207393E+01
   0.173826E+01   0.207501E+01   0.119616E+00   0.205467E+01   0.205467E+01
   0.174300E+01   0.192378E+01   0.119449E+00   0.203560E+01   0.203560E+01
   0.174775E+01   0.197341E+01   0.119281E+00   0.201673E+01   0.201673E+01
   0.175249E+01   0.203311E+01   0.119000E+00   0.199804E+01   0.199804E+01
   0.175723E+01   0.188835E+01   0.118988E+00   0.197955E+01   0.197955E+01
   0.176197E+01   0.180676E+01   0.118839E+00   0.196124E+01   0.196124E+01
   0.176672E+01   0.184838E+01   0.118570E+00   0.194312E+01   0.194312E+01
   0.177146E+01   0.180703E+01   0.118362E+00   0.192519E+01   0.192519E+01
   0.177620E+01   0.191742E+01   0.118597E+00   0.190744E+01   0.190744E+01
   0.178095E+01   0.180091E+01   0.118275E+00   0.188987E+01   0.188987E+01
   0.178569E+01   0.176233E+01   0.117932E+00   0.187249E+01   0.187249E+01
   0.179043E+01   0.182052E+01   0.117782E+00   0.185529E+01   0.185529E+01
   0.179517E+01   0.184449E+01   0.117490E+00   0.183828E+01   0.183828E+01
   0.179992E+01   0.179198E+01   0.117335E+00   0.182144E+01   0.182144E+01
   0.180466E+01   0.160895E+01   0.117037E+00   0.180478E+01   0.180478E+01
   0.180940E+01   0.197246E+01   0.117037E+00   0.178830E+01   0.178830E+01
   0.181415E+01   0.172178E+01   0.116968E+00   0.177200E+01   0.177200E+01
   0.181889E+01   0.163051E+01   0.116611E+00   0.175587E+01   0.175587E+01
   0.182363E+01   0.162009E+01   0.116457E+00   0.173992E+01   0.173992E+01
   0.182838E+01   0.177303E+01   0.116556E+00   0.172414E+01   0.172414E+01
   0.183312E+01   0.166023E+01   0.116155E+00   0.170854E+01   0.170854E+01
   0.183786E+01   0.177124E+01   0.116062E+00   0.169311E+01   0.169311E+01
   0.184260E+01   0.168439E+01   0.115951E+00   0.167784E+01   0.167784E+01
   0.184735E+01   0.164655E+01   0.115740E+00   0.166275E+01   0.166275E+01
   0.185209E+01   0.158750E+01   0.115643E+00   0.164783E+01   0.164783E+01
   0.185683E+01   0.171765E+01   0.115343E+00   0.163307E+01   0.163307E+01
   0.186157E+01   0.176075E+01   0.115399E+00   0.161847E+01   0.161847E+01
   0.186632E+01   0.181090E+01   0.115149E+00   0.160405E+01   0.160405E+01
   0.187106E+01   0.165329E+01   0.114944E+00   0.158979E+01   0.158979E+01
   0.187580E+01   0.159069E+01   0.114790E+00   0.157568E+01   0.157568E+01
   0.188055E+01   0.162705E+01   0.114765E+00   0.156174E+01   0.156174E+01
   0.188529E+01   0.140368E+01   0.114398E+00   0.154796E+01   0.154796E+01
   0.189003E+01   0.152616E+01   0.114282E+00   0.153434E+01   0.153434E+01
   0.189478E+01   0.158979E+01   0.114112E+00   0.152087E+01   0.152087E+01
   0.189952E+01   0.151868E+01   0.114051E+00   0.150757E+01   0.150757E+01
   0.190426E+01   0.159925E+01   0.113971E+00   0.149441E+01   0.149441E+01
   0.190900E+01   0.150027E+01   0.113828E+00   0.148141E+01   0.148141E+01
   0.191375E+01   0.160353E+01   0.113845E+00   0.146856E+01   0.146856E+01
   0.191849E+01   0.149140E+01   0.113336E+00   0.145586E+01   0.145586E+01
   0.192323E+01   0.156433E+01   0.113265E+00   0.144332E+01   0.144332E+01
   0.192797E+01   0.144235E+01   0.113091E+00   0.143091E+01   0.143091E+01
   0.193272E+01   0.158226E+01   0.112839E+00   0.141866E+01   0.141866E+01
   0.193746E+01   0.147597E+01   0.112563E+00   0.140656E+01   0.140656E+01
   0.194220E+01   0.145795E+01   0.112292E+00   0.139459E+01   0.139459E+01
   0.194695E+01   0.145248E+01   0.111932E+00   0.138277E+01   0.138277E+01
   0.195169E+01   0.133461E+01   0.111695E+00   0.137109E+01   0.137109E+01
   0.195643E+01   0.129770E+01   0.111489E+00   0.135955E+01   0.135955E+01
   0.196117E+01   0.125168E+01   0.111289E+00   0.134815E+01   0.134815E+01
   0.196592E+01   0.136334E+01   0.111226E+00   0.133689E+01   0.133689E+01
   0.197066E+01   0.126274E+01   0.111174E+00   0.132576E+01   0.132576E+01
   0.197540E+01   0.142756E+01   0.111246E+00   0.131477E+01   0.131477E+01
   0.198015E+01   0.140878E+01   0.111359E+00   0.130391E+01   0.130391E+01
   0.198489E+01   0.143181E+01   0.111274E+00   0.129318E+01   0.129318E+01
   0.198963E+01   0.126110E+01   0.111210E+00   0.128258E+01   0.128258E+01
   0.199438E+01   0.133846E+01   0.111238E+00   0.127211E+01   0.127211E+01
   0.199912E+01   0.126957E+01   0.111097E+00   0.126177E+01   0.126177E+01
   0.200386E+01   0.117717E+01   0.110932E+00   0.125155E+01   0.125155E+01
   0.200860E+01   0.125333E+01   0.110977E+00   0.124147E+01   0.124147E+01
   0.201335E+01   0.121317E+01   0.111651E+00   0.123150E+01   0.123150E+01
   0.201809E+01   0.125644E+01   0.114940E+00   0.122165E+01   0.122165E+01
   0.202283E+01   0.123572E+01   0.116807E+00   0.121193E+01   0.121193E+01
   0.202758E+01   0.112653E+01   0.118103E+00   0.120232E+01   0.120232E+01
   0.203232E+01   0.129795E+01   0.119342E+00   0.119283E+01   0.119283E+01
   0.203706E+01   0.121419E+01   0.120423E+00   0.118346E+01   0.118346E+01
   0.204180E+01   0.102075E+01   0.121383E+00   0.117420E+01   0.117420E+01
   0.204655E+01   0.113468E+01   0.122005E+00   0.116506E+01   0.116506E+01
   0.205129E+01   0.116235E+01   0.122238E+00   0.115602E+01   0.115602E+01
   0.205603E+01   0.951397E+00   0.122659E+00   0.114710E+01   0.114710E+01
   0.206078E+01   0.113625E+01   0.122870E+00   0.113829E+01   0.113829E+01
   0.206552E+01   0.119004E+01   0.123361E+00   0.112958E+01   0.112958E+01
   0.207026E+01   0.121296E+01   0.123500E+00   0.112099E+01   0.112099E+01
   0.207500E+01   0.109153E+01   0.123441E+00   0.111249E+01   0.111249E+01
   0.207975E+01   0.915434E+00   0.121060E+00   0.110410E+01   0.110410E+01
   0.208449E+01   0.909362E+00   0.117984E+00   0.109582E+01   0.109582E+01
   0.208923E+01   0.111318E+01   0.116231E+00   0.108763E+01   0.108763E+01
   0.209397E+01   0.106465E+01   0.114785E+00   0.107954E+01   0.107954E+01
   0.209872E+01   0.962789E+00   0.113728E+00   0.107156E+01   0.107156E+01
   0.210346E+01   0.103298E+01   0.112868E+00   0.106366E+01   0.106366E+01
   0.210820E+01   0.886696E+00   0.112388E+00   0.105587E+01   0.105587E+01
   0.211295E+01   0.108765E+01   0.111884E+00   0.104817E+01   0.104817E+01
   0.211769E+01   0.111531E+01   0.111595E+00   0.104056E+01   0.104056E+01
   0.212243E+01   0.102295E+01   0.111317E+00   0.103305E+01   0.103305E+01
   0.212717E+01   0.120894E+01   0.111198E+00   0.102562E+01   0.102562E+01
   0.213192E+01   0.113959E+01   0.110949E+00   0.101829E+01   0.101829E+01
   0.213666E+01   0.973346E+00   0.110653E+00   0.101104E+01   0.101104E+01
   0.214140E+01   0.111756E+01   0.110223E+00   0.100388E+01   0.100388E+01
   0.214615E+01   0.113633E+01   0.110170E+00   0.996807E+00   0.996807E+00
   0.215089E+01   0.934013E+00   0.109974E+00   0.989817E+00   0.989817E+00
   0.215563E+01   0.789972E+00   0.109684E+00   0.982912E+00   0.982912E+00
   0.216038E+01   0.831706E+00   0.109496E+00   0.976087E+00   0.976087E+00
   0.216512E+01   0.942549E+00   0.109300E+00   0.969344E+00   0.969344E+00
   0.216986E+01   0.902430E+00   0.109167E+00   0.962682E+00   0.962682E+00
   0.217460E+01   0.892216E+00   0.108958E+00   0.956098E+00   0.956098E+00
   0.217935E+01   0.100595E+01   0.108983E+00   0.949592E+00   0.949592E+00
   0.218409E+01   0.115821E+01   0.108727E+00   0.943165E+00   0.943165E+00
   0.218883E+01   0.116192E+01   0.108560E+00   0.936811E+00   0.936811E+00
   0.219358E+01   0.950246E+00   0.108340E+00   0.930533E+00   0.930533E+00
   0.219832E+01   0.820917E+00   0.107979E+00   0.924328E+00   0.924328E+00
   0.220306E+01   0.104393E+01   0.108199E+00   0.918195E+00   0.918195E+00
   0.220780E+01   0.863132E+00   0.107829E+00   0.912135E+00   0.912135E+00
   0.221255E+01   0.881870E+00   0.107649E+00   0.906145E+00   0.906145E+00
   0.221729E+01   0.939452E+00   0.107580E+00   0.900226E+00   0.900226E+00
   0.222203E+01   0.112592E+01   0.107497E+00   0.894374E+00   0.894374E+00
   0.222677E+01   0.915258E+00   0.107369E+00   0.888591E+00   0.888591E+00
   0.223152E+01   0.969207E+00   0.107227E+00   0.882874E+00   0.882874E+00
   0.223626E+01   0.980821E+00   0.107099E+00   0.877224E+00   0.877224E+00
   0.224100E+01   0.868857E+00   0.106853E+00   0.871639E+00   0.871639E+00
   0.224575E+01   0.873268E+00   0.106732E+00   0.866118E+00   0.866118E+00
   0.225049E+01   0.779067E+00   0.106468E+00   0.860661E+00   0.860661E+00
   0.225523E+01   0.810366E+00   0.106554E+00   0.855267E+00   0.855267E+00
   0.225997E+01   0.831688E+00   0.106299E+00   0.849935E+00   0.849935E+00
   0.226472E+01   0.856822E+00   0.106240E+00   0.844664E+00   0.844664E+00
   0.226946E+01   0.902635E+00   0.105923E+00   0.839455E+00   0.839455E+00
   0.227420E+01   0.829612E+00   0.105830E+00   0.834302E+00   0.834302E+00
   0.227895E+01   0.730433E+00   0.105633E+00   0.829210E+00   0.829210E+00
   0.228369E+01   0.785032E+00   0.105559E+00   0.824176E+00   0.824176E+00
   0.228843E+01   0.730406E+00   0.105410E+00   0.819201E+00   0.819201E+00
   0.229318E+01   0.672169E+00   0.105304E+00   0.814282E+00   0.814282E+00
   0.229792E+01   0.726695E+00   0.105337E+00   0.809420E+00   0.809420E+00
   0.230266E+01   0.819069E+00   0.105101E+00   0.804613E+00   0.804613E+00
   0.230740E+01   0.694028E+00   0.104943E+00   0.799861E+00   0.799861E+00
   0.231215E+01   0.862928E+00   0.104907E+00   0.795163E+00   0.795163E+00
   0.231689E+01   0.790241E+00   0.104703E+00   0.790520E+00   0.790520E+00
   0.232163E+01   0.760252E+00   0.104519E+00   0.785931E+00   0.785931E+00
   0.232638E+01   0.722174E+00   0.104505E+00   0.781394E+00   0.781394E+00
   0.233112E+01   0.705063E+00   0.104306E+00   0.776909E+00   0.776909E+00
   0.233586E+01   0.676729E+00   0.104091E+00   0.772476E+00   0.772476E+00
   0.234060E+01   0.768097E+00   0.104002E+00   0.768094E+00   0.768094E+00
   0.234535E+01   0.666301E+00   0.103843E+00   0.763763E+00   0.763763E+00
   0.235009E+01   0.870368E+00   0.103946E+00   0.759482E+00   0.759482E+00
   0.235483E+01   0.580673E+00   0.103607E+00   0.755252E+00   0.755252E+00
   0.235957E+01   0.731075E+00   0.103634E+00   0.751071E+00   0.751071E+00
   0.236432E+01   0.764972E+00   0.103607E+00   0.746939E+00   0.746939E+00
   0.236906E+01   0.749925E+00   0.103370E+00   0.742856E+00   0.742856E+00
   0.237380E+01   0.629231E+00   0.103272E+00   0.738821E+00   0.738821E+00
   0.237855E+01   0.635890E+00   0.103093E+00   0.734833E+00   0.734833E+00
   0.238329E+01   0.582656E+00   0.102882E+00   0.730895E+00   0.730895E+00
   0.238803E+01   0.779114E+00   0.103149E+00   0.727001E+00   0.727001E+00
   0.239277E+01   0.636223E+00   0.102875E+00   0.723156E+00   0.723156E+00
   0.239752E+01   0.635744E+00   0.102649E+00   0.719356E+00   0.719356E+00
   0.240226E+01   0.682506E+00   0.102620E+00   0.715603E+00   0.715603E+00
   0.240700E+01   0.626923E+00   0.102436E+00   0.711895E+00   0.711895E+00
   0.241175E+01   0.623940E+00   0.102332E+00   0.708233E+00   0.708233E+00
   0.241649E+01   0.770253E+00   0.102213E+00   0.704617E+00   0.704617E+00
   0.242123E+01   0.703059E+00   0.102090E+00   0.701045E+00   0.701045E+00
   0.242598E+01   0.673609E+00   0.102039E+00   0.697518E+00   0.697518E+00
   0.243072E+01   0.665415E+00   0.101934E+00   0.694036E+00   0.694036E+00
   0.243546E+01   0.611547E+00   0.101823E+00   0.690598E+00   0.690598E+00
   0.244020E+01   0.617434E+00   0.101762E+00   0.687203E+00   0.687203E+00
   0.244495E+01   0.529676E+00   0.101575E+00   0.683852E+00   0.683852E+00
   0.244969E+01   0.654924E+00   0.101506E+00   0.680544E+00   0.680544E+00
   0.245443E+01   0.582172E+00   0.101377E+00   0.677280E+00   0.677280E+00
   0.245918E+01   0.681907E+00   0.101376E+00   0.674058E+00   0.674058E+00
   0.246392E+01   0.666920E+00   0.101209E+00   0.670880E+00   0.670880E+00
   0.246866E+01   0.726996E+00   0.101008E+00   0.667744E+00   0.667744E+00
   0.247340E+01   0.707928E+00   0.100968E+00   0.664650E+00   0.664650E+00
   0.247815E+01   0.604958E+00   0.100867E+00   0.661598E+00   0.661598E+00
   0.248289E+01   0.569220E+00   0.100742E+00   0.658588E+00   0.658588E+00
   0.248763E+01   0.681626E+00   0.100683E+00   0.655620E+00   0.655620E+00
   0.249238E+01   0.569891E+00   0.100530E+00   0.652693E+00   0.652693E+00
   0.249712E+01   0.634727E+00   0.100446E+00   0.649807E+00   0.649807E+00
   0.250186E+01   0.681763E+00   0.100374E+00   0.646964E+00   0.646964E+00
   0.250660E+01   0.616551E+00   0.100196E+00   0.644160E+00   0.644160E+00
   0.251135E+01   0.550691E+00   0.100015E+00   0.641397E+00   0.641397E+00
   0.251609E+01   0.593038E+00   0.998190E-01   0.638674E+00   0.638674E+00
   0.252083E+01   0.662144E+00   0.998056E-01   0.635992E+00   0.635992E+00
   0.252558E+01   0.530541E+00   0.996392E-01   0.633350E+00   0.633350E+00
   0.253032E+01   0.562959E+00   0.993831E-01   0.630747E+00   0.630747E+00
   0.253506E+01   0.606671E+00   0.993882E-01   0.628185E+00   0.628185E+00
   0.253980E+01   0.567958E+00   0.992387E-01   0.625662E+00   0.625662E+00
   0.254455E+01   0.556762E+00   0.991093E-01   0.623178E+00   0.623178E+00
   0.254929E+01   0.606352E+00   0.988916E-01   0.620733E+00   0.620733E+00
   0.255403E+01   0.601902E+00   0.990318E-01   0.618327E+00   0.618327E+00
   0.255878E+01   0.675677E+00   0.988521E-01   0.615960E+00   0.615960E+00
   0.256352E+01   0.559418E+00   0.987392E-01   0.613631E+00   0.613631E+00
   0.256826E+01   0.549611E+00   0.986647E-01   0.611340E+00   0.611340E+00
   0.257300E+01   0.533397E+00   0.987254E-01   0.609087E+00   0.609087E+00
   0.257775E+01   0.657304E+00   0.987451E-01   0.606872E+00   0.606872E+00
   0.258249E+01   0.554461E+00   0.987506E-01   0.604694E+00   0.604694E+00
   0.258723E+01   0.635516E+00   0.986640E-01   0.602554E+00   0.602554E+00
   0.259198E+01   0.617766E+00   0.985261E-01   0.600450E+00   0.600450E+00
   0.259672E+01   0.545492E+00   0.982969E-01   0.598383E+00   0.598383E+00
   0.260146E+01   0.651383E+00   0.982117E-01   0.596353E+00   0.596353E+00
   0.260620E+01   0.661045E+00   0.982882E-01   0.594359E+00   0.594359E+00
   0.261095E+01   0.557259E+00   0.981078E-01   0.592400E+00   0.592400E+00
   0.261569E+01   0.533745E+00   0.981672E-01   0.590479E+00   0.590479E+00
   0.262043E+01   0.659312E+00   0.980001E-01   0.588592E+00   0.588592E+00
   0.262518E+01   0.656239E+00   0.979163E-01   0.586739E+00   0.586739E+00
   0.262992E+01   0.532318E+00   0.977992E-01   0.584922E+00   0.584922E+00
   0.263466E+01   0.585348E+00   0.977491E-01   0.583139E+00   0.583139E+00
   0.263940E+01   0.603458E+00   0.977546E-01   0.581391E+00   0.581391E+00
   0.264415E+01   0.710215E+00   0.976508E-01   0.579676E+00   0.579676E+00
   0.264889E+01   0.507927E+00   0.974387E-01   0.577994E+00   0.577994E+00
   0.265363E+01   0.499972E+00   0.972013E-01   0.576346E+00   0.576346E+00
   0.265838E+01   0.487494E+00   0.972018E-01   0.574730E+00   0.574730E+00
   0.266312E+01   0.492520E+00   0.971117E-01   0.573147E+00   0.573147E+00
   0.266786E+01   0.545270E+00   0.971686E-01   0.571596E+00   0.571596E+00
   0.267260E+01   0.609781E+00   0.968720E-01   0.570076E+00   0.570076E+00
   0.267735E+01   0.578300E+00   0.968011E-01   0.568588E+00   0.568588E+00
   0.268209E+01   0.562009E+00   0.967574E-01   0.567131E+00   0.567131E+00
   0.268683E+01   0.502970E+00   0.967905E-01   0.565704E+00   0.565704E+00
   0.269158E+01   0.514224E+00   0.967251E-01   0.564307E+00   0.564307E+00
   0.269632E+01   0.498331E+00   0.965725E-01   0.562940E+00   0.562940E+00
   0.270106E+01   0.578562E+00   0.965135E-01   0.561602E+00   0.561602E+00
   0.270580E+01   0.632598E+00   0.966042E-01   0.560293E+00   0.560293E+00
   0.271055E+01   0.650137E+00   0.963380E-01   0.559012E+00   0.559012E+00
   0.271529E+01   0.568012E+00   0.962465E-01   0.557759E+00   0.557759E+00
   0.272003E+01   0.686241E+00   0.960745E-01   0.556534E+00   0.556534E+00
   0.272478E+01   0.714063E+00   0.960253E-01   0.555334E+00   0.555334E+00
   0.272952E+01   0.602210E+00   0.959812E-01   0.554163E+00   0.554163E+00
   0.273426E+01   0.562634E+00   0.959119E-01   0.553016E+00   0.553016E+00
   0.273901E+01   0.586040E+00   0.958876E-01   0.551896E+00   0.551896E+00
   0.274375E+01   0.642263E+00   0.957575E-01   0.550800E+00   0.550800E+00
   0.274849E+01   0.579347E+00   0.956868E-01   0.549728E+00   0.549728E+00
   0.275323E+01   0.547674E+00   0.956750E-01   0.548681E+00   0.548681E+00
   0.275798E+01   0.456855E+00   0.954938E-01   0.547657E+00   0.547657E+00
   0.276272E+01   0.494983E+00   0.954506E-01   0.546655E+00   0.546655E+00
   0.276746E+01   0.602192E+00   0.953669E-01   0.545676E+00   0.545676E+00
   0.277221E+01   0.552682E+00   0.952595E-01   0.544719E+00   0.544719E+00
   0.277695E+01   0.600196E+00   0.950891E-01   0.543783E+00   0.543783E+00
   0.278169E+01   0.599489E+00   0.949932E-01   0.542868E+00   0.542868E+00
   0.278643E+01   0.464078E+00   0.949510E-01   0.541972E+00   0.541972E+00
   0.279118E+01   0.607594E+00   0.949342E-01   0.541097E+00   0.541097E+00
   0.279592E+01   0.536544E+00   0.947220E-01   0.540240E+00   0.540240E+00
   0.280066E+01   0.545574E+00   0.946930E-01   0.539401E+00   0.539401E+00
   0.280540E+01   0.534585E+00   0.946804E-01   0.538580E+00   0.538580E+00
   0.281015E+01   0.577951E+00   0.947150E-01   0.537776E+00   0.537776E+00
   0.281489E+01   0.466598E+00   0.948287E-01   0.536989E+00   0.536989E+00
   0.281963E+01   0.617782E+00   0.966442E-01   0.536218E+00   0.536218E+00
   0.282438E+01   0.534042E+00   0.984841E-01   0.535462E+00   0.535462E+00
   0.282912E+01   0.519621E+00   0.996692E-01   0.534721E+00   0.534721E+00
   0.283386E+01   0.545531E+00   0.100714E+00   0.533996E+00   0.533996E+00
   0.283860E+01   0.647239E+00   0.101404E+00   0.533280E+00   0.533280E+00
   0.284335E+01   0.607764E+00   0.101845E+00   0.532579E+00   0.532579E+00
   0.284809E+01   0.559173E+00   0.102145E+00   0.531891E+00   0.531891E+00
   0.285283E+01   0.571202E+00   0.102531E+00   0.531214E+00   0.531214E+00
   0.285758E+01   0.508078E+00   0.102662E+00   0.530548E+00   0.530548E+00
   0.286232E+01   0.437999E+00   0.102907E+00   0.529892E+00   0.529892E+00
   0.286706E+01   0.543853E+00   0.103203E+00   0.529246E+00   0.529246E+00
   0.287181E+01   0.521807E+00   0.103460E+00   0.528610E+00   0.528610E+00
   0.287655E+01   0.528281E+00   0.103718E+00   0.527981E+00   0.527981E+00
   0.288129E+01   0.502018E+00   0.103421E+00   0.527361E+00   0.527361E+00
   0.288603E+01   0.769488E+00   0.100903E+00   0.526748E+00   0.526748E+00
   0.289078E+01   0.641142E+00   0.991042E-01   0.526141E+00   0.526141E+00
   0.289552E+01   0.435576E+00   0.978845E-01   0.525541E+00   0.525541E+00
   0.290026E+01   0.541869E+00   0.970459E-01   0.524945E+00   0.524945E+00
   0.290501E+01   0.590663E+00   0.964845E-01   0.524355E+00   0.524355E+00
   0.290975E+01   0.489007E+00   0.961753E-01   0.523769E+00   0.523769E+00
   0.291449E+01   0.582822E+00   0.959461E-01   0.523186E+00   0.523186E+00
   0.291923E+01   0.563395E+00   0.957873E-01   0.522606E+00   0.522606E+00
   0.292398E+01   0.467113E+00   0.957437E-01   0.522028E+00   0.522028E+00
   0.292872E+01   0.522103E+00   0.954185E-01   0.521452E+00   0.521452E+00
   0.293346E+01   0.627920E+00   0.953302E-01   0.520877E+00   0.520877E+00
   0.293820E+01   0.573749E+00   0.950760E-01   0.520303E+00   0.520303E+00
   0.294295E+01   0.549696E+00   0.950150E-01   0.519729E+00   0.519729E+00
   0.294769E+01   0.606464E+00   0.948883E-01   0.519154E+00   0.519154E+00
   0.295243E+01   0.502970E+00   0.947066E-01   0.518577E+00   0.518577E+00
   0.295718E+01   0.425739E+00   0.945587E-01   0.518000E+00   0.518000E+00
   0.296192E+01   0.453988E+00   0.943489E-01   0.517419E+00   0.517419E+00
   0.296666E+01   0.525545E+00   0.943220E-01   0.516836E+00   0.516836E+00
   0.297140E+01   0.522098E+00   0.941404E-01   0.516249E+00   0.516249E+00
   0.297615E+01   0.489552E+00   0.939751E-01   0.515659E+00   0.515659E+00
   0.298089E+01   0.516492E+00   0.940144E-01   0.515064E+00   0.515064E+00
   0.298563E+01   0.557205E+00   0.937889E-01   0.514463E+00   0.514463E+00
   0.299038E+01   0.561260E+00   0.937268E-01   0.513858E+00   0.513858E+00
   0.299512E+01   0.481855E+00   0.935672E-01   0.513246E+00   0.513246E+00
   0.299986E+01   0.441658E+00   0.934650E-01   0.512628E+00   0.512628E+00

           ####      Real Space Data                               ####

           Distance distribution  function of particle  


      R          P(R)      ERROR

  0.0000E+00  0.0000E+00  0.0000E+00
  0.3693E-01  0.1397E-01  0.4432E-03
  0.7386E-01  0.2830E-01  0.8252E-03
  0.1108E+00  0.4297E-01  0.1147E-02
  0.1477E+00  0.5799E-01  0.1409E-02
  0.1847E+00  0.7334E-01  0.1613E-02
  0.2216E+00  0.8904E-01  0.1763E-02
  0.2585E+00  0.1051E+00  0.1859E-02
  0.2954E+00  0.1214E+00  0.1905E-02
  0.3324E+00  0.1380E+00  0.1905E-02
  0.3693E+00  0.1550E+00  0.1863E-02
  0.4062E+00  0.1722E+00  0.1782E-02
  0.4432E+00  0.1897E+00  0.1669E-02
  0.4801E+00  0.2074E+00  0.1528E-02
  0.5170E+00  0.2254E+00  0.1368E-02
  0.5540E+00  0.2436E+00  0.1197E-02
  0.5909E+00  0.2619E+00  0.1030E-02
  0.6278E+00  0.2805E+00  0.8863E-03
  0.6648E+00  0.2992E+00  0.7950E-03
  0.7017E+00  0.3180E+00  0.7856E-03
  0.7386E+00  0.3369E+00  0.8651E-03
  0.7756E+00  0.3559E+00  0.1012E-02
  0.8125E+00  0.3749E+00  0.1197E-02
  0.8494E+00  0.3940E+00  0.1400E-02
  0.8863E+00  0.4130E+00  0.1605E-02
  0.9233E+00  0.4319E+00  0.1804E-02
  0.9602E+00  0.4508E+00  0.1991E-02
  0.9971E+00  0.4696E+00  0.2161E-02
  0.1034E+01  0.4882E+00  0.2310E-02
  0.1071E+01  0.5066E+00  0.2436E-02
  0.1108E+01  0.5247E+00  0.2537E-02
  0.1145E+01  0.5426E+00  0.2612E-02
  0.1182E+01  0.5602E+00  0.2661E-02
  0.1219E+01  0.5775E+00  0.2682E-02
  0.1256E+01  0.5944E+00  0.2678E-02
  0.1293E+01  0.6109E+00  0.2648E-02
  0.1330E+01  0.6269E+00  0.2594E-02
  0.1366E+01  0.6424E+00  0.2520E-02
  0.1403E+01  0.6574E+00  0.2427E-02
  0.1440E+01  0.6718E+00  0.2321E-02
  0.1477E+01  0.6857E+00  0.2205E-02
  0.1514E+01  0.6989E+00  0.2085E-02
  0.1551E+01  0.7114E+00  0.1969E-02
  0.1588E+01  0.7233E+00  0.1864E-02
  0.1625E+01  0.7344E+00  0.1780E-02
  0.1662E+01  0.7448E+00  0.1724E-02
  0.1699E+01  0.7544E+00  0.1703E-02
  0.1736E+01  0.7633E+00  0.1721E-02
  0.1773E+01  0.7713E+00  0.1776E-02
  0.1810E+01  0.7785E+00  0.1863E-02
  0.1847E+01  0.7849E+00  0.1975E-02
  0.1883E+01  0.7904E+00  0.2104E-02
  0.1920E+01  0.7951E+00  0.2241E-02
  0.1957E+01  0.7989E+00  0.2379E-02
  0.1994E+01  0.8018E+00  0.2514E-02
  0.2031E+01  0.8039E+00  0.2639E-02
  0.2068E+01  0.8051E+00  0.2752E-02
  0.2105E+01  0.8055E+00  0.2849E-02
  0.2142E+01  0.8050E+00  0.2927E-02
  0.2179E+01  0.8038E+00  0.2987E-02
  0.2216E+01  0.8017E+00  0.3025E-02
  0.2253E+01  0.7988E+00  0.3044E-02
  0.2290E+01  0.7951E+00  0.3041E-02
  0.2327E+01  0.7907E+00  0.3020E-02
  0.2364E+01  0.7856E+00  0.2981E-02
  0.2401E+01  0.7798E+00  0.2927E-02
  0.2437E+01  0.7734E+00  0.2861E-02
  0.2474E+01  0.7664E+00  0.2786E-02
  0.2511E+01  0.7588E+00  0.2707E-02
  0.2548E+01  0.7506E+00  0.2630E-02
  0.2585E+01  0.7420E+00  0.2558E-02
  0.2622E+01  0.7329E+00  0.2500E-02
  0.2659E+01  0.7234E+00  0.2459E-02
  0.2696E+01  0.7135E+00  0.2441E-02
  0.2733E+01  0.7033E+00  0.2448E-02
  0.2770E+01  0.6928E+00  0.2484E-02
  0.2807E+01  0.6821E+00  0.2545E-02
  0.2844E+01  0.6712E+00  0.2630E-02
  0.2881E+01  0.6602E+00  0.2735E-02
  0.2918E+01  0.6490E+00  0.2855E-02
  0.2954E+01  0.6378E+00  0.2983E-02
  0.2991E+01  0.6266E+00  0.3116E-02
  0.3028E+01  0.6154E+00  0.3249E-02
  0.3065E+01  0.6042E+00  0.3376E-02
  0.3102E+01  0.5931E+00  0.3496E-02
  0.3139E+01  0.5821E+00  0.3605E-02
  0.3176E+01  0.5713E+00  0.3700E-02
  0.3213E+01  0.5607E+00  0.3780E-02
  0.3250E+01  0.5502E+00  0.3844E-02
  0.3287E+01  0.5400E+00  0.3891E-02
  0.3324E+01  0.5301E+00  0.3922E-02
  0.3361E+01  0.5203E+00  0.3937E-02
  0.3398E+01  0.5109E+00  0.3938E-02
  0.3435E+01  0.5017E+00  0.3926E-02
  0.3472E+01  0.4929E+00  0.3903E-02
  0.3508E+01  0.4843E+00  0.3872E-02
  0.3545E+01  0.4760E+00  0.3836E-02
  0.3582E+01  0.4680E+00  0.3799E-02
  0.3619E+01  0.4603E+00  0.3764E-02
  0.3656E+01  0.4529E+00  0.3735E-02
  0.3693E+01  0.4457E+00  0.3715E-02
  0.3730E+01  0.4388E+00  0.3707E-02
  0.3767E+01  0.4322E+00  0.3714E-02
  0.3804E+01  0.4258E+00  0.3735E-02
  0.3841E+01  0.4196E+00  0.3772E-02
  0.3878E+01  0.4136E+00  0.3824E-02
  0.3915E+01  0.4078E+00  0.3890E-02
  0.3952E+01  0.4021E+00  0.3966E-02
  0.3989E+01  0.3966E+00  0.4049E-02
  0.4026E+01  0.3912E+00  0.4137E-02
  0.4062E+01  0.3859E+00  0.4226E-02
  0.4099E+01  0.3806E+00  0.4313E-02
  0.4136E+01  0.3754E+00  0.4394E-02
  0.4173E+01  0.3702E+00  0.4466E-02
  0.4210E+01  0.3650E+00  0.4527E-02
  0.4247E+01  0.3598E+00  0.4575E-02
  0.4284E+01  0.3546E+00  0.4608E-02
  0.4321E+01  0.3493E+00  0.4626E-02
  0.4358E+01  0.3439E+00  0.4627E-02
  0.4395E+01  0.3384E+00  0.4613E-02
  0.4432E+01  0.3329E+00  0.4583E-02
  0.4469E+01  0.3272E+00  0.4540E-02
  0.4506E+01  0.3214E+00  0.4484E-02
  0.4543E+01  0.3155E+00  0.4419E-02
  0.4579E+01  0.3095E+00  0.4348E-02
  0.4616E+01  0.3033E+00  0.4274E-02
  0.4653E+01  0.2970E+00  0.4201E-02
  0.4690E+01  0.2905E+00  0.4134E-02
  0.4727E+01  0.2840E+00  0.4077E-02
  0.4764E+01  0.2773E+00  0.4034E-02
  0.4801E+01  0.2705E+00  0.4009E-02
  0.4838E+01  0.2637E+00  0.4004E-02
  0.4875E+01  0.2567E+00  0.4022E-02
  0.4912E+01  0.2497E+00  0.4061E-02
  0.4949E+01  0.2426E+00  0.4123E-02
  0.4986E+01  0.2355E+00  0.4203E-02
  0.5023E+01  0.2283E+00  0.4299E-02
  0.5060E+01  0.2212E+00  0.4407E-02
  0.5097E+01  0.2141E+00  0.4522E-02
  0.5133E+01  0.2071E+00  0.4641E-02
  0.5170E+01  0.2001E+00  0.4758E-02
  0.5207E+01  0.1932E+00  0.4869E-02
  0.5244E+01  0.1864E+00  0.4971E-02
  0.5281E+01  0.1798E+00  0.5061E-02
  0.5318E+01  0.1733E+00  0.5135E-02
  0.5355E+01  0.1670E+00  0.5192E-02
  0.5392E+01  0.1609E+00  0.5230E-02
  0.5429E+01  0.1550E+00  0.5247E-02
  0.5466E+01  0.1494E+00  0.5245E-02
  0.5503E+01  0.1439E+00  0.5222E-02
  0.5540E+01  0.1388E+00  0.5182E-02
  0.5577E+01  0.1339E+00  0.5124E-02
  0.5614E+01  0.1292E+00  0.5052E-02
  0.5650E+01  0.1249E+00  0.4970E-02
  0.5687E+01  0.1208E+00  0.4882E-02
  0.5724E+01  0.1170E+00  0.4793E-02
  0.5761E+01  0.1135E+00  0.4709E-02
  0.5798E+01  0.1103E+00  0.4636E-02
  0.5835E+01  0.1073E+00  0.4580E-02
  0.5872E+01  0.1046E+00  0.4548E-02
  0.5909E+01  0.1021E+00  0.4545E-02
  0.5946E+01  0.9985E-01  0.4575E-02
  0.5983E+01  0.9780E-01  0.4640E-02
  0.6020E+01  0.9592E-01  0.4739E-02
  0.6057E+01  0.9420E-01  0.4871E-02
  0.6094E+01  0.9260E-01  0.5032E-02
  0.6131E+01  0.9110E-01  0.5215E-02
  0.6168E+01  0.8967E-01  0.5415E-02
  0.6204E+01  0.8828E-01  0.5623E-02
  0.6241E+01  0.8688E-01  0.5834E-02
  0.6278E+01  0.8544E-01  0.6038E-02
  0.6315E+01  0.8392E-01  0.6229E-02
  0.6352E+01  0.8229E-01  0.6400E-02
  0.6389E+01  0.8051E-01  0.6543E-02
  0.6426E+01  0.7853E-01  0.6652E-02
  0.6463E+01  0.7631E-01  0.6721E-02
  0.6500E+01  0.7383E-01  0.6742E-02
  0.6537E+01  0.7102E-01  0.6710E-02
  0.6574E+01  0.6787E-01  0.6619E-02
  0.6611E+01  0.6432E-01  0.6461E-02
  0.6648E+01  0.6034E-01  0.6233E-02
  0.6685E+01  0.5590E-01  0.5926E-02
  0.6721E+01  0.5096E-01  0.5537E-02
  0.6758E+01  0.4549E-01  0.5058E-02
  0.6795E+01  0.3946E-01  0.4485E-02
  0.6832E+01  0.3284E-01  0.3811E-02
  0.6869E+01  0.2560E-01  0.3032E-02
  0.6906E+01  0.1773E-01  0.2140E-02
  0.6943E+01  0.9203E-02  0.1131E-02
  0.6980E+01  0.0000E+00  0.0000E+00
