
           ####      G N O M             Version 5.0 (r13469)      ####
                                               Wed Dec 15 15:09:29 2021

           ####      Configuration                                 ####

    System Type:                   arbitrary monodisperse (job = 0)
    Minimum characteristic size:         0.0000
    Maximum characteristic size:         7.7600
    rad56:                               0.0000
    Force 0.0 at r = rmin:                  yes
    Force 0.0 at r = rmax:                  yes
    Initial alpha:                       0.0000
    Initial random seed:    1431605390573578975
    Points in real space:                   190

    Input  1:                      temp-inp.dat
    First data point used:                    1
    Last data point used:                   570
    Scaling coefficient:             0.1000E+01
    Experimental setup:            point collimation



           ####      Results                                       ####

    Parameter    DISCRP  OSCILL  STABIL  SYSDEV  POSITV  VALCEN  SMOOTH
    Weight        1.000   3.000   3.000   3.000   1.000   1.000   1.000
    Sigma         0.300   0.600   0.120   0.120   0.120   0.120   0.600
    Ideal         0.700   1.100   0.000   1.000   1.000   0.950   0.000
    Current       0.484   1.402   0.007   0.893   1.000   0.863   1.354
               --------------------------------------------------------
    Estimate      0.594   0.776   0.997   0.450   1.000   0.594   0.006

    Angular range:                       0.3012 to       2.9999
    Reciprocal space Rg:             0.2335E+01
    Reciprocal space I(0):           0.5252E+02

    Real space range:                    0.0000 to       7.7600
    Real space Rg:                   0.2346E+01 +-   0.5464E-02
    Real space I(0):                 0.5253E+02 +-   0.8550E-01

    Highest ALPHA (theor):           0.6651E+02
    Current ALPHA:                   0.1079E+02

    Total Estimate:                      0.6820 (a REASONABLE solution)



           ####      Experimental Data and Fit                     ####

      S          J EXP       ERROR       J REG       I REG

   0.000000E+00                                                0.525295E+02
   0.107561E-01                                                0.525183E+02
   0.215123E-01                                                0.524849E+02
   0.322684E-01                                                0.524292E+02
   0.430246E-01                                                0.523515E+02
   0.537807E-01                                                0.522517E+02
   0.645368E-01                                                0.521300E+02
   0.752930E-01                                                0.519866E+02
   0.860491E-01                                                0.518218E+02
   0.968053E-01                                                0.516357E+02
   0.107561E+00                                                0.514287E+02
   0.118318E+00                                                0.512010E+02
   0.129074E+00                                                0.509530E+02
   0.139830E+00                                                0.506850E+02
   0.150586E+00                                                0.503975E+02
   0.161342E+00                                                0.500908E+02
   0.172098E+00                                                0.497653E+02
   0.182854E+00                                                0.494217E+02
   0.193611E+00                                                0.490602E+02
   0.204367E+00                                                0.486816E+02
   0.215123E+00                                                0.482862E+02
   0.225879E+00                                                0.478746E+02
   0.236635E+00                                                0.474474E+02
   0.247391E+00                                                0.470053E+02
   0.258147E+00                                                0.465487E+02
   0.268903E+00                                                0.460783E+02
   0.279660E+00                                                0.455948E+02
   0.290416E+00                                                0.450987E+02
   0.301172E+00   0.446938E+02   0.212798E+00   0.445908E+02   0.445908E+02
   0.305915E+00   0.444398E+02   0.210777E+00   0.443632E+02   0.443632E+02
   0.310658E+00   0.441399E+02   0.208730E+00   0.441335E+02   0.441335E+02
   0.315400E+00   0.441339E+02   0.206813E+00   0.439017E+02   0.439017E+02
   0.320143E+00   0.437199E+02   0.205076E+00   0.436679E+02   0.436679E+02
   0.324886E+00   0.432953E+02   0.202842E+00   0.434322E+02   0.434322E+02
   0.329629E+00   0.433105E+02   0.201249E+00   0.431945E+02   0.431945E+02
   0.334372E+00   0.430379E+02   0.199298E+00   0.429550E+02   0.429550E+02
   0.339115E+00   0.430138E+02   0.199720E+00   0.427138E+02   0.427138E+02
   0.343858E+00   0.428582E+02   0.202348E+00   0.424708E+02   0.424708E+02
   0.348601E+00   0.426061E+02   0.207351E+00   0.422261E+02   0.422261E+02
   0.353343E+00   0.420665E+02   0.210414E+00   0.419799E+02   0.419799E+02
   0.358086E+00   0.419835E+02   0.212236E+00   0.417321E+02   0.417321E+02
   0.362829E+00   0.418362E+02   0.214127E+00   0.414828E+02   0.414828E+02
   0.367572E+00   0.412754E+02   0.215468E+00   0.412321E+02   0.412321E+02
   0.372315E+00   0.409263E+02   0.216910E+00   0.409799E+02   0.409799E+02
   0.377058E+00   0.409225E+02   0.217802E+00   0.407265E+02   0.407265E+02
   0.381801E+00   0.401818E+02   0.218294E+00   0.404718E+02   0.404718E+02
   0.386543E+00   0.402897E+02   0.219134E+00   0.402159E+02   0.402159E+02
   0.391286E+00   0.400894E+02   0.219598E+00   0.399589E+02   0.399589E+02
   0.396029E+00   0.395770E+02   0.219783E+00   0.397008E+02   0.397008E+02
   0.400772E+00   0.395481E+02   0.221376E+00   0.394416E+02   0.394416E+02
   0.405515E+00   0.393148E+02   0.228911E+00   0.391815E+02   0.391815E+02
   0.410258E+00   0.391324E+02   0.234199E+00   0.389204E+02   0.389204E+02
   0.415001E+00   0.383857E+02   0.238769E+00   0.386585E+02   0.386585E+02
   0.419744E+00   0.381715E+02   0.241702E+00   0.383958E+02   0.383958E+02
   0.424486E+00   0.381923E+02   0.245418E+00   0.381323E+02   0.381323E+02
   0.429229E+00   0.373805E+02   0.247850E+00   0.378681E+02   0.378681E+02
   0.433972E+00   0.376308E+02   0.252295E+00   0.376033E+02   0.376033E+02
   0.438715E+00   0.371855E+02   0.255234E+00   0.373379E+02   0.373379E+02
   0.443458E+00   0.367344E+02   0.258690E+00   0.370720E+02   0.370720E+02
   0.448201E+00   0.366592E+02   0.262274E+00   0.368056E+02   0.368056E+02
   0.452944E+00   0.359605E+02   0.265757E+00   0.365388E+02   0.365388E+02
   0.457686E+00   0.358974E+02   0.268326E+00   0.362716E+02   0.362716E+02
   0.462429E+00   0.361261E+02   0.270175E+00   0.360040E+02   0.360040E+02
   0.467172E+00   0.358471E+02   0.268982E+00   0.357362E+02   0.357362E+02
   0.471915E+00   0.356698E+02   0.258889E+00   0.354682E+02   0.354682E+02
   0.476658E+00   0.353621E+02   0.252996E+00   0.352000E+02   0.352000E+02
   0.481401E+00   0.349280E+02   0.248991E+00   0.349318E+02   0.349318E+02
   0.486144E+00   0.344330E+02   0.246322E+00   0.346634E+02   0.346634E+02
   0.490887E+00   0.343486E+02   0.243733E+00   0.343950E+02   0.343950E+02
   0.495629E+00   0.340336E+02   0.241694E+00   0.341267E+02   0.341267E+02
   0.500372E+00   0.339191E+02   0.239841E+00   0.338584E+02   0.338584E+02
   0.505115E+00   0.334919E+02   0.237581E+00   0.335903E+02   0.335903E+02
   0.509858E+00   0.332433E+02   0.235972E+00   0.333224E+02   0.333224E+02
   0.514601E+00   0.330780E+02   0.234328E+00   0.330546E+02   0.330546E+02
   0.519344E+00   0.324802E+02   0.232901E+00   0.327872E+02   0.327872E+02
   0.524087E+00   0.322800E+02   0.231454E+00   0.325200E+02   0.325200E+02
   0.528829E+00   0.320865E+02   0.230077E+00   0.322532E+02   0.322532E+02
   0.533572E+00   0.320030E+02   0.228672E+00   0.319868E+02   0.319868E+02
   0.538315E+00   0.315456E+02   0.226292E+00   0.317209E+02   0.317209E+02
   0.543058E+00   0.313469E+02   0.224374E+00   0.314554E+02   0.314554E+02
   0.547801E+00   0.311866E+02   0.222748E+00   0.311905E+02   0.311905E+02
   0.552544E+00   0.307799E+02   0.220804E+00   0.309261E+02   0.309261E+02
   0.557287E+00   0.307079E+02   0.218989E+00   0.306624E+02   0.306624E+02
   0.562029E+00   0.301052E+02   0.217091E+00   0.303993E+02   0.303993E+02
   0.566772E+00   0.299709E+02   0.215063E+00   0.301369E+02   0.301369E+02
   0.571515E+00   0.296948E+02   0.213548E+00   0.298752E+02   0.298752E+02
   0.576258E+00   0.296290E+02   0.212344E+00   0.296143E+02   0.296143E+02
   0.581001E+00   0.293548E+02   0.211244E+00   0.293542E+02   0.293542E+02
   0.585744E+00   0.289031E+02   0.209398E+00   0.290949E+02   0.290949E+02
   0.590487E+00   0.289019E+02   0.208892E+00   0.288365E+02   0.288365E+02
   0.595230E+00   0.287222E+02   0.208344E+00   0.285789E+02   0.285789E+02
   0.599972E+00   0.284726E+02   0.207947E+00   0.283224E+02   0.283224E+02
   0.604715E+00   0.280564E+02   0.206550E+00   0.280668E+02   0.280668E+02
   0.609458E+00   0.276622E+02   0.205350E+00   0.278122E+02   0.278122E+02
   0.614201E+00   0.273470E+02   0.204437E+00   0.275586E+02   0.275586E+02
   0.618944E+00   0.273257E+02   0.203535E+00   0.273061E+02   0.273061E+02
   0.623687E+00   0.272502E+02   0.202997E+00   0.270547E+02   0.270547E+02
   0.628430E+00   0.269086E+02   0.202347E+00   0.268044E+02   0.268044E+02
   0.633173E+00   0.265096E+02   0.201871E+00   0.265552E+02   0.265552E+02
   0.637915E+00   0.262221E+02   0.200852E+00   0.263073E+02   0.263073E+02
   0.642658E+00   0.260998E+02   0.199860E+00   0.260605E+02   0.260605E+02
   0.647401E+00   0.256424E+02   0.199078E+00   0.258150E+02   0.258150E+02
   0.652144E+00   0.255738E+02   0.198684E+00   0.255707E+02   0.255707E+02
   0.656887E+00   0.253096E+02   0.198000E+00   0.253277E+02   0.253277E+02
   0.661630E+00   0.247353E+02   0.196755E+00   0.250860E+02   0.250860E+02
   0.666373E+00   0.245128E+02   0.195598E+00   0.248457E+02   0.248457E+02
   0.671115E+00   0.246387E+02   0.195447E+00   0.246066E+02   0.246066E+02
   0.675858E+00   0.242861E+02   0.194607E+00   0.243690E+02   0.243690E+02
   0.680601E+00   0.241831E+02   0.194050E+00   0.241327E+02   0.241327E+02
   0.685344E+00   0.239343E+02   0.193220E+00   0.238978E+02   0.238978E+02
   0.690087E+00   0.234475E+02   0.192436E+00   0.236643E+02   0.236643E+02
   0.694830E+00   0.235366E+02   0.191621E+00   0.234323E+02   0.234323E+02
   0.699573E+00   0.231716E+02   0.191195E+00   0.232018E+02   0.232018E+02
   0.704315E+00   0.227553E+02   0.190002E+00   0.229727E+02   0.229727E+02
   0.709058E+00   0.226543E+02   0.189356E+00   0.227451E+02   0.227451E+02
   0.713801E+00   0.225711E+02   0.188894E+00   0.225190E+02   0.225190E+02
   0.718544E+00   0.225579E+02   0.188455E+00   0.222944E+02   0.222944E+02
   0.723287E+00   0.220642E+02   0.187444E+00   0.220714E+02   0.220714E+02
   0.728030E+00   0.218642E+02   0.187067E+00   0.218499E+02   0.218499E+02
   0.732773E+00   0.217067E+02   0.186774E+00   0.216299E+02   0.216299E+02
   0.737515E+00   0.215340E+02   0.185904E+00   0.214115E+02   0.214115E+02
   0.742258E+00   0.214246E+02   0.185142E+00   0.211947E+02   0.211947E+02
   0.747001E+00   0.208961E+02   0.184049E+00   0.209795E+02   0.209795E+02
   0.751744E+00   0.206855E+02   0.183284E+00   0.207658E+02   0.207658E+02
   0.756487E+00   0.207253E+02   0.182913E+00   0.205538E+02   0.205538E+02
   0.761230E+00   0.204575E+02   0.182329E+00   0.203434E+02   0.203434E+02
   0.765973E+00   0.201316E+02   0.181575E+00   0.201346E+02   0.201346E+02
   0.770716E+00   0.200245E+02   0.180647E+00   0.199274E+02   0.199274E+02
   0.775459E+00   0.196963E+02   0.180375E+00   0.197218E+02   0.197218E+02
   0.780201E+00   0.195259E+02   0.180261E+00   0.195179E+02   0.195179E+02
   0.784944E+00   0.193156E+02   0.179455E+00   0.193156E+02   0.193156E+02
   0.789687E+00   0.192383E+02   0.178859E+00   0.191150E+02   0.191150E+02
   0.794430E+00   0.191434E+02   0.178334E+00   0.189159E+02   0.189159E+02
   0.799173E+00   0.187519E+02   0.177196E+00   0.187186E+02   0.187186E+02
   0.803916E+00   0.186542E+02   0.176840E+00   0.185229E+02   0.185229E+02
   0.808658E+00   0.184771E+02   0.176219E+00   0.183288E+02   0.183288E+02
   0.813401E+00   0.184128E+02   0.175743E+00   0.181364E+02   0.181364E+02
   0.818144E+00   0.181424E+02   0.175389E+00   0.179456E+02   0.179456E+02
   0.822887E+00   0.179982E+02   0.174896E+00   0.177565E+02   0.177565E+02
   0.827630E+00   0.177550E+02   0.173882E+00   0.175690E+02   0.175690E+02
   0.832373E+00   0.174906E+02   0.172837E+00   0.173832E+02   0.173832E+02
   0.837116E+00   0.173178E+02   0.172570E+00   0.171990E+02   0.171990E+02
   0.841859E+00   0.169931E+02   0.172098E+00   0.170164E+02   0.170164E+02
   0.846601E+00   0.168468E+02   0.172154E+00   0.168355E+02   0.168355E+02
   0.851344E+00   0.165884E+02   0.170876E+00   0.166563E+02   0.166563E+02
   0.856087E+00   0.165569E+02   0.170960E+00   0.164786E+02   0.164786E+02
   0.860830E+00   0.162626E+02   0.169761E+00   0.163026E+02   0.163026E+02
   0.865573E+00   0.160431E+02   0.169292E+00   0.161282E+02   0.161282E+02
   0.870316E+00   0.160549E+02   0.168792E+00   0.159555E+02   0.159555E+02
   0.875059E+00   0.156889E+02   0.168493E+00   0.157843E+02   0.157843E+02
   0.879802E+00   0.154997E+02   0.167790E+00   0.156147E+02   0.156147E+02
   0.884544E+00   0.155870E+02   0.167626E+00   0.154468E+02   0.154468E+02
   0.889287E+00   0.154688E+02   0.166717E+00   0.152804E+02   0.152804E+02
   0.894030E+00   0.153517E+02   0.166462E+00   0.151157E+02   0.151157E+02
   0.898773E+00   0.152084E+02   0.165665E+00   0.149525E+02   0.149525E+02
   0.903516E+00   0.148392E+02   0.164767E+00   0.147908E+02   0.147908E+02
   0.908259E+00   0.146933E+02   0.164099E+00   0.146308E+02   0.146308E+02
   0.913002E+00   0.145763E+02   0.164114E+00   0.144723E+02   0.144723E+02
   0.917744E+00   0.146854E+02   0.163697E+00   0.143153E+02   0.143153E+02
   0.922487E+00   0.140436E+02   0.162909E+00   0.141599E+02   0.141599E+02
   0.927230E+00   0.140067E+02   0.162501E+00   0.140060E+02   0.140060E+02
   0.931973E+00   0.139842E+02   0.162243E+00   0.138536E+02   0.138536E+02
   0.936716E+00   0.136275E+02   0.161604E+00   0.137028E+02   0.137028E+02
   0.941459E+00   0.135954E+02   0.161126E+00   0.135534E+02   0.135534E+02
   0.946202E+00   0.136418E+02   0.160743E+00   0.134055E+02   0.134055E+02
   0.950944E+00   0.134141E+02   0.160269E+00   0.132591E+02   0.132591E+02
   0.955687E+00   0.135141E+02   0.160155E+00   0.131142E+02   0.131142E+02
   0.960430E+00   0.129484E+02   0.159246E+00   0.129707E+02   0.129707E+02
   0.965173E+00   0.128677E+02   0.158593E+00   0.128287E+02   0.128287E+02
   0.969916E+00   0.129242E+02   0.158324E+00   0.126881E+02   0.126881E+02
   0.974659E+00   0.127020E+02   0.157824E+00   0.125490E+02   0.125490E+02
   0.979402E+00   0.123957E+02   0.157239E+00   0.124112E+02   0.124112E+02
   0.984144E+00   0.127215E+02   0.157373E+00   0.122749E+02   0.122749E+02
   0.988887E+00   0.121932E+02   0.156668E+00   0.121399E+02   0.121399E+02
   0.993630E+00   0.118935E+02   0.156013E+00   0.120063E+02   0.120063E+02
   0.998373E+00   0.120277E+02   0.156004E+00   0.118741E+02   0.118741E+02
   0.100312E+01   0.118551E+02   0.155320E+00   0.117432E+02   0.117432E+02
   0.100786E+01   0.118648E+02   0.155100E+00   0.116137E+02   0.116137E+02
   0.101260E+01   0.115729E+02   0.154415E+00   0.114855E+02   0.114855E+02
   0.101734E+01   0.114174E+02   0.154125E+00   0.113587E+02   0.113587E+02
   0.102209E+01   0.113568E+02   0.153457E+00   0.112331E+02   0.112331E+02
   0.102683E+01   0.111269E+02   0.153111E+00   0.111089E+02   0.111089E+02
   0.103157E+01   0.110264E+02   0.152901E+00   0.109859E+02   0.109859E+02
   0.103632E+01   0.107698E+02   0.152082E+00   0.108642E+02   0.108642E+02
   0.104106E+01   0.107900E+02   0.151854E+00   0.107437E+02   0.107437E+02
   0.104580E+01   0.106120E+02   0.151294E+00   0.106245E+02   0.106245E+02
   0.105055E+01   0.107007E+02   0.151067E+00   0.105065E+02   0.105065E+02
   0.105529E+01   0.106171E+02   0.150574E+00   0.103898E+02   0.103898E+02
   0.106003E+01   0.102972E+02   0.150137E+00   0.102742E+02   0.102742E+02
   0.106477E+01   0.102197E+02   0.149571E+00   0.101599E+02   0.101599E+02
   0.106952E+01   0.100324E+02   0.149735E+00   0.100467E+02   0.100467E+02
   0.107426E+01   0.101310E+02   0.149350E+00   0.993472E+01   0.993472E+01
   0.107900E+01   0.991791E+01   0.148442E+00   0.982388E+01   0.982388E+01
   0.108374E+01   0.962529E+01   0.148113E+00   0.971420E+01   0.971420E+01
   0.108849E+01   0.967718E+01   0.147654E+00   0.960565E+01   0.960565E+01
   0.109323E+01   0.950337E+01   0.147127E+00   0.949824E+01   0.949824E+01
   0.109797E+01   0.946827E+01   0.147242E+00   0.939193E+01   0.939193E+01
   0.110272E+01   0.946055E+01   0.147210E+00   0.928672E+01   0.928672E+01
   0.110746E+01   0.932987E+01   0.146675E+00   0.918260E+01   0.918260E+01
   0.111220E+01   0.896409E+01   0.145640E+00   0.907955E+01   0.907955E+01
   0.111695E+01   0.894381E+01   0.145427E+00   0.897758E+01   0.897758E+01
   0.112169E+01   0.875473E+01   0.145398E+00   0.887665E+01   0.887665E+01
   0.112643E+01   0.862302E+01   0.144747E+00   0.877679E+01   0.877679E+01
   0.113117E+01   0.875178E+01   0.144572E+00   0.867795E+01   0.867795E+01
   0.113592E+01   0.865983E+01   0.144220E+00   0.858012E+01   0.858012E+01
   0.114066E+01   0.846824E+01   0.144153E+00   0.848330E+01   0.848330E+01
   0.114540E+01   0.828233E+01   0.143957E+00   0.838749E+01   0.838749E+01
   0.115014E+01   0.815624E+01   0.142991E+00   0.829266E+01   0.829266E+01
   0.115489E+01   0.820404E+01   0.142771E+00   0.819881E+01   0.819881E+01
   0.115963E+01   0.806388E+01   0.142468E+00   0.810593E+01   0.810593E+01
   0.116437E+01   0.806545E+01   0.142352E+00   0.801402E+01   0.801402E+01
   0.116912E+01   0.800416E+01   0.141965E+00   0.792305E+01   0.792305E+01
   0.117386E+01   0.798892E+01   0.141621E+00   0.783301E+01   0.783301E+01
   0.117860E+01   0.752404E+01   0.140931E+00   0.774389E+01   0.774389E+01
   0.118335E+01   0.766299E+01   0.140877E+00   0.765570E+01   0.765570E+01
   0.118809E+01   0.742855E+01   0.140781E+00   0.756841E+01   0.756841E+01
   0.119283E+01   0.747998E+01   0.140019E+00   0.748202E+01   0.748202E+01
   0.119757E+01   0.719742E+01   0.139610E+00   0.739653E+01   0.739653E+01
   0.120232E+01   0.718682E+01   0.139521E+00   0.731191E+01   0.731191E+01
   0.120706E+01   0.738293E+01   0.139999E+00   0.722816E+01   0.722816E+01
   0.121180E+01   0.717852E+01   0.144527E+00   0.714527E+01   0.714527E+01
   0.121654E+01   0.704755E+01   0.147493E+00   0.706323E+01   0.706323E+01
   0.122129E+01   0.697721E+01   0.149062E+00   0.698203E+01   0.698203E+01
   0.122603E+01   0.702740E+01   0.151571E+00   0.690167E+01   0.690167E+01
   0.123077E+01   0.679436E+01   0.152574E+00   0.682214E+01   0.682214E+01
   0.123552E+01   0.669311E+01   0.153930E+00   0.674344E+01   0.674344E+01
   0.124026E+01   0.653126E+01   0.155229E+00   0.666553E+01   0.666553E+01
   0.124500E+01   0.648297E+01   0.156289E+00   0.658843E+01   0.658843E+01
   0.124975E+01   0.645352E+01   0.157288E+00   0.651212E+01   0.651212E+01
   0.125449E+01   0.633470E+01   0.158693E+00   0.643660E+01   0.643660E+01
   0.125923E+01   0.619312E+01   0.159572E+00   0.636186E+01   0.636186E+01
   0.126397E+01   0.632162E+01   0.159361E+00   0.628789E+01   0.628789E+01
   0.126872E+01   0.589030E+01   0.159351E+00   0.621470E+01   0.621470E+01
   0.127346E+01   0.602473E+01   0.157370E+00   0.614226E+01   0.614226E+01
   0.127820E+01   0.615219E+01   0.151582E+00   0.607056E+01   0.607056E+01
   0.128295E+01   0.604127E+01   0.148523E+00   0.599961E+01   0.599961E+01
   0.128769E+01   0.586917E+01   0.146500E+00   0.592939E+01   0.592939E+01
   0.129243E+01   0.565863E+01   0.144479E+00   0.585991E+01   0.585991E+01
   0.129717E+01   0.561961E+01   0.143158E+00   0.579114E+01   0.579114E+01
   0.130192E+01   0.558825E+01   0.141682E+00   0.572311E+01   0.572311E+01
   0.130666E+01   0.574699E+01   0.140903E+00   0.565578E+01   0.565578E+01
   0.131140E+01   0.556680E+01   0.139242E+00   0.558915E+01   0.558915E+01
   0.131614E+01   0.545506E+01   0.138277E+00   0.552323E+01   0.552323E+01
   0.132089E+01   0.530252E+01   0.137815E+00   0.545799E+01   0.545799E+01
   0.132563E+01   0.531299E+01   0.136927E+00   0.539344E+01   0.539344E+01
   0.133037E+01   0.533306E+01   0.136549E+00   0.532958E+01   0.532958E+01
   0.133512E+01   0.523950E+01   0.136407E+00   0.526639E+01   0.526639E+01
   0.133986E+01   0.512283E+01   0.136004E+00   0.520388E+01   0.520388E+01
   0.134460E+01   0.506394E+01   0.135537E+00   0.514203E+01   0.514203E+01
   0.134935E+01   0.495984E+01   0.135198E+00   0.508084E+01   0.508084E+01
   0.135409E+01   0.508768E+01   0.134936E+00   0.502030E+01   0.502030E+01
   0.135883E+01   0.483977E+01   0.134566E+00   0.496041E+01   0.496041E+01
   0.136357E+01   0.476811E+01   0.134002E+00   0.490117E+01   0.490117E+01
   0.136832E+01   0.478463E+01   0.133815E+00   0.484257E+01   0.484257E+01
   0.137306E+01   0.483176E+01   0.133017E+00   0.478461E+01   0.478461E+01
   0.137780E+01   0.477964E+01   0.133007E+00   0.472728E+01   0.472728E+01
   0.138254E+01   0.459203E+01   0.132489E+00   0.467056E+01   0.467056E+01
   0.138729E+01   0.456071E+01   0.132152E+00   0.461448E+01   0.461448E+01
   0.139203E+01   0.449411E+01   0.132032E+00   0.455900E+01   0.455900E+01
   0.139677E+01   0.431065E+01   0.131667E+00   0.450414E+01   0.450414E+01
   0.140152E+01   0.453000E+01   0.131603E+00   0.444989E+01   0.444989E+01
   0.140626E+01   0.445386E+01   0.131223E+00   0.439625E+01   0.439625E+01
   0.141100E+01   0.442849E+01   0.130953E+00   0.434321E+01   0.434321E+01
   0.141575E+01   0.434777E+01   0.130705E+00   0.429076E+01   0.429076E+01
   0.142049E+01   0.430013E+01   0.130375E+00   0.423890E+01   0.423890E+01
   0.142523E+01   0.420601E+01   0.130449E+00   0.418762E+01   0.418762E+01
   0.142997E+01   0.396450E+01   0.129753E+00   0.413693E+01   0.413693E+01
   0.143472E+01   0.377317E+01   0.129292E+00   0.408682E+01   0.408682E+01
   0.143946E+01   0.396608E+01   0.129050E+00   0.403728E+01   0.403728E+01
   0.144420E+01   0.386873E+01   0.129047E+00   0.398833E+01   0.398833E+01
   0.144894E+01   0.397322E+01   0.128914E+00   0.393993E+01   0.393993E+01
   0.145369E+01   0.389565E+01   0.128772E+00   0.389209E+01   0.389209E+01
   0.145843E+01   0.382508E+01   0.128318E+00   0.384482E+01   0.384482E+01
   0.146317E+01   0.378649E+01   0.128260E+00   0.379810E+01   0.379810E+01
   0.146792E+01   0.381815E+01   0.127868E+00   0.375193E+01   0.375193E+01
   0.147266E+01   0.390374E+01   0.127654E+00   0.370631E+01   0.370631E+01
   0.147740E+01   0.380582E+01   0.127569E+00   0.366125E+01   0.366125E+01
   0.148215E+01   0.358434E+01   0.127052E+00   0.361671E+01   0.361671E+01
   0.148689E+01   0.361062E+01   0.126751E+00   0.357272E+01   0.357272E+01
   0.149163E+01   0.353557E+01   0.126405E+00   0.352925E+01   0.352925E+01
   0.149637E+01   0.354001E+01   0.126155E+00   0.348632E+01   0.348632E+01
   0.150112E+01   0.354370E+01   0.126146E+00   0.344391E+01   0.344391E+01
   0.150586E+01   0.350648E+01   0.128599E+00   0.340202E+01   0.340202E+01
   0.151060E+01   0.339290E+01   0.132149E+00   0.336066E+01   0.336066E+01
   0.151534E+01   0.325966E+01   0.134038E+00   0.331981E+01   0.331981E+01
   0.152009E+01   0.314285E+01   0.135952E+00   0.327947E+01   0.327947E+01
   0.152483E+01   0.326375E+01   0.137077E+00   0.323963E+01   0.323963E+01
   0.152957E+01   0.315632E+01   0.138105E+00   0.320030E+01   0.320030E+01
   0.153432E+01   0.326186E+01   0.134886E+00   0.316147E+01   0.316147E+01
   0.153906E+01   0.321346E+01   0.132709E+00   0.312314E+01   0.312314E+01
   0.154380E+01   0.322603E+01   0.131409E+00   0.308529E+01   0.308529E+01
   0.154855E+01   0.296304E+01   0.129358E+00   0.304795E+01   0.304795E+01
   0.155329E+01   0.294830E+01   0.128339E+00   0.301108E+01   0.301108E+01
   0.155803E+01   0.294130E+01   0.127158E+00   0.297469E+01   0.297469E+01
   0.156277E+01   0.281914E+01   0.125874E+00   0.293878E+01   0.293878E+01
   0.156752E+01   0.294986E+01   0.124302E+00   0.290334E+01   0.290334E+01
   0.157226E+01   0.292988E+01   0.123773E+00   0.286837E+01   0.286837E+01
   0.157700E+01   0.290856E+01   0.123161E+00   0.283387E+01   0.283387E+01
   0.158175E+01   0.284146E+01   0.123003E+00   0.279983E+01   0.279983E+01
   0.158649E+01   0.273171E+01   0.122793E+00   0.276625E+01   0.276625E+01
   0.159123E+01   0.270083E+01   0.123144E+00   0.273312E+01   0.273312E+01
   0.159597E+01   0.265532E+01   0.123328E+00   0.270044E+01   0.270044E+01
   0.160072E+01   0.269802E+01   0.123414E+00   0.266821E+01   0.266821E+01
   0.160546E+01   0.269960E+01   0.123072E+00   0.263642E+01   0.263642E+01
   0.161020E+01   0.270559E+01   0.122490E+00   0.260507E+01   0.260507E+01
   0.161495E+01   0.262348E+01   0.122285E+00   0.257415E+01   0.257415E+01
   0.161969E+01   0.261423E+01   0.122278E+00   0.254366E+01   0.254366E+01
   0.162443E+01   0.246740E+01   0.122219E+00   0.251360E+01   0.251360E+01
   0.162917E+01   0.234711E+01   0.122162E+00   0.248395E+01   0.248395E+01
   0.163392E+01   0.246405E+01   0.121554E+00   0.245473E+01   0.245473E+01
   0.163866E+01   0.249473E+01   0.121476E+00   0.242592E+01   0.242592E+01
   0.164340E+01   0.237502E+01   0.120952E+00   0.239751E+01   0.239751E+01
   0.164815E+01   0.233343E+01   0.121320E+00   0.236951E+01   0.236951E+01
   0.165289E+01   0.247099E+01   0.120980E+00   0.234192E+01   0.234192E+01
   0.165763E+01   0.237772E+01   0.120544E+00   0.231472E+01   0.231472E+01
   0.166237E+01   0.241431E+01   0.120168E+00   0.228791E+01   0.228791E+01
   0.166712E+01   0.239744E+01   0.120105E+00   0.226149E+01   0.226149E+01
   0.167186E+01   0.220857E+01   0.119768E+00   0.223545E+01   0.223545E+01
   0.167660E+01   0.220595E+01   0.119654E+00   0.220979E+01   0.220979E+01
   0.168135E+01   0.211971E+01   0.119760E+00   0.218450E+01   0.218450E+01
   0.168609E+01   0.226878E+01   0.119203E+00   0.215958E+01   0.215958E+01
   0.169083E+01   0.212342E+01   0.118868E+00   0.213504E+01   0.213504E+01
   0.169557E+01   0.213618E+01   0.118991E+00   0.211085E+01   0.211085E+01
   0.170032E+01   0.200220E+01   0.118596E+00   0.208702E+01   0.208702E+01
   0.170506E+01   0.190523E+01   0.118557E+00   0.206353E+01   0.206353E+01
   0.170980E+01   0.203214E+01   0.118391E+00   0.204040E+01   0.204040E+01
   0.171455E+01   0.200666E+01   0.118256E+00   0.201761E+01   0.201761E+01
   0.171929E+01   0.209574E+01   0.118017E+00   0.199516E+01   0.199516E+01
   0.172403E+01   0.205603E+01   0.117910E+00   0.197305E+01   0.197305E+01
   0.172877E+01   0.189068E+01   0.117452E+00   0.195126E+01   0.195126E+01
   0.173352E+01   0.196881E+01   0.117311E+00   0.192980E+01   0.192980E+01
   0.173826E+01   0.185370E+01   0.117285E+00   0.190866E+01   0.190866E+01
   0.174300E+01   0.172887E+01   0.116917E+00   0.188783E+01   0.188783E+01
   0.174775E+01   0.197013E+01   0.116899E+00   0.186732E+01   0.186732E+01
   0.175249E+01   0.187677E+01   0.116360E+00   0.184711E+01   0.184711E+01
   0.175723E+01   0.194862E+01   0.116904E+00   0.182721E+01   0.182721E+01
   0.176197E+01   0.196887E+01   0.116419E+00   0.180760E+01   0.180760E+01
   0.176672E+01   0.174098E+01   0.115933E+00   0.178829E+01   0.178829E+01
   0.177146E+01   0.168029E+01   0.116123E+00   0.176927E+01   0.176927E+01
   0.177620E+01   0.172265E+01   0.115670E+00   0.175053E+01   0.175053E+01
   0.178095E+01   0.178903E+01   0.115808E+00   0.173207E+01   0.173207E+01
   0.178569E+01   0.178454E+01   0.115399E+00   0.171388E+01   0.171388E+01
   0.179043E+01   0.167003E+01   0.115394E+00   0.169597E+01   0.169597E+01
   0.179517E+01   0.163762E+01   0.115518E+00   0.167832E+01   0.167832E+01
   0.179992E+01   0.174023E+01   0.115066E+00   0.166094E+01   0.166094E+01
   0.180466E+01   0.172889E+01   0.114845E+00   0.164381E+01   0.164381E+01
   0.180940E+01   0.176186E+01   0.114529E+00   0.162693E+01   0.162693E+01
   0.181415E+01   0.154549E+01   0.114688E+00   0.161031E+01   0.161031E+01
   0.181889E+01   0.153293E+01   0.114171E+00   0.159392E+01   0.159392E+01
   0.182363E+01   0.161732E+01   0.114191E+00   0.157778E+01   0.157778E+01
   0.182838E+01   0.144185E+01   0.113643E+00   0.156187E+01   0.156187E+01
   0.183312E+01   0.162385E+01   0.113825E+00   0.154620E+01   0.154620E+01
   0.183786E+01   0.146327E+01   0.113756E+00   0.153075E+01   0.153075E+01
   0.184260E+01   0.135039E+01   0.113840E+00   0.151553E+01   0.151553E+01
   0.184735E+01   0.130420E+01   0.113417E+00   0.150052E+01   0.150052E+01
   0.185209E+01   0.141370E+01   0.113425E+00   0.148573E+01   0.148573E+01
   0.185683E+01   0.155708E+01   0.112906E+00   0.147114E+01   0.147114E+01
   0.186157E+01   0.142475E+01   0.112955E+00   0.145677E+01   0.145677E+01
   0.186632E+01   0.128720E+01   0.112817E+00   0.144260E+01   0.144260E+01
   0.187106E+01   0.138149E+01   0.112451E+00   0.142862E+01   0.142862E+01
   0.187580E+01   0.146143E+01   0.112177E+00   0.141484E+01   0.141484E+01
   0.188055E+01   0.132767E+01   0.112129E+00   0.140125E+01   0.140125E+01
   0.188529E+01   0.148390E+01   0.112136E+00   0.138785E+01   0.138785E+01
   0.189003E+01   0.151045E+01   0.111978E+00   0.137463E+01   0.137463E+01
   0.189478E+01   0.133932E+01   0.111778E+00   0.136159E+01   0.136159E+01
   0.189952E+01   0.145023E+01   0.111676E+00   0.134873E+01   0.134873E+01
   0.190426E+01   0.140240E+01   0.111690E+00   0.133603E+01   0.133603E+01
   0.190900E+01   0.135497E+01   0.111426E+00   0.132350E+01   0.132350E+01
   0.191375E+01   0.122335E+01   0.111290E+00   0.131114E+01   0.131114E+01
   0.191849E+01   0.114809E+01   0.111192E+00   0.129894E+01   0.129894E+01
   0.192323E+01   0.124455E+01   0.111042E+00   0.128690E+01   0.128690E+01
   0.192797E+01   0.125036E+01   0.111110E+00   0.127501E+01   0.127501E+01
   0.193272E+01   0.137414E+01   0.110720E+00   0.126327E+01   0.126327E+01
   0.193746E+01   0.131307E+01   0.110240E+00   0.125169E+01   0.125169E+01
   0.194220E+01   0.127814E+01   0.109813E+00   0.124024E+01   0.124024E+01
   0.194695E+01   0.117337E+01   0.109615E+00   0.122894E+01   0.122894E+01
   0.195169E+01   0.111734E+01   0.109421E+00   0.121777E+01   0.121777E+01
   0.195643E+01   0.114405E+01   0.109223E+00   0.120674E+01   0.120674E+01
   0.196117E+01   0.103489E+01   0.109089E+00   0.119584E+01   0.119584E+01
   0.196592E+01   0.992932E+00   0.109149E+00   0.118508E+01   0.118508E+01
   0.197066E+01   0.118483E+01   0.108977E+00   0.117444E+01   0.117444E+01
   0.197540E+01   0.115779E+01   0.108930E+00   0.116392E+01   0.116392E+01
   0.198015E+01   0.106311E+01   0.108929E+00   0.115352E+01   0.115352E+01
   0.198489E+01   0.108470E+01   0.108930E+00   0.114325E+01   0.114325E+01
   0.198963E+01   0.108069E+01   0.108890E+00   0.113309E+01   0.113309E+01
   0.199438E+01   0.103516E+01   0.108617E+00   0.112304E+01   0.112304E+01
   0.199912E+01   0.936546E+00   0.108654E+00   0.111310E+01   0.111310E+01
   0.200386E+01   0.103062E+01   0.108560E+00   0.110328E+01   0.110328E+01
   0.200860E+01   0.101277E+01   0.108575E+00   0.109356E+01   0.109356E+01
   0.201335E+01   0.107400E+01   0.109638E+00   0.108394E+01   0.108394E+01
   0.201809E+01   0.878323E+00   0.112649E+00   0.107443E+01   0.107443E+01
   0.202283E+01   0.118636E+01   0.114685E+00   0.106502E+01   0.106502E+01
   0.202758E+01   0.123231E+01   0.116127E+00   0.105570E+01   0.105570E+01
   0.203232E+01   0.990371E+00   0.116930E+00   0.104648E+01   0.104648E+01
   0.203706E+01   0.117161E+01   0.117789E+00   0.103736E+01   0.103736E+01
   0.204180E+01   0.100564E+01   0.119060E+00   0.102833E+01   0.102833E+01
   0.204655E+01   0.112440E+01   0.119511E+00   0.101939E+01   0.101939E+01
   0.205129E+01   0.896051E+00   0.119812E+00   0.101054E+01   0.101054E+01
   0.205603E+01   0.918427E+00   0.120012E+00   0.100178E+01   0.100178E+01
   0.206078E+01   0.945274E+00   0.120222E+00   0.993103E+00   0.993103E+00
   0.206552E+01   0.860250E+00   0.120403E+00   0.984512E+00   0.984512E+00
   0.207026E+01   0.101890E+01   0.120776E+00   0.976004E+00   0.976004E+00
   0.207500E+01   0.929523E+00   0.121063E+00   0.967580E+00   0.967580E+00
   0.207975E+01   0.864655E+00   0.118650E+00   0.959235E+00   0.959235E+00
   0.208449E+01   0.916268E+00   0.115674E+00   0.950969E+00   0.950969E+00
   0.208923E+01   0.972353E+00   0.113972E+00   0.942782E+00   0.942782E+00
   0.209397E+01   0.918033E+00   0.112537E+00   0.934672E+00   0.934672E+00
   0.209872E+01   0.946725E+00   0.111428E+00   0.926639E+00   0.926639E+00
   0.210346E+01   0.735630E+00   0.110868E+00   0.918680E+00   0.918680E+00
   0.210820E+01   0.722640E+00   0.109778E+00   0.910796E+00   0.910796E+00
   0.211295E+01   0.825452E+00   0.109504E+00   0.902987E+00   0.902987E+00
   0.211769E+01   0.845197E+00   0.109137E+00   0.895250E+00   0.895250E+00
   0.212243E+01   0.938275E+00   0.109085E+00   0.887584E+00   0.887584E+00
   0.212717E+01   0.809387E+00   0.108862E+00   0.879990E+00   0.879990E+00
   0.213192E+01   0.861540E+00   0.108539E+00   0.872466E+00   0.872466E+00
   0.213666E+01   0.840946E+00   0.108305E+00   0.865013E+00   0.865013E+00
   0.214140E+01   0.930494E+00   0.108148E+00   0.857629E+00   0.857629E+00
   0.214615E+01   0.949494E+00   0.107894E+00   0.850315E+00   0.850315E+00
   0.215089E+01   0.760456E+00   0.107873E+00   0.843069E+00   0.843069E+00
   0.215563E+01   0.865742E+00   0.107509E+00   0.835891E+00   0.835891E+00
   0.216038E+01   0.894195E+00   0.107275E+00   0.828780E+00   0.828780E+00
   0.216512E+01   0.803168E+00   0.107143E+00   0.821737E+00   0.821737E+00
   0.216986E+01   0.870949E+00   0.107070E+00   0.814761E+00   0.814761E+00
   0.217460E+01   0.836747E+00   0.106681E+00   0.807852E+00   0.807852E+00
   0.217935E+01   0.567150E+00   0.106380E+00   0.801010E+00   0.801010E+00
   0.218409E+01   0.712670E+00   0.106347E+00   0.794235E+00   0.794235E+00
   0.218883E+01   0.623483E+00   0.106520E+00   0.787526E+00   0.787526E+00
   0.219358E+01   0.713859E+00   0.106217E+00   0.780883E+00   0.780883E+00
   0.219832E+01   0.852818E+00   0.105972E+00   0.774306E+00   0.774306E+00
   0.220306E+01   0.676744E+00   0.105813E+00   0.767795E+00   0.767795E+00
   0.220780E+01   0.656134E+00   0.105829E+00   0.761351E+00   0.761351E+00
   0.221255E+01   0.700426E+00   0.105245E+00   0.754972E+00   0.754972E+00
   0.221729E+01   0.678040E+00   0.105316E+00   0.748661E+00   0.748661E+00
   0.222203E+01   0.771669E+00   0.105219E+00   0.742415E+00   0.742415E+00
   0.222677E+01   0.673701E+00   0.105286E+00   0.736236E+00   0.736236E+00
   0.223152E+01   0.677409E+00   0.104955E+00   0.730122E+00   0.730122E+00
   0.223626E+01   0.894154E+00   0.104934E+00   0.724076E+00   0.724076E+00
   0.224100E+01   0.796941E+00   0.104988E+00   0.718096E+00   0.718096E+00
   0.224575E+01   0.702455E+00   0.104452E+00   0.712183E+00   0.712183E+00
   0.225049E+01   0.773410E+00   0.104300E+00   0.706336E+00   0.706336E+00
   0.225523E+01   0.751303E+00   0.104081E+00   0.700558E+00   0.700558E+00
   0.225997E+01   0.701191E+00   0.103996E+00   0.694847E+00   0.694847E+00
   0.226472E+01   0.673077E+00   0.103867E+00   0.689202E+00   0.689202E+00
   0.226946E+01   0.736417E+00   0.104044E+00   0.683628E+00   0.683628E+00
   0.227420E+01   0.665866E+00   0.103904E+00   0.678117E+00   0.678117E+00
   0.227895E+01   0.682639E+00   0.103790E+00   0.672677E+00   0.672677E+00
   0.228369E+01   0.668549E+00   0.103525E+00   0.667305E+00   0.667305E+00
   0.228843E+01   0.644208E+00   0.103469E+00   0.662002E+00   0.662002E+00
   0.229318E+01   0.712227E+00   0.103311E+00   0.656767E+00   0.656767E+00
   0.229792E+01   0.710578E+00   0.103235E+00   0.651602E+00   0.651602E+00
   0.230266E+01   0.633654E+00   0.102947E+00   0.646505E+00   0.646505E+00
   0.230740E+01   0.704229E+00   0.102695E+00   0.641478E+00   0.641478E+00
   0.231215E+01   0.643661E+00   0.102585E+00   0.636520E+00   0.636520E+00
   0.231689E+01   0.708207E+00   0.102567E+00   0.631632E+00   0.631632E+00
   0.232163E+01   0.531644E+00   0.102314E+00   0.626815E+00   0.626815E+00
   0.232638E+01   0.650516E+00   0.102212E+00   0.622067E+00   0.622067E+00
   0.233112E+01   0.409506E+00   0.102171E+00   0.617389E+00   0.617389E+00
   0.233586E+01   0.720889E+00   0.102347E+00   0.612782E+00   0.612782E+00
   0.234060E+01   0.583034E+00   0.101945E+00   0.608246E+00   0.608246E+00
   0.234535E+01   0.625926E+00   0.101877E+00   0.603780E+00   0.603780E+00
   0.235009E+01   0.489877E+00   0.101665E+00   0.599385E+00   0.599385E+00
   0.235483E+01   0.504407E+00   0.101489E+00   0.595060E+00   0.595060E+00
   0.235957E+01   0.505140E+00   0.101693E+00   0.590808E+00   0.590808E+00
   0.236432E+01   0.499289E+00   0.101351E+00   0.586625E+00   0.586625E+00
   0.236906E+01   0.607965E+00   0.101734E+00   0.582514E+00   0.582514E+00
   0.237380E+01   0.525110E+00   0.101208E+00   0.578474E+00   0.578474E+00
   0.237855E+01   0.498951E+00   0.101344E+00   0.574504E+00   0.574504E+00
   0.238329E+01   0.632649E+00   0.100976E+00   0.570610E+00   0.570610E+00
   0.238803E+01   0.546546E+00   0.100970E+00   0.566778E+00   0.566778E+00
   0.239277E+01   0.464007E+00   0.100794E+00   0.563023E+00   0.563023E+00
   0.239752E+01   0.542970E+00   0.100422E+00   0.559337E+00   0.559337E+00
   0.240226E+01   0.460196E+00   0.100649E+00   0.555721E+00   0.555721E+00
   0.240700E+01   0.531256E+00   0.100343E+00   0.552177E+00   0.552177E+00
   0.241175E+01   0.557079E+00   0.100595E+00   0.548702E+00   0.548702E+00
   0.241649E+01   0.542439E+00   0.100213E+00   0.545298E+00   0.545298E+00
   0.242123E+01   0.520045E+00   0.100119E+00   0.541963E+00   0.541963E+00
   0.242598E+01   0.526956E+00   0.999000E-01   0.538698E+00   0.538698E+00
   0.243072E+01   0.524049E+00   0.998435E-01   0.535503E+00   0.535503E+00
   0.243546E+01   0.481146E+00   0.998345E-01   0.532376E+00   0.532376E+00
   0.244020E+01   0.518073E+00   0.996416E-01   0.529318E+00   0.529318E+00
   0.244495E+01   0.517758E+00   0.995688E-01   0.526328E+00   0.526328E+00
   0.244969E+01   0.624906E+00   0.993521E-01   0.523406E+00   0.523406E+00
   0.245443E+01   0.477672E+00   0.994182E-01   0.520551E+00   0.520551E+00
   0.245918E+01   0.552068E+00   0.993810E-01   0.517763E+00   0.517763E+00
   0.246392E+01   0.481997E+00   0.991857E-01   0.515043E+00   0.515043E+00
   0.246866E+01   0.440141E+00   0.993075E-01   0.512387E+00   0.512387E+00
   0.247340E+01   0.433349E+00   0.988912E-01   0.509797E+00   0.509797E+00
   0.247815E+01   0.479340E+00   0.989040E-01   0.507272E+00   0.507272E+00
   0.248289E+01   0.490274E+00   0.986756E-01   0.504811E+00   0.504811E+00
   0.248763E+01   0.535049E+00   0.985081E-01   0.502414E+00   0.502414E+00
   0.249238E+01   0.430147E+00   0.987105E-01   0.500078E+00   0.500078E+00
   0.249712E+01   0.457664E+00   0.985987E-01   0.497808E+00   0.497808E+00
   0.250186E+01   0.406774E+00   0.986489E-01   0.495597E+00   0.495597E+00
   0.250660E+01   0.602881E+00   0.985175E-01   0.493447E+00   0.493447E+00
   0.251135E+01   0.530849E+00   0.981186E-01   0.491357E+00   0.491357E+00
   0.251609E+01   0.496286E+00   0.980115E-01   0.489326E+00   0.489326E+00
   0.252083E+01   0.458684E+00   0.982788E-01   0.487353E+00   0.487353E+00
   0.252558E+01   0.548738E+00   0.975779E-01   0.485438E+00   0.485438E+00
   0.253032E+01   0.564898E+00   0.972704E-01   0.483580E+00   0.483580E+00
   0.253506E+01   0.477075E+00   0.974036E-01   0.481777E+00   0.481777E+00
   0.253980E+01   0.442048E+00   0.972996E-01   0.480030E+00   0.480030E+00
   0.254455E+01   0.417862E+00   0.973347E-01   0.478336E+00   0.478336E+00
   0.254929E+01   0.453163E+00   0.969691E-01   0.476694E+00   0.476694E+00
   0.255403E+01   0.313167E+00   0.970563E-01   0.475105E+00   0.475105E+00
   0.255878E+01   0.488339E+00   0.970553E-01   0.473567E+00   0.473567E+00
   0.256352E+01   0.495544E+00   0.967015E-01   0.472078E+00   0.472078E+00
   0.256826E+01   0.465431E+00   0.968599E-01   0.470639E+00   0.470639E+00
   0.257300E+01   0.492509E+00   0.966620E-01   0.469246E+00   0.469246E+00
   0.257775E+01   0.486655E+00   0.967474E-01   0.467901E+00   0.467901E+00
   0.258249E+01   0.454742E+00   0.967435E-01   0.466601E+00   0.466601E+00
   0.258723E+01   0.467184E+00   0.969798E-01   0.465345E+00   0.465345E+00
   0.259198E+01   0.339728E+00   0.965718E-01   0.464133E+00   0.464133E+00
   0.259672E+01   0.351158E+00   0.965202E-01   0.462962E+00   0.462962E+00
   0.260146E+01   0.438372E+00   0.962282E-01   0.461833E+00   0.461833E+00
   0.260620E+01   0.493229E+00   0.963302E-01   0.460741E+00   0.460741E+00
   0.261095E+01   0.514057E+00   0.965227E-01   0.459690E+00   0.459690E+00
   0.261569E+01   0.507038E+00   0.961131E-01   0.458678E+00   0.458678E+00
   0.262043E+01   0.463144E+00   0.960957E-01   0.457700E+00   0.457700E+00
   0.262518E+01   0.561654E+00   0.961092E-01   0.456757E+00   0.456757E+00
   0.262992E+01   0.381825E+00   0.960157E-01   0.455848E+00   0.455848E+00
   0.263466E+01   0.398842E+00   0.957840E-01   0.454971E+00   0.454971E+00
   0.263940E+01   0.474261E+00   0.957351E-01   0.454125E+00   0.454125E+00
   0.264415E+01   0.476261E+00   0.955419E-01   0.453309E+00   0.453309E+00
   0.264889E+01   0.394791E+00   0.953972E-01   0.452522E+00   0.452522E+00
   0.265363E+01   0.633994E+00   0.957228E-01   0.451762E+00   0.451762E+00
   0.265838E+01   0.471699E+00   0.951893E-01   0.451028E+00   0.451028E+00
   0.266312E+01   0.460218E+00   0.953860E-01   0.450319E+00   0.450319E+00
   0.266786E+01   0.393644E+00   0.949912E-01   0.449634E+00   0.449634E+00
   0.267260E+01   0.491571E+00   0.950076E-01   0.448971E+00   0.448971E+00
   0.267735E+01   0.598360E+00   0.953105E-01   0.448329E+00   0.448329E+00
   0.268209E+01   0.452548E+00   0.951789E-01   0.447707E+00   0.447707E+00
   0.268683E+01   0.394637E+00   0.948177E-01   0.447104E+00   0.447104E+00
   0.269158E+01   0.502969E+00   0.948144E-01   0.446518E+00   0.446518E+00
   0.269632E+01   0.422921E+00   0.948691E-01   0.445948E+00   0.445948E+00
   0.270106E+01   0.406036E+00   0.944875E-01   0.445393E+00   0.445393E+00
   0.270580E+01   0.444131E+00   0.945788E-01   0.444852E+00   0.444852E+00
   0.271055E+01   0.408511E+00   0.944733E-01   0.444323E+00   0.444323E+00
   0.271529E+01   0.461517E+00   0.947832E-01   0.443806E+00   0.443806E+00
   0.272003E+01   0.303328E+00   0.943605E-01   0.443301E+00   0.443301E+00
   0.272478E+01   0.422964E+00   0.942195E-01   0.442798E+00   0.442798E+00
   0.272952E+01   0.436099E+00   0.942846E-01   0.442309E+00   0.442309E+00
   0.273426E+01   0.463036E+00   0.939444E-01   0.441826E+00   0.441826E+00
   0.273901E+01   0.447149E+00   0.939532E-01   0.441347E+00   0.441347E+00
   0.274375E+01   0.315968E+00   0.937854E-01   0.440873E+00   0.440873E+00
   0.274849E+01   0.354267E+00   0.937303E-01   0.440403E+00   0.440403E+00
   0.275323E+01   0.460825E+00   0.938300E-01   0.439934E+00   0.439934E+00
   0.275798E+01   0.543061E+00   0.936389E-01   0.439467E+00   0.439467E+00
   0.276272E+01   0.428897E+00   0.935275E-01   0.439000E+00   0.439000E+00
   0.276746E+01   0.429596E+00   0.933963E-01   0.438532E+00   0.438532E+00
   0.277221E+01   0.449493E+00   0.934158E-01   0.438063E+00   0.438063E+00
   0.277695E+01   0.407013E+00   0.933583E-01   0.437590E+00   0.437590E+00
   0.278169E+01   0.308577E+00   0.932475E-01   0.437114E+00   0.437114E+00
   0.278643E+01   0.430944E+00   0.930095E-01   0.436633E+00   0.436633E+00
   0.279118E+01   0.398917E+00   0.928934E-01   0.436147E+00   0.436147E+00
   0.279592E+01   0.456498E+00   0.929358E-01   0.435654E+00   0.435654E+00
   0.280066E+01   0.323728E+00   0.928035E-01   0.435153E+00   0.435153E+00
   0.280540E+01   0.346096E+00   0.928437E-01   0.434645E+00   0.434645E+00
   0.281015E+01   0.424033E+00   0.928920E-01   0.434128E+00   0.434128E+00
   0.281489E+01   0.379140E+00   0.929258E-01   0.433601E+00   0.433601E+00
   0.281963E+01   0.359180E+00   0.950569E-01   0.433063E+00   0.433063E+00
   0.282438E+01   0.398843E+00   0.964942E-01   0.432515E+00   0.432515E+00
   0.282912E+01   0.569937E+00   0.977694E-01   0.431954E+00   0.431954E+00
   0.283386E+01   0.537952E+00   0.986998E-01   0.431384E+00   0.431384E+00
   0.283860E+01   0.522651E+00   0.993808E-01   0.430795E+00   0.430795E+00
   0.284335E+01   0.377879E+00   0.997988E-01   0.430195E+00   0.430195E+00
   0.284809E+01   0.415850E+00   0.100303E+00   0.429581E+00   0.429581E+00
   0.285283E+01   0.439586E+00   0.100443E+00   0.428952E+00   0.428952E+00
   0.285758E+01   0.397752E+00   0.100572E+00   0.428308E+00   0.428308E+00
   0.286232E+01   0.554826E+00   0.101073E+00   0.427648E+00   0.427648E+00
   0.286706E+01   0.451873E+00   0.101251E+00   0.426971E+00   0.426971E+00
   0.287181E+01   0.382379E+00   0.101394E+00   0.426278E+00   0.426278E+00
   0.287655E+01   0.480648E+00   0.101734E+00   0.425568E+00   0.425568E+00
   0.288129E+01   0.522438E+00   0.101415E+00   0.424840E+00   0.424840E+00
   0.288603E+01   0.374133E+00   0.987713E-01   0.424095E+00   0.424095E+00
   0.289078E+01   0.392051E+00   0.972433E-01   0.423331E+00   0.423331E+00
   0.289552E+01   0.397468E+00   0.963087E-01   0.422549E+00   0.422549E+00
   0.290026E+01   0.476916E+00   0.954173E-01   0.421748E+00   0.421748E+00
   0.290501E+01   0.533671E+00   0.946653E-01   0.420929E+00   0.420929E+00
   0.290975E+01   0.427353E+00   0.944252E-01   0.420091E+00   0.420091E+00
   0.291449E+01   0.403116E+00   0.941279E-01   0.419233E+00   0.419233E+00
   0.291923E+01   0.450557E+00   0.939002E-01   0.418357E+00   0.418357E+00
   0.292398E+01   0.524374E+00   0.936238E-01   0.417461E+00   0.417461E+00
   0.292872E+01   0.432653E+00   0.934636E-01   0.416545E+00   0.416545E+00
   0.293346E+01   0.468493E+00   0.933672E-01   0.415610E+00   0.415610E+00
   0.293820E+01   0.423638E+00   0.932822E-01   0.414656E+00   0.414656E+00
   0.294295E+01   0.376544E+00   0.930494E-01   0.413682E+00   0.413682E+00
   0.294769E+01   0.505985E+00   0.931773E-01   0.412690E+00   0.412690E+00
   0.295243E+01   0.342033E+00   0.927723E-01   0.411677E+00   0.411677E+00
   0.295718E+01   0.453193E+00   0.929428E-01   0.410646E+00   0.410646E+00
   0.296192E+01   0.499389E+00   0.928918E-01   0.409596E+00   0.409596E+00
   0.296666E+01   0.421321E+00   0.924052E-01   0.408527E+00   0.408527E+00
   0.297140E+01   0.351532E+00   0.921460E-01   0.407439E+00   0.407439E+00
   0.297615E+01   0.398558E+00   0.922415E-01   0.406332E+00   0.406332E+00
   0.298089E+01   0.437232E+00   0.922992E-01   0.405208E+00   0.405208E+00
   0.298563E+01   0.479259E+00   0.921694E-01   0.404066E+00   0.404066E+00
   0.299038E+01   0.448585E+00   0.919488E-01   0.402906E+00   0.402906E+00
   0.299512E+01   0.345523E+00   0.918642E-01   0.401729E+00   0.401729E+00
   0.299986E+01   0.428677E+00   0.916246E-01   0.400534E+00   0.400534E+00

           ####      Real Space Data                               ####

           Distance distribution  function of particle  


      R          P(R)      ERROR

  0.0000E+00  0.0000E+00  0.0000E+00
  0.4106E-01  0.1214E-01  0.3679E-03
  0.8212E-01  0.2569E-01  0.6789E-03
  0.1232E+00  0.4062E-01  0.9341E-03
  0.1642E+00  0.5692E-01  0.1135E-02
  0.2053E+00  0.7458E-01  0.1283E-02
  0.2463E+00  0.9357E-01  0.1381E-02
  0.2874E+00  0.1138E+00  0.1432E-02
  0.3285E+00  0.1354E+00  0.1440E-02
  0.3695E+00  0.1581E+00  0.1409E-02
  0.4106E+00  0.1821E+00  0.1343E-02
  0.4516E+00  0.2071E+00  0.1249E-02
  0.4927E+00  0.2332E+00  0.1134E-02
  0.5338E+00  0.2602E+00  0.1008E-02
  0.5748E+00  0.2882E+00  0.8827E-03
  0.6159E+00  0.3171E+00  0.7789E-03
  0.6569E+00  0.3467E+00  0.7208E-03
  0.6980E+00  0.3770E+00  0.7303E-03
  0.7390E+00  0.4079E+00  0.8091E-03
  0.7801E+00  0.4394E+00  0.9397E-03
  0.8212E+00  0.4713E+00  0.1100E-02
  0.8622E+00  0.5035E+00  0.1272E-02
  0.9033E+00  0.5360E+00  0.1445E-02
  0.9443E+00  0.5687E+00  0.1610E-02
  0.9854E+00  0.6015E+00  0.1762E-02
  0.1026E+01  0.6342E+00  0.1897E-02
  0.1068E+01  0.6668E+00  0.2011E-02
  0.1109E+01  0.6992E+00  0.2103E-02
  0.1150E+01  0.7314E+00  0.2169E-02
  0.1191E+01  0.7631E+00  0.2211E-02
  0.1232E+01  0.7943E+00  0.2227E-02
  0.1273E+01  0.8250E+00  0.2219E-02
  0.1314E+01  0.8550E+00  0.2187E-02
  0.1355E+01  0.8843E+00  0.2133E-02
  0.1396E+01  0.9127E+00  0.2060E-02
  0.1437E+01  0.9403E+00  0.1973E-02
  0.1478E+01  0.9669E+00  0.1874E-02
  0.1519E+01  0.9924E+00  0.1772E-02
  0.1560E+01  0.1017E+01  0.1672E-02
  0.1601E+01  0.1040E+01  0.1583E-02
  0.1642E+01  0.1062E+01  0.1514E-02
  0.1683E+01  0.1083E+01  0.1475E-02
  0.1724E+01  0.1102E+01  0.1471E-02
  0.1766E+01  0.1120E+01  0.1506E-02
  0.1807E+01  0.1137E+01  0.1575E-02
  0.1848E+01  0.1152E+01  0.1673E-02
  0.1889E+01  0.1166E+01  0.1792E-02
  0.1930E+01  0.1178E+01  0.1923E-02
  0.1971E+01  0.1189E+01  0.2059E-02
  0.2012E+01  0.1199E+01  0.2192E-02
  0.2053E+01  0.1207E+01  0.2319E-02
  0.2094E+01  0.1213E+01  0.2433E-02
  0.2135E+01  0.1218E+01  0.2533E-02
  0.2176E+01  0.1221E+01  0.2616E-02
  0.2217E+01  0.1224E+01  0.2680E-02
  0.2258E+01  0.1224E+01  0.2724E-02
  0.2299E+01  0.1224E+01  0.2748E-02
  0.2340E+01  0.1222E+01  0.2752E-02
  0.2381E+01  0.1218E+01  0.2739E-02
  0.2422E+01  0.1214E+01  0.2708E-02
  0.2463E+01  0.1208E+01  0.2664E-02
  0.2505E+01  0.1201E+01  0.2610E-02
  0.2546E+01  0.1193E+01  0.2549E-02
  0.2587E+01  0.1184E+01  0.2486E-02
  0.2628E+01  0.1174E+01  0.2427E-02
  0.2669E+01  0.1163E+01  0.2378E-02
  0.2710E+01  0.1151E+01  0.2344E-02
  0.2751E+01  0.1138E+01  0.2330E-02
  0.2792E+01  0.1125E+01  0.2339E-02
  0.2833E+01  0.1111E+01  0.2374E-02
  0.2874E+01  0.1097E+01  0.2433E-02
  0.2915E+01  0.1081E+01  0.2515E-02
  0.2956E+01  0.1066E+01  0.2616E-02
  0.2997E+01  0.1050E+01  0.2731E-02
  0.3038E+01  0.1033E+01  0.2855E-02
  0.3079E+01  0.1017E+01  0.2984E-02
  0.3120E+01  0.9999E+00  0.3112E-02
  0.3161E+01  0.9828E+00  0.3236E-02
  0.3203E+01  0.9656E+00  0.3352E-02
  0.3244E+01  0.9483E+00  0.3457E-02
  0.3285E+01  0.9309E+00  0.3550E-02
  0.3326E+01  0.9136E+00  0.3628E-02
  0.3367E+01  0.8963E+00  0.3690E-02
  0.3408E+01  0.8791E+00  0.3735E-02
  0.3449E+01  0.8619E+00  0.3765E-02
  0.3490E+01  0.8449E+00  0.3778E-02
  0.3531E+01  0.8281E+00  0.3777E-02
  0.3572E+01  0.8115E+00  0.3762E-02
  0.3613E+01  0.7950E+00  0.3736E-02
  0.3654E+01  0.7788E+00  0.3699E-02
  0.3695E+01  0.7629E+00  0.3656E-02
  0.3736E+01  0.7471E+00  0.3609E-02
  0.3777E+01  0.7316E+00  0.3560E-02
  0.3818E+01  0.7164E+00  0.3513E-02
  0.3859E+01  0.7014E+00  0.3469E-02
  0.3901E+01  0.6867E+00  0.3433E-02
  0.3942E+01  0.6723E+00  0.3405E-02
  0.3983E+01  0.6581E+00  0.3388E-02
  0.4024E+01  0.6441E+00  0.3383E-02
  0.4065E+01  0.6304E+00  0.3389E-02
  0.4106E+01  0.6169E+00  0.3407E-02
  0.4147E+01  0.6037E+00  0.3435E-02
  0.4188E+01  0.5906E+00  0.3472E-02
  0.4229E+01  0.5778E+00  0.3516E-02
  0.4270E+01  0.5651E+00  0.3567E-02
  0.4311E+01  0.5526E+00  0.3621E-02
  0.4352E+01  0.5403E+00  0.3676E-02
  0.4393E+01  0.5282E+00  0.3733E-02
  0.4434E+01  0.5162E+00  0.3788E-02
  0.4475E+01  0.5044E+00  0.3842E-02
  0.4516E+01  0.4927E+00  0.3893E-02
  0.4557E+01  0.4811E+00  0.3941E-02
  0.4599E+01  0.4697E+00  0.3986E-02
  0.4640E+01  0.4584E+00  0.4028E-02
  0.4681E+01  0.4471E+00  0.4066E-02
  0.4722E+01  0.4360E+00  0.4102E-02
  0.4763E+01  0.4251E+00  0.4136E-02
  0.4804E+01  0.4142E+00  0.4167E-02
  0.4845E+01  0.4035E+00  0.4196E-02
  0.4886E+01  0.3928E+00  0.4224E-02
  0.4927E+01  0.3823E+00  0.4250E-02
  0.4968E+01  0.3719E+00  0.4275E-02
  0.5009E+01  0.3617E+00  0.4297E-02
  0.5050E+01  0.3516E+00  0.4317E-02
  0.5091E+01  0.3416E+00  0.4335E-02
  0.5132E+01  0.3318E+00  0.4350E-02
  0.5173E+01  0.3222E+00  0.4361E-02
  0.5214E+01  0.3127E+00  0.4369E-02
  0.5255E+01  0.3034E+00  0.4373E-02
  0.5297E+01  0.2943E+00  0.4374E-02
  0.5338E+01  0.2854E+00  0.4371E-02
  0.5379E+01  0.2767E+00  0.4366E-02
  0.5420E+01  0.2683E+00  0.4358E-02
  0.5461E+01  0.2601E+00  0.4350E-02
  0.5502E+01  0.2521E+00  0.4343E-02
  0.5543E+01  0.2444E+00  0.4337E-02
  0.5584E+01  0.2369E+00  0.4336E-02
  0.5625E+01  0.2297E+00  0.4340E-02
  0.5666E+01  0.2227E+00  0.4353E-02
  0.5707E+01  0.2160E+00  0.4374E-02
  0.5748E+01  0.2096E+00  0.4406E-02
  0.5789E+01  0.2035E+00  0.4449E-02
  0.5830E+01  0.1976E+00  0.4503E-02
  0.5871E+01  0.1920E+00  0.4568E-02
  0.5912E+01  0.1867E+00  0.4643E-02
  0.5953E+01  0.1817E+00  0.4727E-02
  0.5994E+01  0.1769E+00  0.4817E-02
  0.6036E+01  0.1724E+00  0.4911E-02
  0.6077E+01  0.1681E+00  0.5006E-02
  0.6118E+01  0.1640E+00  0.5100E-02
  0.6159E+01  0.1602E+00  0.5189E-02
  0.6200E+01  0.1566E+00  0.5271E-02
  0.6241E+01  0.1532E+00  0.5345E-02
  0.6282E+01  0.1500E+00  0.5406E-02
  0.6323E+01  0.1470E+00  0.5455E-02
  0.6364E+01  0.1442E+00  0.5489E-02
  0.6405E+01  0.1414E+00  0.5509E-02
  0.6446E+01  0.1388E+00  0.5513E-02
  0.6487E+01  0.1364E+00  0.5503E-02
  0.6528E+01  0.1340E+00  0.5480E-02
  0.6569E+01  0.1316E+00  0.5445E-02
  0.6610E+01  0.1293E+00  0.5401E-02
  0.6651E+01  0.1271E+00  0.5350E-02
  0.6692E+01  0.1248E+00  0.5297E-02
  0.6734E+01  0.1226E+00  0.5244E-02
  0.6775E+01  0.1203E+00  0.5195E-02
  0.6816E+01  0.1179E+00  0.5153E-02
  0.6857E+01  0.1155E+00  0.5122E-02
  0.6898E+01  0.1129E+00  0.5103E-02
  0.6939E+01  0.1103E+00  0.5096E-02
  0.6980E+01  0.1074E+00  0.5102E-02
  0.7021E+01  0.1045E+00  0.5118E-02
  0.7062E+01  0.1013E+00  0.5140E-02
  0.7103E+01  0.9794E-01  0.5165E-02
  0.7144E+01  0.9434E-01  0.5185E-02
  0.7185E+01  0.9050E-01  0.5195E-02
  0.7226E+01  0.8638E-01  0.5186E-02
  0.7267E+01  0.8198E-01  0.5152E-02
  0.7308E+01  0.7728E-01  0.5083E-02
  0.7349E+01  0.7224E-01  0.4973E-02
  0.7390E+01  0.6686E-01  0.4812E-02
  0.7432E+01  0.6112E-01  0.4594E-02
  0.7473E+01  0.5500E-01  0.4312E-02
  0.7514E+01  0.4847E-01  0.3957E-02
  0.7555E+01  0.4153E-01  0.3525E-02
  0.7596E+01  0.3416E-01  0.3009E-02
  0.7637E+01  0.2633E-01  0.2403E-02
  0.7678E+01  0.1804E-01  0.1702E-02
  0.7719E+01  0.9271E-02  0.9028E-03
  0.7760E+01  0.0000E+00  0.0000E+00
