
           ####      G N O M             Version 5.0 (r13469)      ####
                                               Wed Dec 15 15:09:08 2021

           ####      Configuration                                 ####

    System Type:                   arbitrary monodisperse (job = 0)
    Minimum characteristic size:         0.0000
    Maximum characteristic size:         6.3300
    rad56:                               0.0000
    Force 0.0 at r = rmin:                  yes
    Force 0.0 at r = rmax:                  yes
    Initial alpha:                       0.0000
    Initial random seed:    1430246091581040921
    Points in real space:                   190

    Input  1:                      temp-inp.dat
    First data point used:                    1
    Last data point used:                   570
    Scaling coefficient:             0.1000E+01
    Experimental setup:            point collimation



           ####      Results                                       ####

    Parameter    DISCRP  OSCILL  STABIL  SYSDEV  POSITV  VALCEN  SMOOTH
    Weight        1.000   3.000   3.000   3.000   1.000   1.000   1.000
    Sigma         0.300   0.600   0.120   0.120   0.120   0.120   0.600
    Ideal         0.700   1.100   0.000   1.000   1.000   0.950   0.000
    Current       0.703   1.162   0.013   0.654   1.000   0.897   2.993
               --------------------------------------------------------
    Estimate      1.000   0.990   0.988   0.000   1.000   0.823   0.000

    Angular range:                       0.3012 to       2.9999
    Reciprocal space Rg:             0.2211E+01
    Reciprocal space I(0):           0.3314E+02

    Real space range:                    0.0000 to       6.3300
    Real space Rg:                   0.2216E+01 +-   0.4088E-02
    Real space I(0):                 0.3315E+02 +-   0.6368E-01

    Highest ALPHA (theor):           0.2342E+02
    Current ALPHA:                   0.1458E+02

    Total Estimate:                      0.6736 (a REASONABLE solution)



           ####      Experimental Data and Fit                     ####

      S          J EXP       ERROR       J REG       I REG

   0.000000E+00                                                0.331454E+02
   0.107561E-01                                                0.331391E+02
   0.215123E-01                                                0.331203E+02
   0.322684E-01                                                0.330890E+02
   0.430246E-01                                                0.330451E+02
   0.537807E-01                                                0.329889E+02
   0.645368E-01                                                0.329203E+02
   0.752930E-01                                                0.328394E+02
   0.860491E-01                                                0.327464E+02
   0.968053E-01                                                0.326412E+02
   0.107561E+00                                                0.325242E+02
   0.118318E+00                                                0.323953E+02
   0.129074E+00                                                0.322548E+02
   0.139830E+00                                                0.321028E+02
   0.150586E+00                                                0.319394E+02
   0.161342E+00                                                0.317650E+02
   0.172098E+00                                                0.315797E+02
   0.182854E+00                                                0.313837E+02
   0.193611E+00                                                0.311772E+02
   0.204367E+00                                                0.309606E+02
   0.215123E+00                                                0.307339E+02
   0.225879E+00                                                0.304976E+02
   0.236635E+00                                                0.302518E+02
   0.247391E+00                                                0.299969E+02
   0.258147E+00                                                0.297331E+02
   0.268903E+00                                                0.294608E+02
   0.279660E+00                                                0.291802E+02
   0.290416E+00                                                0.288916E+02
   0.301172E+00   0.287482E+02   0.194776E+00   0.285954E+02   0.285954E+02
   0.305915E+00   0.287991E+02   0.193317E+00   0.284625E+02   0.284625E+02
   0.310658E+00   0.285072E+02   0.191362E+00   0.283282E+02   0.283282E+02
   0.315400E+00   0.285809E+02   0.189736E+00   0.281925E+02   0.281925E+02
   0.320143E+00   0.283687E+02   0.188058E+00   0.280555E+02   0.280555E+02
   0.324886E+00   0.285136E+02   0.186430E+00   0.279172E+02   0.279172E+02
   0.329629E+00   0.280801E+02   0.184752E+00   0.277776E+02   0.277776E+02
   0.334372E+00   0.277571E+02   0.182890E+00   0.276367E+02   0.276367E+02
   0.339115E+00   0.277919E+02   0.183667E+00   0.274947E+02   0.274947E+02
   0.343858E+00   0.278400E+02   0.185930E+00   0.273514E+02   0.273514E+02
   0.348601E+00   0.275902E+02   0.190279E+00   0.272070E+02   0.272070E+02
   0.353343E+00   0.273897E+02   0.193356E+00   0.270615E+02   0.270615E+02
   0.358086E+00   0.272355E+02   0.195260E+00   0.269149E+02   0.269149E+02
   0.362829E+00   0.271323E+02   0.197027E+00   0.267672E+02   0.267672E+02
   0.367572E+00   0.268156E+02   0.198041E+00   0.266184E+02   0.266184E+02
   0.372315E+00   0.266515E+02   0.199316E+00   0.264687E+02   0.264687E+02
   0.377058E+00   0.264999E+02   0.200461E+00   0.263180E+02   0.263180E+02
   0.381801E+00   0.261699E+02   0.200988E+00   0.261663E+02   0.261663E+02
   0.386543E+00   0.259696E+02   0.201729E+00   0.260137E+02   0.260137E+02
   0.391286E+00   0.257944E+02   0.202211E+00   0.258603E+02   0.258603E+02
   0.396029E+00   0.255426E+02   0.202727E+00   0.257059E+02   0.257059E+02
   0.400772E+00   0.260024E+02   0.203901E+00   0.255508E+02   0.255508E+02
   0.405515E+00   0.259128E+02   0.210910E+00   0.253948E+02   0.253948E+02
   0.410258E+00   0.256035E+02   0.216221E+00   0.252381E+02   0.252381E+02
   0.415001E+00   0.253291E+02   0.220878E+00   0.250807E+02   0.250807E+02
   0.419744E+00   0.249797E+02   0.223395E+00   0.249226E+02   0.249226E+02
   0.424486E+00   0.247111E+02   0.226292E+00   0.247637E+02   0.247637E+02
   0.429229E+00   0.243697E+02   0.229072E+00   0.246043E+02   0.246043E+02
   0.433972E+00   0.246522E+02   0.233135E+00   0.244442E+02   0.244442E+02
   0.438715E+00   0.243254E+02   0.236026E+00   0.242836E+02   0.242836E+02
   0.443458E+00   0.237869E+02   0.239056E+00   0.241224E+02   0.241224E+02
   0.448201E+00   0.233900E+02   0.241596E+00   0.239606E+02   0.239606E+02
   0.452944E+00   0.240014E+02   0.246709E+00   0.237984E+02   0.237984E+02
   0.457686E+00   0.240131E+02   0.248893E+00   0.236357E+02   0.236357E+02
   0.462429E+00   0.233425E+02   0.250490E+00   0.234726E+02   0.234726E+02
   0.467172E+00   0.229738E+02   0.248863E+00   0.233091E+02   0.233091E+02
   0.471915E+00   0.235590E+02   0.239920E+00   0.231452E+02   0.231452E+02
   0.476658E+00   0.230554E+02   0.234498E+00   0.229810E+02   0.229810E+02
   0.481401E+00   0.224715E+02   0.231043E+00   0.228165E+02   0.228165E+02
   0.486144E+00   0.226850E+02   0.228569E+00   0.226517E+02   0.226517E+02
   0.490887E+00   0.223042E+02   0.226045E+00   0.224866E+02   0.224866E+02
   0.495629E+00   0.222436E+02   0.224152E+00   0.223213E+02   0.223213E+02
   0.500372E+00   0.222890E+02   0.223080E+00   0.221558E+02   0.221558E+02
   0.505115E+00   0.221673E+02   0.221260E+00   0.219901E+02   0.219901E+02
   0.509858E+00   0.218565E+02   0.219409E+00   0.218243E+02   0.218243E+02
   0.514601E+00   0.215596E+02   0.218133E+00   0.216584E+02   0.216584E+02
   0.519344E+00   0.210752E+02   0.216844E+00   0.214924E+02   0.214924E+02
   0.524087E+00   0.214940E+02   0.215425E+00   0.213264E+02   0.213264E+02
   0.528829E+00   0.206261E+02   0.214057E+00   0.211603E+02   0.211603E+02
   0.533572E+00   0.205666E+02   0.212575E+00   0.209942E+02   0.209942E+02
   0.538315E+00   0.204926E+02   0.210809E+00   0.208282E+02   0.208282E+02
   0.543058E+00   0.205885E+02   0.209040E+00   0.206622E+02   0.206622E+02
   0.547801E+00   0.201325E+02   0.207305E+00   0.204963E+02   0.204963E+02
   0.552544E+00   0.201758E+02   0.205770E+00   0.203305E+02   0.203305E+02
   0.557287E+00   0.198658E+02   0.204091E+00   0.201648E+02   0.201648E+02
   0.562029E+00   0.200562E+02   0.203015E+00   0.199993E+02   0.199993E+02
   0.566772E+00   0.196714E+02   0.201298E+00   0.198340E+02   0.198340E+02
   0.571515E+00   0.197404E+02   0.200075E+00   0.196689E+02   0.196689E+02
   0.576258E+00   0.193423E+02   0.198647E+00   0.195040E+02   0.195040E+02
   0.581001E+00   0.193669E+02   0.197610E+00   0.193394E+02   0.193394E+02
   0.585744E+00   0.186891E+02   0.196358E+00   0.191750E+02   0.191750E+02
   0.590487E+00   0.189442E+02   0.195698E+00   0.190110E+02   0.190110E+02
   0.595230E+00   0.188731E+02   0.194900E+00   0.188473E+02   0.188473E+02
   0.599972E+00   0.183146E+02   0.194068E+00   0.186840E+02   0.186840E+02
   0.604715E+00   0.184879E+02   0.193528E+00   0.185210E+02   0.185210E+02
   0.609458E+00   0.181907E+02   0.192583E+00   0.183585E+02   0.183585E+02
   0.614201E+00   0.178116E+02   0.192200E+00   0.181964E+02   0.181964E+02
   0.618944E+00   0.178349E+02   0.191178E+00   0.180347E+02   0.180347E+02
   0.623687E+00   0.174056E+02   0.190622E+00   0.178735E+02   0.178735E+02
   0.628430E+00   0.176590E+02   0.190104E+00   0.177128E+02   0.177128E+02
   0.633173E+00   0.175092E+02   0.189462E+00   0.175526E+02   0.175526E+02
   0.637915E+00   0.172826E+02   0.188518E+00   0.173929E+02   0.173929E+02
   0.642658E+00   0.169936E+02   0.187830E+00   0.172338E+02   0.172338E+02
   0.647401E+00   0.169257E+02   0.187102E+00   0.170753E+02   0.170753E+02
   0.652144E+00   0.165858E+02   0.186572E+00   0.169174E+02   0.169174E+02
   0.656887E+00   0.165350E+02   0.186175E+00   0.167600E+02   0.167600E+02
   0.661630E+00   0.162875E+02   0.185032E+00   0.166033E+02   0.166033E+02
   0.666373E+00   0.162305E+02   0.184696E+00   0.164473E+02   0.164473E+02
   0.671115E+00   0.159872E+02   0.184052E+00   0.162919E+02   0.162919E+02
   0.675858E+00   0.162858E+02   0.183821E+00   0.161373E+02   0.161373E+02
   0.680601E+00   0.157981E+02   0.182775E+00   0.159833E+02   0.159833E+02
   0.685344E+00   0.155396E+02   0.182173E+00   0.158301E+02   0.158301E+02
   0.690087E+00   0.155026E+02   0.181619E+00   0.156776E+02   0.156776E+02
   0.694830E+00   0.154263E+02   0.181113E+00   0.155258E+02   0.155258E+02
   0.699573E+00   0.154068E+02   0.180604E+00   0.153748E+02   0.153748E+02
   0.704315E+00   0.150264E+02   0.179709E+00   0.152247E+02   0.152247E+02
   0.709058E+00   0.147192E+02   0.179192E+00   0.150753E+02   0.150753E+02
   0.713801E+00   0.148620E+02   0.178907E+00   0.149267E+02   0.149267E+02
   0.718544E+00   0.144513E+02   0.178103E+00   0.147790E+02   0.147790E+02
   0.723287E+00   0.144949E+02   0.177721E+00   0.146321E+02   0.146321E+02
   0.728030E+00   0.144052E+02   0.177218E+00   0.144861E+02   0.144861E+02
   0.732773E+00   0.142466E+02   0.176464E+00   0.143410E+02   0.143410E+02
   0.737515E+00   0.139410E+02   0.175856E+00   0.141967E+02   0.141967E+02
   0.742258E+00   0.136740E+02   0.175220E+00   0.140534E+02   0.140534E+02
   0.747001E+00   0.137371E+02   0.174644E+00   0.139109E+02   0.139109E+02
   0.751744E+00   0.138574E+02   0.174438E+00   0.137694E+02   0.137694E+02
   0.756487E+00   0.135182E+02   0.173848E+00   0.136288E+02   0.136288E+02
   0.761230E+00   0.133632E+02   0.173234E+00   0.134892E+02   0.134892E+02
   0.765973E+00   0.132350E+02   0.172502E+00   0.133505E+02   0.133505E+02
   0.770716E+00   0.133201E+02   0.172052E+00   0.132128E+02   0.132128E+02
   0.775459E+00   0.131629E+02   0.171763E+00   0.130761E+02   0.130761E+02
   0.780201E+00   0.130371E+02   0.171404E+00   0.129404E+02   0.129404E+02
   0.784944E+00   0.126919E+02   0.170320E+00   0.128056E+02   0.128056E+02
   0.789687E+00   0.125534E+02   0.170158E+00   0.126719E+02   0.126719E+02
   0.794430E+00   0.125067E+02   0.169354E+00   0.125392E+02   0.125392E+02
   0.799173E+00   0.122441E+02   0.168758E+00   0.124074E+02   0.124074E+02
   0.803916E+00   0.121680E+02   0.168201E+00   0.122768E+02   0.122768E+02
   0.808658E+00   0.120128E+02   0.167938E+00   0.121471E+02   0.121471E+02
   0.813401E+00   0.122017E+02   0.167684E+00   0.120185E+02   0.120185E+02
   0.818144E+00   0.119579E+02   0.167156E+00   0.118910E+02   0.118910E+02
   0.822887E+00   0.119359E+02   0.166552E+00   0.117645E+02   0.117645E+02
   0.827630E+00   0.118164E+02   0.166045E+00   0.116390E+02   0.116390E+02
   0.832373E+00   0.114043E+02   0.165325E+00   0.115146E+02   0.115146E+02
   0.837116E+00   0.113682E+02   0.165353E+00   0.113913E+02   0.113913E+02
   0.841859E+00   0.112816E+02   0.164608E+00   0.112691E+02   0.112691E+02
   0.846601E+00   0.111755E+02   0.164022E+00   0.111479E+02   0.111479E+02
   0.851344E+00   0.111740E+02   0.163534E+00   0.110279E+02   0.110279E+02
   0.856087E+00   0.109435E+02   0.163083E+00   0.109089E+02   0.109089E+02
   0.860830E+00   0.108105E+02   0.162495E+00   0.107910E+02   0.107910E+02
   0.865573E+00   0.107452E+02   0.162078E+00   0.106741E+02   0.106741E+02
   0.870316E+00   0.105392E+02   0.161728E+00   0.105584E+02   0.105584E+02
   0.875059E+00   0.104933E+02   0.161295E+00   0.104438E+02   0.104438E+02
   0.879802E+00   0.102849E+02   0.160947E+00   0.103302E+02   0.103302E+02
   0.884544E+00   0.103694E+02   0.160623E+00   0.102178E+02   0.102178E+02
   0.889287E+00   0.996477E+01   0.159957E+00   0.101064E+02   0.101064E+02
   0.894030E+00   0.990184E+01   0.159507E+00   0.999620E+01   0.999620E+01
   0.898773E+00   0.988243E+01   0.159157E+00   0.988705E+01   0.988705E+01
   0.903516E+00   0.982513E+01   0.158797E+00   0.977900E+01   0.977900E+01
   0.908259E+00   0.972947E+01   0.158243E+00   0.967204E+01   0.967204E+01
   0.913002E+00   0.958095E+01   0.157876E+00   0.956618E+01   0.956618E+01
   0.917744E+00   0.954193E+01   0.157416E+00   0.946142E+01   0.946142E+01
   0.922487E+00   0.934087E+01   0.156825E+00   0.935774E+01   0.935774E+01
   0.927230E+00   0.934778E+01   0.156652E+00   0.925517E+01   0.925517E+01
   0.931973E+00   0.938731E+01   0.156494E+00   0.915368E+01   0.915368E+01
   0.936716E+00   0.911503E+01   0.155548E+00   0.905327E+01   0.905327E+01
   0.941459E+00   0.893412E+01   0.155211E+00   0.895396E+01   0.895396E+01
   0.946202E+00   0.882364E+01   0.155082E+00   0.885572E+01   0.885572E+01
   0.950944E+00   0.887623E+01   0.154662E+00   0.875856E+01   0.875856E+01
   0.955687E+00   0.871817E+01   0.153981E+00   0.866248E+01   0.866248E+01
   0.960430E+00   0.865748E+01   0.153718E+00   0.856747E+01   0.856747E+01
   0.965173E+00   0.873697E+01   0.153493E+00   0.847353E+01   0.847353E+01
   0.969916E+00   0.854344E+01   0.152997E+00   0.838066E+01   0.838066E+01
   0.974659E+00   0.856395E+01   0.152695E+00   0.828884E+01   0.828884E+01
   0.979402E+00   0.850146E+01   0.152339E+00   0.819807E+01   0.819807E+01
   0.984144E+00   0.817643E+01   0.151576E+00   0.810836E+01   0.810836E+01
   0.988887E+00   0.826015E+01   0.151384E+00   0.801968E+01   0.801968E+01
   0.993630E+00   0.813280E+01   0.151170E+00   0.793205E+01   0.793205E+01
   0.998373E+00   0.792795E+01   0.150611E+00   0.784545E+01   0.784545E+01
   0.100312E+01   0.779067E+01   0.150040E+00   0.775988E+01   0.775988E+01
   0.100786E+01   0.786917E+01   0.150141E+00   0.767532E+01   0.767532E+01
   0.101260E+01   0.766370E+01   0.149652E+00   0.759178E+01   0.759178E+01
   0.101734E+01   0.769427E+01   0.149361E+00   0.750925E+01   0.750925E+01
   0.102209E+01   0.768570E+01   0.148927E+00   0.742774E+01   0.742774E+01
   0.102683E+01   0.772375E+01   0.148712E+00   0.734720E+01   0.734720E+01
   0.103157E+01   0.762298E+01   0.148250E+00   0.726765E+01   0.726765E+01
   0.103632E+01   0.749375E+01   0.147782E+00   0.718908E+01   0.718908E+01
   0.104106E+01   0.726652E+01   0.147597E+00   0.711149E+01   0.711149E+01
   0.104580E+01   0.711832E+01   0.147088E+00   0.703486E+01   0.703486E+01
   0.105055E+01   0.698772E+01   0.146806E+00   0.695919E+01   0.695919E+01
   0.105529E+01   0.707679E+01   0.146200E+00   0.688448E+01   0.688448E+01
   0.106003E+01   0.690455E+01   0.145937E+00   0.681070E+01   0.681070E+01
   0.106477E+01   0.687611E+01   0.145641E+00   0.673785E+01   0.673785E+01
   0.106952E+01   0.683384E+01   0.145022E+00   0.666592E+01   0.666592E+01
   0.107426E+01   0.672981E+01   0.145006E+00   0.659492E+01   0.659492E+01
   0.107900E+01   0.657489E+01   0.144543E+00   0.652482E+01   0.652482E+01
   0.108374E+01   0.641779E+01   0.144434E+00   0.645562E+01   0.645562E+01
   0.108849E+01   0.661522E+01   0.144225E+00   0.638730E+01   0.638730E+01
   0.109323E+01   0.641539E+01   0.143596E+00   0.631989E+01   0.631989E+01
   0.109797E+01   0.625331E+01   0.143272E+00   0.625333E+01   0.625333E+01
   0.110272E+01   0.627669E+01   0.142895E+00   0.618764E+01   0.618764E+01
   0.110746E+01   0.615413E+01   0.142699E+00   0.612280E+01   0.612280E+01
   0.111220E+01   0.628338E+01   0.142459E+00   0.605880E+01   0.605880E+01
   0.111695E+01   0.621487E+01   0.142095E+00   0.599564E+01   0.599564E+01
   0.112169E+01   0.617066E+01   0.141693E+00   0.593331E+01   0.593331E+01
   0.112643E+01   0.594895E+01   0.141422E+00   0.587180E+01   0.587180E+01
   0.113117E+01   0.591296E+01   0.141012E+00   0.581109E+01   0.581109E+01
   0.113592E+01   0.579620E+01   0.140651E+00   0.575117E+01   0.575117E+01
   0.114066E+01   0.581674E+01   0.140532E+00   0.569204E+01   0.569204E+01
   0.114540E+01   0.568372E+01   0.140250E+00   0.563369E+01   0.563369E+01
   0.115014E+01   0.584187E+01   0.139975E+00   0.557611E+01   0.557611E+01
   0.115489E+01   0.575608E+01   0.139578E+00   0.551928E+01   0.551928E+01
   0.115963E+01   0.566547E+01   0.139520E+00   0.546320E+01   0.546320E+01
   0.116437E+01   0.571412E+01   0.139307E+00   0.540787E+01   0.540787E+01
   0.116912E+01   0.545450E+01   0.138948E+00   0.535326E+01   0.535326E+01
   0.117386E+01   0.554402E+01   0.138555E+00   0.529936E+01   0.529936E+01
   0.117860E+01   0.523914E+01   0.138128E+00   0.524617E+01   0.524617E+01
   0.118335E+01   0.506362E+01   0.137815E+00   0.519368E+01   0.519368E+01
   0.118809E+01   0.526924E+01   0.137759E+00   0.514188E+01   0.514188E+01
   0.119283E+01   0.526724E+01   0.137473E+00   0.509075E+01   0.509075E+01
   0.119757E+01   0.525889E+01   0.137151E+00   0.504031E+01   0.504031E+01
   0.120232E+01   0.501837E+01   0.136932E+00   0.499051E+01   0.499051E+01
   0.120706E+01   0.505937E+01   0.137655E+00   0.494136E+01   0.494136E+01
   0.121180E+01   0.483791E+01   0.141788E+00   0.489284E+01   0.489284E+01
   0.121654E+01   0.491237E+01   0.144532E+00   0.484496E+01   0.484496E+01
   0.122129E+01   0.489649E+01   0.146676E+00   0.479769E+01   0.479769E+01
   0.122603E+01   0.461971E+01   0.148288E+00   0.475103E+01   0.475103E+01
   0.123077E+01   0.474120E+01   0.149847E+00   0.470497E+01   0.470497E+01
   0.123552E+01   0.469746E+01   0.151223E+00   0.465951E+01   0.465951E+01
   0.124026E+01   0.471557E+01   0.152681E+00   0.461462E+01   0.461462E+01
   0.124500E+01   0.449445E+01   0.153878E+00   0.457029E+01   0.457029E+01
   0.124975E+01   0.458791E+01   0.155148E+00   0.452653E+01   0.452653E+01
   0.125449E+01   0.439158E+01   0.156064E+00   0.448332E+01   0.448332E+01
   0.125923E+01   0.439649E+01   0.156478E+00   0.444065E+01   0.444065E+01
   0.126397E+01   0.457707E+01   0.156882E+00   0.439851E+01   0.439851E+01
   0.126872E+01   0.455686E+01   0.157212E+00   0.435690E+01   0.435690E+01
   0.127346E+01   0.445171E+01   0.154947E+00   0.431579E+01   0.431579E+01
   0.127820E+01   0.429264E+01   0.149468E+00   0.427519E+01   0.427519E+01
   0.128295E+01   0.447454E+01   0.146664E+00   0.423508E+01   0.423508E+01
   0.128769E+01   0.448782E+01   0.144518E+00   0.419546E+01   0.419546E+01
   0.129243E+01   0.413302E+01   0.142389E+00   0.415631E+01   0.415631E+01
   0.129717E+01   0.413891E+01   0.141053E+00   0.411763E+01   0.411763E+01
   0.130192E+01   0.427643E+01   0.139896E+00   0.407942E+01   0.407942E+01
   0.130666E+01   0.419959E+01   0.138774E+00   0.404165E+01   0.404165E+01
   0.131140E+01   0.398343E+01   0.137425E+00   0.400432E+01   0.400432E+01
   0.131614E+01   0.374423E+01   0.136184E+00   0.396743E+01   0.396743E+01
   0.132089E+01   0.386725E+01   0.135415E+00   0.393095E+01   0.393095E+01
   0.132563E+01   0.410715E+01   0.135232E+00   0.389490E+01   0.389490E+01
   0.133037E+01   0.397770E+01   0.134804E+00   0.385925E+01   0.385925E+01
   0.133512E+01   0.388300E+01   0.134451E+00   0.382400E+01   0.382400E+01
   0.133986E+01   0.383743E+01   0.134084E+00   0.378916E+01   0.378916E+01
   0.134460E+01   0.390586E+01   0.133694E+00   0.375468E+01   0.375468E+01
   0.134935E+01   0.367169E+01   0.133464E+00   0.372059E+01   0.372059E+01
   0.135409E+01   0.362986E+01   0.133141E+00   0.368686E+01   0.368686E+01
   0.135883E+01   0.363950E+01   0.132751E+00   0.365349E+01   0.365349E+01
   0.136357E+01   0.366351E+01   0.132356E+00   0.362048E+01   0.362048E+01
   0.136832E+01   0.347862E+01   0.131930E+00   0.358782E+01   0.358782E+01
   0.137306E+01   0.332662E+01   0.131882E+00   0.355550E+01   0.355550E+01
   0.137780E+01   0.354652E+01   0.131628E+00   0.352350E+01   0.352350E+01
   0.138254E+01   0.338796E+01   0.131292E+00   0.349183E+01   0.349183E+01
   0.138729E+01   0.337727E+01   0.130865E+00   0.346048E+01   0.346048E+01
   0.139203E+01   0.321397E+01   0.130565E+00   0.342944E+01   0.342944E+01
   0.139677E+01   0.343885E+01   0.130464E+00   0.339870E+01   0.339870E+01
   0.140152E+01   0.330839E+01   0.130206E+00   0.336827E+01   0.336827E+01
   0.140626E+01   0.350296E+01   0.129798E+00   0.333812E+01   0.333812E+01
   0.141100E+01   0.342317E+01   0.129628E+00   0.330827E+01   0.330827E+01
   0.141575E+01   0.330655E+01   0.129312E+00   0.327870E+01   0.327870E+01
   0.142049E+01   0.327314E+01   0.129333E+00   0.324939E+01   0.324939E+01
   0.142523E+01   0.326105E+01   0.129008E+00   0.322036E+01   0.322036E+01
   0.142997E+01   0.324888E+01   0.128630E+00   0.319159E+01   0.319159E+01
   0.143472E+01   0.322083E+01   0.128566E+00   0.316307E+01   0.316307E+01
   0.143946E+01   0.309809E+01   0.128242E+00   0.313481E+01   0.313481E+01
   0.144420E+01   0.315515E+01   0.128053E+00   0.310680E+01   0.310680E+01
   0.144894E+01   0.313782E+01   0.127706E+00   0.307903E+01   0.307903E+01
   0.145369E+01   0.297921E+01   0.127328E+00   0.305149E+01   0.305149E+01
   0.145843E+01   0.283775E+01   0.127150E+00   0.302419E+01   0.302419E+01
   0.146317E+01   0.301203E+01   0.127003E+00   0.299711E+01   0.299711E+01
   0.146792E+01   0.299653E+01   0.126718E+00   0.297025E+01   0.297025E+01
   0.147266E+01   0.300053E+01   0.126423E+00   0.294361E+01   0.294361E+01
   0.147740E+01   0.303454E+01   0.126480E+00   0.291719E+01   0.291719E+01
   0.148215E+01   0.276709E+01   0.126044E+00   0.289098E+01   0.289098E+01
   0.148689E+01   0.273989E+01   0.125766E+00   0.286497E+01   0.286497E+01
   0.149163E+01   0.272272E+01   0.125403E+00   0.283916E+01   0.283916E+01
   0.149637E+01   0.268799E+01   0.125310E+00   0.281355E+01   0.281355E+01
   0.150112E+01   0.277747E+01   0.125602E+00   0.278813E+01   0.278813E+01
   0.150586E+01   0.256548E+01   0.127664E+00   0.276290E+01   0.276290E+01
   0.151060E+01   0.277244E+01   0.131197E+00   0.273786E+01   0.273786E+01
   0.151534E+01   0.286689E+01   0.133332E+00   0.271301E+01   0.271301E+01
   0.152009E+01   0.261722E+01   0.134842E+00   0.268833E+01   0.268833E+01
   0.152483E+01   0.254303E+01   0.136205E+00   0.266383E+01   0.266383E+01
   0.152957E+01   0.238113E+01   0.137049E+00   0.263951E+01   0.263951E+01
   0.153432E+01   0.252723E+01   0.134203E+00   0.261535E+01   0.261535E+01
   0.153906E+01   0.259470E+01   0.131795E+00   0.259137E+01   0.259137E+01
   0.154380E+01   0.263716E+01   0.130255E+00   0.256755E+01   0.256755E+01
   0.154855E+01   0.251685E+01   0.128873E+00   0.254389E+01   0.254389E+01
   0.155329E+01   0.248397E+01   0.127582E+00   0.252040E+01   0.252040E+01
   0.155803E+01   0.226597E+01   0.126418E+00   0.249706E+01   0.249706E+01
   0.156277E+01   0.238794E+01   0.125012E+00   0.247388E+01   0.247388E+01
   0.156752E+01   0.225948E+01   0.123741E+00   0.245085E+01   0.245085E+01
   0.157226E+01   0.234558E+01   0.122961E+00   0.242797E+01   0.242797E+01
   0.157700E+01   0.234736E+01   0.122867E+00   0.240525E+01   0.240525E+01
   0.158175E+01   0.220649E+01   0.122295E+00   0.238267E+01   0.238267E+01
   0.158649E+01   0.230722E+01   0.122358E+00   0.236025E+01   0.236025E+01
   0.159123E+01   0.240067E+01   0.122476E+00   0.233797E+01   0.233797E+01
   0.159597E+01   0.221243E+01   0.122370E+00   0.231583E+01   0.231583E+01
   0.160072E+01   0.206399E+01   0.122513E+00   0.229383E+01   0.229383E+01
   0.160546E+01   0.231487E+01   0.122336E+00   0.227197E+01   0.227197E+01
   0.161020E+01   0.218119E+01   0.122062E+00   0.225026E+01   0.225026E+01
   0.161495E+01   0.224204E+01   0.121793E+00   0.222868E+01   0.222868E+01
   0.161969E+01   0.206037E+01   0.121749E+00   0.220725E+01   0.220725E+01
   0.162443E+01   0.207717E+01   0.121489E+00   0.218595E+01   0.218595E+01
   0.162917E+01   0.202755E+01   0.121393E+00   0.216478E+01   0.216478E+01
   0.163392E+01   0.208759E+01   0.121120E+00   0.214375E+01   0.214375E+01
   0.163866E+01   0.211693E+01   0.120894E+00   0.212286E+01   0.212286E+01
   0.164340E+01   0.203906E+01   0.120975E+00   0.210209E+01   0.210209E+01
   0.164815E+01   0.211931E+01   0.120629E+00   0.208147E+01   0.208147E+01
   0.165289E+01   0.205132E+01   0.120537E+00   0.206097E+01   0.206097E+01
   0.165763E+01   0.192780E+01   0.120107E+00   0.204061E+01   0.204061E+01
   0.166237E+01   0.189213E+01   0.119850E+00   0.202038E+01   0.202038E+01
   0.166712E+01   0.179231E+01   0.119644E+00   0.200028E+01   0.200028E+01
   0.167186E+01   0.189609E+01   0.119496E+00   0.198032E+01   0.198032E+01
   0.167660E+01   0.194015E+01   0.119185E+00   0.196048E+01   0.196048E+01
   0.168135E+01   0.163763E+01   0.118805E+00   0.194078E+01   0.194078E+01
   0.168609E+01   0.182686E+01   0.118725E+00   0.192121E+01   0.192121E+01
   0.169083E+01   0.181243E+01   0.118571E+00   0.190177E+01   0.190177E+01
   0.169557E+01   0.180551E+01   0.118517E+00   0.188246E+01   0.188246E+01
   0.170032E+01   0.166142E+01   0.118142E+00   0.186328E+01   0.186328E+01
   0.170506E+01   0.173001E+01   0.118232E+00   0.184423E+01   0.184423E+01
   0.170980E+01   0.172931E+01   0.118134E+00   0.182532E+01   0.182532E+01
   0.171455E+01   0.176227E+01   0.117828E+00   0.180654E+01   0.180654E+01
   0.171929E+01   0.171016E+01   0.117665E+00   0.178789E+01   0.178789E+01
   0.172403E+01   0.165723E+01   0.117330E+00   0.176937E+01   0.176937E+01
   0.172877E+01   0.158398E+01   0.117301E+00   0.175099E+01   0.175099E+01
   0.173352E+01   0.161774E+01   0.116959E+00   0.173274E+01   0.173274E+01
   0.173826E+01   0.158856E+01   0.116730E+00   0.171462E+01   0.171462E+01
   0.174300E+01   0.158362E+01   0.116581E+00   0.169664E+01   0.169664E+01
   0.174775E+01   0.153238E+01   0.116372E+00   0.167879E+01   0.167879E+01
   0.175249E+01   0.165728E+01   0.116386E+00   0.166108E+01   0.166108E+01
   0.175723E+01   0.167005E+01   0.116296E+00   0.164350E+01   0.164350E+01
   0.176197E+01   0.161527E+01   0.116021E+00   0.162606E+01   0.162606E+01
   0.176672E+01   0.152879E+01   0.115680E+00   0.160876E+01   0.160876E+01
   0.177146E+01   0.151213E+01   0.115736E+00   0.159159E+01   0.159159E+01
   0.177620E+01   0.141126E+01   0.115417E+00   0.157456E+01   0.157456E+01
   0.178095E+01   0.154182E+01   0.115460E+00   0.155767E+01   0.155767E+01
   0.178569E+01   0.153610E+01   0.115264E+00   0.154092E+01   0.154092E+01
   0.179043E+01   0.139643E+01   0.114996E+00   0.152431E+01   0.152431E+01
   0.179517E+01   0.152518E+01   0.114899E+00   0.150784E+01   0.150784E+01
   0.179992E+01   0.151999E+01   0.114588E+00   0.149151E+01   0.149151E+01
   0.180466E+01   0.149538E+01   0.114405E+00   0.147532E+01   0.147532E+01
   0.180940E+01   0.141758E+01   0.114350E+00   0.145928E+01   0.145928E+01
   0.181415E+01   0.134844E+01   0.114164E+00   0.144338E+01   0.144338E+01
   0.181889E+01   0.136538E+01   0.114061E+00   0.142762E+01   0.142762E+01
   0.182363E+01   0.144954E+01   0.113874E+00   0.141200E+01   0.141200E+01
   0.182838E+01   0.144599E+01   0.113867E+00   0.139653E+01   0.139653E+01
   0.183312E+01   0.143301E+01   0.113640E+00   0.138121E+01   0.138121E+01
   0.183786E+01   0.140568E+01   0.113566E+00   0.136603E+01   0.136603E+01
   0.184260E+01   0.131708E+01   0.113246E+00   0.135100E+01   0.135100E+01
   0.184735E+01   0.127959E+01   0.113072E+00   0.133612E+01   0.133612E+01
   0.185209E+01   0.130925E+01   0.113080E+00   0.132138E+01   0.132138E+01
   0.185683E+01   0.113116E+01   0.112860E+00   0.130679E+01   0.130679E+01
   0.186157E+01   0.122337E+01   0.112685E+00   0.129235E+01   0.129235E+01
   0.186632E+01   0.143257E+01   0.112505E+00   0.127806E+01   0.127806E+01
   0.187106E+01   0.136874E+01   0.112241E+00   0.126392E+01   0.126392E+01
   0.187580E+01   0.124723E+01   0.112157E+00   0.124993E+01   0.124993E+01
   0.188055E+01   0.126722E+01   0.111941E+00   0.123609E+01   0.123609E+01
   0.188529E+01   0.131714E+01   0.112156E+00   0.122240E+01   0.122240E+01
   0.189003E+01   0.131248E+01   0.111799E+00   0.120887E+01   0.120887E+01
   0.189478E+01   0.124288E+01   0.111586E+00   0.119548E+01   0.119548E+01
   0.189952E+01   0.114061E+01   0.111389E+00   0.118225E+01   0.118225E+01
   0.190426E+01   0.119888E+01   0.111432E+00   0.116917E+01   0.116917E+01
   0.190900E+01   0.120795E+01   0.110994E+00   0.115624E+01   0.115624E+01
   0.191375E+01   0.125161E+01   0.111058E+00   0.114347E+01   0.114347E+01
   0.191849E+01   0.123529E+01   0.111013E+00   0.113085E+01   0.113085E+01
   0.192323E+01   0.110416E+01   0.110816E+00   0.111838E+01   0.111838E+01
   0.192797E+01   0.114346E+01   0.110596E+00   0.110606E+01   0.110606E+01
   0.193272E+01   0.121418E+01   0.110487E+00   0.109391E+01   0.109391E+01
   0.193746E+01   0.126292E+01   0.110150E+00   0.108190E+01   0.108190E+01
   0.194220E+01   0.111716E+01   0.109730E+00   0.107005E+01   0.107005E+01
   0.194695E+01   0.115596E+01   0.109448E+00   0.105835E+01   0.105835E+01
   0.195169E+01   0.102177E+01   0.109132E+00   0.104681E+01   0.104681E+01
   0.195643E+01   0.101295E+01   0.108991E+00   0.103542E+01   0.103542E+01
   0.196117E+01   0.107020E+01   0.108840E+00   0.102418E+01   0.102418E+01
   0.196592E+01   0.964930E+00   0.108817E+00   0.101310E+01   0.101310E+01
   0.197066E+01   0.910636E+00   0.108841E+00   0.100218E+01   0.100218E+01
   0.197540E+01   0.895063E+00   0.108629E+00   0.991401E+00   0.991401E+00
   0.198015E+01   0.921557E+00   0.108716E+00   0.980779E+00   0.980779E+00
   0.198489E+01   0.109552E+01   0.108730E+00   0.970310E+00   0.970310E+00
   0.198963E+01   0.879934E+00   0.108764E+00   0.959995E+00   0.959995E+00
   0.199438E+01   0.829543E+00   0.108640E+00   0.949831E+00   0.949831E+00
   0.199912E+01   0.101836E+01   0.108542E+00   0.939819E+00   0.939819E+00
   0.200386E+01   0.854376E+00   0.108329E+00   0.929958E+00   0.929958E+00
   0.200860E+01   0.930643E+00   0.108419E+00   0.920251E+00   0.920251E+00
   0.201335E+01   0.903787E+00   0.109548E+00   0.910692E+00   0.910692E+00
   0.201809E+01   0.974090E+00   0.112453E+00   0.901282E+00   0.901282E+00
   0.202283E+01   0.920252E+00   0.114055E+00   0.892023E+00   0.892023E+00
   0.202758E+01   0.890501E+00   0.115558E+00   0.882911E+00   0.882911E+00
   0.203232E+01   0.893113E+00   0.116770E+00   0.873948E+00   0.873948E+00
   0.203706E+01   0.943801E+00   0.117902E+00   0.865132E+00   0.865132E+00
   0.204180E+01   0.891048E+00   0.118601E+00   0.856464E+00   0.856464E+00
   0.204655E+01   0.891679E+00   0.119165E+00   0.847942E+00   0.847942E+00
   0.205129E+01   0.909126E+00   0.119491E+00   0.839563E+00   0.839563E+00
   0.205603E+01   0.949410E+00   0.119909E+00   0.831329E+00   0.831329E+00
   0.206078E+01   0.890598E+00   0.120014E+00   0.823237E+00   0.823237E+00
   0.206552E+01   0.827729E+00   0.120367E+00   0.815288E+00   0.815288E+00
   0.207026E+01   0.823383E+00   0.120608E+00   0.807481E+00   0.807481E+00
   0.207500E+01   0.656862E+00   0.120751E+00   0.799815E+00   0.799815E+00
   0.207975E+01   0.894915E+00   0.118256E+00   0.792287E+00   0.792287E+00
   0.208449E+01   0.854555E+00   0.115518E+00   0.784896E+00   0.784896E+00
   0.208923E+01   0.908170E+00   0.113672E+00   0.777643E+00   0.777643E+00
   0.209397E+01   0.763403E+00   0.112332E+00   0.770526E+00   0.770526E+00
   0.209872E+01   0.610540E+00   0.111287E+00   0.763544E+00   0.763544E+00
   0.210346E+01   0.630788E+00   0.110310E+00   0.756694E+00   0.756694E+00
   0.210820E+01   0.767598E+00   0.109862E+00   0.749977E+00   0.749977E+00
   0.211295E+01   0.897103E+00   0.109422E+00   0.743392E+00   0.743392E+00
   0.211769E+01   0.756925E+00   0.109154E+00   0.736935E+00   0.736935E+00
   0.212243E+01   0.887703E+00   0.108828E+00   0.730606E+00   0.730606E+00
   0.212717E+01   0.632042E+00   0.108637E+00   0.724404E+00   0.724404E+00
   0.213192E+01   0.683484E+00   0.108303E+00   0.718328E+00   0.718328E+00
   0.213666E+01   0.753916E+00   0.108252E+00   0.712375E+00   0.712375E+00
   0.214140E+01   0.678098E+00   0.107914E+00   0.706545E+00   0.706545E+00
   0.214615E+01   0.796638E+00   0.107747E+00   0.700837E+00   0.700837E+00
   0.215089E+01   0.882449E+00   0.107590E+00   0.695248E+00   0.695248E+00
   0.215563E+01   0.561963E+00   0.107297E+00   0.689776E+00   0.689776E+00
   0.216038E+01   0.620385E+00   0.107226E+00   0.684420E+00   0.684420E+00
   0.216512E+01   0.750834E+00   0.107106E+00   0.679180E+00   0.679180E+00
   0.216986E+01   0.725176E+00   0.106819E+00   0.674052E+00   0.674052E+00
   0.217460E+01   0.824464E+00   0.106611E+00   0.669036E+00   0.669036E+00
   0.217935E+01   0.706238E+00   0.106368E+00   0.664129E+00   0.664129E+00
   0.218409E+01   0.835208E+00   0.106332E+00   0.659332E+00   0.659332E+00
   0.218883E+01   0.770921E+00   0.106144E+00   0.654640E+00   0.654640E+00
   0.219358E+01   0.655544E+00   0.105928E+00   0.650052E+00   0.650052E+00
   0.219832E+01   0.558462E+00   0.105781E+00   0.645568E+00   0.645568E+00
   0.220306E+01   0.595308E+00   0.105685E+00   0.641185E+00   0.641185E+00
   0.220780E+01   0.624511E+00   0.105383E+00   0.636901E+00   0.636901E+00
   0.221255E+01   0.616056E+00   0.105295E+00   0.632715E+00   0.632715E+00
   0.221729E+01   0.476110E+00   0.104991E+00   0.628626E+00   0.628626E+00
   0.222203E+01   0.824231E+00   0.105118E+00   0.624629E+00   0.624629E+00
   0.222677E+01   0.571261E+00   0.104847E+00   0.620725E+00   0.620725E+00
   0.223152E+01   0.595793E+00   0.104890E+00   0.616912E+00   0.616912E+00
   0.223626E+01   0.724711E+00   0.104726E+00   0.613186E+00   0.613186E+00
   0.224100E+01   0.565319E+00   0.104515E+00   0.609548E+00   0.609548E+00
   0.224575E+01   0.515754E+00   0.104333E+00   0.605994E+00   0.605994E+00
   0.225049E+01   0.533816E+00   0.104066E+00   0.602524E+00   0.602524E+00
   0.225523E+01   0.576724E+00   0.104040E+00   0.599135E+00   0.599135E+00
   0.225997E+01   0.537761E+00   0.103814E+00   0.595825E+00   0.595825E+00
   0.226472E+01   0.582501E+00   0.103837E+00   0.592592E+00   0.592592E+00
   0.226946E+01   0.499978E+00   0.103672E+00   0.589437E+00   0.589437E+00
   0.227420E+01   0.587116E+00   0.103409E+00   0.586352E+00   0.586352E+00
   0.227895E+01   0.672502E+00   0.103423E+00   0.583340E+00   0.583340E+00
   0.228369E+01   0.527279E+00   0.103310E+00   0.580398E+00   0.580398E+00
   0.228843E+01   0.800657E+00   0.103333E+00   0.577525E+00   0.577525E+00
   0.229318E+01   0.610485E+00   0.102998E+00   0.574718E+00   0.574718E+00
   0.229792E+01   0.648148E+00   0.102857E+00   0.571975E+00   0.571975E+00
   0.230266E+01   0.520697E+00   0.102741E+00   0.569294E+00   0.569294E+00
   0.230740E+01   0.416847E+00   0.102599E+00   0.566675E+00   0.566675E+00
   0.231215E+01   0.481863E+00   0.102636E+00   0.564114E+00   0.564114E+00
   0.231689E+01   0.503202E+00   0.102399E+00   0.561610E+00   0.561610E+00
   0.232163E+01   0.584846E+00   0.102341E+00   0.559161E+00   0.559161E+00
   0.232638E+01   0.512323E+00   0.102191E+00   0.556766E+00   0.556766E+00
   0.233112E+01   0.460294E+00   0.102149E+00   0.554422E+00   0.554422E+00
   0.233586E+01   0.572930E+00   0.102002E+00   0.552129E+00   0.552129E+00
   0.234060E+01   0.481924E+00   0.101766E+00   0.549883E+00   0.549883E+00
   0.234535E+01   0.484775E+00   0.101693E+00   0.547683E+00   0.547683E+00
   0.235009E+01   0.601718E+00   0.101699E+00   0.545529E+00   0.545529E+00
   0.235483E+01   0.421674E+00   0.101451E+00   0.543417E+00   0.543417E+00
   0.235957E+01   0.554453E+00   0.101470E+00   0.541346E+00   0.541346E+00
   0.236432E+01   0.552511E+00   0.101336E+00   0.539315E+00   0.539315E+00
   0.236906E+01   0.524745E+00   0.101239E+00   0.537321E+00   0.537321E+00
   0.237380E+01   0.429556E+00   0.101034E+00   0.535364E+00   0.535364E+00
   0.237855E+01   0.472547E+00   0.100812E+00   0.533441E+00   0.533441E+00
   0.238329E+01   0.473481E+00   0.100944E+00   0.531551E+00   0.531551E+00
   0.238803E+01   0.479832E+00   0.100615E+00   0.529692E+00   0.529692E+00
   0.239277E+01   0.533505E+00   0.100723E+00   0.527864E+00   0.527864E+00
   0.239752E+01   0.556377E+00   0.100667E+00   0.526063E+00   0.526063E+00
   0.240226E+01   0.504386E+00   0.100474E+00   0.524289E+00   0.524289E+00
   0.240700E+01   0.451126E+00   0.100345E+00   0.522540E+00   0.522540E+00
   0.241175E+01   0.573789E+00   0.100274E+00   0.520815E+00   0.520815E+00
   0.241649E+01   0.399608E+00   0.100157E+00   0.519113E+00   0.519113E+00
   0.242123E+01   0.541533E+00   0.999977E-01   0.517431E+00   0.517431E+00
   0.242598E+01   0.476037E+00   0.998654E-01   0.515768E+00   0.515768E+00
   0.243072E+01   0.413805E+00   0.997744E-01   0.514124E+00   0.514124E+00
   0.243546E+01   0.522172E+00   0.996963E-01   0.512497E+00   0.512497E+00
   0.244020E+01   0.464822E+00   0.996342E-01   0.510885E+00   0.510885E+00
   0.244495E+01   0.469787E+00   0.995518E-01   0.509287E+00   0.509287E+00
   0.244969E+01   0.609374E+00   0.993453E-01   0.507702E+00   0.507702E+00
   0.245443E+01   0.440794E+00   0.992493E-01   0.506129E+00   0.506129E+00
   0.245918E+01   0.456325E+00   0.992062E-01   0.504566E+00   0.504566E+00
   0.246392E+01   0.449918E+00   0.991427E-01   0.503013E+00   0.503013E+00
   0.246866E+01   0.291290E+00   0.989263E-01   0.501467E+00   0.501467E+00
   0.247340E+01   0.460474E+00   0.988774E-01   0.499929E+00   0.499929E+00
   0.247815E+01   0.407663E+00   0.985995E-01   0.498397E+00   0.498397E+00
   0.248289E+01   0.525073E+00   0.987778E-01   0.496870E+00   0.496870E+00
   0.248763E+01   0.493539E+00   0.985240E-01   0.495347E+00   0.495347E+00
   0.249238E+01   0.396936E+00   0.983877E-01   0.493827E+00   0.493827E+00
   0.249712E+01   0.464151E+00   0.981247E-01   0.492308E+00   0.492308E+00
   0.250186E+01   0.481456E+00   0.981945E-01   0.490792E+00   0.490792E+00
   0.250660E+01   0.433253E+00   0.980505E-01   0.489276E+00   0.489276E+00
   0.251135E+01   0.356090E+00   0.979477E-01   0.487759E+00   0.487759E+00
   0.251609E+01   0.436629E+00   0.978677E-01   0.486240E+00   0.486240E+00
   0.252083E+01   0.634757E+00   0.976156E-01   0.484719E+00   0.484719E+00
   0.252558E+01   0.462054E+00   0.974958E-01   0.483195E+00   0.483195E+00
   0.253032E+01   0.440992E+00   0.973219E-01   0.481668E+00   0.481668E+00
   0.253506E+01   0.376623E+00   0.971166E-01   0.480137E+00   0.480137E+00
   0.253980E+01   0.420078E+00   0.971628E-01   0.478600E+00   0.478600E+00
   0.254455E+01   0.427714E+00   0.970358E-01   0.477058E+00   0.477058E+00
   0.254929E+01   0.453980E+00   0.968234E-01   0.475509E+00   0.475509E+00
   0.255403E+01   0.499764E+00   0.967265E-01   0.473954E+00   0.473954E+00
   0.255878E+01   0.435824E+00   0.965905E-01   0.472391E+00   0.472391E+00
   0.256352E+01   0.517989E+00   0.965235E-01   0.470821E+00   0.470821E+00
   0.256826E+01   0.399904E+00   0.966452E-01   0.469242E+00   0.469242E+00
   0.257300E+01   0.421150E+00   0.965961E-01   0.467655E+00   0.467655E+00
   0.257775E+01   0.502879E+00   0.966149E-01   0.466058E+00   0.466058E+00
   0.258249E+01   0.290413E+00   0.964596E-01   0.464452E+00   0.464452E+00
   0.258723E+01   0.362988E+00   0.965105E-01   0.462837E+00   0.462837E+00
   0.259198E+01   0.436841E+00   0.964277E-01   0.461211E+00   0.461211E+00
   0.259672E+01   0.383207E+00   0.964223E-01   0.459575E+00   0.459575E+00
   0.260146E+01   0.427782E+00   0.962179E-01   0.457928E+00   0.457928E+00
   0.260620E+01   0.388979E+00   0.962122E-01   0.456271E+00   0.456271E+00
   0.261095E+01   0.379910E+00   0.961326E-01   0.454602E+00   0.454602E+00
   0.261569E+01   0.316021E+00   0.959222E-01   0.452923E+00   0.452923E+00
   0.262043E+01   0.227670E+00   0.957559E-01   0.451232E+00   0.451232E+00
   0.262518E+01   0.308737E+00   0.956775E-01   0.449529E+00   0.449529E+00
   0.262992E+01   0.363870E+00   0.957177E-01   0.447816E+00   0.447816E+00
   0.263466E+01   0.300430E+00   0.957452E-01   0.446090E+00   0.446090E+00
   0.263940E+01   0.380897E+00   0.955513E-01   0.444354E+00   0.444354E+00
   0.264415E+01   0.525265E+00   0.955219E-01   0.442605E+00   0.442605E+00
   0.264889E+01   0.337413E+00   0.954128E-01   0.440846E+00   0.440846E+00
   0.265363E+01   0.365153E+00   0.953294E-01   0.439074E+00   0.439074E+00
   0.265838E+01   0.390855E+00   0.953385E-01   0.437292E+00   0.437292E+00
   0.266312E+01   0.347136E+00   0.951534E-01   0.435498E+00   0.435498E+00
   0.266786E+01   0.387874E+00   0.950527E-01   0.433693E+00   0.433693E+00
   0.267260E+01   0.435303E+00   0.949281E-01   0.431878E+00   0.431878E+00
   0.267735E+01   0.385905E+00   0.948372E-01   0.430052E+00   0.430052E+00
   0.268209E+01   0.439100E+00   0.947826E-01   0.428215E+00   0.428215E+00
   0.268683E+01   0.430580E+00   0.945964E-01   0.426368E+00   0.426368E+00
   0.269158E+01   0.432678E+00   0.945323E-01   0.424510E+00   0.424510E+00
   0.269632E+01   0.415783E+00   0.943673E-01   0.422643E+00   0.422643E+00
   0.270106E+01   0.340920E+00   0.944661E-01   0.420767E+00   0.420767E+00
   0.270580E+01   0.419104E+00   0.944070E-01   0.418881E+00   0.418881E+00
   0.271055E+01   0.412215E+00   0.942142E-01   0.416987E+00   0.416987E+00
   0.271529E+01   0.404334E+00   0.942527E-01   0.415084E+00   0.415084E+00
   0.272003E+01   0.397778E+00   0.940990E-01   0.413172E+00   0.413172E+00
   0.272478E+01   0.412946E+00   0.939815E-01   0.411253E+00   0.411253E+00
   0.272952E+01   0.302809E+00   0.939608E-01   0.409327E+00   0.409327E+00
   0.273426E+01   0.418929E+00   0.939136E-01   0.407394E+00   0.407394E+00
   0.273901E+01   0.415081E+00   0.937907E-01   0.405454E+00   0.405454E+00
   0.274375E+01   0.395219E+00   0.936785E-01   0.403509E+00   0.403509E+00
   0.274849E+01   0.350147E+00   0.936289E-01   0.401557E+00   0.401557E+00
   0.275323E+01   0.474490E+00   0.936018E-01   0.399601E+00   0.399601E+00
   0.275798E+01   0.313115E+00   0.933739E-01   0.397639E+00   0.397639E+00
   0.276272E+01   0.254052E+00   0.933393E-01   0.395674E+00   0.395674E+00
   0.276746E+01   0.498854E+00   0.933151E-01   0.393705E+00   0.393705E+00
   0.277221E+01   0.278396E+00   0.931763E-01   0.391732E+00   0.391732E+00
   0.277695E+01   0.303116E+00   0.930733E-01   0.389757E+00   0.389757E+00
   0.278169E+01   0.426122E+00   0.929760E-01   0.387780E+00   0.387780E+00
   0.278643E+01   0.428272E+00   0.929310E-01   0.385802E+00   0.385802E+00
   0.279118E+01   0.453991E+00   0.928882E-01   0.383822E+00   0.383822E+00
   0.279592E+01   0.265273E+00   0.926907E-01   0.381842E+00   0.381842E+00
   0.280066E+01   0.354755E+00   0.927389E-01   0.379861E+00   0.379861E+00
   0.280540E+01   0.328158E+00   0.927305E-01   0.377882E+00   0.377882E+00
   0.281015E+01   0.347690E+00   0.927789E-01   0.375903E+00   0.375903E+00
   0.281489E+01   0.363819E+00   0.927569E-01   0.373927E+00   0.373927E+00
   0.281963E+01   0.302737E+00   0.944980E-01   0.371953E+00   0.371953E+00
   0.282438E+01   0.282678E+00   0.964263E-01   0.369982E+00   0.369982E+00
   0.282912E+01   0.312627E+00   0.975779E-01   0.368014E+00   0.368014E+00
   0.283386E+01   0.422155E+00   0.984853E-01   0.366052E+00   0.366052E+00
   0.283860E+01   0.353559E+00   0.992809E-01   0.364091E+00   0.364091E+00
   0.284335E+01   0.372038E+00   0.996591E-01   0.362137E+00   0.362137E+00
   0.284809E+01   0.397255E+00   0.999837E-01   0.360189E+00   0.360189E+00
   0.285283E+01   0.538479E+00   0.100359E+00   0.358248E+00   0.358248E+00
   0.285758E+01   0.388768E+00   0.100465E+00   0.356314E+00   0.356314E+00
   0.286232E+01   0.432598E+00   0.100839E+00   0.354387E+00   0.354387E+00
   0.286706E+01   0.433446E+00   0.101087E+00   0.352468E+00   0.352468E+00
   0.287181E+01   0.499149E+00   0.101334E+00   0.350558E+00   0.350558E+00
   0.287655E+01   0.508011E+00   0.101478E+00   0.348657E+00   0.348657E+00
   0.288129E+01   0.361006E+00   0.101233E+00   0.346766E+00   0.346766E+00
   0.288603E+01   0.522379E+00   0.987851E-01   0.344886E+00   0.344886E+00
   0.289078E+01   0.373772E+00   0.970636E-01   0.343017E+00   0.343017E+00
   0.289552E+01   0.281611E+00   0.959359E-01   0.341159E+00   0.341159E+00
   0.290026E+01   0.479634E+00   0.951436E-01   0.339313E+00   0.339313E+00
   0.290501E+01   0.379854E+00   0.946019E-01   0.337480E+00   0.337480E+00
   0.290975E+01   0.309439E+00   0.940763E-01   0.335659E+00   0.335659E+00
   0.291449E+01   0.315201E+00   0.939661E-01   0.333853E+00   0.333853E+00
   0.291923E+01   0.304152E+00   0.938710E-01   0.332060E+00   0.332060E+00
   0.292398E+01   0.275726E+00   0.936306E-01   0.330282E+00   0.330282E+00
   0.292872E+01   0.261595E+00   0.933372E-01   0.328520E+00   0.328520E+00
   0.293346E+01   0.350438E+00   0.932287E-01   0.326772E+00   0.326772E+00
   0.293820E+01   0.475822E+00   0.931016E-01   0.325041E+00   0.325041E+00
   0.294295E+01   0.362593E+00   0.928952E-01   0.323326E+00   0.323326E+00
   0.294769E+01   0.449384E+00   0.928009E-01   0.321629E+00   0.321629E+00
   0.295243E+01   0.423910E+00   0.927720E-01   0.319948E+00   0.319948E+00
   0.295718E+01   0.397324E+00   0.926002E-01   0.318286E+00   0.318286E+00
   0.296192E+01   0.420836E+00   0.924411E-01   0.316642E+00   0.316642E+00
   0.296666E+01   0.311520E+00   0.922394E-01   0.315016E+00   0.315016E+00
   0.297140E+01   0.241878E+00   0.920428E-01   0.313409E+00   0.313409E+00
   0.297615E+01   0.240993E+00   0.920042E-01   0.311821E+00   0.311821E+00
   0.298089E+01   0.325683E+00   0.919155E-01   0.310254E+00   0.310254E+00
   0.298563E+01   0.349350E+00   0.917534E-01   0.308706E+00   0.308706E+00
   0.299038E+01   0.384456E+00   0.917382E-01   0.307179E+00   0.307179E+00
   0.299512E+01   0.297230E+00   0.916684E-01   0.305672E+00   0.305672E+00
   0.299986E+01   0.428710E+00   0.915636E-01   0.304186E+00   0.304186E+00

           ####      Real Space Data                               ####

           Distance distribution  function of particle  


      R          P(R)      ERROR

  0.0000E+00  0.0000E+00  0.0000E+00
  0.3349E-01  0.8074E-02  0.2461E-03
  0.6698E-01  0.1673E-01  0.4622E-03
  0.1005E+00  0.2597E-01  0.6487E-03
  0.1340E+00  0.3579E-01  0.8061E-03
  0.1675E+00  0.4617E-01  0.9351E-03
  0.2010E+00  0.5711E-01  0.1036E-02
  0.2344E+00  0.6860E-01  0.1111E-02
  0.2679E+00  0.8062E-01  0.1161E-02
  0.3014E+00  0.9317E-01  0.1187E-02
  0.3349E+00  0.1062E+00  0.1191E-02
  0.3684E+00  0.1197E+00  0.1174E-02
  0.4019E+00  0.1337E+00  0.1139E-02
  0.4354E+00  0.1482E+00  0.1089E-02
  0.4689E+00  0.1630E+00  0.1026E-02
  0.5024E+00  0.1782E+00  0.9532E-03
  0.5359E+00  0.1938E+00  0.8760E-03
  0.5694E+00  0.2098E+00  0.7995E-03
  0.6029E+00  0.2260E+00  0.7310E-03
  0.6363E+00  0.2425E+00  0.6796E-03
  0.6698E+00  0.2593E+00  0.6547E-03
  0.7033E+00  0.2763E+00  0.6631E-03
  0.7368E+00  0.2934E+00  0.7055E-03
  0.7703E+00  0.3107E+00  0.7768E-03
  0.8038E+00  0.3281E+00  0.8688E-03
  0.8373E+00  0.3456E+00  0.9739E-03
  0.8708E+00  0.3631E+00  0.1086E-02
  0.9043E+00  0.3806E+00  0.1199E-02
  0.9378E+00  0.3981E+00  0.1311E-02
  0.9713E+00  0.4155E+00  0.1418E-02
  0.1005E+01  0.4328E+00  0.1518E-02
  0.1038E+01  0.4500E+00  0.1610E-02
  0.1072E+01  0.4670E+00  0.1691E-02
  0.1105E+01  0.4838E+00  0.1762E-02
  0.1139E+01  0.5004E+00  0.1821E-02
  0.1172E+01  0.5167E+00  0.1868E-02
  0.1206E+01  0.5326E+00  0.1902E-02
  0.1239E+01  0.5483E+00  0.1924E-02
  0.1273E+01  0.5636E+00  0.1933E-02
  0.1306E+01  0.5784E+00  0.1930E-02
  0.1340E+01  0.5929E+00  0.1916E-02
  0.1373E+01  0.6069E+00  0.1892E-02
  0.1407E+01  0.6204E+00  0.1858E-02
  0.1440E+01  0.6335E+00  0.1817E-02
  0.1474E+01  0.6460E+00  0.1770E-02
  0.1507E+01  0.6580E+00  0.1719E-02
  0.1541E+01  0.6694E+00  0.1666E-02
  0.1574E+01  0.6803E+00  0.1615E-02
  0.1608E+01  0.6905E+00  0.1567E-02
  0.1641E+01  0.7002E+00  0.1527E-02
  0.1675E+01  0.7092E+00  0.1496E-02
  0.1708E+01  0.7177E+00  0.1477E-02
  0.1742E+01  0.7255E+00  0.1473E-02
  0.1775E+01  0.7327E+00  0.1484E-02
  0.1809E+01  0.7392E+00  0.1511E-02
  0.1842E+01  0.7451E+00  0.1551E-02
  0.1876E+01  0.7503E+00  0.1604E-02
  0.1909E+01  0.7549E+00  0.1667E-02
  0.1943E+01  0.7589E+00  0.1738E-02
  0.1976E+01  0.7622E+00  0.1813E-02
  0.2010E+01  0.7650E+00  0.1891E-02
  0.2043E+01  0.7671E+00  0.1968E-02
  0.2077E+01  0.7686E+00  0.2044E-02
  0.2110E+01  0.7695E+00  0.2115E-02
  0.2143E+01  0.7698E+00  0.2181E-02
  0.2177E+01  0.7695E+00  0.2241E-02
  0.2210E+01  0.7688E+00  0.2293E-02
  0.2244E+01  0.7674E+00  0.2336E-02
  0.2277E+01  0.7656E+00  0.2371E-02
  0.2311E+01  0.7632E+00  0.2397E-02
  0.2344E+01  0.7604E+00  0.2413E-02
  0.2378E+01  0.7571E+00  0.2420E-02
  0.2411E+01  0.7534E+00  0.2419E-02
  0.2445E+01  0.7493E+00  0.2410E-02
  0.2478E+01  0.7447E+00  0.2394E-02
  0.2512E+01  0.7398E+00  0.2372E-02
  0.2545E+01  0.7346E+00  0.2345E-02
  0.2579E+01  0.7290E+00  0.2315E-02
  0.2612E+01  0.7231E+00  0.2282E-02
  0.2646E+01  0.7170E+00  0.2250E-02
  0.2679E+01  0.7105E+00  0.2219E-02
  0.2713E+01  0.7039E+00  0.2192E-02
  0.2746E+01  0.6970E+00  0.2169E-02
  0.2780E+01  0.6900E+00  0.2153E-02
  0.2813E+01  0.6827E+00  0.2146E-02
  0.2847E+01  0.6753E+00  0.2147E-02
  0.2880E+01  0.6678E+00  0.2157E-02
  0.2914E+01  0.6602E+00  0.2177E-02
  0.2947E+01  0.6525E+00  0.2207E-02
  0.2981E+01  0.6447E+00  0.2244E-02
  0.3014E+01  0.6369E+00  0.2289E-02
  0.3048E+01  0.6290E+00  0.2340E-02
  0.3081E+01  0.6211E+00  0.2395E-02
  0.3115E+01  0.6132E+00  0.2453E-02
  0.3148E+01  0.6052E+00  0.2513E-02
  0.3182E+01  0.5973E+00  0.2572E-02
  0.3215E+01  0.5895E+00  0.2629E-02
  0.3249E+01  0.5816E+00  0.2684E-02
  0.3282E+01  0.5739E+00  0.2735E-02
  0.3316E+01  0.5661E+00  0.2781E-02
  0.3349E+01  0.5584E+00  0.2822E-02
  0.3383E+01  0.5508E+00  0.2856E-02
  0.3416E+01  0.5433E+00  0.2885E-02
  0.3450E+01  0.5359E+00  0.2906E-02
  0.3483E+01  0.5285E+00  0.2922E-02
  0.3517E+01  0.5212E+00  0.2931E-02
  0.3550E+01  0.5140E+00  0.2935E-02
  0.3584E+01  0.5069E+00  0.2933E-02
  0.3617E+01  0.4999E+00  0.2927E-02
  0.3651E+01  0.4930E+00  0.2917E-02
  0.3684E+01  0.4861E+00  0.2905E-02
  0.3718E+01  0.4794E+00  0.2891E-02
  0.3751E+01  0.4727E+00  0.2876E-02
  0.3785E+01  0.4662E+00  0.2862E-02
  0.3818E+01  0.4597E+00  0.2850E-02
  0.3852E+01  0.4533E+00  0.2840E-02
  0.3885E+01  0.4469E+00  0.2835E-02
  0.3919E+01  0.4407E+00  0.2834E-02
  0.3952E+01  0.4345E+00  0.2839E-02
  0.3986E+01  0.4284E+00  0.2849E-02
  0.4019E+01  0.4224E+00  0.2866E-02
  0.4053E+01  0.4164E+00  0.2889E-02
  0.4086E+01  0.4105E+00  0.2918E-02
  0.4120E+01  0.4046E+00  0.2953E-02
  0.4153E+01  0.3988E+00  0.2993E-02
  0.4187E+01  0.3931E+00  0.3038E-02
  0.4220E+01  0.3874E+00  0.3085E-02
  0.4253E+01  0.3818E+00  0.3136E-02
  0.4287E+01  0.3762E+00  0.3188E-02
  0.4320E+01  0.3707E+00  0.3241E-02
  0.4354E+01  0.3652E+00  0.3294E-02
  0.4387E+01  0.3597E+00  0.3347E-02
  0.4421E+01  0.3543E+00  0.3398E-02
  0.4454E+01  0.3490E+00  0.3447E-02
  0.4488E+01  0.3436E+00  0.3493E-02
  0.4521E+01  0.3384E+00  0.3537E-02
  0.4555E+01  0.3331E+00  0.3577E-02
  0.4588E+01  0.3279E+00  0.3615E-02
  0.4622E+01  0.3228E+00  0.3649E-02
  0.4655E+01  0.3177E+00  0.3680E-02
  0.4689E+01  0.3126E+00  0.3708E-02
  0.4722E+01  0.3076E+00  0.3733E-02
  0.4756E+01  0.3026E+00  0.3756E-02
  0.4789E+01  0.2977E+00  0.3777E-02
  0.4823E+01  0.2927E+00  0.3797E-02
  0.4856E+01  0.2879E+00  0.3815E-02
  0.4890E+01  0.2831E+00  0.3833E-02
  0.4923E+01  0.2783E+00  0.3851E-02
  0.4957E+01  0.2735E+00  0.3869E-02
  0.4990E+01  0.2688E+00  0.3887E-02
  0.5024E+01  0.2641E+00  0.3907E-02
  0.5057E+01  0.2595E+00  0.3928E-02
  0.5091E+01  0.2549E+00  0.3950E-02
  0.5124E+01  0.2503E+00  0.3974E-02
  0.5158E+01  0.2457E+00  0.3999E-02
  0.5191E+01  0.2411E+00  0.4025E-02
  0.5225E+01  0.2365E+00  0.4052E-02
  0.5258E+01  0.2319E+00  0.4080E-02
  0.5292E+01  0.2273E+00  0.4109E-02
  0.5325E+01  0.2227E+00  0.4137E-02
  0.5359E+01  0.2181E+00  0.4164E-02
  0.5392E+01  0.2134E+00  0.4189E-02
  0.5426E+01  0.2086E+00  0.4212E-02
  0.5459E+01  0.2038E+00  0.4232E-02
  0.5493E+01  0.1989E+00  0.4247E-02
  0.5526E+01  0.1939E+00  0.4258E-02
  0.5560E+01  0.1889E+00  0.4262E-02
  0.5593E+01  0.1836E+00  0.4260E-02
  0.5627E+01  0.1783E+00  0.4250E-02
  0.5660E+01  0.1728E+00  0.4230E-02
  0.5694E+01  0.1671E+00  0.4200E-02
  0.5727E+01  0.1612E+00  0.4159E-02
  0.5761E+01  0.1551E+00  0.4105E-02
  0.5794E+01  0.1488E+00  0.4038E-02
  0.5828E+01  0.1423E+00  0.3955E-02
  0.5861E+01  0.1354E+00  0.3856E-02
  0.5895E+01  0.1283E+00  0.3740E-02
  0.5928E+01  0.1209E+00  0.3604E-02
  0.5962E+01  0.1131E+00  0.3448E-02
  0.5995E+01  0.1050E+00  0.3271E-02
  0.6029E+01  0.9650E-01  0.3070E-02
  0.6062E+01  0.8762E-01  0.2845E-02
  0.6096E+01  0.7832E-01  0.2595E-02
  0.6129E+01  0.6859E-01  0.2317E-02
  0.6163E+01  0.5840E-01  0.2010E-02
  0.6196E+01  0.4774E-01  0.1673E-02
  0.6230E+01  0.3659E-01  0.1305E-02
  0.6263E+01  0.2493E-01  0.9045E-03
  0.6297E+01  0.1274E-01  0.4699E-03
  0.6330E+01  0.0000E+00  0.0000E+00
