
           ####      G N O M             Version 5.0 (r13469)      ####
                                               Wed Dec 15 15:11:13 2021

           ####      Configuration                                 ####

    System Type:                   arbitrary monodisperse (job = 0)
    Minimum characteristic size:         0.0000
    Maximum characteristic size:         7.2600
    rad56:                               0.0000
    Force 0.0 at r = rmin:                  yes
    Force 0.0 at r = rmax:                  yes
    Initial alpha:                       0.0000
    Initial random seed:    1438425837043725168
    Points in real space:                   190

    Input  1:                      temp-inp.dat
    First data point used:                    1
    Last data point used:                   570
    Scaling coefficient:             0.1000E+01
    Experimental setup:            point collimation



           ####      Results                                       ####

    Parameter    DISCRP  OSCILL  STABIL  SYSDEV  POSITV  VALCEN  SMOOTH
    Weight        1.000   3.000   3.000   3.000   1.000   1.000   1.000
    Sigma         0.300   0.600   0.120   0.120   0.120   0.120   0.600
    Ideal         0.700   1.100   0.000   1.000   1.000   0.950   0.000
    Current       0.511   1.317   0.009   0.910   1.000   0.867   1.845
               --------------------------------------------------------
    Estimate      0.672   0.878   0.995   0.572   1.000   0.617   0.000

    Angular range:                       0.3012 to       2.9999
    Reciprocal space Rg:             0.2283E+01
    Reciprocal space I(0):           0.4690E+02

    Real space range:                    0.0000 to       7.2600
    Real space Rg:                   0.2294E+01 +-   0.4971E-02
    Real space I(0):                 0.4691E+02 +-   0.7500E-01

    Highest ALPHA (theor):           0.4788E+02
    Current ALPHA:                   0.8524E+01

    Total Estimate:                      0.7403 (a REASONABLE solution)



           ####      Experimental Data and Fit                     ####

      S          J EXP       ERROR       J REG       I REG

   0.000000E+00                                                0.469099E+02
   0.107561E-01                                                0.469004E+02
   0.215123E-01                                                0.468719E+02
   0.322684E-01                                                0.468244E+02
   0.430246E-01                                                0.467579E+02
   0.537807E-01                                                0.466727E+02
   0.645368E-01                                                0.465688E+02
   0.752930E-01                                                0.464463E+02
   0.860491E-01                                                0.463054E+02
   0.968053E-01                                                0.461463E+02
   0.107561E+00                                                0.459693E+02
   0.118318E+00                                                0.457745E+02
   0.129074E+00                                                0.455623E+02
   0.139830E+00                                                0.453330E+02
   0.150586E+00                                                0.450868E+02
   0.161342E+00                                                0.448241E+02
   0.172098E+00                                                0.445452E+02
   0.182854E+00                                                0.442505E+02
   0.193611E+00                                                0.439405E+02
   0.204367E+00                                                0.436155E+02
   0.215123E+00                                                0.432760E+02
   0.225879E+00                                                0.429224E+02
   0.236635E+00                                                0.425552E+02
   0.247391E+00                                                0.421748E+02
   0.258147E+00                                                0.417818E+02
   0.268903E+00                                                0.413767E+02
   0.279660E+00                                                0.409599E+02
   0.290416E+00                                                0.405321E+02
   0.301172E+00   0.400778E+02   0.212567E+00   0.400936E+02   0.400936E+02
   0.305915E+00   0.399827E+02   0.210732E+00   0.398971E+02   0.398971E+02
   0.310658E+00   0.399933E+02   0.208841E+00   0.396986E+02   0.396986E+02
   0.315400E+00   0.397359E+02   0.206494E+00   0.394983E+02   0.394983E+02
   0.320143E+00   0.394930E+02   0.204932E+00   0.392962E+02   0.392962E+02
   0.324886E+00   0.391848E+02   0.202548E+00   0.390924E+02   0.390924E+02
   0.329629E+00   0.389053E+02   0.200776E+00   0.388868E+02   0.388868E+02
   0.334372E+00   0.389657E+02   0.199585E+00   0.386796E+02   0.386796E+02
   0.339115E+00   0.385388E+02   0.199702E+00   0.384707E+02   0.384707E+02
   0.343858E+00   0.385461E+02   0.202403E+00   0.382603E+02   0.382603E+02
   0.348601E+00   0.381722E+02   0.207011E+00   0.380484E+02   0.380484E+02
   0.353343E+00   0.380657E+02   0.210571E+00   0.378350E+02   0.378350E+02
   0.358086E+00   0.377290E+02   0.212336E+00   0.376201E+02   0.376201E+02
   0.362829E+00   0.373528E+02   0.213996E+00   0.374039E+02   0.374039E+02
   0.367572E+00   0.370543E+02   0.215368E+00   0.371864E+02   0.371864E+02
   0.372315E+00   0.368806E+02   0.216821E+00   0.369676E+02   0.369676E+02
   0.377058E+00   0.368359E+02   0.217758E+00   0.367476E+02   0.367476E+02
   0.381801E+00   0.365712E+02   0.218921E+00   0.365264E+02   0.365264E+02
   0.386543E+00   0.362521E+02   0.219610E+00   0.363041E+02   0.363041E+02
   0.391286E+00   0.362222E+02   0.220022E+00   0.360807E+02   0.360807E+02
   0.396029E+00   0.361246E+02   0.220313E+00   0.358562E+02   0.358562E+02
   0.400772E+00   0.358768E+02   0.221958E+00   0.356308E+02   0.356308E+02
   0.405515E+00   0.350839E+02   0.228894E+00   0.354045E+02   0.354045E+02
   0.410258E+00   0.352025E+02   0.234241E+00   0.351772E+02   0.351772E+02
   0.415001E+00   0.355314E+02   0.239922E+00   0.349491E+02   0.349491E+02
   0.419744E+00   0.345019E+02   0.242050E+00   0.347203E+02   0.347203E+02
   0.424486E+00   0.344012E+02   0.246122E+00   0.344907E+02   0.344907E+02
   0.429229E+00   0.340917E+02   0.248863E+00   0.342603E+02   0.342603E+02
   0.433972E+00   0.339777E+02   0.252597E+00   0.340294E+02   0.340294E+02
   0.438715E+00   0.338245E+02   0.255992E+00   0.337978E+02   0.337978E+02
   0.443458E+00   0.333314E+02   0.259395E+00   0.335657E+02   0.335657E+02
   0.448201E+00   0.336491E+02   0.263044E+00   0.333331E+02   0.333331E+02
   0.452944E+00   0.331094E+02   0.267098E+00   0.331000E+02   0.331000E+02
   0.457686E+00   0.326844E+02   0.269275E+00   0.328665E+02   0.328665E+02
   0.462429E+00   0.328305E+02   0.271449E+00   0.326326E+02   0.326326E+02
   0.467172E+00   0.323839E+02   0.270034E+00   0.323984E+02   0.323984E+02
   0.471915E+00   0.325065E+02   0.259975E+00   0.321639E+02   0.321639E+02
   0.476658E+00   0.318767E+02   0.253745E+00   0.319292E+02   0.319292E+02
   0.481401E+00   0.316365E+02   0.249841E+00   0.316943E+02   0.316943E+02
   0.486144E+00   0.311393E+02   0.246999E+00   0.314592E+02   0.314592E+02
   0.490887E+00   0.312264E+02   0.244823E+00   0.312240E+02   0.312240E+02
   0.495629E+00   0.309557E+02   0.242457E+00   0.309888E+02   0.309888E+02
   0.500372E+00   0.306182E+02   0.240709E+00   0.307535E+02   0.307535E+02
   0.505115E+00   0.304907E+02   0.239009E+00   0.305183E+02   0.305183E+02
   0.509858E+00   0.299338E+02   0.236899E+00   0.302832E+02   0.302832E+02
   0.514601E+00   0.300911E+02   0.235578E+00   0.300481E+02   0.300481E+02
   0.519344E+00   0.297489E+02   0.234185E+00   0.298132E+02   0.298132E+02
   0.524087E+00   0.294964E+02   0.233087E+00   0.295785E+02   0.295785E+02
   0.528829E+00   0.294075E+02   0.231474E+00   0.293440E+02   0.293440E+02
   0.533572E+00   0.290359E+02   0.229673E+00   0.291098E+02   0.291098E+02
   0.538315E+00   0.285277E+02   0.227885E+00   0.288758E+02   0.288758E+02
   0.543058E+00   0.285742E+02   0.225443E+00   0.286422E+02   0.286422E+02
   0.547801E+00   0.284801E+02   0.223945E+00   0.284090E+02   0.284090E+02
   0.552544E+00   0.280484E+02   0.221990E+00   0.281763E+02   0.281763E+02
   0.557287E+00   0.277363E+02   0.220250E+00   0.279439E+02   0.279439E+02
   0.562029E+00   0.274996E+02   0.218429E+00   0.277121E+02   0.277121E+02
   0.566772E+00   0.272057E+02   0.216454E+00   0.274808E+02   0.274808E+02
   0.571515E+00   0.271250E+02   0.214974E+00   0.272500E+02   0.272500E+02
   0.576258E+00   0.265641E+02   0.213183E+00   0.270199E+02   0.270199E+02
   0.581001E+00   0.267974E+02   0.212807E+00   0.267903E+02   0.267903E+02
   0.585744E+00   0.266758E+02   0.211536E+00   0.265615E+02   0.265615E+02
   0.590487E+00   0.260646E+02   0.210290E+00   0.263333E+02   0.263333E+02
   0.595230E+00   0.260861E+02   0.209735E+00   0.261058E+02   0.261058E+02
   0.599972E+00   0.259349E+02   0.209010E+00   0.258792E+02   0.258792E+02
   0.604715E+00   0.253890E+02   0.207976E+00   0.256533E+02   0.256533E+02
   0.609458E+00   0.252966E+02   0.206825E+00   0.254282E+02   0.254282E+02
   0.614201E+00   0.252970E+02   0.206251E+00   0.252039E+02   0.252039E+02
   0.618944E+00   0.247077E+02   0.205074E+00   0.249806E+02   0.249806E+02
   0.623687E+00   0.243988E+02   0.204541E+00   0.247581E+02   0.247581E+02
   0.628430E+00   0.244781E+02   0.203840E+00   0.245366E+02   0.245366E+02
   0.633173E+00   0.240664E+02   0.203518E+00   0.243160E+02   0.243160E+02
   0.637915E+00   0.240130E+02   0.202575E+00   0.240964E+02   0.240964E+02
   0.642658E+00   0.237041E+02   0.201790E+00   0.238779E+02   0.238779E+02
   0.647401E+00   0.235450E+02   0.201109E+00   0.236603E+02   0.236603E+02
   0.652144E+00   0.234694E+02   0.200633E+00   0.234439E+02   0.234439E+02
   0.656887E+00   0.228891E+02   0.199198E+00   0.232285E+02   0.232285E+02
   0.661630E+00   0.230427E+02   0.198881E+00   0.230142E+02   0.230142E+02
   0.666373E+00   0.228172E+02   0.197684E+00   0.228010E+02   0.228010E+02
   0.671115E+00   0.225395E+02   0.197387E+00   0.225890E+02   0.225890E+02
   0.675858E+00   0.223791E+02   0.196533E+00   0.223782E+02   0.223782E+02
   0.680601E+00   0.222164E+02   0.195867E+00   0.221685E+02   0.221685E+02
   0.685344E+00   0.220470E+02   0.195281E+00   0.219601E+02   0.219601E+02
   0.690087E+00   0.217626E+02   0.194302E+00   0.217528E+02   0.217528E+02
   0.694830E+00   0.214625E+02   0.193801E+00   0.215469E+02   0.215469E+02
   0.699573E+00   0.211140E+02   0.192933E+00   0.213422E+02   0.213422E+02
   0.704315E+00   0.208799E+02   0.192313E+00   0.211387E+02   0.211387E+02
   0.709058E+00   0.210451E+02   0.191496E+00   0.209366E+02   0.209366E+02
   0.713801E+00   0.208368E+02   0.190696E+00   0.207358E+02   0.207358E+02
   0.718544E+00   0.203886E+02   0.190203E+00   0.205363E+02   0.205363E+02
   0.723287E+00   0.204017E+02   0.190167E+00   0.203382E+02   0.203382E+02
   0.728030E+00   0.202514E+02   0.189291E+00   0.201414E+02   0.201414E+02
   0.732773E+00   0.198180E+02   0.188569E+00   0.199459E+02   0.199459E+02
   0.737515E+00   0.198078E+02   0.187908E+00   0.197519E+02   0.197519E+02
   0.742258E+00   0.194477E+02   0.186777E+00   0.195592E+02   0.195592E+02
   0.747001E+00   0.191830E+02   0.186022E+00   0.193680E+02   0.193680E+02
   0.751744E+00   0.193672E+02   0.186207E+00   0.191781E+02   0.191781E+02
   0.756487E+00   0.191316E+02   0.185002E+00   0.189897E+02   0.189897E+02
   0.761230E+00   0.188862E+02   0.184299E+00   0.188027E+02   0.188027E+02
   0.765973E+00   0.184844E+02   0.184020E+00   0.186172E+02   0.186172E+02
   0.770716E+00   0.185215E+02   0.183267E+00   0.184331E+02   0.184331E+02
   0.775459E+00   0.184501E+02   0.182883E+00   0.182504E+02   0.182504E+02
   0.780201E+00   0.182655E+02   0.182676E+00   0.180693E+02   0.180693E+02
   0.784944E+00   0.178553E+02   0.181734E+00   0.178896E+02   0.178896E+02
   0.789687E+00   0.177164E+02   0.181127E+00   0.177113E+02   0.177113E+02
   0.794430E+00   0.174775E+02   0.180469E+00   0.175346E+02   0.175346E+02
   0.799173E+00   0.174090E+02   0.179386E+00   0.173593E+02   0.173593E+02
   0.803916E+00   0.171633E+02   0.179079E+00   0.171855E+02   0.171855E+02
   0.808658E+00   0.169934E+02   0.178407E+00   0.170132E+02   0.170132E+02
   0.813401E+00   0.169615E+02   0.178112E+00   0.168424E+02   0.168424E+02
   0.818144E+00   0.167762E+02   0.177935E+00   0.166731E+02   0.166731E+02
   0.822887E+00   0.165431E+02   0.177277E+00   0.165053E+02   0.165053E+02
   0.827630E+00   0.161386E+02   0.176329E+00   0.163390E+02   0.163390E+02
   0.832373E+00   0.161216E+02   0.175390E+00   0.161741E+02   0.161741E+02
   0.837116E+00   0.160941E+02   0.175163E+00   0.160108E+02   0.160108E+02
   0.841859E+00   0.159660E+02   0.174886E+00   0.158490E+02   0.158490E+02
   0.846601E+00   0.157069E+02   0.174500E+00   0.156887E+02   0.156887E+02
   0.851344E+00   0.156494E+02   0.173363E+00   0.155299E+02   0.155299E+02
   0.856087E+00   0.153266E+02   0.173342E+00   0.153725E+02   0.153725E+02
   0.860830E+00   0.151966E+02   0.172373E+00   0.152167E+02   0.152167E+02
   0.865573E+00   0.153382E+02   0.172212E+00   0.150623E+02   0.150623E+02
   0.870316E+00   0.149964E+02   0.171672E+00   0.149095E+02   0.149095E+02
   0.875059E+00   0.148810E+02   0.171264E+00   0.147581E+02   0.147581E+02
   0.879802E+00   0.147766E+02   0.170538E+00   0.146082E+02   0.146082E+02
   0.884544E+00   0.145853E+02   0.170331E+00   0.144598E+02   0.144598E+02
   0.889287E+00   0.145884E+02   0.169450E+00   0.143128E+02   0.143128E+02
   0.894030E+00   0.142882E+02   0.169007E+00   0.141673E+02   0.141673E+02
   0.898773E+00   0.140367E+02   0.168482E+00   0.140233E+02   0.140233E+02
   0.903516E+00   0.139884E+02   0.167951E+00   0.138807E+02   0.138807E+02
   0.908259E+00   0.139522E+02   0.167302E+00   0.137396E+02   0.137396E+02
   0.913002E+00   0.138224E+02   0.166964E+00   0.135999E+02   0.135999E+02
   0.917744E+00   0.134795E+02   0.166488E+00   0.134616E+02   0.134616E+02
   0.922487E+00   0.133471E+02   0.165679E+00   0.133248E+02   0.133248E+02
   0.927230E+00   0.133226E+02   0.165305E+00   0.131894E+02   0.131894E+02
   0.931973E+00   0.133408E+02   0.165225E+00   0.130553E+02   0.130553E+02
   0.936716E+00   0.129927E+02   0.164722E+00   0.129227E+02   0.129227E+02
   0.941459E+00   0.129894E+02   0.164039E+00   0.127915E+02   0.127915E+02
   0.946202E+00   0.129251E+02   0.163513E+00   0.126617E+02   0.126617E+02
   0.950944E+00   0.127328E+02   0.163168E+00   0.125332E+02   0.125332E+02
   0.955687E+00   0.125000E+02   0.162894E+00   0.124061E+02   0.124061E+02
   0.960430E+00   0.122270E+02   0.162058E+00   0.122804E+02   0.122804E+02
   0.965173E+00   0.123595E+02   0.161686E+00   0.121560E+02   0.121560E+02
   0.969916E+00   0.121090E+02   0.161323E+00   0.120330E+02   0.120330E+02
   0.974659E+00   0.120721E+02   0.160849E+00   0.119113E+02   0.119113E+02
   0.979402E+00   0.119050E+02   0.160366E+00   0.117908E+02   0.117908E+02
   0.984144E+00   0.115234E+02   0.160014E+00   0.116717E+02   0.116717E+02
   0.988887E+00   0.118735E+02   0.159756E+00   0.115539E+02   0.115539E+02
   0.993630E+00   0.113474E+02   0.159031E+00   0.114374E+02   0.114374E+02
   0.998373E+00   0.113897E+02   0.158941E+00   0.113221E+02   0.113221E+02
   0.100312E+01   0.111982E+02   0.158280E+00   0.112081E+02   0.112081E+02
   0.100786E+01   0.113454E+02   0.158065E+00   0.110954E+02   0.110954E+02
   0.101260E+01   0.111512E+02   0.157585E+00   0.109839E+02   0.109839E+02
   0.101734E+01   0.109713E+02   0.156959E+00   0.108736E+02   0.108736E+02
   0.102209E+01   0.107328E+02   0.156390E+00   0.107645E+02   0.107645E+02
   0.102683E+01   0.106092E+02   0.156302E+00   0.106566E+02   0.106566E+02
   0.103157E+01   0.105842E+02   0.155770E+00   0.105500E+02   0.105500E+02
   0.103632E+01   0.104917E+02   0.155493E+00   0.104444E+02   0.104444E+02
   0.104106E+01   0.102924E+02   0.155105E+00   0.103401E+02   0.103401E+02
   0.104580E+01   0.101789E+02   0.154541E+00   0.102369E+02   0.102369E+02
   0.105055E+01   0.101329E+02   0.154351E+00   0.101348E+02   0.101348E+02
   0.105529E+01   0.101754E+02   0.153512E+00   0.100339E+02   0.100339E+02
   0.106003E+01   0.992730E+01   0.153085E+00   0.993411E+01   0.993411E+01
   0.106477E+01   0.990980E+01   0.152754E+00   0.983540E+01   0.983540E+01
   0.106952E+01   0.995127E+01   0.152902E+00   0.973777E+01   0.973777E+01
   0.107426E+01   0.979356E+01   0.152536E+00   0.964122E+01   0.964122E+01
   0.107900E+01   0.982820E+01   0.151694E+00   0.954573E+01   0.954573E+01
   0.108374E+01   0.946428E+01   0.151642E+00   0.945130E+01   0.945130E+01
   0.108849E+01   0.920745E+01   0.150909E+00   0.935790E+01   0.935790E+01
   0.109323E+01   0.929430E+01   0.150487E+00   0.926555E+01   0.926555E+01
   0.109797E+01   0.958084E+01   0.150762E+00   0.917419E+01   0.917419E+01
   0.110272E+01   0.919598E+01   0.150474E+00   0.908382E+01   0.908382E+01
   0.110746E+01   0.879015E+01   0.149671E+00   0.899445E+01   0.899445E+01
   0.111220E+01   0.902744E+01   0.149328E+00   0.890605E+01   0.890605E+01
   0.111695E+01   0.906016E+01   0.149248E+00   0.881862E+01   0.881862E+01
   0.112169E+01   0.873914E+01   0.148675E+00   0.873213E+01   0.873213E+01
   0.112643E+01   0.848277E+01   0.148117E+00   0.864660E+01   0.864660E+01
   0.113117E+01   0.850049E+01   0.147837E+00   0.856197E+01   0.856197E+01
   0.113592E+01   0.864195E+01   0.147570E+00   0.847825E+01   0.847825E+01
   0.114066E+01   0.820194E+01   0.147105E+00   0.839544E+01   0.839544E+01
   0.114540E+01   0.822776E+01   0.147140E+00   0.831352E+01   0.831352E+01
   0.115014E+01   0.818065E+01   0.146333E+00   0.823247E+01   0.823247E+01
   0.115489E+01   0.838504E+01   0.146270E+00   0.815228E+01   0.815228E+01
   0.115963E+01   0.812270E+01   0.145593E+00   0.807295E+01   0.807295E+01
   0.116437E+01   0.803902E+01   0.145570E+00   0.799447E+01   0.799447E+01
   0.116912E+01   0.794413E+01   0.145282E+00   0.791680E+01   0.791680E+01
   0.117386E+01   0.809483E+01   0.144947E+00   0.783995E+01   0.783995E+01
   0.117860E+01   0.778371E+01   0.144445E+00   0.776391E+01   0.776391E+01
   0.118335E+01   0.762352E+01   0.144395E+00   0.768865E+01   0.768865E+01
   0.118809E+01   0.781160E+01   0.144188E+00   0.761418E+01   0.761418E+01
   0.119283E+01   0.763815E+01   0.143596E+00   0.754049E+01   0.754049E+01
   0.119757E+01   0.746207E+01   0.143359E+00   0.746756E+01   0.746756E+01
   0.120232E+01   0.766403E+01   0.143174E+00   0.739538E+01   0.739538E+01
   0.120706E+01   0.739787E+01   0.143641E+00   0.732392E+01   0.732392E+01
   0.121180E+01   0.722362E+01   0.148232E+00   0.725320E+01   0.725320E+01
   0.121654E+01   0.709411E+01   0.151104E+00   0.718320E+01   0.718320E+01
   0.122129E+01   0.701354E+01   0.152810E+00   0.711390E+01   0.711390E+01
   0.122603E+01   0.695601E+01   0.155133E+00   0.704530E+01   0.704530E+01
   0.123077E+01   0.701354E+01   0.156361E+00   0.697738E+01   0.697738E+01
   0.123552E+01   0.668116E+01   0.157607E+00   0.691016E+01   0.691016E+01
   0.124026E+01   0.684945E+01   0.159030E+00   0.684359E+01   0.684359E+01
   0.124500E+01   0.666857E+01   0.160128E+00   0.677768E+01   0.677768E+01
   0.124975E+01   0.666462E+01   0.161393E+00   0.671241E+01   0.671241E+01
   0.125449E+01   0.666486E+01   0.163269E+00   0.664778E+01   0.664778E+01
   0.125923E+01   0.633758E+01   0.163433E+00   0.658379E+01   0.658379E+01
   0.126397E+01   0.654462E+01   0.163554E+00   0.652041E+01   0.652041E+01
   0.126872E+01   0.635267E+01   0.164072E+00   0.645766E+01   0.645766E+01
   0.127346E+01   0.620673E+01   0.161709E+00   0.639550E+01   0.639550E+01
   0.127820E+01   0.625255E+01   0.155798E+00   0.633393E+01   0.633393E+01
   0.128295E+01   0.609009E+01   0.152684E+00   0.627296E+01   0.627296E+01
   0.128769E+01   0.603735E+01   0.150233E+00   0.621255E+01   0.621255E+01
   0.129243E+01   0.601354E+01   0.148243E+00   0.615272E+01   0.615272E+01
   0.129717E+01   0.604333E+01   0.147142E+00   0.609345E+01   0.609345E+01
   0.130192E+01   0.615828E+01   0.145534E+00   0.603475E+01   0.603475E+01
   0.130666E+01   0.589247E+01   0.144143E+00   0.597659E+01   0.597659E+01
   0.131140E+01   0.570667E+01   0.142944E+00   0.591896E+01   0.591896E+01
   0.131614E+01   0.567689E+01   0.141925E+00   0.586187E+01   0.586187E+01
   0.132089E+01   0.566051E+01   0.141611E+00   0.580530E+01   0.580530E+01
   0.132563E+01   0.555180E+01   0.140548E+00   0.574925E+01   0.574925E+01
   0.133037E+01   0.557182E+01   0.140131E+00   0.569371E+01   0.569371E+01
   0.133512E+01   0.548386E+01   0.139728E+00   0.563868E+01   0.563868E+01
   0.133986E+01   0.545990E+01   0.139458E+00   0.558416E+01   0.558416E+01
   0.134460E+01   0.565090E+01   0.139172E+00   0.553012E+01   0.553012E+01
   0.134935E+01   0.538127E+01   0.138715E+00   0.547657E+01   0.547657E+01
   0.135409E+01   0.545996E+01   0.138739E+00   0.542350E+01   0.542350E+01
   0.135883E+01   0.532623E+01   0.138233E+00   0.537090E+01   0.537090E+01
   0.136357E+01   0.536113E+01   0.138040E+00   0.531878E+01   0.531878E+01
   0.136832E+01   0.514277E+01   0.137647E+00   0.526712E+01   0.526712E+01
   0.137306E+01   0.529339E+01   0.136968E+00   0.521593E+01   0.521593E+01
   0.137780E+01   0.520455E+01   0.136657E+00   0.516518E+01   0.516518E+01
   0.138254E+01   0.513601E+01   0.136373E+00   0.511488E+01   0.511488E+01
   0.138729E+01   0.522222E+01   0.136272E+00   0.506502E+01   0.506502E+01
   0.139203E+01   0.515174E+01   0.135795E+00   0.501561E+01   0.501561E+01
   0.139677E+01   0.484098E+01   0.135175E+00   0.496663E+01   0.496663E+01
   0.140152E+01   0.472544E+01   0.135162E+00   0.491807E+01   0.491807E+01
   0.140626E+01   0.479677E+01   0.134755E+00   0.486995E+01   0.486995E+01
   0.141100E+01   0.481036E+01   0.134757E+00   0.482225E+01   0.482225E+01
   0.141575E+01   0.489495E+01   0.134213E+00   0.477497E+01   0.477497E+01
   0.142049E+01   0.460661E+01   0.133701E+00   0.472809E+01   0.472809E+01
   0.142523E+01   0.449424E+01   0.133679E+00   0.468163E+01   0.468163E+01
   0.142997E+01   0.451825E+01   0.133538E+00   0.463557E+01   0.463557E+01
   0.143472E+01   0.464292E+01   0.132945E+00   0.458992E+01   0.458992E+01
   0.143946E+01   0.453730E+01   0.132872E+00   0.454466E+01   0.454466E+01
   0.144420E+01   0.449981E+01   0.133011E+00   0.449981E+01   0.449981E+01
   0.144894E+01   0.441968E+01   0.132577E+00   0.445534E+01   0.445534E+01
   0.145369E+01   0.441518E+01   0.132610E+00   0.441126E+01   0.441126E+01
   0.145843E+01   0.422541E+01   0.131936E+00   0.436757E+01   0.436757E+01
   0.146317E+01   0.426588E+01   0.131930E+00   0.432426E+01   0.432426E+01
   0.146792E+01   0.424306E+01   0.131269E+00   0.428133E+01   0.428133E+01
   0.147266E+01   0.406366E+01   0.131181E+00   0.423878E+01   0.423878E+01
   0.147740E+01   0.408887E+01   0.130992E+00   0.419661E+01   0.419661E+01
   0.148215E+01   0.404845E+01   0.130644E+00   0.415481E+01   0.415481E+01
   0.148689E+01   0.406451E+01   0.130033E+00   0.411337E+01   0.411337E+01
   0.149163E+01   0.419668E+01   0.130120E+00   0.407231E+01   0.407231E+01
   0.149637E+01   0.416679E+01   0.129893E+00   0.403160E+01   0.403160E+01
   0.150112E+01   0.403571E+01   0.129969E+00   0.399126E+01   0.399126E+01
   0.150586E+01   0.390073E+01   0.132323E+00   0.395129E+01   0.395129E+01
   0.151060E+01   0.391353E+01   0.135902E+00   0.391166E+01   0.391166E+01
   0.151534E+01   0.391643E+01   0.138013E+00   0.387241E+01   0.387241E+01
   0.152009E+01   0.390340E+01   0.140118E+00   0.383350E+01   0.383350E+01
   0.152483E+01   0.365130E+01   0.141071E+00   0.379494E+01   0.379494E+01
   0.152957E+01   0.376914E+01   0.141973E+00   0.375673E+01   0.375673E+01
   0.153432E+01   0.368845E+01   0.138588E+00   0.371888E+01   0.371888E+01
   0.153906E+01   0.367660E+01   0.136709E+00   0.368136E+01   0.368136E+01
   0.154380E+01   0.370475E+01   0.135234E+00   0.364420E+01   0.364420E+01
   0.154855E+01   0.354806E+01   0.133368E+00   0.360738E+01   0.360738E+01
   0.155329E+01   0.358999E+01   0.132385E+00   0.357090E+01   0.357090E+01
   0.155803E+01   0.349848E+01   0.130768E+00   0.353476E+01   0.353476E+01
   0.156277E+01   0.353003E+01   0.129661E+00   0.349896E+01   0.349896E+01
   0.156752E+01   0.356602E+01   0.128141E+00   0.346349E+01   0.346349E+01
   0.157226E+01   0.329832E+01   0.127360E+00   0.342836E+01   0.342836E+01
   0.157700E+01   0.337390E+01   0.126596E+00   0.339357E+01   0.339357E+01
   0.158175E+01   0.341639E+01   0.126450E+00   0.335911E+01   0.335911E+01
   0.158649E+01   0.340024E+01   0.126618E+00   0.332498E+01   0.332498E+01
   0.159123E+01   0.321846E+01   0.126599E+00   0.329118E+01   0.329118E+01
   0.159597E+01   0.333555E+01   0.126698E+00   0.325771E+01   0.325771E+01
   0.160072E+01   0.321799E+01   0.126881E+00   0.322456E+01   0.322456E+01
   0.160546E+01   0.309766E+01   0.126651E+00   0.319174E+01   0.319174E+01
   0.161020E+01   0.319625E+01   0.126273E+00   0.315925E+01   0.315925E+01
   0.161495E+01   0.308556E+01   0.126023E+00   0.312707E+01   0.312707E+01
   0.161969E+01   0.310943E+01   0.125954E+00   0.309523E+01   0.309523E+01
   0.162443E+01   0.307737E+01   0.125611E+00   0.306370E+01   0.306370E+01
   0.162917E+01   0.302704E+01   0.125478E+00   0.303249E+01   0.303249E+01
   0.163392E+01   0.298258E+01   0.124930E+00   0.300159E+01   0.300159E+01
   0.163866E+01   0.297845E+01   0.125085E+00   0.297101E+01   0.297101E+01
   0.164340E+01   0.299551E+01   0.124725E+00   0.294075E+01   0.294075E+01
   0.164815E+01   0.292539E+01   0.124668E+00   0.291080E+01   0.291080E+01
   0.165289E+01   0.284029E+01   0.124328E+00   0.288116E+01   0.288116E+01
   0.165763E+01   0.289358E+01   0.124290E+00   0.285184E+01   0.285184E+01
   0.166237E+01   0.282650E+01   0.123630E+00   0.282283E+01   0.282283E+01
   0.166712E+01   0.283313E+01   0.123558E+00   0.279412E+01   0.279412E+01
   0.167186E+01   0.277128E+01   0.123285E+00   0.276572E+01   0.276572E+01
   0.167660E+01   0.301081E+01   0.123440E+00   0.273762E+01   0.273762E+01
   0.168135E+01   0.277319E+01   0.123273E+00   0.270983E+01   0.270983E+01
   0.168609E+01   0.266921E+01   0.122915E+00   0.268234E+01   0.268234E+01
   0.169083E+01   0.267613E+01   0.122476E+00   0.265516E+01   0.265516E+01
   0.169557E+01   0.266265E+01   0.122642E+00   0.262827E+01   0.262827E+01
   0.170032E+01   0.246068E+01   0.122058E+00   0.260168E+01   0.260168E+01
   0.170506E+01   0.258116E+01   0.122169E+00   0.257538E+01   0.257538E+01
   0.170980E+01   0.265513E+01   0.121829E+00   0.254938E+01   0.254938E+01
   0.171455E+01   0.271357E+01   0.121830E+00   0.252367E+01   0.252367E+01
   0.171929E+01   0.259006E+01   0.121432E+00   0.249826E+01   0.249826E+01
   0.172403E+01   0.251134E+01   0.121181E+00   0.247314E+01   0.247314E+01
   0.172877E+01   0.247648E+01   0.120939E+00   0.244830E+01   0.244830E+01
   0.173352E+01   0.251676E+01   0.120668E+00   0.242375E+01   0.242375E+01
   0.173826E+01   0.228315E+01   0.120452E+00   0.239948E+01   0.239948E+01
   0.174300E+01   0.231004E+01   0.120349E+00   0.237550E+01   0.237550E+01
   0.174775E+01   0.237090E+01   0.120234E+00   0.235180E+01   0.235180E+01
   0.175249E+01   0.233554E+01   0.119956E+00   0.232838E+01   0.232838E+01
   0.175723E+01   0.223468E+01   0.120212E+00   0.230523E+01   0.230523E+01
   0.176197E+01   0.219919E+01   0.119782E+00   0.228237E+01   0.228237E+01
   0.176672E+01   0.227471E+01   0.119307E+00   0.225978E+01   0.225978E+01
   0.177146E+01   0.221569E+01   0.119394E+00   0.223746E+01   0.223746E+01
   0.177620E+01   0.223463E+01   0.119020E+00   0.221541E+01   0.221541E+01
   0.178095E+01   0.237126E+01   0.119062E+00   0.219362E+01   0.219362E+01
   0.178569E+01   0.238513E+01   0.118686E+00   0.217211E+01   0.217211E+01
   0.179043E+01   0.222294E+01   0.118577E+00   0.215085E+01   0.215085E+01
   0.179517E+01   0.215200E+01   0.118473E+00   0.212987E+01   0.212987E+01
   0.179992E+01   0.212333E+01   0.118157E+00   0.210914E+01   0.210914E+01
   0.180466E+01   0.209041E+01   0.117892E+00   0.208866E+01   0.208866E+01
   0.180940E+01   0.231338E+01   0.117983E+00   0.206844E+01   0.206844E+01
   0.181415E+01   0.217256E+01   0.117993E+00   0.204848E+01   0.204848E+01
   0.181889E+01   0.201766E+01   0.117389E+00   0.202877E+01   0.202877E+01
   0.182363E+01   0.202614E+01   0.117270E+00   0.200930E+01   0.200930E+01
   0.182838E+01   0.189752E+01   0.117141E+00   0.199009E+01   0.199009E+01
   0.183312E+01   0.201320E+01   0.117107E+00   0.197112E+01   0.197112E+01
   0.183786E+01   0.200147E+01   0.116996E+00   0.195239E+01   0.195239E+01
   0.184260E+01   0.189705E+01   0.117047E+00   0.193390E+01   0.193390E+01
   0.184735E+01   0.191724E+01   0.116685E+00   0.191565E+01   0.191565E+01
   0.185209E+01   0.196277E+01   0.116525E+00   0.189763E+01   0.189763E+01
   0.185683E+01   0.197814E+01   0.116205E+00   0.187984E+01   0.187984E+01
   0.186157E+01   0.182663E+01   0.116311E+00   0.186229E+01   0.186229E+01
   0.186632E+01   0.180357E+01   0.115918E+00   0.184496E+01   0.184496E+01
   0.187106E+01   0.182646E+01   0.115591E+00   0.182786E+01   0.182786E+01
   0.187580E+01   0.177165E+01   0.115469E+00   0.181098E+01   0.181098E+01
   0.188055E+01   0.182486E+01   0.115531E+00   0.179433E+01   0.179433E+01
   0.188529E+01   0.164936E+01   0.115227E+00   0.177789E+01   0.177789E+01
   0.189003E+01   0.187115E+01   0.115184E+00   0.176166E+01   0.176166E+01
   0.189478E+01   0.186484E+01   0.114982E+00   0.174565E+01   0.174565E+01
   0.189952E+01   0.178112E+01   0.114677E+00   0.172985E+01   0.172985E+01
   0.190426E+01   0.170650E+01   0.114739E+00   0.171426E+01   0.171426E+01
   0.190900E+01   0.162047E+01   0.114258E+00   0.169887E+01   0.169887E+01
   0.191375E+01   0.171676E+01   0.114369E+00   0.168368E+01   0.168368E+01
   0.191849E+01   0.182997E+01   0.114320E+00   0.166870E+01   0.166870E+01
   0.192323E+01   0.173564E+01   0.114246E+00   0.165391E+01   0.165391E+01
   0.192797E+01   0.157410E+01   0.114088E+00   0.163931E+01   0.163931E+01
   0.193272E+01   0.158878E+01   0.113735E+00   0.162491E+01   0.162491E+01
   0.193746E+01   0.164524E+01   0.113343E+00   0.161070E+01   0.161070E+01
   0.194220E+01   0.169502E+01   0.113201E+00   0.159668E+01   0.159668E+01
   0.194695E+01   0.155885E+01   0.112650E+00   0.158284E+01   0.158284E+01
   0.195169E+01   0.154505E+01   0.112398E+00   0.156918E+01   0.156918E+01
   0.195643E+01   0.148326E+01   0.112329E+00   0.155570E+01   0.155570E+01
   0.196117E+01   0.150328E+01   0.112171E+00   0.154239E+01   0.154239E+01
   0.196592E+01   0.167950E+01   0.112238E+00   0.152927E+01   0.152927E+01
   0.197066E+01   0.138455E+01   0.111844E+00   0.151631E+01   0.151631E+01
   0.197540E+01   0.144359E+01   0.111811E+00   0.150352E+01   0.150352E+01
   0.198015E+01   0.145166E+01   0.111908E+00   0.149090E+01   0.149090E+01
   0.198489E+01   0.150832E+01   0.111892E+00   0.147844E+01   0.147844E+01
   0.198963E+01   0.142263E+01   0.111803E+00   0.146614E+01   0.146614E+01
   0.199438E+01   0.139819E+01   0.111552E+00   0.145401E+01   0.145401E+01
   0.199912E+01   0.131062E+01   0.111441E+00   0.144202E+01   0.144202E+01
   0.200386E+01   0.134551E+01   0.111560E+00   0.143020E+01   0.143020E+01
   0.200860E+01   0.133075E+01   0.111801E+00   0.141852E+01   0.141852E+01
   0.201335E+01   0.133030E+01   0.112683E+00   0.140699E+01   0.140699E+01
   0.201809E+01   0.150075E+01   0.115694E+00   0.139561E+01   0.139561E+01
   0.202283E+01   0.131484E+01   0.117582E+00   0.138437E+01   0.138437E+01
   0.202758E+01   0.131094E+01   0.118974E+00   0.137327E+01   0.137327E+01
   0.203232E+01   0.119306E+01   0.120174E+00   0.136232E+01   0.136232E+01
   0.203706E+01   0.142335E+01   0.121157E+00   0.135149E+01   0.135149E+01
   0.204180E+01   0.106525E+01   0.122122E+00   0.134081E+01   0.134081E+01
   0.204655E+01   0.132877E+01   0.122836E+00   0.133025E+01   0.133025E+01
   0.205129E+01   0.128179E+01   0.123068E+00   0.131983E+01   0.131983E+01
   0.205603E+01   0.120413E+01   0.123426E+00   0.130953E+01   0.130953E+01
   0.206078E+01   0.131534E+01   0.123794E+00   0.129936E+01   0.129936E+01
   0.206552E+01   0.135171E+01   0.123928E+00   0.128931E+01   0.128931E+01
   0.207026E+01   0.113547E+01   0.124290E+00   0.127938E+01   0.127938E+01
   0.207500E+01   0.123510E+01   0.124238E+00   0.126957E+01   0.126957E+01
   0.207975E+01   0.119194E+01   0.121991E+00   0.125988E+01   0.125988E+01
   0.208449E+01   0.125352E+01   0.118788E+00   0.125030E+01   0.125030E+01
   0.208923E+01   0.114754E+01   0.117267E+00   0.124083E+01   0.124083E+01
   0.209397E+01   0.107902E+01   0.115685E+00   0.123148E+01   0.123148E+01
   0.209872E+01   0.118256E+01   0.114313E+00   0.122223E+01   0.122223E+01
   0.210346E+01   0.120786E+01   0.113748E+00   0.121309E+01   0.121309E+01
   0.210820E+01   0.130635E+01   0.112876E+00   0.120405E+01   0.120405E+01
   0.211295E+01   0.126040E+01   0.112677E+00   0.119512E+01   0.119512E+01
   0.211769E+01   0.113479E+01   0.112344E+00   0.118628E+01   0.118628E+01
   0.212243E+01   0.128510E+01   0.111998E+00   0.117755E+01   0.117755E+01
   0.212717E+01   0.115789E+01   0.111630E+00   0.116891E+01   0.116891E+01
   0.213192E+01   0.105941E+01   0.111327E+00   0.116037E+01   0.116037E+01
   0.213666E+01   0.104246E+01   0.111116E+00   0.115192E+01   0.115192E+01
   0.214140E+01   0.108533E+01   0.110923E+00   0.114357E+01   0.114357E+01
   0.214615E+01   0.106995E+01   0.110623E+00   0.113531E+01   0.113531E+01
   0.215089E+01   0.105909E+01   0.110561E+00   0.112713E+01   0.112713E+01
   0.215563E+01   0.909343E+00   0.110276E+00   0.111904E+01   0.111904E+01
   0.216038E+01   0.120063E+01   0.110192E+00   0.111104E+01   0.111104E+01
   0.216512E+01   0.107200E+01   0.110005E+00   0.110312E+01   0.110312E+01
   0.216986E+01   0.114026E+01   0.109710E+00   0.109529E+01   0.109529E+01
   0.217460E+01   0.108341E+01   0.109437E+00   0.108753E+01   0.108753E+01
   0.217935E+01   0.954266E+00   0.109230E+00   0.107986E+01   0.107986E+01
   0.218409E+01   0.976349E+00   0.109123E+00   0.107227E+01   0.107227E+01
   0.218883E+01   0.111286E+01   0.109450E+00   0.106475E+01   0.106475E+01
   0.219358E+01   0.104340E+01   0.109209E+00   0.105731E+01   0.105731E+01
   0.219832E+01   0.102940E+01   0.108713E+00   0.104995E+01   0.104995E+01
   0.220306E+01   0.113067E+01   0.108835E+00   0.104266E+01   0.104266E+01
   0.220780E+01   0.113295E+01   0.108637E+00   0.103544E+01   0.103544E+01
   0.221255E+01   0.110190E+01   0.108313E+00   0.102830E+01   0.102830E+01
   0.221729E+01   0.104327E+01   0.108113E+00   0.102122E+01   0.102122E+01
   0.222203E+01   0.962533E+00   0.108215E+00   0.101422E+01   0.101422E+01
   0.222677E+01   0.102230E+01   0.108064E+00   0.100729E+01   0.100729E+01
   0.223152E+01   0.101179E+01   0.107826E+00   0.100042E+01   0.100042E+01
   0.223626E+01   0.954862E+00   0.107679E+00   0.993619E+00   0.993619E+00
   0.224100E+01   0.901723E+00   0.107601E+00   0.986886E+00   0.986886E+00
   0.224575E+01   0.902226E+00   0.107153E+00   0.980218E+00   0.980218E+00
   0.225049E+01   0.899857E+00   0.107149E+00   0.973616E+00   0.973616E+00
   0.225523E+01   0.782875E+00   0.106891E+00   0.967079E+00   0.967079E+00
   0.225997E+01   0.106092E+01   0.106889E+00   0.960604E+00   0.960604E+00
   0.226472E+01   0.886324E+00   0.106539E+00   0.954191E+00   0.954191E+00
   0.226946E+01   0.952320E+00   0.106700E+00   0.947844E+00   0.947844E+00
   0.227420E+01   0.977631E+00   0.106659E+00   0.941552E+00   0.941552E+00
   0.227895E+01   0.968050E+00   0.106589E+00   0.935324E+00   0.935324E+00
   0.228369E+01   0.835622E+00   0.106207E+00   0.929157E+00   0.929157E+00
   0.228843E+01   0.100647E+01   0.106079E+00   0.923050E+00   0.923050E+00
   0.229318E+01   0.801373E+00   0.105923E+00   0.917002E+00   0.917002E+00
   0.229792E+01   0.868074E+00   0.105816E+00   0.911013E+00   0.911013E+00
   0.230266E+01   0.869051E+00   0.105645E+00   0.905082E+00   0.905082E+00
   0.230740E+01   0.952404E+00   0.105445E+00   0.899210E+00   0.899210E+00
   0.231215E+01   0.808877E+00   0.105456E+00   0.893395E+00   0.893395E+00
   0.231689E+01   0.914778E+00   0.105363E+00   0.887637E+00   0.887637E+00
   0.232163E+01   0.856563E+00   0.105167E+00   0.881938E+00   0.881938E+00
   0.232638E+01   0.857365E+00   0.105076E+00   0.876294E+00   0.876294E+00
   0.233112E+01   0.855133E+00   0.105010E+00   0.870707E+00   0.870707E+00
   0.233586E+01   0.876622E+00   0.104811E+00   0.865177E+00   0.865177E+00
   0.234060E+01   0.784481E+00   0.104618E+00   0.859702E+00   0.859702E+00
   0.234535E+01   0.873112E+00   0.104418E+00   0.854283E+00   0.854283E+00
   0.235009E+01   0.700287E+00   0.104294E+00   0.848920E+00   0.848920E+00
   0.235483E+01   0.818207E+00   0.104240E+00   0.843612E+00   0.843612E+00
   0.235957E+01   0.755587E+00   0.104409E+00   0.838361E+00   0.838361E+00
   0.236432E+01   0.734129E+00   0.104101E+00   0.833164E+00   0.833164E+00
   0.236906E+01   0.727323E+00   0.104351E+00   0.828022E+00   0.828022E+00
   0.237380E+01   0.829841E+00   0.103917E+00   0.822935E+00   0.822935E+00
   0.237855E+01   0.836093E+00   0.104070E+00   0.817903E+00   0.817903E+00
   0.238329E+01   0.722489E+00   0.103523E+00   0.812929E+00   0.812929E+00
   0.238803E+01   0.702957E+00   0.103580E+00   0.808004E+00   0.808004E+00
   0.239277E+01   0.816295E+00   0.103461E+00   0.803137E+00   0.803137E+00
   0.239752E+01   0.693928E+00   0.103115E+00   0.798324E+00   0.798324E+00
   0.240226E+01   0.715390E+00   0.103405E+00   0.793566E+00   0.793566E+00
   0.240700E+01   0.866948E+00   0.102862E+00   0.788862E+00   0.788862E+00
   0.241175E+01   0.805374E+00   0.103321E+00   0.784213E+00   0.784213E+00
   0.241649E+01   0.834515E+00   0.102903E+00   0.779618E+00   0.779618E+00
   0.242123E+01   0.754740E+00   0.102626E+00   0.775079E+00   0.775079E+00
   0.242598E+01   0.832797E+00   0.102513E+00   0.770593E+00   0.770593E+00
   0.243072E+01   0.820241E+00   0.102472E+00   0.766164E+00   0.766164E+00
   0.243546E+01   0.764743E+00   0.102510E+00   0.761787E+00   0.761787E+00
   0.244020E+01   0.769143E+00   0.102273E+00   0.757466E+00   0.757466E+00
   0.244495E+01   0.772697E+00   0.102217E+00   0.753199E+00   0.753199E+00
   0.244969E+01   0.790546E+00   0.102019E+00   0.748987E+00   0.748987E+00
   0.245443E+01   0.758031E+00   0.101934E+00   0.744829E+00   0.744829E+00
   0.245918E+01   0.686003E+00   0.101842E+00   0.740726E+00   0.740726E+00
   0.246392E+01   0.767572E+00   0.101741E+00   0.736679E+00   0.736679E+00
   0.246866E+01   0.659693E+00   0.101821E+00   0.732685E+00   0.732685E+00
   0.247340E+01   0.639294E+00   0.101512E+00   0.728746E+00   0.728746E+00
   0.247815E+01   0.566443E+00   0.101400E+00   0.724861E+00   0.724861E+00
   0.248289E+01   0.671718E+00   0.101242E+00   0.721031E+00   0.721031E+00
   0.248763E+01   0.854635E+00   0.101212E+00   0.717255E+00   0.717255E+00
   0.249238E+01   0.737510E+00   0.101261E+00   0.713534E+00   0.713534E+00
   0.249712E+01   0.750958E+00   0.101081E+00   0.709868E+00   0.709868E+00
   0.250186E+01   0.585969E+00   0.101003E+00   0.706256E+00   0.706256E+00
   0.250660E+01   0.723854E+00   0.100951E+00   0.702698E+00   0.702698E+00
   0.251135E+01   0.754784E+00   0.100704E+00   0.699195E+00   0.699195E+00
   0.251609E+01   0.769606E+00   0.100567E+00   0.695746E+00   0.695746E+00
   0.252083E+01   0.735229E+00   0.100675E+00   0.692350E+00   0.692350E+00
   0.252558E+01   0.543195E+00   0.100100E+00   0.689009E+00   0.689009E+00
   0.253032E+01   0.579546E+00   0.997619E-01   0.685721E+00   0.685721E+00
   0.253506E+01   0.576921E+00   0.999873E-01   0.682488E+00   0.682488E+00
   0.253980E+01   0.544966E+00   0.996944E-01   0.679308E+00   0.679308E+00
   0.254455E+01   0.694864E+00   0.999005E-01   0.676181E+00   0.676181E+00
   0.254929E+01   0.664219E+00   0.995507E-01   0.673108E+00   0.673108E+00
   0.255403E+01   0.685075E+00   0.996870E-01   0.670087E+00   0.670087E+00
   0.255878E+01   0.676703E+00   0.996151E-01   0.667120E+00   0.667120E+00
   0.256352E+01   0.661111E+00   0.991712E-01   0.664205E+00   0.664205E+00
   0.256826E+01   0.618446E+00   0.993663E-01   0.661343E+00   0.661343E+00
   0.257300E+01   0.780242E+00   0.992167E-01   0.658532E+00   0.658532E+00
   0.257775E+01   0.710343E+00   0.993616E-01   0.655773E+00   0.655773E+00
   0.258249E+01   0.671946E+00   0.994363E-01   0.653066E+00   0.653066E+00
   0.258723E+01   0.621694E+00   0.993308E-01   0.650410E+00   0.650410E+00
   0.259198E+01   0.531095E+00   0.991096E-01   0.647805E+00   0.647805E+00
   0.259672E+01   0.565348E+00   0.991349E-01   0.645250E+00   0.645250E+00
   0.260146E+01   0.666602E+00   0.988960E-01   0.642746E+00   0.642746E+00
   0.260620E+01   0.764286E+00   0.988026E-01   0.640291E+00   0.640291E+00
   0.261095E+01   0.540238E+00   0.989838E-01   0.637885E+00   0.637885E+00
   0.261569E+01   0.601069E+00   0.985678E-01   0.635531E+00   0.635531E+00
   0.262043E+01   0.657859E+00   0.986171E-01   0.633223E+00   0.633223E+00
   0.262518E+01   0.678060E+00   0.985440E-01   0.630963E+00   0.630963E+00
   0.262992E+01   0.538533E+00   0.986183E-01   0.628752E+00   0.628752E+00
   0.263466E+01   0.659274E+00   0.983872E-01   0.626587E+00   0.626587E+00
   0.263940E+01   0.589261E+00   0.981940E-01   0.624469E+00   0.624469E+00
   0.264415E+01   0.480474E+00   0.980351E-01   0.622397E+00   0.622397E+00
   0.264889E+01   0.501950E+00   0.979099E-01   0.620370E+00   0.620370E+00
   0.265363E+01   0.526962E+00   0.981175E-01   0.618389E+00   0.618389E+00
   0.265838E+01   0.734035E+00   0.979518E-01   0.616452E+00   0.616452E+00
   0.266312E+01   0.642438E+00   0.980495E-01   0.614558E+00   0.614558E+00
   0.266786E+01   0.632426E+00   0.976004E-01   0.612708E+00   0.612708E+00
   0.267260E+01   0.607677E+00   0.974640E-01   0.610900E+00   0.610900E+00
   0.267735E+01   0.507536E+00   0.974187E-01   0.609135E+00   0.609135E+00
   0.268209E+01   0.548274E+00   0.974837E-01   0.607410E+00   0.607410E+00
   0.268683E+01   0.655506E+00   0.973192E-01   0.605726E+00   0.605726E+00
   0.269158E+01   0.585549E+00   0.973843E-01   0.604081E+00   0.604081E+00
   0.269632E+01   0.472593E+00   0.972906E-01   0.602476E+00   0.602476E+00
   0.270106E+01   0.594075E+00   0.969513E-01   0.600909E+00   0.600909E+00
   0.270580E+01   0.458247E+00   0.968066E-01   0.599380E+00   0.599380E+00
   0.271055E+01   0.661625E+00   0.968227E-01   0.597888E+00   0.597888E+00
   0.271529E+01   0.754868E+00   0.972926E-01   0.596431E+00   0.596431E+00
   0.272003E+01   0.592289E+00   0.968695E-01   0.595011E+00   0.595011E+00
   0.272478E+01   0.535710E+00   0.967202E-01   0.593623E+00   0.593623E+00
   0.272952E+01   0.580517E+00   0.967495E-01   0.592271E+00   0.592271E+00
   0.273426E+01   0.575800E+00   0.963708E-01   0.590951E+00   0.590951E+00
   0.273901E+01   0.671806E+00   0.963203E-01   0.589662E+00   0.589662E+00
   0.274375E+01   0.583615E+00   0.963068E-01   0.588406E+00   0.588406E+00
   0.274849E+01   0.525861E+00   0.960299E-01   0.587179E+00   0.587179E+00
   0.275323E+01   0.626095E+00   0.961000E-01   0.585982E+00   0.585982E+00
   0.275798E+01   0.600221E+00   0.959878E-01   0.584813E+00   0.584813E+00
   0.276272E+01   0.675461E+00   0.958810E-01   0.583672E+00   0.583672E+00
   0.276746E+01   0.543912E+00   0.957090E-01   0.582557E+00   0.582557E+00
   0.277221E+01   0.623011E+00   0.957644E-01   0.581468E+00   0.581468E+00
   0.277695E+01   0.553078E+00   0.957782E-01   0.580405E+00   0.580405E+00
   0.278169E+01   0.646362E+00   0.957981E-01   0.579365E+00   0.579365E+00
   0.278643E+01   0.581380E+00   0.956544E-01   0.578349E+00   0.578349E+00
   0.279118E+01   0.554242E+00   0.953384E-01   0.577354E+00   0.577354E+00
   0.279592E+01   0.605284E+00   0.952898E-01   0.576381E+00   0.576381E+00
   0.280066E+01   0.528605E+00   0.951790E-01   0.575428E+00   0.575428E+00
   0.280540E+01   0.568780E+00   0.951525E-01   0.574494E+00   0.574494E+00
   0.281015E+01   0.621859E+00   0.951227E-01   0.573579E+00   0.573579E+00
   0.281489E+01   0.737116E+00   0.953831E-01   0.572682E+00   0.572682E+00
   0.281963E+01   0.624057E+00   0.974413E-01   0.571800E+00   0.571800E+00
   0.282438E+01   0.599845E+00   0.990947E-01   0.570935E+00   0.570935E+00
   0.282912E+01   0.503368E+00   0.100306E+00   0.570084E+00   0.570084E+00
   0.283386E+01   0.694042E+00   0.101352E+00   0.569250E+00   0.569250E+00
   0.283860E+01   0.557475E+00   0.102115E+00   0.568422E+00   0.568422E+00
   0.284335E+01   0.608267E+00   0.102391E+00   0.567609E+00   0.567609E+00
   0.284809E+01   0.620803E+00   0.102926E+00   0.566808E+00   0.566808E+00
   0.285283E+01   0.463664E+00   0.103053E+00   0.566016E+00   0.566016E+00
   0.285758E+01   0.665509E+00   0.103200E+00   0.565233E+00   0.565233E+00
   0.286232E+01   0.583932E+00   0.103701E+00   0.564459E+00   0.564459E+00
   0.286706E+01   0.559077E+00   0.103969E+00   0.563692E+00   0.563692E+00
   0.287181E+01   0.531722E+00   0.104022E+00   0.562931E+00   0.562931E+00
   0.287655E+01   0.607536E+00   0.104262E+00   0.562175E+00   0.562175E+00
   0.288129E+01   0.521130E+00   0.104078E+00   0.561424E+00   0.561424E+00
   0.288603E+01   0.702938E+00   0.101268E+00   0.560677E+00   0.560677E+00
   0.289078E+01   0.607766E+00   0.996709E-01   0.559932E+00   0.559932E+00
   0.289552E+01   0.617613E+00   0.986490E-01   0.559190E+00   0.559190E+00
   0.290026E+01   0.589327E+00   0.978542E-01   0.558449E+00   0.558449E+00
   0.290501E+01   0.450581E+00   0.970781E-01   0.557708E+00   0.557708E+00
   0.290975E+01   0.542852E+00   0.968593E-01   0.556966E+00   0.556966E+00
   0.291449E+01   0.602558E+00   0.964785E-01   0.556223E+00   0.556223E+00
   0.291923E+01   0.679433E+00   0.962914E-01   0.555478E+00   0.555478E+00
   0.292398E+01   0.594068E+00   0.961320E-01   0.554730E+00   0.554730E+00
   0.292872E+01   0.581146E+00   0.959101E-01   0.553979E+00   0.553979E+00
   0.293346E+01   0.645006E+00   0.957870E-01   0.553222E+00   0.553222E+00
   0.293820E+01   0.602368E+00   0.956510E-01   0.552461E+00   0.552461E+00
   0.294295E+01   0.527227E+00   0.953606E-01   0.551694E+00   0.551694E+00
   0.294769E+01   0.459124E+00   0.954805E-01   0.550921E+00   0.550921E+00
   0.295243E+01   0.544939E+00   0.952378E-01   0.550139E+00   0.550139E+00
   0.295718E+01   0.518816E+00   0.952670E-01   0.549351E+00   0.549351E+00
   0.296192E+01   0.554790E+00   0.953131E-01   0.548553E+00   0.548553E+00
   0.296666E+01   0.544154E+00   0.946661E-01   0.547746E+00   0.547746E+00
   0.297140E+01   0.519744E+00   0.943809E-01   0.546930E+00   0.546930E+00
   0.297615E+01   0.501723E+00   0.945615E-01   0.546103E+00   0.546103E+00
   0.298089E+01   0.570018E+00   0.946326E-01   0.545265E+00   0.545265E+00
   0.298563E+01   0.527736E+00   0.946516E-01   0.544416E+00   0.544416E+00
   0.299038E+01   0.609327E+00   0.943635E-01   0.543555E+00   0.543555E+00
   0.299512E+01   0.516670E+00   0.942335E-01   0.542681E+00   0.542681E+00
   0.299986E+01   0.614050E+00   0.938988E-01   0.541794E+00   0.541794E+00

           ####      Real Space Data                               ####

           Distance distribution  function of particle  


      R          P(R)      ERROR

  0.0000E+00  0.0000E+00  0.0000E+00
  0.3841E-01  0.1520E-01  0.3552E-03
  0.7683E-01  0.3126E-01  0.6591E-03
  0.1152E+00  0.4818E-01  0.9123E-03
  0.1537E+00  0.6596E-01  0.1116E-02
  0.1921E+00  0.8457E-01  0.1272E-02
  0.2305E+00  0.1040E+00  0.1382E-02
  0.2689E+00  0.1242E+00  0.1448E-02
  0.3073E+00  0.1452E+00  0.1474E-02
  0.3457E+00  0.1670E+00  0.1463E-02
  0.3841E+00  0.1894E+00  0.1419E-02
  0.4225E+00  0.2125E+00  0.1346E-02
  0.4610E+00  0.2363E+00  0.1249E-02
  0.4994E+00  0.2607E+00  0.1136E-02
  0.5378E+00  0.2856E+00  0.1015E-02
  0.5762E+00  0.3110E+00  0.8990E-03
  0.6146E+00  0.3369E+00  0.8042E-03
  0.6530E+00  0.3632E+00  0.7518E-03
  0.6914E+00  0.3898E+00  0.7594E-03
  0.7298E+00  0.4167E+00  0.8295E-03
  0.7683E+00  0.4439E+00  0.9482E-03
  0.8067E+00  0.4712E+00  0.1097E-02
  0.8451E+00  0.4986E+00  0.1261E-02
  0.8835E+00  0.5260E+00  0.1428E-02
  0.9219E+00  0.5535E+00  0.1591E-02
  0.9603E+00  0.5808E+00  0.1745E-02
  0.9987E+00  0.6081E+00  0.1885E-02
  0.1037E+01  0.6350E+00  0.2009E-02
  0.1076E+01  0.6617E+00  0.2113E-02
  0.1114E+01  0.6881E+00  0.2197E-02
  0.1152E+01  0.7140E+00  0.2259E-02
  0.1191E+01  0.7395E+00  0.2299E-02
  0.1229E+01  0.7645E+00  0.2317E-02
  0.1268E+01  0.7888E+00  0.2313E-02
  0.1306E+01  0.8125E+00  0.2288E-02
  0.1344E+01  0.8354E+00  0.2245E-02
  0.1383E+01  0.8576E+00  0.2185E-02
  0.1421E+01  0.8790E+00  0.2111E-02
  0.1460E+01  0.8995E+00  0.2027E-02
  0.1498E+01  0.9190E+00  0.1938E-02
  0.1537E+01  0.9377E+00  0.1849E-02
  0.1575E+01  0.9553E+00  0.1767E-02
  0.1613E+01  0.9718E+00  0.1697E-02
  0.1652E+01  0.9873E+00  0.1646E-02
  0.1690E+01  0.1002E+01  0.1621E-02
  0.1729E+01  0.1015E+01  0.1625E-02
  0.1767E+01  0.1027E+01  0.1658E-02
  0.1805E+01  0.1038E+01  0.1718E-02
  0.1844E+01  0.1048E+01  0.1801E-02
  0.1882E+01  0.1056E+01  0.1901E-02
  0.1921E+01  0.1064E+01  0.2012E-02
  0.1959E+01  0.1070E+01  0.2127E-02
  0.1997E+01  0.1075E+01  0.2241E-02
  0.2036E+01  0.1078E+01  0.2351E-02
  0.2074E+01  0.1081E+01  0.2452E-02
  0.2113E+01  0.1082E+01  0.2541E-02
  0.2151E+01  0.1083E+01  0.2617E-02
  0.2190E+01  0.1082E+01  0.2677E-02
  0.2228E+01  0.1080E+01  0.2720E-02
  0.2266E+01  0.1077E+01  0.2747E-02
  0.2305E+01  0.1073E+01  0.2757E-02
  0.2343E+01  0.1068E+01  0.2750E-02
  0.2382E+01  0.1062E+01  0.2728E-02
  0.2420E+01  0.1055E+01  0.2693E-02
  0.2458E+01  0.1048E+01  0.2646E-02
  0.2497E+01  0.1039E+01  0.2591E-02
  0.2535E+01  0.1030E+01  0.2530E-02
  0.2574E+01  0.1020E+01  0.2468E-02
  0.2612E+01  0.1010E+01  0.2408E-02
  0.2650E+01  0.9984E+00  0.2355E-02
  0.2689E+01  0.9867E+00  0.2313E-02
  0.2727E+01  0.9745E+00  0.2285E-02
  0.2766E+01  0.9619E+00  0.2275E-02
  0.2804E+01  0.9489E+00  0.2284E-02
  0.2843E+01  0.9355E+00  0.2313E-02
  0.2881E+01  0.9219E+00  0.2361E-02
  0.2919E+01  0.9081E+00  0.2424E-02
  0.2958E+01  0.8941E+00  0.2501E-02
  0.2996E+01  0.8800E+00  0.2588E-02
  0.3035E+01  0.8658E+00  0.2680E-02
  0.3073E+01  0.8516E+00  0.2774E-02
  0.3111E+01  0.8374E+00  0.2867E-02
  0.3150E+01  0.8233E+00  0.2955E-02
  0.3188E+01  0.8092E+00  0.3036E-02
  0.3227E+01  0.7953E+00  0.3109E-02
  0.3265E+01  0.7815E+00  0.3171E-02
  0.3303E+01  0.7679E+00  0.3221E-02
  0.3342E+01  0.7545E+00  0.3260E-02
  0.3380E+01  0.7413E+00  0.3286E-02
  0.3419E+01  0.7284E+00  0.3301E-02
  0.3457E+01  0.7157E+00  0.3305E-02
  0.3496E+01  0.7033E+00  0.3300E-02
  0.3534E+01  0.6912E+00  0.3286E-02
  0.3572E+01  0.6794E+00  0.3267E-02
  0.3611E+01  0.6679E+00  0.3243E-02
  0.3649E+01  0.6566E+00  0.3218E-02
  0.3688E+01  0.6457E+00  0.3194E-02
  0.3726E+01  0.6350E+00  0.3172E-02
  0.3764E+01  0.6246E+00  0.3156E-02
  0.3803E+01  0.6145E+00  0.3146E-02
  0.3841E+01  0.6047E+00  0.3145E-02
  0.3880E+01  0.5951E+00  0.3152E-02
  0.3918E+01  0.5857E+00  0.3169E-02
  0.3957E+01  0.5765E+00  0.3194E-02
  0.3995E+01  0.5675E+00  0.3226E-02
  0.4033E+01  0.5587E+00  0.3265E-02
  0.4072E+01  0.5501E+00  0.3308E-02
  0.4110E+01  0.5416E+00  0.3354E-02
  0.4149E+01  0.5332E+00  0.3400E-02
  0.4187E+01  0.5249E+00  0.3445E-02
  0.4225E+01  0.5167E+00  0.3487E-02
  0.4264E+01  0.5086E+00  0.3524E-02
  0.4302E+01  0.5005E+00  0.3556E-02
  0.4341E+01  0.4924E+00  0.3582E-02
  0.4379E+01  0.4843E+00  0.3601E-02
  0.4417E+01  0.4762E+00  0.3613E-02
  0.4456E+01  0.4682E+00  0.3620E-02
  0.4494E+01  0.4601E+00  0.3622E-02
  0.4533E+01  0.4519E+00  0.3621E-02
  0.4571E+01  0.4437E+00  0.3617E-02
  0.4610E+01  0.4355E+00  0.3614E-02
  0.4648E+01  0.4272E+00  0.3613E-02
  0.4686E+01  0.4188E+00  0.3616E-02
  0.4725E+01  0.4104E+00  0.3626E-02
  0.4763E+01  0.4019E+00  0.3645E-02
  0.4802E+01  0.3934E+00  0.3674E-02
  0.4840E+01  0.3848E+00  0.3714E-02
  0.4878E+01  0.3762E+00  0.3765E-02
  0.4917E+01  0.3675E+00  0.3828E-02
  0.4955E+01  0.3588E+00  0.3901E-02
  0.4994E+01  0.3501E+00  0.3984E-02
  0.5032E+01  0.3415E+00  0.4074E-02
  0.5070E+01  0.3328E+00  0.4169E-02
  0.5109E+01  0.3242E+00  0.4267E-02
  0.5147E+01  0.3156E+00  0.4366E-02
  0.5186E+01  0.3070E+00  0.4462E-02
  0.5224E+01  0.2986E+00  0.4554E-02
  0.5263E+01  0.2902E+00  0.4640E-02
  0.5301E+01  0.2820E+00  0.4717E-02
  0.5339E+01  0.2739E+00  0.4783E-02
  0.5378E+01  0.2659E+00  0.4837E-02
  0.5416E+01  0.2581E+00  0.4879E-02
  0.5455E+01  0.2505E+00  0.4906E-02
  0.5493E+01  0.2431E+00  0.4920E-02
  0.5531E+01  0.2359E+00  0.4919E-02
  0.5570E+01  0.2289E+00  0.4905E-02
  0.5608E+01  0.2222E+00  0.4877E-02
  0.5647E+01  0.2156E+00  0.4837E-02
  0.5685E+01  0.2094E+00  0.4787E-02
  0.5723E+01  0.2034E+00  0.4728E-02
  0.5762E+01  0.1976E+00  0.4662E-02
  0.5800E+01  0.1921E+00  0.4593E-02
  0.5839E+01  0.1869E+00  0.4521E-02
  0.5877E+01  0.1819E+00  0.4452E-02
  0.5916E+01  0.1771E+00  0.4386E-02
  0.5954E+01  0.1726E+00  0.4329E-02
  0.5992E+01  0.1684E+00  0.4281E-02
  0.6031E+01  0.1643E+00  0.4247E-02
  0.6069E+01  0.1605E+00  0.4228E-02
  0.6108E+01  0.1569E+00  0.4226E-02
  0.6146E+01  0.1534E+00  0.4242E-02
  0.6184E+01  0.1501E+00  0.4275E-02
  0.6223E+01  0.1469E+00  0.4326E-02
  0.6261E+01  0.1438E+00  0.4392E-02
  0.6300E+01  0.1408E+00  0.4471E-02
  0.6338E+01  0.1379E+00  0.4562E-02
  0.6377E+01  0.1350E+00  0.4661E-02
  0.6415E+01  0.1321E+00  0.4764E-02
  0.6453E+01  0.1291E+00  0.4868E-02
  0.6492E+01  0.1261E+00  0.4969E-02
  0.6530E+01  0.1230E+00  0.5063E-02
  0.6569E+01  0.1197E+00  0.5147E-02
  0.6607E+01  0.1163E+00  0.5216E-02
  0.6645E+01  0.1127E+00  0.5268E-02
  0.6684E+01  0.1088E+00  0.5296E-02
  0.6722E+01  0.1047E+00  0.5298E-02
  0.6761E+01  0.1002E+00  0.5270E-02
  0.6799E+01  0.9545E-01  0.5206E-02
  0.6837E+01  0.9029E-01  0.5103E-02
  0.6876E+01  0.8472E-01  0.4955E-02
  0.6914E+01  0.7872E-01  0.4759E-02
  0.6953E+01  0.7224E-01  0.4510E-02
  0.6991E+01  0.6526E-01  0.4202E-02
  0.7030E+01  0.5774E-01  0.3831E-02
  0.7068E+01  0.4967E-01  0.3392E-02
  0.7106E+01  0.4101E-01  0.2880E-02
  0.7145E+01  0.3173E-01  0.2289E-02
  0.7183E+01  0.2182E-01  0.1616E-02
  0.7222E+01  0.1125E-01  0.8541E-03
  0.7260E+01  0.0000E+00  0.0000E+00
