
           ####      G N O M             Version 5.0 (r13469)      ####
                                               Wed Dec 15 15:09:48 2021

           ####      Configuration                                 ####

    System Type:                   arbitrary monodisperse (job = 0)
    Minimum characteristic size:         0.0000
    Maximum characteristic size:         7.3500
    rad56:                               0.0000
    Force 0.0 at r = rmin:                  yes
    Force 0.0 at r = rmax:                  yes
    Initial alpha:                       0.0000
    Initial random seed:    1432859128941784199
    Points in real space:                   190

    Input  1:                      temp-inp.dat
    First data point used:                    1
    Last data point used:                   570
    Scaling coefficient:             0.1000E+01
    Experimental setup:            point collimation



           ####      Results                                       ####

    Parameter    DISCRP  OSCILL  STABIL  SYSDEV  POSITV  VALCEN  SMOOTH
    Weight        1.000   3.000   3.000   3.000   1.000   1.000   1.000
    Sigma         0.300   0.600   0.120   0.120   0.120   0.120   0.600
    Ideal         0.700   1.100   0.000   1.000   1.000   0.950   0.000
    Current       0.442   1.338   0.008   0.896   1.000   0.868   3.422
               --------------------------------------------------------
    Estimate      0.478   0.854   0.996   0.474   1.000   0.630   0.000

    Angular range:                       0.3012 to       2.9999
    Reciprocal space Rg:             0.2290E+01
    Reciprocal space I(0):           0.3805E+02

    Real space range:                    0.0000 to       7.3500
    Real space Rg:                   0.2301E+01 +-   0.8482E-02
    Real space I(0):                 0.3805E+02 +-   0.8713E-01

    Highest ALPHA (theor):           0.3338E+02
    Current ALPHA:                   0.3259E+00

    Total Estimate:                      0.6983 (a REASONABLE solution)



           ####      Experimental Data and Fit                     ####

      S          J EXP       ERROR       J REG       I REG

   0.000000E+00                                                0.380505E+02
   0.107561E-01                                                0.380427E+02
   0.215123E-01                                                0.380194E+02
   0.322684E-01                                                0.379806E+02
   0.430246E-01                                                0.379264E+02
   0.537807E-01                                                0.378568E+02
   0.645368E-01                                                0.377719E+02
   0.752930E-01                                                0.376720E+02
   0.860491E-01                                                0.375570E+02
   0.968053E-01                                                0.374271E+02
   0.107561E+00                                                0.372827E+02
   0.118318E+00                                                0.371237E+02
   0.129074E+00                                                0.369506E+02
   0.139830E+00                                                0.367634E+02
   0.150586E+00                                                0.365625E+02
   0.161342E+00                                                0.363482E+02
   0.172098E+00                                                0.361207E+02
   0.182854E+00                                                0.358803E+02
   0.193611E+00                                                0.356275E+02
   0.204367E+00                                                0.353624E+02
   0.215123E+00                                                0.350856E+02
   0.225879E+00                                                0.347972E+02
   0.236635E+00                                                0.344979E+02
   0.247391E+00                                                0.341878E+02
   0.258147E+00                                                0.338674E+02
   0.268903E+00                                                0.335372E+02
   0.279660E+00                                                0.331976E+02
   0.290416E+00                                                0.328490E+02
   0.301172E+00   0.322492E+02   0.200744E+00   0.324918E+02   0.324918E+02
   0.305915E+00   0.321930E+02   0.199002E+00   0.323316E+02   0.323316E+02
   0.310658E+00   0.323241E+02   0.197352E+00   0.321700E+02   0.321700E+02
   0.315400E+00   0.320580E+02   0.195218E+00   0.320068E+02   0.320068E+02
   0.320143E+00   0.317008E+02   0.193105E+00   0.318422E+02   0.318422E+02
   0.324886E+00   0.314768E+02   0.191579E+00   0.316762E+02   0.316762E+02
   0.329629E+00   0.315586E+02   0.189847E+00   0.315088E+02   0.315088E+02
   0.334372E+00   0.316919E+02   0.188491E+00   0.313400E+02   0.313400E+02
   0.339115E+00   0.312116E+02   0.188878E+00   0.311699E+02   0.311699E+02
   0.343858E+00   0.312082E+02   0.191537E+00   0.309986E+02   0.309986E+02
   0.348601E+00   0.311722E+02   0.195944E+00   0.308260E+02   0.308260E+02
   0.353343E+00   0.306030E+02   0.198877E+00   0.306523E+02   0.306523E+02
   0.358086E+00   0.303008E+02   0.200746E+00   0.304774E+02   0.304774E+02
   0.362829E+00   0.304340E+02   0.202825E+00   0.303013E+02   0.303013E+02
   0.367572E+00   0.300936E+02   0.204042E+00   0.301243E+02   0.301243E+02
   0.372315E+00   0.300173E+02   0.205002E+00   0.299462E+02   0.299462E+02
   0.377058E+00   0.299122E+02   0.206395E+00   0.297671E+02   0.297671E+02
   0.381801E+00   0.293166E+02   0.206678E+00   0.295870E+02   0.295870E+02
   0.386543E+00   0.292102E+02   0.207610E+00   0.294061E+02   0.294061E+02
   0.391286E+00   0.294475E+02   0.208378E+00   0.292243E+02   0.292243E+02
   0.396029E+00   0.290959E+02   0.208615E+00   0.290416E+02   0.290416E+02
   0.400772E+00   0.288058E+02   0.209762E+00   0.288582E+02   0.288582E+02
   0.405515E+00   0.285993E+02   0.216621E+00   0.286740E+02   0.286740E+02
   0.410258E+00   0.287227E+02   0.222134E+00   0.284891E+02   0.284891E+02
   0.415001E+00   0.285962E+02   0.227118E+00   0.283035E+02   0.283035E+02
   0.419744E+00   0.279440E+02   0.229744E+00   0.281173E+02   0.281173E+02
   0.424486E+00   0.278368E+02   0.232896E+00   0.279304E+02   0.279304E+02
   0.429229E+00   0.276546E+02   0.236081E+00   0.277431E+02   0.277431E+02
   0.433972E+00   0.280009E+02   0.240005E+00   0.275552E+02   0.275552E+02
   0.438715E+00   0.271949E+02   0.242791E+00   0.273668E+02   0.273668E+02
   0.443458E+00   0.271814E+02   0.245805E+00   0.271780E+02   0.271780E+02
   0.448201E+00   0.270731E+02   0.249445E+00   0.269888E+02   0.269888E+02
   0.452944E+00   0.264801E+02   0.253243E+00   0.267992E+02   0.267992E+02
   0.457686E+00   0.267379E+02   0.256134E+00   0.266092E+02   0.266092E+02
   0.462429E+00   0.261609E+02   0.257190E+00   0.264190E+02   0.264190E+02
   0.467172E+00   0.259387E+02   0.256109E+00   0.262285E+02   0.262285E+02
   0.471915E+00   0.261276E+02   0.246395E+00   0.260378E+02   0.260378E+02
   0.476658E+00   0.258772E+02   0.241307E+00   0.258470E+02   0.258470E+02
   0.481401E+00   0.260984E+02   0.238066E+00   0.256559E+02   0.256559E+02
   0.486144E+00   0.255075E+02   0.234376E+00   0.254648E+02   0.254648E+02
   0.490887E+00   0.253824E+02   0.232372E+00   0.252736E+02   0.252736E+02
   0.495629E+00   0.252384E+02   0.230337E+00   0.250823E+02   0.250823E+02
   0.500372E+00   0.248140E+02   0.228679E+00   0.248910E+02   0.248910E+02
   0.505115E+00   0.247662E+02   0.226990E+00   0.246997E+02   0.246997E+02
   0.509858E+00   0.244319E+02   0.225337E+00   0.245085E+02   0.245085E+02
   0.514601E+00   0.242838E+02   0.224335E+00   0.243174E+02   0.243174E+02
   0.519344E+00   0.239609E+02   0.222567E+00   0.241264E+02   0.241264E+02
   0.524087E+00   0.241056E+02   0.221347E+00   0.239356E+02   0.239356E+02
   0.528829E+00   0.238177E+02   0.220293E+00   0.237449E+02   0.237449E+02
   0.533572E+00   0.237337E+02   0.218556E+00   0.235545E+02   0.235545E+02
   0.538315E+00   0.233080E+02   0.216708E+00   0.233643E+02   0.233643E+02
   0.543058E+00   0.231689E+02   0.214929E+00   0.231744E+02   0.231744E+02
   0.547801E+00   0.231468E+02   0.213239E+00   0.229848E+02   0.229848E+02
   0.552544E+00   0.224889E+02   0.211006E+00   0.227956E+02   0.227956E+02
   0.557287E+00   0.225897E+02   0.209400E+00   0.226067E+02   0.226067E+02
   0.562029E+00   0.225461E+02   0.207942E+00   0.224182E+02   0.224182E+02
   0.566772E+00   0.220573E+02   0.205998E+00   0.222301E+02   0.222301E+02
   0.571515E+00   0.219500E+02   0.204835E+00   0.220425E+02   0.220425E+02
   0.576258E+00   0.217916E+02   0.203487E+00   0.218554E+02   0.218554E+02
   0.581001E+00   0.217144E+02   0.202093E+00   0.216688E+02   0.216688E+02
   0.585744E+00   0.214891E+02   0.201061E+00   0.214827E+02   0.214827E+02
   0.590487E+00   0.212500E+02   0.200788E+00   0.212972E+02   0.212972E+02
   0.595230E+00   0.210831E+02   0.200003E+00   0.211122E+02   0.211122E+02
   0.599972E+00   0.207170E+02   0.199100E+00   0.209279E+02   0.209279E+02
   0.604715E+00   0.206206E+02   0.198238E+00   0.207442E+02   0.207442E+02
   0.609458E+00   0.203037E+02   0.197381E+00   0.205612E+02   0.205612E+02
   0.614201E+00   0.202889E+02   0.196656E+00   0.203789E+02   0.203789E+02
   0.618944E+00   0.198492E+02   0.195756E+00   0.201972E+02   0.201972E+02
   0.623687E+00   0.201223E+02   0.195521E+00   0.200163E+02   0.200163E+02
   0.628430E+00   0.195574E+02   0.194723E+00   0.198362E+02   0.198362E+02
   0.633173E+00   0.194430E+02   0.193708E+00   0.196568E+02   0.196568E+02
   0.637915E+00   0.193115E+02   0.192778E+00   0.194782E+02   0.194782E+02
   0.642658E+00   0.192590E+02   0.192616E+00   0.193004E+02   0.193004E+02
   0.647401E+00   0.189738E+02   0.191637E+00   0.191234E+02   0.191234E+02
   0.652144E+00   0.188752E+02   0.190964E+00   0.189473E+02   0.189473E+02
   0.656887E+00   0.186895E+02   0.190573E+00   0.187721E+02   0.187721E+02
   0.661630E+00   0.187372E+02   0.190088E+00   0.185978E+02   0.185978E+02
   0.666373E+00   0.183255E+02   0.189194E+00   0.184243E+02   0.184243E+02
   0.671115E+00   0.183891E+02   0.188721E+00   0.182518E+02   0.182518E+02
   0.675858E+00   0.179839E+02   0.187648E+00   0.180802E+02   0.180802E+02
   0.680601E+00   0.176277E+02   0.186915E+00   0.179096E+02   0.179096E+02
   0.685344E+00   0.178307E+02   0.186654E+00   0.177400E+02   0.177400E+02
   0.690087E+00   0.175042E+02   0.185594E+00   0.175713E+02   0.175713E+02
   0.694830E+00   0.173831E+02   0.185391E+00   0.174036E+02   0.174036E+02
   0.699573E+00   0.173049E+02   0.185076E+00   0.172369E+02   0.172369E+02
   0.704315E+00   0.173024E+02   0.184536E+00   0.170713E+02   0.170713E+02
   0.709058E+00   0.167466E+02   0.183347E+00   0.169067E+02   0.169067E+02
   0.713801E+00   0.165120E+02   0.182718E+00   0.167432E+02   0.167432E+02
   0.718544E+00   0.165103E+02   0.182483E+00   0.165807E+02   0.165807E+02
   0.723287E+00   0.163286E+02   0.181512E+00   0.164193E+02   0.164193E+02
   0.728030E+00   0.164821E+02   0.181098E+00   0.162590E+02   0.162590E+02
   0.732773E+00   0.161337E+02   0.180445E+00   0.160997E+02   0.160997E+02
   0.737515E+00   0.159365E+02   0.179799E+00   0.159416E+02   0.159416E+02
   0.742258E+00   0.157156E+02   0.179093E+00   0.157846E+02   0.157846E+02
   0.747001E+00   0.152381E+02   0.178480E+00   0.156287E+02   0.156287E+02
   0.751744E+00   0.155392E+02   0.177976E+00   0.154739E+02   0.154739E+02
   0.756487E+00   0.155084E+02   0.177448E+00   0.153203E+02   0.153203E+02
   0.761230E+00   0.152111E+02   0.177301E+00   0.151678E+02   0.151678E+02
   0.765973E+00   0.148926E+02   0.176512E+00   0.150165E+02   0.150165E+02
   0.770716E+00   0.147051E+02   0.175923E+00   0.148663E+02   0.148663E+02
   0.775459E+00   0.146341E+02   0.175356E+00   0.147173E+02   0.147173E+02
   0.780201E+00   0.145253E+02   0.174990E+00   0.145695E+02   0.145695E+02
   0.784944E+00   0.144718E+02   0.174232E+00   0.144228E+02   0.144228E+02
   0.789687E+00   0.142859E+02   0.173867E+00   0.142773E+02   0.142773E+02
   0.794430E+00   0.141812E+02   0.173262E+00   0.141330E+02   0.141330E+02
   0.799173E+00   0.139539E+02   0.172640E+00   0.139899E+02   0.139899E+02
   0.803916E+00   0.137454E+02   0.171885E+00   0.138480E+02   0.138480E+02
   0.808658E+00   0.137984E+02   0.171666E+00   0.137072E+02   0.137072E+02
   0.813401E+00   0.135768E+02   0.170995E+00   0.135677E+02   0.135677E+02
   0.818144E+00   0.135446E+02   0.170921E+00   0.134293E+02   0.134293E+02
   0.822887E+00   0.134376E+02   0.170095E+00   0.132922E+02   0.132922E+02
   0.827630E+00   0.134137E+02   0.169598E+00   0.131562E+02   0.131562E+02
   0.832373E+00   0.131467E+02   0.168916E+00   0.130214E+02   0.130214E+02
   0.837116E+00   0.128024E+02   0.168372E+00   0.128879E+02   0.128879E+02
   0.841859E+00   0.127048E+02   0.168113E+00   0.127555E+02   0.127555E+02
   0.846601E+00   0.126913E+02   0.167351E+00   0.126243E+02   0.126243E+02
   0.851344E+00   0.124817E+02   0.167024E+00   0.124944E+02   0.124944E+02
   0.856087E+00   0.125990E+02   0.166563E+00   0.123656E+02   0.123656E+02
   0.860830E+00   0.125508E+02   0.166363E+00   0.122380E+02   0.122380E+02
   0.865573E+00   0.121799E+02   0.165750E+00   0.121116E+02   0.121116E+02
   0.870316E+00   0.119131E+02   0.164869E+00   0.119864E+02   0.119864E+02
   0.875059E+00   0.118691E+02   0.164765E+00   0.118624E+02   0.118624E+02
   0.879802E+00   0.118316E+02   0.164275E+00   0.117396E+02   0.117396E+02
   0.884544E+00   0.118280E+02   0.163807E+00   0.116179E+02   0.116179E+02
   0.889287E+00   0.115959E+02   0.163014E+00   0.114974E+02   0.114974E+02
   0.894030E+00   0.115655E+02   0.162570E+00   0.113781E+02   0.113781E+02
   0.898773E+00   0.114036E+02   0.162114E+00   0.112600E+02   0.112600E+02
   0.903516E+00   0.111826E+02   0.161652E+00   0.111430E+02   0.111430E+02
   0.908259E+00   0.111579E+02   0.161249E+00   0.110272E+02   0.110272E+02
   0.913002E+00   0.108557E+02   0.160635E+00   0.109126E+02   0.109126E+02
   0.917744E+00   0.107948E+02   0.160251E+00   0.107991E+02   0.107991E+02
   0.922487E+00   0.108556E+02   0.159844E+00   0.106867E+02   0.106867E+02
   0.927230E+00   0.107254E+02   0.159539E+00   0.105755E+02   0.105755E+02
   0.931973E+00   0.104729E+02   0.158899E+00   0.104654E+02   0.104654E+02
   0.936716E+00   0.101637E+02   0.158511E+00   0.103565E+02   0.103565E+02
   0.941459E+00   0.103648E+02   0.158569E+00   0.102486E+02   0.102486E+02
   0.946202E+00   0.101764E+02   0.157894E+00   0.101419E+02   0.101419E+02
   0.950944E+00   0.100302E+02   0.157294E+00   0.100363E+02   0.100363E+02
   0.955687E+00   0.100975E+02   0.156829E+00   0.993178E+01   0.993178E+01
   0.960430E+00   0.985414E+01   0.156346E+00   0.982835E+01   0.982835E+01
   0.965173E+00   0.968667E+01   0.156067E+00   0.972602E+01   0.972602E+01
   0.969916E+00   0.960866E+01   0.155678E+00   0.962476E+01   0.962476E+01
   0.974659E+00   0.960827E+01   0.155254E+00   0.952457E+01   0.952457E+01
   0.979402E+00   0.947175E+01   0.154869E+00   0.942545E+01   0.942545E+01
   0.984144E+00   0.934345E+01   0.154360E+00   0.932738E+01   0.932738E+01
   0.988887E+00   0.922973E+01   0.153806E+00   0.923036E+01   0.923036E+01
   0.993630E+00   0.887998E+01   0.153421E+00   0.913438E+01   0.913438E+01
   0.998373E+00   0.896353E+01   0.153302E+00   0.903943E+01   0.903943E+01
   0.100312E+01   0.899320E+01   0.152931E+00   0.894550E+01   0.894550E+01
   0.100786E+01   0.910543E+01   0.152576E+00   0.885258E+01   0.885258E+01
   0.101260E+01   0.874844E+01   0.152072E+00   0.876067E+01   0.876067E+01
   0.101734E+01   0.874707E+01   0.151610E+00   0.866975E+01   0.866975E+01
   0.102209E+01   0.861797E+01   0.151268E+00   0.857985E+01   0.857985E+01
   0.102683E+01   0.851885E+01   0.150956E+00   0.849090E+01   0.849090E+01
   0.103157E+01   0.844926E+01   0.150590E+00   0.840292E+01   0.840292E+01
   0.103632E+01   0.842477E+01   0.150032E+00   0.831591E+01   0.831591E+01
   0.104106E+01   0.829860E+01   0.149881E+00   0.822984E+01   0.822984E+01
   0.104580E+01   0.845140E+01   0.149662E+00   0.814472E+01   0.814472E+01
   0.105055E+01   0.805293E+01   0.148936E+00   0.806053E+01   0.806053E+01
   0.105529E+01   0.810828E+01   0.148687E+00   0.797729E+01   0.797729E+01
   0.106003E+01   0.791386E+01   0.148473E+00   0.789494E+01   0.789494E+01
   0.106477E+01   0.780041E+01   0.148006E+00   0.781350E+01   0.781350E+01
   0.106952E+01   0.761312E+01   0.147591E+00   0.773296E+01   0.773296E+01
   0.107426E+01   0.756212E+01   0.147393E+00   0.765330E+01   0.765330E+01
   0.107900E+01   0.746701E+01   0.147021E+00   0.757452E+01   0.757452E+01
   0.108374E+01   0.735693E+01   0.146823E+00   0.749662E+01   0.749662E+01
   0.108849E+01   0.738230E+01   0.146360E+00   0.741957E+01   0.741957E+01
   0.109323E+01   0.732272E+01   0.146037E+00   0.734339E+01   0.734339E+01
   0.109797E+01   0.717081E+01   0.145607E+00   0.726803E+01   0.726803E+01
   0.110272E+01   0.713902E+01   0.145323E+00   0.719351E+01   0.719351E+01
   0.110746E+01   0.710222E+01   0.144898E+00   0.711980E+01   0.711980E+01
   0.111220E+01   0.698153E+01   0.144710E+00   0.704692E+01   0.704692E+01
   0.111695E+01   0.674465E+01   0.144240E+00   0.697483E+01   0.697483E+01
   0.112169E+01   0.678847E+01   0.143739E+00   0.690354E+01   0.690354E+01
   0.112643E+01   0.690126E+01   0.143597E+00   0.683306E+01   0.683306E+01
   0.113117E+01   0.670345E+01   0.143168E+00   0.676333E+01   0.676333E+01
   0.113592E+01   0.674879E+01   0.143011E+00   0.669437E+01   0.669437E+01
   0.114066E+01   0.662564E+01   0.142688E+00   0.662618E+01   0.662618E+01
   0.114540E+01   0.651411E+01   0.142458E+00   0.655873E+01   0.655873E+01
   0.115014E+01   0.646012E+01   0.142007E+00   0.649202E+01   0.649202E+01
   0.115489E+01   0.650538E+01   0.141682E+00   0.642605E+01   0.642605E+01
   0.115963E+01   0.641566E+01   0.141272E+00   0.636080E+01   0.636080E+01
   0.116437E+01   0.615948E+01   0.141055E+00   0.629628E+01   0.629628E+01
   0.116912E+01   0.604021E+01   0.140969E+00   0.623245E+01   0.623245E+01
   0.117386E+01   0.619941E+01   0.140957E+00   0.616932E+01   0.616932E+01
   0.117860E+01   0.610596E+01   0.140309E+00   0.610687E+01   0.610687E+01
   0.118335E+01   0.608352E+01   0.139976E+00   0.604511E+01   0.604511E+01
   0.118809E+01   0.599317E+01   0.139741E+00   0.598403E+01   0.598403E+01
   0.119283E+01   0.592282E+01   0.139275E+00   0.592360E+01   0.592360E+01
   0.119757E+01   0.595926E+01   0.139184E+00   0.586385E+01   0.586385E+01
   0.120232E+01   0.582325E+01   0.138949E+00   0.580473E+01   0.580473E+01
   0.120706E+01   0.587848E+01   0.139534E+00   0.574625E+01   0.574625E+01
   0.121180E+01   0.576946E+01   0.143952E+00   0.568840E+01   0.568840E+01
   0.121654E+01   0.550820E+01   0.146526E+00   0.563118E+01   0.563118E+01
   0.122129E+01   0.549727E+01   0.148685E+00   0.557458E+01   0.557458E+01
   0.122603E+01   0.548187E+01   0.150176E+00   0.551858E+01   0.551858E+01
   0.123077E+01   0.551390E+01   0.151932E+00   0.546319E+01   0.546319E+01
   0.123552E+01   0.526884E+01   0.153170E+00   0.540840E+01   0.540840E+01
   0.124026E+01   0.540530E+01   0.154729E+00   0.535419E+01   0.535419E+01
   0.124500E+01   0.527869E+01   0.156035E+00   0.530056E+01   0.530056E+01
   0.124975E+01   0.515262E+01   0.156636E+00   0.524750E+01   0.524750E+01
   0.125449E+01   0.521911E+01   0.158371E+00   0.519501E+01   0.519501E+01
   0.125923E+01   0.534542E+01   0.159144E+00   0.514307E+01   0.514307E+01
   0.126397E+01   0.498256E+01   0.159169E+00   0.509169E+01   0.509169E+01
   0.126872E+01   0.518453E+01   0.159179E+00   0.504087E+01   0.504087E+01
   0.127346E+01   0.482736E+01   0.157075E+00   0.499057E+01   0.499057E+01
   0.127820E+01   0.473201E+01   0.151354E+00   0.494080E+01   0.494080E+01
   0.128295E+01   0.470971E+01   0.148223E+00   0.489157E+01   0.489157E+01
   0.128769E+01   0.481261E+01   0.146372E+00   0.484285E+01   0.484285E+01
   0.129243E+01   0.477898E+01   0.144448E+00   0.479464E+01   0.479464E+01
   0.129717E+01   0.480413E+01   0.143046E+00   0.474694E+01   0.474694E+01
   0.130192E+01   0.472559E+01   0.141462E+00   0.469975E+01   0.469975E+01
   0.130666E+01   0.465328E+01   0.140325E+00   0.465305E+01   0.465305E+01
   0.131140E+01   0.454414E+01   0.139132E+00   0.460684E+01   0.460684E+01
   0.131614E+01   0.449178E+01   0.138340E+00   0.456111E+01   0.456111E+01
   0.132089E+01   0.452804E+01   0.137729E+00   0.451586E+01   0.451586E+01
   0.132563E+01   0.431008E+01   0.137036E+00   0.447108E+01   0.447108E+01
   0.133037E+01   0.437908E+01   0.136886E+00   0.442677E+01   0.442677E+01
   0.133512E+01   0.431972E+01   0.136299E+00   0.438292E+01   0.438292E+01
   0.133986E+01   0.447660E+01   0.135900E+00   0.433954E+01   0.433954E+01
   0.134460E+01   0.428606E+01   0.135536E+00   0.429660E+01   0.429660E+01
   0.134935E+01   0.424311E+01   0.135206E+00   0.425410E+01   0.425410E+01
   0.135409E+01   0.434629E+01   0.135116E+00   0.421205E+01   0.421205E+01
   0.135883E+01   0.428519E+01   0.134746E+00   0.417043E+01   0.417043E+01
   0.136357E+01   0.422956E+01   0.134346E+00   0.412925E+01   0.412925E+01
   0.136832E+01   0.392938E+01   0.133907E+00   0.408850E+01   0.408850E+01
   0.137306E+01   0.395684E+01   0.133620E+00   0.404817E+01   0.404817E+01
   0.137780E+01   0.399221E+01   0.133460E+00   0.400825E+01   0.400825E+01
   0.138254E+01   0.395394E+01   0.132824E+00   0.396875E+01   0.396875E+01
   0.138729E+01   0.371717E+01   0.132590E+00   0.392966E+01   0.392966E+01
   0.139203E+01   0.377400E+01   0.132195E+00   0.389097E+01   0.389097E+01
   0.139677E+01   0.376293E+01   0.132101E+00   0.385269E+01   0.385269E+01
   0.140152E+01   0.367372E+01   0.131830E+00   0.381480E+01   0.381480E+01
   0.140626E+01   0.385951E+01   0.131914E+00   0.377730E+01   0.377730E+01
   0.141100E+01   0.371214E+01   0.131259E+00   0.374020E+01   0.374020E+01
   0.141575E+01   0.370347E+01   0.131000E+00   0.370347E+01   0.370347E+01
   0.142049E+01   0.361544E+01   0.130635E+00   0.366713E+01   0.366713E+01
   0.142523E+01   0.342701E+01   0.130511E+00   0.363116E+01   0.363116E+01
   0.142997E+01   0.355540E+01   0.130353E+00   0.359557E+01   0.359557E+01
   0.143472E+01   0.366101E+01   0.130008E+00   0.356035E+01   0.356035E+01
   0.143946E+01   0.345634E+01   0.129655E+00   0.352549E+01   0.352549E+01
   0.144420E+01   0.338536E+01   0.129429E+00   0.349100E+01   0.349100E+01
   0.144894E+01   0.341616E+01   0.129372E+00   0.345687E+01   0.345687E+01
   0.145369E+01   0.361912E+01   0.129228E+00   0.342309E+01   0.342309E+01
   0.145843E+01   0.340847E+01   0.128832E+00   0.338966E+01   0.338966E+01
   0.146317E+01   0.340812E+01   0.128649E+00   0.335658E+01   0.335658E+01
   0.146792E+01   0.340448E+01   0.128154E+00   0.332385E+01   0.332385E+01
   0.147266E+01   0.344202E+01   0.127968E+00   0.329145E+01   0.329145E+01
   0.147740E+01   0.336870E+01   0.127916E+00   0.325941E+01   0.325941E+01
   0.148215E+01   0.329756E+01   0.127674E+00   0.322770E+01   0.322770E+01
   0.148689E+01   0.325350E+01   0.127323E+00   0.319631E+01   0.319631E+01
   0.149163E+01   0.293568E+01   0.127241E+00   0.316526E+01   0.316526E+01
   0.149637E+01   0.310686E+01   0.126937E+00   0.313454E+01   0.313454E+01
   0.150112E+01   0.311240E+01   0.127071E+00   0.310413E+01   0.310413E+01
   0.150586E+01   0.316208E+01   0.129267E+00   0.307405E+01   0.307405E+01
   0.151060E+01   0.308686E+01   0.132669E+00   0.304429E+01   0.304429E+01
   0.151534E+01   0.321214E+01   0.135033E+00   0.301485E+01   0.301485E+01
   0.152009E+01   0.299205E+01   0.136438E+00   0.298572E+01   0.298572E+01
   0.152483E+01   0.286877E+01   0.138310E+00   0.295689E+01   0.295689E+01
   0.152957E+01   0.297067E+01   0.138886E+00   0.292838E+01   0.292838E+01
   0.153432E+01   0.293993E+01   0.135511E+00   0.290016E+01   0.290016E+01
   0.153906E+01   0.291188E+01   0.133286E+00   0.287225E+01   0.287225E+01
   0.154380E+01   0.297211E+01   0.131884E+00   0.284464E+01   0.284464E+01
   0.154855E+01   0.281982E+01   0.130352E+00   0.281733E+01   0.281733E+01
   0.155329E+01   0.273065E+01   0.129132E+00   0.279030E+01   0.279030E+01
   0.155803E+01   0.262827E+01   0.127789E+00   0.276357E+01   0.276357E+01
   0.156277E+01   0.275611E+01   0.126546E+00   0.273713E+01   0.273713E+01
   0.156752E+01   0.264178E+01   0.125218E+00   0.271097E+01   0.271097E+01
   0.157226E+01   0.276118E+01   0.124455E+00   0.268509E+01   0.268509E+01
   0.157700E+01   0.265372E+01   0.123913E+00   0.265950E+01   0.265950E+01
   0.158175E+01   0.278016E+01   0.123859E+00   0.263418E+01   0.263418E+01
   0.158649E+01   0.270588E+01   0.123751E+00   0.260914E+01   0.260914E+01
   0.159123E+01   0.258539E+01   0.123628E+00   0.258437E+01   0.258437E+01
   0.159597E+01   0.261831E+01   0.123890E+00   0.255988E+01   0.255988E+01
   0.160072E+01   0.259889E+01   0.123990E+00   0.253564E+01   0.253564E+01
   0.160546E+01   0.251910E+01   0.124072E+00   0.251168E+01   0.251168E+01
   0.161020E+01   0.257467E+01   0.123629E+00   0.248798E+01   0.248798E+01
   0.161495E+01   0.251586E+01   0.123285E+00   0.246453E+01   0.246453E+01
   0.161969E+01   0.255411E+01   0.123327E+00   0.244135E+01   0.244135E+01
   0.162443E+01   0.227099E+01   0.122841E+00   0.241843E+01   0.241843E+01
   0.162917E+01   0.220000E+01   0.122471E+00   0.239575E+01   0.239575E+01
   0.163392E+01   0.226552E+01   0.122277E+00   0.237332E+01   0.237332E+01
   0.163866E+01   0.240523E+01   0.122217E+00   0.235115E+01   0.235115E+01
   0.164340E+01   0.244497E+01   0.122028E+00   0.232921E+01   0.232921E+01
   0.164815E+01   0.224110E+01   0.121897E+00   0.230753E+01   0.230753E+01
   0.165289E+01   0.221258E+01   0.121684E+00   0.228608E+01   0.228608E+01
   0.165763E+01   0.224181E+01   0.121354E+00   0.226487E+01   0.226487E+01
   0.166237E+01   0.239443E+01   0.121064E+00   0.224390E+01   0.224390E+01
   0.166712E+01   0.237564E+01   0.120995E+00   0.222316E+01   0.222316E+01
   0.167186E+01   0.207938E+01   0.120499E+00   0.220265E+01   0.220265E+01
   0.167660E+01   0.216965E+01   0.120478E+00   0.218237E+01   0.218237E+01
   0.168135E+01   0.208448E+01   0.120410E+00   0.216231E+01   0.216231E+01
   0.168609E+01   0.200909E+01   0.120035E+00   0.214248E+01   0.214248E+01
   0.169083E+01   0.221618E+01   0.119961E+00   0.212288E+01   0.212288E+01
   0.169557E+01   0.220406E+01   0.120030E+00   0.210349E+01   0.210349E+01
   0.170032E+01   0.212581E+01   0.119864E+00   0.208432E+01   0.208432E+01
   0.170506E+01   0.214348E+01   0.119455E+00   0.206535E+01   0.206535E+01
   0.170980E+01   0.196511E+01   0.119260E+00   0.204660E+01   0.204660E+01
   0.171455E+01   0.206301E+01   0.119030E+00   0.202806E+01   0.202806E+01
   0.171929E+01   0.188796E+01   0.118730E+00   0.200973E+01   0.200973E+01
   0.172403E+01   0.191982E+01   0.118852E+00   0.199161E+01   0.199161E+01
   0.172877E+01   0.186378E+01   0.118556E+00   0.197368E+01   0.197368E+01
   0.173352E+01   0.213248E+01   0.118408E+00   0.195596E+01   0.195596E+01
   0.173826E+01   0.207356E+01   0.118251E+00   0.193843E+01   0.193843E+01
   0.174300E+01   0.195306E+01   0.118006E+00   0.192109E+01   0.192109E+01
   0.174775E+01   0.186452E+01   0.117668E+00   0.190395E+01   0.190395E+01
   0.175249E+01   0.191176E+01   0.117493E+00   0.188700E+01   0.188700E+01
   0.175723E+01   0.196243E+01   0.117489E+00   0.187023E+01   0.187023E+01
   0.176197E+01   0.196938E+01   0.117227E+00   0.185366E+01   0.185366E+01
   0.176672E+01   0.172718E+01   0.117048E+00   0.183726E+01   0.183726E+01
   0.177146E+01   0.185649E+01   0.117004E+00   0.182105E+01   0.182105E+01
   0.177620E+01   0.186055E+01   0.116998E+00   0.180501E+01   0.180501E+01
   0.178095E+01   0.178432E+01   0.116609E+00   0.178915E+01   0.178915E+01
   0.178569E+01   0.187692E+01   0.116504E+00   0.177346E+01   0.177346E+01
   0.179043E+01   0.175222E+01   0.116185E+00   0.175794E+01   0.175794E+01
   0.179517E+01   0.174155E+01   0.116035E+00   0.174260E+01   0.174260E+01
   0.179992E+01   0.170700E+01   0.116046E+00   0.172742E+01   0.172742E+01
   0.180466E+01   0.174697E+01   0.115855E+00   0.171240E+01   0.171240E+01
   0.180940E+01   0.156942E+01   0.115550E+00   0.169754E+01   0.169754E+01
   0.181415E+01   0.172995E+01   0.115418E+00   0.168285E+01   0.168285E+01
   0.181889E+01   0.156215E+01   0.115134E+00   0.166831E+01   0.166831E+01
   0.182363E+01   0.162196E+01   0.115084E+00   0.165393E+01   0.165393E+01
   0.182838E+01   0.172583E+01   0.115091E+00   0.163970E+01   0.163970E+01
   0.183312E+01   0.162094E+01   0.114745E+00   0.162562E+01   0.162562E+01
   0.183786E+01   0.147814E+01   0.114490E+00   0.161169E+01   0.161169E+01
   0.184260E+01   0.153568E+01   0.114472E+00   0.159791E+01   0.159791E+01
   0.184735E+01   0.162029E+01   0.114183E+00   0.158427E+01   0.158427E+01
   0.185209E+01   0.163691E+01   0.114275E+00   0.157077E+01   0.157077E+01
   0.185683E+01   0.163811E+01   0.114102E+00   0.155741E+01   0.155741E+01
   0.186157E+01   0.162802E+01   0.113825E+00   0.154419E+01   0.154419E+01
   0.186632E+01   0.148120E+01   0.113576E+00   0.153111E+01   0.153111E+01
   0.187106E+01   0.145134E+01   0.113505E+00   0.151816E+01   0.151816E+01
   0.187580E+01   0.151609E+01   0.113235E+00   0.150535E+01   0.150535E+01
   0.188055E+01   0.149024E+01   0.113156E+00   0.149266E+01   0.149266E+01
   0.188529E+01   0.159108E+01   0.113105E+00   0.148010E+01   0.148010E+01
   0.189003E+01   0.152245E+01   0.112962E+00   0.146766E+01   0.146766E+01
   0.189478E+01   0.158756E+01   0.112671E+00   0.145535E+01   0.145535E+01
   0.189952E+01   0.158949E+01   0.112781E+00   0.144317E+01   0.144317E+01
   0.190426E+01   0.159245E+01   0.112573E+00   0.143110E+01   0.143110E+01
   0.190900E+01   0.135617E+01   0.112318E+00   0.141915E+01   0.141915E+01
   0.191375E+01   0.131991E+01   0.112137E+00   0.140731E+01   0.140731E+01
   0.191849E+01   0.139800E+01   0.112097E+00   0.139559E+01   0.139559E+01
   0.192323E+01   0.141003E+01   0.112129E+00   0.138399E+01   0.138399E+01
   0.192797E+01   0.135748E+01   0.111842E+00   0.137249E+01   0.137249E+01
   0.193272E+01   0.130029E+01   0.111468E+00   0.136111E+01   0.136111E+01
   0.193746E+01   0.124913E+01   0.111040E+00   0.134983E+01   0.134983E+01
   0.194220E+01   0.142568E+01   0.110920E+00   0.133866E+01   0.133866E+01
   0.194695E+01   0.138363E+01   0.110734E+00   0.132759E+01   0.132759E+01
   0.195169E+01   0.120350E+01   0.110289E+00   0.131663E+01   0.131663E+01
   0.195643E+01   0.131174E+01   0.110063E+00   0.130576E+01   0.130576E+01
   0.196117E+01   0.126193E+01   0.110003E+00   0.129500E+01   0.129500E+01
   0.196592E+01   0.124405E+01   0.109872E+00   0.128434E+01   0.128434E+01
   0.197066E+01   0.134054E+01   0.109923E+00   0.127377E+01   0.127377E+01
   0.197540E+01   0.116499E+01   0.109796E+00   0.126330E+01   0.126330E+01
   0.198015E+01   0.127726E+01   0.109820E+00   0.125292E+01   0.125292E+01
   0.198489E+01   0.118302E+01   0.109612E+00   0.124263E+01   0.124263E+01
   0.198963E+01   0.113209E+01   0.109852E+00   0.123244E+01   0.123244E+01
   0.199438E+01   0.104795E+01   0.109797E+00   0.122234E+01   0.122234E+01
   0.199912E+01   0.115942E+01   0.109680E+00   0.121232E+01   0.121232E+01
   0.200386E+01   0.123811E+01   0.109495E+00   0.120240E+01   0.120240E+01
   0.200860E+01   0.114445E+01   0.109553E+00   0.119256E+01   0.119256E+01
   0.201335E+01   0.112310E+01   0.110725E+00   0.118281E+01   0.118281E+01
   0.201809E+01   0.126495E+01   0.113595E+00   0.117314E+01   0.117314E+01
   0.202283E+01   0.118858E+01   0.115291E+00   0.116355E+01   0.116355E+01
   0.202758E+01   0.112043E+01   0.116752E+00   0.115405E+01   0.115405E+01
   0.203232E+01   0.110877E+01   0.117842E+00   0.114463E+01   0.114463E+01
   0.203706E+01   0.120317E+01   0.118820E+00   0.113528E+01   0.113528E+01
   0.204180E+01   0.111491E+01   0.120000E+00   0.112602E+01   0.112602E+01
   0.204655E+01   0.966269E+00   0.120360E+00   0.111684E+01   0.111684E+01
   0.205129E+01   0.100471E+01   0.120809E+00   0.110774E+01   0.110774E+01
   0.205603E+01   0.110295E+01   0.120984E+00   0.109871E+01   0.109871E+01
   0.206078E+01   0.102217E+01   0.121458E+00   0.108976E+01   0.108976E+01
   0.206552E+01   0.957169E+00   0.121665E+00   0.108088E+01   0.108088E+01
   0.207026E+01   0.928939E+00   0.121881E+00   0.107208E+01   0.107208E+01
   0.207500E+01   0.101310E+01   0.122153E+00   0.106336E+01   0.106336E+01
   0.207975E+01   0.107137E+01   0.119584E+00   0.105471E+01   0.105471E+01
   0.208449E+01   0.112653E+01   0.116629E+00   0.104613E+01   0.104613E+01
   0.208923E+01   0.107252E+01   0.114886E+00   0.103762E+01   0.103762E+01
   0.209397E+01   0.977225E+00   0.113507E+00   0.102919E+01   0.102919E+01
   0.209872E+01   0.986535E+00   0.112414E+00   0.102083E+01   0.102083E+01
   0.210346E+01   0.101297E+01   0.111450E+00   0.101254E+01   0.101254E+01
   0.210820E+01   0.988579E+00   0.110941E+00   0.100432E+01   0.100432E+01
   0.211295E+01   0.965789E+00   0.110507E+00   0.996170E+00   0.996170E+00
   0.211769E+01   0.102051E+01   0.110289E+00   0.988090E+00   0.988090E+00
   0.212243E+01   0.102204E+01   0.109993E+00   0.980081E+00   0.980081E+00
   0.212717E+01   0.106090E+01   0.109776E+00   0.972141E+00   0.972141E+00
   0.213192E+01   0.970791E+00   0.109528E+00   0.964270E+00   0.964270E+00
   0.213666E+01   0.100409E+01   0.109293E+00   0.956468E+00   0.956468E+00
   0.214140E+01   0.872897E+00   0.109013E+00   0.948735E+00   0.948735E+00
   0.214615E+01   0.102774E+01   0.108865E+00   0.941073E+00   0.941073E+00
   0.215089E+01   0.836876E+00   0.108696E+00   0.933477E+00   0.933477E+00
   0.215563E+01   0.922502E+00   0.108300E+00   0.925950E+00   0.925950E+00
   0.216038E+01   0.933861E+00   0.108167E+00   0.918490E+00   0.918490E+00
   0.216512E+01   0.933224E+00   0.108179E+00   0.911099E+00   0.911099E+00
   0.216986E+01   0.918324E+00   0.107918E+00   0.903776E+00   0.903776E+00
   0.217460E+01   0.896785E+00   0.107611E+00   0.896521E+00   0.896521E+00
   0.217935E+01   0.826384E+00   0.107357E+00   0.889335E+00   0.889335E+00
   0.218409E+01   0.871018E+00   0.107330E+00   0.882217E+00   0.882217E+00
   0.218883E+01   0.845282E+00   0.107194E+00   0.875166E+00   0.875166E+00
   0.219358E+01   0.840965E+00   0.107053E+00   0.868184E+00   0.868184E+00
   0.219832E+01   0.699257E+00   0.106781E+00   0.861269E+00   0.861269E+00
   0.220306E+01   0.947933E+00   0.106685E+00   0.854423E+00   0.854423E+00
   0.220780E+01   0.925213E+00   0.106597E+00   0.847645E+00   0.847645E+00
   0.221255E+01   0.839301E+00   0.106350E+00   0.840935E+00   0.840935E+00
   0.221729E+01   0.826457E+00   0.106287E+00   0.834296E+00   0.834296E+00
   0.222203E+01   0.853681E+00   0.106161E+00   0.827724E+00   0.827724E+00
   0.222677E+01   0.867449E+00   0.105992E+00   0.821220E+00   0.821220E+00
   0.223152E+01   0.850904E+00   0.105857E+00   0.814786E+00   0.814786E+00
   0.223626E+01   0.100330E+01   0.105831E+00   0.808420E+00   0.808420E+00
   0.224100E+01   0.821836E+00   0.105748E+00   0.802124E+00   0.802124E+00
   0.224575E+01   0.801369E+00   0.105420E+00   0.795897E+00   0.795897E+00
   0.225049E+01   0.787268E+00   0.105345E+00   0.789740E+00   0.789740E+00
   0.225523E+01   0.587618E+00   0.105086E+00   0.783653E+00   0.783653E+00
   0.225997E+01   0.801578E+00   0.105003E+00   0.777636E+00   0.777636E+00
   0.226472E+01   0.654603E+00   0.104820E+00   0.771688E+00   0.771688E+00
   0.226946E+01   0.632671E+00   0.104722E+00   0.765814E+00   0.765814E+00
   0.227420E+01   0.774311E+00   0.104610E+00   0.760005E+00   0.760005E+00
   0.227895E+01   0.792609E+00   0.104521E+00   0.754269E+00   0.754269E+00
   0.228369E+01   0.737766E+00   0.104378E+00   0.748604E+00   0.748604E+00
   0.228843E+01   0.761943E+00   0.104266E+00   0.743011E+00   0.743011E+00
   0.229318E+01   0.774773E+00   0.104126E+00   0.737489E+00   0.737489E+00
   0.229792E+01   0.851059E+00   0.104033E+00   0.732037E+00   0.732037E+00
   0.230266E+01   0.829676E+00   0.103976E+00   0.726658E+00   0.726658E+00
   0.230740E+01   0.728114E+00   0.103607E+00   0.721350E+00   0.721350E+00
   0.231215E+01   0.710556E+00   0.103497E+00   0.716114E+00   0.716114E+00
   0.231689E+01   0.693018E+00   0.103457E+00   0.710950E+00   0.710950E+00
   0.232163E+01   0.923219E+00   0.103352E+00   0.705859E+00   0.705859E+00
   0.232638E+01   0.623073E+00   0.103175E+00   0.700840E+00   0.700840E+00
   0.233112E+01   0.599526E+00   0.103064E+00   0.695893E+00   0.695893E+00
   0.233586E+01   0.686418E+00   0.102983E+00   0.691018E+00   0.691018E+00
   0.234060E+01   0.633400E+00   0.102796E+00   0.686216E+00   0.686216E+00
   0.234535E+01   0.721702E+00   0.102689E+00   0.681487E+00   0.681487E+00
   0.235009E+01   0.691289E+00   0.102610E+00   0.676831E+00   0.676831E+00
   0.235483E+01   0.595762E+00   0.102497E+00   0.672247E+00   0.672247E+00
   0.235957E+01   0.655967E+00   0.102428E+00   0.667737E+00   0.667737E+00
   0.236432E+01   0.625919E+00   0.102323E+00   0.663299E+00   0.663299E+00
   0.236906E+01   0.669550E+00   0.102188E+00   0.658934E+00   0.658934E+00
   0.237380E+01   0.653731E+00   0.102133E+00   0.654642E+00   0.654642E+00
   0.237855E+01   0.760451E+00   0.101990E+00   0.650422E+00   0.650422E+00
   0.238329E+01   0.656873E+00   0.101767E+00   0.646278E+00   0.646278E+00
   0.238803E+01   0.692435E+00   0.101802E+00   0.642202E+00   0.642202E+00
   0.239277E+01   0.615294E+00   0.101577E+00   0.638201E+00   0.638201E+00
   0.239752E+01   0.657162E+00   0.101512E+00   0.634272E+00   0.634272E+00
   0.240226E+01   0.650935E+00   0.101319E+00   0.630415E+00   0.630415E+00
   0.240700E+01   0.584110E+00   0.101233E+00   0.626630E+00   0.626630E+00
   0.241175E+01   0.754209E+00   0.101228E+00   0.622917E+00   0.622917E+00
   0.241649E+01   0.598898E+00   0.101089E+00   0.619275E+00   0.619275E+00
   0.242123E+01   0.766578E+00   0.101056E+00   0.615705E+00   0.615705E+00
   0.242598E+01   0.672224E+00   0.100895E+00   0.612207E+00   0.612207E+00
   0.243072E+01   0.602528E+00   0.100700E+00   0.608779E+00   0.608779E+00
   0.243546E+01   0.619498E+00   0.100518E+00   0.605422E+00   0.605422E+00
   0.244020E+01   0.632047E+00   0.100619E+00   0.602135E+00   0.602135E+00
   0.244495E+01   0.568530E+00   0.100382E+00   0.598918E+00   0.598918E+00
   0.244969E+01   0.598816E+00   0.100239E+00   0.595770E+00   0.595770E+00
   0.245443E+01   0.580152E+00   0.100236E+00   0.592691E+00   0.592691E+00
   0.245918E+01   0.601094E+00   0.100157E+00   0.589681E+00   0.589681E+00
   0.246392E+01   0.525863E+00   0.998957E-01   0.586740E+00   0.586740E+00
   0.246866E+01   0.651357E+00   0.999444E-01   0.583866E+00   0.583866E+00
   0.247340E+01   0.581208E+00   0.998551E-01   0.581058E+00   0.581058E+00
   0.247815E+01   0.535529E+00   0.995825E-01   0.578318E+00   0.578318E+00
   0.248289E+01   0.507590E+00   0.994402E-01   0.575643E+00   0.575643E+00
   0.248763E+01   0.572772E+00   0.995371E-01   0.573034E+00   0.573034E+00
   0.249238E+01   0.533270E+00   0.993904E-01   0.570489E+00   0.570489E+00
   0.249712E+01   0.694861E+00   0.992731E-01   0.568010E+00   0.568010E+00
   0.250186E+01   0.690855E+00   0.992094E-01   0.565593E+00   0.565593E+00
   0.250660E+01   0.524578E+00   0.991367E-01   0.563239E+00   0.563239E+00
   0.251135E+01   0.488403E+00   0.989443E-01   0.560946E+00   0.560946E+00
   0.251609E+01   0.593596E+00   0.987601E-01   0.558715E+00   0.558715E+00
   0.252083E+01   0.437563E+00   0.985453E-01   0.556545E+00   0.556545E+00
   0.252558E+01   0.592583E+00   0.983626E-01   0.554434E+00   0.554434E+00
   0.253032E+01   0.574076E+00   0.981739E-01   0.552382E+00   0.552382E+00
   0.253506E+01   0.529010E+00   0.980746E-01   0.550388E+00   0.550388E+00
   0.253980E+01   0.460047E+00   0.979601E-01   0.548451E+00   0.548451E+00
   0.254455E+01   0.500721E+00   0.979276E-01   0.546570E+00   0.546570E+00
   0.254929E+01   0.442404E+00   0.978434E-01   0.544745E+00   0.544745E+00
   0.255403E+01   0.452434E+00   0.976587E-01   0.542974E+00   0.542974E+00
   0.255878E+01   0.472986E+00   0.975135E-01   0.541256E+00   0.541256E+00
   0.256352E+01   0.428788E+00   0.974987E-01   0.539590E+00   0.539590E+00
   0.256826E+01   0.440856E+00   0.974741E-01   0.537976E+00   0.537976E+00
   0.257300E+01   0.545402E+00   0.975388E-01   0.536412E+00   0.536412E+00
   0.257775E+01   0.486976E+00   0.976788E-01   0.534897E+00   0.534897E+00
   0.258249E+01   0.586342E+00   0.975655E-01   0.533430E+00   0.533430E+00
   0.258723E+01   0.675322E+00   0.975712E-01   0.532010E+00   0.532010E+00
   0.259198E+01   0.561395E+00   0.974609E-01   0.530637E+00   0.530637E+00
   0.259672E+01   0.473868E+00   0.973556E-01   0.529308E+00   0.529308E+00
   0.260146E+01   0.443368E+00   0.972523E-01   0.528022E+00   0.528022E+00
   0.260620E+01   0.512453E+00   0.972586E-01   0.526779E+00   0.526779E+00
   0.261095E+01   0.546778E+00   0.971786E-01   0.525577E+00   0.525577E+00
   0.261569E+01   0.585927E+00   0.968836E-01   0.524417E+00   0.524417E+00
   0.262043E+01   0.513358E+00   0.968789E-01   0.523295E+00   0.523295E+00
   0.262518E+01   0.546532E+00   0.968822E-01   0.522211E+00   0.522211E+00
   0.262992E+01   0.553024E+00   0.967102E-01   0.521162E+00   0.521162E+00
   0.263466E+01   0.560529E+00   0.966740E-01   0.520150E+00   0.520150E+00
   0.263940E+01   0.498372E+00   0.965652E-01   0.519171E+00   0.519171E+00
   0.264415E+01   0.621040E+00   0.964145E-01   0.518225E+00   0.518225E+00
   0.264889E+01   0.644781E+00   0.962986E-01   0.517311E+00   0.517311E+00
   0.265363E+01   0.491498E+00   0.961387E-01   0.516427E+00   0.516427E+00
   0.265838E+01   0.468427E+00   0.961914E-01   0.515571E+00   0.515571E+00
   0.266312E+01   0.572733E+00   0.960288E-01   0.514744E+00   0.514744E+00
   0.266786E+01   0.380299E+00   0.958298E-01   0.513943E+00   0.513943E+00
   0.267260E+01   0.318272E+00   0.957243E-01   0.513167E+00   0.513167E+00
   0.267735E+01   0.559129E+00   0.958107E-01   0.512415E+00   0.512415E+00
   0.268209E+01   0.542696E+00   0.956645E-01   0.511685E+00   0.511685E+00
   0.268683E+01   0.537181E+00   0.956144E-01   0.510977E+00   0.510977E+00
   0.269158E+01   0.454173E+00   0.955630E-01   0.510288E+00   0.510288E+00
   0.269632E+01   0.528822E+00   0.955135E-01   0.509618E+00   0.509618E+00
   0.270106E+01   0.461969E+00   0.954049E-01   0.508966E+00   0.508966E+00
   0.270580E+01   0.429272E+00   0.952782E-01   0.508329E+00   0.508329E+00
   0.271055E+01   0.579545E+00   0.951963E-01   0.507708E+00   0.507708E+00
   0.271529E+01   0.451293E+00   0.950446E-01   0.507100E+00   0.507100E+00
   0.272003E+01   0.561839E+00   0.950127E-01   0.506504E+00   0.506504E+00
   0.272478E+01   0.640944E+00   0.950228E-01   0.505918E+00   0.505918E+00
   0.272952E+01   0.563987E+00   0.949732E-01   0.505344E+00   0.505344E+00
   0.273426E+01   0.591335E+00   0.947763E-01   0.504777E+00   0.504777E+00
   0.273901E+01   0.550122E+00   0.944966E-01   0.504217E+00   0.504217E+00
   0.274375E+01   0.448271E+00   0.945530E-01   0.503664E+00   0.503664E+00
   0.274849E+01   0.529291E+00   0.944974E-01   0.503115E+00   0.503115E+00
   0.275323E+01   0.467979E+00   0.943229E-01   0.502570E+00   0.502570E+00
   0.275798E+01   0.499732E+00   0.944224E-01   0.502028E+00   0.502028E+00
   0.276272E+01   0.573692E+00   0.942054E-01   0.501486E+00   0.501486E+00
   0.276746E+01   0.581664E+00   0.941930E-01   0.500945E+00   0.500945E+00
   0.277221E+01   0.587481E+00   0.941014E-01   0.500403E+00   0.500403E+00
   0.277695E+01   0.510754E+00   0.939531E-01   0.499858E+00   0.499858E+00
   0.278169E+01   0.425849E+00   0.939498E-01   0.499310E+00   0.499310E+00
   0.278643E+01   0.514515E+00   0.938415E-01   0.498758E+00   0.498758E+00
   0.279118E+01   0.488569E+00   0.938115E-01   0.498200E+00   0.498200E+00
   0.279592E+01   0.464507E+00   0.935935E-01   0.497636E+00   0.497636E+00
   0.280066E+01   0.648649E+00   0.936152E-01   0.497065E+00   0.497065E+00
   0.280540E+01   0.618424E+00   0.935952E-01   0.496485E+00   0.496485E+00
   0.281015E+01   0.458476E+00   0.935741E-01   0.495895E+00   0.495895E+00
   0.281489E+01   0.514988E+00   0.937478E-01   0.495295E+00   0.495295E+00
   0.281963E+01   0.452229E+00   0.955103E-01   0.494683E+00   0.494683E+00
   0.282438E+01   0.439821E+00   0.972760E-01   0.494060E+00   0.494060E+00
   0.282912E+01   0.504702E+00   0.983762E-01   0.493423E+00   0.493423E+00
   0.283386E+01   0.432839E+00   0.994511E-01   0.492774E+00   0.492774E+00
   0.283860E+01   0.519495E+00   0.100268E+00   0.492105E+00   0.492105E+00
   0.284335E+01   0.372822E+00   0.100660E+00   0.491424E+00   0.491424E+00
   0.284809E+01   0.376701E+00   0.100988E+00   0.490726E+00   0.490726E+00
   0.285283E+01   0.284474E+00   0.101266E+00   0.490011E+00   0.490011E+00
   0.285758E+01   0.348366E+00   0.101659E+00   0.489278E+00   0.489278E+00
   0.286232E+01   0.421728E+00   0.101818E+00   0.488526E+00   0.488526E+00
   0.286706E+01   0.473470E+00   0.101998E+00   0.487756E+00   0.487756E+00
   0.287181E+01   0.594846E+00   0.102303E+00   0.486965E+00   0.486965E+00
   0.287655E+01   0.541371E+00   0.102382E+00   0.486153E+00   0.486153E+00
   0.288129E+01   0.447808E+00   0.102180E+00   0.485321E+00   0.485321E+00
   0.288603E+01   0.530280E+00   0.997545E-01   0.484467E+00   0.484467E+00
   0.289078E+01   0.511019E+00   0.978976E-01   0.483591E+00   0.483591E+00
   0.289552E+01   0.467020E+00   0.967765E-01   0.482692E+00   0.482692E+00
   0.290026E+01   0.496590E+00   0.961317E-01   0.481770E+00   0.481770E+00
   0.290501E+01   0.532701E+00   0.955612E-01   0.480825E+00   0.480825E+00
   0.290975E+01   0.496844E+00   0.950151E-01   0.479856E+00   0.479856E+00
   0.291449E+01   0.498767E+00   0.948528E-01   0.478863E+00   0.478863E+00
   0.291923E+01   0.484653E+00   0.947709E-01   0.477846E+00   0.477846E+00
   0.292398E+01   0.470898E+00   0.944739E-01   0.476803E+00   0.476803E+00
   0.292872E+01   0.510660E+00   0.942398E-01   0.475736E+00   0.475736E+00
   0.293346E+01   0.428287E+00   0.941209E-01   0.474643E+00   0.474643E+00
   0.293820E+01   0.484385E+00   0.940134E-01   0.473525E+00   0.473525E+00
   0.294295E+01   0.545530E+00   0.938334E-01   0.472381E+00   0.472381E+00
   0.294769E+01   0.473061E+00   0.937317E-01   0.471212E+00   0.471212E+00
   0.295243E+01   0.424202E+00   0.935274E-01   0.470017E+00   0.470017E+00
   0.295718E+01   0.453020E+00   0.934594E-01   0.468796E+00   0.468796E+00
   0.296192E+01   0.473723E+00   0.934213E-01   0.467549E+00   0.467549E+00
   0.296666E+01   0.364086E+00   0.930410E-01   0.466276E+00   0.466276E+00
   0.297140E+01   0.445701E+00   0.930306E-01   0.464978E+00   0.464978E+00
   0.297615E+01   0.508373E+00   0.928097E-01   0.463653E+00   0.463653E+00
   0.298089E+01   0.489647E+00   0.926629E-01   0.462303E+00   0.462303E+00
   0.298563E+01   0.446591E+00   0.926179E-01   0.460928E+00   0.460928E+00
   0.299038E+01   0.412192E+00   0.926723E-01   0.459527E+00   0.459527E+00
   0.299512E+01   0.495775E+00   0.925471E-01   0.458101E+00   0.458101E+00
   0.299986E+01   0.559461E+00   0.923756E-01   0.456650E+00   0.456650E+00

           ####      Real Space Data                               ####

           Distance distribution  function of particle  


      R          P(R)      ERROR

  0.0000E+00  0.0000E+00  0.0000E+00
  0.3889E-01  0.1212E-01  0.1226E-02
  0.7778E-01  0.2499E-01  0.2258E-02
  0.1167E+00  0.3863E-01  0.3098E-02
  0.1556E+00  0.5300E-01  0.3750E-02
  0.1944E+00  0.6811E-01  0.4221E-02
  0.2333E+00  0.8392E-01  0.4519E-02
  0.2722E+00  0.1004E+00  0.4652E-02
  0.3111E+00  0.1176E+00  0.4632E-02
  0.3500E+00  0.1354E+00  0.4470E-02
  0.3889E+00  0.1538E+00  0.4181E-02
  0.4278E+00  0.1728E+00  0.3780E-02
  0.4667E+00  0.1924E+00  0.3282E-02
  0.5056E+00  0.2124E+00  0.2708E-02
  0.5444E+00  0.2329E+00  0.2082E-02
  0.5833E+00  0.2537E+00  0.1450E-02
  0.6222E+00  0.2750E+00  0.9397E-03
  0.6611E+00  0.2965E+00  0.9154E-03
  0.7000E+00  0.3183E+00  0.1427E-02
  0.7389E+00  0.3403E+00  0.2109E-02
  0.7778E+00  0.3625E+00  0.2821E-02
  0.8167E+00  0.3847E+00  0.3517E-02
  0.8556E+00  0.4070E+00  0.4173E-02
  0.8944E+00  0.4293E+00  0.4775E-02
  0.9333E+00  0.4515E+00  0.5309E-02
  0.9722E+00  0.4736E+00  0.5765E-02
  0.1011E+01  0.4955E+00  0.6136E-02
  0.1050E+01  0.5171E+00  0.6416E-02
  0.1089E+01  0.5385E+00  0.6600E-02
  0.1128E+01  0.5595E+00  0.6685E-02
  0.1167E+01  0.5802E+00  0.6671E-02
  0.1206E+01  0.6004E+00  0.6558E-02
  0.1244E+01  0.6201E+00  0.6349E-02
  0.1283E+01  0.6393E+00  0.6049E-02
  0.1322E+01  0.6578E+00  0.5663E-02
  0.1361E+01  0.6758E+00  0.5200E-02
  0.1400E+01  0.6931E+00  0.4671E-02
  0.1439E+01  0.7097E+00  0.4091E-02
  0.1478E+01  0.7256E+00  0.3480E-02
  0.1517E+01  0.7407E+00  0.2869E-02
  0.1556E+01  0.7550E+00  0.2314E-02
  0.1594E+01  0.7685E+00  0.1913E-02
  0.1633E+01  0.7812E+00  0.1811E-02
  0.1672E+01  0.7930E+00  0.2061E-02
  0.1711E+01  0.8039E+00  0.2557E-02
  0.1750E+01  0.8139E+00  0.3168E-02
  0.1789E+01  0.8231E+00  0.3816E-02
  0.1828E+01  0.8313E+00  0.4458E-02
  0.1867E+01  0.8387E+00  0.5068E-02
  0.1906E+01  0.8451E+00  0.5628E-02
  0.1944E+01  0.8506E+00  0.6125E-02
  0.1983E+01  0.8552E+00  0.6549E-02
  0.2022E+01  0.8590E+00  0.6893E-02
  0.2061E+01  0.8618E+00  0.7151E-02
  0.2100E+01  0.8638E+00  0.7317E-02
  0.2139E+01  0.8649E+00  0.7391E-02
  0.2178E+01  0.8652E+00  0.7371E-02
  0.2217E+01  0.8647E+00  0.7258E-02
  0.2256E+01  0.8634E+00  0.7055E-02
  0.2294E+01  0.8613E+00  0.6767E-02
  0.2333E+01  0.8585E+00  0.6401E-02
  0.2372E+01  0.8549E+00  0.5964E-02
  0.2411E+01  0.8507E+00  0.5469E-02
  0.2450E+01  0.8458E+00  0.4931E-02
  0.2489E+01  0.8403E+00  0.4370E-02
  0.2528E+01  0.8342E+00  0.3815E-02
  0.2567E+01  0.8276E+00  0.3308E-02
  0.2606E+01  0.8204E+00  0.2909E-02
  0.2644E+01  0.8127E+00  0.2693E-02
  0.2683E+01  0.8046E+00  0.2716E-02
  0.2722E+01  0.7961E+00  0.2971E-02
  0.2761E+01  0.7872E+00  0.3392E-02
  0.2800E+01  0.7779E+00  0.3908E-02
  0.2839E+01  0.7684E+00  0.4462E-02
  0.2878E+01  0.7585E+00  0.5015E-02
  0.2917E+01  0.7485E+00  0.5540E-02
  0.2956E+01  0.7382E+00  0.6020E-02
  0.2994E+01  0.7277E+00  0.6439E-02
  0.3033E+01  0.7171E+00  0.6789E-02
  0.3072E+01  0.7064E+00  0.7062E-02
  0.3111E+01  0.6957E+00  0.7253E-02
  0.3150E+01  0.6848E+00  0.7358E-02
  0.3189E+01  0.6740E+00  0.7377E-02
  0.3228E+01  0.6632E+00  0.7310E-02
  0.3267E+01  0.6523E+00  0.7162E-02
  0.3306E+01  0.6416E+00  0.6938E-02
  0.3344E+01  0.6309E+00  0.6646E-02
  0.3383E+01  0.6203E+00  0.6297E-02
  0.3422E+01  0.6098E+00  0.5907E-02
  0.3461E+01  0.5995E+00  0.5493E-02
  0.3500E+01  0.5893E+00  0.5081E-02
  0.3539E+01  0.5792E+00  0.4703E-02
  0.3578E+01  0.5694E+00  0.4396E-02
  0.3617E+01  0.5597E+00  0.4198E-02
  0.3656E+01  0.5501E+00  0.4143E-02
  0.3694E+01  0.5408E+00  0.4244E-02
  0.3733E+01  0.5317E+00  0.4489E-02
  0.3772E+01  0.5227E+00  0.4846E-02
  0.3811E+01  0.5140E+00  0.5279E-02
  0.3850E+01  0.5054E+00  0.5751E-02
  0.3889E+01  0.4971E+00  0.6232E-02
  0.3928E+01  0.4889E+00  0.6696E-02
  0.3967E+01  0.4809E+00  0.7124E-02
  0.4006E+01  0.4730E+00  0.7501E-02
  0.4044E+01  0.4653E+00  0.7815E-02
  0.4083E+01  0.4578E+00  0.8058E-02
  0.4122E+01  0.4504E+00  0.8222E-02
  0.4161E+01  0.4431E+00  0.8304E-02
  0.4200E+01  0.4360E+00  0.8303E-02
  0.4239E+01  0.4289E+00  0.8219E-02
  0.4278E+01  0.4219E+00  0.8057E-02
  0.4317E+01  0.4150E+00  0.7823E-02
  0.4356E+01  0.4082E+00  0.7526E-02
  0.4394E+01  0.4013E+00  0.7181E-02
  0.4433E+01  0.3945E+00  0.6803E-02
  0.4472E+01  0.3877E+00  0.6416E-02
  0.4511E+01  0.3809E+00  0.6048E-02
  0.4550E+01  0.3740E+00  0.5730E-02
  0.4589E+01  0.3671E+00  0.5500E-02
  0.4628E+01  0.3602E+00  0.5388E-02
  0.4667E+01  0.3532E+00  0.5418E-02
  0.4706E+01  0.3461E+00  0.5593E-02
  0.4744E+01  0.3389E+00  0.5898E-02
  0.4783E+01  0.3317E+00  0.6304E-02
  0.4822E+01  0.3243E+00  0.6779E-02
  0.4861E+01  0.3168E+00  0.7290E-02
  0.4900E+01  0.3092E+00  0.7806E-02
  0.4939E+01  0.3015E+00  0.8304E-02
  0.4978E+01  0.2937E+00  0.8762E-02
  0.5017E+01  0.2858E+00  0.9163E-02
  0.5056E+01  0.2778E+00  0.9493E-02
  0.5094E+01  0.2697E+00  0.9742E-02
  0.5133E+01  0.2615E+00  0.9902E-02
  0.5172E+01  0.2532E+00  0.9967E-02
  0.5211E+01  0.2449E+00  0.9935E-02
  0.5250E+01  0.2365E+00  0.9806E-02
  0.5289E+01  0.2281E+00  0.9583E-02
  0.5328E+01  0.2197E+00  0.9273E-02
  0.5367E+01  0.2113E+00  0.8885E-02
  0.5406E+01  0.2029E+00  0.8435E-02
  0.5444E+01  0.1946E+00  0.7943E-02
  0.5483E+01  0.1864E+00  0.7437E-02
  0.5522E+01  0.1783E+00  0.6950E-02
  0.5561E+01  0.1703E+00  0.6528E-02
  0.5600E+01  0.1625E+00  0.6219E-02
  0.5639E+01  0.1549E+00  0.6073E-02
  0.5678E+01  0.1476E+00  0.6124E-02
  0.5717E+01  0.1405E+00  0.6376E-02
  0.5756E+01  0.1337E+00  0.6808E-02
  0.5794E+01  0.1272E+00  0.7378E-02
  0.5833E+01  0.1210E+00  0.8038E-02
  0.5872E+01  0.1152E+00  0.8743E-02
  0.5911E+01  0.1098E+00  0.9455E-02
  0.5950E+01  0.1049E+00  0.1014E-01
  0.5989E+01  0.1003E+00  0.1077E-01
  0.6028E+01  0.9624E-01  0.1133E-01
  0.6067E+01  0.9262E-01  0.1178E-01
  0.6106E+01  0.8948E-01  0.1213E-01
  0.6144E+01  0.8681E-01  0.1236E-01
  0.6183E+01  0.8463E-01  0.1246E-01
  0.6222E+01  0.8293E-01  0.1242E-01
  0.6261E+01  0.8169E-01  0.1224E-01
  0.6300E+01  0.8091E-01  0.1193E-01
  0.6339E+01  0.8057E-01  0.1150E-01
  0.6378E+01  0.8064E-01  0.1095E-01
  0.6417E+01  0.8109E-01  0.1032E-01
  0.6456E+01  0.8188E-01  0.9639E-02
  0.6494E+01  0.8296E-01  0.8954E-02
  0.6533E+01  0.8429E-01  0.8333E-02
  0.6572E+01  0.8580E-01  0.7860E-02
  0.6611E+01  0.8742E-01  0.7626E-02
  0.6650E+01  0.8910E-01  0.7704E-02
  0.6689E+01  0.9073E-01  0.8113E-02
  0.6728E+01  0.9224E-01  0.8813E-02
  0.6767E+01  0.9352E-01  0.9728E-02
  0.6806E+01  0.9448E-01  0.1077E-01
  0.6844E+01  0.9501E-01  0.1185E-01
  0.6883E+01  0.9498E-01  0.1289E-01
  0.6922E+01  0.9427E-01  0.1382E-01
  0.6961E+01  0.9276E-01  0.1459E-01
  0.7000E+01  0.9030E-01  0.1513E-01
  0.7039E+01  0.8674E-01  0.1538E-01
  0.7078E+01  0.8195E-01  0.1529E-01
  0.7117E+01  0.7576E-01  0.1480E-01
  0.7156E+01  0.6801E-01  0.1384E-01
  0.7194E+01  0.5854E-01  0.1236E-01
  0.7233E+01  0.4718E-01  0.1029E-01
  0.7272E+01  0.3375E-01  0.7589E-02
  0.7311E+01  0.1809E-01  0.4178E-02
  0.7350E+01  0.0000E+00  0.0000E+00
