
           ####      G N O M             Version 5.0 (r13469)      ####
                                               Wed Dec 15 15:10:27 2021

           ####      Configuration                                 ####

    System Type:                   arbitrary monodisperse (job = 0)
    Minimum characteristic size:         0.0000
    Maximum characteristic size:         7.8200
    rad56:                               0.0000
    Force 0.0 at r = rmin:                  yes
    Force 0.0 at r = rmax:                  yes
    Initial alpha:                       0.0000
    Initial random seed:    1435407909014745016
    Points in real space:                   190

    Input  1:                      temp-inp.dat
    First data point used:                    1
    Last data point used:                   570
    Scaling coefficient:             0.1000E+01
    Experimental setup:            point collimation



           ####      Results                                       ####

    Parameter    DISCRP  OSCILL  STABIL  SYSDEV  POSITV  VALCEN  SMOOTH
    Weight        1.000   3.000   3.000   3.000   1.000   1.000   1.000
    Sigma         0.300   0.600   0.120   0.120   0.120   0.120   0.600
    Ideal         0.700   1.100   0.000   1.000   1.000   0.950   0.000
    Current       0.414   1.397   0.009   0.942   1.000   0.845   2.556
               --------------------------------------------------------
    Estimate      0.403   0.782   0.994   0.792   1.000   0.467   0.000

    Angular range:                       0.3012 to       2.9999
    Reciprocal space Rg:             0.2337E+01
    Reciprocal space I(0):           0.3848E+02

    Real space range:                    0.0000 to       7.8200
    Real space Rg:                   0.2349E+01 +-   0.9595E-02
    Real space I(0):                 0.3848E+02 +-   0.1020E+00

    Highest ALPHA (theor):           0.3604E+02
    Current ALPHA:                   0.2834E+00

    Total Estimate:                      0.7365 (a REASONABLE solution)



           ####      Experimental Data and Fit                     ####

      S          J EXP       ERROR       J REG       I REG

   0.000000E+00                                                0.384809E+02
   0.107561E-01                                                0.384727E+02
   0.215123E-01                                                0.384482E+02
   0.322684E-01                                                0.384073E+02
   0.430246E-01                                                0.383501E+02
   0.537807E-01                                                0.382768E+02
   0.645368E-01                                                0.381874E+02
   0.752930E-01                                                0.380821E+02
   0.860491E-01                                                0.379610E+02
   0.968053E-01                                                0.378243E+02
   0.107561E+00                                                0.376723E+02
   0.118318E+00                                                0.375051E+02
   0.129074E+00                                                0.373230E+02
   0.139830E+00                                                0.371262E+02
   0.150586E+00                                                0.369151E+02
   0.161342E+00                                                0.366901E+02
   0.172098E+00                                                0.364513E+02
   0.182854E+00                                                0.361991E+02
   0.193611E+00                                                0.359340E+02
   0.204367E+00                                                0.356564E+02
   0.215123E+00                                                0.353665E+02
   0.225879E+00                                                0.350648E+02
   0.236635E+00                                                0.347518E+02
   0.247391E+00                                                0.344279E+02
   0.258147E+00                                                0.340935E+02
   0.268903E+00                                                0.337491E+02
   0.279660E+00                                                0.333951E+02
   0.290416E+00                                                0.330321E+02
   0.301172E+00   0.328342E+02   0.203254E+00   0.326606E+02   0.326606E+02
   0.305915E+00   0.325754E+02   0.200785E+00   0.324941E+02   0.324941E+02
   0.310658E+00   0.324448E+02   0.199088E+00   0.323261E+02   0.323261E+02
   0.315400E+00   0.324378E+02   0.197291E+00   0.321567E+02   0.321567E+02
   0.320143E+00   0.322701E+02   0.195430E+00   0.319858E+02   0.319858E+02
   0.324886E+00   0.317992E+02   0.193302E+00   0.318135E+02   0.318135E+02
   0.329629E+00   0.316477E+02   0.191542E+00   0.316398E+02   0.316398E+02
   0.334372E+00   0.311948E+02   0.189737E+00   0.314649E+02   0.314649E+02
   0.339115E+00   0.313793E+02   0.190671E+00   0.312886E+02   0.312886E+02
   0.343858E+00   0.315449E+02   0.193486E+00   0.311111E+02   0.311111E+02
   0.348601E+00   0.310563E+02   0.197716E+00   0.309325E+02   0.309325E+02
   0.353343E+00   0.306945E+02   0.200703E+00   0.307526E+02   0.307526E+02
   0.358086E+00   0.304701E+02   0.202602E+00   0.305717E+02   0.305717E+02
   0.362829E+00   0.303559E+02   0.204472E+00   0.303898E+02   0.303898E+02
   0.367572E+00   0.302356E+02   0.205760E+00   0.302068E+02   0.302068E+02
   0.372315E+00   0.297702E+02   0.206764E+00   0.300228E+02   0.300228E+02
   0.377058E+00   0.296740E+02   0.207884E+00   0.298379E+02   0.298379E+02
   0.381801E+00   0.296821E+02   0.208805E+00   0.296522E+02   0.296522E+02
   0.386543E+00   0.294109E+02   0.209436E+00   0.294655E+02   0.294655E+02
   0.391286E+00   0.288152E+02   0.209743E+00   0.292781E+02   0.292781E+02
   0.396029E+00   0.287948E+02   0.210460E+00   0.290899E+02   0.290899E+02
   0.400772E+00   0.290707E+02   0.211737E+00   0.289010E+02   0.289010E+02
   0.405515E+00   0.291729E+02   0.218842E+00   0.287115E+02   0.287115E+02
   0.410258E+00   0.285640E+02   0.223913E+00   0.285213E+02   0.285213E+02
   0.415001E+00   0.288045E+02   0.229001E+00   0.283305E+02   0.283305E+02
   0.419744E+00   0.283059E+02   0.231583E+00   0.281391E+02   0.281391E+02
   0.424486E+00   0.278007E+02   0.234857E+00   0.279472E+02   0.279472E+02
   0.429229E+00   0.275435E+02   0.237685E+00   0.277549E+02   0.277549E+02
   0.433972E+00   0.276103E+02   0.241478E+00   0.275622E+02   0.275622E+02
   0.438715E+00   0.273026E+02   0.245138E+00   0.273690E+02   0.273690E+02
   0.443458E+00   0.272468E+02   0.248337E+00   0.271755E+02   0.271755E+02
   0.448201E+00   0.267018E+02   0.251439E+00   0.269817E+02   0.269817E+02
   0.452944E+00   0.265826E+02   0.255347E+00   0.267876E+02   0.267876E+02
   0.457686E+00   0.266843E+02   0.257392E+00   0.265933E+02   0.265933E+02
   0.462429E+00   0.263360E+02   0.259277E+00   0.263988E+02   0.263988E+02
   0.467172E+00   0.260484E+02   0.257959E+00   0.262042E+02   0.262042E+02
   0.471915E+00   0.263952E+02   0.248654E+00   0.260094E+02   0.260094E+02
   0.476658E+00   0.253561E+02   0.242420E+00   0.258146E+02   0.258146E+02
   0.481401E+00   0.254305E+02   0.238943E+00   0.256197E+02   0.256197E+02
   0.486144E+00   0.254255E+02   0.236727E+00   0.254248E+02   0.254248E+02
   0.490887E+00   0.251785E+02   0.234520E+00   0.252300E+02   0.252300E+02
   0.495629E+00   0.253688E+02   0.232710E+00   0.250352E+02   0.250352E+02
   0.500372E+00   0.247492E+02   0.230622E+00   0.248405E+02   0.248405E+02
   0.505115E+00   0.245656E+02   0.228711E+00   0.246459E+02   0.246459E+02
   0.509858E+00   0.244509E+02   0.227325E+00   0.244515E+02   0.244515E+02
   0.514601E+00   0.242581E+02   0.225802E+00   0.242574E+02   0.242574E+02
   0.519344E+00   0.238769E+02   0.224128E+00   0.240634E+02   0.240634E+02
   0.524087E+00   0.238639E+02   0.223458E+00   0.238698E+02   0.238698E+02
   0.528829E+00   0.235893E+02   0.222179E+00   0.236764E+02   0.236764E+02
   0.533572E+00   0.235053E+02   0.220006E+00   0.234834E+02   0.234834E+02
   0.538315E+00   0.230506E+02   0.217881E+00   0.232907E+02   0.232907E+02
   0.543058E+00   0.232857E+02   0.216793E+00   0.230984E+02   0.230984E+02
   0.547801E+00   0.229712E+02   0.214786E+00   0.229066E+02   0.229066E+02
   0.552544E+00   0.224688E+02   0.212757E+00   0.227152E+02   0.227152E+02
   0.557287E+00   0.224239E+02   0.211562E+00   0.225243E+02   0.225243E+02
   0.562029E+00   0.220898E+02   0.209791E+00   0.223340E+02   0.223340E+02
   0.566772E+00   0.220241E+02   0.208303E+00   0.221441E+02   0.221441E+02
   0.571515E+00   0.219118E+02   0.206964E+00   0.219549E+02   0.219549E+02
   0.576258E+00   0.214918E+02   0.205080E+00   0.217662E+02   0.217662E+02
   0.581001E+00   0.215063E+02   0.203849E+00   0.215782E+02   0.215782E+02
   0.585744E+00   0.213260E+02   0.202619E+00   0.213908E+02   0.213908E+02
   0.590487E+00   0.213056E+02   0.201785E+00   0.212041E+02   0.212041E+02
   0.595230E+00   0.209492E+02   0.200881E+00   0.210181E+02   0.210181E+02
   0.599972E+00   0.208278E+02   0.200506E+00   0.208328E+02   0.208328E+02
   0.604715E+00   0.203569E+02   0.199680E+00   0.206482E+02   0.206482E+02
   0.609458E+00   0.205737E+02   0.199058E+00   0.204645E+02   0.204645E+02
   0.614201E+00   0.203489E+02   0.198515E+00   0.202815E+02   0.202815E+02
   0.618944E+00   0.198650E+02   0.197729E+00   0.200993E+02   0.200993E+02
   0.623687E+00   0.198683E+02   0.197278E+00   0.199180E+02   0.199180E+02
   0.628430E+00   0.197265E+02   0.196560E+00   0.197375E+02   0.197375E+02
   0.633173E+00   0.196676E+02   0.195892E+00   0.195579E+02   0.195579E+02
   0.637915E+00   0.193027E+02   0.194693E+00   0.193792E+02   0.193792E+02
   0.642658E+00   0.193129E+02   0.194388E+00   0.192014E+02   0.192014E+02
   0.647401E+00   0.191385E+02   0.193592E+00   0.190245E+02   0.190245E+02
   0.652144E+00   0.187659E+02   0.192540E+00   0.188486E+02   0.188486E+02
   0.656887E+00   0.186910E+02   0.192243E+00   0.186737E+02   0.186737E+02
   0.661630E+00   0.184168E+02   0.191342E+00   0.184997E+02   0.184997E+02
   0.666373E+00   0.181275E+02   0.190445E+00   0.183267E+02   0.183267E+02
   0.671115E+00   0.182104E+02   0.190004E+00   0.181548E+02   0.181548E+02
   0.675858E+00   0.181293E+02   0.189083E+00   0.179838E+02   0.179838E+02
   0.680601E+00   0.176569E+02   0.188458E+00   0.178139E+02   0.178139E+02
   0.685344E+00   0.175579E+02   0.188266E+00   0.176451E+02   0.176451E+02
   0.690087E+00   0.176411E+02   0.187659E+00   0.174773E+02   0.174773E+02
   0.694830E+00   0.171876E+02   0.186911E+00   0.173106E+02   0.173106E+02
   0.699573E+00   0.172396E+02   0.186316E+00   0.171450E+02   0.171450E+02
   0.704315E+00   0.170837E+02   0.185784E+00   0.169805E+02   0.169805E+02
   0.709058E+00   0.168125E+02   0.185070E+00   0.168171E+02   0.168171E+02
   0.713801E+00   0.167462E+02   0.184441E+00   0.166549E+02   0.166549E+02
   0.718544E+00   0.163661E+02   0.183950E+00   0.164937E+02   0.164937E+02
   0.723287E+00   0.162465E+02   0.182889E+00   0.163338E+02   0.163338E+02
   0.728030E+00   0.163740E+02   0.182466E+00   0.161749E+02   0.161749E+02
   0.732773E+00   0.162085E+02   0.182115E+00   0.160172E+02   0.160172E+02
   0.737515E+00   0.157437E+02   0.181255E+00   0.158607E+02   0.158607E+02
   0.742258E+00   0.157378E+02   0.180810E+00   0.157053E+02   0.157053E+02
   0.747001E+00   0.157032E+02   0.180222E+00   0.155512E+02   0.155512E+02
   0.751744E+00   0.153505E+02   0.179294E+00   0.153982E+02   0.153982E+02
   0.756487E+00   0.151885E+02   0.179122E+00   0.152464E+02   0.152464E+02
   0.761230E+00   0.153115E+02   0.178763E+00   0.150958E+02   0.150958E+02
   0.765973E+00   0.149520E+02   0.177841E+00   0.149463E+02   0.149463E+02
   0.770716E+00   0.145966E+02   0.177419E+00   0.147981E+02   0.147981E+02
   0.775459E+00   0.147322E+02   0.176807E+00   0.146511E+02   0.146511E+02
   0.780201E+00   0.146534E+02   0.176256E+00   0.145053E+02   0.145053E+02
   0.784944E+00   0.143336E+02   0.175818E+00   0.143607E+02   0.143607E+02
   0.789687E+00   0.141807E+02   0.174960E+00   0.142173E+02   0.142173E+02
   0.794430E+00   0.142029E+02   0.174721E+00   0.140752E+02   0.140752E+02
   0.799173E+00   0.139595E+02   0.173905E+00   0.139342E+02   0.139342E+02
   0.803916E+00   0.138784E+02   0.173307E+00   0.137944E+02   0.137944E+02
   0.808658E+00   0.139461E+02   0.172908E+00   0.136559E+02   0.136559E+02
   0.813401E+00   0.135469E+02   0.172038E+00   0.135186E+02   0.135186E+02
   0.818144E+00   0.132980E+02   0.172041E+00   0.133825E+02   0.133825E+02
   0.822887E+00   0.132936E+02   0.171401E+00   0.132476E+02   0.132476E+02
   0.827630E+00   0.131980E+02   0.170902E+00   0.131139E+02   0.131139E+02
   0.832373E+00   0.130345E+02   0.169998E+00   0.129815E+02   0.129815E+02
   0.837116E+00   0.128087E+02   0.169613E+00   0.128502E+02   0.128502E+02
   0.841859E+00   0.124999E+02   0.169141E+00   0.127202E+02   0.127202E+02
   0.846601E+00   0.127342E+02   0.168804E+00   0.125913E+02   0.125913E+02
   0.851344E+00   0.124019E+02   0.168193E+00   0.124637E+02   0.124637E+02
   0.856087E+00   0.123513E+02   0.167874E+00   0.123372E+02   0.123372E+02
   0.860830E+00   0.124493E+02   0.167587E+00   0.122119E+02   0.122119E+02
   0.865573E+00   0.123076E+02   0.166812E+00   0.120879E+02   0.120879E+02
   0.870316E+00   0.121890E+02   0.166733E+00   0.119650E+02   0.119650E+02
   0.875059E+00   0.117258E+02   0.166141E+00   0.118433E+02   0.118433E+02
   0.879802E+00   0.117405E+02   0.165384E+00   0.117227E+02   0.117227E+02
   0.884544E+00   0.117155E+02   0.164978E+00   0.116034E+02   0.116034E+02
   0.889287E+00   0.114827E+02   0.164385E+00   0.114852E+02   0.114852E+02
   0.894030E+00   0.112503E+02   0.163649E+00   0.113681E+02   0.113681E+02
   0.898773E+00   0.112973E+02   0.163483E+00   0.112523E+02   0.112523E+02
   0.903516E+00   0.112124E+02   0.163210E+00   0.111375E+02   0.111375E+02
   0.908259E+00   0.111558E+02   0.162707E+00   0.110239E+02   0.110239E+02
   0.913002E+00   0.110591E+02   0.162179E+00   0.109115E+02   0.109115E+02
   0.917744E+00   0.105306E+02   0.161715E+00   0.108001E+02   0.108001E+02
   0.922487E+00   0.106019E+02   0.161419E+00   0.106899E+02   0.106899E+02
   0.927230E+00   0.107519E+02   0.160836E+00   0.105808E+02   0.105808E+02
   0.931973E+00   0.105130E+02   0.160451E+00   0.104728E+02   0.104728E+02
   0.936716E+00   0.104066E+02   0.159920E+00   0.103659E+02   0.103659E+02
   0.941459E+00   0.101360E+02   0.159347E+00   0.102601E+02   0.102601E+02
   0.946202E+00   0.101977E+02   0.159133E+00   0.101554E+02   0.101554E+02
   0.950944E+00   0.102915E+02   0.158658E+00   0.100517E+02   0.100517E+02
   0.955687E+00   0.985021E+01   0.157926E+00   0.994913E+01   0.994913E+01
   0.960430E+00   0.983774E+01   0.157742E+00   0.984761E+01   0.984761E+01
   0.965173E+00   0.980507E+01   0.157453E+00   0.974714E+01   0.974714E+01
   0.969916E+00   0.945844E+01   0.156752E+00   0.964771E+01   0.964771E+01
   0.974659E+00   0.961570E+01   0.156809E+00   0.954931E+01   0.954931E+01
   0.979402E+00   0.946735E+01   0.156301E+00   0.945194E+01   0.945194E+01
   0.984144E+00   0.929702E+01   0.155792E+00   0.935558E+01   0.935558E+01
   0.988887E+00   0.931495E+01   0.155366E+00   0.926024E+01   0.926024E+01
   0.993630E+00   0.909460E+01   0.154971E+00   0.916589E+01   0.916589E+01
   0.998373E+00   0.896826E+01   0.154767E+00   0.907253E+01   0.907253E+01
   0.100312E+01   0.877462E+01   0.154059E+00   0.898015E+01   0.898015E+01
   0.100786E+01   0.890172E+01   0.153864E+00   0.888875E+01   0.888875E+01
   0.101260E+01   0.869036E+01   0.153423E+00   0.879830E+01   0.879830E+01
   0.101734E+01   0.878162E+01   0.153206E+00   0.870881E+01   0.870881E+01
   0.102209E+01   0.868406E+01   0.152587E+00   0.862028E+01   0.862028E+01
   0.102683E+01   0.854615E+01   0.152144E+00   0.853267E+01   0.853267E+01
   0.103157E+01   0.848106E+01   0.151796E+00   0.844599E+01   0.844599E+01
   0.103632E+01   0.855774E+01   0.151853E+00   0.836022E+01   0.836022E+01
   0.104106E+01   0.834398E+01   0.151338E+00   0.827537E+01   0.827537E+01
   0.104580E+01   0.828744E+01   0.150974E+00   0.819141E+01   0.819141E+01
   0.105055E+01   0.794697E+01   0.150408E+00   0.810834E+01   0.810834E+01
   0.105529E+01   0.804715E+01   0.150109E+00   0.802617E+01   0.802617E+01
   0.106003E+01   0.799545E+01   0.149815E+00   0.794485E+01   0.794485E+01
   0.106477E+01   0.774106E+01   0.149308E+00   0.786440E+01   0.786440E+01
   0.106952E+01   0.794795E+01   0.149137E+00   0.778480E+01   0.778480E+01
   0.107426E+01   0.772969E+01   0.148888E+00   0.770604E+01   0.770604E+01
   0.107900E+01   0.763857E+01   0.148594E+00   0.762812E+01   0.762812E+01
   0.108374E+01   0.746547E+01   0.148249E+00   0.755102E+01   0.755102E+01
   0.108849E+01   0.737513E+01   0.147743E+00   0.747474E+01   0.747474E+01
   0.109323E+01   0.740013E+01   0.147254E+00   0.739929E+01   0.739929E+01
   0.109797E+01   0.732520E+01   0.146985E+00   0.732462E+01   0.732462E+01
   0.110272E+01   0.741808E+01   0.146730E+00   0.725074E+01   0.725074E+01
   0.110746E+01   0.723008E+01   0.146145E+00   0.717764E+01   0.717764E+01
   0.111220E+01   0.708372E+01   0.146127E+00   0.710532E+01   0.710532E+01
   0.111695E+01   0.695229E+01   0.145587E+00   0.703376E+01   0.703376E+01
   0.112169E+01   0.719582E+01   0.145287E+00   0.696296E+01   0.696296E+01
   0.112643E+01   0.685386E+01   0.145012E+00   0.689292E+01   0.689292E+01
   0.113117E+01   0.679705E+01   0.144508E+00   0.682360E+01   0.682360E+01
   0.113592E+01   0.649071E+01   0.144058E+00   0.675501E+01   0.675501E+01
   0.114066E+01   0.664364E+01   0.143672E+00   0.668715E+01   0.668715E+01
   0.114540E+01   0.670416E+01   0.143568E+00   0.662000E+01   0.662000E+01
   0.115014E+01   0.652194E+01   0.143242E+00   0.655356E+01   0.655356E+01
   0.115489E+01   0.652849E+01   0.143275E+00   0.648782E+01   0.648782E+01
   0.115963E+01   0.638191E+01   0.143010E+00   0.642277E+01   0.642277E+01
   0.116437E+01   0.651463E+01   0.142731E+00   0.635841E+01   0.635841E+01
   0.116912E+01   0.619169E+01   0.142348E+00   0.629472E+01   0.629472E+01
   0.117386E+01   0.611100E+01   0.141939E+00   0.623169E+01   0.623169E+01
   0.117860E+01   0.616000E+01   0.141651E+00   0.616932E+01   0.616932E+01
   0.118335E+01   0.617616E+01   0.141325E+00   0.610761E+01   0.610761E+01
   0.118809E+01   0.600490E+01   0.140849E+00   0.604654E+01   0.604654E+01
   0.119283E+01   0.602560E+01   0.140754E+00   0.598611E+01   0.598611E+01
   0.119757E+01   0.594302E+01   0.140171E+00   0.592632E+01   0.592632E+01
   0.120232E+01   0.574421E+01   0.139971E+00   0.586714E+01   0.586714E+01
   0.120706E+01   0.572888E+01   0.140651E+00   0.580858E+01   0.580858E+01
   0.121180E+01   0.560463E+01   0.145044E+00   0.575063E+01   0.575063E+01
   0.121654E+01   0.563665E+01   0.147975E+00   0.569328E+01   0.569328E+01
   0.122129E+01   0.546877E+01   0.149992E+00   0.563653E+01   0.563653E+01
   0.122603E+01   0.569570E+01   0.151928E+00   0.558036E+01   0.558036E+01
   0.123077E+01   0.552839E+01   0.153140E+00   0.552479E+01   0.552479E+01
   0.123552E+01   0.526709E+01   0.154578E+00   0.546980E+01   0.546980E+01
   0.124026E+01   0.529619E+01   0.155822E+00   0.541536E+01   0.541536E+01
   0.124500E+01   0.530944E+01   0.157313E+00   0.536150E+01   0.536150E+01
   0.124975E+01   0.552601E+01   0.158886E+00   0.530819E+01   0.530819E+01
   0.125449E+01   0.540309E+01   0.159922E+00   0.525543E+01   0.525543E+01
   0.125923E+01   0.509514E+01   0.160219E+00   0.520322E+01   0.520322E+01
   0.126397E+01   0.509313E+01   0.160382E+00   0.515155E+01   0.515155E+01
   0.126872E+01   0.484156E+01   0.160512E+00   0.510043E+01   0.510043E+01
   0.127346E+01   0.477908E+01   0.158511E+00   0.504982E+01   0.504982E+01
   0.127820E+01   0.515407E+01   0.153231E+00   0.499974E+01   0.499974E+01
   0.128295E+01   0.492327E+01   0.149799E+00   0.495018E+01   0.495018E+01
   0.128769E+01   0.494769E+01   0.147493E+00   0.490113E+01   0.490113E+01
   0.129243E+01   0.491967E+01   0.145714E+00   0.485258E+01   0.485258E+01
   0.129717E+01   0.482917E+01   0.143956E+00   0.480454E+01   0.480454E+01
   0.130192E+01   0.478055E+01   0.142806E+00   0.475701E+01   0.475701E+01
   0.130666E+01   0.461392E+01   0.141564E+00   0.470996E+01   0.470996E+01
   0.131140E+01   0.459168E+01   0.140621E+00   0.466339E+01   0.466339E+01
   0.131614E+01   0.464545E+01   0.139664E+00   0.461731E+01   0.461731E+01
   0.132089E+01   0.450130E+01   0.138717E+00   0.457171E+01   0.457171E+01
   0.132563E+01   0.454846E+01   0.138242E+00   0.452658E+01   0.452658E+01
   0.133037E+01   0.445075E+01   0.137616E+00   0.448191E+01   0.448191E+01
   0.133512E+01   0.432767E+01   0.137391E+00   0.443771E+01   0.443771E+01
   0.133986E+01   0.443644E+01   0.137363E+00   0.439398E+01   0.439398E+01
   0.134460E+01   0.438153E+01   0.136763E+00   0.435070E+01   0.435070E+01
   0.134935E+01   0.450862E+01   0.136367E+00   0.430786E+01   0.430786E+01
   0.135409E+01   0.412748E+01   0.135864E+00   0.426547E+01   0.426547E+01
   0.135883E+01   0.412267E+01   0.135621E+00   0.422352E+01   0.422352E+01
   0.136357E+01   0.398225E+01   0.135444E+00   0.418201E+01   0.418201E+01
   0.136832E+01   0.416043E+01   0.135205E+00   0.414093E+01   0.414093E+01
   0.137306E+01   0.421383E+01   0.134872E+00   0.410029E+01   0.410029E+01
   0.137780E+01   0.387828E+01   0.134386E+00   0.406007E+01   0.406007E+01
   0.138254E+01   0.409165E+01   0.134255E+00   0.402027E+01   0.402027E+01
   0.138729E+01   0.404868E+01   0.134006E+00   0.398089E+01   0.398089E+01
   0.139203E+01   0.388105E+01   0.133466E+00   0.394192E+01   0.394192E+01
   0.139677E+01   0.388235E+01   0.133317E+00   0.390335E+01   0.390335E+01
   0.140152E+01   0.385836E+01   0.133093E+00   0.386520E+01   0.386520E+01
   0.140626E+01   0.381889E+01   0.132429E+00   0.382745E+01   0.382745E+01
   0.141100E+01   0.379915E+01   0.132541E+00   0.379010E+01   0.379010E+01
   0.141575E+01   0.379788E+01   0.132115E+00   0.375314E+01   0.375314E+01
   0.142049E+01   0.387409E+01   0.131841E+00   0.371657E+01   0.371657E+01
   0.142523E+01   0.366427E+01   0.131631E+00   0.368039E+01   0.368039E+01
   0.142997E+01   0.356450E+01   0.131452E+00   0.364460E+01   0.364460E+01
   0.143472E+01   0.359162E+01   0.131159E+00   0.360918E+01   0.360918E+01
   0.143946E+01   0.361499E+01   0.130948E+00   0.357414E+01   0.357414E+01
   0.144420E+01   0.351074E+01   0.130731E+00   0.353948E+01   0.353948E+01
   0.144894E+01   0.341446E+01   0.130570E+00   0.350519E+01   0.350519E+01
   0.145369E+01   0.362572E+01   0.130363E+00   0.347126E+01   0.347126E+01
   0.145843E+01   0.340299E+01   0.129783E+00   0.343770E+01   0.343770E+01
   0.146317E+01   0.340776E+01   0.129514E+00   0.340449E+01   0.340449E+01
   0.146792E+01   0.343878E+01   0.129427E+00   0.337164E+01   0.337164E+01
   0.147266E+01   0.332131E+01   0.128927E+00   0.333915E+01   0.333915E+01
   0.147740E+01   0.323876E+01   0.128873E+00   0.330701E+01   0.330701E+01
   0.148215E+01   0.331146E+01   0.128726E+00   0.327522E+01   0.327522E+01
   0.148689E+01   0.325128E+01   0.128473E+00   0.324376E+01   0.324376E+01
   0.149163E+01   0.334233E+01   0.128473E+00   0.321265E+01   0.321265E+01
   0.149637E+01   0.314204E+01   0.127949E+00   0.318188E+01   0.318188E+01
   0.150112E+01   0.311716E+01   0.128137E+00   0.315144E+01   0.315144E+01
   0.150586E+01   0.314277E+01   0.130429E+00   0.312133E+01   0.312133E+01
   0.151060E+01   0.313840E+01   0.133825E+00   0.309155E+01   0.309155E+01
   0.151534E+01   0.303782E+01   0.136109E+00   0.306210E+01   0.306210E+01
   0.152009E+01   0.313611E+01   0.137736E+00   0.303296E+01   0.303296E+01
   0.152483E+01   0.302600E+01   0.139125E+00   0.300414E+01   0.300414E+01
   0.152957E+01   0.310359E+01   0.140278E+00   0.297564E+01   0.297564E+01
   0.153432E+01   0.298751E+01   0.136535E+00   0.294745E+01   0.294745E+01
   0.153906E+01   0.310620E+01   0.134570E+00   0.291957E+01   0.291957E+01
   0.154380E+01   0.300658E+01   0.133018E+00   0.289200E+01   0.289200E+01
   0.154855E+01   0.296696E+01   0.131493E+00   0.286473E+01   0.286473E+01
   0.155329E+01   0.289704E+01   0.130144E+00   0.283776E+01   0.283776E+01
   0.155803E+01   0.264693E+01   0.128883E+00   0.281109E+01   0.281109E+01
   0.156277E+01   0.286983E+01   0.127454E+00   0.278470E+01   0.278470E+01
   0.156752E+01   0.285256E+01   0.126388E+00   0.275861E+01   0.275861E+01
   0.157226E+01   0.272054E+01   0.125629E+00   0.273281E+01   0.273281E+01
   0.157700E+01   0.259060E+01   0.125158E+00   0.270729E+01   0.270729E+01
   0.158175E+01   0.267406E+01   0.124783E+00   0.268206E+01   0.268206E+01
   0.158649E+01   0.276170E+01   0.124782E+00   0.265710E+01   0.265710E+01
   0.159123E+01   0.264338E+01   0.125112E+00   0.263242E+01   0.263242E+01
   0.159597E+01   0.258491E+01   0.124908E+00   0.260801E+01   0.260801E+01
   0.160072E+01   0.265747E+01   0.125092E+00   0.258386E+01   0.258386E+01
   0.160546E+01   0.253589E+01   0.124803E+00   0.255999E+01   0.255999E+01
   0.161020E+01   0.248217E+01   0.124648E+00   0.253638E+01   0.253638E+01
   0.161495E+01   0.246400E+01   0.124385E+00   0.251302E+01   0.251302E+01
   0.161969E+01   0.254614E+01   0.124103E+00   0.248993E+01   0.248993E+01
   0.162443E+01   0.250412E+01   0.123975E+00   0.246709E+01   0.246709E+01
   0.162917E+01   0.253796E+01   0.123822E+00   0.244450E+01   0.244450E+01
   0.163392E+01   0.249117E+01   0.123635E+00   0.242216E+01   0.242216E+01
   0.163866E+01   0.242475E+01   0.123280E+00   0.240006E+01   0.240006E+01
   0.164340E+01   0.236438E+01   0.123044E+00   0.237821E+01   0.237821E+01
   0.164815E+01   0.244448E+01   0.123192E+00   0.235659E+01   0.235659E+01
   0.165289E+01   0.232570E+01   0.122683E+00   0.233521E+01   0.233521E+01
   0.165763E+01   0.226963E+01   0.122625E+00   0.231407E+01   0.231407E+01
   0.166237E+01   0.242672E+01   0.122550E+00   0.229316E+01   0.229316E+01
   0.166712E+01   0.229976E+01   0.121991E+00   0.227247E+01   0.227247E+01
   0.167186E+01   0.213194E+01   0.121776E+00   0.225200E+01   0.225200E+01
   0.167660E+01   0.224403E+01   0.121693E+00   0.223176E+01   0.223176E+01
   0.168135E+01   0.214497E+01   0.121367E+00   0.221174E+01   0.221174E+01
   0.168609E+01   0.216281E+01   0.121336E+00   0.219193E+01   0.219193E+01
   0.169083E+01   0.220225E+01   0.121103E+00   0.217234E+01   0.217234E+01
   0.169557E+01   0.207710E+01   0.120787E+00   0.215295E+01   0.215295E+01
   0.170032E+01   0.206487E+01   0.120766E+00   0.213378E+01   0.213378E+01
   0.170506E+01   0.205415E+01   0.120430E+00   0.211480E+01   0.211480E+01
   0.170980E+01   0.208545E+01   0.120250E+00   0.209602E+01   0.209602E+01
   0.171455E+01   0.210333E+01   0.120055E+00   0.207745E+01   0.207745E+01
   0.171929E+01   0.224918E+01   0.119996E+00   0.205907E+01   0.205907E+01
   0.172403E+01   0.214750E+01   0.119913E+00   0.204089E+01   0.204089E+01
   0.172877E+01   0.197203E+01   0.119739E+00   0.202290E+01   0.202290E+01
   0.173352E+01   0.204467E+01   0.119474E+00   0.200509E+01   0.200509E+01
   0.173826E+01   0.190598E+01   0.119256E+00   0.198747E+01   0.198747E+01
   0.174300E+01   0.204632E+01   0.119145E+00   0.197003E+01   0.197003E+01
   0.174775E+01   0.196777E+01   0.118754E+00   0.195277E+01   0.195277E+01
   0.175249E+01   0.194384E+01   0.118533E+00   0.193568E+01   0.193568E+01
   0.175723E+01   0.177681E+01   0.118490E+00   0.191878E+01   0.191878E+01
   0.176197E+01   0.187190E+01   0.118321E+00   0.190204E+01   0.190204E+01
   0.176672E+01   0.204504E+01   0.118338E+00   0.188548E+01   0.188548E+01
   0.177146E+01   0.191128E+01   0.118151E+00   0.186907E+01   0.186907E+01
   0.177620E+01   0.189891E+01   0.117769E+00   0.185284E+01   0.185284E+01
   0.178095E+01   0.188793E+01   0.117658E+00   0.183676E+01   0.183676E+01
   0.178569E+01   0.166115E+01   0.117401E+00   0.182085E+01   0.182085E+01
   0.179043E+01   0.172004E+01   0.117239E+00   0.180509E+01   0.180509E+01
   0.179517E+01   0.170857E+01   0.117079E+00   0.178949E+01   0.178949E+01
   0.179992E+01   0.182566E+01   0.116932E+00   0.177404E+01   0.177404E+01
   0.180466E+01   0.168539E+01   0.116684E+00   0.175874E+01   0.175874E+01
   0.180940E+01   0.164755E+01   0.116603E+00   0.174359E+01   0.174359E+01
   0.181415E+01   0.190720E+01   0.116574E+00   0.172858E+01   0.172858E+01
   0.181889E+01   0.172488E+01   0.116392E+00   0.171371E+01   0.171371E+01
   0.182363E+01   0.172449E+01   0.116121E+00   0.169899E+01   0.169899E+01
   0.182838E+01   0.163621E+01   0.115824E+00   0.168441E+01   0.168441E+01
   0.183312E+01   0.171543E+01   0.115794E+00   0.166996E+01   0.166996E+01
   0.183786E+01   0.175016E+01   0.115709E+00   0.165565E+01   0.165565E+01
   0.184260E+01   0.154966E+01   0.115642E+00   0.164147E+01   0.164147E+01
   0.184735E+01   0.157348E+01   0.115415E+00   0.162743E+01   0.162743E+01
   0.185209E+01   0.149364E+01   0.115163E+00   0.161351E+01   0.161351E+01
   0.185683E+01   0.151590E+01   0.115054E+00   0.159972E+01   0.159972E+01
   0.186157E+01   0.156153E+01   0.114811E+00   0.158605E+01   0.158605E+01
   0.186632E+01   0.162401E+01   0.114740E+00   0.157251E+01   0.157251E+01
   0.187106E+01   0.160254E+01   0.114484E+00   0.155910E+01   0.155910E+01
   0.187580E+01   0.151241E+01   0.114315E+00   0.154580E+01   0.154580E+01
   0.188055E+01   0.155561E+01   0.114187E+00   0.153261E+01   0.153261E+01
   0.188529E+01   0.148183E+01   0.113906E+00   0.151955E+01   0.151955E+01
   0.189003E+01   0.151839E+01   0.113859E+00   0.150660E+01   0.150660E+01
   0.189478E+01   0.145853E+01   0.113650E+00   0.149377E+01   0.149377E+01
   0.189952E+01   0.151647E+01   0.113637E+00   0.148105E+01   0.148105E+01
   0.190426E+01   0.144024E+01   0.113593E+00   0.146844E+01   0.146844E+01
   0.190900E+01   0.148221E+01   0.113366E+00   0.145594E+01   0.145594E+01
   0.191375E+01   0.139778E+01   0.113150E+00   0.144354E+01   0.144354E+01
   0.191849E+01   0.149356E+01   0.113016E+00   0.143126E+01   0.143126E+01
   0.192323E+01   0.147995E+01   0.113089E+00   0.141908E+01   0.141908E+01
   0.192797E+01   0.135420E+01   0.112826E+00   0.140700E+01   0.140700E+01
   0.193272E+01   0.138206E+01   0.112622E+00   0.139503E+01   0.139503E+01
   0.193746E+01   0.131317E+01   0.112106E+00   0.138316E+01   0.138316E+01
   0.194220E+01   0.116842E+01   0.111809E+00   0.137139E+01   0.137139E+01
   0.194695E+01   0.141678E+01   0.111558E+00   0.135972E+01   0.135972E+01
   0.195169E+01   0.142149E+01   0.111275E+00   0.134815E+01   0.134815E+01
   0.195643E+01   0.144948E+01   0.111209E+00   0.133668E+01   0.133668E+01
   0.196117E+01   0.133350E+01   0.111008E+00   0.132530E+01   0.132530E+01
   0.196592E+01   0.126676E+01   0.110872E+00   0.131402E+01   0.131402E+01
   0.197066E+01   0.126111E+01   0.110985E+00   0.130284E+01   0.130284E+01
   0.197540E+01   0.129175E+01   0.110813E+00   0.129175E+01   0.129175E+01
   0.198015E+01   0.126177E+01   0.110700E+00   0.128076E+01   0.128076E+01
   0.198489E+01   0.124808E+01   0.110653E+00   0.126985E+01   0.126985E+01
   0.198963E+01   0.127657E+01   0.110883E+00   0.125904E+01   0.125904E+01
   0.199438E+01   0.132101E+01   0.110975E+00   0.124833E+01   0.124833E+01
   0.199912E+01   0.124683E+01   0.110761E+00   0.123770E+01   0.123770E+01
   0.200386E+01   0.112111E+01   0.110459E+00   0.122717E+01   0.122717E+01
   0.200860E+01   0.118732E+01   0.110534E+00   0.121672E+01   0.121672E+01
   0.201335E+01   0.107654E+01   0.111530E+00   0.120637E+01   0.120637E+01
   0.201809E+01   0.118482E+01   0.114552E+00   0.119610E+01   0.119610E+01
   0.202283E+01   0.108584E+01   0.116396E+00   0.118592E+01   0.118592E+01
   0.202758E+01   0.987481E+00   0.117853E+00   0.117583E+01   0.117583E+01
   0.203232E+01   0.103631E+01   0.118866E+00   0.116583E+01   0.116583E+01
   0.203706E+01   0.102268E+01   0.120001E+00   0.115592E+01   0.115592E+01
   0.204180E+01   0.111656E+01   0.120830E+00   0.114610E+01   0.114610E+01
   0.204655E+01   0.114523E+01   0.121378E+00   0.113636E+01   0.113636E+01
   0.205129E+01   0.125016E+01   0.121934E+00   0.112671E+01   0.112671E+01
   0.205603E+01   0.114438E+01   0.122085E+00   0.111714E+01   0.111714E+01
   0.206078E+01   0.112041E+01   0.122237E+00   0.110767E+01   0.110767E+01
   0.206552E+01   0.108483E+01   0.122809E+00   0.109828E+01   0.109828E+01
   0.207026E+01   0.104916E+01   0.123055E+00   0.108897E+01   0.108897E+01
   0.207500E+01   0.102552E+01   0.123151E+00   0.107976E+01   0.107976E+01
   0.207975E+01   0.959496E+00   0.120735E+00   0.107063E+01   0.107063E+01
   0.208449E+01   0.104837E+01   0.117859E+00   0.106158E+01   0.106158E+01
   0.208923E+01   0.100813E+01   0.115861E+00   0.105262E+01   0.105262E+01
   0.209397E+01   0.109739E+01   0.114660E+00   0.104375E+01   0.104375E+01
   0.209872E+01   0.111685E+01   0.113421E+00   0.103496E+01   0.103496E+01
   0.210346E+01   0.888698E+00   0.112583E+00   0.102626E+01   0.102626E+01
   0.210820E+01   0.100714E+01   0.111930E+00   0.101765E+01   0.101765E+01
   0.211295E+01   0.112675E+01   0.111468E+00   0.100912E+01   0.100912E+01
   0.211769E+01   0.107252E+01   0.111097E+00   0.100068E+01   0.100068E+01
   0.212243E+01   0.103132E+01   0.110812E+00   0.992322E+00   0.992322E+00
   0.212717E+01   0.965087E+00   0.110680E+00   0.984053E+00   0.984053E+00
   0.213192E+01   0.995761E+00   0.110363E+00   0.975871E+00   0.975871E+00
   0.213666E+01   0.102076E+01   0.110259E+00   0.967775E+00   0.967775E+00
   0.214140E+01   0.101051E+01   0.109974E+00   0.959767E+00   0.959767E+00
   0.214615E+01   0.997963E+00   0.109783E+00   0.951847E+00   0.951847E+00
   0.215089E+01   0.948521E+00   0.109568E+00   0.944012E+00   0.944012E+00
   0.215563E+01   0.856509E+00   0.109459E+00   0.936265E+00   0.936265E+00
   0.216038E+01   0.966706E+00   0.109210E+00   0.928604E+00   0.928604E+00
   0.216512E+01   0.954823E+00   0.108878E+00   0.921031E+00   0.921031E+00
   0.216986E+01   0.912035E+00   0.108853E+00   0.913546E+00   0.913546E+00
   0.217460E+01   0.929809E+00   0.108597E+00   0.906149E+00   0.906149E+00
   0.217935E+01   0.924696E+00   0.108553E+00   0.898839E+00   0.898839E+00
   0.218409E+01   0.782464E+00   0.108172E+00   0.891619E+00   0.891619E+00
   0.218883E+01   0.100515E+01   0.108330E+00   0.884485E+00   0.884485E+00
   0.219358E+01   0.992602E+00   0.108026E+00   0.877439E+00   0.877439E+00
   0.219832E+01   0.951170E+00   0.107777E+00   0.870482E+00   0.870482E+00
   0.220306E+01   0.832559E+00   0.107650E+00   0.863613E+00   0.863613E+00
   0.220780E+01   0.766812E+00   0.107540E+00   0.856833E+00   0.856833E+00
   0.221255E+01   0.961096E+00   0.107350E+00   0.850141E+00   0.850141E+00
   0.221729E+01   0.892951E+00   0.107074E+00   0.843539E+00   0.843539E+00
   0.222203E+01   0.875919E+00   0.107118E+00   0.837024E+00   0.837024E+00
   0.222677E+01   0.758877E+00   0.106882E+00   0.830597E+00   0.830597E+00
   0.223152E+01   0.883343E+00   0.106658E+00   0.824260E+00   0.824260E+00
   0.223626E+01   0.939155E+00   0.106647E+00   0.818011E+00   0.818011E+00
   0.224100E+01   0.935516E+00   0.106569E+00   0.811851E+00   0.811851E+00
   0.224575E+01   0.755385E+00   0.106459E+00   0.805779E+00   0.805779E+00
   0.225049E+01   0.780754E+00   0.106282E+00   0.799797E+00   0.799797E+00
   0.225523E+01   0.800048E+00   0.105901E+00   0.793903E+00   0.793903E+00
   0.225997E+01   0.752377E+00   0.105800E+00   0.788097E+00   0.788097E+00
   0.226472E+01   0.785946E+00   0.105889E+00   0.782380E+00   0.782380E+00
   0.226946E+01   0.610002E+00   0.105470E+00   0.776753E+00   0.776753E+00
   0.227420E+01   0.788779E+00   0.105459E+00   0.771209E+00   0.771209E+00
   0.227895E+01   0.741599E+00   0.105292E+00   0.765756E+00   0.765756E+00
   0.228369E+01   0.815426E+00   0.105161E+00   0.760391E+00   0.760391E+00
   0.228843E+01   0.802762E+00   0.105207E+00   0.755114E+00   0.755114E+00
   0.229318E+01   0.932071E+00   0.105140E+00   0.749923E+00   0.749923E+00
   0.229792E+01   0.777232E+00   0.104910E+00   0.744819E+00   0.744819E+00
   0.230266E+01   0.841540E+00   0.105021E+00   0.739803E+00   0.739803E+00
   0.230740E+01   0.710167E+00   0.104614E+00   0.734872E+00   0.734872E+00
   0.231215E+01   0.602402E+00   0.104398E+00   0.730028E+00   0.730028E+00
   0.231689E+01   0.717593E+00   0.104372E+00   0.725269E+00   0.725269E+00
   0.232163E+01   0.716094E+00   0.104395E+00   0.720597E+00   0.720597E+00
   0.232638E+01   0.699617E+00   0.104261E+00   0.716009E+00   0.716009E+00
   0.233112E+01   0.653407E+00   0.103983E+00   0.711505E+00   0.711505E+00
   0.233586E+01   0.855005E+00   0.104000E+00   0.707086E+00   0.707086E+00
   0.234060E+01   0.780146E+00   0.103728E+00   0.702749E+00   0.702749E+00
   0.234535E+01   0.668583E+00   0.103627E+00   0.698496E+00   0.698496E+00
   0.235009E+01   0.780143E+00   0.103552E+00   0.694326E+00   0.694326E+00
   0.235483E+01   0.657338E+00   0.103356E+00   0.690237E+00   0.690237E+00
   0.235957E+01   0.774987E+00   0.103339E+00   0.686231E+00   0.686231E+00
   0.236432E+01   0.733704E+00   0.103182E+00   0.682304E+00   0.682304E+00
   0.236906E+01   0.686611E+00   0.103085E+00   0.678457E+00   0.678457E+00
   0.237380E+01   0.727779E+00   0.102853E+00   0.674690E+00   0.674690E+00
   0.237855E+01   0.767224E+00   0.102869E+00   0.671001E+00   0.671001E+00
   0.238329E+01   0.713722E+00   0.102728E+00   0.667394E+00   0.667394E+00
   0.238803E+01   0.621674E+00   0.102613E+00   0.663857E+00   0.663857E+00
   0.239277E+01   0.590566E+00   0.102545E+00   0.660400E+00   0.660400E+00
   0.239752E+01   0.525973E+00   0.102252E+00   0.657019E+00   0.657019E+00
   0.240226E+01   0.630486E+00   0.102215E+00   0.653712E+00   0.653712E+00
   0.240700E+01   0.593198E+00   0.102080E+00   0.650478E+00   0.650478E+00
   0.241175E+01   0.614647E+00   0.102133E+00   0.647318E+00   0.647318E+00
   0.241649E+01   0.672061E+00   0.101934E+00   0.644229E+00   0.644229E+00
   0.242123E+01   0.681847E+00   0.101723E+00   0.641212E+00   0.641212E+00
   0.242598E+01   0.455429E+00   0.101668E+00   0.638265E+00   0.638265E+00
   0.243072E+01   0.477259E+00   0.101447E+00   0.635387E+00   0.635387E+00
   0.243546E+01   0.580552E+00   0.101458E+00   0.632577E+00   0.632577E+00
   0.244020E+01   0.715575E+00   0.101528E+00   0.629834E+00   0.629834E+00
   0.244495E+01   0.689366E+00   0.101388E+00   0.627157E+00   0.627157E+00
   0.244969E+01   0.681134E+00   0.101355E+00   0.624545E+00   0.624545E+00
   0.245443E+01   0.597602E+00   0.101149E+00   0.621996E+00   0.621996E+00
   0.245918E+01   0.558382E+00   0.101070E+00   0.619511E+00   0.619511E+00
   0.246392E+01   0.514624E+00   0.100749E+00   0.617087E+00   0.617087E+00
   0.246866E+01   0.556035E+00   0.100817E+00   0.614724E+00   0.614724E+00
   0.247340E+01   0.644054E+00   0.100782E+00   0.612419E+00   0.612419E+00
   0.247815E+01   0.648320E+00   0.100558E+00   0.610173E+00   0.610173E+00
   0.248289E+01   0.567186E+00   0.100398E+00   0.607984E+00   0.607984E+00
   0.248763E+01   0.583078E+00   0.100450E+00   0.605850E+00   0.605850E+00
   0.249238E+01   0.501069E+00   0.100326E+00   0.603770E+00   0.603770E+00
   0.249712E+01   0.514929E+00   0.100192E+00   0.601746E+00   0.601746E+00
   0.250186E+01   0.489304E+00   0.100117E+00   0.599771E+00   0.599771E+00
   0.250660E+01   0.618832E+00   0.999747E-01   0.597847E+00   0.597847E+00
   0.251135E+01   0.583879E+00   0.998141E-01   0.595973E+00   0.595973E+00
   0.251609E+01   0.627005E+00   0.996277E-01   0.594147E+00   0.594147E+00
   0.252083E+01   0.579443E+00   0.995997E-01   0.592368E+00   0.592368E+00
   0.252558E+01   0.608009E+00   0.993274E-01   0.590635E+00   0.590635E+00
   0.253032E+01   0.636964E+00   0.991039E-01   0.588945E+00   0.588945E+00
   0.253506E+01   0.545935E+00   0.990579E-01   0.587299E+00   0.587299E+00
   0.253980E+01   0.537461E+00   0.990636E-01   0.585694E+00   0.585694E+00
   0.254455E+01   0.511347E+00   0.989384E-01   0.584129E+00   0.584129E+00
   0.254929E+01   0.615157E+00   0.988046E-01   0.582604E+00   0.582604E+00
   0.255403E+01   0.617407E+00   0.986639E-01   0.581115E+00   0.581115E+00
   0.255878E+01   0.569909E+00   0.984984E-01   0.579664E+00   0.579664E+00
   0.256352E+01   0.589829E+00   0.984172E-01   0.578247E+00   0.578247E+00
   0.256826E+01   0.579559E+00   0.983737E-01   0.576864E+00   0.576864E+00
   0.257300E+01   0.715025E+00   0.985650E-01   0.575513E+00   0.575513E+00
   0.257775E+01   0.542416E+00   0.983880E-01   0.574193E+00   0.574193E+00
   0.258249E+01   0.618695E+00   0.983949E-01   0.572903E+00   0.572903E+00
   0.258723E+01   0.499736E+00   0.981953E-01   0.571641E+00   0.571641E+00
   0.259198E+01   0.465084E+00   0.981332E-01   0.570407E+00   0.570407E+00
   0.259672E+01   0.682830E+00   0.981619E-01   0.569198E+00   0.569198E+00
   0.260146E+01   0.710773E+00   0.980741E-01   0.568014E+00   0.568014E+00
   0.260620E+01   0.612164E+00   0.979641E-01   0.566852E+00   0.566852E+00
   0.261095E+01   0.578180E+00   0.978579E-01   0.565713E+00   0.565713E+00
   0.261569E+01   0.606962E+00   0.978240E-01   0.564595E+00   0.564595E+00
   0.262043E+01   0.478642E+00   0.977273E-01   0.563497E+00   0.563497E+00
   0.262518E+01   0.597594E+00   0.975739E-01   0.562416E+00   0.562416E+00
   0.262992E+01   0.609687E+00   0.975395E-01   0.561353E+00   0.561353E+00
   0.263466E+01   0.504502E+00   0.974946E-01   0.560305E+00   0.560305E+00
   0.263940E+01   0.606657E+00   0.974345E-01   0.559272E+00   0.559272E+00
   0.264415E+01   0.622783E+00   0.973818E-01   0.558253E+00   0.558253E+00
   0.264889E+01   0.586012E+00   0.971898E-01   0.557245E+00   0.557245E+00
   0.265363E+01   0.522990E+00   0.970549E-01   0.556250E+00   0.556250E+00
   0.265838E+01   0.500027E+00   0.970198E-01   0.555264E+00   0.555264E+00
   0.266312E+01   0.428795E+00   0.968430E-01   0.554287E+00   0.554287E+00
   0.266786E+01   0.597568E+00   0.969217E-01   0.553318E+00   0.553318E+00
   0.267260E+01   0.596284E+00   0.968278E-01   0.552356E+00   0.552356E+00
   0.267735E+01   0.440183E+00   0.965317E-01   0.551400E+00   0.551400E+00
   0.268209E+01   0.619516E+00   0.964718E-01   0.550449E+00   0.550449E+00
   0.268683E+01   0.617498E+00   0.964461E-01   0.549501E+00   0.549501E+00
   0.269158E+01   0.533210E+00   0.963906E-01   0.548557E+00   0.548557E+00
   0.269632E+01   0.574313E+00   0.962621E-01   0.547614E+00   0.547614E+00
   0.270106E+01   0.539797E+00   0.961678E-01   0.546673E+00   0.546673E+00
   0.270580E+01   0.613694E+00   0.960532E-01   0.545731E+00   0.545731E+00
   0.271055E+01   0.556613E+00   0.960339E-01   0.544790E+00   0.544790E+00
   0.271529E+01   0.548224E+00   0.961253E-01   0.543846E+00   0.543846E+00
   0.272003E+01   0.389262E+00   0.958082E-01   0.542902E+00   0.542902E+00
   0.272478E+01   0.594276E+00   0.957515E-01   0.541950E+00   0.541950E+00
   0.272952E+01   0.443251E+00   0.955982E-01   0.540999E+00   0.540999E+00
   0.273426E+01   0.520642E+00   0.955590E-01   0.540041E+00   0.540041E+00
   0.273901E+01   0.558252E+00   0.954993E-01   0.539079E+00   0.539079E+00
   0.274375E+01   0.470908E+00   0.954075E-01   0.538110E+00   0.538110E+00
   0.274849E+01   0.498655E+00   0.952942E-01   0.537135E+00   0.537135E+00
   0.275323E+01   0.474011E+00   0.953391E-01   0.536153E+00   0.536153E+00
   0.275798E+01   0.557313E+00   0.952898E-01   0.535163E+00   0.535163E+00
   0.276272E+01   0.413120E+00   0.951351E-01   0.534164E+00   0.534164E+00
   0.276746E+01   0.512164E+00   0.950281E-01   0.533157E+00   0.533157E+00
   0.277221E+01   0.591137E+00   0.949512E-01   0.532141E+00   0.532141E+00
   0.277695E+01   0.536697E+00   0.946886E-01   0.531114E+00   0.531114E+00
   0.278169E+01   0.613531E+00   0.948146E-01   0.530078E+00   0.530078E+00
   0.278643E+01   0.580062E+00   0.947887E-01   0.529031E+00   0.529031E+00
   0.279118E+01   0.612932E+00   0.946753E-01   0.527973E+00   0.527973E+00
   0.279592E+01   0.469781E+00   0.945094E-01   0.526903E+00   0.526903E+00
   0.280066E+01   0.507596E+00   0.944544E-01   0.525822E+00   0.525822E+00
   0.280540E+01   0.517439E+00   0.943826E-01   0.524729E+00   0.524729E+00
   0.281015E+01   0.599018E+00   0.943986E-01   0.523624E+00   0.523624E+00
   0.281489E+01   0.615685E+00   0.945860E-01   0.522507E+00   0.522507E+00
   0.281963E+01   0.606182E+00   0.963042E-01   0.521377E+00   0.521377E+00
   0.282438E+01   0.547666E+00   0.982411E-01   0.520234E+00   0.520234E+00
   0.282912E+01   0.620160E+00   0.995016E-01   0.519078E+00   0.519078E+00
   0.283386E+01   0.407831E+00   0.100180E+00   0.517912E+00   0.517912E+00
   0.283860E+01   0.589679E+00   0.101178E+00   0.516727E+00   0.516727E+00
   0.284335E+01   0.548410E+00   0.101453E+00   0.515533E+00   0.515533E+00
   0.284809E+01   0.359845E+00   0.101826E+00   0.514325E+00   0.514325E+00
   0.285283E+01   0.380681E+00   0.102094E+00   0.513104E+00   0.513104E+00
   0.285758E+01   0.424458E+00   0.102387E+00   0.511869E+00   0.511869E+00
   0.286232E+01   0.438857E+00   0.102759E+00   0.510622E+00   0.510622E+00
   0.286706E+01   0.618210E+00   0.103059E+00   0.509361E+00   0.509361E+00
   0.287181E+01   0.524092E+00   0.103127E+00   0.508088E+00   0.508088E+00
   0.287655E+01   0.634450E+00   0.103352E+00   0.506802E+00   0.506802E+00
   0.288129E+01   0.471899E+00   0.103191E+00   0.505504E+00   0.505504E+00
   0.288603E+01   0.440450E+00   0.100454E+00   0.504193E+00   0.504193E+00
   0.289078E+01   0.533403E+00   0.987584E-01   0.502869E+00   0.502869E+00
   0.289552E+01   0.571825E+00   0.977415E-01   0.501534E+00   0.501534E+00
   0.290026E+01   0.496357E+00   0.968784E-01   0.500187E+00   0.500187E+00
   0.290501E+01   0.514790E+00   0.962738E-01   0.498829E+00   0.498829E+00
   0.290975E+01   0.553992E+00   0.959725E-01   0.497459E+00   0.497459E+00
   0.291449E+01   0.581869E+00   0.957479E-01   0.496079E+00   0.496079E+00
   0.291923E+01   0.427681E+00   0.955318E-01   0.494688E+00   0.494688E+00
   0.292398E+01   0.466788E+00   0.952001E-01   0.493287E+00   0.493287E+00
   0.292872E+01   0.417861E+00   0.951046E-01   0.491875E+00   0.491875E+00
   0.293346E+01   0.462078E+00   0.949928E-01   0.490455E+00   0.490455E+00
   0.293820E+01   0.430547E+00   0.948555E-01   0.489025E+00   0.489025E+00
   0.294295E+01   0.305606E+00   0.947206E-01   0.487586E+00   0.487586E+00
   0.294769E+01   0.553307E+00   0.945315E-01   0.486140E+00   0.486140E+00
   0.295243E+01   0.464027E+00   0.943841E-01   0.484684E+00   0.484684E+00
   0.295718E+01   0.479093E+00   0.942926E-01   0.483223E+00   0.483223E+00
   0.296192E+01   0.406591E+00   0.942287E-01   0.481754E+00   0.481754E+00
   0.296666E+01   0.486083E+00   0.939469E-01   0.480279E+00   0.480279E+00
   0.297140E+01   0.441301E+00   0.938552E-01   0.478797E+00   0.478797E+00
   0.297615E+01   0.493170E+00   0.937025E-01   0.477310E+00   0.477310E+00
   0.298089E+01   0.453412E+00   0.935987E-01   0.475818E+00   0.475818E+00
   0.298563E+01   0.654178E+00   0.935427E-01   0.474322E+00   0.474322E+00
   0.299038E+01   0.522684E+00   0.934220E-01   0.472822E+00   0.472822E+00
   0.299512E+01   0.515947E+00   0.932729E-01   0.471318E+00   0.471318E+00
   0.299986E+01   0.520798E+00   0.931856E-01   0.469811E+00   0.469811E+00

           ####      Real Space Data                               ####

           Distance distribution  function of particle  


      R          P(R)      ERROR

  0.0000E+00  0.0000E+00  0.0000E+00
  0.4138E-01  0.1464E-01  0.1135E-02
  0.8275E-01  0.2989E-01  0.2075E-02
  0.1241E+00  0.4574E-01  0.2821E-02
  0.1655E+00  0.6219E-01  0.3380E-02
  0.2069E+00  0.7922E-01  0.3759E-02
  0.2483E+00  0.9683E-01  0.3966E-02
  0.2896E+00  0.1150E+00  0.4013E-02
  0.3310E+00  0.1337E+00  0.3913E-02
  0.3724E+00  0.1529E+00  0.3679E-02
  0.4138E+00  0.1727E+00  0.3329E-02
  0.4551E+00  0.1929E+00  0.2879E-02
  0.4965E+00  0.2135E+00  0.2352E-02
  0.5379E+00  0.2346E+00  0.1777E-02
  0.5793E+00  0.2560E+00  0.1211E-02
  0.6206E+00  0.2778E+00  0.8286E-03
  0.6620E+00  0.2999E+00  0.9775E-03
  0.7034E+00  0.3222E+00  0.1521E-02
  0.7448E+00  0.3448E+00  0.2169E-02
  0.7861E+00  0.3675E+00  0.2826E-02
  0.8275E+00  0.3904E+00  0.3455E-02
  0.8689E+00  0.4133E+00  0.4036E-02
  0.9103E+00  0.4363E+00  0.4553E-02
  0.9516E+00  0.4592E+00  0.4995E-02
  0.9930E+00  0.4820E+00  0.5352E-02
  0.1034E+01  0.5047E+00  0.5618E-02
  0.1076E+01  0.5272E+00  0.5787E-02
  0.1117E+01  0.5494E+00  0.5857E-02
  0.1159E+01  0.5713E+00  0.5827E-02
  0.1200E+01  0.5928E+00  0.5700E-02
  0.1241E+01  0.6139E+00  0.5477E-02
  0.1283E+01  0.6344E+00  0.5166E-02
  0.1324E+01  0.6545E+00  0.4774E-02
  0.1365E+01  0.6738E+00  0.4314E-02
  0.1407E+01  0.6926E+00  0.3800E-02
  0.1448E+01  0.7106E+00  0.3256E-02
  0.1490E+01  0.7278E+00  0.2714E-02
  0.1531E+01  0.7442E+00  0.2233E-02
  0.1572E+01  0.7597E+00  0.1908E-02
  0.1614E+01  0.7743E+00  0.1856E-02
  0.1655E+01  0.7879E+00  0.2105E-02
  0.1696E+01  0.8006E+00  0.2560E-02
  0.1738E+01  0.8122E+00  0.3112E-02
  0.1779E+01  0.8228E+00  0.3692E-02
  0.1821E+01  0.8323E+00  0.4259E-02
  0.1862E+01  0.8407E+00  0.4788E-02
  0.1903E+01  0.8480E+00  0.5261E-02
  0.1945E+01  0.8542E+00  0.5664E-02
  0.1986E+01  0.8593E+00  0.5987E-02
  0.2027E+01  0.8633E+00  0.6224E-02
  0.2069E+01  0.8662E+00  0.6370E-02
  0.2110E+01  0.8680E+00  0.6421E-02
  0.2152E+01  0.8688E+00  0.6377E-02
  0.2193E+01  0.8685E+00  0.6239E-02
  0.2234E+01  0.8671E+00  0.6012E-02
  0.2276E+01  0.8648E+00  0.5701E-02
  0.2317E+01  0.8616E+00  0.5317E-02
  0.2358E+01  0.8574E+00  0.4871E-02
  0.2400E+01  0.8524E+00  0.4382E-02
  0.2441E+01  0.8465E+00  0.3874E-02
  0.2483E+01  0.8399E+00  0.3386E-02
  0.2524E+01  0.8325E+00  0.2969E-02
  0.2565E+01  0.8245E+00  0.2698E-02
  0.2607E+01  0.8159E+00  0.2644E-02
  0.2648E+01  0.8068E+00  0.2829E-02
  0.2689E+01  0.7971E+00  0.3209E-02
  0.2731E+01  0.7870E+00  0.3709E-02
  0.2772E+01  0.7766E+00  0.4267E-02
  0.2814E+01  0.7658E+00  0.4836E-02
  0.2855E+01  0.7547E+00  0.5385E-02
  0.2896E+01  0.7435E+00  0.5892E-02
  0.2938E+01  0.7321E+00  0.6341E-02
  0.2979E+01  0.7206E+00  0.6719E-02
  0.3020E+01  0.7090E+00  0.7016E-02
  0.3062E+01  0.6974E+00  0.7227E-02
  0.3103E+01  0.6859E+00  0.7346E-02
  0.3145E+01  0.6744E+00  0.7372E-02
  0.3186E+01  0.6630E+00  0.7305E-02
  0.3227E+01  0.6517E+00  0.7148E-02
  0.3269E+01  0.6406E+00  0.6906E-02
  0.3310E+01  0.6297E+00  0.6587E-02
  0.3351E+01  0.6190E+00  0.6203E-02
  0.3393E+01  0.6085E+00  0.5768E-02
  0.3434E+01  0.5982E+00  0.5303E-02
  0.3476E+01  0.5881E+00  0.4834E-02
  0.3517E+01  0.5783E+00  0.4396E-02
  0.3558E+01  0.5687E+00  0.4032E-02
  0.3600E+01  0.5594E+00  0.3792E-02
  0.3641E+01  0.5503E+00  0.3719E-02
  0.3682E+01  0.5414E+00  0.3829E-02
  0.3724E+01  0.5327E+00  0.4103E-02
  0.3765E+01  0.5242E+00  0.4498E-02
  0.3807E+01  0.5158E+00  0.4966E-02
  0.3848E+01  0.5077E+00  0.5466E-02
  0.3889E+01  0.4996E+00  0.5963E-02
  0.3931E+01  0.4917E+00  0.6434E-02
  0.3972E+01  0.4839E+00  0.6859E-02
  0.4013E+01  0.4762E+00  0.7224E-02
  0.4055E+01  0.4686E+00  0.7519E-02
  0.4096E+01  0.4610E+00  0.7737E-02
  0.4138E+01  0.4534E+00  0.7873E-02
  0.4179E+01  0.4458E+00  0.7927E-02
  0.4220E+01  0.4383E+00  0.7900E-02
  0.4262E+01  0.4307E+00  0.7795E-02
  0.4303E+01  0.4231E+00  0.7620E-02
  0.4344E+01  0.4154E+00  0.7383E-02
  0.4386E+01  0.4078E+00  0.7097E-02
  0.4427E+01  0.4000E+00  0.6778E-02
  0.4469E+01  0.3922E+00  0.6444E-02
  0.4510E+01  0.3844E+00  0.6116E-02
  0.4551E+01  0.3764E+00  0.5820E-02
  0.4593E+01  0.3684E+00  0.5580E-02
  0.4634E+01  0.3604E+00  0.5418E-02
  0.4675E+01  0.3523E+00  0.5352E-02
  0.4717E+01  0.3442E+00  0.5385E-02
  0.4758E+01  0.3360E+00  0.5512E-02
  0.4800E+01  0.3278E+00  0.5716E-02
  0.4841E+01  0.3196E+00  0.5973E-02
  0.4882E+01  0.3113E+00  0.6260E-02
  0.4924E+01  0.3031E+00  0.6553E-02
  0.4965E+01  0.2949E+00  0.6833E-02
  0.5006E+01  0.2868E+00  0.7084E-02
  0.5048E+01  0.2786E+00  0.7293E-02
  0.5089E+01  0.2706E+00  0.7452E-02
  0.5131E+01  0.2626E+00  0.7556E-02
  0.5172E+01  0.2547E+00  0.7604E-02
  0.5213E+01  0.2469E+00  0.7596E-02
  0.5255E+01  0.2392E+00  0.7539E-02
  0.5296E+01  0.2316E+00  0.7439E-02
  0.5337E+01  0.2242E+00  0.7307E-02
  0.5379E+01  0.2169E+00  0.7155E-02
  0.5420E+01  0.2097E+00  0.7000E-02
  0.5462E+01  0.2027E+00  0.6856E-02
  0.5503E+01  0.1958E+00  0.6739E-02
  0.5544E+01  0.1891E+00  0.6662E-02
  0.5586E+01  0.1826E+00  0.6637E-02
  0.5627E+01  0.1762E+00  0.6667E-02
  0.5668E+01  0.1700E+00  0.6750E-02
  0.5710E+01  0.1640E+00  0.6879E-02
  0.5751E+01  0.1581E+00  0.7044E-02
  0.5793E+01  0.1524E+00  0.7228E-02
  0.5834E+01  0.1468E+00  0.7418E-02
  0.5875E+01  0.1415E+00  0.7599E-02
  0.5917E+01  0.1362E+00  0.7759E-02
  0.5958E+01  0.1312E+00  0.7888E-02
  0.5999E+01  0.1263E+00  0.7979E-02
  0.6041E+01  0.1216E+00  0.8030E-02
  0.6082E+01  0.1170E+00  0.8042E-02
  0.6124E+01  0.1126E+00  0.8020E-02
  0.6165E+01  0.1084E+00  0.7973E-02
  0.6206E+01  0.1044E+00  0.7912E-02
  0.6248E+01  0.1005E+00  0.7854E-02
  0.6289E+01  0.9681E-01  0.7816E-02
  0.6330E+01  0.9331E-01  0.7813E-02
  0.6372E+01  0.9000E-01  0.7862E-02
  0.6413E+01  0.8689E-01  0.7971E-02
  0.6455E+01  0.8399E-01  0.8143E-02
  0.6496E+01  0.8130E-01  0.8374E-02
  0.6537E+01  0.7883E-01  0.8653E-02
  0.6579E+01  0.7659E-01  0.8962E-02
  0.6620E+01  0.7459E-01  0.9281E-02
  0.6661E+01  0.7283E-01  0.9589E-02
  0.6703E+01  0.7130E-01  0.9865E-02
  0.6744E+01  0.7003E-01  0.1009E-01
  0.6786E+01  0.6899E-01  0.1025E-01
  0.6827E+01  0.6819E-01  0.1032E-01
  0.6868E+01  0.6762E-01  0.1031E-01
  0.6910E+01  0.6726E-01  0.1022E-01
  0.6951E+01  0.6711E-01  0.1004E-01
  0.6992E+01  0.6713E-01  0.9801E-02
  0.7034E+01  0.6730E-01  0.9520E-02
  0.7075E+01  0.6758E-01  0.9238E-02
  0.7117E+01  0.6793E-01  0.9000E-02
  0.7158E+01  0.6830E-01  0.8858E-02
  0.7199E+01  0.6863E-01  0.8862E-02
  0.7241E+01  0.6886E-01  0.9042E-02
  0.7282E+01  0.6890E-01  0.9404E-02
  0.7323E+01  0.6868E-01  0.9919E-02
  0.7365E+01  0.6809E-01  0.1053E-01
  0.7406E+01  0.6704E-01  0.1117E-01
  0.7448E+01  0.6540E-01  0.1175E-01
  0.7489E+01  0.6305E-01  0.1220E-01
  0.7530E+01  0.5985E-01  0.1242E-01
  0.7572E+01  0.5565E-01  0.1232E-01
  0.7613E+01  0.5031E-01  0.1182E-01
  0.7654E+01  0.4363E-01  0.1082E-01
  0.7696E+01  0.3546E-01  0.9241E-02
  0.7737E+01  0.2560E-01  0.6973E-02
  0.7779E+01  0.1384E-01  0.3926E-02
  0.7820E+01  0.0000E+00  0.0000E+00
