
           ####      G N O M             Version 5.0 (r13469)      ####
                                               Wed Dec 15 15:10:35 2021

           ####      Configuration                                 ####

    System Type:                   arbitrary monodisperse (job = 0)
    Minimum characteristic size:         0.0000
    Maximum characteristic size:         7.3500
    rad56:                               0.0000
    Force 0.0 at r = rmin:                  yes
    Force 0.0 at r = rmax:                  yes
    Initial alpha:                       0.0000
    Initial random seed:    1435936970263769186
    Points in real space:                   190

    Input  1:                      temp-inp.dat
    First data point used:                    1
    Last data point used:                   570
    Scaling coefficient:             0.1000E+01
    Experimental setup:            point collimation



           ####      Results                                       ####

    Parameter    DISCRP  OSCILL  STABIL  SYSDEV  POSITV  VALCEN  SMOOTH
    Weight        1.000   3.000   3.000   3.000   1.000   1.000   1.000
    Sigma         0.300   0.600   0.120   0.120   0.120   0.120   0.600
    Ideal         0.700   1.100   0.000   1.000   1.000   0.950   0.000
    Current       0.738   1.250   0.013   0.661   1.000   0.890   2.981
               --------------------------------------------------------
    Estimate      0.984   0.939   0.989   0.000   1.000   0.778   0.000

    Angular range:                       0.3012 to       2.9999
    Reciprocal space Rg:             0.2430E+01
    Reciprocal space I(0):           0.5828E+02

    Real space range:                    0.0000 to       7.3500
    Real space Rg:                   0.2439E+01 +-   0.4845E-02
    Real space I(0):                 0.5829E+02 +-   0.1004E+00

    Highest ALPHA (theor):           0.7366E+02
    Current ALPHA:                   0.1149E+02

    Total Estimate:                      0.6575 (a REASONABLE solution)



           ####      Experimental Data and Fit                     ####

      S          J EXP       ERROR       J REG       I REG

   0.000000E+00                                                0.582857E+02
   0.107561E-01                                                0.582723E+02
   0.215123E-01                                                0.582322E+02
   0.322684E-01                                                0.581655E+02
   0.430246E-01                                                0.580722E+02
   0.537807E-01                                                0.579526E+02
   0.645368E-01                                                0.578067E+02
   0.752930E-01                                                0.576348E+02
   0.860491E-01                                                0.574371E+02
   0.968053E-01                                                0.572141E+02
   0.107561E+00                                                0.569659E+02
   0.118318E+00                                                0.566930E+02
   0.129074E+00                                                0.563958E+02
   0.139830E+00                                                0.560747E+02
   0.150586E+00                                                0.557302E+02
   0.161342E+00                                                0.553629E+02
   0.172098E+00                                                0.549732E+02
   0.182854E+00                                                0.545618E+02
   0.193611E+00                                                0.541292E+02
   0.204367E+00                                                0.536761E+02
   0.215123E+00                                                0.532032E+02
   0.225879E+00                                                0.527110E+02
   0.236635E+00                                                0.522004E+02
   0.247391E+00                                                0.516720E+02
   0.258147E+00                                                0.511266E+02
   0.268903E+00                                                0.505649E+02
   0.279660E+00                                                0.499878E+02
   0.290416E+00                                                0.493960E+02
   0.301172E+00   0.491004E+02   0.220250E+00   0.487903E+02   0.487903E+02
   0.305915E+00   0.487040E+02   0.218180E+00   0.485190E+02   0.485190E+02
   0.310658E+00   0.487180E+02   0.215939E+00   0.482453E+02   0.482453E+02
   0.315400E+00   0.484742E+02   0.214064E+00   0.479691E+02   0.479691E+02
   0.320143E+00   0.478892E+02   0.211877E+00   0.476906E+02   0.476906E+02
   0.324886E+00   0.474126E+02   0.209455E+00   0.474099E+02   0.474099E+02
   0.329629E+00   0.472943E+02   0.207675E+00   0.471270E+02   0.471270E+02
   0.334372E+00   0.473702E+02   0.206386E+00   0.468419E+02   0.468419E+02
   0.339115E+00   0.470771E+02   0.206659E+00   0.465549E+02   0.465549E+02
   0.343858E+00   0.466182E+02   0.208869E+00   0.462658E+02   0.462658E+02
   0.348601E+00   0.462560E+02   0.213836E+00   0.459749E+02   0.459749E+02
   0.353343E+00   0.459309E+02   0.217100E+00   0.456821E+02   0.456821E+02
   0.358086E+00   0.455651E+02   0.219066E+00   0.453876E+02   0.453876E+02
   0.362829E+00   0.452041E+02   0.220680E+00   0.450914E+02   0.450914E+02
   0.367572E+00   0.449073E+02   0.222234E+00   0.447935E+02   0.447935E+02
   0.372315E+00   0.444347E+02   0.223377E+00   0.444942E+02   0.444942E+02
   0.377058E+00   0.441943E+02   0.224027E+00   0.441933E+02   0.441933E+02
   0.381801E+00   0.442122E+02   0.225477E+00   0.438911E+02   0.438911E+02
   0.386543E+00   0.438571E+02   0.225911E+00   0.435876E+02   0.435876E+02
   0.391286E+00   0.435486E+02   0.226311E+00   0.432828E+02   0.432828E+02
   0.396029E+00   0.430049E+02   0.226641E+00   0.429768E+02   0.429768E+02
   0.400772E+00   0.426685E+02   0.227887E+00   0.426697E+02   0.426697E+02
   0.405515E+00   0.425586E+02   0.235440E+00   0.423615E+02   0.423615E+02
   0.410258E+00   0.420918E+02   0.240657E+00   0.420524E+02   0.420524E+02
   0.415001E+00   0.416459E+02   0.245313E+00   0.417424E+02   0.417424E+02
   0.419744E+00   0.414228E+02   0.248722E+00   0.414316E+02   0.414316E+02
   0.424486E+00   0.413409E+02   0.252701E+00   0.411200E+02   0.411200E+02
   0.429229E+00   0.408202E+02   0.255422E+00   0.408077E+02   0.408077E+02
   0.433972E+00   0.405119E+02   0.259041E+00   0.404948E+02   0.404948E+02
   0.438715E+00   0.404167E+02   0.262465E+00   0.401813E+02   0.401813E+02
   0.443458E+00   0.398184E+02   0.265629E+00   0.398674E+02   0.398674E+02
   0.448201E+00   0.394618E+02   0.269561E+00   0.395530E+02   0.395530E+02
   0.452944E+00   0.393666E+02   0.273897E+00   0.392383E+02   0.392383E+02
   0.457686E+00   0.385690E+02   0.275341E+00   0.389233E+02   0.389233E+02
   0.462429E+00   0.382338E+02   0.276999E+00   0.386080E+02   0.386080E+02
   0.467172E+00   0.383008E+02   0.276319E+00   0.382926E+02   0.382926E+02
   0.471915E+00   0.388107E+02   0.266200E+00   0.379771E+02   0.379771E+02
   0.476658E+00   0.377108E+02   0.259480E+00   0.376616E+02   0.376616E+02
   0.481401E+00   0.372533E+02   0.255394E+00   0.373461E+02   0.373461E+02
   0.486144E+00   0.368594E+02   0.252677E+00   0.370307E+02   0.370307E+02
   0.490887E+00   0.366319E+02   0.249743E+00   0.367155E+02   0.367155E+02
   0.495629E+00   0.362350E+02   0.247502E+00   0.364005E+02   0.364005E+02
   0.500372E+00   0.357741E+02   0.245423E+00   0.360858E+02   0.360858E+02
   0.505115E+00   0.353590E+02   0.243254E+00   0.357714E+02   0.357714E+02
   0.509858E+00   0.352160E+02   0.241414E+00   0.354574E+02   0.354574E+02
   0.514601E+00   0.347025E+02   0.239875E+00   0.351438E+02   0.351438E+02
   0.519344E+00   0.344831E+02   0.238236E+00   0.348308E+02   0.348308E+02
   0.524087E+00   0.338331E+02   0.236005E+00   0.345183E+02   0.345183E+02
   0.528829E+00   0.339420E+02   0.234905E+00   0.342065E+02   0.342065E+02
   0.533572E+00   0.335033E+02   0.233642E+00   0.338953E+02   0.338953E+02
   0.538315E+00   0.335575E+02   0.231837E+00   0.335849E+02   0.335849E+02
   0.543058E+00   0.329420E+02   0.229366E+00   0.332752E+02   0.332752E+02
   0.547801E+00   0.325931E+02   0.227566E+00   0.329664E+02   0.329664E+02
   0.552544E+00   0.326678E+02   0.225812E+00   0.326585E+02   0.326585E+02
   0.557287E+00   0.322568E+02   0.224151E+00   0.323515E+02   0.323515E+02
   0.562029E+00   0.318550E+02   0.221869E+00   0.320455E+02   0.320455E+02
   0.566772E+00   0.314477E+02   0.219848E+00   0.317406E+02   0.317406E+02
   0.571515E+00   0.312370E+02   0.218282E+00   0.314367E+02   0.314367E+02
   0.576258E+00   0.305795E+02   0.216089E+00   0.311339E+02   0.311339E+02
   0.581001E+00   0.304037E+02   0.215311E+00   0.308323E+02   0.308323E+02
   0.585744E+00   0.303353E+02   0.213975E+00   0.305320E+02   0.305320E+02
   0.590487E+00   0.301811E+02   0.213313E+00   0.302329E+02   0.302329E+02
   0.595230E+00   0.296239E+02   0.212171E+00   0.299351E+02   0.299351E+02
   0.599972E+00   0.290709E+02   0.211184E+00   0.296387E+02   0.296387E+02
   0.604715E+00   0.291478E+02   0.210618E+00   0.293436E+02   0.293436E+02
   0.609458E+00   0.287717E+02   0.209126E+00   0.290500E+02   0.290500E+02
   0.614201E+00   0.282321E+02   0.208637E+00   0.287578E+02   0.287578E+02
   0.618944E+00   0.283268E+02   0.207427E+00   0.284672E+02   0.284672E+02
   0.623687E+00   0.279370E+02   0.206326E+00   0.281781E+02   0.281781E+02
   0.628430E+00   0.274032E+02   0.205848E+00   0.278905E+02   0.278905E+02
   0.633173E+00   0.273646E+02   0.205360E+00   0.276046E+02   0.276046E+02
   0.637915E+00   0.272667E+02   0.204537E+00   0.273203E+02   0.273203E+02
   0.642658E+00   0.267898E+02   0.203686E+00   0.270377E+02   0.270377E+02
   0.647401E+00   0.266119E+02   0.202425E+00   0.267567E+02   0.267567E+02
   0.652144E+00   0.262629E+02   0.201809E+00   0.264776E+02   0.264776E+02
   0.656887E+00   0.259780E+02   0.201048E+00   0.262001E+02   0.262001E+02
   0.661630E+00   0.259496E+02   0.200662E+00   0.259245E+02   0.259245E+02
   0.666373E+00   0.254777E+02   0.199272E+00   0.256507E+02   0.256507E+02
   0.671115E+00   0.252176E+02   0.198794E+00   0.253787E+02   0.253787E+02
   0.675858E+00   0.249191E+02   0.197620E+00   0.251087E+02   0.251087E+02
   0.680601E+00   0.248559E+02   0.197411E+00   0.248405E+02   0.248405E+02
   0.685344E+00   0.245538E+02   0.196217E+00   0.245742E+02   0.245742E+02
   0.690087E+00   0.244473E+02   0.195589E+00   0.243098E+02   0.243098E+02
   0.694830E+00   0.238278E+02   0.194721E+00   0.240475E+02   0.240475E+02
   0.699573E+00   0.237247E+02   0.194258E+00   0.237871E+02   0.237871E+02
   0.704315E+00   0.233796E+02   0.193410E+00   0.235287E+02   0.235287E+02
   0.709058E+00   0.231003E+02   0.192778E+00   0.232723E+02   0.232723E+02
   0.713801E+00   0.227845E+02   0.192161E+00   0.230179E+02   0.230179E+02
   0.718544E+00   0.226586E+02   0.191282E+00   0.227656E+02   0.227656E+02
   0.723287E+00   0.224191E+02   0.190380E+00   0.225154E+02   0.225154E+02
   0.728030E+00   0.223310E+02   0.189875E+00   0.222672E+02   0.222672E+02
   0.732773E+00   0.219805E+02   0.189365E+00   0.220212E+02   0.220212E+02
   0.737515E+00   0.218131E+02   0.188346E+00   0.217772E+02   0.217772E+02
   0.742258E+00   0.215923E+02   0.187842E+00   0.215354E+02   0.215354E+02
   0.747001E+00   0.213593E+02   0.186704E+00   0.212956E+02   0.212956E+02
   0.751744E+00   0.210417E+02   0.186175E+00   0.210580E+02   0.210580E+02
   0.756487E+00   0.209196E+02   0.184996E+00   0.208226E+02   0.208226E+02
   0.761230E+00   0.206025E+02   0.184686E+00   0.205893E+02   0.205893E+02
   0.765973E+00   0.204740E+02   0.184442E+00   0.203581E+02   0.203581E+02
   0.770716E+00   0.203583E+02   0.183599E+00   0.201292E+02   0.201292E+02
   0.775459E+00   0.201303E+02   0.183090E+00   0.199023E+02   0.199023E+02
   0.780201E+00   0.199205E+02   0.182656E+00   0.196777E+02   0.196777E+02
   0.784944E+00   0.193670E+02   0.181395E+00   0.194552E+02   0.194552E+02
   0.789687E+00   0.192666E+02   0.181026E+00   0.192349E+02   0.192349E+02
   0.794430E+00   0.189036E+02   0.180375E+00   0.190168E+02   0.190168E+02
   0.799173E+00   0.186665E+02   0.179311E+00   0.188008E+02   0.188008E+02
   0.803916E+00   0.184763E+02   0.178590E+00   0.185870E+02   0.185870E+02
   0.808658E+00   0.181456E+02   0.178305E+00   0.183754E+02   0.183754E+02
   0.813401E+00   0.181671E+02   0.177564E+00   0.181660E+02   0.181660E+02
   0.818144E+00   0.180832E+02   0.177472E+00   0.179587E+02   0.179587E+02
   0.822887E+00   0.178731E+02   0.177222E+00   0.177537E+02   0.177537E+02
   0.827630E+00   0.175151E+02   0.176361E+00   0.175507E+02   0.175507E+02
   0.832373E+00   0.175351E+02   0.175333E+00   0.173500E+02   0.173500E+02
   0.837116E+00   0.174453E+02   0.175303E+00   0.171513E+02   0.171513E+02
   0.841859E+00   0.173149E+02   0.174658E+00   0.169549E+02   0.169549E+02
   0.846601E+00   0.168673E+02   0.174585E+00   0.167605E+02   0.167605E+02
   0.851344E+00   0.166900E+02   0.173023E+00   0.165683E+02   0.165683E+02
   0.856087E+00   0.166009E+02   0.173035E+00   0.163782E+02   0.163782E+02
   0.860830E+00   0.163061E+02   0.171777E+00   0.161903E+02   0.161903E+02
   0.865573E+00   0.161738E+02   0.171436E+00   0.160044E+02   0.160044E+02
   0.870316E+00   0.158692E+02   0.170896E+00   0.158207E+02   0.158207E+02
   0.875059E+00   0.160547E+02   0.170849E+00   0.156390E+02   0.156390E+02
   0.879802E+00   0.156923E+02   0.170055E+00   0.154594E+02   0.154594E+02
   0.884544E+00   0.154970E+02   0.169776E+00   0.152818E+02   0.152818E+02
   0.889287E+00   0.152892E+02   0.168649E+00   0.151064E+02   0.151064E+02
   0.894030E+00   0.153275E+02   0.168248E+00   0.149329E+02   0.149329E+02
   0.898773E+00   0.150020E+02   0.167859E+00   0.147615E+02   0.147615E+02
   0.903516E+00   0.148700E+02   0.167061E+00   0.145921E+02   0.145921E+02
   0.908259E+00   0.147168E+02   0.166304E+00   0.144246E+02   0.144246E+02
   0.913002E+00   0.145001E+02   0.166105E+00   0.142592E+02   0.142592E+02
   0.917744E+00   0.143450E+02   0.165577E+00   0.140958E+02   0.140958E+02
   0.922487E+00   0.140897E+02   0.164909E+00   0.139342E+02   0.139342E+02
   0.927230E+00   0.140804E+02   0.164504E+00   0.137747E+02   0.137747E+02
   0.931973E+00   0.139673E+02   0.164184E+00   0.136170E+02   0.136170E+02
   0.936716E+00   0.137971E+02   0.163957E+00   0.134613E+02   0.134613E+02
   0.941459E+00   0.133221E+02   0.162975E+00   0.133074E+02   0.133074E+02
   0.946202E+00   0.132829E+02   0.162412E+00   0.131554E+02   0.131554E+02
   0.950944E+00   0.132498E+02   0.162094E+00   0.130053E+02   0.130053E+02
   0.955687E+00   0.129800E+02   0.161815E+00   0.128570E+02   0.128570E+02
   0.960430E+00   0.130356E+02   0.161249E+00   0.127105E+02   0.127105E+02
   0.965173E+00   0.129029E+02   0.160479E+00   0.125658E+02   0.125658E+02
   0.969916E+00   0.125186E+02   0.160065E+00   0.124230E+02   0.124230E+02
   0.974659E+00   0.123658E+02   0.159741E+00   0.122818E+02   0.122818E+02
   0.979402E+00   0.122338E+02   0.159134E+00   0.121424E+02   0.121424E+02
   0.984144E+00   0.121456E+02   0.158969E+00   0.120048E+02   0.120048E+02
   0.988887E+00   0.120059E+02   0.158260E+00   0.118688E+02   0.118688E+02
   0.993630E+00   0.119622E+02   0.157790E+00   0.117346E+02   0.117346E+02
   0.998373E+00   0.117818E+02   0.157589E+00   0.116020E+02   0.116020E+02
   0.100312E+01   0.114866E+02   0.156836E+00   0.114710E+02   0.114710E+02
   0.100786E+01   0.114362E+02   0.156599E+00   0.113417E+02   0.113417E+02
   0.101260E+01   0.114791E+02   0.155970E+00   0.112140E+02   0.112140E+02
   0.101734E+01   0.110741E+02   0.155700E+00   0.110879E+02   0.110879E+02
   0.102209E+01   0.109825E+02   0.155013E+00   0.109634E+02   0.109634E+02
   0.102683E+01   0.107893E+02   0.154691E+00   0.108404E+02   0.108404E+02
   0.103157E+01   0.108578E+02   0.154445E+00   0.107189E+02   0.107189E+02
   0.103632E+01   0.104959E+02   0.153996E+00   0.105990E+02   0.105990E+02
   0.104106E+01   0.105785E+02   0.153874E+00   0.104805E+02   0.104805E+02
   0.104580E+01   0.103973E+02   0.153069E+00   0.103635E+02   0.103635E+02
   0.105055E+01   0.101858E+02   0.152703E+00   0.102480E+02   0.102480E+02
   0.105529E+01   0.103203E+02   0.151999E+00   0.101339E+02   0.101339E+02
   0.106003E+01   0.101283E+02   0.151919E+00   0.100212E+02   0.100212E+02
   0.106477E+01   0.992293E+01   0.151215E+00   0.990991E+01   0.990991E+01
   0.106952E+01   0.990317E+01   0.151231E+00   0.979998E+01   0.979998E+01
   0.107426E+01   0.974499E+01   0.151327E+00   0.969140E+01   0.969140E+01
   0.107900E+01   0.973701E+01   0.150073E+00   0.958415E+01   0.958415E+01
   0.108374E+01   0.970514E+01   0.150171E+00   0.947821E+01   0.947821E+01
   0.108849E+01   0.941453E+01   0.149312E+00   0.937357E+01   0.937357E+01
   0.109323E+01   0.931755E+01   0.148740E+00   0.927022E+01   0.927022E+01
   0.109797E+01   0.926481E+01   0.148853E+00   0.916810E+01   0.916810E+01
   0.110272E+01   0.904929E+01   0.148585E+00   0.906722E+01   0.906722E+01
   0.110746E+01   0.916973E+01   0.148196E+00   0.896756E+01   0.896756E+01
   0.111220E+01   0.876071E+01   0.147375E+00   0.886910E+01   0.886910E+01
   0.111695E+01   0.899185E+01   0.147459E+00   0.877181E+01   0.877181E+01
   0.112169E+01   0.882844E+01   0.147199E+00   0.867569E+01   0.867569E+01
   0.112643E+01   0.864949E+01   0.146365E+00   0.858073E+01   0.858073E+01
   0.113117E+01   0.867038E+01   0.146312E+00   0.848687E+01   0.848687E+01
   0.113592E+01   0.846478E+01   0.145916E+00   0.839412E+01   0.839412E+01
   0.114066E+01   0.839682E+01   0.145561E+00   0.830246E+01   0.830246E+01
   0.114540E+01   0.822658E+01   0.145451E+00   0.821187E+01   0.821187E+01
   0.115014E+01   0.816311E+01   0.144643E+00   0.812234E+01   0.812234E+01
   0.115489E+01   0.817925E+01   0.144449E+00   0.803384E+01   0.803384E+01
   0.115963E+01   0.799030E+01   0.143888E+00   0.794636E+01   0.794636E+01
   0.116437E+01   0.781023E+01   0.143804E+00   0.785991E+01   0.785991E+01
   0.116912E+01   0.750418E+01   0.143127E+00   0.777442E+01   0.777442E+01
   0.117386E+01   0.744501E+01   0.143114E+00   0.768991E+01   0.768991E+01
   0.117860E+01   0.751593E+01   0.142925E+00   0.760635E+01   0.760635E+01
   0.118335E+01   0.739264E+01   0.142677E+00   0.752374E+01   0.752374E+01
   0.118809E+01   0.742856E+01   0.142683E+00   0.744204E+01   0.744204E+01
   0.119283E+01   0.710051E+01   0.141686E+00   0.736126E+01   0.736126E+01
   0.119757E+01   0.730978E+01   0.141559E+00   0.728139E+01   0.728139E+01
   0.120232E+01   0.733177E+01   0.141410E+00   0.720238E+01   0.720238E+01
   0.120706E+01   0.714116E+01   0.141726E+00   0.712423E+01   0.712423E+01
   0.121180E+01   0.701776E+01   0.146233E+00   0.704694E+01   0.704694E+01
   0.121654E+01   0.681252E+01   0.149005E+00   0.697049E+01   0.697049E+01
   0.122129E+01   0.682204E+01   0.150890E+00   0.689486E+01   0.689486E+01
   0.122603E+01   0.663602E+01   0.152999E+00   0.682004E+01   0.682004E+01
   0.123077E+01   0.687667E+01   0.153970E+00   0.674602E+01   0.674602E+01
   0.123552E+01   0.684026E+01   0.155714E+00   0.667281E+01   0.667281E+01
   0.124026E+01   0.643657E+01   0.157135E+00   0.660035E+01   0.660035E+01
   0.124500E+01   0.643282E+01   0.158437E+00   0.652865E+01   0.652865E+01
   0.124975E+01   0.640991E+01   0.159123E+00   0.645770E+01   0.645770E+01
   0.125449E+01   0.636147E+01   0.160831E+00   0.638748E+01   0.638748E+01
   0.125923E+01   0.633472E+01   0.160971E+00   0.631800E+01   0.631800E+01
   0.126397E+01   0.598592E+01   0.160981E+00   0.624923E+01   0.624923E+01
   0.126872E+01   0.611007E+01   0.161530E+00   0.618118E+01   0.618118E+01
   0.127346E+01   0.610028E+01   0.159413E+00   0.611380E+01   0.611380E+01
   0.127820E+01   0.606842E+01   0.153585E+00   0.604712E+01   0.604712E+01
   0.128295E+01   0.593974E+01   0.150546E+00   0.598110E+01   0.598110E+01
   0.128769E+01   0.566226E+01   0.148307E+00   0.591575E+01   0.591575E+01
   0.129243E+01   0.574474E+01   0.146420E+00   0.585106E+01   0.585106E+01
   0.129717E+01   0.577973E+01   0.145314E+00   0.578701E+01   0.578701E+01
   0.130192E+01   0.569483E+01   0.143257E+00   0.572361E+01   0.572361E+01
   0.130666E+01   0.567593E+01   0.142301E+00   0.566083E+01   0.566083E+01
   0.131140E+01   0.530309E+01   0.140647E+00   0.559866E+01   0.559866E+01
   0.131614E+01   0.546149E+01   0.139966E+00   0.553711E+01   0.553711E+01
   0.132089E+01   0.550565E+01   0.139944E+00   0.547616E+01   0.547616E+01
   0.132563E+01   0.535301E+01   0.138765E+00   0.541581E+01   0.541581E+01
   0.133037E+01   0.534100E+01   0.138214E+00   0.535605E+01   0.535605E+01
   0.133512E+01   0.521496E+01   0.137921E+00   0.529687E+01   0.529687E+01
   0.133986E+01   0.495394E+01   0.137261E+00   0.523828E+01   0.523828E+01
   0.134460E+01   0.513011E+01   0.137039E+00   0.518024E+01   0.518024E+01
   0.134935E+01   0.492416E+01   0.136720E+00   0.512277E+01   0.512277E+01
   0.135409E+01   0.481428E+01   0.136639E+00   0.506585E+01   0.506585E+01
   0.135883E+01   0.483755E+01   0.136416E+00   0.500948E+01   0.500948E+01
   0.136357E+01   0.460560E+01   0.135736E+00   0.495365E+01   0.495365E+01
   0.136832E+01   0.450525E+01   0.135252E+00   0.489837E+01   0.489837E+01
   0.137306E+01   0.473755E+01   0.134662E+00   0.484363E+01   0.484363E+01
   0.137780E+01   0.473001E+01   0.134838E+00   0.478941E+01   0.478941E+01
   0.138254E+01   0.464931E+01   0.134364E+00   0.473571E+01   0.473571E+01
   0.138729E+01   0.465664E+01   0.134213E+00   0.468252E+01   0.468252E+01
   0.139203E+01   0.455582E+01   0.133641E+00   0.462986E+01   0.462986E+01
   0.139677E+01   0.456505E+01   0.133305E+00   0.457770E+01   0.457770E+01
   0.140152E+01   0.465968E+01   0.133413E+00   0.452605E+01   0.452605E+01
   0.140626E+01   0.443599E+01   0.132942E+00   0.447490E+01   0.447490E+01
   0.141100E+01   0.449231E+01   0.132845E+00   0.442425E+01   0.442425E+01
   0.141575E+01   0.406702E+01   0.132258E+00   0.437409E+01   0.437409E+01
   0.142049E+01   0.418255E+01   0.131963E+00   0.432443E+01   0.432443E+01
   0.142523E+01   0.402479E+01   0.132013E+00   0.427524E+01   0.427524E+01
   0.142997E+01   0.415892E+01   0.131530E+00   0.422655E+01   0.422655E+01
   0.143472E+01   0.410885E+01   0.131062E+00   0.417833E+01   0.417833E+01
   0.143946E+01   0.399970E+01   0.130660E+00   0.413059E+01   0.413059E+01
   0.144420E+01   0.400887E+01   0.130729E+00   0.408333E+01   0.408333E+01
   0.144894E+01   0.408227E+01   0.130644E+00   0.403654E+01   0.403654E+01
   0.145369E+01   0.398320E+01   0.130557E+00   0.399022E+01   0.399022E+01
   0.145843E+01   0.378251E+01   0.130105E+00   0.394436E+01   0.394436E+01
   0.146317E+01   0.379298E+01   0.130125E+00   0.389897E+01   0.389897E+01
   0.146792E+01   0.370733E+01   0.129453E+00   0.385404E+01   0.385404E+01
   0.147266E+01   0.379720E+01   0.129360E+00   0.380957E+01   0.380957E+01
   0.147740E+01   0.371571E+01   0.128749E+00   0.376557E+01   0.376557E+01
   0.148215E+01   0.371216E+01   0.128821E+00   0.372201E+01   0.372201E+01
   0.148689E+01   0.371094E+01   0.128315E+00   0.367891E+01   0.367891E+01
   0.149163E+01   0.373676E+01   0.128255E+00   0.363626E+01   0.363626E+01
   0.149637E+01   0.356193E+01   0.128014E+00   0.359406E+01   0.359406E+01
   0.150112E+01   0.339788E+01   0.127885E+00   0.355231E+01   0.355231E+01
   0.150586E+01   0.353056E+01   0.130287E+00   0.351101E+01   0.351101E+01
   0.151060E+01   0.358498E+01   0.134083E+00   0.347015E+01   0.347015E+01
   0.151534E+01   0.345188E+01   0.135998E+00   0.342974E+01   0.342974E+01
   0.152009E+01   0.343497E+01   0.137959E+00   0.338976E+01   0.338976E+01
   0.152483E+01   0.336421E+01   0.138765E+00   0.335023E+01   0.335023E+01
   0.152957E+01   0.331673E+01   0.139813E+00   0.331114E+01   0.331114E+01
   0.153432E+01   0.310214E+01   0.136423E+00   0.327248E+01   0.327248E+01
   0.153906E+01   0.314174E+01   0.134357E+00   0.323426E+01   0.323426E+01
   0.154380E+01   0.318153E+01   0.133172E+00   0.319647E+01   0.319647E+01
   0.154855E+01   0.322733E+01   0.131117E+00   0.315912E+01   0.315912E+01
   0.155329E+01   0.320516E+01   0.130214E+00   0.312220E+01   0.312220E+01
   0.155803E+01   0.315603E+01   0.129036E+00   0.308571E+01   0.308571E+01
   0.156277E+01   0.298505E+01   0.127714E+00   0.304964E+01   0.304964E+01
   0.156752E+01   0.306891E+01   0.126183E+00   0.301401E+01   0.301401E+01
   0.157226E+01   0.289958E+01   0.125480E+00   0.297880E+01   0.297880E+01
   0.157700E+01   0.297795E+01   0.125053E+00   0.294401E+01   0.294401E+01
   0.158175E+01   0.288382E+01   0.124432E+00   0.290965E+01   0.290965E+01
   0.158649E+01   0.286639E+01   0.124698E+00   0.287571E+01   0.287571E+01
   0.159123E+01   0.284219E+01   0.124660E+00   0.284219E+01   0.284219E+01
   0.159597E+01   0.280861E+01   0.124957E+00   0.280909E+01   0.280909E+01
   0.160072E+01   0.286676E+01   0.125096E+00   0.277640E+01   0.277640E+01
   0.160546E+01   0.274855E+01   0.124764E+00   0.274413E+01   0.274413E+01
   0.161020E+01   0.247591E+01   0.124203E+00   0.271227E+01   0.271227E+01
   0.161495E+01   0.255231E+01   0.123962E+00   0.268082E+01   0.268082E+01
   0.161969E+01   0.265348E+01   0.123890E+00   0.264980E+01   0.264980E+01
   0.162443E+01   0.254425E+01   0.123775E+00   0.261917E+01   0.261917E+01
   0.162917E+01   0.263152E+01   0.123979E+00   0.258895E+01   0.258895E+01
   0.163392E+01   0.261622E+01   0.123233E+00   0.255913E+01   0.255913E+01
   0.163866E+01   0.257627E+01   0.123404E+00   0.252972E+01   0.252972E+01
   0.164340E+01   0.259038E+01   0.122793E+00   0.250071E+01   0.250071E+01
   0.164815E+01   0.252783E+01   0.123006E+00   0.247209E+01   0.247209E+01
   0.165289E+01   0.253360E+01   0.122771E+00   0.244388E+01   0.244388E+01
   0.165763E+01   0.239081E+01   0.122391E+00   0.241606E+01   0.241606E+01
   0.166237E+01   0.239570E+01   0.121854E+00   0.238863E+01   0.238863E+01
   0.166712E+01   0.245006E+01   0.121805E+00   0.236159E+01   0.236159E+01
   0.167186E+01   0.246034E+01   0.121545E+00   0.233494E+01   0.233494E+01
   0.167660E+01   0.248264E+01   0.121638E+00   0.230867E+01   0.230867E+01
   0.168135E+01   0.221302E+01   0.121755E+00   0.228279E+01   0.228279E+01
   0.168609E+01   0.223623E+01   0.121045E+00   0.225729E+01   0.225729E+01
   0.169083E+01   0.218767E+01   0.120618E+00   0.223217E+01   0.223217E+01
   0.169557E+01   0.226103E+01   0.121087E+00   0.220742E+01   0.220742E+01
   0.170032E+01   0.229575E+01   0.120333E+00   0.218305E+01   0.218305E+01
   0.170506E+01   0.205293E+01   0.120262E+00   0.215904E+01   0.215904E+01
   0.170980E+01   0.218876E+01   0.120166E+00   0.213540E+01   0.213540E+01
   0.171455E+01   0.196284E+01   0.119802E+00   0.211213E+01   0.211213E+01
   0.171929E+01   0.229829E+01   0.119794E+00   0.208921E+01   0.208921E+01
   0.172403E+01   0.213223E+01   0.119558E+00   0.206666E+01   0.206666E+01
   0.172877E+01   0.207211E+01   0.119111E+00   0.204446E+01   0.204446E+01
   0.173352E+01   0.196362E+01   0.119085E+00   0.202261E+01   0.202261E+01
   0.173826E+01   0.198423E+01   0.118660E+00   0.200111E+01   0.200111E+01
   0.174300E+01   0.196318E+01   0.118708E+00   0.197996E+01   0.197996E+01
   0.174775E+01   0.205950E+01   0.118910E+00   0.195915E+01   0.195915E+01
   0.175249E+01   0.205504E+01   0.118234E+00   0.193867E+01   0.193867E+01
   0.175723E+01   0.196221E+01   0.118377E+00   0.191853E+01   0.191853E+01
   0.176197E+01   0.189400E+01   0.118043E+00   0.189873E+01   0.189873E+01
   0.176672E+01   0.203374E+01   0.117877E+00   0.187925E+01   0.187925E+01
   0.177146E+01   0.191644E+01   0.117794E+00   0.186009E+01   0.186009E+01
   0.177620E+01   0.190238E+01   0.117269E+00   0.184126E+01   0.184126E+01
   0.178095E+01   0.194629E+01   0.117418E+00   0.182274E+01   0.182274E+01
   0.178569E+01   0.193161E+01   0.116945E+00   0.180453E+01   0.180453E+01
   0.179043E+01   0.171075E+01   0.116996E+00   0.178664E+01   0.178664E+01
   0.179517E+01   0.168203E+01   0.116949E+00   0.176905E+01   0.176905E+01
   0.179992E+01   0.178529E+01   0.116515E+00   0.175176E+01   0.175176E+01
   0.180466E+01   0.192325E+01   0.116508E+00   0.173476E+01   0.173476E+01
   0.180940E+01   0.174682E+01   0.116088E+00   0.171806E+01   0.171806E+01
   0.181415E+01   0.169608E+01   0.116242E+00   0.170165E+01   0.170165E+01
   0.181889E+01   0.180656E+01   0.115791E+00   0.168552E+01   0.168552E+01
   0.182363E+01   0.169015E+01   0.115729E+00   0.166967E+01   0.166967E+01
   0.182838E+01   0.173602E+01   0.115634E+00   0.165410E+01   0.165410E+01
   0.183312E+01   0.180012E+01   0.115548E+00   0.163881E+01   0.163881E+01
   0.183786E+01   0.163790E+01   0.115321E+00   0.162378E+01   0.162378E+01
   0.184260E+01   0.163303E+01   0.115411E+00   0.160901E+01   0.160901E+01
   0.184735E+01   0.153000E+01   0.115038E+00   0.159450E+01   0.159450E+01
   0.185209E+01   0.158831E+01   0.114839E+00   0.158024E+01   0.158024E+01
   0.185683E+01   0.172749E+01   0.114648E+00   0.156624E+01   0.156624E+01
   0.186157E+01   0.163392E+01   0.114593E+00   0.155248E+01   0.155248E+01
   0.186632E+01   0.140453E+01   0.114573E+00   0.153897E+01   0.153897E+01
   0.187106E+01   0.142030E+01   0.114029E+00   0.152569E+01   0.152569E+01
   0.187580E+01   0.153772E+01   0.113958E+00   0.151264E+01   0.151264E+01
   0.188055E+01   0.148015E+01   0.113866E+00   0.149982E+01   0.149982E+01
   0.188529E+01   0.163801E+01   0.113699E+00   0.148722E+01   0.148722E+01
   0.189003E+01   0.163076E+01   0.113441E+00   0.147484E+01   0.147484E+01
   0.189478E+01   0.142065E+01   0.113299E+00   0.146268E+01   0.146268E+01
   0.189952E+01   0.145577E+01   0.113158E+00   0.145073E+01   0.145073E+01
   0.190426E+01   0.153584E+01   0.113321E+00   0.143898E+01   0.143898E+01
   0.190900E+01   0.145761E+01   0.112863E+00   0.142743E+01   0.142743E+01
   0.191375E+01   0.136694E+01   0.112841E+00   0.141608E+01   0.141608E+01
   0.191849E+01   0.137783E+01   0.112758E+00   0.140492E+01   0.140492E+01
   0.192323E+01   0.151684E+01   0.112678E+00   0.139395E+01   0.139395E+01
   0.192797E+01   0.139302E+01   0.112789E+00   0.138316E+01   0.138316E+01
   0.193272E+01   0.141250E+01   0.112181E+00   0.137256E+01   0.137256E+01
   0.193746E+01   0.133552E+01   0.111759E+00   0.136213E+01   0.136213E+01
   0.194220E+01   0.147117E+01   0.111802E+00   0.135186E+01   0.135186E+01
   0.194695E+01   0.142404E+01   0.111352E+00   0.134176E+01   0.134176E+01
   0.195169E+01   0.135043E+01   0.110941E+00   0.133183E+01   0.133183E+01
   0.195643E+01   0.127522E+01   0.110904E+00   0.132205E+01   0.132205E+01
   0.196117E+01   0.118342E+01   0.110875E+00   0.131243E+01   0.131243E+01
   0.196592E+01   0.123028E+01   0.110813E+00   0.130295E+01   0.130295E+01
   0.197066E+01   0.143455E+01   0.110677E+00   0.129362E+01   0.129362E+01
   0.197540E+01   0.132076E+01   0.110414E+00   0.128443E+01   0.128443E+01
   0.198015E+01   0.133276E+01   0.110600E+00   0.127538E+01   0.127538E+01
   0.198489E+01   0.138602E+01   0.110520E+00   0.126645E+01   0.126645E+01
   0.198963E+01   0.144522E+01   0.110680E+00   0.125766E+01   0.125766E+01
   0.199438E+01   0.107682E+01   0.110268E+00   0.124900E+01   0.124900E+01
   0.199912E+01   0.128365E+01   0.110229E+00   0.124045E+01   0.124045E+01
   0.200386E+01   0.132829E+01   0.110179E+00   0.123202E+01   0.123202E+01
   0.200860E+01   0.115551E+01   0.110243E+00   0.122371E+01   0.122371E+01
   0.201335E+01   0.117028E+01   0.111343E+00   0.121550E+01   0.121550E+01
   0.201809E+01   0.128216E+01   0.114184E+00   0.120740E+01   0.120740E+01
   0.202283E+01   0.133146E+01   0.116218E+00   0.119941E+01   0.119941E+01
   0.202758E+01   0.125299E+01   0.117673E+00   0.119151E+01   0.119151E+01
   0.203232E+01   0.113903E+01   0.118661E+00   0.118371E+01   0.118371E+01
   0.203706E+01   0.965652E+00   0.119598E+00   0.117600E+01   0.117600E+01
   0.204180E+01   0.116298E+01   0.120575E+00   0.116839E+01   0.116839E+01
   0.204655E+01   0.123037E+01   0.121386E+00   0.116085E+01   0.116085E+01
   0.205129E+01   0.994671E+00   0.121610E+00   0.115341E+01   0.115341E+01
   0.205603E+01   0.102831E+01   0.121918E+00   0.114604E+01   0.114604E+01
   0.206078E+01   0.125665E+01   0.122152E+00   0.113874E+01   0.113874E+01
   0.206552E+01   0.106861E+01   0.122315E+00   0.113153E+01   0.113153E+01
   0.207026E+01   0.108877E+01   0.122807E+00   0.112438E+01   0.112438E+01
   0.207500E+01   0.114241E+01   0.122780E+00   0.111730E+01   0.111730E+01
   0.207975E+01   0.959278E+00   0.120202E+00   0.111029E+01   0.111029E+01
   0.208449E+01   0.104808E+01   0.117116E+00   0.110334E+01   0.110334E+01
   0.208923E+01   0.898835E+00   0.115579E+00   0.109646E+01   0.109646E+01
   0.209397E+01   0.963707E+00   0.114375E+00   0.108963E+01   0.108963E+01
   0.209872E+01   0.985625E+00   0.113002E+00   0.108285E+01   0.108285E+01
   0.210346E+01   0.110375E+01   0.112408E+00   0.107613E+01   0.107613E+01
   0.210820E+01   0.960285E+00   0.111142E+00   0.106947E+01   0.106947E+01
   0.211295E+01   0.779556E+00   0.111137E+00   0.106285E+01   0.106285E+01
   0.211769E+01   0.104127E+01   0.110992E+00   0.105628E+01   0.105628E+01
   0.212243E+01   0.113010E+01   0.110658E+00   0.104976E+01   0.104976E+01
   0.212717E+01   0.107399E+01   0.110268E+00   0.104327E+01   0.104327E+01
   0.213192E+01   0.100325E+01   0.109895E+00   0.103684E+01   0.103684E+01
   0.213666E+01   0.980366E+00   0.109769E+00   0.103044E+01   0.103044E+01
   0.214140E+01   0.978227E+00   0.109675E+00   0.102408E+01   0.102408E+01
   0.214615E+01   0.107122E+01   0.109265E+00   0.101776E+01   0.101776E+01
   0.215089E+01   0.844580E+00   0.109310E+00   0.101147E+01   0.101147E+01
   0.215563E+01   0.112926E+01   0.109024E+00   0.100522E+01   0.100522E+01
   0.216038E+01   0.111066E+01   0.108979E+00   0.999005E+00   0.999005E+00
   0.216512E+01   0.914378E+00   0.108727E+00   0.992820E+00   0.992820E+00
   0.216986E+01   0.998802E+00   0.108650E+00   0.986665E+00   0.986665E+00
   0.217460E+01   0.813221E+00   0.108088E+00   0.980541E+00   0.980541E+00
   0.217935E+01   0.104097E+01   0.108023E+00   0.974446E+00   0.974446E+00
   0.218409E+01   0.708711E+00   0.107827E+00   0.968381E+00   0.968381E+00
   0.218883E+01   0.869849E+00   0.107971E+00   0.962342E+00   0.962342E+00
   0.219358E+01   0.785745E+00   0.107930E+00   0.956330E+00   0.956330E+00
   0.219832E+01   0.920171E+00   0.107410E+00   0.950344E+00   0.950344E+00
   0.220306E+01   0.863368E+00   0.107421E+00   0.944384E+00   0.944384E+00
   0.220780E+01   0.783695E+00   0.107399E+00   0.938449E+00   0.938449E+00
   0.221255E+01   0.906100E+00   0.106990E+00   0.932539E+00   0.932539E+00
   0.221729E+01   0.825128E+00   0.106850E+00   0.926654E+00   0.926654E+00
   0.222203E+01   0.851168E+00   0.107015E+00   0.920793E+00   0.920793E+00
   0.222677E+01   0.837499E+00   0.106745E+00   0.914955E+00   0.914955E+00
   0.223152E+01   0.789350E+00   0.106448E+00   0.909142E+00   0.909142E+00
   0.223626E+01   0.701874E+00   0.106326E+00   0.903352E+00   0.903352E+00
   0.224100E+01   0.766058E+00   0.106355E+00   0.897586E+00   0.897586E+00
   0.224575E+01   0.845250E+00   0.105870E+00   0.891844E+00   0.891844E+00
   0.225049E+01   0.791080E+00   0.106014E+00   0.886126E+00   0.886126E+00
   0.225523E+01   0.949624E+00   0.105725E+00   0.880433E+00   0.880433E+00
   0.225997E+01   0.813811E+00   0.105643E+00   0.874763E+00   0.874763E+00
   0.226472E+01   0.894477E+00   0.105424E+00   0.869118E+00   0.869118E+00
   0.226946E+01   0.839200E+00   0.105477E+00   0.863501E+00   0.863501E+00
   0.227420E+01   0.813294E+00   0.105259E+00   0.857904E+00   0.857904E+00
   0.227895E+01   0.712762E+00   0.105392E+00   0.852335E+00   0.852335E+00
   0.228369E+01   0.697371E+00   0.105083E+00   0.846792E+00   0.846792E+00
   0.228843E+01   0.829178E+00   0.105108E+00   0.841278E+00   0.841278E+00
   0.229318E+01   0.724801E+00   0.104663E+00   0.835790E+00   0.835790E+00
   0.229792E+01   0.728777E+00   0.104589E+00   0.830329E+00   0.830329E+00
   0.230266E+01   0.625561E+00   0.104654E+00   0.824898E+00   0.824898E+00
   0.230740E+01   0.834546E+00   0.104324E+00   0.819495E+00   0.819495E+00
   0.231215E+01   0.747633E+00   0.103908E+00   0.814123E+00   0.814123E+00
   0.231689E+01   0.801968E+00   0.104057E+00   0.808782E+00   0.808782E+00
   0.232163E+01   0.828481E+00   0.103848E+00   0.803473E+00   0.803473E+00
   0.232638E+01   0.973081E+00   0.103864E+00   0.798196E+00   0.798196E+00
   0.233112E+01   0.872955E+00   0.103902E+00   0.792952E+00   0.792952E+00
   0.233586E+01   0.671042E+00   0.103753E+00   0.787742E+00   0.787742E+00
   0.234060E+01   0.692979E+00   0.103424E+00   0.782567E+00   0.782567E+00
   0.234535E+01   0.692829E+00   0.103294E+00   0.777428E+00   0.777428E+00
   0.235009E+01   0.711190E+00   0.103008E+00   0.772326E+00   0.772326E+00
   0.235483E+01   0.704702E+00   0.103064E+00   0.767262E+00   0.767262E+00
   0.235957E+01   0.729032E+00   0.103379E+00   0.762237E+00   0.762237E+00
   0.236432E+01   0.676666E+00   0.102952E+00   0.757251E+00   0.757251E+00
   0.236906E+01   0.733855E+00   0.103215E+00   0.752306E+00   0.752306E+00
   0.237380E+01   0.751624E+00   0.102647E+00   0.747403E+00   0.747403E+00
   0.237855E+01   0.863346E+00   0.103058E+00   0.742541E+00   0.742541E+00
   0.238329E+01   0.704215E+00   0.102283E+00   0.737728E+00   0.737728E+00
   0.238803E+01   0.579578E+00   0.102337E+00   0.732951E+00   0.732951E+00
   0.239277E+01   0.715053E+00   0.102286E+00   0.728225E+00   0.728225E+00
   0.239752E+01   0.840919E+00   0.102022E+00   0.723545E+00   0.723545E+00
   0.240226E+01   0.691347E+00   0.102379E+00   0.718912E+00   0.718912E+00
   0.240700E+01   0.601895E+00   0.101847E+00   0.714327E+00   0.714327E+00
   0.241175E+01   0.631142E+00   0.102139E+00   0.709792E+00   0.709792E+00
   0.241649E+01   0.553140E+00   0.101765E+00   0.705308E+00   0.705308E+00
   0.242123E+01   0.638581E+00   0.101483E+00   0.700875E+00   0.700875E+00
   0.242598E+01   0.850973E+00   0.101385E+00   0.696494E+00   0.696494E+00
   0.243072E+01   0.703948E+00   0.101222E+00   0.692167E+00   0.692167E+00
   0.243546E+01   0.702939E+00   0.101404E+00   0.687894E+00   0.687894E+00
   0.244020E+01   0.824844E+00   0.101174E+00   0.683675E+00   0.683675E+00
   0.244495E+01   0.773769E+00   0.100957E+00   0.679513E+00   0.679513E+00
   0.244969E+01   0.642218E+00   0.100698E+00   0.675407E+00   0.675407E+00
   0.245443E+01   0.509573E+00   0.100725E+00   0.671359E+00   0.671359E+00
   0.245918E+01   0.715120E+00   0.100803E+00   0.667368E+00   0.667368E+00
   0.246392E+01   0.658092E+00   0.100504E+00   0.663438E+00   0.663438E+00
   0.246866E+01   0.614557E+00   0.100827E+00   0.659567E+00   0.659567E+00
   0.247340E+01   0.599573E+00   0.100382E+00   0.655756E+00   0.655756E+00
   0.247815E+01   0.620270E+00   0.100229E+00   0.652006E+00   0.652006E+00
   0.248289E+01   0.594216E+00   0.100234E+00   0.648318E+00   0.648318E+00
   0.248763E+01   0.521289E+00   0.999926E-01   0.644692E+00   0.644692E+00
   0.249238E+01   0.625880E+00   0.100132E+00   0.641129E+00   0.641129E+00
   0.249712E+01   0.591936E+00   0.100074E+00   0.637631E+00   0.637631E+00
   0.250186E+01   0.604453E+00   0.999737E-01   0.634196E+00   0.634196E+00
   0.250660E+01   0.524935E+00   0.998666E-01   0.630825E+00   0.630825E+00
   0.251135E+01   0.668446E+00   0.995135E-01   0.627518E+00   0.627518E+00
   0.251609E+01   0.615163E+00   0.993829E-01   0.624277E+00   0.624277E+00
   0.252083E+01   0.628511E+00   0.998059E-01   0.621102E+00   0.621102E+00
   0.252558E+01   0.704026E+00   0.991622E-01   0.617992E+00   0.617992E+00
   0.253032E+01   0.644186E+00   0.987049E-01   0.614948E+00   0.614948E+00
   0.253506E+01   0.615049E+00   0.989361E-01   0.611971E+00   0.611971E+00
   0.253980E+01   0.669375E+00   0.987574E-01   0.609060E+00   0.609060E+00
   0.254455E+01   0.798692E+00   0.988218E-01   0.606215E+00   0.606215E+00
   0.254929E+01   0.575617E+00   0.983813E-01   0.603437E+00   0.603437E+00
   0.255403E+01   0.597435E+00   0.986140E-01   0.600725E+00   0.600725E+00
   0.255878E+01   0.671995E+00   0.985392E-01   0.598080E+00   0.598080E+00
   0.256352E+01   0.586965E+00   0.981074E-01   0.595502E+00   0.595502E+00
   0.256826E+01   0.611389E+00   0.982961E-01   0.592991E+00   0.592991E+00
   0.257300E+01   0.597261E+00   0.982916E-01   0.590545E+00   0.590545E+00
   0.257775E+01   0.682603E+00   0.982935E-01   0.588166E+00   0.588166E+00
   0.258249E+01   0.613805E+00   0.982250E-01   0.585852E+00   0.585852E+00
   0.258723E+01   0.506452E+00   0.981766E-01   0.583604E+00   0.583604E+00
   0.259198E+01   0.572417E+00   0.979076E-01   0.581421E+00   0.581421E+00
   0.259672E+01   0.572415E+00   0.981455E-01   0.579303E+00   0.579303E+00
   0.260146E+01   0.755012E+00   0.977461E-01   0.577249E+00   0.577249E+00
   0.260620E+01   0.599054E+00   0.976260E-01   0.575258E+00   0.575258E+00
   0.261095E+01   0.604054E+00   0.980357E-01   0.573332E+00   0.573332E+00
   0.261569E+01   0.576520E+00   0.974381E-01   0.571470E+00   0.571470E+00
   0.262043E+01   0.635845E+00   0.975942E-01   0.569669E+00   0.569669E+00
   0.262518E+01   0.574708E+00   0.975864E-01   0.567929E+00   0.567929E+00
   0.262992E+01   0.543098E+00   0.976733E-01   0.566250E+00   0.566250E+00
   0.263466E+01   0.576024E+00   0.971970E-01   0.564632E+00   0.564632E+00
   0.263940E+01   0.617558E+00   0.971891E-01   0.563073E+00   0.563073E+00
   0.264415E+01   0.578682E+00   0.969361E-01   0.561573E+00   0.561573E+00
   0.264889E+01   0.536548E+00   0.968295E-01   0.560130E+00   0.560130E+00
   0.265363E+01   0.658330E+00   0.971020E-01   0.558744E+00   0.558744E+00
   0.265838E+01   0.586354E+00   0.967314E-01   0.557414E+00   0.557414E+00
   0.266312E+01   0.685876E+00   0.969815E-01   0.556139E+00   0.556139E+00
   0.266786E+01   0.571614E+00   0.963779E-01   0.554918E+00   0.554918E+00
   0.267260E+01   0.590261E+00   0.963926E-01   0.553749E+00   0.553749E+00
   0.267735E+01   0.639627E+00   0.964522E-01   0.552633E+00   0.552633E+00
   0.268209E+01   0.609784E+00   0.965781E-01   0.551567E+00   0.551567E+00
   0.268683E+01   0.671117E+00   0.962944E-01   0.550551E+00   0.550551E+00
   0.269158E+01   0.652623E+00   0.963244E-01   0.549582E+00   0.549582E+00
   0.269632E+01   0.571484E+00   0.963762E-01   0.548662E+00   0.548662E+00
   0.270106E+01   0.593919E+00   0.959240E-01   0.547786E+00   0.547786E+00
   0.270580E+01   0.619416E+00   0.959154E-01   0.546956E+00   0.546956E+00
   0.271055E+01   0.749745E+00   0.958051E-01   0.546169E+00   0.546169E+00
   0.271529E+01   0.673140E+00   0.961595E-01   0.545424E+00   0.545424E+00
   0.272003E+01   0.569111E+00   0.956877E-01   0.544720E+00   0.544720E+00
   0.272478E+01   0.578764E+00   0.957149E-01   0.544053E+00   0.544053E+00
   0.272952E+01   0.494457E+00   0.957941E-01   0.543427E+00   0.543427E+00
   0.273426E+01   0.476791E+00   0.951644E-01   0.542836E+00   0.542836E+00
   0.273901E+01   0.500065E+00   0.951411E-01   0.542280E+00   0.542280E+00
   0.274375E+01   0.462449E+00   0.951817E-01   0.541757E+00   0.541757E+00
   0.274849E+01   0.475457E+00   0.952181E-01   0.541267E+00   0.541267E+00
   0.275323E+01   0.446122E+00   0.950862E-01   0.540807E+00   0.540807E+00
   0.275798E+01   0.634792E+00   0.950348E-01   0.540377E+00   0.540377E+00
   0.276272E+01   0.613155E+00   0.948442E-01   0.539974E+00   0.539974E+00
   0.276746E+01   0.566828E+00   0.948307E-01   0.539597E+00   0.539597E+00
   0.277221E+01   0.508408E+00   0.946055E-01   0.539244E+00   0.539244E+00
   0.277695E+01   0.598982E+00   0.948415E-01   0.538915E+00   0.538915E+00
   0.278169E+01   0.488532E+00   0.947610E-01   0.538607E+00   0.538607E+00
   0.278643E+01   0.518417E+00   0.944092E-01   0.538319E+00   0.538319E+00
   0.279118E+01   0.500652E+00   0.942217E-01   0.538049E+00   0.538049E+00
   0.279592E+01   0.506082E+00   0.942170E-01   0.537796E+00   0.537796E+00
   0.280066E+01   0.578859E+00   0.941366E-01   0.537559E+00   0.537559E+00
   0.280540E+01   0.559376E+00   0.941825E-01   0.537335E+00   0.537335E+00
   0.281015E+01   0.517182E+00   0.941533E-01   0.537123E+00   0.537123E+00
   0.281489E+01   0.528956E+00   0.942656E-01   0.536922E+00   0.536922E+00
   0.281963E+01   0.544287E+00   0.964386E-01   0.536730E+00   0.536730E+00
   0.282438E+01   0.542441E+00   0.978976E-01   0.536545E+00   0.536545E+00
   0.282912E+01   0.529782E+00   0.991714E-01   0.536367E+00   0.536367E+00
   0.283386E+01   0.468489E+00   0.100236E+00   0.536196E+00   0.536196E+00
   0.283860E+01   0.579235E+00   0.100919E+00   0.536021E+00   0.536021E+00
   0.284335E+01   0.655903E+00   0.101254E+00   0.535852E+00   0.535852E+00
   0.284809E+01   0.418329E+00   0.101691E+00   0.535683E+00   0.535683E+00
   0.285283E+01   0.497440E+00   0.101868E+00   0.535512E+00   0.535512E+00
   0.285758E+01   0.521411E+00   0.102080E+00   0.535338E+00   0.535338E+00
   0.286232E+01   0.546765E+00   0.102482E+00   0.535160E+00   0.535160E+00
   0.286706E+01   0.516239E+00   0.102672E+00   0.534976E+00   0.534976E+00
   0.287181E+01   0.393827E+00   0.102949E+00   0.534785E+00   0.534785E+00
   0.287655E+01   0.495379E+00   0.103169E+00   0.534585E+00   0.534585E+00
   0.288129E+01   0.513720E+00   0.102690E+00   0.534376E+00   0.534376E+00
   0.288603E+01   0.650802E+00   0.100276E+00   0.534156E+00   0.534156E+00
   0.289078E+01   0.565952E+00   0.987109E-01   0.533922E+00   0.533922E+00
   0.289552E+01   0.594339E+00   0.977658E-01   0.533676E+00   0.533676E+00
   0.290026E+01   0.488397E+00   0.969566E-01   0.533415E+00   0.533415E+00
   0.290501E+01   0.416572E+00   0.961201E-01   0.533137E+00   0.533137E+00
   0.290975E+01   0.582439E+00   0.959242E-01   0.532843E+00   0.532843E+00
   0.291449E+01   0.432219E+00   0.955570E-01   0.532529E+00   0.532529E+00
   0.291923E+01   0.585099E+00   0.954712E-01   0.532197E+00   0.532197E+00
   0.292398E+01   0.484914E+00   0.950747E-01   0.531843E+00   0.531843E+00
   0.292872E+01   0.669639E+00   0.949268E-01   0.531468E+00   0.531468E+00
   0.293346E+01   0.602597E+00   0.947253E-01   0.531070E+00   0.531070E+00
   0.293820E+01   0.611824E+00   0.946222E-01   0.530649E+00   0.530649E+00
   0.294295E+01   0.385683E+00   0.942461E-01   0.530203E+00   0.530203E+00
   0.294769E+01   0.457091E+00   0.944711E-01   0.529731E+00   0.529731E+00
   0.295243E+01   0.404018E+00   0.941998E-01   0.529233E+00   0.529233E+00
   0.295718E+01   0.529289E+00   0.942174E-01   0.528708E+00   0.528708E+00
   0.296192E+01   0.360649E+00   0.942817E-01   0.528155E+00   0.528155E+00
   0.296666E+01   0.631809E+00   0.937593E-01   0.527573E+00   0.527573E+00
   0.297140E+01   0.549253E+00   0.935947E-01   0.526962E+00   0.526962E+00
   0.297615E+01   0.488173E+00   0.937165E-01   0.526321E+00   0.526321E+00
   0.298089E+01   0.627581E+00   0.935942E-01   0.525648E+00   0.525648E+00
   0.298563E+01   0.510611E+00   0.935538E-01   0.524945E+00   0.524945E+00
   0.299038E+01   0.497052E+00   0.933368E-01   0.524210E+00   0.524210E+00
   0.299512E+01   0.522650E+00   0.932958E-01   0.523442E+00   0.523442E+00
   0.299986E+01   0.601625E+00   0.931020E-01   0.522641E+00   0.522641E+00

           ####      Real Space Data                               ####

           Distance distribution  function of particle  


      R          P(R)      ERROR

  0.0000E+00  0.0000E+00  0.0000E+00
  0.3889E-01  0.1421E-01  0.3943E-03
  0.7778E-01  0.2943E-01  0.7312E-03
  0.1167E+00  0.4568E-01  0.1011E-02
  0.1556E+00  0.6292E-01  0.1236E-02
  0.1944E+00  0.8116E-01  0.1407E-02
  0.2333E+00  0.1004E+00  0.1528E-02
  0.2722E+00  0.1205E+00  0.1599E-02
  0.3111E+00  0.1416E+00  0.1626E-02
  0.3500E+00  0.1636E+00  0.1611E-02
  0.3889E+00  0.1865E+00  0.1560E-02
  0.4278E+00  0.2101E+00  0.1477E-02
  0.4667E+00  0.2346E+00  0.1369E-02
  0.5056E+00  0.2599E+00  0.1243E-02
  0.5444E+00  0.2858E+00  0.1109E-02
  0.5833E+00  0.3124E+00  0.9803E-03
  0.6222E+00  0.3396E+00  0.8767E-03
  0.6611E+00  0.3674E+00  0.8207E-03
  0.7000E+00  0.3957E+00  0.8307E-03
  0.7389E+00  0.4244E+00  0.9080E-03
  0.7778E+00  0.4535E+00  0.1037E-02
  0.8167E+00  0.4830E+00  0.1196E-02
  0.8556E+00  0.5127E+00  0.1370E-02
  0.8944E+00  0.5426E+00  0.1546E-02
  0.9333E+00  0.5726E+00  0.1715E-02
  0.9722E+00  0.6027E+00  0.1873E-02
  0.1011E+01  0.6329E+00  0.2014E-02
  0.1050E+01  0.6629E+00  0.2135E-02
  0.1089E+01  0.6929E+00  0.2234E-02
  0.1128E+01  0.7226E+00  0.2309E-02
  0.1167E+01  0.7521E+00  0.2359E-02
  0.1206E+01  0.7813E+00  0.2384E-02
  0.1244E+01  0.8101E+00  0.2383E-02
  0.1283E+01  0.8384E+00  0.2357E-02
  0.1322E+01  0.8662E+00  0.2309E-02
  0.1361E+01  0.8934E+00  0.2239E-02
  0.1400E+01  0.9200E+00  0.2152E-02
  0.1439E+01  0.9460E+00  0.2050E-02
  0.1478E+01  0.9711E+00  0.1939E-02
  0.1517E+01  0.9955E+00  0.1824E-02
  0.1556E+01  0.1019E+01  0.1713E-02
  0.1594E+01  0.1042E+01  0.1614E-02
  0.1633E+01  0.1063E+01  0.1537E-02
  0.1672E+01  0.1084E+01  0.1491E-02
  0.1711E+01  0.1104E+01  0.1482E-02
  0.1750E+01  0.1122E+01  0.1513E-02
  0.1789E+01  0.1140E+01  0.1582E-02
  0.1828E+01  0.1156E+01  0.1683E-02
  0.1867E+01  0.1171E+01  0.1805E-02
  0.1906E+01  0.1186E+01  0.1942E-02
  0.1944E+01  0.1198E+01  0.2084E-02
  0.1983E+01  0.1210E+01  0.2226E-02
  0.2022E+01  0.1221E+01  0.2361E-02
  0.2061E+01  0.1230E+01  0.2487E-02
  0.2100E+01  0.1238E+01  0.2598E-02
  0.2139E+01  0.1245E+01  0.2694E-02
  0.2178E+01  0.1251E+01  0.2772E-02
  0.2217E+01  0.1255E+01  0.2831E-02
  0.2256E+01  0.1258E+01  0.2871E-02
  0.2294E+01  0.1261E+01  0.2891E-02
  0.2333E+01  0.1262E+01  0.2892E-02
  0.2372E+01  0.1261E+01  0.2877E-02
  0.2411E+01  0.1260E+01  0.2846E-02
  0.2450E+01  0.1258E+01  0.2802E-02
  0.2489E+01  0.1255E+01  0.2748E-02
  0.2528E+01  0.1250E+01  0.2687E-02
  0.2567E+01  0.1245E+01  0.2624E-02
  0.2606E+01  0.1239E+01  0.2563E-02
  0.2644E+01  0.1232E+01  0.2509E-02
  0.2683E+01  0.1224E+01  0.2465E-02
  0.2722E+01  0.1215E+01  0.2435E-02
  0.2761E+01  0.1206E+01  0.2423E-02
  0.2800E+01  0.1196E+01  0.2430E-02
  0.2839E+01  0.1185E+01  0.2457E-02
  0.2878E+01  0.1174E+01  0.2501E-02
  0.2917E+01  0.1162E+01  0.2561E-02
  0.2956E+01  0.1149E+01  0.2632E-02
  0.2994E+01  0.1136E+01  0.2712E-02
  0.3033E+01  0.1123E+01  0.2795E-02
  0.3072E+01  0.1110E+01  0.2879E-02
  0.3111E+01  0.1096E+01  0.2959E-02
  0.3150E+01  0.1081E+01  0.3033E-02
  0.3189E+01  0.1067E+01  0.3098E-02
  0.3228E+01  0.1052E+01  0.3152E-02
  0.3267E+01  0.1038E+01  0.3193E-02
  0.3306E+01  0.1023E+01  0.3222E-02
  0.3344E+01  0.1008E+01  0.3237E-02
  0.3383E+01  0.9931E+00  0.3240E-02
  0.3422E+01  0.9782E+00  0.3231E-02
  0.3461E+01  0.9634E+00  0.3213E-02
  0.3500E+01  0.9486E+00  0.3186E-02
  0.3539E+01  0.9340E+00  0.3154E-02
  0.3578E+01  0.9194E+00  0.3119E-02
  0.3617E+01  0.9050E+00  0.3086E-02
  0.3656E+01  0.8907E+00  0.3056E-02
  0.3694E+01  0.8766E+00  0.3035E-02
  0.3733E+01  0.8627E+00  0.3024E-02
  0.3772E+01  0.8490E+00  0.3027E-02
  0.3811E+01  0.8354E+00  0.3044E-02
  0.3850E+01  0.8221E+00  0.3078E-02
  0.3889E+01  0.8090E+00  0.3127E-02
  0.3928E+01  0.7960E+00  0.3190E-02
  0.3967E+01  0.7833E+00  0.3266E-02
  0.4006E+01  0.7708E+00  0.3351E-02
  0.4044E+01  0.7584E+00  0.3443E-02
  0.4083E+01  0.7463E+00  0.3539E-02
  0.4122E+01  0.7343E+00  0.3635E-02
  0.4161E+01  0.7224E+00  0.3729E-02
  0.4200E+01  0.7108E+00  0.3818E-02
  0.4239E+01  0.6992E+00  0.3900E-02
  0.4278E+01  0.6878E+00  0.3973E-02
  0.4317E+01  0.6765E+00  0.4035E-02
  0.4356E+01  0.6653E+00  0.4087E-02
  0.4394E+01  0.6542E+00  0.4127E-02
  0.4433E+01  0.6431E+00  0.4156E-02
  0.4472E+01  0.6321E+00  0.4174E-02
  0.4511E+01  0.6212E+00  0.4182E-02
  0.4550E+01  0.6103E+00  0.4181E-02
  0.4589E+01  0.5994E+00  0.4174E-02
  0.4628E+01  0.5885E+00  0.4161E-02
  0.4667E+01  0.5777E+00  0.4145E-02
  0.4706E+01  0.5669E+00  0.4128E-02
  0.4744E+01  0.5560E+00  0.4113E-02
  0.4783E+01  0.5452E+00  0.4101E-02
  0.4822E+01  0.5343E+00  0.4095E-02
  0.4861E+01  0.5235E+00  0.4096E-02
  0.4900E+01  0.5126E+00  0.4106E-02
  0.4939E+01  0.5017E+00  0.4125E-02
  0.4978E+01  0.4909E+00  0.4153E-02
  0.5017E+01  0.4801E+00  0.4190E-02
  0.5056E+01  0.4693E+00  0.4236E-02
  0.5094E+01  0.4585E+00  0.4289E-02
  0.5133E+01  0.4478E+00  0.4347E-02
  0.5172E+01  0.4372E+00  0.4409E-02
  0.5211E+01  0.4266E+00  0.4474E-02
  0.5250E+01  0.4162E+00  0.4540E-02
  0.5289E+01  0.4058E+00  0.4605E-02
  0.5328E+01  0.3956E+00  0.4668E-02
  0.5367E+01  0.3856E+00  0.4728E-02
  0.5406E+01  0.3757E+00  0.4785E-02
  0.5444E+01  0.3660E+00  0.4837E-02
  0.5483E+01  0.3566E+00  0.4886E-02
  0.5522E+01  0.3474E+00  0.4931E-02
  0.5561E+01  0.3384E+00  0.4972E-02
  0.5600E+01  0.3297E+00  0.5011E-02
  0.5639E+01  0.3213E+00  0.5048E-02
  0.5678E+01  0.3132E+00  0.5085E-02
  0.5717E+01  0.3055E+00  0.5121E-02
  0.5756E+01  0.2980E+00  0.5160E-02
  0.5794E+01  0.2909E+00  0.5201E-02
  0.5833E+01  0.2842E+00  0.5246E-02
  0.5872E+01  0.2778E+00  0.5295E-02
  0.5911E+01  0.2717E+00  0.5349E-02
  0.5950E+01  0.2660E+00  0.5409E-02
  0.5989E+01  0.2607E+00  0.5474E-02
  0.6028E+01  0.2557E+00  0.5545E-02
  0.6067E+01  0.2510E+00  0.5620E-02
  0.6106E+01  0.2467E+00  0.5700E-02
  0.6144E+01  0.2426E+00  0.5784E-02
  0.6183E+01  0.2388E+00  0.5871E-02
  0.6222E+01  0.2353E+00  0.5960E-02
  0.6261E+01  0.2319E+00  0.6050E-02
  0.6300E+01  0.2288E+00  0.6140E-02
  0.6339E+01  0.2258E+00  0.6228E-02
  0.6378E+01  0.2228E+00  0.6314E-02
  0.6417E+01  0.2200E+00  0.6397E-02
  0.6456E+01  0.2171E+00  0.6474E-02
  0.6494E+01  0.2142E+00  0.6544E-02
  0.6533E+01  0.2112E+00  0.6607E-02
  0.6572E+01  0.2080E+00  0.6658E-02
  0.6611E+01  0.2045E+00  0.6698E-02
  0.6650E+01  0.2008E+00  0.6722E-02
  0.6689E+01  0.1967E+00  0.6729E-02
  0.6728E+01  0.1922E+00  0.6714E-02
  0.6767E+01  0.1871E+00  0.6676E-02
  0.6806E+01  0.1815E+00  0.6609E-02
  0.6844E+01  0.1752E+00  0.6510E-02
  0.6883E+01  0.1682E+00  0.6374E-02
  0.6922E+01  0.1604E+00  0.6197E-02
  0.6961E+01  0.1517E+00  0.5973E-02
  0.7000E+01  0.1420E+00  0.5697E-02
  0.7039E+01  0.1313E+00  0.5365E-02
  0.7078E+01  0.1195E+00  0.4969E-02
  0.7117E+01  0.1065E+00  0.4506E-02
  0.7156E+01  0.9226E-01  0.3970E-02
  0.7194E+01  0.7670E-01  0.3354E-02
  0.7233E+01  0.5976E-01  0.2654E-02
  0.7272E+01  0.4137E-01  0.1865E-02
  0.7311E+01  0.2147E-01  0.9820E-03
  0.7350E+01  0.0000E+00  0.0000E+00
