
           ####      G N O M             Version 5.0 (r13469)      ####
                                               Wed Dec 15 15:09:18 2021

           ####      Configuration                                 ####

    System Type:                   arbitrary monodisperse (job = 0)
    Minimum characteristic size:         0.0000
    Maximum characteristic size:         7.3400
    rad56:                               0.0000
    Force 0.0 at r = rmin:                  yes
    Force 0.0 at r = rmax:                  yes
    Initial alpha:                       0.0000
    Initial random seed:    1430875074618993128
    Points in real space:                   190

    Input  1:                      temp-inp.dat
    First data point used:                    1
    Last data point used:                   570
    Scaling coefficient:             0.1000E+01
    Experimental setup:            point collimation



           ####      Results                                       ####

    Parameter    DISCRP  OSCILL  STABIL  SYSDEV  POSITV  VALCEN  SMOOTH
    Weight        1.000   3.000   3.000   3.000   1.000   1.000   1.000
    Sigma         0.300   0.600   0.120   0.120   0.120   0.120   0.600
    Ideal         0.700   1.100   0.000   1.000   1.000   0.950   0.000
    Current       0.433   1.339   0.010   0.858   1.000   0.872   0.233
               --------------------------------------------------------
    Estimate      0.453   0.853   0.993   0.245   1.000   0.658   0.860

    Angular range:                       0.3012 to       2.9999
    Reciprocal space Rg:             0.2166E+01
    Reciprocal space I(0):           0.1236E+02

    Real space range:                    0.0000 to       7.3400
    Real space Rg:                   0.2173E+01 +-   0.2128E-01
    Real space I(0):                 0.1237E+02 +-   0.7605E-01

    Highest ALPHA (theor):           0.4103E+01
    Current ALPHA:                   0.4175E+00

    Total Estimate:                      0.7111 (a REASONABLE solution)



           ####      Experimental Data and Fit                     ####

      S          J EXP       ERROR       J REG       I REG

   0.000000E+00                                                0.123655E+02
   0.107561E-01                                                0.123632E+02
   0.215123E-01                                                0.123565E+02
   0.322684E-01                                                0.123452E+02
   0.430246E-01                                                0.123295E+02
   0.537807E-01                                                0.123093E+02
   0.645368E-01                                                0.122847E+02
   0.752930E-01                                                0.122557E+02
   0.860491E-01                                                0.122223E+02
   0.968053E-01                                                0.121846E+02
   0.107561E+00                                                0.121426E+02
   0.118318E+00                                                0.120964E+02
   0.129074E+00                                                0.120460E+02
   0.139830E+00                                                0.119915E+02
   0.150586E+00                                                0.119330E+02
   0.161342E+00                                                0.118704E+02
   0.172098E+00                                                0.118040E+02
   0.182854E+00                                                0.117337E+02
   0.193611E+00                                                0.116597E+02
   0.204367E+00                                                0.115821E+02
   0.215123E+00                                                0.115008E+02
   0.225879E+00                                                0.114162E+02
   0.236635E+00                                                0.113281E+02
   0.247391E+00                                                0.112368E+02
   0.258147E+00                                                0.111423E+02
   0.268903E+00                                                0.110447E+02
   0.279660E+00                                                0.109442E+02
   0.290416E+00                                                0.108409E+02
   0.301172E+00   0.107169E+02   0.171848E+00   0.107349E+02   0.107349E+02
   0.305915E+00   0.106674E+02   0.170504E+00   0.106873E+02   0.106873E+02
   0.310658E+00   0.107692E+02   0.169017E+00   0.106392E+02   0.106392E+02
   0.315400E+00   0.107905E+02   0.167484E+00   0.105906E+02   0.105906E+02
   0.320143E+00   0.104616E+02   0.166199E+00   0.105416E+02   0.105416E+02
   0.324886E+00   0.103669E+02   0.164236E+00   0.104920E+02   0.104920E+02
   0.329629E+00   0.103289E+02   0.162912E+00   0.104421E+02   0.104421E+02
   0.334372E+00   0.104357E+02   0.161580E+00   0.103917E+02   0.103917E+02
   0.339115E+00   0.103905E+02   0.162522E+00   0.103408E+02   0.103408E+02
   0.343858E+00   0.102546E+02   0.164400E+00   0.102895E+02   0.102895E+02
   0.348601E+00   0.101289E+02   0.168118E+00   0.102379E+02   0.102379E+02
   0.353343E+00   0.101203E+02   0.171004E+00   0.101858E+02   0.101858E+02
   0.358086E+00   0.994054E+01   0.172542E+00   0.101333E+02   0.101333E+02
   0.362829E+00   0.101174E+02   0.174430E+00   0.100804E+02   0.100804E+02
   0.367572E+00   0.999901E+01   0.175485E+00   0.100272E+02   0.100272E+02
   0.372315E+00   0.999089E+01   0.177077E+00   0.997363E+01   0.997363E+01
   0.377058E+00   0.986512E+01   0.177644E+00   0.991969E+01   0.991969E+01
   0.381801E+00   0.982446E+01   0.178620E+00   0.986542E+01   0.986542E+01
   0.386543E+00   0.979067E+01   0.179434E+00   0.981082E+01   0.981082E+01
   0.391286E+00   0.955214E+01   0.179415E+00   0.975590E+01   0.975590E+01
   0.396029E+00   0.961113E+01   0.179875E+00   0.970068E+01   0.970068E+01
   0.400772E+00   0.975524E+01   0.181349E+00   0.964516E+01   0.964516E+01
   0.405515E+00   0.969145E+01   0.187977E+00   0.958936E+01   0.958936E+01
   0.410258E+00   0.915795E+01   0.191874E+00   0.953329E+01   0.953329E+01
   0.415001E+00   0.934637E+01   0.196488E+00   0.947695E+01   0.947695E+01
   0.419744E+00   0.925108E+01   0.199137E+00   0.942036E+01   0.942036E+01
   0.424486E+00   0.912552E+01   0.202206E+00   0.936353E+01   0.936353E+01
   0.429229E+00   0.921049E+01   0.204725E+00   0.930647E+01   0.930647E+01
   0.433972E+00   0.934741E+01   0.208029E+00   0.924919E+01   0.924919E+01
   0.438715E+00   0.952923E+01   0.210913E+00   0.919170E+01   0.919170E+01
   0.443458E+00   0.908638E+01   0.214134E+00   0.913402E+01   0.913402E+01
   0.448201E+00   0.907072E+01   0.217609E+00   0.907614E+01   0.907614E+01
   0.452944E+00   0.912244E+01   0.221060E+00   0.901809E+01   0.901809E+01
   0.457686E+00   0.908616E+01   0.222807E+00   0.895987E+01   0.895987E+01
   0.462429E+00   0.908577E+01   0.224008E+00   0.890150E+01   0.890150E+01
   0.467172E+00   0.892636E+01   0.224037E+00   0.884298E+01   0.884298E+01
   0.471915E+00   0.903382E+01   0.215642E+00   0.878432E+01   0.878432E+01
   0.476658E+00   0.875952E+01   0.210408E+00   0.872554E+01   0.872554E+01
   0.481401E+00   0.885097E+01   0.207660E+00   0.866664E+01   0.866664E+01
   0.486144E+00   0.863937E+01   0.205913E+00   0.860764E+01   0.860764E+01
   0.490887E+00   0.859650E+01   0.203616E+00   0.854854E+01   0.854854E+01
   0.495629E+00   0.837888E+01   0.202224E+00   0.848936E+01   0.848936E+01
   0.500372E+00   0.878082E+01   0.201254E+00   0.843011E+01   0.843011E+01
   0.505115E+00   0.856133E+01   0.199252E+00   0.837079E+01   0.837079E+01
   0.509858E+00   0.827445E+01   0.197625E+00   0.831141E+01   0.831141E+01
   0.514601E+00   0.787218E+01   0.196245E+00   0.825200E+01   0.825200E+01
   0.519344E+00   0.814287E+01   0.196154E+00   0.819254E+01   0.819254E+01
   0.524087E+00   0.825981E+01   0.195126E+00   0.813306E+01   0.813306E+01
   0.528829E+00   0.828844E+01   0.193835E+00   0.807356E+01   0.807356E+01
   0.533572E+00   0.799113E+01   0.193108E+00   0.801406E+01   0.801406E+01
   0.538315E+00   0.786311E+01   0.190964E+00   0.795456E+01   0.795456E+01
   0.543058E+00   0.763563E+01   0.189106E+00   0.789507E+01   0.789507E+01
   0.547801E+00   0.790185E+01   0.188345E+00   0.783561E+01   0.783561E+01
   0.552544E+00   0.787403E+01   0.186753E+00   0.777617E+01   0.777617E+01
   0.557287E+00   0.800262E+01   0.185920E+00   0.771677E+01   0.771677E+01
   0.562029E+00   0.786029E+01   0.184324E+00   0.765742E+01   0.765742E+01
   0.566772E+00   0.761978E+01   0.182690E+00   0.759813E+01   0.759813E+01
   0.571515E+00   0.769252E+01   0.181793E+00   0.753891E+01   0.753891E+01
   0.576258E+00   0.737604E+01   0.180639E+00   0.747975E+01   0.747975E+01
   0.581001E+00   0.750776E+01   0.180110E+00   0.742068E+01   0.742068E+01
   0.585744E+00   0.754892E+01   0.178816E+00   0.736171E+01   0.736171E+01
   0.590487E+00   0.744851E+01   0.178713E+00   0.730283E+01   0.730283E+01
   0.595230E+00   0.737234E+01   0.177570E+00   0.724405E+01   0.724405E+01
   0.599972E+00   0.746094E+01   0.177685E+00   0.718540E+01   0.718540E+01
   0.604715E+00   0.699628E+01   0.176832E+00   0.712687E+01   0.712687E+01
   0.609458E+00   0.735390E+01   0.176253E+00   0.706846E+01   0.706846E+01
   0.614201E+00   0.737967E+01   0.176010E+00   0.701020E+01   0.701020E+01
   0.618944E+00   0.723250E+01   0.175119E+00   0.695208E+01   0.695208E+01
   0.623687E+00   0.699326E+01   0.174254E+00   0.689412E+01   0.689412E+01
   0.628430E+00   0.669519E+01   0.174333E+00   0.683632E+01   0.683632E+01
   0.633173E+00   0.668391E+01   0.173782E+00   0.677869E+01   0.677869E+01
   0.637915E+00   0.687051E+01   0.173547E+00   0.672123E+01   0.672123E+01
   0.642658E+00   0.668882E+01   0.172924E+00   0.666395E+01   0.666395E+01
   0.647401E+00   0.659956E+01   0.172268E+00   0.660687E+01   0.660687E+01
   0.652144E+00   0.638838E+01   0.171708E+00   0.654997E+01   0.654997E+01
   0.656887E+00   0.652100E+01   0.171166E+00   0.649329E+01   0.649329E+01
   0.661630E+00   0.650885E+01   0.171101E+00   0.643681E+01   0.643681E+01
   0.666373E+00   0.628595E+01   0.170180E+00   0.638054E+01   0.638054E+01
   0.671115E+00   0.632807E+01   0.169704E+00   0.632450E+01   0.632450E+01
   0.675858E+00   0.621261E+01   0.169062E+00   0.626868E+01   0.626868E+01
   0.680601E+00   0.601175E+01   0.168723E+00   0.621310E+01   0.621310E+01
   0.685344E+00   0.590525E+01   0.168358E+00   0.615775E+01   0.615775E+01
   0.690087E+00   0.599927E+01   0.167914E+00   0.610265E+01   0.610265E+01
   0.694830E+00   0.618817E+01   0.167528E+00   0.604780E+01   0.604780E+01
   0.699573E+00   0.582242E+01   0.167070E+00   0.599321E+01   0.599321E+01
   0.704315E+00   0.570792E+01   0.166427E+00   0.593887E+01   0.593887E+01
   0.709058E+00   0.588141E+01   0.165946E+00   0.588480E+01   0.588480E+01
   0.713801E+00   0.585299E+01   0.166047E+00   0.583100E+01   0.583100E+01
   0.718544E+00   0.572818E+01   0.165333E+00   0.577748E+01   0.577748E+01
   0.723287E+00   0.559519E+01   0.165028E+00   0.572423E+01   0.572423E+01
   0.728030E+00   0.549632E+01   0.164292E+00   0.567127E+01   0.567127E+01
   0.732773E+00   0.574791E+01   0.164169E+00   0.561860E+01   0.561860E+01
   0.737515E+00   0.545956E+01   0.163646E+00   0.556623E+01   0.556623E+01
   0.742258E+00   0.560988E+01   0.163279E+00   0.551415E+01   0.551415E+01
   0.747001E+00   0.535829E+01   0.163055E+00   0.546237E+01   0.546237E+01
   0.751744E+00   0.532653E+01   0.162238E+00   0.541089E+01   0.541089E+01
   0.756487E+00   0.513164E+01   0.161351E+00   0.535973E+01   0.535973E+01
   0.761230E+00   0.515302E+01   0.161186E+00   0.530887E+01   0.530887E+01
   0.765973E+00   0.516691E+01   0.161424E+00   0.525833E+01   0.525833E+01
   0.770716E+00   0.508610E+01   0.160563E+00   0.520812E+01   0.520812E+01
   0.775459E+00   0.505221E+01   0.160186E+00   0.515822E+01   0.515822E+01
   0.780201E+00   0.528793E+01   0.160330E+00   0.510865E+01   0.510865E+01
   0.784944E+00   0.532123E+01   0.159882E+00   0.505941E+01   0.505941E+01
   0.789687E+00   0.491185E+01   0.159267E+00   0.501049E+01   0.501049E+01
   0.794430E+00   0.489272E+01   0.159167E+00   0.496192E+01   0.496192E+01
   0.799173E+00   0.490692E+01   0.158122E+00   0.491367E+01   0.491367E+01
   0.803916E+00   0.487354E+01   0.158331E+00   0.486577E+01   0.486577E+01
   0.808658E+00   0.489264E+01   0.157601E+00   0.481821E+01   0.481821E+01
   0.813401E+00   0.486362E+01   0.157015E+00   0.477099E+01   0.477099E+01
   0.818144E+00   0.477202E+01   0.157137E+00   0.472412E+01   0.472412E+01
   0.822887E+00   0.454859E+01   0.157152E+00   0.467759E+01   0.467759E+01
   0.827630E+00   0.447174E+01   0.156338E+00   0.463141E+01   0.463141E+01
   0.832373E+00   0.460680E+01   0.155491E+00   0.458559E+01   0.458559E+01
   0.837116E+00   0.471444E+01   0.155428E+00   0.454011E+01   0.454011E+01
   0.841859E+00   0.437625E+01   0.155047E+00   0.449499E+01   0.449499E+01
   0.846601E+00   0.446695E+01   0.155437E+00   0.445022E+01   0.445022E+01
   0.851344E+00   0.451522E+01   0.153961E+00   0.440581E+01   0.440581E+01
   0.856087E+00   0.424171E+01   0.154335E+00   0.436176E+01   0.436176E+01
   0.860830E+00   0.423242E+01   0.153655E+00   0.431806E+01   0.431806E+01
   0.865573E+00   0.450489E+01   0.153378E+00   0.427473E+01   0.427473E+01
   0.870316E+00   0.420821E+01   0.152808E+00   0.423175E+01   0.423175E+01
   0.875059E+00   0.417309E+01   0.152994E+00   0.418913E+01   0.418913E+01
   0.879802E+00   0.420662E+01   0.152467E+00   0.414688E+01   0.414688E+01
   0.884544E+00   0.418389E+01   0.152085E+00   0.410498E+01   0.410498E+01
   0.889287E+00   0.427282E+01   0.151436E+00   0.406345E+01   0.406345E+01
   0.894030E+00   0.410655E+01   0.150991E+00   0.402228E+01   0.402228E+01
   0.898773E+00   0.373599E+01   0.150499E+00   0.398147E+01   0.398147E+01
   0.903516E+00   0.398566E+01   0.150389E+00   0.394102E+01   0.394102E+01
   0.908259E+00   0.392447E+01   0.149796E+00   0.390093E+01   0.390093E+01
   0.913002E+00   0.374891E+01   0.149594E+00   0.386121E+01   0.386121E+01
   0.917744E+00   0.379509E+01   0.149132E+00   0.382184E+01   0.382184E+01
   0.922487E+00   0.383818E+01   0.148964E+00   0.378284E+01   0.378284E+01
   0.927230E+00   0.359754E+01   0.148630E+00   0.374420E+01   0.374420E+01
   0.931973E+00   0.372579E+01   0.148790E+00   0.370592E+01   0.370592E+01
   0.936716E+00   0.374935E+01   0.148297E+00   0.366799E+01   0.366799E+01
   0.941459E+00   0.363299E+01   0.147752E+00   0.363043E+01   0.363043E+01
   0.946202E+00   0.360485E+01   0.147335E+00   0.359322E+01   0.359322E+01
   0.950944E+00   0.371616E+01   0.147047E+00   0.355637E+01   0.355637E+01
   0.955687E+00   0.358559E+01   0.147400E+00   0.351988E+01   0.351988E+01
   0.960430E+00   0.345844E+01   0.146419E+00   0.348374E+01   0.348374E+01
   0.965173E+00   0.348404E+01   0.145941E+00   0.344795E+01   0.344795E+01
   0.969916E+00   0.336226E+01   0.145769E+00   0.341252E+01   0.341252E+01
   0.974659E+00   0.341949E+01   0.145548E+00   0.337744E+01   0.337744E+01
   0.979402E+00   0.344742E+01   0.145083E+00   0.334271E+01   0.334271E+01
   0.984144E+00   0.334201E+01   0.144892E+00   0.330832E+01   0.330832E+01
   0.988887E+00   0.330372E+01   0.144510E+00   0.327429E+01   0.327429E+01
   0.993630E+00   0.342261E+01   0.144370E+00   0.324060E+01   0.324060E+01
   0.998373E+00   0.325843E+01   0.144111E+00   0.320725E+01   0.320725E+01
   0.100312E+01   0.312811E+01   0.143790E+00   0.317424E+01   0.317424E+01
   0.100786E+01   0.320539E+01   0.143963E+00   0.314158E+01   0.314158E+01
   0.101260E+01   0.314348E+01   0.142941E+00   0.310925E+01   0.310925E+01
   0.101734E+01   0.309658E+01   0.142978E+00   0.307726E+01   0.307726E+01
   0.102209E+01   0.301951E+01   0.142407E+00   0.304561E+01   0.304561E+01
   0.102683E+01   0.318025E+01   0.142341E+00   0.301428E+01   0.301428E+01
   0.103157E+01   0.311760E+01   0.141866E+00   0.298329E+01   0.298329E+01
   0.103632E+01   0.275279E+01   0.141837E+00   0.295263E+01   0.295263E+01
   0.104106E+01   0.282421E+01   0.141727E+00   0.292229E+01   0.292229E+01
   0.104580E+01   0.280747E+01   0.141145E+00   0.289228E+01   0.289228E+01
   0.105055E+01   0.283181E+01   0.140892E+00   0.286258E+01   0.286258E+01
   0.105529E+01   0.275442E+01   0.140530E+00   0.283322E+01   0.283322E+01
   0.106003E+01   0.268877E+01   0.140152E+00   0.280417E+01   0.280417E+01
   0.106477E+01   0.260370E+01   0.139651E+00   0.277543E+01   0.277543E+01
   0.106952E+01   0.264270E+01   0.140111E+00   0.274700E+01   0.274700E+01
   0.107426E+01   0.268215E+01   0.140078E+00   0.271889E+01   0.271889E+01
   0.107900E+01   0.260833E+01   0.139038E+00   0.269108E+01   0.269108E+01
   0.108374E+01   0.238210E+01   0.138952E+00   0.266358E+01   0.266358E+01
   0.108849E+01   0.256374E+01   0.138646E+00   0.263639E+01   0.263639E+01
   0.109323E+01   0.279745E+01   0.138224E+00   0.260950E+01   0.260950E+01
   0.109797E+01   0.262378E+01   0.138439E+00   0.258290E+01   0.258290E+01
   0.110272E+01   0.270753E+01   0.138096E+00   0.255660E+01   0.255660E+01
   0.110746E+01   0.261549E+01   0.137533E+00   0.253059E+01   0.253059E+01
   0.111220E+01   0.240028E+01   0.137001E+00   0.250487E+01   0.250487E+01
   0.111695E+01   0.236095E+01   0.136863E+00   0.247944E+01   0.247944E+01
   0.112169E+01   0.235164E+01   0.137189E+00   0.245430E+01   0.245430E+01
   0.112643E+01   0.250695E+01   0.136448E+00   0.242944E+01   0.242944E+01
   0.113117E+01   0.247442E+01   0.136349E+00   0.240486E+01   0.240486E+01
   0.113592E+01   0.239354E+01   0.136218E+00   0.238055E+01   0.238055E+01
   0.114066E+01   0.239867E+01   0.135829E+00   0.235652E+01   0.235652E+01
   0.114540E+01   0.232956E+01   0.135804E+00   0.233276E+01   0.233276E+01
   0.115014E+01   0.240584E+01   0.135298E+00   0.230927E+01   0.230927E+01
   0.115489E+01   0.230235E+01   0.135287E+00   0.228605E+01   0.228605E+01
   0.115963E+01   0.229423E+01   0.134397E+00   0.226309E+01   0.226309E+01
   0.116437E+01   0.219443E+01   0.134706E+00   0.224040E+01   0.224040E+01
   0.116912E+01   0.244229E+01   0.134376E+00   0.221796E+01   0.221796E+01
   0.117386E+01   0.215028E+01   0.134155E+00   0.219577E+01   0.219577E+01
   0.117860E+01   0.205975E+01   0.133781E+00   0.217384E+01   0.217384E+01
   0.118335E+01   0.226593E+01   0.133894E+00   0.215216E+01   0.215216E+01
   0.118809E+01   0.200678E+01   0.133680E+00   0.213072E+01   0.213072E+01
   0.119283E+01   0.228555E+01   0.133130E+00   0.210953E+01   0.210953E+01
   0.119757E+01   0.224433E+01   0.132870E+00   0.208859E+01   0.208859E+01
   0.120232E+01   0.224783E+01   0.133205E+00   0.206788E+01   0.206788E+01
   0.120706E+01   0.190964E+01   0.133141E+00   0.204741E+01   0.204741E+01
   0.121180E+01   0.185767E+01   0.137410E+00   0.202717E+01   0.202717E+01
   0.121654E+01   0.188998E+01   0.140238E+00   0.200716E+01   0.200716E+01
   0.122129E+01   0.203367E+01   0.141878E+00   0.198738E+01   0.198738E+01
   0.122603E+01   0.183517E+01   0.144047E+00   0.196783E+01   0.196783E+01
   0.123077E+01   0.186045E+01   0.145208E+00   0.194850E+01   0.194850E+01
   0.123552E+01   0.172711E+01   0.146763E+00   0.192939E+01   0.192939E+01
   0.124026E+01   0.195842E+01   0.148613E+00   0.191050E+01   0.191050E+01
   0.124500E+01   0.203855E+01   0.149695E+00   0.189182E+01   0.189182E+01
   0.124975E+01   0.175520E+01   0.150275E+00   0.187336E+01   0.187336E+01
   0.125449E+01   0.191310E+01   0.152324E+00   0.185510E+01   0.185510E+01
   0.125923E+01   0.189413E+01   0.152886E+00   0.183706E+01   0.183706E+01
   0.126397E+01   0.190522E+01   0.152696E+00   0.181921E+01   0.181921E+01
   0.126872E+01   0.184493E+01   0.153070E+00   0.180158E+01   0.180158E+01
   0.127346E+01   0.202054E+01   0.150727E+00   0.178414E+01   0.178414E+01
   0.127820E+01   0.170749E+01   0.145319E+00   0.176690E+01   0.176690E+01
   0.128295E+01   0.176794E+01   0.142787E+00   0.174985E+01   0.174985E+01
   0.128769E+01   0.171910E+01   0.140675E+00   0.173299E+01   0.173299E+01
   0.129243E+01   0.170721E+01   0.138854E+00   0.171633E+01   0.171633E+01
   0.129717E+01   0.161320E+01   0.137611E+00   0.169985E+01   0.169985E+01
   0.130192E+01   0.153819E+01   0.136007E+00   0.168356E+01   0.168356E+01
   0.130666E+01   0.168703E+01   0.135268E+00   0.166745E+01   0.166745E+01
   0.131140E+01   0.167444E+01   0.134079E+00   0.165152E+01   0.165152E+01
   0.131614E+01   0.183897E+01   0.132978E+00   0.163577E+01   0.163577E+01
   0.132089E+01   0.152454E+01   0.132925E+00   0.162019E+01   0.162019E+01
   0.132563E+01   0.183342E+01   0.131963E+00   0.160479E+01   0.160479E+01
   0.133037E+01   0.176112E+01   0.131643E+00   0.158956E+01   0.158956E+01
   0.133512E+01   0.143057E+01   0.131268E+00   0.157450E+01   0.157450E+01
   0.133986E+01   0.157801E+01   0.131121E+00   0.155960E+01   0.155960E+01
   0.134460E+01   0.157360E+01   0.130708E+00   0.154488E+01   0.154488E+01
   0.134935E+01   0.153536E+01   0.130388E+00   0.153031E+01   0.153031E+01
   0.135409E+01   0.162357E+01   0.130594E+00   0.151590E+01   0.151590E+01
   0.135883E+01   0.153895E+01   0.129885E+00   0.150165E+01   0.150165E+01
   0.136357E+01   0.138139E+01   0.129493E+00   0.148756E+01   0.148756E+01
   0.136832E+01   0.147179E+01   0.129281E+00   0.147363E+01   0.147363E+01
   0.137306E+01   0.155706E+01   0.128516E+00   0.145985E+01   0.145985E+01
   0.137780E+01   0.156962E+01   0.128568E+00   0.144621E+01   0.144621E+01
   0.138254E+01   0.113262E+01   0.128316E+00   0.143273E+01   0.143273E+01
   0.138729E+01   0.142879E+01   0.128346E+00   0.141939E+01   0.141939E+01
   0.139203E+01   0.137690E+01   0.127722E+00   0.140620E+01   0.140620E+01
   0.139677E+01   0.137803E+01   0.127484E+00   0.139315E+01   0.139315E+01
   0.140152E+01   0.119473E+01   0.127414E+00   0.138024E+01   0.138024E+01
   0.140626E+01   0.127850E+01   0.126986E+00   0.136747E+01   0.136747E+01
   0.141100E+01   0.145458E+01   0.126904E+00   0.135484E+01   0.135484E+01
   0.141575E+01   0.141968E+01   0.126652E+00   0.134235E+01   0.134235E+01
   0.142049E+01   0.142296E+01   0.126296E+00   0.132999E+01   0.132999E+01
   0.142523E+01   0.141843E+01   0.126368E+00   0.131776E+01   0.131776E+01
   0.142997E+01   0.120125E+01   0.126071E+00   0.130566E+01   0.130566E+01
   0.143472E+01   0.126705E+01   0.125640E+00   0.129369E+01   0.129369E+01
   0.143946E+01   0.135969E+01   0.125471E+00   0.128185E+01   0.128185E+01
   0.144420E+01   0.124005E+01   0.125474E+00   0.127014E+01   0.127014E+01
   0.144894E+01   0.138677E+01   0.125355E+00   0.125855E+01   0.125855E+01
   0.145369E+01   0.127229E+01   0.125453E+00   0.124709E+01   0.124709E+01
   0.145843E+01   0.119923E+01   0.124983E+00   0.123574E+01   0.123574E+01
   0.146317E+01   0.120423E+01   0.124919E+00   0.122452E+01   0.122452E+01
   0.146792E+01   0.133760E+01   0.124443E+00   0.121342E+01   0.121342E+01
   0.147266E+01   0.103308E+01   0.124276E+00   0.120243E+01   0.120243E+01
   0.147740E+01   0.122681E+01   0.124026E+00   0.119156E+01   0.119156E+01
   0.148215E+01   0.124282E+01   0.123742E+00   0.118080E+01   0.118080E+01
   0.148689E+01   0.106563E+01   0.123279E+00   0.117016E+01   0.117016E+01
   0.149163E+01   0.106460E+01   0.123376E+00   0.115963E+01   0.115963E+01
   0.149637E+01   0.113804E+01   0.123141E+00   0.114921E+01   0.114921E+01
   0.150112E+01   0.130475E+01   0.123056E+00   0.113890E+01   0.113890E+01
   0.150586E+01   0.106035E+01   0.125638E+00   0.112870E+01   0.112870E+01
   0.151060E+01   0.117757E+01   0.129175E+00   0.111860E+01   0.111860E+01
   0.151534E+01   0.104011E+01   0.130642E+00   0.110862E+01   0.110862E+01
   0.152009E+01   0.124497E+01   0.132973E+00   0.109873E+01   0.109873E+01
   0.152483E+01   0.120427E+01   0.133939E+00   0.108896E+01   0.108896E+01
   0.152957E+01   0.922640E+00   0.134662E+00   0.107928E+01   0.107928E+01
   0.153432E+01   0.106918E+01   0.131612E+00   0.106970E+01   0.106970E+01
   0.153906E+01   0.104171E+01   0.129612E+00   0.106023E+01   0.106023E+01
   0.154380E+01   0.109100E+01   0.128542E+00   0.105085E+01   0.105085E+01
   0.154855E+01   0.119252E+01   0.126505E+00   0.104158E+01   0.104158E+01
   0.155329E+01   0.994305E+00   0.125340E+00   0.103240E+01   0.103240E+01
   0.155803E+01   0.103253E+01   0.124400E+00   0.102332E+01   0.102332E+01
   0.156277E+01   0.828178E+00   0.123180E+00   0.101433E+01   0.101433E+01
   0.156752E+01   0.929553E+00   0.121730E+00   0.100544E+01   0.100544E+01
   0.157226E+01   0.959407E+00   0.121244E+00   0.996641E+00   0.996641E+00
   0.157700E+01   0.969218E+00   0.120630E+00   0.987936E+00   0.987936E+00
   0.158175E+01   0.945621E+00   0.120131E+00   0.979323E+00   0.979323E+00
   0.158649E+01   0.103849E+01   0.120392E+00   0.970802E+00   0.970802E+00
   0.159123E+01   0.114102E+01   0.120560E+00   0.962370E+00   0.962370E+00
   0.159597E+01   0.107693E+01   0.121061E+00   0.954028E+00   0.954028E+00
   0.160072E+01   0.998801E+00   0.120778E+00   0.945774E+00   0.945774E+00
   0.160546E+01   0.846959E+00   0.120617E+00   0.937608E+00   0.937608E+00
   0.161020E+01   0.831072E+00   0.120279E+00   0.929529E+00   0.929529E+00
   0.161495E+01   0.938648E+00   0.119999E+00   0.921536E+00   0.921536E+00
   0.161969E+01   0.844231E+00   0.119892E+00   0.913631E+00   0.913631E+00
   0.162443E+01   0.989720E+00   0.119965E+00   0.905809E+00   0.905809E+00
   0.162917E+01   0.100557E+01   0.120013E+00   0.898071E+00   0.898071E+00
   0.163392E+01   0.864930E+00   0.119380E+00   0.890416E+00   0.890416E+00
   0.163866E+01   0.908534E+00   0.119536E+00   0.882844E+00   0.882844E+00
   0.164340E+01   0.884638E+00   0.118956E+00   0.875353E+00   0.875353E+00
   0.164815E+01   0.792095E+00   0.119291E+00   0.867945E+00   0.867945E+00
   0.165289E+01   0.714965E+00   0.118629E+00   0.860616E+00   0.860616E+00
   0.165763E+01   0.829658E+00   0.118539E+00   0.853370E+00   0.853370E+00
   0.166237E+01   0.798119E+00   0.118209E+00   0.846201E+00   0.846201E+00
   0.166712E+01   0.905893E+00   0.118105E+00   0.839110E+00   0.839110E+00
   0.167186E+01   0.840533E+00   0.117897E+00   0.832098E+00   0.832098E+00
   0.167660E+01   0.882049E+00   0.117842E+00   0.825164E+00   0.825164E+00
   0.168135E+01   0.790950E+00   0.118014E+00   0.818306E+00   0.818306E+00
   0.168609E+01   0.844589E+00   0.117416E+00   0.811524E+00   0.811524E+00
   0.169083E+01   0.690661E+00   0.116789E+00   0.804820E+00   0.804820E+00
   0.169557E+01   0.637138E+00   0.117179E+00   0.798189E+00   0.798189E+00
   0.170032E+01   0.695694E+00   0.116876E+00   0.791634E+00   0.791634E+00
   0.170506E+01   0.746733E+00   0.116768E+00   0.785151E+00   0.785151E+00
   0.170980E+01   0.776321E+00   0.116645E+00   0.778742E+00   0.778742E+00
   0.171455E+01   0.765115E+00   0.116577E+00   0.772406E+00   0.772406E+00
   0.171929E+01   0.804253E+00   0.116315E+00   0.766142E+00   0.766142E+00
   0.172403E+01   0.808968E+00   0.116102E+00   0.759951E+00   0.759951E+00
   0.172877E+01   0.757188E+00   0.115713E+00   0.753830E+00   0.753830E+00
   0.173352E+01   0.730330E+00   0.115719E+00   0.747780E+00   0.747780E+00
   0.173826E+01   0.803919E+00   0.115356E+00   0.741800E+00   0.741800E+00
   0.174300E+01   0.855562E+00   0.115485E+00   0.735890E+00   0.735890E+00
   0.174775E+01   0.826442E+00   0.115547E+00   0.730048E+00   0.730048E+00
   0.175249E+01   0.617638E+00   0.114817E+00   0.724276E+00   0.724276E+00
   0.175723E+01   0.624185E+00   0.114998E+00   0.718571E+00   0.718571E+00
   0.176197E+01   0.681803E+00   0.114646E+00   0.712935E+00   0.712935E+00
   0.176672E+01   0.686932E+00   0.114419E+00   0.707365E+00   0.707365E+00
   0.177146E+01   0.604507E+00   0.114474E+00   0.701862E+00   0.701862E+00
   0.177620E+01   0.707860E+00   0.114221E+00   0.696424E+00   0.696424E+00
   0.178095E+01   0.698301E+00   0.114177E+00   0.691052E+00   0.691052E+00
   0.178569E+01   0.604253E+00   0.113658E+00   0.685745E+00   0.685745E+00
   0.179043E+01   0.603935E+00   0.113684E+00   0.680503E+00   0.680503E+00
   0.179517E+01   0.720102E+00   0.113944E+00   0.675326E+00   0.675326E+00
   0.179992E+01   0.853528E+00   0.113495E+00   0.670211E+00   0.670211E+00
   0.180466E+01   0.627912E+00   0.113129E+00   0.665159E+00   0.665159E+00
   0.180940E+01   0.636248E+00   0.113021E+00   0.660170E+00   0.660170E+00
   0.181415E+01   0.615746E+00   0.113092E+00   0.655243E+00   0.655243E+00
   0.181889E+01   0.518032E+00   0.112646E+00   0.650378E+00   0.650378E+00
   0.182363E+01   0.579952E+00   0.112636E+00   0.645573E+00   0.645573E+00
   0.182838E+01   0.691126E+00   0.112542E+00   0.640830E+00   0.640830E+00
   0.183312E+01   0.709838E+00   0.112311E+00   0.636147E+00   0.636147E+00
   0.183786E+01   0.647492E+00   0.112488E+00   0.631523E+00   0.631523E+00
   0.184260E+01   0.637254E+00   0.112648E+00   0.626958E+00   0.626958E+00
   0.184735E+01   0.734571E+00   0.112243E+00   0.622452E+00   0.622452E+00
   0.185209E+01   0.703560E+00   0.111896E+00   0.618004E+00   0.618004E+00
   0.185683E+01   0.576253E+00   0.111545E+00   0.613613E+00   0.613613E+00
   0.186157E+01   0.572015E+00   0.111628E+00   0.609280E+00   0.609280E+00
   0.186632E+01   0.558163E+00   0.111750E+00   0.605005E+00   0.605005E+00
   0.187106E+01   0.642489E+00   0.111207E+00   0.600784E+00   0.600784E+00
   0.187580E+01   0.673042E+00   0.111168E+00   0.596620E+00   0.596620E+00
   0.188055E+01   0.665530E+00   0.111129E+00   0.592510E+00   0.592510E+00
   0.188529E+01   0.550898E+00   0.110854E+00   0.588456E+00   0.588456E+00
   0.189003E+01   0.668070E+00   0.110868E+00   0.584455E+00   0.584455E+00
   0.189478E+01   0.604984E+00   0.110498E+00   0.580508E+00   0.580508E+00
   0.189952E+01   0.521150E+00   0.110376E+00   0.576616E+00   0.576616E+00
   0.190426E+01   0.494284E+00   0.110332E+00   0.572775E+00   0.572775E+00
   0.190900E+01   0.520378E+00   0.109996E+00   0.568986E+00   0.568986E+00
   0.191375E+01   0.556341E+00   0.110178E+00   0.565249E+00   0.565249E+00
   0.191849E+01   0.626842E+00   0.110161E+00   0.561564E+00   0.561564E+00
   0.192323E+01   0.589940E+00   0.110008E+00   0.557929E+00   0.557929E+00
   0.192797E+01   0.454137E+00   0.109985E+00   0.554343E+00   0.554343E+00
   0.193272E+01   0.465330E+00   0.109452E+00   0.550809E+00   0.550809E+00
   0.193746E+01   0.393973E+00   0.109087E+00   0.547324E+00   0.547324E+00
   0.194220E+01   0.590944E+00   0.109091E+00   0.543887E+00   0.543887E+00
   0.194695E+01   0.548319E+00   0.108492E+00   0.540498E+00   0.540498E+00
   0.195169E+01   0.419184E+00   0.108380E+00   0.537157E+00   0.537157E+00
   0.195643E+01   0.641284E+00   0.108386E+00   0.533862E+00   0.533862E+00
   0.196117E+01   0.491465E+00   0.108332E+00   0.530615E+00   0.530615E+00
   0.196592E+01   0.648764E+00   0.108315E+00   0.527414E+00   0.527414E+00
   0.197066E+01   0.495623E+00   0.107829E+00   0.524259E+00   0.524259E+00
   0.197540E+01   0.443707E+00   0.107864E+00   0.521149E+00   0.521149E+00
   0.198015E+01   0.460082E+00   0.107938E+00   0.518083E+00   0.518083E+00
   0.198489E+01   0.611662E+00   0.107935E+00   0.515061E+00   0.515061E+00
   0.198963E+01   0.447896E+00   0.108014E+00   0.512083E+00   0.512083E+00
   0.199438E+01   0.435901E+00   0.107741E+00   0.509148E+00   0.509148E+00
   0.199912E+01   0.662701E+00   0.108009E+00   0.506256E+00   0.506256E+00
   0.200386E+01   0.316641E+00   0.107571E+00   0.503406E+00   0.503406E+00
   0.200860E+01   0.395327E+00   0.107783E+00   0.500597E+00   0.500597E+00
   0.201335E+01   0.560783E+00   0.108897E+00   0.497830E+00   0.497830E+00
   0.201809E+01   0.508778E+00   0.111825E+00   0.495103E+00   0.495103E+00
   0.202283E+01   0.520326E+00   0.113631E+00   0.492416E+00   0.492416E+00
   0.202758E+01   0.543929E+00   0.115051E+00   0.489768E+00   0.489768E+00
   0.203232E+01   0.517340E+00   0.116179E+00   0.487160E+00   0.487160E+00
   0.203706E+01   0.459575E+00   0.116856E+00   0.484590E+00   0.484590E+00
   0.204180E+01   0.505684E+00   0.118047E+00   0.482058E+00   0.482058E+00
   0.204655E+01   0.411342E+00   0.118634E+00   0.479564E+00   0.479564E+00
   0.205129E+01   0.656443E+00   0.118956E+00   0.477106E+00   0.477106E+00
   0.205603E+01   0.457212E+00   0.119130E+00   0.474685E+00   0.474685E+00
   0.206078E+01   0.306485E+00   0.119387E+00   0.472300E+00   0.472300E+00
   0.206552E+01   0.464368E+00   0.119499E+00   0.469951E+00   0.469951E+00
   0.207026E+01   0.460739E+00   0.119821E+00   0.467636E+00   0.467636E+00
   0.207500E+01   0.394309E+00   0.119866E+00   0.465357E+00   0.465357E+00
   0.207975E+01   0.392551E+00   0.117635E+00   0.463111E+00   0.463111E+00
   0.208449E+01   0.539186E+00   0.114656E+00   0.460898E+00   0.460898E+00
   0.208923E+01   0.481677E+00   0.113162E+00   0.458719E+00   0.458719E+00
   0.209397E+01   0.430355E+00   0.111739E+00   0.456572E+00   0.456572E+00
   0.209872E+01   0.468094E+00   0.110612E+00   0.454457E+00   0.454457E+00
   0.210346E+01   0.523755E+00   0.110237E+00   0.452374E+00   0.452374E+00
   0.210820E+01   0.453020E+00   0.108886E+00   0.450322E+00   0.450322E+00
   0.211295E+01   0.441640E+00   0.108970E+00   0.448300E+00   0.448300E+00
   0.211769E+01   0.494673E+00   0.108513E+00   0.446309E+00   0.446309E+00
   0.212243E+01   0.467313E+00   0.108183E+00   0.444347E+00   0.444347E+00
   0.212717E+01   0.380081E+00   0.107826E+00   0.442415E+00   0.442415E+00
   0.213192E+01   0.401539E+00   0.107421E+00   0.440511E+00   0.440511E+00
   0.213666E+01   0.466824E+00   0.107554E+00   0.438635E+00   0.438635E+00
   0.214140E+01   0.448798E+00   0.107522E+00   0.436787E+00   0.436787E+00
   0.214615E+01   0.392593E+00   0.107017E+00   0.434967E+00   0.434967E+00
   0.215089E+01   0.399844E+00   0.107047E+00   0.433174E+00   0.433174E+00
   0.215563E+01   0.401041E+00   0.106893E+00   0.431407E+00   0.431407E+00
   0.216038E+01   0.339428E+00   0.106480E+00   0.429665E+00   0.429665E+00
   0.216512E+01   0.452431E+00   0.106366E+00   0.427950E+00   0.427950E+00
   0.216986E+01   0.426730E+00   0.106318E+00   0.426259E+00   0.426259E+00
   0.217460E+01   0.454925E+00   0.105839E+00   0.424593E+00   0.424593E+00
   0.217935E+01   0.452945E+00   0.105737E+00   0.422952E+00   0.422952E+00
   0.218409E+01   0.497444E+00   0.105813E+00   0.421335E+00   0.421335E+00
   0.218883E+01   0.576799E+00   0.106033E+00   0.419740E+00   0.419740E+00
   0.219358E+01   0.362419E+00   0.105564E+00   0.418169E+00   0.418169E+00
   0.219832E+01   0.382825E+00   0.105303E+00   0.416620E+00   0.416620E+00
   0.220306E+01   0.421822E+00   0.105132E+00   0.415094E+00   0.415094E+00
   0.220780E+01   0.455460E+00   0.105217E+00   0.413589E+00   0.413589E+00
   0.221255E+01   0.619312E+00   0.104793E+00   0.412106E+00   0.412106E+00
   0.221729E+01   0.465337E+00   0.104738E+00   0.410643E+00   0.410643E+00
   0.222203E+01   0.292413E+00   0.104669E+00   0.409202E+00   0.409202E+00
   0.222677E+01   0.288283E+00   0.104566E+00   0.407780E+00   0.407780E+00
   0.223152E+01   0.429874E+00   0.104314E+00   0.406378E+00   0.406378E+00
   0.223626E+01   0.241332E+00   0.104193E+00   0.404996E+00   0.404996E+00
   0.224100E+01   0.395672E+00   0.104315E+00   0.403633E+00   0.403633E+00
   0.224575E+01   0.394665E+00   0.103651E+00   0.402288E+00   0.402288E+00
   0.225049E+01   0.370969E+00   0.103716E+00   0.400962E+00   0.400962E+00
   0.225523E+01   0.330323E+00   0.103608E+00   0.399654E+00   0.399654E+00
   0.225997E+01   0.351862E+00   0.103590E+00   0.398364E+00   0.398364E+00
   0.226472E+01   0.345769E+00   0.103169E+00   0.397090E+00   0.397090E+00
   0.226946E+01   0.473498E+00   0.103234E+00   0.395835E+00   0.395835E+00
   0.227420E+01   0.529817E+00   0.103431E+00   0.394595E+00   0.394595E+00
   0.227895E+01   0.452375E+00   0.103359E+00   0.393371E+00   0.393371E+00
   0.228369E+01   0.347200E+00   0.102970E+00   0.392164E+00   0.392164E+00
   0.228843E+01   0.409276E+00   0.103155E+00   0.390973E+00   0.390973E+00
   0.229318E+01   0.547943E+00   0.102891E+00   0.389796E+00   0.389796E+00
   0.229792E+01   0.531919E+00   0.102574E+00   0.388635E+00   0.388635E+00
   0.230266E+01   0.504893E+00   0.102642E+00   0.387489E+00   0.387489E+00
   0.230740E+01   0.438335E+00   0.102292E+00   0.386357E+00   0.386357E+00
   0.231215E+01   0.380699E+00   0.102011E+00   0.385239E+00   0.385239E+00
   0.231689E+01   0.421514E+00   0.101991E+00   0.384135E+00   0.384135E+00
   0.232163E+01   0.471751E+00   0.101934E+00   0.383045E+00   0.383045E+00
   0.232638E+01   0.461710E+00   0.101882E+00   0.381967E+00   0.381967E+00
   0.233112E+01   0.462733E+00   0.101578E+00   0.380903E+00   0.380903E+00
   0.233586E+01   0.377868E+00   0.101826E+00   0.379852E+00   0.379852E+00
   0.234060E+01   0.400557E+00   0.101476E+00   0.378813E+00   0.378813E+00
   0.234535E+01   0.445360E+00   0.101311E+00   0.377787E+00   0.377787E+00
   0.235009E+01   0.386284E+00   0.101144E+00   0.376772E+00   0.376772E+00
   0.235483E+01   0.443121E+00   0.101026E+00   0.375769E+00   0.375769E+00
   0.235957E+01   0.242962E+00   0.101155E+00   0.374778E+00   0.374778E+00
   0.236432E+01   0.323252E+00   0.100818E+00   0.373798E+00   0.373798E+00
   0.236906E+01   0.372149E+00   0.101301E+00   0.372829E+00   0.372829E+00
   0.237380E+01   0.375525E+00   0.100785E+00   0.371871E+00   0.371871E+00
   0.237855E+01   0.390162E+00   0.100811E+00   0.370924E+00   0.370924E+00
   0.238329E+01   0.233062E+00   0.100325E+00   0.369987E+00   0.369987E+00
   0.238803E+01   0.305602E+00   0.100530E+00   0.369060E+00   0.369060E+00
   0.239277E+01   0.260422E+00   0.100324E+00   0.368143E+00   0.368143E+00
   0.239752E+01   0.315631E+00   0.999762E-01   0.367235E+00   0.367235E+00
   0.240226E+01   0.328367E+00   0.100326E+00   0.366338E+00   0.366338E+00
   0.240700E+01   0.197044E+00   0.996404E-01   0.365449E+00   0.365449E+00
   0.241175E+01   0.260811E+00   0.100052E+00   0.364570E+00   0.364570E+00
   0.241649E+01   0.397377E+00   0.999054E-01   0.363699E+00   0.363699E+00
   0.242123E+01   0.434120E+00   0.996885E-01   0.362838E+00   0.362838E+00
   0.242598E+01   0.283677E+00   0.994148E-01   0.361985E+00   0.361985E+00
   0.243072E+01   0.290691E+00   0.992424E-01   0.361141E+00   0.361141E+00
   0.243546E+01   0.368229E+00   0.994219E-01   0.360304E+00   0.360304E+00
   0.244020E+01   0.406363E+00   0.991202E-01   0.359476E+00   0.359476E+00
   0.244495E+01   0.416272E+00   0.991177E-01   0.358656E+00   0.358656E+00
   0.244969E+01   0.360167E+00   0.988581E-01   0.357844E+00   0.357844E+00
   0.245443E+01   0.381016E+00   0.988992E-01   0.357039E+00   0.357039E+00
   0.245918E+01   0.286824E+00   0.990299E-01   0.356241E+00   0.356241E+00
   0.246392E+01   0.355926E+00   0.986885E-01   0.355451E+00   0.355451E+00
   0.246866E+01   0.332870E+00   0.987669E-01   0.354668E+00   0.354668E+00
   0.247340E+01   0.187178E+00   0.984676E-01   0.353893E+00   0.353893E+00
   0.247815E+01   0.312464E+00   0.983521E-01   0.353123E+00   0.353123E+00
   0.248289E+01   0.367428E+00   0.982190E-01   0.352361E+00   0.352361E+00
   0.248763E+01   0.461961E+00   0.981191E-01   0.351605E+00   0.351605E+00
   0.249238E+01   0.356199E+00   0.982086E-01   0.350856E+00   0.350856E+00
   0.249712E+01   0.181147E+00   0.980287E-01   0.350113E+00   0.350113E+00
   0.250186E+01   0.439320E+00   0.981130E-01   0.349377E+00   0.349377E+00
   0.250660E+01   0.366636E+00   0.980215E-01   0.348646E+00   0.348646E+00
   0.251135E+01   0.231730E+00   0.977834E-01   0.347921E+00   0.347921E+00
   0.251609E+01   0.343889E+00   0.977782E-01   0.347202E+00   0.347202E+00
   0.252083E+01   0.413257E+00   0.979768E-01   0.346489E+00   0.346489E+00
   0.252558E+01   0.313274E+00   0.972440E-01   0.345782E+00   0.345782E+00
   0.253032E+01   0.332371E+00   0.967897E-01   0.345080E+00   0.345080E+00
   0.253506E+01   0.301579E+00   0.969472E-01   0.344383E+00   0.344383E+00
   0.253980E+01   0.267096E+00   0.969309E-01   0.343692E+00   0.343692E+00
   0.254455E+01   0.351294E+00   0.969492E-01   0.343006E+00   0.343006E+00
   0.254929E+01   0.387209E+00   0.967463E-01   0.342325E+00   0.342325E+00
   0.255403E+01   0.407743E+00   0.967309E-01   0.341649E+00   0.341649E+00
   0.255878E+01   0.322482E+00   0.965813E-01   0.340978E+00   0.340978E+00
   0.256352E+01   0.301016E+00   0.961293E-01   0.340311E+00   0.340311E+00
   0.256826E+01   0.342062E+00   0.965279E-01   0.339649E+00   0.339649E+00
   0.257300E+01   0.368836E+00   0.963986E-01   0.338992E+00   0.338992E+00
   0.257775E+01   0.411775E+00   0.964065E-01   0.338340E+00   0.338340E+00
   0.258249E+01   0.335525E+00   0.964292E-01   0.337691E+00   0.337691E+00
   0.258723E+01   0.338004E+00   0.964653E-01   0.337047E+00   0.337047E+00
   0.259198E+01   0.254119E+00   0.960309E-01   0.336407E+00   0.336407E+00
   0.259672E+01   0.313529E+00   0.960507E-01   0.335772E+00   0.335772E+00
   0.260146E+01   0.372848E+00   0.959441E-01   0.335140E+00   0.335140E+00
   0.260620E+01   0.404570E+00   0.956989E-01   0.334512E+00   0.334512E+00
   0.261095E+01   0.297816E+00   0.962404E-01   0.333888E+00   0.333888E+00
   0.261569E+01   0.237229E+00   0.957480E-01   0.333268E+00   0.333268E+00
   0.262043E+01   0.440857E+00   0.957130E-01   0.332652E+00   0.332652E+00
   0.262518E+01   0.295512E+00   0.956381E-01   0.332039E+00   0.332039E+00
   0.262992E+01   0.369642E+00   0.958355E-01   0.331429E+00   0.331429E+00
   0.263466E+01   0.317467E+00   0.953644E-01   0.330823E+00   0.330823E+00
   0.263940E+01   0.291772E+00   0.953318E-01   0.330221E+00   0.330221E+00
   0.264415E+01   0.157370E+00   0.950676E-01   0.329621E+00   0.329621E+00
   0.264889E+01   0.276414E+00   0.950754E-01   0.329025E+00   0.329025E+00
   0.265363E+01   0.442375E+00   0.953058E-01   0.328432E+00   0.328432E+00
   0.265838E+01   0.250925E+00   0.948242E-01   0.327842E+00   0.327842E+00
   0.266312E+01   0.256556E+00   0.950137E-01   0.327255E+00   0.327255E+00
   0.266786E+01   0.331014E+00   0.947204E-01   0.326670E+00   0.326670E+00
   0.267260E+01   0.395056E+00   0.947390E-01   0.326089E+00   0.326089E+00
   0.267735E+01   0.302043E+00   0.947582E-01   0.325510E+00   0.325510E+00
   0.268209E+01   0.262966E+00   0.946199E-01   0.324934E+00   0.324934E+00
   0.268683E+01   0.438764E+00   0.944279E-01   0.324360E+00   0.324360E+00
   0.269158E+01   0.378777E+00   0.945552E-01   0.323789E+00   0.323789E+00
   0.269632E+01   0.378098E+00   0.946556E-01   0.323220E+00   0.323220E+00
   0.270106E+01   0.425739E+00   0.942127E-01   0.322653E+00   0.322653E+00
   0.270580E+01   0.301917E+00   0.939756E-01   0.322088E+00   0.322088E+00
   0.271055E+01   0.282037E+00   0.939597E-01   0.321526E+00   0.321526E+00
   0.271529E+01   0.367981E+00   0.943128E-01   0.320966E+00   0.320966E+00
   0.272003E+01   0.282240E+00   0.939048E-01   0.320407E+00   0.320407E+00
   0.272478E+01   0.389087E+00   0.938340E-01   0.319850E+00   0.319850E+00
   0.272952E+01   0.270113E+00   0.938701E-01   0.319296E+00   0.319296E+00
   0.273426E+01   0.316174E+00   0.934110E-01   0.318743E+00   0.318743E+00
   0.273901E+01   0.326685E+00   0.934764E-01   0.318192E+00   0.318192E+00
   0.274375E+01   0.252585E+00   0.934388E-01   0.317642E+00   0.317642E+00
   0.274849E+01   0.273637E+00   0.933044E-01   0.317093E+00   0.317093E+00
   0.275323E+01   0.318362E+00   0.933971E-01   0.316546E+00   0.316546E+00
   0.275798E+01   0.354094E+00   0.931967E-01   0.316001E+00   0.316001E+00
   0.276272E+01   0.279546E+00   0.931165E-01   0.315456E+00   0.315456E+00
   0.276746E+01   0.189186E+00   0.930614E-01   0.314913E+00   0.314913E+00
   0.277221E+01   0.216074E+00   0.929317E-01   0.314371E+00   0.314371E+00
   0.277695E+01   0.315700E+00   0.929860E-01   0.313830E+00   0.313830E+00
   0.278169E+01   0.299357E+00   0.930520E-01   0.313289E+00   0.313289E+00
   0.278643E+01   0.458001E+00   0.927441E-01   0.312750E+00   0.312750E+00
   0.279118E+01   0.298793E+00   0.925523E-01   0.312211E+00   0.312211E+00
   0.279592E+01   0.430804E+00   0.926545E-01   0.311673E+00   0.311673E+00
   0.280066E+01   0.302243E+00   0.924661E-01   0.311136E+00   0.311136E+00
   0.280540E+01   0.374060E+00   0.925290E-01   0.310599E+00   0.310599E+00
   0.281015E+01   0.425957E+00   0.925469E-01   0.310062E+00   0.310062E+00
   0.281489E+01   0.419238E+00   0.925828E-01   0.309526E+00   0.309526E+00
   0.281963E+01   0.259910E+00   0.945879E-01   0.308990E+00   0.308990E+00
   0.282438E+01   0.247750E+00   0.959796E-01   0.308454E+00   0.308454E+00
   0.282912E+01   0.338037E+00   0.972812E-01   0.307919E+00   0.307919E+00
   0.283386E+01   0.339530E+00   0.982186E-01   0.307384E+00   0.307384E+00
   0.283860E+01   0.339539E+00   0.989119E-01   0.306847E+00   0.306847E+00
   0.284335E+01   0.251180E+00   0.992402E-01   0.306312E+00   0.306312E+00
   0.284809E+01   0.259525E+00   0.998706E-01   0.305776E+00   0.305776E+00
   0.285283E+01   0.284223E+00   0.100026E+00   0.305240E+00   0.305240E+00
   0.285758E+01   0.339709E+00   0.100156E+00   0.304703E+00   0.304703E+00
   0.286232E+01   0.167589E+00   0.100540E+00   0.304166E+00   0.304166E+00
   0.286706E+01   0.237929E+00   0.100922E+00   0.303628E+00   0.303628E+00
   0.287181E+01   0.316723E+00   0.101114E+00   0.303090E+00   0.303090E+00
   0.287655E+01   0.294280E+00   0.101348E+00   0.302551E+00   0.302551E+00
   0.288129E+01   0.401707E+00   0.100935E+00   0.302012E+00   0.302012E+00
   0.288603E+01   0.326895E+00   0.983010E-01   0.301472E+00   0.301472E+00
   0.289078E+01   0.274729E+00   0.968963E-01   0.300930E+00   0.300930E+00
   0.289552E+01   0.291858E+00   0.959523E-01   0.300388E+00   0.300388E+00
   0.290026E+01   0.349574E+00   0.951948E-01   0.299845E+00   0.299845E+00
   0.290501E+01   0.213526E+00   0.942909E-01   0.299301E+00   0.299301E+00
   0.290975E+01   0.461568E+00   0.940383E-01   0.298756E+00   0.298756E+00
   0.291449E+01   0.391374E+00   0.937587E-01   0.298209E+00   0.298209E+00
   0.291923E+01   0.296612E+00   0.936046E-01   0.297661E+00   0.297661E+00
   0.292398E+01   0.377846E+00   0.932161E-01   0.297112E+00   0.297112E+00
   0.292872E+01   0.391407E+00   0.932086E-01   0.296561E+00   0.296561E+00
   0.293346E+01   0.254654E+00   0.929045E-01   0.296009E+00   0.296009E+00
   0.293820E+01   0.197935E+00   0.928247E-01   0.295455E+00   0.295455E+00
   0.294295E+01   0.275530E+00   0.925585E-01   0.294900E+00   0.294900E+00
   0.294769E+01   0.281443E+00   0.928084E-01   0.294343E+00   0.294343E+00
   0.295243E+01   0.216465E+00   0.925320E-01   0.293784E+00   0.293784E+00
   0.295718E+01   0.135333E+00   0.924145E-01   0.293224E+00   0.293224E+00
   0.296192E+01   0.223479E+00   0.926143E-01   0.292661E+00   0.292661E+00
   0.296666E+01   0.367622E+00   0.919809E-01   0.292097E+00   0.292097E+00
   0.297140E+01   0.380501E+00   0.917541E-01   0.291531E+00   0.291531E+00
   0.297615E+01   0.293787E+00   0.919590E-01   0.290963E+00   0.290963E+00
   0.298089E+01   0.350018E+00   0.919286E-01   0.290393E+00   0.290393E+00
   0.298563E+01   0.356021E+00   0.918720E-01   0.289820E+00   0.289820E+00
   0.299038E+01   0.373066E+00   0.914834E-01   0.289246E+00   0.289246E+00
   0.299512E+01   0.437750E+00   0.915064E-01   0.288670E+00   0.288670E+00
   0.299986E+01   0.184878E+00   0.912001E-01   0.288091E+00   0.288091E+00

           ####      Real Space Data                               ####

           Distance distribution  function of particle  


      R          P(R)      ERROR

  0.0000E+00  0.0000E+00  0.0000E+00
  0.3884E-01  0.8108E-02  0.4113E-03
  0.7767E-01  0.1602E-01  0.7624E-03
  0.1165E+00  0.2374E-01  0.1054E-02
  0.1553E+00  0.3127E-01  0.1289E-02
  0.1942E+00  0.3861E-01  0.1467E-02
  0.2330E+00  0.4577E-01  0.1591E-02
  0.2719E+00  0.5276E-01  0.1664E-02
  0.3107E+00  0.5958E-01  0.1690E-02
  0.3495E+00  0.6625E-01  0.1673E-02
  0.3884E+00  0.7276E-01  0.1615E-02
  0.4272E+00  0.7914E-01  0.1524E-02
  0.4660E+00  0.8540E-01  0.1404E-02
  0.5049E+00  0.9153E-01  0.1263E-02
  0.5437E+00  0.9757E-01  0.1109E-02
  0.5825E+00  0.1035E+00  0.9574E-03
  0.6214E+00  0.1094E+00  0.8258E-03
  0.6602E+00  0.1152E+00  0.7422E-03
  0.6990E+00  0.1209E+00  0.7341E-03
  0.7379E+00  0.1266E+00  0.8081E-03
  0.7767E+00  0.1322E+00  0.9440E-03
  0.8156E+00  0.1378E+00  0.1115E-02
  0.8544E+00  0.1434E+00  0.1300E-02
  0.8932E+00  0.1490E+00  0.1486E-02
  0.9321E+00  0.1546E+00  0.1665E-02
  0.9709E+00  0.1601E+00  0.1829E-02
  0.1010E+01  0.1657E+00  0.1975E-02
  0.1049E+01  0.1712E+00  0.2099E-02
  0.1087E+01  0.1768E+00  0.2198E-02
  0.1126E+01  0.1824E+00  0.2271E-02
  0.1165E+01  0.1879E+00  0.2318E-02
  0.1204E+01  0.1935E+00  0.2336E-02
  0.1243E+01  0.1990E+00  0.2327E-02
  0.1282E+01  0.2045E+00  0.2291E-02
  0.1320E+01  0.2100E+00  0.2231E-02
  0.1359E+01  0.2155E+00  0.2147E-02
  0.1398E+01  0.2209E+00  0.2043E-02
  0.1437E+01  0.2263E+00  0.1924E-02
  0.1476E+01  0.2315E+00  0.1794E-02
  0.1515E+01  0.2367E+00  0.1661E-02
  0.1553E+01  0.2418E+00  0.1533E-02
  0.1592E+01  0.2468E+00  0.1423E-02
  0.1631E+01  0.2516E+00  0.1343E-02
  0.1670E+01  0.2563E+00  0.1305E-02
  0.1709E+01  0.2608E+00  0.1318E-02
  0.1748E+01  0.2651E+00  0.1382E-02
  0.1786E+01  0.2692E+00  0.1490E-02
  0.1825E+01  0.2731E+00  0.1630E-02
  0.1864E+01  0.2768E+00  0.1791E-02
  0.1903E+01  0.2802E+00  0.1962E-02
  0.1942E+01  0.2834E+00  0.2134E-02
  0.1981E+01  0.2862E+00  0.2300E-02
  0.2019E+01  0.2888E+00  0.2456E-02
  0.2058E+01  0.2910E+00  0.2598E-02
  0.2097E+01  0.2930E+00  0.2721E-02
  0.2136E+01  0.2946E+00  0.2824E-02
  0.2175E+01  0.2959E+00  0.2905E-02
  0.2214E+01  0.2969E+00  0.2963E-02
  0.2252E+01  0.2975E+00  0.2998E-02
  0.2291E+01  0.2978E+00  0.3009E-02
  0.2330E+01  0.2977E+00  0.2998E-02
  0.2369E+01  0.2973E+00  0.2967E-02
  0.2408E+01  0.2966E+00  0.2917E-02
  0.2447E+01  0.2955E+00  0.2851E-02
  0.2486E+01  0.2941E+00  0.2774E-02
  0.2524E+01  0.2924E+00  0.2689E-02
  0.2563E+01  0.2903E+00  0.2602E-02
  0.2602E+01  0.2880E+00  0.2519E-02
  0.2641E+01  0.2854E+00  0.2446E-02
  0.2680E+01  0.2826E+00  0.2390E-02
  0.2719E+01  0.2795E+00  0.2356E-02
  0.2757E+01  0.2761E+00  0.2349E-02
  0.2796E+01  0.2725E+00  0.2371E-02
  0.2835E+01  0.2688E+00  0.2422E-02
  0.2874E+01  0.2648E+00  0.2499E-02
  0.2913E+01  0.2607E+00  0.2597E-02
  0.2952E+01  0.2565E+00  0.2712E-02
  0.2990E+01  0.2521E+00  0.2836E-02
  0.3029E+01  0.2477E+00  0.2965E-02
  0.3068E+01  0.2431E+00  0.3093E-02
  0.3107E+01  0.2385E+00  0.3215E-02
  0.3146E+01  0.2339E+00  0.3327E-02
  0.3185E+01  0.2292E+00  0.3426E-02
  0.3223E+01  0.2246E+00  0.3509E-02
  0.3262E+01  0.2199E+00  0.3574E-02
  0.3301E+01  0.2153E+00  0.3621E-02
  0.3340E+01  0.2107E+00  0.3647E-02
  0.3379E+01  0.2062E+00  0.3655E-02
  0.3418E+01  0.2017E+00  0.3643E-02
  0.3456E+01  0.1973E+00  0.3615E-02
  0.3495E+01  0.1930E+00  0.3571E-02
  0.3534E+01  0.1888E+00  0.3515E-02
  0.3573E+01  0.1847E+00  0.3450E-02
  0.3612E+01  0.1807E+00  0.3380E-02
  0.3651E+01  0.1768E+00  0.3310E-02
  0.3689E+01  0.1730E+00  0.3245E-02
  0.3728E+01  0.1694E+00  0.3191E-02
  0.3767E+01  0.1658E+00  0.3152E-02
  0.3806E+01  0.1624E+00  0.3132E-02
  0.3845E+01  0.1590E+00  0.3136E-02
  0.3884E+01  0.1558E+00  0.3164E-02
  0.3922E+01  0.1527E+00  0.3217E-02
  0.3961E+01  0.1497E+00  0.3294E-02
  0.4000E+01  0.1467E+00  0.3391E-02
  0.4039E+01  0.1439E+00  0.3505E-02
  0.4078E+01  0.1411E+00  0.3630E-02
  0.4117E+01  0.1384E+00  0.3762E-02
  0.4155E+01  0.1357E+00  0.3895E-02
  0.4194E+01  0.1331E+00  0.4027E-02
  0.4233E+01  0.1306E+00  0.4151E-02
  0.4272E+01  0.1280E+00  0.4266E-02
  0.4311E+01  0.1256E+00  0.4368E-02
  0.4350E+01  0.1231E+00  0.4454E-02
  0.4388E+01  0.1207E+00  0.4523E-02
  0.4427E+01  0.1182E+00  0.4574E-02
  0.4466E+01  0.1158E+00  0.4606E-02
  0.4505E+01  0.1133E+00  0.4618E-02
  0.4544E+01  0.1109E+00  0.4612E-02
  0.4583E+01  0.1085E+00  0.4587E-02
  0.4621E+01  0.1060E+00  0.4547E-02
  0.4660E+01  0.1035E+00  0.4492E-02
  0.4699E+01  0.1010E+00  0.4425E-02
  0.4738E+01  0.9854E-01  0.4349E-02
  0.4777E+01  0.9602E-01  0.4268E-02
  0.4816E+01  0.9349E-01  0.4185E-02
  0.4854E+01  0.9095E-01  0.4104E-02
  0.4893E+01  0.8840E-01  0.4030E-02
  0.4932E+01  0.8584E-01  0.3965E-02
  0.4971E+01  0.8329E-01  0.3914E-02
  0.5010E+01  0.8073E-01  0.3879E-02
  0.5049E+01  0.7819E-01  0.3862E-02
  0.5088E+01  0.7565E-01  0.3866E-02
  0.5126E+01  0.7314E-01  0.3889E-02
  0.5165E+01  0.7065E-01  0.3930E-02
  0.5204E+01  0.6819E-01  0.3987E-02
  0.5243E+01  0.6576E-01  0.4058E-02
  0.5282E+01  0.6338E-01  0.4139E-02
  0.5321E+01  0.6104E-01  0.4227E-02
  0.5359E+01  0.5875E-01  0.4318E-02
  0.5398E+01  0.5651E-01  0.4408E-02
  0.5437E+01  0.5434E-01  0.4495E-02
  0.5476E+01  0.5223E-01  0.4576E-02
  0.5515E+01  0.5019E-01  0.4649E-02
  0.5554E+01  0.4821E-01  0.4711E-02
  0.5592E+01  0.4631E-01  0.4761E-02
  0.5631E+01  0.4448E-01  0.4799E-02
  0.5670E+01  0.4273E-01  0.4823E-02
  0.5709E+01  0.4105E-01  0.4835E-02
  0.5748E+01  0.3944E-01  0.4833E-02
  0.5787E+01  0.3790E-01  0.4820E-02
  0.5825E+01  0.3643E-01  0.4795E-02
  0.5864E+01  0.3502E-01  0.4762E-02
  0.5903E+01  0.3368E-01  0.4722E-02
  0.5942E+01  0.3240E-01  0.4677E-02
  0.5981E+01  0.3117E-01  0.4629E-02
  0.6020E+01  0.3000E-01  0.4583E-02
  0.6058E+01  0.2887E-01  0.4541E-02
  0.6097E+01  0.2777E-01  0.4505E-02
  0.6136E+01  0.2671E-01  0.4480E-02
  0.6175E+01  0.2568E-01  0.4468E-02
  0.6214E+01  0.2467E-01  0.4472E-02
  0.6253E+01  0.2368E-01  0.4493E-02
  0.6291E+01  0.2270E-01  0.4533E-02
  0.6330E+01  0.2173E-01  0.4591E-02
  0.6369E+01  0.2075E-01  0.4668E-02
  0.6408E+01  0.1978E-01  0.4761E-02
  0.6447E+01  0.1880E-01  0.4869E-02
  0.6486E+01  0.1781E-01  0.4988E-02
  0.6524E+01  0.1682E-01  0.5115E-02
  0.6563E+01  0.1581E-01  0.5246E-02
  0.6602E+01  0.1479E-01  0.5375E-02
  0.6641E+01  0.1375E-01  0.5498E-02
  0.6680E+01  0.1271E-01  0.5610E-02
  0.6719E+01  0.1166E-01  0.5706E-02
  0.6757E+01  0.1061E-01  0.5779E-02
  0.6796E+01  0.9561E-02  0.5825E-02
  0.6835E+01  0.8518E-02  0.5837E-02
  0.6874E+01  0.7488E-02  0.5808E-02
  0.6913E+01  0.6481E-02  0.5734E-02
  0.6952E+01  0.5505E-02  0.5607E-02
  0.6990E+01  0.4569E-02  0.5421E-02
  0.7029E+01  0.3685E-02  0.5170E-02
  0.7068E+01  0.2864E-02  0.4846E-02
  0.7107E+01  0.2119E-02  0.4444E-02
  0.7146E+01  0.1462E-02  0.3956E-02
  0.7185E+01  0.9080E-03  0.3376E-02
  0.7223E+01  0.4699E-03  0.2697E-02
  0.7262E+01  0.1626E-03  0.1913E-02
  0.7301E+01  0.1014E-05  0.1016E-02
  0.7340E+01  0.0000E+00  0.0000E+00
