
           ####      G N O M             Version 5.0 (r13469)      ####
                                               Wed Dec 15 15:10:36 2021

           ####      Configuration                                 ####

    System Type:                   arbitrary monodisperse (job = 0)
    Minimum characteristic size:         0.0000
    Maximum characteristic size:         7.9900
    rad56:                               0.0000
    Force 0.0 at r = rmin:                  yes
    Force 0.0 at r = rmax:                  yes
    Initial alpha:                       0.0000
    Initial random seed:    1436044099190796420
    Points in real space:                   190

    Input  1:                      temp-inp.dat
    First data point used:                    1
    Last data point used:                   570
    Scaling coefficient:             0.1000E+01
    Experimental setup:            point collimation



           ####      Results                                       ####

    Parameter    DISCRP  OSCILL  STABIL  SYSDEV  POSITV  VALCEN  SMOOTH
    Weight        1.000   3.000   3.000   3.000   1.000   1.000   1.000
    Sigma         0.300   0.600   0.120   0.120   0.120   0.120   0.600
    Ideal         0.700   1.100   0.000   1.000   1.000   0.950   0.000
    Current       0.427   1.466   0.008   0.921   1.000   0.819   0.571
               --------------------------------------------------------
    Estimate      0.436   0.689   0.995   0.648   1.000   0.303   0.405

    Angular range:                       0.3012 to       2.9999
    Reciprocal space Rg:             0.2258E+01
    Reciprocal space I(0):           0.4549E+02

    Real space range:                    0.0000 to       7.9900
    Real space Rg:                   0.2270E+01 +-   0.1041E-01
    Real space I(0):                 0.4550E+02 +-   0.1144E+00

    Highest ALPHA (theor):           0.5005E+02
    Current ALPHA:                   0.9134E+00

    Total Estimate:                      0.7030 (a REASONABLE solution)



           ####      Experimental Data and Fit                     ####

      S          J EXP       ERROR       J REG       I REG

   0.000000E+00                                                0.454994E+02
   0.107561E-01                                                0.454903E+02
   0.215123E-01                                                0.454632E+02
   0.322684E-01                                                0.454181E+02
   0.430246E-01                                                0.453550E+02
   0.537807E-01                                                0.452741E+02
   0.645368E-01                                                0.451754E+02
   0.752930E-01                                                0.450591E+02
   0.860491E-01                                                0.449254E+02
   0.968053E-01                                                0.447744E+02
   0.107561E+00                                                0.446064E+02
   0.118318E+00                                                0.444216E+02
   0.129074E+00                                                0.442203E+02
   0.139830E+00                                                0.440028E+02
   0.150586E+00                                                0.437693E+02
   0.161342E+00                                                0.435202E+02
   0.172098E+00                                                0.432559E+02
   0.182854E+00                                                0.429767E+02
   0.193611E+00                                                0.426830E+02
   0.204367E+00                                                0.423753E+02
   0.215123E+00                                                0.420538E+02
   0.225879E+00                                                0.417192E+02
   0.236635E+00                                                0.413718E+02
   0.247391E+00                                                0.410120E+02
   0.258147E+00                                                0.406404E+02
   0.268903E+00                                                0.402575E+02
   0.279660E+00                                                0.398638E+02
   0.290416E+00                                                0.394597E+02
   0.301172E+00   0.391030E+02   0.211755E+00   0.390458E+02   0.390458E+02
   0.305915E+00   0.391829E+02   0.209914E+00   0.388603E+02   0.388603E+02
   0.310658E+00   0.388253E+02   0.207597E+00   0.386731E+02   0.386731E+02
   0.315400E+00   0.381955E+02   0.205182E+00   0.384841E+02   0.384841E+02
   0.320143E+00   0.381080E+02   0.203504E+00   0.382935E+02   0.382935E+02
   0.324886E+00   0.381046E+02   0.201768E+00   0.381012E+02   0.381012E+02
   0.329629E+00   0.379394E+02   0.199860E+00   0.379074E+02   0.379074E+02
   0.334372E+00   0.375520E+02   0.198143E+00   0.377120E+02   0.377120E+02
   0.339115E+00   0.377678E+02   0.199034E+00   0.375151E+02   0.375151E+02
   0.343858E+00   0.373074E+02   0.201092E+00   0.373169E+02   0.373169E+02
   0.348601E+00   0.371460E+02   0.205773E+00   0.371172E+02   0.371172E+02
   0.353343E+00   0.372540E+02   0.209431E+00   0.369161E+02   0.369161E+02
   0.358086E+00   0.370265E+02   0.211745E+00   0.367138E+02   0.367138E+02
   0.362829E+00   0.366873E+02   0.213090E+00   0.365102E+02   0.365102E+02
   0.367572E+00   0.360903E+02   0.214402E+00   0.363054E+02   0.363054E+02
   0.372315E+00   0.360212E+02   0.215647E+00   0.360994E+02   0.360994E+02
   0.377058E+00   0.360098E+02   0.217001E+00   0.358924E+02   0.358924E+02
   0.381801E+00   0.355053E+02   0.217299E+00   0.356842E+02   0.356842E+02
   0.386543E+00   0.350497E+02   0.218041E+00   0.354750E+02   0.354750E+02
   0.391286E+00   0.347209E+02   0.218338E+00   0.352649E+02   0.352649E+02
   0.396029E+00   0.348456E+02   0.219495E+00   0.350538E+02   0.350538E+02
   0.400772E+00   0.348159E+02   0.220430E+00   0.348418E+02   0.348418E+02
   0.405515E+00   0.345177E+02   0.227321E+00   0.346290E+02   0.346290E+02
   0.410258E+00   0.345412E+02   0.233582E+00   0.344154E+02   0.344154E+02
   0.415001E+00   0.341719E+02   0.238092E+00   0.342011E+02   0.342011E+02
   0.419744E+00   0.339187E+02   0.241145E+00   0.339861E+02   0.339861E+02
   0.424486E+00   0.338835E+02   0.244857E+00   0.337703E+02   0.337703E+02
   0.429229E+00   0.336681E+02   0.247930E+00   0.335540E+02   0.335540E+02
   0.433972E+00   0.336343E+02   0.251630E+00   0.333371E+02   0.333371E+02
   0.438715E+00   0.330112E+02   0.254619E+00   0.331197E+02   0.331197E+02
   0.443458E+00   0.327877E+02   0.257880E+00   0.329018E+02   0.329018E+02
   0.448201E+00   0.324566E+02   0.262082E+00   0.326835E+02   0.326835E+02
   0.452944E+00   0.324414E+02   0.266359E+00   0.324647E+02   0.324647E+02
   0.457686E+00   0.323196E+02   0.268846E+00   0.322457E+02   0.322457E+02
   0.462429E+00   0.319943E+02   0.270469E+00   0.320263E+02   0.320263E+02
   0.467172E+00   0.321909E+02   0.269472E+00   0.318066E+02   0.318066E+02
   0.471915E+00   0.316309E+02   0.258550E+00   0.315867E+02   0.315867E+02
   0.476658E+00   0.316997E+02   0.253400E+00   0.313666E+02   0.313666E+02
   0.481401E+00   0.314078E+02   0.249694E+00   0.311464E+02   0.311464E+02
   0.486144E+00   0.313061E+02   0.247029E+00   0.309261E+02   0.309261E+02
   0.490887E+00   0.307070E+02   0.243901E+00   0.307057E+02   0.307057E+02
   0.495629E+00   0.306735E+02   0.241737E+00   0.304853E+02   0.304853E+02
   0.500372E+00   0.300444E+02   0.239709E+00   0.302649E+02   0.302649E+02
   0.505115E+00   0.300643E+02   0.238595E+00   0.300446E+02   0.300446E+02
   0.509858E+00   0.298493E+02   0.236916E+00   0.298243E+02   0.298243E+02
   0.514601E+00   0.298367E+02   0.235541E+00   0.296042E+02   0.296042E+02
   0.519344E+00   0.295577E+02   0.233629E+00   0.293843E+02   0.293843E+02
   0.524087E+00   0.287487E+02   0.232051E+00   0.291645E+02   0.291645E+02
   0.528829E+00   0.288861E+02   0.231100E+00   0.289450E+02   0.289450E+02
   0.533572E+00   0.285264E+02   0.229221E+00   0.287258E+02   0.287258E+02
   0.538315E+00   0.286587E+02   0.227508E+00   0.285069E+02   0.285069E+02
   0.543058E+00   0.284391E+02   0.225589E+00   0.282884E+02   0.282884E+02
   0.547801E+00   0.278367E+02   0.223689E+00   0.280702E+02   0.280702E+02
   0.552544E+00   0.277201E+02   0.221383E+00   0.278525E+02   0.278525E+02
   0.557287E+00   0.274050E+02   0.219868E+00   0.276352E+02   0.276352E+02
   0.562029E+00   0.274187E+02   0.218386E+00   0.274183E+02   0.274183E+02
   0.566772E+00   0.273086E+02   0.217087E+00   0.272020E+02   0.272020E+02
   0.571515E+00   0.270650E+02   0.214892E+00   0.269863E+02   0.269863E+02
   0.576258E+00   0.267237E+02   0.213496E+00   0.267711E+02   0.267711E+02
   0.581001E+00   0.265739E+02   0.212346E+00   0.265565E+02   0.265565E+02
   0.585744E+00   0.262592E+02   0.210878E+00   0.263426E+02   0.263426E+02
   0.590487E+00   0.258396E+02   0.209870E+00   0.261293E+02   0.261293E+02
   0.595230E+00   0.260770E+02   0.209567E+00   0.259167E+02   0.259167E+02
   0.599972E+00   0.256005E+02   0.208719E+00   0.257049E+02   0.257049E+02
   0.604715E+00   0.254985E+02   0.208242E+00   0.254937E+02   0.254937E+02
   0.609458E+00   0.255261E+02   0.207219E+00   0.252834E+02   0.252834E+02
   0.614201E+00   0.248153E+02   0.206409E+00   0.250739E+02   0.250739E+02
   0.618944E+00   0.247461E+02   0.205282E+00   0.248652E+02   0.248652E+02
   0.623687E+00   0.247465E+02   0.204762E+00   0.246573E+02   0.246573E+02
   0.628430E+00   0.243937E+02   0.203990E+00   0.244503E+02   0.244503E+02
   0.633173E+00   0.243120E+02   0.203224E+00   0.242443E+02   0.242443E+02
   0.637915E+00   0.244063E+02   0.202825E+00   0.240391E+02   0.240391E+02
   0.642658E+00   0.236878E+02   0.201427E+00   0.238349E+02   0.238349E+02
   0.647401E+00   0.236149E+02   0.200621E+00   0.236317E+02   0.236317E+02
   0.652144E+00   0.233328E+02   0.200079E+00   0.234294E+02   0.234294E+02
   0.656887E+00   0.231207E+02   0.199647E+00   0.232282E+02   0.232282E+02
   0.661630E+00   0.229223E+02   0.198587E+00   0.230280E+02   0.230280E+02
   0.666373E+00   0.226777E+02   0.198044E+00   0.228288E+02   0.228288E+02
   0.671115E+00   0.225186E+02   0.197106E+00   0.226307E+02   0.226307E+02
   0.675858E+00   0.224825E+02   0.196469E+00   0.224337E+02   0.224337E+02
   0.680601E+00   0.221959E+02   0.195698E+00   0.222378E+02   0.222378E+02
   0.685344E+00   0.223033E+02   0.195374E+00   0.220429E+02   0.220429E+02
   0.690087E+00   0.219674E+02   0.194451E+00   0.218493E+02   0.218493E+02
   0.694830E+00   0.216408E+02   0.193800E+00   0.216568E+02   0.216568E+02
   0.699573E+00   0.212521E+02   0.193145E+00   0.214654E+02   0.214654E+02
   0.704315E+00   0.213773E+02   0.192639E+00   0.212752E+02   0.212752E+02
   0.709058E+00   0.208519E+02   0.191791E+00   0.210862E+02   0.210862E+02
   0.713801E+00   0.208087E+02   0.191122E+00   0.208984E+02   0.208984E+02
   0.718544E+00   0.207216E+02   0.190374E+00   0.207119E+02   0.207119E+02
   0.723287E+00   0.205245E+02   0.190076E+00   0.205265E+02   0.205265E+02
   0.728030E+00   0.204629E+02   0.189364E+00   0.203424E+02   0.203424E+02
   0.732773E+00   0.201413E+02   0.188372E+00   0.201596E+02   0.201596E+02
   0.737515E+00   0.199647E+02   0.188213E+00   0.199780E+02   0.199780E+02
   0.742258E+00   0.199221E+02   0.187646E+00   0.197977E+02   0.197977E+02
   0.747001E+00   0.196179E+02   0.186571E+00   0.196186E+02   0.196186E+02
   0.751744E+00   0.192550E+02   0.185873E+00   0.194409E+02   0.194409E+02
   0.756487E+00   0.194237E+02   0.185544E+00   0.192644E+02   0.192644E+02
   0.761230E+00   0.193044E+02   0.185050E+00   0.190892E+02   0.190892E+02
   0.765973E+00   0.188836E+02   0.184172E+00   0.189154E+02   0.189154E+02
   0.770716E+00   0.189857E+02   0.183678E+00   0.187428E+02   0.187428E+02
   0.775459E+00   0.188003E+02   0.183073E+00   0.185716E+02   0.185716E+02
   0.780201E+00   0.182429E+02   0.182309E+00   0.184017E+02   0.184017E+02
   0.784944E+00   0.182223E+02   0.181858E+00   0.182332E+02   0.182332E+02
   0.789687E+00   0.183092E+02   0.181562E+00   0.180659E+02   0.180659E+02
   0.794430E+00   0.178786E+02   0.180426E+00   0.179000E+02   0.179000E+02
   0.799173E+00   0.179004E+02   0.179956E+00   0.177355E+02   0.177355E+02
   0.803916E+00   0.175374E+02   0.179355E+00   0.175722E+02   0.175722E+02
   0.808658E+00   0.174003E+02   0.179058E+00   0.174104E+02   0.174104E+02
   0.813401E+00   0.175147E+02   0.178672E+00   0.172498E+02   0.172498E+02
   0.818144E+00   0.171812E+02   0.178040E+00   0.170907E+02   0.170907E+02
   0.822887E+00   0.168310E+02   0.177347E+00   0.169328E+02   0.169328E+02
   0.827630E+00   0.165008E+02   0.176700E+00   0.167763E+02   0.167763E+02
   0.832373E+00   0.165821E+02   0.176301E+00   0.166212E+02   0.166212E+02
   0.837116E+00   0.165495E+02   0.175734E+00   0.164674E+02   0.164674E+02
   0.841859E+00   0.161342E+02   0.175033E+00   0.163150E+02   0.163150E+02
   0.846601E+00   0.158199E+02   0.174390E+00   0.161639E+02   0.161639E+02
   0.851344E+00   0.158138E+02   0.173819E+00   0.160141E+02   0.160141E+02
   0.856087E+00   0.158259E+02   0.173627E+00   0.158657E+02   0.158657E+02
   0.860830E+00   0.155418E+02   0.172901E+00   0.157186E+02   0.157186E+02
   0.865573E+00   0.156177E+02   0.172463E+00   0.155728E+02   0.155728E+02
   0.870316E+00   0.152380E+02   0.171858E+00   0.154284E+02   0.154284E+02
   0.875059E+00   0.154240E+02   0.171555E+00   0.152853E+02   0.152853E+02
   0.879802E+00   0.153883E+02   0.171175E+00   0.151436E+02   0.151436E+02
   0.884544E+00   0.152296E+02   0.170617E+00   0.150031E+02   0.150031E+02
   0.889287E+00   0.149132E+02   0.169916E+00   0.148640E+02   0.148640E+02
   0.894030E+00   0.148799E+02   0.169407E+00   0.147261E+02   0.147261E+02
   0.898773E+00   0.144714E+02   0.168786E+00   0.145896E+02   0.145896E+02
   0.903516E+00   0.145780E+02   0.168713E+00   0.144544E+02   0.144544E+02
   0.908259E+00   0.143916E+02   0.167883E+00   0.143205E+02   0.143205E+02
   0.913002E+00   0.140428E+02   0.167330E+00   0.141878E+02   0.141878E+02
   0.917744E+00   0.141397E+02   0.167058E+00   0.140564E+02   0.140564E+02
   0.922487E+00   0.139254E+02   0.166322E+00   0.139263E+02   0.139263E+02
   0.927230E+00   0.139204E+02   0.166375E+00   0.137975E+02   0.137975E+02
   0.931973E+00   0.136060E+02   0.165540E+00   0.136699E+02   0.136699E+02
   0.936716E+00   0.135187E+02   0.164926E+00   0.135436E+02   0.135436E+02
   0.941459E+00   0.134890E+02   0.164659E+00   0.134185E+02   0.134185E+02
   0.946202E+00   0.132367E+02   0.163937E+00   0.132947E+02   0.132947E+02
   0.950944E+00   0.130735E+02   0.163675E+00   0.131720E+02   0.131720E+02
   0.955687E+00   0.130957E+02   0.163312E+00   0.130506E+02   0.130506E+02
   0.960430E+00   0.130066E+02   0.162789E+00   0.129305E+02   0.129305E+02
   0.965173E+00   0.130217E+02   0.162318E+00   0.128115E+02   0.128115E+02
   0.969916E+00   0.128463E+02   0.162164E+00   0.126937E+02   0.126937E+02
   0.974659E+00   0.126685E+02   0.161615E+00   0.125770E+02   0.125770E+02
   0.979402E+00   0.120624E+02   0.160759E+00   0.124616E+02   0.124616E+02
   0.984144E+00   0.123650E+02   0.160804E+00   0.123473E+02   0.123473E+02
   0.988887E+00   0.123907E+02   0.160300E+00   0.122342E+02   0.122342E+02
   0.993630E+00   0.119577E+02   0.159380E+00   0.121222E+02   0.121222E+02
   0.998373E+00   0.121413E+02   0.159339E+00   0.120114E+02   0.120114E+02
   0.100312E+01   0.119790E+02   0.159069E+00   0.119017E+02   0.119017E+02
   0.100786E+01   0.118067E+02   0.158363E+00   0.117931E+02   0.117931E+02
   0.101260E+01   0.119147E+02   0.158229E+00   0.116856E+02   0.116856E+02
   0.101734E+01   0.115993E+02   0.157899E+00   0.115792E+02   0.115792E+02
   0.102209E+01   0.117410E+02   0.157262E+00   0.114739E+02   0.114739E+02
   0.102683E+01   0.115594E+02   0.157042E+00   0.113697E+02   0.113697E+02
   0.103157E+01   0.110847E+02   0.156364E+00   0.112666E+02   0.112666E+02
   0.103632E+01   0.110918E+02   0.155998E+00   0.111645E+02   0.111645E+02
   0.104106E+01   0.111712E+02   0.155860E+00   0.110634E+02   0.110634E+02
   0.104580E+01   0.108029E+02   0.155298E+00   0.109634E+02   0.109634E+02
   0.105055E+01   0.107904E+02   0.155007E+00   0.108644E+02   0.108644E+02
   0.105529E+01   0.107449E+02   0.154399E+00   0.107664E+02   0.107664E+02
   0.106003E+01   0.106979E+02   0.154249E+00   0.106695E+02   0.106695E+02
   0.106477E+01   0.104636E+02   0.153751E+00   0.105735E+02   0.105735E+02
   0.106952E+01   0.104876E+02   0.153370E+00   0.104785E+02   0.104785E+02
   0.107426E+01   0.102421E+02   0.152780E+00   0.103845E+02   0.103845E+02
   0.107900E+01   0.103360E+02   0.152677E+00   0.102914E+02   0.102914E+02
   0.108374E+01   0.997504E+01   0.152074E+00   0.101993E+02   0.101993E+02
   0.108849E+01   0.101182E+02   0.151697E+00   0.101081E+02   0.101081E+02
   0.109323E+01   0.992443E+01   0.151615E+00   0.100179E+02   0.100179E+02
   0.109797E+01   0.994902E+01   0.151088E+00   0.992859E+01   0.992859E+01
   0.110272E+01   0.100508E+02   0.151151E+00   0.984019E+01   0.984019E+01
   0.110746E+01   0.988786E+01   0.150490E+00   0.975269E+01   0.975269E+01
   0.111220E+01   0.966908E+01   0.150067E+00   0.966609E+01   0.966609E+01
   0.111695E+01   0.951014E+01   0.149616E+00   0.958036E+01   0.958036E+01
   0.112169E+01   0.930264E+01   0.149115E+00   0.949550E+01   0.949550E+01
   0.112643E+01   0.937760E+01   0.148807E+00   0.941152E+01   0.941152E+01
   0.113117E+01   0.940283E+01   0.148791E+00   0.932837E+01   0.932837E+01
   0.113592E+01   0.907997E+01   0.148210E+00   0.924606E+01   0.924606E+01
   0.114066E+01   0.910945E+01   0.148194E+00   0.916459E+01   0.916459E+01
   0.114540E+01   0.902260E+01   0.147600E+00   0.908393E+01   0.908393E+01
   0.115014E+01   0.900784E+01   0.147267E+00   0.900409E+01   0.900409E+01
   0.115489E+01   0.894257E+01   0.147061E+00   0.892505E+01   0.892505E+01
   0.115963E+01   0.888149E+01   0.146614E+00   0.884680E+01   0.884680E+01
   0.116437E+01   0.868888E+01   0.146334E+00   0.876934E+01   0.876934E+01
   0.116912E+01   0.864962E+01   0.146134E+00   0.869265E+01   0.869265E+01
   0.117386E+01   0.870537E+01   0.145788E+00   0.861672E+01   0.861672E+01
   0.117860E+01   0.842586E+01   0.145291E+00   0.854154E+01   0.854154E+01
   0.118335E+01   0.854022E+01   0.145186E+00   0.846711E+01   0.846711E+01
   0.118809E+01   0.828865E+01   0.144892E+00   0.839341E+01   0.839341E+01
   0.119283E+01   0.816854E+01   0.144433E+00   0.832045E+01   0.832045E+01
   0.119757E+01   0.835619E+01   0.144366E+00   0.824821E+01   0.824821E+01
   0.120232E+01   0.833106E+01   0.143927E+00   0.817668E+01   0.817668E+01
   0.120706E+01   0.801115E+01   0.144383E+00   0.810584E+01   0.810584E+01
   0.121180E+01   0.795903E+01   0.148831E+00   0.803569E+01   0.803569E+01
   0.121654E+01   0.790202E+01   0.151762E+00   0.796624E+01   0.796624E+01
   0.122129E+01   0.765723E+01   0.153980E+00   0.789745E+01   0.789745E+01
   0.122603E+01   0.770303E+01   0.155868E+00   0.782934E+01   0.782934E+01
   0.123077E+01   0.790885E+01   0.157382E+00   0.776189E+01   0.776189E+01
   0.123552E+01   0.763163E+01   0.158598E+00   0.769510E+01   0.769510E+01
   0.124026E+01   0.763644E+01   0.160428E+00   0.762894E+01   0.762894E+01
   0.124500E+01   0.755164E+01   0.161522E+00   0.756342E+01   0.756342E+01
   0.124975E+01   0.767855E+01   0.162553E+00   0.749853E+01   0.749853E+01
   0.125449E+01   0.760708E+01   0.163906E+00   0.743426E+01   0.743426E+01
   0.125923E+01   0.754278E+01   0.164001E+00   0.737061E+01   0.737061E+01
   0.126397E+01   0.744655E+01   0.164974E+00   0.730756E+01   0.730756E+01
   0.126872E+01   0.743643E+01   0.164965E+00   0.724513E+01   0.724513E+01
   0.127346E+01   0.715052E+01   0.162930E+00   0.718328E+01   0.718328E+01
   0.127820E+01   0.741210E+01   0.157309E+00   0.712201E+01   0.712201E+01
   0.128295E+01   0.740855E+01   0.153882E+00   0.706132E+01   0.706132E+01
   0.128769E+01   0.702071E+01   0.151271E+00   0.700121E+01   0.700121E+01
   0.129243E+01   0.669177E+01   0.149160E+00   0.694166E+01   0.694166E+01
   0.129717E+01   0.675608E+01   0.147657E+00   0.688267E+01   0.688267E+01
   0.130192E+01   0.681653E+01   0.146344E+00   0.682425E+01   0.682425E+01
   0.130666E+01   0.658498E+01   0.145000E+00   0.676636E+01   0.676636E+01
   0.131140E+01   0.673308E+01   0.144053E+00   0.670902E+01   0.670902E+01
   0.131614E+01   0.674757E+01   0.143166E+00   0.665221E+01   0.665221E+01
   0.132089E+01   0.659221E+01   0.142263E+00   0.659593E+01   0.659593E+01
   0.132563E+01   0.656618E+01   0.141911E+00   0.654017E+01   0.654017E+01
   0.133037E+01   0.655779E+01   0.141316E+00   0.648493E+01   0.648493E+01
   0.133512E+01   0.655120E+01   0.141001E+00   0.643021E+01   0.643021E+01
   0.133986E+01   0.650743E+01   0.140414E+00   0.637600E+01   0.637600E+01
   0.134460E+01   0.635233E+01   0.139890E+00   0.632228E+01   0.632228E+01
   0.134935E+01   0.618010E+01   0.139799E+00   0.626906E+01   0.626906E+01
   0.135409E+01   0.630438E+01   0.139559E+00   0.621633E+01   0.621633E+01
   0.135883E+01   0.611584E+01   0.139110E+00   0.616409E+01   0.616409E+01
   0.136357E+01   0.611371E+01   0.138707E+00   0.611233E+01   0.611233E+01
   0.136832E+01   0.589382E+01   0.138110E+00   0.606104E+01   0.606104E+01
   0.137306E+01   0.605181E+01   0.137895E+00   0.601024E+01   0.601024E+01
   0.137780E+01   0.599183E+01   0.137700E+00   0.595989E+01   0.595989E+01
   0.138254E+01   0.586487E+01   0.137494E+00   0.591001E+01   0.591001E+01
   0.138729E+01   0.589762E+01   0.137263E+00   0.586058E+01   0.586058E+01
   0.139203E+01   0.579813E+01   0.136743E+00   0.581161E+01   0.581161E+01
   0.139677E+01   0.578705E+01   0.136420E+00   0.576308E+01   0.576308E+01
   0.140152E+01   0.564247E+01   0.136161E+00   0.571500E+01   0.571500E+01
   0.140626E+01   0.552249E+01   0.135760E+00   0.566736E+01   0.566736E+01
   0.141100E+01   0.547381E+01   0.135481E+00   0.562017E+01   0.562017E+01
   0.141575E+01   0.549279E+01   0.135332E+00   0.557340E+01   0.557340E+01
   0.142049E+01   0.543116E+01   0.134958E+00   0.552706E+01   0.552706E+01
   0.142523E+01   0.547967E+01   0.134588E+00   0.548115E+01   0.548115E+01
   0.142997E+01   0.537386E+01   0.134459E+00   0.543565E+01   0.543565E+01
   0.143472E+01   0.535343E+01   0.134279E+00   0.539057E+01   0.539057E+01
   0.143946E+01   0.536467E+01   0.133926E+00   0.534591E+01   0.534591E+01
   0.144420E+01   0.523103E+01   0.133380E+00   0.530166E+01   0.530166E+01
   0.144894E+01   0.534767E+01   0.133266E+00   0.525781E+01   0.525781E+01
   0.145369E+01   0.536207E+01   0.133212E+00   0.521436E+01   0.521436E+01
   0.145843E+01   0.522554E+01   0.132760E+00   0.517132E+01   0.517132E+01
   0.146317E+01   0.509258E+01   0.132593E+00   0.512867E+01   0.512867E+01
   0.146792E+01   0.501433E+01   0.132346E+00   0.508641E+01   0.508641E+01
   0.147266E+01   0.508574E+01   0.132067E+00   0.504454E+01   0.504454E+01
   0.147740E+01   0.494373E+01   0.131699E+00   0.500306E+01   0.500306E+01
   0.148215E+01   0.481967E+01   0.131396E+00   0.496196E+01   0.496196E+01
   0.148689E+01   0.480404E+01   0.131174E+00   0.492124E+01   0.492124E+01
   0.149163E+01   0.487077E+01   0.130940E+00   0.488090E+01   0.488090E+01
   0.149637E+01   0.496129E+01   0.130754E+00   0.484093E+01   0.484093E+01
   0.150112E+01   0.480372E+01   0.130978E+00   0.480133E+01   0.480133E+01
   0.150586E+01   0.477751E+01   0.133194E+00   0.476210E+01   0.476210E+01
   0.151060E+01   0.468785E+01   0.136578E+00   0.472323E+01   0.472323E+01
   0.151534E+01   0.470937E+01   0.139034E+00   0.468473E+01   0.468473E+01
   0.152009E+01   0.465301E+01   0.140659E+00   0.464658E+01   0.464658E+01
   0.152483E+01   0.456510E+01   0.141902E+00   0.460879E+01   0.460879E+01
   0.152957E+01   0.464768E+01   0.143453E+00   0.457135E+01   0.457135E+01
   0.153432E+01   0.458324E+01   0.139886E+00   0.453427E+01   0.453427E+01
   0.153906E+01   0.449883E+01   0.137515E+00   0.449753E+01   0.449753E+01
   0.154380E+01   0.449348E+01   0.135818E+00   0.446113E+01   0.446113E+01
   0.154855E+01   0.451337E+01   0.134141E+00   0.442509E+01   0.442509E+01
   0.155329E+01   0.432779E+01   0.132832E+00   0.438938E+01   0.438938E+01
   0.155803E+01   0.440002E+01   0.131863E+00   0.435400E+01   0.435400E+01
   0.156277E+01   0.408667E+01   0.130260E+00   0.431896E+01   0.431896E+01
   0.156752E+01   0.420944E+01   0.128924E+00   0.428425E+01   0.428425E+01
   0.157226E+01   0.421797E+01   0.128148E+00   0.424987E+01   0.424987E+01
   0.157700E+01   0.416885E+01   0.127744E+00   0.421582E+01   0.421582E+01
   0.158175E+01   0.425430E+01   0.127472E+00   0.418209E+01   0.418209E+01
   0.158649E+01   0.428630E+01   0.127270E+00   0.414869E+01   0.414869E+01
   0.159123E+01   0.429762E+01   0.127345E+00   0.411560E+01   0.411560E+01
   0.159597E+01   0.401184E+01   0.127587E+00   0.408283E+01   0.408283E+01
   0.160072E+01   0.418990E+01   0.127780E+00   0.405037E+01   0.405037E+01
   0.160546E+01   0.419680E+01   0.127548E+00   0.401822E+01   0.401822E+01
   0.161020E+01   0.406083E+01   0.127339E+00   0.398638E+01   0.398638E+01
   0.161495E+01   0.398531E+01   0.126926E+00   0.395485E+01   0.395485E+01
   0.161969E+01   0.390185E+01   0.126585E+00   0.392363E+01   0.392363E+01
   0.162443E+01   0.393382E+01   0.126382E+00   0.389271E+01   0.389271E+01
   0.162917E+01   0.387968E+01   0.126280E+00   0.386208E+01   0.386208E+01
   0.163392E+01   0.385568E+01   0.125995E+00   0.383176E+01   0.383176E+01
   0.163866E+01   0.377116E+01   0.125777E+00   0.380172E+01   0.380172E+01
   0.164340E+01   0.372851E+01   0.125511E+00   0.377198E+01   0.377198E+01
   0.164815E+01   0.357116E+01   0.125309E+00   0.374253E+01   0.374253E+01
   0.165289E+01   0.360303E+01   0.125001E+00   0.371337E+01   0.371337E+01
   0.165763E+01   0.371314E+01   0.124867E+00   0.368449E+01   0.368449E+01
   0.166237E+01   0.365477E+01   0.124717E+00   0.365590E+01   0.365590E+01
   0.166712E+01   0.364374E+01   0.124327E+00   0.362758E+01   0.362758E+01
   0.167186E+01   0.386527E+01   0.124221E+00   0.359954E+01   0.359954E+01
   0.167660E+01   0.364631E+01   0.124076E+00   0.357178E+01   0.357178E+01
   0.168135E+01   0.352304E+01   0.123862E+00   0.354429E+01   0.354429E+01
   0.168609E+01   0.353424E+01   0.123570E+00   0.351707E+01   0.351707E+01
   0.169083E+01   0.340884E+01   0.123319E+00   0.349013E+01   0.349013E+01
   0.169557E+01   0.334776E+01   0.123215E+00   0.346344E+01   0.346344E+01
   0.170032E+01   0.351161E+01   0.122959E+00   0.343703E+01   0.343703E+01
   0.170506E+01   0.345218E+01   0.122822E+00   0.341086E+01   0.341086E+01
   0.170980E+01   0.336789E+01   0.122637E+00   0.338496E+01   0.338496E+01
   0.171455E+01   0.327094E+01   0.122190E+00   0.335932E+01   0.335932E+01
   0.171929E+01   0.342712E+01   0.122253E+00   0.333393E+01   0.333393E+01
   0.172403E+01   0.332895E+01   0.122065E+00   0.330880E+01   0.330880E+01
   0.172877E+01   0.332821E+01   0.121801E+00   0.328392E+01   0.328392E+01
   0.173352E+01   0.320845E+01   0.121624E+00   0.325928E+01   0.325928E+01
   0.173826E+01   0.326053E+01   0.121405E+00   0.323488E+01   0.323488E+01
   0.174300E+01   0.323280E+01   0.121219E+00   0.321073E+01   0.321073E+01
   0.174775E+01   0.313852E+01   0.121107E+00   0.318682E+01   0.318682E+01
   0.175249E+01   0.319409E+01   0.120869E+00   0.316315E+01   0.316315E+01
   0.175723E+01   0.321824E+01   0.120627E+00   0.313972E+01   0.313972E+01
   0.176197E+01   0.332152E+01   0.120755E+00   0.311652E+01   0.311652E+01
   0.176672E+01   0.316355E+01   0.120297E+00   0.309356E+01   0.309356E+01
   0.177146E+01   0.308581E+01   0.120048E+00   0.307082E+01   0.307082E+01
   0.177620E+01   0.294362E+01   0.119968E+00   0.304831E+01   0.304831E+01
   0.178095E+01   0.303430E+01   0.119662E+00   0.302602E+01   0.302602E+01
   0.178569E+01   0.303450E+01   0.119631E+00   0.300396E+01   0.300396E+01
   0.179043E+01   0.285020E+01   0.119501E+00   0.298211E+01   0.298211E+01
   0.179517E+01   0.278735E+01   0.119066E+00   0.296049E+01   0.296049E+01
   0.179992E+01   0.297140E+01   0.118926E+00   0.293909E+01   0.293909E+01
   0.180466E+01   0.298584E+01   0.118905E+00   0.291789E+01   0.291789E+01
   0.180940E+01   0.299955E+01   0.118659E+00   0.289691E+01   0.289691E+01
   0.181415E+01   0.288407E+01   0.118502E+00   0.287614E+01   0.287614E+01
   0.181889E+01   0.280703E+01   0.118237E+00   0.285558E+01   0.285558E+01
   0.182363E+01   0.275531E+01   0.118139E+00   0.283522E+01   0.283522E+01
   0.182838E+01   0.274857E+01   0.117926E+00   0.281507E+01   0.281507E+01
   0.183312E+01   0.279105E+01   0.117888E+00   0.279512E+01   0.279512E+01
   0.183786E+01   0.284861E+01   0.117605E+00   0.277537E+01   0.277537E+01
   0.184260E+01   0.265691E+01   0.117360E+00   0.275581E+01   0.275581E+01
   0.184735E+01   0.282318E+01   0.117407E+00   0.273645E+01   0.273645E+01
   0.185209E+01   0.263652E+01   0.117201E+00   0.271729E+01   0.271729E+01
   0.185683E+01   0.268339E+01   0.117145E+00   0.269831E+01   0.269831E+01
   0.186157E+01   0.253023E+01   0.116752E+00   0.267953E+01   0.267953E+01
   0.186632E+01   0.251601E+01   0.116590E+00   0.266094E+01   0.266094E+01
   0.187106E+01   0.256330E+01   0.116453E+00   0.264253E+01   0.264253E+01
   0.187580E+01   0.257121E+01   0.116390E+00   0.262430E+01   0.262430E+01
   0.188055E+01   0.261212E+01   0.116148E+00   0.260625E+01   0.260625E+01
   0.188529E+01   0.261864E+01   0.115913E+00   0.258839E+01   0.258839E+01
   0.189003E+01   0.256076E+01   0.115692E+00   0.257070E+01   0.257070E+01
   0.189478E+01   0.261088E+01   0.115666E+00   0.255319E+01   0.255319E+01
   0.189952E+01   0.261478E+01   0.115574E+00   0.253586E+01   0.253586E+01
   0.190426E+01   0.255905E+01   0.115467E+00   0.251870E+01   0.251870E+01
   0.190900E+01   0.233967E+01   0.115051E+00   0.250171E+01   0.250171E+01
   0.191375E+01   0.247034E+01   0.115078E+00   0.248489E+01   0.248489E+01
   0.191849E+01   0.249094E+01   0.115011E+00   0.246823E+01   0.246823E+01
   0.192323E+01   0.249842E+01   0.114698E+00   0.245174E+01   0.245174E+01
   0.192797E+01   0.254092E+01   0.114621E+00   0.243542E+01   0.243542E+01
   0.193272E+01   0.239742E+01   0.114369E+00   0.241926E+01   0.241926E+01
   0.193746E+01   0.243276E+01   0.114086E+00   0.240326E+01   0.240326E+01
   0.194220E+01   0.236638E+01   0.113582E+00   0.238743E+01   0.238743E+01
   0.194695E+01   0.230397E+01   0.113260E+00   0.237174E+01   0.237174E+01
   0.195169E+01   0.226551E+01   0.113107E+00   0.235622E+01   0.235622E+01
   0.195643E+01   0.224281E+01   0.113037E+00   0.234085E+01   0.234085E+01
   0.196117E+01   0.226544E+01   0.112958E+00   0.232563E+01   0.232563E+01
   0.196592E+01   0.239888E+01   0.112838E+00   0.231057E+01   0.231057E+01
   0.197066E+01   0.239601E+01   0.112656E+00   0.229566E+01   0.229566E+01
   0.197540E+01   0.232215E+01   0.112459E+00   0.228090E+01   0.228090E+01
   0.198015E+01   0.218721E+01   0.112496E+00   0.226628E+01   0.226628E+01
   0.198489E+01   0.222198E+01   0.112443E+00   0.225181E+01   0.225181E+01
   0.198963E+01   0.232708E+01   0.112699E+00   0.223749E+01   0.223749E+01
   0.199438E+01   0.223025E+01   0.112619E+00   0.222331E+01   0.222331E+01
   0.199912E+01   0.220312E+01   0.112501E+00   0.220927E+01   0.220927E+01
   0.200386E+01   0.216088E+01   0.112319E+00   0.219538E+01   0.219538E+01
   0.200860E+01   0.206030E+01   0.112307E+00   0.218163E+01   0.218163E+01
   0.201335E+01   0.218865E+01   0.113623E+00   0.216801E+01   0.216801E+01
   0.201809E+01   0.225515E+01   0.116589E+00   0.215454E+01   0.215454E+01
   0.202283E+01   0.210127E+01   0.118237E+00   0.214120E+01   0.214120E+01
   0.202758E+01   0.222090E+01   0.119730E+00   0.212799E+01   0.212799E+01
   0.203232E+01   0.211800E+01   0.120863E+00   0.211492E+01   0.211492E+01
   0.203706E+01   0.200264E+01   0.122009E+00   0.210199E+01   0.210199E+01
   0.204180E+01   0.217825E+01   0.122814E+00   0.208919E+01   0.208919E+01
   0.204655E+01   0.210737E+01   0.123352E+00   0.207652E+01   0.207652E+01
   0.205129E+01   0.201367E+01   0.123924E+00   0.206398E+01   0.206398E+01
   0.205603E+01   0.205153E+01   0.124148E+00   0.205156E+01   0.205156E+01
   0.206078E+01   0.207679E+01   0.124297E+00   0.203928E+01   0.203928E+01
   0.206552E+01   0.211146E+01   0.124722E+00   0.202713E+01   0.202713E+01
   0.207026E+01   0.205408E+01   0.125001E+00   0.201510E+01   0.201510E+01
   0.207500E+01   0.207017E+01   0.125165E+00   0.200320E+01   0.200320E+01
   0.207975E+01   0.192881E+01   0.122584E+00   0.199143E+01   0.199143E+01
   0.208449E+01   0.195429E+01   0.119323E+00   0.197978E+01   0.197978E+01
   0.208923E+01   0.192518E+01   0.117846E+00   0.196825E+01   0.196825E+01
   0.209397E+01   0.184513E+01   0.116366E+00   0.195685E+01   0.195685E+01
   0.209872E+01   0.180229E+01   0.115106E+00   0.194557E+01   0.194557E+01
   0.210346E+01   0.206577E+01   0.114239E+00   0.193440E+01   0.193440E+01
   0.210820E+01   0.214327E+01   0.113512E+00   0.192336E+01   0.192336E+01
   0.211295E+01   0.203121E+01   0.113387E+00   0.191245E+01   0.191245E+01
   0.211769E+01   0.192371E+01   0.113134E+00   0.190165E+01   0.190165E+01
   0.212243E+01   0.196673E+01   0.112587E+00   0.189097E+01   0.189097E+01
   0.212717E+01   0.196100E+01   0.112468E+00   0.188040E+01   0.188040E+01
   0.213192E+01   0.182637E+01   0.111995E+00   0.186996E+01   0.186996E+01
   0.213666E+01   0.175667E+01   0.111767E+00   0.185963E+01   0.185963E+01
   0.214140E+01   0.191785E+01   0.111521E+00   0.184941E+01   0.184941E+01
   0.214615E+01   0.189529E+01   0.111520E+00   0.183932E+01   0.183932E+01
   0.215089E+01   0.182192E+01   0.111389E+00   0.182934E+01   0.182934E+01
   0.215563E+01   0.183149E+01   0.110989E+00   0.181947E+01   0.181947E+01
   0.216038E+01   0.199532E+01   0.111085E+00   0.180971E+01   0.180971E+01
   0.216512E+01   0.190760E+01   0.110765E+00   0.180007E+01   0.180007E+01
   0.216986E+01   0.172914E+01   0.110407E+00   0.179055E+01   0.179055E+01
   0.217460E+01   0.176793E+01   0.110363E+00   0.178113E+01   0.178113E+01
   0.217935E+01   0.157205E+01   0.109888E+00   0.177183E+01   0.177183E+01
   0.218409E+01   0.160856E+01   0.109904E+00   0.176263E+01   0.176263E+01
   0.218883E+01   0.165279E+01   0.109716E+00   0.175355E+01   0.175355E+01
   0.219358E+01   0.170277E+01   0.109532E+00   0.174458E+01   0.174458E+01
   0.219832E+01   0.162910E+01   0.109357E+00   0.173572E+01   0.173572E+01
   0.220306E+01   0.174679E+01   0.109302E+00   0.172697E+01   0.172697E+01
   0.220780E+01   0.169487E+01   0.109159E+00   0.171832E+01   0.171832E+01
   0.221255E+01   0.167006E+01   0.108956E+00   0.170979E+01   0.170979E+01
   0.221729E+01   0.161876E+01   0.108743E+00   0.170136E+01   0.170136E+01
   0.222203E+01   0.162316E+01   0.108732E+00   0.169304E+01   0.169304E+01
   0.222677E+01   0.162583E+01   0.108515E+00   0.168483E+01   0.168483E+01
   0.223152E+01   0.167420E+01   0.108392E+00   0.167672E+01   0.167672E+01
   0.223626E+01   0.157820E+01   0.108204E+00   0.166872E+01   0.166872E+01
   0.224100E+01   0.159093E+01   0.108005E+00   0.166083E+01   0.166083E+01
   0.224575E+01   0.177348E+01   0.108054E+00   0.165304E+01   0.165304E+01
   0.225049E+01   0.162965E+01   0.107862E+00   0.164535E+01   0.164535E+01
   0.225523E+01   0.165469E+01   0.107664E+00   0.163777E+01   0.163777E+01
   0.225997E+01   0.160518E+01   0.107501E+00   0.163029E+01   0.163029E+01
   0.226472E+01   0.168261E+01   0.107363E+00   0.162292E+01   0.162292E+01
   0.226946E+01   0.154694E+01   0.107204E+00   0.161565E+01   0.161565E+01
   0.227420E+01   0.169066E+01   0.107034E+00   0.160848E+01   0.160848E+01
   0.227895E+01   0.164071E+01   0.107032E+00   0.160141E+01   0.160141E+01
   0.228369E+01   0.156990E+01   0.106710E+00   0.159444E+01   0.159444E+01
   0.228843E+01   0.151575E+01   0.106619E+00   0.158758E+01   0.158758E+01
   0.229318E+01   0.156484E+01   0.106384E+00   0.158081E+01   0.158081E+01
   0.229792E+01   0.160127E+01   0.106507E+00   0.157414E+01   0.157414E+01
   0.230266E+01   0.140988E+01   0.106292E+00   0.156758E+01   0.156758E+01
   0.230740E+01   0.154382E+01   0.106193E+00   0.156111E+01   0.156111E+01
   0.231215E+01   0.158398E+01   0.106026E+00   0.155474E+01   0.155474E+01
   0.231689E+01   0.137628E+01   0.105725E+00   0.154846E+01   0.154846E+01
   0.232163E+01   0.154709E+01   0.105759E+00   0.154229E+01   0.154229E+01
   0.232638E+01   0.156513E+01   0.105596E+00   0.153621E+01   0.153621E+01
   0.233112E+01   0.162173E+01   0.105620E+00   0.153022E+01   0.153022E+01
   0.233586E+01   0.158442E+01   0.105507E+00   0.152433E+01   0.152433E+01
   0.234060E+01   0.157552E+01   0.105299E+00   0.151854E+01   0.151854E+01
   0.234535E+01   0.150179E+01   0.105051E+00   0.151283E+01   0.151283E+01
   0.235009E+01   0.158360E+01   0.105120E+00   0.150722E+01   0.150722E+01
   0.235483E+01   0.169581E+01   0.105022E+00   0.150171E+01   0.150171E+01
   0.235957E+01   0.148502E+01   0.104790E+00   0.149628E+01   0.149628E+01
   0.236432E+01   0.153389E+01   0.104727E+00   0.149095E+01   0.149095E+01
   0.236906E+01   0.159840E+01   0.104526E+00   0.148571E+01   0.148571E+01
   0.237380E+01   0.156937E+01   0.104482E+00   0.148055E+01   0.148055E+01
   0.237855E+01   0.142939E+01   0.104394E+00   0.147549E+01   0.147549E+01
   0.238329E+01   0.140281E+01   0.104147E+00   0.147052E+01   0.147052E+01
   0.238803E+01   0.138809E+01   0.103991E+00   0.146562E+01   0.146562E+01
   0.239277E+01   0.137494E+01   0.103872E+00   0.146082E+01   0.146082E+01
   0.239752E+01   0.140708E+01   0.103806E+00   0.145610E+01   0.145610E+01
   0.240226E+01   0.152242E+01   0.103792E+00   0.145147E+01   0.145147E+01
   0.240700E+01   0.142224E+01   0.103627E+00   0.144692E+01   0.144692E+01
   0.241175E+01   0.138174E+01   0.103501E+00   0.144246E+01   0.144246E+01
   0.241649E+01   0.143681E+01   0.103472E+00   0.143807E+01   0.143807E+01
   0.242123E+01   0.137717E+01   0.103315E+00   0.143377E+01   0.143377E+01
   0.242598E+01   0.142955E+01   0.103028E+00   0.142955E+01   0.142955E+01
   0.243072E+01   0.135080E+01   0.102928E+00   0.142541E+01   0.142541E+01
   0.243546E+01   0.133986E+01   0.103012E+00   0.142135E+01   0.142135E+01
   0.244020E+01   0.150707E+01   0.102897E+00   0.141737E+01   0.141737E+01
   0.244495E+01   0.153810E+01   0.102727E+00   0.141346E+01   0.141346E+01
   0.244969E+01   0.138705E+01   0.102633E+00   0.140963E+01   0.140963E+01
   0.245443E+01   0.134970E+01   0.102464E+00   0.140587E+01   0.140587E+01
   0.245918E+01   0.144752E+01   0.102365E+00   0.140219E+01   0.140219E+01
   0.246392E+01   0.145454E+01   0.102349E+00   0.139858E+01   0.139858E+01
   0.246866E+01   0.139256E+01   0.102160E+00   0.139504E+01   0.139504E+01
   0.247340E+01   0.148336E+01   0.102142E+00   0.139157E+01   0.139157E+01
   0.247815E+01   0.136799E+01   0.101936E+00   0.138818E+01   0.138818E+01
   0.248289E+01   0.138681E+01   0.101891E+00   0.138485E+01   0.138485E+01
   0.248763E+01   0.134697E+01   0.101818E+00   0.138159E+01   0.138159E+01
   0.249238E+01   0.135119E+01   0.101723E+00   0.137839E+01   0.137839E+01
   0.249712E+01   0.138462E+01   0.101609E+00   0.137526E+01   0.137526E+01
   0.250186E+01   0.140279E+01   0.101391E+00   0.137220E+01   0.137220E+01
   0.250660E+01   0.143475E+01   0.101385E+00   0.136919E+01   0.136919E+01
   0.251135E+01   0.152584E+01   0.101286E+00   0.136625E+01   0.136625E+01
   0.251609E+01   0.145495E+01   0.100967E+00   0.136337E+01   0.136337E+01
   0.252083E+01   0.127051E+01   0.100776E+00   0.136055E+01   0.136055E+01
   0.252558E+01   0.127314E+01   0.100654E+00   0.135779E+01   0.135779E+01
   0.253032E+01   0.131326E+01   0.100496E+00   0.135509E+01   0.135509E+01
   0.253506E+01   0.122038E+01   0.100348E+00   0.135244E+01   0.135244E+01
   0.253980E+01   0.128621E+01   0.100199E+00   0.134985E+01   0.134985E+01
   0.254455E+01   0.135371E+01   0.100037E+00   0.134731E+01   0.134731E+01
   0.254929E+01   0.139866E+01   0.100164E+00   0.134482E+01   0.134482E+01
   0.255403E+01   0.144659E+01   0.100018E+00   0.134238E+01   0.134238E+01
   0.255878E+01   0.135250E+01   0.997514E-01   0.134000E+01   0.134000E+01
   0.256352E+01   0.134921E+01   0.997411E-01   0.133766E+01   0.133766E+01
   0.256826E+01   0.138116E+01   0.997852E-01   0.133537E+01   0.133537E+01
   0.257300E+01   0.127403E+01   0.998914E-01   0.133312E+01   0.133312E+01
   0.257775E+01   0.131495E+01   0.997185E-01   0.133092E+01   0.133092E+01
   0.258249E+01   0.133646E+01   0.997245E-01   0.132876E+01   0.132876E+01
   0.258723E+01   0.130899E+01   0.995104E-01   0.132665E+01   0.132665E+01
   0.259198E+01   0.124936E+01   0.994554E-01   0.132458E+01   0.132458E+01
   0.259672E+01   0.127084E+01   0.996451E-01   0.132254E+01   0.132254E+01
   0.260146E+01   0.141896E+01   0.993746E-01   0.132055E+01   0.132055E+01
   0.260620E+01   0.132365E+01   0.993116E-01   0.131859E+01   0.131859E+01
   0.261095E+01   0.141325E+01   0.991939E-01   0.131667E+01   0.131667E+01
   0.261569E+01   0.132605E+01   0.991452E-01   0.131478E+01   0.131478E+01
   0.262043E+01   0.129996E+01   0.990885E-01   0.131293E+01   0.131293E+01
   0.262518E+01   0.129743E+01   0.989614E-01   0.131111E+01   0.131111E+01
   0.262992E+01   0.123424E+01   0.989709E-01   0.130931E+01   0.130931E+01
   0.263466E+01   0.126983E+01   0.987789E-01   0.130755E+01   0.130755E+01
   0.263940E+01   0.131990E+01   0.987318E-01   0.130582E+01   0.130582E+01
   0.264415E+01   0.126475E+01   0.985928E-01   0.130411E+01   0.130411E+01
   0.264889E+01   0.122749E+01   0.985653E-01   0.130243E+01   0.130243E+01
   0.265363E+01   0.121654E+01   0.983381E-01   0.130078E+01   0.130078E+01
   0.265838E+01   0.131105E+01   0.983243E-01   0.129914E+01   0.129914E+01
   0.266312E+01   0.131038E+01   0.981370E-01   0.129753E+01   0.129753E+01
   0.266786E+01   0.124274E+01   0.980429E-01   0.129594E+01   0.129594E+01
   0.267260E+01   0.141423E+01   0.981032E-01   0.129437E+01   0.129437E+01
   0.267735E+01   0.136289E+01   0.979577E-01   0.129282E+01   0.129282E+01
   0.268209E+01   0.122890E+01   0.978365E-01   0.129128E+01   0.129128E+01
   0.268683E+01   0.126655E+01   0.977897E-01   0.128976E+01   0.128976E+01
   0.269158E+01   0.135537E+01   0.977938E-01   0.128826E+01   0.128826E+01
   0.269632E+01   0.138983E+01   0.976716E-01   0.128677E+01   0.128677E+01
   0.270106E+01   0.134019E+01   0.975196E-01   0.128529E+01   0.128529E+01
   0.270580E+01   0.131120E+01   0.975647E-01   0.128382E+01   0.128382E+01
   0.271055E+01   0.131063E+01   0.973554E-01   0.128236E+01   0.128236E+01
   0.271529E+01   0.119115E+01   0.972220E-01   0.128091E+01   0.128091E+01
   0.272003E+01   0.129390E+01   0.972195E-01   0.127948E+01   0.127948E+01
   0.272478E+01   0.125884E+01   0.970956E-01   0.127804E+01   0.127804E+01
   0.272952E+01   0.123674E+01   0.970964E-01   0.127661E+01   0.127661E+01
   0.273426E+01   0.121949E+01   0.967820E-01   0.127519E+01   0.127519E+01
   0.273901E+01   0.129098E+01   0.967912E-01   0.127377E+01   0.127377E+01
   0.274375E+01   0.122876E+01   0.967371E-01   0.127235E+01   0.127235E+01
   0.274849E+01   0.125982E+01   0.967725E-01   0.127093E+01   0.127093E+01
   0.275323E+01   0.139772E+01   0.966338E-01   0.126952E+01   0.126952E+01
   0.275798E+01   0.125646E+01   0.964492E-01   0.126810E+01   0.126810E+01
   0.276272E+01   0.119701E+01   0.963735E-01   0.126669E+01   0.126669E+01
   0.276746E+01   0.108072E+01   0.962544E-01   0.126527E+01   0.126527E+01
   0.277221E+01   0.127150E+01   0.962223E-01   0.126385E+01   0.126385E+01
   0.277695E+01   0.125517E+01   0.962012E-01   0.126242E+01   0.126242E+01
   0.278169E+01   0.124868E+01   0.961231E-01   0.126099E+01   0.126099E+01
   0.278643E+01   0.127762E+01   0.960099E-01   0.125955E+01   0.125955E+01
   0.279118E+01   0.120384E+01   0.958797E-01   0.125811E+01   0.125811E+01
   0.279592E+01   0.127652E+01   0.957842E-01   0.125665E+01   0.125665E+01
   0.280066E+01   0.120145E+01   0.956821E-01   0.125520E+01   0.125520E+01
   0.280540E+01   0.123889E+01   0.955990E-01   0.125373E+01   0.125373E+01
   0.281015E+01   0.125463E+01   0.956276E-01   0.125225E+01   0.125225E+01
   0.281489E+01   0.120453E+01   0.957663E-01   0.125076E+01   0.125076E+01
   0.281963E+01   0.132531E+01   0.976394E-01   0.124926E+01   0.124926E+01
   0.282438E+01   0.127604E+01   0.994784E-01   0.124775E+01   0.124775E+01
   0.282912E+01   0.121380E+01   0.100647E+00   0.124622E+01   0.124622E+01
   0.283386E+01   0.110865E+01   0.101681E+00   0.124468E+01   0.124468E+01
   0.283860E+01   0.105442E+01   0.102496E+00   0.124313E+01   0.124313E+01
   0.284335E+01   0.114769E+01   0.102868E+00   0.124156E+01   0.124156E+01
   0.284809E+01   0.113174E+01   0.103197E+00   0.123998E+01   0.123998E+01
   0.285283E+01   0.124605E+01   0.103608E+00   0.123838E+01   0.123838E+01
   0.285758E+01   0.127342E+01   0.103974E+00   0.123677E+01   0.123677E+01
   0.286232E+01   0.123281E+01   0.103994E+00   0.123514E+01   0.123514E+01
   0.286706E+01   0.127760E+01   0.104286E+00   0.123349E+01   0.123349E+01
   0.287181E+01   0.125345E+01   0.104566E+00   0.123183E+01   0.123183E+01
   0.287655E+01   0.131128E+01   0.104998E+00   0.123015E+01   0.123015E+01
   0.288129E+01   0.122893E+01   0.104595E+00   0.122844E+01   0.122844E+01
   0.288603E+01   0.120334E+01   0.101784E+00   0.122672E+01   0.122672E+01
   0.289078E+01   0.125451E+01   0.100061E+00   0.122499E+01   0.122499E+01
   0.289552E+01   0.126098E+01   0.990012E-01   0.122323E+01   0.122323E+01
   0.290026E+01   0.120463E+01   0.981162E-01   0.122145E+01   0.122145E+01
   0.290501E+01   0.117627E+01   0.975227E-01   0.121965E+01   0.121965E+01
   0.290975E+01   0.125145E+01   0.972326E-01   0.121783E+01   0.121783E+01
   0.291449E+01   0.125117E+01   0.970596E-01   0.121599E+01   0.121599E+01
   0.291923E+01   0.126351E+01   0.968011E-01   0.121413E+01   0.121413E+01
   0.292398E+01   0.124139E+01   0.967049E-01   0.121225E+01   0.121225E+01
   0.292872E+01   0.129438E+01   0.963898E-01   0.121035E+01   0.121035E+01
   0.293346E+01   0.135154E+01   0.962944E-01   0.120843E+01   0.120843E+01
   0.293820E+01   0.122260E+01   0.959878E-01   0.120648E+01   0.120648E+01
   0.294295E+01   0.118172E+01   0.958979E-01   0.120451E+01   0.120451E+01
   0.294769E+01   0.108718E+01   0.958157E-01   0.120253E+01   0.120253E+01
   0.295243E+01   0.116200E+01   0.956909E-01   0.120052E+01   0.120052E+01
   0.295718E+01   0.118196E+01   0.955420E-01   0.119849E+01   0.119849E+01
   0.296192E+01   0.127032E+01   0.954100E-01   0.119643E+01   0.119643E+01
   0.296666E+01   0.127744E+01   0.953336E-01   0.119436E+01   0.119436E+01
   0.297140E+01   0.117027E+01   0.951553E-01   0.119226E+01   0.119226E+01
   0.297615E+01   0.126731E+01   0.950850E-01   0.119014E+01   0.119014E+01
   0.298089E+01   0.129634E+01   0.948924E-01   0.118800E+01   0.118800E+01
   0.298563E+01   0.134350E+01   0.947507E-01   0.118584E+01   0.118584E+01
   0.299038E+01   0.117135E+01   0.947220E-01   0.118365E+01   0.118365E+01
   0.299512E+01   0.124188E+01   0.946480E-01   0.118145E+01   0.118145E+01
   0.299986E+01   0.125094E+01   0.944736E-01   0.117922E+01   0.117922E+01

           ####      Real Space Data                               ####

           Distance distribution  function of particle  


      R          P(R)      ERROR

  0.0000E+00  0.0000E+00  0.0000E+00
  0.4228E-01  0.3627E-01  0.7159E-03
  0.8455E-01  0.7140E-01  0.1310E-02
  0.1268E+00  0.1054E+00  0.1786E-02
  0.1691E+00  0.1383E+00  0.2145E-02
  0.2114E+00  0.1700E+00  0.2392E-02
  0.2537E+00  0.2008E+00  0.2534E-02
  0.2959E+00  0.2305E+00  0.2578E-02
  0.3382E+00  0.2592E+00  0.2531E-02
  0.3805E+00  0.2871E+00  0.2403E-02
  0.4228E+00  0.3141E+00  0.2205E-02
  0.4650E+00  0.3403E+00  0.1950E-02
  0.5073E+00  0.3658E+00  0.1655E-02
  0.5496E+00  0.3907E+00  0.1345E-02
  0.5919E+00  0.4150E+00  0.1064E-02
  0.6341E+00  0.4387E+00  0.8924E-03
  0.6764E+00  0.4620E+00  0.9290E-03
  0.7187E+00  0.4849E+00  0.1163E-02
  0.7610E+00  0.5075E+00  0.1501E-02
  0.8032E+00  0.5298E+00  0.1874E-02
  0.8455E+00  0.5519E+00  0.2247E-02
  0.8878E+00  0.5738E+00  0.2602E-02
  0.9301E+00  0.5955E+00  0.2924E-02
  0.9723E+00  0.6172E+00  0.3206E-02
  0.1015E+01  0.6387E+00  0.3441E-02
  0.1057E+01  0.6601E+00  0.3622E-02
  0.1099E+01  0.6815E+00  0.3748E-02
  0.1141E+01  0.7028E+00  0.3816E-02
  0.1184E+01  0.7239E+00  0.3825E-02
  0.1226E+01  0.7450E+00  0.3777E-02
  0.1268E+01  0.7658E+00  0.3674E-02
  0.1311E+01  0.7865E+00  0.3520E-02
  0.1353E+01  0.8069E+00  0.3320E-02
  0.1395E+01  0.8270E+00  0.3084E-02
  0.1437E+01  0.8467E+00  0.2820E-02
  0.1480E+01  0.8659E+00  0.2544E-02
  0.1522E+01  0.8847E+00  0.2275E-02
  0.1564E+01  0.9028E+00  0.2039E-02
  0.1606E+01  0.9202E+00  0.1870E-02
  0.1649E+01  0.9369E+00  0.1801E-02
  0.1691E+01  0.9527E+00  0.1851E-02
  0.1733E+01  0.9675E+00  0.2009E-02
  0.1776E+01  0.9814E+00  0.2245E-02
  0.1818E+01  0.9941E+00  0.2526E-02
  0.1860E+01  0.1006E+01  0.2824E-02
  0.1902E+01  0.1016E+01  0.3119E-02
  0.1945E+01  0.1025E+01  0.3396E-02
  0.1987E+01  0.1033E+01  0.3644E-02
  0.2029E+01  0.1039E+01  0.3855E-02
  0.2071E+01  0.1044E+01  0.4023E-02
  0.2114E+01  0.1047E+01  0.4145E-02
  0.2156E+01  0.1049E+01  0.4218E-02
  0.2198E+01  0.1049E+01  0.4242E-02
  0.2241E+01  0.1047E+01  0.4217E-02
  0.2283E+01  0.1045E+01  0.4147E-02
  0.2325E+01  0.1040E+01  0.4035E-02
  0.2367E+01  0.1035E+01  0.3887E-02
  0.2410E+01  0.1027E+01  0.3712E-02
  0.2452E+01  0.1019E+01  0.3520E-02
  0.2494E+01  0.1009E+01  0.3324E-02
  0.2537E+01  0.9978E+00  0.3139E-02
  0.2579E+01  0.9856E+00  0.2982E-02
  0.2621E+01  0.9723E+00  0.2871E-02
  0.2663E+01  0.9580E+00  0.2822E-02
  0.2706E+01  0.9429E+00  0.2843E-02
  0.2748E+01  0.9269E+00  0.2933E-02
  0.2790E+01  0.9104E+00  0.3082E-02
  0.2832E+01  0.8933E+00  0.3276E-02
  0.2875E+01  0.8758E+00  0.3497E-02
  0.2917E+01  0.8579E+00  0.3729E-02
  0.2959E+01  0.8398E+00  0.3958E-02
  0.3002E+01  0.8217E+00  0.4173E-02
  0.3044E+01  0.8035E+00  0.4364E-02
  0.3086E+01  0.7854E+00  0.4525E-02
  0.3128E+01  0.7676E+00  0.4650E-02
  0.3171E+01  0.7500E+00  0.4737E-02
  0.3213E+01  0.7327E+00  0.4784E-02
  0.3255E+01  0.7160E+00  0.4791E-02
  0.3297E+01  0.6997E+00  0.4760E-02
  0.3340E+01  0.6839E+00  0.4696E-02
  0.3382E+01  0.6688E+00  0.4602E-02
  0.3424E+01  0.6543E+00  0.4487E-02
  0.3467E+01  0.6405E+00  0.4360E-02
  0.3509E+01  0.6273E+00  0.4230E-02
  0.3551E+01  0.6149E+00  0.4109E-02
  0.3593E+01  0.6031E+00  0.4010E-02
  0.3636E+01  0.5920E+00  0.3943E-02
  0.3678E+01  0.5816E+00  0.3918E-02
  0.3720E+01  0.5718E+00  0.3941E-02
  0.3762E+01  0.5626E+00  0.4012E-02
  0.3805E+01  0.5539E+00  0.4128E-02
  0.3847E+01  0.5457E+00  0.4281E-02
  0.3889E+01  0.5380E+00  0.4460E-02
  0.3932E+01  0.5307E+00  0.4654E-02
  0.3974E+01  0.5237E+00  0.4853E-02
  0.4016E+01  0.5170E+00  0.5047E-02
  0.4058E+01  0.5105E+00  0.5226E-02
  0.4101E+01  0.5042E+00  0.5383E-02
  0.4143E+01  0.4980E+00  0.5513E-02
  0.4185E+01  0.4918E+00  0.5613E-02
  0.4228E+01  0.4855E+00  0.5679E-02
  0.4270E+01  0.4792E+00  0.5711E-02
  0.4312E+01  0.4727E+00  0.5710E-02
  0.4354E+01  0.4661E+00  0.5677E-02
  0.4397E+01  0.4593E+00  0.5617E-02
  0.4439E+01  0.4522E+00  0.5535E-02
  0.4481E+01  0.4448E+00  0.5437E-02
  0.4523E+01  0.4371E+00  0.5331E-02
  0.4566E+01  0.4292E+00  0.5225E-02
  0.4608E+01  0.4209E+00  0.5129E-02
  0.4650E+01  0.4122E+00  0.5051E-02
  0.4693E+01  0.4033E+00  0.4999E-02
  0.4735E+01  0.3940E+00  0.4980E-02
  0.4777E+01  0.3845E+00  0.4997E-02
  0.4819E+01  0.3747E+00  0.5051E-02
  0.4862E+01  0.3647E+00  0.5141E-02
  0.4904E+01  0.3544E+00  0.5260E-02
  0.4946E+01  0.3440E+00  0.5404E-02
  0.4988E+01  0.3334E+00  0.5564E-02
  0.5031E+01  0.3228E+00  0.5732E-02
  0.5073E+01  0.3121E+00  0.5901E-02
  0.5115E+01  0.3014E+00  0.6065E-02
  0.5158E+01  0.2908E+00  0.6218E-02
  0.5200E+01  0.2803E+00  0.6356E-02
  0.5242E+01  0.2699E+00  0.6475E-02
  0.5284E+01  0.2596E+00  0.6574E-02
  0.5327E+01  0.2496E+00  0.6652E-02
  0.5369E+01  0.2399E+00  0.6709E-02
  0.5411E+01  0.2304E+00  0.6748E-02
  0.5453E+01  0.2213E+00  0.6769E-02
  0.5496E+01  0.2125E+00  0.6777E-02
  0.5538E+01  0.2041E+00  0.6774E-02
  0.5580E+01  0.1961E+00  0.6764E-02
  0.5623E+01  0.1885E+00  0.6751E-02
  0.5665E+01  0.1813E+00  0.6739E-02
  0.5707E+01  0.1745E+00  0.6729E-02
  0.5749E+01  0.1681E+00  0.6725E-02
  0.5792E+01  0.1621E+00  0.6729E-02
  0.5834E+01  0.1565E+00  0.6740E-02
  0.5876E+01  0.1513E+00  0.6759E-02
  0.5919E+01  0.1465E+00  0.6786E-02
  0.5961E+01  0.1420E+00  0.6819E-02
  0.6003E+01  0.1378E+00  0.6857E-02
  0.6045E+01  0.1339E+00  0.6899E-02
  0.6088E+01  0.1303E+00  0.6943E-02
  0.6130E+01  0.1269E+00  0.6989E-02
  0.6172E+01  0.1236E+00  0.7036E-02
  0.6214E+01  0.1206E+00  0.7085E-02
  0.6257E+01  0.1177E+00  0.7134E-02
  0.6299E+01  0.1148E+00  0.7185E-02
  0.6341E+01  0.1121E+00  0.7239E-02
  0.6384E+01  0.1094E+00  0.7295E-02
  0.6426E+01  0.1067E+00  0.7355E-02
  0.6468E+01  0.1040E+00  0.7419E-02
  0.6510E+01  0.1013E+00  0.7486E-02
  0.6553E+01  0.9857E-01  0.7555E-02
  0.6595E+01  0.9578E-01  0.7624E-02
  0.6637E+01  0.9293E-01  0.7692E-02
  0.6679E+01  0.9002E-01  0.7755E-02
  0.6722E+01  0.8704E-01  0.7812E-02
  0.6764E+01  0.8399E-01  0.7860E-02
  0.6806E+01  0.8088E-01  0.7898E-02
  0.6849E+01  0.7771E-01  0.7926E-02
  0.6891E+01  0.7450E-01  0.7944E-02
  0.6933E+01  0.7125E-01  0.7955E-02
  0.6975E+01  0.6797E-01  0.7965E-02
  0.7018E+01  0.6468E-01  0.7979E-02
  0.7060E+01  0.6140E-01  0.8007E-02
  0.7102E+01  0.5814E-01  0.8059E-02
  0.7144E+01  0.5492E-01  0.8144E-02
  0.7187E+01  0.5174E-01  0.8271E-02
  0.7229E+01  0.4863E-01  0.8447E-02
  0.7271E+01  0.4559E-01  0.8673E-02
  0.7314E+01  0.4264E-01  0.8946E-02
  0.7356E+01  0.3978E-01  0.9257E-02
  0.7398E+01  0.3701E-01  0.9591E-02
  0.7440E+01  0.3434E-01  0.9928E-02
  0.7483E+01  0.3175E-01  0.1024E-01
  0.7525E+01  0.2925E-01  0.1051E-01
  0.7567E+01  0.2681E-01  0.1069E-01
  0.7610E+01  0.2442E-01  0.1076E-01
  0.7652E+01  0.2206E-01  0.1068E-01
  0.7694E+01  0.1970E-01  0.1041E-01
  0.7736E+01  0.1730E-01  0.9922E-02
  0.7779E+01  0.1484E-01  0.9164E-02
  0.7821E+01  0.1227E-01  0.8102E-02
  0.7863E+01  0.9555E-02  0.6694E-02
  0.7905E+01  0.6637E-02  0.4902E-02
  0.7948E+01  0.3470E-02  0.2684E-02
  0.7990E+01  0.0000E+00  0.0000E+00
