
           ####      G N O M             Version 5.0 (r13469)      ####
                                               Wed Dec 15 15:10:40 2021

           ####      Configuration                                 ####

    System Type:                   arbitrary monodisperse (job = 0)
    Minimum characteristic size:         0.0000
    Maximum characteristic size:         7.3000
    rad56:                               0.0000
    Force 0.0 at r = rmin:                  yes
    Force 0.0 at r = rmax:                  yes
    Initial alpha:                       0.0000
    Initial random seed:    1436261917432230088
    Points in real space:                   190

    Input  1:                      temp-inp.dat
    First data point used:                    1
    Last data point used:                   570
    Scaling coefficient:             0.1000E+01
    Experimental setup:            point collimation



           ####      Results                                       ####

    Parameter    DISCRP  OSCILL  STABIL  SYSDEV  POSITV  VALCEN  SMOOTH
    Weight        1.000   3.000   3.000   3.000   1.000   1.000   1.000
    Sigma         0.300   0.600   0.120   0.120   0.120   0.120   0.600
    Ideal         0.700   1.100   0.000   1.000   1.000   0.950   0.000
    Current       0.427   1.371   0.011   0.903   1.000   0.865   3.825
               --------------------------------------------------------
    Estimate      0.436   0.816   0.992   0.523   1.000   0.604   0.000

    Angular range:                       0.3012 to       2.9999
    Reciprocal space Rg:             0.2262E+01
    Reciprocal space I(0):           0.3683E+02

    Real space range:                    0.0000 to       7.3000
    Real space Rg:                   0.2274E+01 +-   0.1019E-01
    Real space I(0):                 0.3684E+02 +-   0.1072E+00

    Highest ALPHA (theor):           0.3061E+02
    Current ALPHA:                   0.5002E-01

    Total Estimate:                      0.6948 (a REASONABLE solution)



           ####      Experimental Data and Fit                     ####

      S          J EXP       ERROR       J REG       I REG

   0.000000E+00                                                0.368362E+02
   0.107561E-01                                                0.368288E+02
   0.215123E-01                                                0.368068E+02
   0.322684E-01                                                0.367701E+02
   0.430246E-01                                                0.367189E+02
   0.537807E-01                                                0.366531E+02
   0.645368E-01                                                0.365729E+02
   0.752930E-01                                                0.364784E+02
   0.860491E-01                                                0.363697E+02
   0.968053E-01                                                0.362470E+02
   0.107561E+00                                                0.361104E+02
   0.118318E+00                                                0.359601E+02
   0.129074E+00                                                0.357964E+02
   0.139830E+00                                                0.356194E+02
   0.150586E+00                                                0.354295E+02
   0.161342E+00                                                0.352268E+02
   0.172098E+00                                                0.350116E+02
   0.182854E+00                                                0.347842E+02
   0.193611E+00                                                0.345450E+02
   0.204367E+00                                                0.342943E+02
   0.215123E+00                                                0.340323E+02
   0.225879E+00                                                0.337594E+02
   0.236635E+00                                                0.334760E+02
   0.247391E+00                                                0.331825E+02
   0.258147E+00                                                0.328792E+02
   0.268903E+00                                                0.325666E+02
   0.279660E+00                                                0.322449E+02
   0.290416E+00                                                0.319147E+02
   0.301172E+00   0.314556E+02   0.202323E+00   0.315763E+02   0.315763E+02
   0.305915E+00   0.313230E+02   0.200662E+00   0.314246E+02   0.314246E+02
   0.310658E+00   0.313220E+02   0.198754E+00   0.312714E+02   0.312714E+02
   0.315400E+00   0.312001E+02   0.196866E+00   0.311168E+02   0.311168E+02
   0.320143E+00   0.309294E+02   0.194935E+00   0.309608E+02   0.309608E+02
   0.324886E+00   0.307262E+02   0.193241E+00   0.308034E+02   0.308034E+02
   0.329629E+00   0.306228E+02   0.191435E+00   0.306447E+02   0.306447E+02
   0.334372E+00   0.305290E+02   0.189738E+00   0.304848E+02   0.304848E+02
   0.339115E+00   0.301269E+02   0.190090E+00   0.303235E+02   0.303235E+02
   0.343858E+00   0.304107E+02   0.192829E+00   0.301611E+02   0.301611E+02
   0.348601E+00   0.300549E+02   0.197279E+00   0.299974E+02   0.299974E+02
   0.353343E+00   0.298289E+02   0.200432E+00   0.298327E+02   0.298327E+02
   0.358086E+00   0.295161E+02   0.202431E+00   0.296668E+02   0.296668E+02
   0.362829E+00   0.296949E+02   0.204309E+00   0.294999E+02   0.294999E+02
   0.367572E+00   0.291205E+02   0.205375E+00   0.293319E+02   0.293319E+02
   0.372315E+00   0.292354E+02   0.206838E+00   0.291629E+02   0.291629E+02
   0.377058E+00   0.290520E+02   0.207728E+00   0.289930E+02   0.289930E+02
   0.381801E+00   0.289770E+02   0.208452E+00   0.288222E+02   0.288222E+02
   0.386543E+00   0.287771E+02   0.209289E+00   0.286505E+02   0.286505E+02
   0.391286E+00   0.284900E+02   0.210030E+00   0.284779E+02   0.284779E+02
   0.396029E+00   0.283525E+02   0.210312E+00   0.283045E+02   0.283045E+02
   0.400772E+00   0.280561E+02   0.211238E+00   0.281304E+02   0.281304E+02
   0.405515E+00   0.278986E+02   0.218593E+00   0.279555E+02   0.279555E+02
   0.410258E+00   0.277142E+02   0.223564E+00   0.277800E+02   0.277800E+02
   0.415001E+00   0.277897E+02   0.228191E+00   0.276037E+02   0.276037E+02
   0.419744E+00   0.274488E+02   0.231399E+00   0.274269E+02   0.274269E+02
   0.424486E+00   0.274620E+02   0.234919E+00   0.272495E+02   0.272495E+02
   0.429229E+00   0.270252E+02   0.238106E+00   0.270715E+02   0.270715E+02
   0.433972E+00   0.269323E+02   0.241501E+00   0.268930E+02   0.268930E+02
   0.438715E+00   0.266182E+02   0.244505E+00   0.267140E+02   0.267140E+02
   0.443458E+00   0.265513E+02   0.248166E+00   0.265346E+02   0.265346E+02
   0.448201E+00   0.263574E+02   0.251797E+00   0.263548E+02   0.263548E+02
   0.452944E+00   0.259473E+02   0.255236E+00   0.261746E+02   0.261746E+02
   0.457686E+00   0.261700E+02   0.257645E+00   0.259940E+02   0.259940E+02
   0.462429E+00   0.257871E+02   0.259919E+00   0.258132E+02   0.258132E+02
   0.467172E+00   0.256402E+02   0.258128E+00   0.256321E+02   0.256321E+02
   0.471915E+00   0.255213E+02   0.248060E+00   0.254507E+02   0.254507E+02
   0.476658E+00   0.254647E+02   0.243730E+00   0.252692E+02   0.252692E+02
   0.481401E+00   0.252700E+02   0.239465E+00   0.250875E+02   0.250875E+02
   0.486144E+00   0.250426E+02   0.236964E+00   0.249056E+02   0.249056E+02
   0.490887E+00   0.246483E+02   0.234630E+00   0.247237E+02   0.247237E+02
   0.495629E+00   0.244464E+02   0.232339E+00   0.245416E+02   0.245416E+02
   0.500372E+00   0.244947E+02   0.230843E+00   0.243596E+02   0.243596E+02
   0.505115E+00   0.243577E+02   0.229202E+00   0.241775E+02   0.241775E+02
   0.509858E+00   0.240535E+02   0.227490E+00   0.239955E+02   0.239955E+02
   0.514601E+00   0.239471E+02   0.225928E+00   0.238135E+02   0.238135E+02
   0.519344E+00   0.236261E+02   0.225199E+00   0.236317E+02   0.236317E+02
   0.524087E+00   0.234786E+02   0.223352E+00   0.234499E+02   0.234499E+02
   0.528829E+00   0.232927E+02   0.222013E+00   0.232683E+02   0.232683E+02
   0.533572E+00   0.229521E+02   0.220244E+00   0.230869E+02   0.230869E+02
   0.538315E+00   0.226505E+02   0.218839E+00   0.229056E+02   0.229056E+02
   0.543058E+00   0.228476E+02   0.216750E+00   0.227247E+02   0.227247E+02
   0.547801E+00   0.224454E+02   0.214744E+00   0.225440E+02   0.225440E+02
   0.552544E+00   0.222549E+02   0.213379E+00   0.223635E+02   0.223635E+02
   0.557287E+00   0.221352E+02   0.212019E+00   0.221834E+02   0.221834E+02
   0.562029E+00   0.218941E+02   0.210252E+00   0.220037E+02   0.220037E+02
   0.566772E+00   0.215875E+02   0.208357E+00   0.218243E+02   0.218243E+02
   0.571515E+00   0.216256E+02   0.206965E+00   0.216454E+02   0.216454E+02
   0.576258E+00   0.216368E+02   0.205763E+00   0.214668E+02   0.214668E+02
   0.581001E+00   0.210358E+02   0.204032E+00   0.212888E+02   0.212888E+02
   0.585744E+00   0.208335E+02   0.203198E+00   0.211112E+02   0.211112E+02
   0.590487E+00   0.210084E+02   0.202584E+00   0.209341E+02   0.209341E+02
   0.595230E+00   0.207367E+02   0.201883E+00   0.207575E+02   0.207575E+02
   0.599972E+00   0.204257E+02   0.200979E+00   0.205815E+02   0.205815E+02
   0.604715E+00   0.201515E+02   0.200290E+00   0.204061E+02   0.204061E+02
   0.609458E+00   0.199894E+02   0.199590E+00   0.202312E+02   0.202312E+02
   0.614201E+00   0.202252E+02   0.199286E+00   0.200570E+02   0.200570E+02
   0.618944E+00   0.197792E+02   0.198032E+00   0.198834E+02   0.198834E+02
   0.623687E+00   0.196474E+02   0.197456E+00   0.197105E+02   0.197105E+02
   0.628430E+00   0.195665E+02   0.196941E+00   0.195383E+02   0.195383E+02
   0.633173E+00   0.194708E+02   0.196056E+00   0.193668E+02   0.193668E+02
   0.637915E+00   0.192510E+02   0.195317E+00   0.191960E+02   0.191960E+02
   0.642658E+00   0.186705E+02   0.194464E+00   0.190259E+02   0.190259E+02
   0.647401E+00   0.186990E+02   0.193619E+00   0.188566E+02   0.188566E+02
   0.652144E+00   0.187388E+02   0.193504E+00   0.186881E+02   0.186881E+02
   0.656887E+00   0.183958E+02   0.192607E+00   0.185204E+02   0.185204E+02
   0.661630E+00   0.185359E+02   0.192155E+00   0.183535E+02   0.183535E+02
   0.666373E+00   0.181737E+02   0.191487E+00   0.181874E+02   0.181874E+02
   0.671115E+00   0.178968E+02   0.190604E+00   0.180222E+02   0.180222E+02
   0.675858E+00   0.177195E+02   0.189799E+00   0.178578E+02   0.178578E+02
   0.680601E+00   0.176582E+02   0.189416E+00   0.176944E+02   0.176944E+02
   0.685344E+00   0.177040E+02   0.188716E+00   0.175318E+02   0.175318E+02
   0.690087E+00   0.175573E+02   0.188278E+00   0.173701E+02   0.173701E+02
   0.694830E+00   0.172028E+02   0.187350E+00   0.172093E+02   0.172093E+02
   0.699573E+00   0.171403E+02   0.186777E+00   0.170495E+02   0.170495E+02
   0.704315E+00   0.168435E+02   0.186391E+00   0.168906E+02   0.168906E+02
   0.709058E+00   0.166451E+02   0.185624E+00   0.167327E+02   0.167327E+02
   0.713801E+00   0.167070E+02   0.184940E+00   0.165758E+02   0.165758E+02
   0.718544E+00   0.162164E+02   0.184141E+00   0.164198E+02   0.164198E+02
   0.723287E+00   0.160631E+02   0.183744E+00   0.162649E+02   0.162649E+02
   0.728030E+00   0.159211E+02   0.183277E+00   0.161109E+02   0.161109E+02
   0.732773E+00   0.159133E+02   0.182649E+00   0.159580E+02   0.159580E+02
   0.737515E+00   0.158835E+02   0.182211E+00   0.158061E+02   0.158061E+02
   0.742258E+00   0.156295E+02   0.181396E+00   0.156552E+02   0.156552E+02
   0.747001E+00   0.155571E+02   0.181183E+00   0.155053E+02   0.155053E+02
   0.751744E+00   0.157004E+02   0.180551E+00   0.153566E+02   0.153566E+02
   0.756487E+00   0.154114E+02   0.179716E+00   0.152088E+02   0.152088E+02
   0.761230E+00   0.151434E+02   0.179198E+00   0.150621E+02   0.150621E+02
   0.765973E+00   0.146853E+02   0.178560E+00   0.149165E+02   0.149165E+02
   0.770716E+00   0.147757E+02   0.178065E+00   0.147720E+02   0.147720E+02
   0.775459E+00   0.149664E+02   0.178072E+00   0.146286E+02   0.146286E+02
   0.780201E+00   0.148006E+02   0.177390E+00   0.144862E+02   0.144862E+02
   0.784944E+00   0.145614E+02   0.176755E+00   0.143450E+02   0.143450E+02
   0.789687E+00   0.144008E+02   0.175880E+00   0.142048E+02   0.142048E+02
   0.794430E+00   0.139691E+02   0.175259E+00   0.140657E+02   0.140657E+02
   0.799173E+00   0.138347E+02   0.174576E+00   0.139278E+02   0.139278E+02
   0.803916E+00   0.139389E+02   0.174347E+00   0.137909E+02   0.137909E+02
   0.808658E+00   0.136965E+02   0.173907E+00   0.136552E+02   0.136552E+02
   0.813401E+00   0.133485E+02   0.173093E+00   0.135205E+02   0.135205E+02
   0.818144E+00   0.135020E+02   0.172807E+00   0.133870E+02   0.133870E+02
   0.822887E+00   0.134039E+02   0.172328E+00   0.132546E+02   0.132546E+02
   0.827630E+00   0.133881E+02   0.171736E+00   0.131233E+02   0.131233E+02
   0.832373E+00   0.132003E+02   0.171089E+00   0.129932E+02   0.129932E+02
   0.837116E+00   0.129134E+02   0.170290E+00   0.128641E+02   0.128641E+02
   0.841859E+00   0.125043E+02   0.170248E+00   0.127362E+02   0.127362E+02
   0.846601E+00   0.124483E+02   0.169472E+00   0.126094E+02   0.126094E+02
   0.851344E+00   0.123310E+02   0.168764E+00   0.124837E+02   0.124837E+02
   0.856087E+00   0.123076E+02   0.168188E+00   0.123592E+02   0.123592E+02
   0.860830E+00   0.120782E+02   0.168145E+00   0.122357E+02   0.122357E+02
   0.865573E+00   0.120189E+02   0.167830E+00   0.121134E+02   0.121134E+02
   0.870316E+00   0.119845E+02   0.167191E+00   0.119922E+02   0.119922E+02
   0.875059E+00   0.120475E+02   0.166772E+00   0.118720E+02   0.118720E+02
   0.879802E+00   0.118309E+02   0.166274E+00   0.117530E+02   0.117530E+02
   0.884544E+00   0.115500E+02   0.165642E+00   0.116351E+02   0.116351E+02
   0.889287E+00   0.115410E+02   0.165368E+00   0.115183E+02   0.115183E+02
   0.894030E+00   0.113905E+02   0.164729E+00   0.114026E+02   0.114026E+02
   0.898773E+00   0.112074E+02   0.164184E+00   0.112880E+02   0.112880E+02
   0.903516E+00   0.111448E+02   0.163769E+00   0.111745E+02   0.111745E+02
   0.908259E+00   0.111443E+02   0.163049E+00   0.110621E+02   0.110621E+02
   0.913002E+00   0.106644E+02   0.162666E+00   0.109508E+02   0.109508E+02
   0.917744E+00   0.108435E+02   0.162647E+00   0.108405E+02   0.108405E+02
   0.922487E+00   0.107935E+02   0.162242E+00   0.107313E+02   0.107313E+02
   0.927230E+00   0.106723E+02   0.161750E+00   0.106232E+02   0.106232E+02
   0.931973E+00   0.106048E+02   0.161084E+00   0.105162E+02   0.105162E+02
   0.936716E+00   0.102475E+02   0.160706E+00   0.104102E+02   0.104102E+02
   0.941459E+00   0.105126E+02   0.160495E+00   0.103052E+02   0.103052E+02
   0.946202E+00   0.103517E+02   0.160023E+00   0.102013E+02   0.102013E+02
   0.950944E+00   0.100757E+02   0.159575E+00   0.100985E+02   0.100985E+02
   0.955687E+00   0.984737E+01   0.158857E+00   0.999666E+01   0.999666E+01
   0.960430E+00   0.982358E+01   0.158758E+00   0.989586E+01   0.989586E+01
   0.965173E+00   0.967381E+01   0.158194E+00   0.979609E+01   0.979609E+01
   0.969916E+00   0.976525E+01   0.157818E+00   0.969733E+01   0.969733E+01
   0.974659E+00   0.977041E+01   0.157344E+00   0.959958E+01   0.959958E+01
   0.979402E+00   0.949945E+01   0.157008E+00   0.950282E+01   0.950282E+01
   0.984144E+00   0.940545E+01   0.156453E+00   0.940706E+01   0.940706E+01
   0.988887E+00   0.915597E+01   0.156016E+00   0.931229E+01   0.931229E+01
   0.993630E+00   0.913413E+01   0.155731E+00   0.921849E+01   0.921849E+01
   0.998373E+00   0.907164E+01   0.155062E+00   0.912566E+01   0.912566E+01
   0.100312E+01   0.925900E+01   0.154914E+00   0.903380E+01   0.903380E+01
   0.100786E+01   0.913549E+01   0.154844E+00   0.894288E+01   0.894288E+01
   0.101260E+01   0.878925E+01   0.154217E+00   0.885292E+01   0.885292E+01
   0.101734E+01   0.884651E+01   0.153843E+00   0.876389E+01   0.876389E+01
   0.102209E+01   0.867211E+01   0.153603E+00   0.867581E+01   0.867581E+01
   0.102683E+01   0.859854E+01   0.153248E+00   0.858864E+01   0.858864E+01
   0.103157E+01   0.840830E+01   0.152663E+00   0.850238E+01   0.850238E+01
   0.103632E+01   0.832005E+01   0.152157E+00   0.841702E+01   0.841702E+01
   0.104106E+01   0.843607E+01   0.152059E+00   0.833256E+01   0.833256E+01
   0.104580E+01   0.826561E+01   0.151769E+00   0.824899E+01   0.824899E+01
   0.105055E+01   0.810045E+01   0.151289E+00   0.816631E+01   0.816631E+01
   0.105529E+01   0.820668E+01   0.150986E+00   0.808451E+01   0.808451E+01
   0.106003E+01   0.813625E+01   0.150647E+00   0.800356E+01   0.800356E+01
   0.106477E+01   0.809800E+01   0.150267E+00   0.792346E+01   0.792346E+01
   0.106952E+01   0.793263E+01   0.149889E+00   0.784421E+01   0.784421E+01
   0.107426E+01   0.797914E+01   0.149629E+00   0.776579E+01   0.776579E+01
   0.107900E+01   0.786870E+01   0.149165E+00   0.768821E+01   0.768821E+01
   0.108374E+01   0.744720E+01   0.148710E+00   0.761144E+01   0.761144E+01
   0.108849E+01   0.741469E+01   0.148376E+00   0.753549E+01   0.753549E+01
   0.109323E+01   0.722761E+01   0.147888E+00   0.746035E+01   0.746035E+01
   0.109797E+01   0.722697E+01   0.147592E+00   0.738600E+01   0.738600E+01
   0.110272E+01   0.738702E+01   0.147605E+00   0.731243E+01   0.731243E+01
   0.110746E+01   0.738266E+01   0.147217E+00   0.723963E+01   0.723963E+01
   0.111220E+01   0.728099E+01   0.146785E+00   0.716761E+01   0.716761E+01
   0.111695E+01   0.710212E+01   0.146413E+00   0.709634E+01   0.709634E+01
   0.112169E+01   0.681360E+01   0.145863E+00   0.702583E+01   0.702583E+01
   0.112643E+01   0.682153E+01   0.145734E+00   0.695607E+01   0.695607E+01
   0.113117E+01   0.681476E+01   0.145304E+00   0.688703E+01   0.688703E+01
   0.113592E+01   0.688289E+01   0.145092E+00   0.681872E+01   0.681872E+01
   0.114066E+01   0.673449E+01   0.144747E+00   0.675112E+01   0.675112E+01
   0.114540E+01   0.670033E+01   0.144438E+00   0.668424E+01   0.668424E+01
   0.115014E+01   0.659234E+01   0.144288E+00   0.661805E+01   0.661805E+01
   0.115489E+01   0.642547E+01   0.143733E+00   0.655256E+01   0.655256E+01
   0.115963E+01   0.650372E+01   0.143519E+00   0.648775E+01   0.648775E+01
   0.116437E+01   0.626490E+01   0.143072E+00   0.642363E+01   0.642363E+01
   0.116912E+01   0.624838E+01   0.142883E+00   0.636017E+01   0.636017E+01
   0.117386E+01   0.627204E+01   0.142656E+00   0.629736E+01   0.629736E+01
   0.117860E+01   0.632727E+01   0.142430E+00   0.623521E+01   0.623521E+01
   0.118335E+01   0.604788E+01   0.141734E+00   0.617370E+01   0.617370E+01
   0.118809E+01   0.609935E+01   0.141693E+00   0.611283E+01   0.611283E+01
   0.119283E+01   0.580946E+01   0.141142E+00   0.605259E+01   0.605259E+01
   0.119757E+01   0.605396E+01   0.141088E+00   0.599298E+01   0.599298E+01
   0.120232E+01   0.600514E+01   0.141212E+00   0.593397E+01   0.593397E+01
   0.120706E+01   0.593893E+01   0.141340E+00   0.587557E+01   0.587557E+01
   0.121180E+01   0.580581E+01   0.145990E+00   0.581777E+01   0.581777E+01
   0.121654E+01   0.588194E+01   0.148802E+00   0.576056E+01   0.576056E+01
   0.122129E+01   0.582427E+01   0.150826E+00   0.570393E+01   0.570393E+01
   0.122603E+01   0.556024E+01   0.152412E+00   0.564788E+01   0.564788E+01
   0.123077E+01   0.543015E+01   0.153882E+00   0.559240E+01   0.559240E+01
   0.123552E+01   0.550447E+01   0.155802E+00   0.553749E+01   0.553749E+01
   0.124026E+01   0.558992E+01   0.157177E+00   0.548313E+01   0.548313E+01
   0.124500E+01   0.548677E+01   0.158485E+00   0.542932E+01   0.542932E+01
   0.124975E+01   0.526990E+01   0.159332E+00   0.537605E+01   0.537605E+01
   0.125449E+01   0.529865E+01   0.160185E+00   0.532332E+01   0.532332E+01
   0.125923E+01   0.528893E+01   0.161104E+00   0.527112E+01   0.527112E+01
   0.126397E+01   0.495660E+01   0.161273E+00   0.521944E+01   0.521944E+01
   0.126872E+01   0.516064E+01   0.161503E+00   0.516829E+01   0.516829E+01
   0.127346E+01   0.522162E+01   0.159320E+00   0.511763E+01   0.511763E+01
   0.127820E+01   0.531939E+01   0.153985E+00   0.506749E+01   0.506749E+01
   0.128295E+01   0.494847E+01   0.150492E+00   0.501784E+01   0.501784E+01
   0.128769E+01   0.505115E+01   0.148205E+00   0.496869E+01   0.496869E+01
   0.129243E+01   0.486547E+01   0.146369E+00   0.492002E+01   0.492002E+01
   0.129717E+01   0.483714E+01   0.145078E+00   0.487183E+01   0.487183E+01
   0.130192E+01   0.483119E+01   0.143640E+00   0.482413E+01   0.482413E+01
   0.130666E+01   0.459217E+01   0.142238E+00   0.477689E+01   0.477689E+01
   0.131140E+01   0.462183E+01   0.141179E+00   0.473012E+01   0.473012E+01
   0.131614E+01   0.460512E+01   0.140275E+00   0.468380E+01   0.468380E+01
   0.132089E+01   0.460474E+01   0.139195E+00   0.463794E+01   0.463794E+01
   0.132563E+01   0.469393E+01   0.139133E+00   0.459253E+01   0.459253E+01
   0.133037E+01   0.465763E+01   0.138590E+00   0.454756E+01   0.454756E+01
   0.133512E+01   0.463114E+01   0.138496E+00   0.450304E+01   0.450304E+01
   0.133986E+01   0.453088E+01   0.138214E+00   0.445895E+01   0.445895E+01
   0.134460E+01   0.450176E+01   0.137677E+00   0.441529E+01   0.441529E+01
   0.134935E+01   0.423762E+01   0.136994E+00   0.437205E+01   0.437205E+01
   0.135409E+01   0.445217E+01   0.136744E+00   0.432923E+01   0.432923E+01
   0.135883E+01   0.440756E+01   0.136316E+00   0.428683E+01   0.428683E+01
   0.136357E+01   0.418579E+01   0.136242E+00   0.424484E+01   0.424484E+01
   0.136832E+01   0.425390E+01   0.135839E+00   0.420325E+01   0.420325E+01
   0.137306E+01   0.416305E+01   0.135441E+00   0.416208E+01   0.416208E+01
   0.137780E+01   0.410142E+01   0.135150E+00   0.412130E+01   0.412130E+01
   0.138254E+01   0.399187E+01   0.134840E+00   0.408091E+01   0.408091E+01
   0.138729E+01   0.405926E+01   0.134738E+00   0.404091E+01   0.404091E+01
   0.139203E+01   0.422272E+01   0.134346E+00   0.400130E+01   0.400130E+01
   0.139677E+01   0.398445E+01   0.133895E+00   0.396208E+01   0.396208E+01
   0.140152E+01   0.385840E+01   0.133557E+00   0.392323E+01   0.392323E+01
   0.140626E+01   0.388476E+01   0.133516E+00   0.388476E+01   0.388476E+01
   0.141100E+01   0.381393E+01   0.133341E+00   0.384666E+01   0.384666E+01
   0.141575E+01   0.374862E+01   0.132792E+00   0.380893E+01   0.380893E+01
   0.142049E+01   0.381798E+01   0.132475E+00   0.377156E+01   0.377156E+01
   0.142523E+01   0.363233E+01   0.132275E+00   0.373456E+01   0.373456E+01
   0.142997E+01   0.360400E+01   0.131896E+00   0.369791E+01   0.369791E+01
   0.143472E+01   0.375747E+01   0.131880E+00   0.366162E+01   0.366162E+01
   0.143946E+01   0.357471E+01   0.131586E+00   0.362567E+01   0.362567E+01
   0.144420E+01   0.349679E+01   0.131172E+00   0.359009E+01   0.359009E+01
   0.144894E+01   0.362158E+01   0.131090E+00   0.355484E+01   0.355484E+01
   0.145369E+01   0.361437E+01   0.130676E+00   0.351993E+01   0.351993E+01
   0.145843E+01   0.344517E+01   0.130494E+00   0.348536E+01   0.348536E+01
   0.146317E+01   0.353178E+01   0.130192E+00   0.345113E+01   0.345113E+01
   0.146792E+01   0.333617E+01   0.129946E+00   0.341723E+01   0.341723E+01
   0.147266E+01   0.327960E+01   0.129735E+00   0.338366E+01   0.338366E+01
   0.147740E+01   0.338911E+01   0.129647E+00   0.335043E+01   0.335043E+01
   0.148215E+01   0.332920E+01   0.129280E+00   0.331752E+01   0.331752E+01
   0.148689E+01   0.341144E+01   0.129137E+00   0.328492E+01   0.328492E+01
   0.149163E+01   0.332113E+01   0.128799E+00   0.325265E+01   0.325265E+01
   0.149637E+01   0.318688E+01   0.128669E+00   0.322069E+01   0.322069E+01
   0.150112E+01   0.318583E+01   0.128822E+00   0.318905E+01   0.318905E+01
   0.150586E+01   0.316194E+01   0.131202E+00   0.315772E+01   0.315772E+01
   0.151060E+01   0.322388E+01   0.134817E+00   0.312669E+01   0.312669E+01
   0.151534E+01   0.297049E+01   0.136679E+00   0.309599E+01   0.309599E+01
   0.152009E+01   0.308420E+01   0.138498E+00   0.306557E+01   0.306557E+01
   0.152483E+01   0.306071E+01   0.139983E+00   0.303547E+01   0.303547E+01
   0.152957E+01   0.296396E+01   0.141149E+00   0.300566E+01   0.300566E+01
   0.153432E+01   0.295973E+01   0.137560E+00   0.297614E+01   0.297614E+01
   0.153906E+01   0.284706E+01   0.135216E+00   0.294692E+01   0.294692E+01
   0.154380E+01   0.304449E+01   0.133775E+00   0.291800E+01   0.291800E+01
   0.154855E+01   0.281542E+01   0.132132E+00   0.288937E+01   0.288937E+01
   0.155329E+01   0.279526E+01   0.130893E+00   0.286102E+01   0.286102E+01
   0.155803E+01   0.276317E+01   0.129568E+00   0.283296E+01   0.283296E+01
   0.156277E+01   0.273352E+01   0.128367E+00   0.280518E+01   0.280518E+01
   0.156752E+01   0.285162E+01   0.127180E+00   0.277769E+01   0.277769E+01
   0.157226E+01   0.283677E+01   0.126293E+00   0.275047E+01   0.275047E+01
   0.157700E+01   0.281250E+01   0.125604E+00   0.272353E+01   0.272353E+01
   0.158175E+01   0.279462E+01   0.125403E+00   0.269686E+01   0.269686E+01
   0.158649E+01   0.248216E+01   0.125280E+00   0.267047E+01   0.267047E+01
   0.159123E+01   0.286465E+01   0.125564E+00   0.264435E+01   0.264435E+01
   0.159597E+01   0.253838E+01   0.125520E+00   0.261850E+01   0.261850E+01
   0.160072E+01   0.259301E+01   0.125712E+00   0.259291E+01   0.259291E+01
   0.160546E+01   0.244223E+01   0.125509E+00   0.256759E+01   0.256759E+01
   0.161020E+01   0.260889E+01   0.125201E+00   0.254252E+01   0.254252E+01
   0.161495E+01   0.251237E+01   0.124977E+00   0.251772E+01   0.251772E+01
   0.161969E+01   0.239260E+01   0.124732E+00   0.249318E+01   0.249318E+01
   0.162443E+01   0.255636E+01   0.124653E+00   0.246890E+01   0.246890E+01
   0.162917E+01   0.257370E+01   0.124286E+00   0.244486E+01   0.244486E+01
   0.163392E+01   0.235011E+01   0.124082E+00   0.242108E+01   0.242108E+01
   0.163866E+01   0.231969E+01   0.123872E+00   0.239755E+01   0.239755E+01
   0.164340E+01   0.229603E+01   0.123758E+00   0.237427E+01   0.237427E+01
   0.164815E+01   0.216216E+01   0.123530E+00   0.235123E+01   0.235123E+01
   0.165289E+01   0.215981E+01   0.123150E+00   0.232844E+01   0.232844E+01
   0.165763E+01   0.228145E+01   0.122924E+00   0.230589E+01   0.230589E+01
   0.166237E+01   0.247148E+01   0.122777E+00   0.228358E+01   0.228358E+01
   0.166712E+01   0.226325E+01   0.122649E+00   0.226150E+01   0.226150E+01
   0.167186E+01   0.207645E+01   0.122189E+00   0.223966E+01   0.223966E+01
   0.167660E+01   0.205665E+01   0.122122E+00   0.221806E+01   0.221806E+01
   0.168135E+01   0.223110E+01   0.122032E+00   0.219668E+01   0.219668E+01
   0.168609E+01   0.232858E+01   0.121732E+00   0.217554E+01   0.217554E+01
   0.169083E+01   0.225657E+01   0.121710E+00   0.215463E+01   0.215463E+01
   0.169557E+01   0.212010E+01   0.121505E+00   0.213394E+01   0.213394E+01
   0.170032E+01   0.214091E+01   0.121302E+00   0.211347E+01   0.211347E+01
   0.170506E+01   0.220655E+01   0.121135E+00   0.209322E+01   0.209322E+01
   0.170980E+01   0.217944E+01   0.121013E+00   0.207320E+01   0.207320E+01
   0.171455E+01   0.223257E+01   0.120626E+00   0.205339E+01   0.205339E+01
   0.171929E+01   0.231081E+01   0.120476E+00   0.203379E+01   0.203379E+01
   0.172403E+01   0.202051E+01   0.120154E+00   0.201442E+01   0.201442E+01
   0.172877E+01   0.208706E+01   0.119926E+00   0.199525E+01   0.199525E+01
   0.173352E+01   0.219258E+01   0.119916E+00   0.197629E+01   0.197629E+01
   0.173826E+01   0.183112E+01   0.119686E+00   0.195754E+01   0.195754E+01
   0.174300E+01   0.182514E+01   0.119424E+00   0.193899E+01   0.193899E+01
   0.174775E+01   0.194117E+01   0.119364E+00   0.192065E+01   0.192065E+01
   0.175249E+01   0.180753E+01   0.118982E+00   0.190250E+01   0.190250E+01
   0.175723E+01   0.187927E+01   0.118856E+00   0.188456E+01   0.188456E+01
   0.176197E+01   0.197523E+01   0.118900E+00   0.186682E+01   0.186682E+01
   0.176672E+01   0.201396E+01   0.118763E+00   0.184927E+01   0.184927E+01
   0.177146E+01   0.190587E+01   0.118362E+00   0.183191E+01   0.183191E+01
   0.177620E+01   0.176281E+01   0.118401E+00   0.181475E+01   0.181475E+01
   0.178095E+01   0.166256E+01   0.118236E+00   0.179777E+01   0.179777E+01
   0.178569E+01   0.165115E+01   0.117903E+00   0.178098E+01   0.178098E+01
   0.179043E+01   0.176009E+01   0.117897E+00   0.176437E+01   0.176437E+01
   0.179517E+01   0.176750E+01   0.117799E+00   0.174796E+01   0.174796E+01
   0.179992E+01   0.162002E+01   0.117418E+00   0.173171E+01   0.173171E+01
   0.180466E+01   0.175951E+01   0.117289E+00   0.171565E+01   0.171565E+01
   0.180940E+01   0.177066E+01   0.117231E+00   0.169977E+01   0.169977E+01
   0.181415E+01   0.167172E+01   0.117007E+00   0.168406E+01   0.168406E+01
   0.181889E+01   0.156011E+01   0.116773E+00   0.166852E+01   0.166852E+01
   0.182363E+01   0.167022E+01   0.116676E+00   0.165316E+01   0.165316E+01
   0.182838E+01   0.162341E+01   0.116333E+00   0.163796E+01   0.163796E+01
   0.183312E+01   0.165457E+01   0.116333E+00   0.162294E+01   0.162294E+01
   0.183786E+01   0.170773E+01   0.116145E+00   0.160807E+01   0.160807E+01
   0.184260E+01   0.154683E+01   0.115940E+00   0.159338E+01   0.159338E+01
   0.184735E+01   0.154896E+01   0.115710E+00   0.157884E+01   0.157884E+01
   0.185209E+01   0.140223E+01   0.115687E+00   0.156446E+01   0.156446E+01
   0.185683E+01   0.161678E+01   0.115576E+00   0.155024E+01   0.155024E+01
   0.186157E+01   0.137720E+01   0.115282E+00   0.153617E+01   0.153617E+01
   0.186632E+01   0.147212E+01   0.115088E+00   0.152226E+01   0.152226E+01
   0.187106E+01   0.161521E+01   0.114928E+00   0.150851E+01   0.150851E+01
   0.187580E+01   0.149481E+01   0.114733E+00   0.149490E+01   0.149490E+01
   0.188055E+01   0.136552E+01   0.114641E+00   0.148144E+01   0.148144E+01
   0.188529E+01   0.135104E+01   0.114404E+00   0.146812E+01   0.146812E+01
   0.189003E+01   0.141034E+01   0.114331E+00   0.145495E+01   0.145495E+01
   0.189478E+01   0.134164E+01   0.114195E+00   0.144193E+01   0.144193E+01
   0.189952E+01   0.146905E+01   0.114138E+00   0.142905E+01   0.142905E+01
   0.190426E+01   0.142473E+01   0.113860E+00   0.141630E+01   0.141630E+01
   0.190900E+01   0.147770E+01   0.113726E+00   0.140369E+01   0.140369E+01
   0.191375E+01   0.127514E+01   0.113634E+00   0.139122E+01   0.139122E+01
   0.191849E+01   0.143113E+01   0.113493E+00   0.137888E+01   0.137888E+01
   0.192323E+01   0.137160E+01   0.113366E+00   0.136668E+01   0.136668E+01
   0.192797E+01   0.133540E+01   0.113336E+00   0.135460E+01   0.135460E+01
   0.193272E+01   0.143006E+01   0.112966E+00   0.134266E+01   0.134266E+01
   0.193746E+01   0.131473E+01   0.112501E+00   0.133085E+01   0.133085E+01
   0.194220E+01   0.138138E+01   0.112443E+00   0.131916E+01   0.131916E+01
   0.194695E+01   0.130434E+01   0.112140E+00   0.130759E+01   0.130759E+01
   0.195169E+01   0.124229E+01   0.111773E+00   0.129615E+01   0.129615E+01
   0.195643E+01   0.115775E+01   0.111571E+00   0.128483E+01   0.128483E+01
   0.196117E+01   0.119980E+01   0.111417E+00   0.127362E+01   0.127362E+01
   0.196592E+01   0.116970E+01   0.111419E+00   0.126254E+01   0.126254E+01
   0.197066E+01   0.131317E+01   0.111320E+00   0.125158E+01   0.125158E+01
   0.197540E+01   0.134137E+01   0.111317E+00   0.124073E+01   0.124073E+01
   0.198015E+01   0.123457E+01   0.111269E+00   0.122999E+01   0.122999E+01
   0.198489E+01   0.121266E+01   0.111220E+00   0.121937E+01   0.121937E+01
   0.198963E+01   0.124463E+01   0.111235E+00   0.120886E+01   0.120886E+01
   0.199438E+01   0.139826E+01   0.111369E+00   0.119846E+01   0.119846E+01
   0.199912E+01   0.120253E+01   0.111137E+00   0.118817E+01   0.118817E+01
   0.200386E+01   0.122882E+01   0.110845E+00   0.117799E+01   0.117799E+01
   0.200860E+01   0.117721E+01   0.111020E+00   0.116791E+01   0.116791E+01
   0.201335E+01   0.122785E+01   0.112131E+00   0.115794E+01   0.115794E+01
   0.201809E+01   0.111554E+01   0.115131E+00   0.114807E+01   0.114807E+01
   0.202283E+01   0.100759E+01   0.116912E+00   0.113831E+01   0.113831E+01
   0.202758E+01   0.109948E+01   0.118399E+00   0.112865E+01   0.112865E+01
   0.203232E+01   0.950450E+00   0.119408E+00   0.111908E+01   0.111908E+01
   0.203706E+01   0.107519E+01   0.120521E+00   0.110962E+01   0.110962E+01
   0.204180E+01   0.112947E+01   0.121477E+00   0.110026E+01   0.110026E+01
   0.204655E+01   0.107620E+01   0.121721E+00   0.109100E+01   0.109100E+01
   0.205129E+01   0.105369E+01   0.122119E+00   0.108183E+01   0.108183E+01
   0.205603E+01   0.117629E+01   0.122852E+00   0.107275E+01   0.107275E+01
   0.206078E+01   0.106799E+01   0.123098E+00   0.106378E+01   0.106378E+01
   0.206552E+01   0.986805E+00   0.123079E+00   0.105489E+01   0.105489E+01
   0.207026E+01   0.100058E+01   0.123427E+00   0.104610E+01   0.104610E+01
   0.207500E+01   0.995990E+00   0.123731E+00   0.103740E+01   0.103740E+01
   0.207975E+01   0.102604E+01   0.121315E+00   0.102880E+01   0.102880E+01
   0.208449E+01   0.103502E+01   0.118145E+00   0.102028E+01   0.102028E+01
   0.208923E+01   0.111001E+01   0.116516E+00   0.101185E+01   0.101185E+01
   0.209397E+01   0.832160E+00   0.114995E+00   0.100351E+01   0.100351E+01
   0.209872E+01   0.864963E+00   0.113839E+00   0.995264E+00   0.995264E+00
   0.210346E+01   0.911110E+00   0.112895E+00   0.987101E+00   0.987101E+00
   0.210820E+01   0.989838E+00   0.112334E+00   0.979026E+00   0.979026E+00
   0.211295E+01   0.102265E+01   0.111873E+00   0.971038E+00   0.971038E+00
   0.211769E+01   0.101055E+01   0.111581E+00   0.963135E+00   0.963135E+00
   0.212243E+01   0.894464E+00   0.111389E+00   0.955317E+00   0.955317E+00
   0.212717E+01   0.927129E+00   0.111237E+00   0.947584E+00   0.947584E+00
   0.213192E+01   0.896002E+00   0.110895E+00   0.939934E+00   0.939934E+00
   0.213666E+01   0.110032E+01   0.110827E+00   0.932368E+00   0.932368E+00
   0.214140E+01   0.107479E+01   0.110520E+00   0.924886E+00   0.924886E+00
   0.214615E+01   0.993378E+00   0.110283E+00   0.917487E+00   0.917487E+00
   0.215089E+01   0.908909E+00   0.110126E+00   0.910168E+00   0.910168E+00
   0.215563E+01   0.908142E+00   0.109994E+00   0.902933E+00   0.902933E+00
   0.216038E+01   0.988655E+00   0.109679E+00   0.895776E+00   0.895776E+00
   0.216512E+01   0.113804E+01   0.109566E+00   0.888702E+00   0.888702E+00
   0.216986E+01   0.853397E+00   0.109300E+00   0.881707E+00   0.881707E+00
   0.217460E+01   0.809856E+00   0.109019E+00   0.874793E+00   0.874793E+00
   0.217935E+01   0.841491E+00   0.108997E+00   0.867959E+00   0.867959E+00
   0.218409E+01   0.914842E+00   0.108862E+00   0.861205E+00   0.861205E+00
   0.218883E+01   0.891413E+00   0.108592E+00   0.854529E+00   0.854529E+00
   0.219358E+01   0.897788E+00   0.108415E+00   0.847931E+00   0.847931E+00
   0.219832E+01   0.742466E+00   0.108220E+00   0.841413E+00   0.841413E+00
   0.220306E+01   0.845188E+00   0.108080E+00   0.834972E+00   0.834972E+00
   0.220780E+01   0.881019E+00   0.108018E+00   0.828609E+00   0.828609E+00
   0.221255E+01   0.834037E+00   0.107890E+00   0.822324E+00   0.822324E+00
   0.221729E+01   0.945797E+00   0.107636E+00   0.816118E+00   0.816118E+00
   0.222203E+01   0.927838E+00   0.107684E+00   0.809987E+00   0.809987E+00
   0.222677E+01   0.859904E+00   0.107352E+00   0.803934E+00   0.803934E+00
   0.223152E+01   0.875061E+00   0.107306E+00   0.797957E+00   0.797957E+00
   0.223626E+01   0.685058E+00   0.107043E+00   0.792057E+00   0.792057E+00
   0.224100E+01   0.771264E+00   0.106848E+00   0.786233E+00   0.786233E+00
   0.224575E+01   0.828241E+00   0.106730E+00   0.780486E+00   0.780486E+00
   0.225049E+01   0.915694E+00   0.106756E+00   0.774814E+00   0.774814E+00
   0.225523E+01   0.831852E+00   0.106531E+00   0.769220E+00   0.769220E+00
   0.225997E+01   0.715629E+00   0.106438E+00   0.763700E+00   0.763700E+00
   0.226472E+01   0.656364E+00   0.106194E+00   0.758255E+00   0.758255E+00
   0.226946E+01   0.693670E+00   0.105943E+00   0.752888E+00   0.752888E+00
   0.227420E+01   0.758862E+00   0.106011E+00   0.747592E+00   0.747592E+00
   0.227895E+01   0.815768E+00   0.105901E+00   0.742373E+00   0.742373E+00
   0.228369E+01   0.876159E+00   0.105682E+00   0.737229E+00   0.737229E+00
   0.228843E+01   0.708058E+00   0.105629E+00   0.732160E+00   0.732160E+00
   0.229318E+01   0.665076E+00   0.105523E+00   0.727165E+00   0.727165E+00
   0.229792E+01   0.529302E+00   0.105160E+00   0.722244E+00   0.722244E+00
   0.230266E+01   0.811454E+00   0.105173E+00   0.717398E+00   0.717398E+00
   0.230740E+01   0.610726E+00   0.105030E+00   0.712625E+00   0.712625E+00
   0.231215E+01   0.696117E+00   0.104906E+00   0.707926E+00   0.707926E+00
   0.231689E+01   0.738160E+00   0.104802E+00   0.703301E+00   0.703301E+00
   0.232163E+01   0.706824E+00   0.104687E+00   0.698750E+00   0.698750E+00
   0.232638E+01   0.640448E+00   0.104619E+00   0.694271E+00   0.694271E+00
   0.233112E+01   0.683114E+00   0.104416E+00   0.689865E+00   0.689865E+00
   0.233586E+01   0.683475E+00   0.104265E+00   0.685532E+00   0.685532E+00
   0.234060E+01   0.723827E+00   0.104358E+00   0.681271E+00   0.681271E+00
   0.234535E+01   0.583728E+00   0.104167E+00   0.677083E+00   0.677083E+00
   0.235009E+01   0.543658E+00   0.104101E+00   0.672967E+00   0.672967E+00
   0.235483E+01   0.627856E+00   0.103959E+00   0.668922E+00   0.668922E+00
   0.235957E+01   0.641192E+00   0.103899E+00   0.664950E+00   0.664950E+00
   0.236432E+01   0.625573E+00   0.103630E+00   0.661048E+00   0.661048E+00
   0.236906E+01   0.553716E+00   0.103444E+00   0.657217E+00   0.657217E+00
   0.237380E+01   0.696802E+00   0.103320E+00   0.653457E+00   0.653457E+00
   0.237855E+01   0.585743E+00   0.103277E+00   0.649767E+00   0.649767E+00
   0.238329E+01   0.608726E+00   0.103197E+00   0.646150E+00   0.646150E+00
   0.238803E+01   0.631484E+00   0.103185E+00   0.642597E+00   0.642597E+00
   0.239277E+01   0.660752E+00   0.103017E+00   0.639116E+00   0.639116E+00
   0.239752E+01   0.641019E+00   0.102796E+00   0.635704E+00   0.635704E+00
   0.240226E+01   0.636024E+00   0.102829E+00   0.632360E+00   0.632360E+00
   0.240700E+01   0.485017E+00   0.102615E+00   0.629084E+00   0.629084E+00
   0.241175E+01   0.490739E+00   0.102411E+00   0.625876E+00   0.625876E+00
   0.241649E+01   0.601031E+00   0.102491E+00   0.622735E+00   0.622735E+00
   0.242123E+01   0.526609E+00   0.102268E+00   0.619661E+00   0.619661E+00
   0.242598E+01   0.513996E+00   0.102240E+00   0.616653E+00   0.616653E+00
   0.243072E+01   0.639512E+00   0.102125E+00   0.613711E+00   0.613711E+00
   0.243546E+01   0.641148E+00   0.102066E+00   0.610834E+00   0.610834E+00
   0.244020E+01   0.628451E+00   0.101868E+00   0.608021E+00   0.608021E+00
   0.244495E+01   0.475028E+00   0.101781E+00   0.605273E+00   0.605273E+00
   0.244969E+01   0.623949E+00   0.101681E+00   0.602588E+00   0.602588E+00
   0.245443E+01   0.651222E+00   0.101534E+00   0.599966E+00   0.599966E+00
   0.245918E+01   0.559262E+00   0.101294E+00   0.597406E+00   0.597406E+00
   0.246392E+01   0.494500E+00   0.101235E+00   0.594909E+00   0.594909E+00
   0.246866E+01   0.676670E+00   0.101263E+00   0.592472E+00   0.592472E+00
   0.247340E+01   0.496660E+00   0.101144E+00   0.590095E+00   0.590095E+00
   0.247815E+01   0.673593E+00   0.101098E+00   0.587778E+00   0.587778E+00
   0.248289E+01   0.540081E+00   0.100888E+00   0.585520E+00   0.585520E+00
   0.248763E+01   0.592252E+00   0.100917E+00   0.583320E+00   0.583320E+00
   0.249238E+01   0.559570E+00   0.100743E+00   0.581177E+00   0.581177E+00
   0.249712E+01   0.642979E+00   0.100683E+00   0.579092E+00   0.579092E+00
   0.250186E+01   0.499729E+00   0.100504E+00   0.577063E+00   0.577063E+00
   0.250660E+01   0.585197E+00   0.100601E+00   0.575088E+00   0.575088E+00
   0.251135E+01   0.674175E+00   0.100428E+00   0.573168E+00   0.573168E+00
   0.251609E+01   0.617310E+00   0.100066E+00   0.571301E+00   0.571301E+00
   0.252083E+01   0.577635E+00   0.999705E-01   0.569486E+00   0.569486E+00
   0.252558E+01   0.640338E+00   0.997191E-01   0.567724E+00   0.567724E+00
   0.253032E+01   0.522297E+00   0.994501E-01   0.566012E+00   0.566012E+00
   0.253506E+01   0.658242E+00   0.994880E-01   0.564350E+00   0.564350E+00
   0.253980E+01   0.634912E+00   0.993846E-01   0.562737E+00   0.562737E+00
   0.254455E+01   0.665981E+00   0.993100E-01   0.561172E+00   0.561172E+00
   0.254929E+01   0.698470E+00   0.993276E-01   0.559654E+00   0.559654E+00
   0.255403E+01   0.601053E+00   0.990712E-01   0.558182E+00   0.558182E+00
   0.255878E+01   0.555939E+00   0.989448E-01   0.556755E+00   0.556755E+00
   0.256352E+01   0.481051E+00   0.988491E-01   0.555372E+00   0.555372E+00
   0.256826E+01   0.650837E+00   0.989004E-01   0.554033E+00   0.554033E+00
   0.257300E+01   0.668180E+00   0.987091E-01   0.552735E+00   0.552735E+00
   0.257775E+01   0.467630E+00   0.988799E-01   0.551478E+00   0.551478E+00
   0.258249E+01   0.542168E+00   0.988185E-01   0.550261E+00   0.550261E+00
   0.258723E+01   0.571850E+00   0.987493E-01   0.549083E+00   0.549083E+00
   0.259198E+01   0.601285E+00   0.986135E-01   0.547943E+00   0.547943E+00
   0.259672E+01   0.683530E+00   0.987113E-01   0.546839E+00   0.546839E+00
   0.260146E+01   0.533889E+00   0.985216E-01   0.545771E+00   0.545771E+00
   0.260620E+01   0.476873E+00   0.984065E-01   0.544737E+00   0.544737E+00
   0.261095E+01   0.589866E+00   0.982511E-01   0.543736E+00   0.543736E+00
   0.261569E+01   0.498808E+00   0.981235E-01   0.542769E+00   0.542769E+00
   0.262043E+01   0.505035E+00   0.981646E-01   0.541832E+00   0.541832E+00
   0.262518E+01   0.707019E+00   0.981488E-01   0.540925E+00   0.540925E+00
   0.262992E+01   0.598743E+00   0.978903E-01   0.540046E+00   0.540046E+00
   0.263466E+01   0.506086E+00   0.978222E-01   0.539195E+00   0.539195E+00
   0.263940E+01   0.447083E+00   0.977022E-01   0.538371E+00   0.538371E+00
   0.264415E+01   0.538302E+00   0.976393E-01   0.537571E+00   0.537571E+00
   0.264889E+01   0.642921E+00   0.975573E-01   0.536796E+00   0.536796E+00
   0.265363E+01   0.467537E+00   0.974855E-01   0.536044E+00   0.536044E+00
   0.265838E+01   0.439710E+00   0.973347E-01   0.535313E+00   0.535313E+00
   0.266312E+01   0.615498E+00   0.974064E-01   0.534603E+00   0.534603E+00
   0.266786E+01   0.535299E+00   0.972457E-01   0.533912E+00   0.533912E+00
   0.267260E+01   0.646007E+00   0.971572E-01   0.533240E+00   0.533240E+00
   0.267735E+01   0.464575E+00   0.970404E-01   0.532585E+00   0.532585E+00
   0.268209E+01   0.539814E+00   0.970615E-01   0.531945E+00   0.531945E+00
   0.268683E+01   0.437296E+00   0.969627E-01   0.531321E+00   0.531321E+00
   0.269158E+01   0.410309E+00   0.968435E-01   0.530709E+00   0.530709E+00
   0.269632E+01   0.503658E+00   0.967726E-01   0.530110E+00   0.530110E+00
   0.270106E+01   0.582499E+00   0.966470E-01   0.529523E+00   0.529523E+00
   0.270580E+01   0.447939E+00   0.965098E-01   0.528945E+00   0.528945E+00
   0.271055E+01   0.510347E+00   0.964492E-01   0.528377E+00   0.528377E+00
   0.271529E+01   0.480307E+00   0.964413E-01   0.527816E+00   0.527816E+00
   0.272003E+01   0.609447E+00   0.963952E-01   0.527263E+00   0.527263E+00
   0.272478E+01   0.473415E+00   0.961643E-01   0.526713E+00   0.526713E+00
   0.272952E+01   0.461299E+00   0.961446E-01   0.526170E+00   0.526170E+00
   0.273426E+01   0.602937E+00   0.959702E-01   0.525629E+00   0.525629E+00
   0.273901E+01   0.461028E+00   0.960078E-01   0.525091E+00   0.525091E+00
   0.274375E+01   0.482784E+00   0.958162E-01   0.524554E+00   0.524554E+00
   0.274849E+01   0.568453E+00   0.957126E-01   0.524018E+00   0.524018E+00
   0.275323E+01   0.561380E+00   0.955901E-01   0.523480E+00   0.523480E+00
   0.275798E+01   0.605488E+00   0.957558E-01   0.522941E+00   0.522941E+00
   0.276272E+01   0.565757E+00   0.956597E-01   0.522399E+00   0.522399E+00
   0.276746E+01   0.651486E+00   0.954750E-01   0.521853E+00   0.521853E+00
   0.277221E+01   0.485742E+00   0.952943E-01   0.521302E+00   0.521302E+00
   0.277695E+01   0.525128E+00   0.953226E-01   0.520746E+00   0.520746E+00
   0.278169E+01   0.438817E+00   0.951723E-01   0.520183E+00   0.520183E+00
   0.278643E+01   0.462672E+00   0.950919E-01   0.519612E+00   0.519612E+00
   0.279118E+01   0.497631E+00   0.949925E-01   0.519033E+00   0.519033E+00
   0.279592E+01   0.550760E+00   0.950028E-01   0.518444E+00   0.518444E+00
   0.280066E+01   0.496183E+00   0.948841E-01   0.517845E+00   0.517845E+00
   0.280540E+01   0.474373E+00   0.947550E-01   0.517236E+00   0.517236E+00
   0.281015E+01   0.576782E+00   0.947176E-01   0.516614E+00   0.516614E+00
   0.281489E+01   0.655981E+00   0.949348E-01   0.515980E+00   0.515980E+00
   0.281963E+01   0.441061E+00   0.965999E-01   0.515332E+00   0.515332E+00
   0.282438E+01   0.500679E+00   0.985007E-01   0.514670E+00   0.514670E+00
   0.282912E+01   0.506965E+00   0.997682E-01   0.513994E+00   0.513994E+00
   0.283386E+01   0.645540E+00   0.100852E+00   0.513304E+00   0.513304E+00
   0.283860E+01   0.507635E+00   0.101646E+00   0.512593E+00   0.512593E+00
   0.284335E+01   0.319761E+00   0.101972E+00   0.511868E+00   0.511868E+00
   0.284809E+01   0.438417E+00   0.102248E+00   0.511125E+00   0.511125E+00
   0.285283E+01   0.467126E+00   0.102708E+00   0.510365E+00   0.510365E+00
   0.285758E+01   0.460090E+00   0.102981E+00   0.509585E+00   0.509585E+00
   0.286232E+01   0.504957E+00   0.103123E+00   0.508787E+00   0.508787E+00
   0.286706E+01   0.523127E+00   0.103426E+00   0.507969E+00   0.507969E+00
   0.287181E+01   0.526954E+00   0.103664E+00   0.507131E+00   0.507131E+00
   0.287655E+01   0.594930E+00   0.104025E+00   0.506272E+00   0.506272E+00
   0.288129E+01   0.548262E+00   0.103796E+00   0.505393E+00   0.505393E+00
   0.288603E+01   0.448404E+00   0.100983E+00   0.504492E+00   0.504492E+00
   0.289078E+01   0.473675E+00   0.993448E-01   0.503569E+00   0.503569E+00
   0.289552E+01   0.574278E+00   0.982067E-01   0.502625E+00   0.502625E+00
   0.290026E+01   0.523837E+00   0.972860E-01   0.501658E+00   0.501658E+00
   0.290501E+01   0.356379E+00   0.966639E-01   0.500669E+00   0.500669E+00
   0.290975E+01   0.444292E+00   0.963245E-01   0.499656E+00   0.499656E+00
   0.291449E+01   0.505577E+00   0.962476E-01   0.498621E+00   0.498621E+00
   0.291923E+01   0.448360E+00   0.959903E-01   0.497563E+00   0.497563E+00
   0.292398E+01   0.359964E+00   0.957830E-01   0.496481E+00   0.496481E+00
   0.292872E+01   0.382297E+00   0.954372E-01   0.495375E+00   0.495375E+00
   0.293346E+01   0.473845E+00   0.953129E-01   0.494246E+00   0.494246E+00
   0.293820E+01   0.574619E+00   0.952409E-01   0.493093E+00   0.493093E+00
   0.294295E+01   0.604422E+00   0.951410E-01   0.491917E+00   0.491917E+00
   0.294769E+01   0.542238E+00   0.949703E-01   0.490717E+00   0.490717E+00
   0.295243E+01   0.637852E+00   0.948020E-01   0.489493E+00   0.489493E+00
   0.295718E+01   0.422314E+00   0.946461E-01   0.488245E+00   0.488245E+00
   0.296192E+01   0.442827E+00   0.945463E-01   0.486974E+00   0.486974E+00
   0.296666E+01   0.452954E+00   0.943712E-01   0.485680E+00   0.485680E+00
   0.297140E+01   0.505067E+00   0.943138E-01   0.484362E+00   0.484362E+00
   0.297615E+01   0.404213E+00   0.940801E-01   0.483021E+00   0.483021E+00
   0.298089E+01   0.504776E+00   0.940459E-01   0.481657E+00   0.481657E+00
   0.298563E+01   0.510831E+00   0.940188E-01   0.480270E+00   0.480270E+00
   0.299038E+01   0.570467E+00   0.939021E-01   0.478861E+00   0.478861E+00
   0.299512E+01   0.531673E+00   0.937948E-01   0.477430E+00   0.477430E+00
   0.299986E+01   0.497371E+00   0.936622E-01   0.475976E+00   0.475976E+00

           ####      Real Space Data                               ####

           Distance distribution  function of particle  


      R          P(R)      ERROR

  0.0000E+00  0.0000E+00  0.0000E+00
  0.3862E-01  0.1331E-01  0.2516E-02
  0.7725E-01  0.2717E-01  0.4617E-02
  0.1159E+00  0.4157E-01  0.6310E-02
  0.1545E+00  0.5652E-01  0.7604E-02
  0.1931E+00  0.7201E-01  0.8514E-02
  0.2317E+00  0.8802E-01  0.9056E-02
  0.2704E+00  0.1046E+00  0.9252E-02
  0.3090E+00  0.1216E+00  0.9125E-02
  0.3476E+00  0.1391E+00  0.8704E-02
  0.3862E+00  0.1571E+00  0.8017E-02
  0.4249E+00  0.1755E+00  0.7097E-02
  0.4635E+00  0.1944E+00  0.5978E-02
  0.5021E+00  0.2137E+00  0.4702E-02
  0.5407E+00  0.2334E+00  0.3317E-02
  0.5794E+00  0.2534E+00  0.1924E-02
  0.6180E+00  0.2737E+00  0.1055E-02
  0.6566E+00  0.2943E+00  0.1934E-02
  0.6952E+00  0.3152E+00  0.3413E-02
  0.7339E+00  0.3363E+00  0.4948E-02
  0.7725E+00  0.3576E+00  0.6441E-02
  0.8111E+00  0.3790E+00  0.7849E-02
  0.8497E+00  0.4005E+00  0.9141E-02
  0.8884E+00  0.4221E+00  0.1029E-01
  0.9270E+00  0.4436E+00  0.1128E-01
  0.9656E+00  0.4652E+00  0.1208E-01
  0.1004E+01  0.4866E+00  0.1269E-01
  0.1043E+01  0.5079E+00  0.1310E-01
  0.1081E+01  0.5290E+00  0.1329E-01
  0.1120E+01  0.5499E+00  0.1328E-01
  0.1159E+01  0.5705E+00  0.1305E-01
  0.1197E+01  0.5907E+00  0.1261E-01
  0.1236E+01  0.6105E+00  0.1197E-01
  0.1275E+01  0.6299E+00  0.1116E-01
  0.1313E+01  0.6488E+00  0.1017E-01
  0.1352E+01  0.6672E+00  0.9035E-02
  0.1390E+01  0.6849E+00  0.7783E-02
  0.1429E+01  0.7021E+00  0.6451E-02
  0.1468E+01  0.7185E+00  0.5095E-02
  0.1506E+01  0.7342E+00  0.3828E-02
  0.1545E+01  0.7491E+00  0.2905E-02
  0.1584E+01  0.7633E+00  0.2781E-02
  0.1622E+01  0.7765E+00  0.3551E-02
  0.1661E+01  0.7889E+00  0.4774E-02
  0.1699E+01  0.8005E+00  0.6137E-02
  0.1738E+01  0.8110E+00  0.7505E-02
  0.1777E+01  0.8207E+00  0.8811E-02
  0.1815E+01  0.8293E+00  0.1002E-01
  0.1854E+01  0.8370E+00  0.1109E-01
  0.1893E+01  0.8437E+00  0.1201E-01
  0.1931E+01  0.8494E+00  0.1275E-01
  0.1970E+01  0.8541E+00  0.1332E-01
  0.2008E+01  0.8578E+00  0.1369E-01
  0.2047E+01  0.8605E+00  0.1386E-01
  0.2086E+01  0.8623E+00  0.1384E-01
  0.2124E+01  0.8631E+00  0.1361E-01
  0.2163E+01  0.8629E+00  0.1320E-01
  0.2202E+01  0.8618E+00  0.1260E-01
  0.2240E+01  0.8599E+00  0.1184E-01
  0.2279E+01  0.8570E+00  0.1093E-01
  0.2317E+01  0.8534E+00  0.9908E-02
  0.2356E+01  0.8489E+00  0.8802E-02
  0.2395E+01  0.8437E+00  0.7669E-02
  0.2433E+01  0.8377E+00  0.6587E-02
  0.2472E+01  0.8311E+00  0.5674E-02
  0.2511E+01  0.8238E+00  0.5100E-02
  0.2549E+01  0.8160E+00  0.5026E-02
  0.2588E+01  0.8076E+00  0.5483E-02
  0.2626E+01  0.7987E+00  0.6340E-02
  0.2665E+01  0.7893E+00  0.7421E-02
  0.2704E+01  0.7795E+00  0.8593E-02
  0.2742E+01  0.7693E+00  0.9767E-02
  0.2781E+01  0.7589E+00  0.1088E-01
  0.2820E+01  0.7481E+00  0.1190E-01
  0.2858E+01  0.7371E+00  0.1279E-01
  0.2897E+01  0.7259E+00  0.1353E-01
  0.2935E+01  0.7146E+00  0.1410E-01
  0.2974E+01  0.7031E+00  0.1449E-01
  0.3013E+01  0.6916E+00  0.1469E-01
  0.3051E+01  0.6800E+00  0.1470E-01
  0.3090E+01  0.6684E+00  0.1452E-01
  0.3129E+01  0.6568E+00  0.1416E-01
  0.3167E+01  0.6453E+00  0.1361E-01
  0.3206E+01  0.6339E+00  0.1292E-01
  0.3244E+01  0.6225E+00  0.1208E-01
  0.3283E+01  0.6113E+00  0.1114E-01
  0.3322E+01  0.6001E+00  0.1013E-01
  0.3360E+01  0.5892E+00  0.9112E-02
  0.3399E+01  0.5784E+00  0.8153E-02
  0.3438E+01  0.5678E+00  0.7356E-02
  0.3476E+01  0.5574E+00  0.6840E-02
  0.3515E+01  0.5471E+00  0.6709E-02
  0.3553E+01  0.5371E+00  0.7000E-02
  0.3592E+01  0.5273E+00  0.7654E-02
  0.3631E+01  0.5177E+00  0.8558E-02
  0.3669E+01  0.5083E+00  0.9600E-02
  0.3708E+01  0.4992E+00  0.1069E-01
  0.3747E+01  0.4902E+00  0.1176E-01
  0.3785E+01  0.4815E+00  0.1275E-01
  0.3824E+01  0.4729E+00  0.1364E-01
  0.3862E+01  0.4646E+00  0.1439E-01
  0.3901E+01  0.4565E+00  0.1499E-01
  0.3940E+01  0.4486E+00  0.1541E-01
  0.3978E+01  0.4408E+00  0.1565E-01
  0.4017E+01  0.4333E+00  0.1570E-01
  0.4056E+01  0.4259E+00  0.1556E-01
  0.4094E+01  0.4187E+00  0.1525E-01
  0.4133E+01  0.4117E+00  0.1476E-01
  0.4171E+01  0.4048E+00  0.1411E-01
  0.4210E+01  0.3981E+00  0.1333E-01
  0.4249E+01  0.3915E+00  0.1244E-01
  0.4287E+01  0.3851E+00  0.1149E-01
  0.4326E+01  0.3787E+00  0.1053E-01
  0.4365E+01  0.3725E+00  0.9608E-02
  0.4403E+01  0.3663E+00  0.8823E-02
  0.4442E+01  0.3603E+00  0.8262E-02
  0.4480E+01  0.3543E+00  0.8012E-02
  0.4519E+01  0.3484E+00  0.8117E-02
  0.4558E+01  0.3425E+00  0.8558E-02
  0.4596E+01  0.3367E+00  0.9261E-02
  0.4635E+01  0.3308E+00  0.1014E-01
  0.4674E+01  0.3250E+00  0.1109E-01
  0.4712E+01  0.3192E+00  0.1206E-01
  0.4751E+01  0.3134E+00  0.1299E-01
  0.4789E+01  0.3075E+00  0.1383E-01
  0.4828E+01  0.3016E+00  0.1455E-01
  0.4867E+01  0.2956E+00  0.1513E-01
  0.4905E+01  0.2896E+00  0.1556E-01
  0.4944E+01  0.2835E+00  0.1583E-01
  0.4983E+01  0.2773E+00  0.1594E-01
  0.5021E+01  0.2709E+00  0.1588E-01
  0.5060E+01  0.2645E+00  0.1567E-01
  0.5098E+01  0.2580E+00  0.1532E-01
  0.5137E+01  0.2513E+00  0.1486E-01
  0.5176E+01  0.2445E+00  0.1431E-01
  0.5214E+01  0.2376E+00  0.1370E-01
  0.5253E+01  0.2305E+00  0.1308E-01
  0.5292E+01  0.2234E+00  0.1250E-01
  0.5330E+01  0.2161E+00  0.1200E-01
  0.5369E+01  0.2087E+00  0.1163E-01
  0.5407E+01  0.2012E+00  0.1143E-01
  0.5446E+01  0.1937E+00  0.1141E-01
  0.5485E+01  0.1860E+00  0.1158E-01
  0.5523E+01  0.1784E+00  0.1190E-01
  0.5562E+01  0.1707E+00  0.1234E-01
  0.5601E+01  0.1631E+00  0.1286E-01
  0.5639E+01  0.1555E+00  0.1341E-01
  0.5678E+01  0.1479E+00  0.1395E-01
  0.5716E+01  0.1405E+00  0.1444E-01
  0.5755E+01  0.1332E+00  0.1486E-01
  0.5794E+01  0.1261E+00  0.1519E-01
  0.5832E+01  0.1193E+00  0.1543E-01
  0.5871E+01  0.1127E+00  0.1558E-01
  0.5910E+01  0.1064E+00  0.1564E-01
  0.5948E+01  0.1005E+00  0.1563E-01
  0.5987E+01  0.9500E-01  0.1557E-01
  0.6025E+01  0.8991E-01  0.1549E-01
  0.6064E+01  0.8528E-01  0.1541E-01
  0.6103E+01  0.8115E-01  0.1537E-01
  0.6141E+01  0.7754E-01  0.1538E-01
  0.6180E+01  0.7449E-01  0.1545E-01
  0.6219E+01  0.7200E-01  0.1560E-01
  0.6257E+01  0.7010E-01  0.1580E-01
  0.6296E+01  0.6878E-01  0.1605E-01
  0.6334E+01  0.6805E-01  0.1630E-01
  0.6373E+01  0.6789E-01  0.1654E-01
  0.6412E+01  0.6827E-01  0.1673E-01
  0.6450E+01  0.6918E-01  0.1683E-01
  0.6489E+01  0.7056E-01  0.1683E-01
  0.6528E+01  0.7236E-01  0.1671E-01
  0.6566E+01  0.7452E-01  0.1649E-01
  0.6605E+01  0.7695E-01  0.1617E-01
  0.6643E+01  0.7957E-01  0.1582E-01
  0.6682E+01  0.8227E-01  0.1550E-01
  0.6721E+01  0.8493E-01  0.1529E-01
  0.6759E+01  0.8742E-01  0.1529E-01
  0.6798E+01  0.8959E-01  0.1558E-01
  0.6837E+01  0.9129E-01  0.1619E-01
  0.6875E+01  0.9233E-01  0.1709E-01
  0.6914E+01  0.9255E-01  0.1820E-01
  0.6952E+01  0.9173E-01  0.1937E-01
  0.6991E+01  0.8967E-01  0.2045E-01
  0.7030E+01  0.8615E-01  0.2123E-01
  0.7068E+01  0.8094E-01  0.2153E-01
  0.7107E+01  0.7379E-01  0.2112E-01
  0.7146E+01  0.6445E-01  0.1977E-01
  0.7184E+01  0.5267E-01  0.1725E-01
  0.7223E+01  0.3818E-01  0.1330E-01
  0.7261E+01  0.2072E-01  0.7643E-02
  0.7300E+01  0.0000E+00  0.0000E+00
