
           ####      G N O M             Version 5.0 (r13469)      ####
                                               Wed Dec 15 15:11:16 2021

           ####      Configuration                                 ####

    System Type:                   arbitrary monodisperse (job = 0)
    Minimum characteristic size:         0.0000
    Maximum characteristic size:         8.1200
    rad56:                               0.0000
    Force 0.0 at r = rmin:                  yes
    Force 0.0 at r = rmax:                  yes
    Initial alpha:                       0.0000
    Initial random seed:    1438636230600307636
    Points in real space:                   190

    Input  1:                      temp-inp.dat
    First data point used:                    1
    Last data point used:                   570
    Scaling coefficient:             0.1000E+01
    Experimental setup:            point collimation



           ####      Results                                       ####

    Parameter    DISCRP  OSCILL  STABIL  SYSDEV  POSITV  VALCEN  SMOOTH
    Weight        1.000   3.000   3.000   3.000   1.000   1.000   1.000
    Sigma         0.300   0.600   0.120   0.120   0.120   0.120   0.600
    Ideal         0.700   1.100   0.000   1.000   1.000   0.950   0.000
    Current       0.489   1.469   0.008   0.910   1.000   0.810   0.514
               --------------------------------------------------------
    Estimate      0.611   0.685   0.996   0.572   1.000   0.258   0.480

    Angular range:                       0.3012 to       2.9999
    Reciprocal space Rg:             0.2267E+01
    Reciprocal space I(0):           0.4725E+02

    Real space range:                    0.0000 to       8.1200
    Real space Rg:                   0.2279E+01 +-   0.9625E-02
    Real space I(0):                 0.4725E+02 +-   0.1105E+00

    Highest ALPHA (theor):           0.5249E+02
    Current ALPHA:                   0.3414E+01

    Total Estimate:                      0.7006 (a REASONABLE solution)



           ####      Experimental Data and Fit                     ####

      S          J EXP       ERROR       J REG       I REG

   0.000000E+00                                                0.472549E+02
   0.107561E-01                                                0.472454E+02
   0.215123E-01                                                0.472171E+02
   0.322684E-01                                                0.471698E+02
   0.430246E-01                                                0.471038E+02
   0.537807E-01                                                0.470190E+02
   0.645368E-01                                                0.469156E+02
   0.752930E-01                                                0.467939E+02
   0.860491E-01                                                0.466539E+02
   0.968053E-01                                                0.464958E+02
   0.107561E+00                                                0.463199E+02
   0.118318E+00                                                0.461264E+02
   0.129074E+00                                                0.459157E+02
   0.139830E+00                                                0.456880E+02
   0.150586E+00                                                0.454437E+02
   0.161342E+00                                                0.451830E+02
   0.172098E+00                                                0.449064E+02
   0.182854E+00                                                0.446143E+02
   0.193611E+00                                                0.443071E+02
   0.204367E+00                                                0.439851E+02
   0.215123E+00                                                0.436489E+02
   0.225879E+00                                                0.432989E+02
   0.236635E+00                                                0.429356E+02
   0.247391E+00                                                0.425595E+02
   0.258147E+00                                                0.421711E+02
   0.268903E+00                                                0.417708E+02
   0.279660E+00                                                0.413593E+02
   0.290416E+00                                                0.409371E+02
   0.301172E+00   0.402555E+02   0.215402E+00   0.405047E+02   0.405047E+02
   0.305915E+00   0.403532E+02   0.213640E+00   0.403109E+02   0.403109E+02
   0.310658E+00   0.400378E+02   0.211483E+00   0.401153E+02   0.401153E+02
   0.315400E+00   0.397999E+02   0.209072E+00   0.399180E+02   0.399180E+02
   0.320143E+00   0.395794E+02   0.207176E+00   0.397189E+02   0.397189E+02
   0.324886E+00   0.395204E+02   0.205847E+00   0.395181E+02   0.395181E+02
   0.329629E+00   0.393107E+02   0.203725E+00   0.393157E+02   0.393157E+02
   0.334372E+00   0.390817E+02   0.202069E+00   0.391117E+02   0.391117E+02
   0.339115E+00   0.387863E+02   0.202559E+00   0.389062E+02   0.389062E+02
   0.343858E+00   0.389593E+02   0.205155E+00   0.386992E+02   0.386992E+02
   0.348601E+00   0.386694E+02   0.209858E+00   0.384907E+02   0.384907E+02
   0.353343E+00   0.380403E+02   0.213078E+00   0.382809E+02   0.382809E+02
   0.358086E+00   0.381286E+02   0.215669E+00   0.380697E+02   0.380697E+02
   0.362829E+00   0.378546E+02   0.217448E+00   0.378572E+02   0.378572E+02
   0.367572E+00   0.374991E+02   0.218652E+00   0.376435E+02   0.376435E+02
   0.372315E+00   0.373602E+02   0.219869E+00   0.374286E+02   0.374286E+02
   0.377058E+00   0.373029E+02   0.220922E+00   0.372125E+02   0.372125E+02
   0.381801E+00   0.372114E+02   0.221661E+00   0.369953E+02   0.369953E+02
   0.386543E+00   0.370966E+02   0.223073E+00   0.367771E+02   0.367771E+02
   0.391286E+00   0.364049E+02   0.222882E+00   0.365579E+02   0.365579E+02
   0.396029E+00   0.363234E+02   0.223855E+00   0.363378E+02   0.363378E+02
   0.400772E+00   0.363996E+02   0.225008E+00   0.361167E+02   0.361167E+02
   0.405515E+00   0.361826E+02   0.232345E+00   0.358948E+02   0.358948E+02
   0.410258E+00   0.360878E+02   0.238112E+00   0.356721E+02   0.356721E+02
   0.415001E+00   0.354064E+02   0.242648E+00   0.354486E+02   0.354486E+02
   0.419744E+00   0.355993E+02   0.246212E+00   0.352243E+02   0.352243E+02
   0.424486E+00   0.350181E+02   0.249314E+00   0.349995E+02   0.349995E+02
   0.429229E+00   0.345281E+02   0.252719E+00   0.347740E+02   0.347740E+02
   0.433972E+00   0.346894E+02   0.256082E+00   0.345479E+02   0.345479E+02
   0.438715E+00   0.346369E+02   0.259795E+00   0.343213E+02   0.343213E+02
   0.443458E+00   0.341783E+02   0.262993E+00   0.340942E+02   0.340942E+02
   0.448201E+00   0.338256E+02   0.266697E+00   0.338667E+02   0.338667E+02
   0.452944E+00   0.334160E+02   0.270461E+00   0.336388E+02   0.336388E+02
   0.457686E+00   0.330550E+02   0.273453E+00   0.334106E+02   0.334106E+02
   0.462429E+00   0.330739E+02   0.275190E+00   0.331820E+02   0.331820E+02
   0.467172E+00   0.331142E+02   0.274800E+00   0.329532E+02   0.329532E+02
   0.471915E+00   0.330920E+02   0.263911E+00   0.327241E+02   0.327241E+02
   0.476658E+00   0.326199E+02   0.257874E+00   0.324949E+02   0.324949E+02
   0.481401E+00   0.323805E+02   0.254281E+00   0.322656E+02   0.322656E+02
   0.486144E+00   0.319210E+02   0.251198E+00   0.320362E+02   0.320362E+02
   0.490887E+00   0.316654E+02   0.248066E+00   0.318067E+02   0.318067E+02
   0.495629E+00   0.311371E+02   0.245821E+00   0.315772E+02   0.315772E+02
   0.500372E+00   0.312987E+02   0.244446E+00   0.313478E+02   0.313478E+02
   0.505115E+00   0.310889E+02   0.242604E+00   0.311185E+02   0.311185E+02
   0.509858E+00   0.311184E+02   0.240584E+00   0.308892E+02   0.308892E+02
   0.514601E+00   0.303406E+02   0.239153E+00   0.306601E+02   0.306601E+02
   0.519344E+00   0.305555E+02   0.237998E+00   0.304312E+02   0.304312E+02
   0.524087E+00   0.301115E+02   0.236666E+00   0.302026E+02   0.302026E+02
   0.528829E+00   0.302277E+02   0.234925E+00   0.299742E+02   0.299742E+02
   0.533572E+00   0.298084E+02   0.233508E+00   0.297461E+02   0.297461E+02
   0.538315E+00   0.294350E+02   0.231280E+00   0.295184E+02   0.295184E+02
   0.543058E+00   0.292298E+02   0.229502E+00   0.292911E+02   0.292911E+02
   0.547801E+00   0.288832E+02   0.227330E+00   0.290641E+02   0.290641E+02
   0.552544E+00   0.285951E+02   0.225433E+00   0.288377E+02   0.288377E+02
   0.557287E+00   0.284195E+02   0.223542E+00   0.286117E+02   0.286117E+02
   0.562029E+00   0.283001E+02   0.221980E+00   0.283862E+02   0.283862E+02
   0.566772E+00   0.279982E+02   0.219950E+00   0.281613E+02   0.281613E+02
   0.571515E+00   0.276200E+02   0.218336E+00   0.279369E+02   0.279369E+02
   0.576258E+00   0.274400E+02   0.216433E+00   0.277132E+02   0.277132E+02
   0.581001E+00   0.275265E+02   0.215614E+00   0.274902E+02   0.274902E+02
   0.585744E+00   0.274399E+02   0.214899E+00   0.272678E+02   0.272678E+02
   0.590487E+00   0.270366E+02   0.213834E+00   0.270461E+02   0.270461E+02
   0.595230E+00   0.266267E+02   0.212743E+00   0.268251E+02   0.268251E+02
   0.599972E+00   0.265924E+02   0.212790E+00   0.266050E+02   0.266050E+02
   0.604715E+00   0.265624E+02   0.211762E+00   0.263856E+02   0.263856E+02
   0.609458E+00   0.262297E+02   0.210636E+00   0.261670E+02   0.261670E+02
   0.614201E+00   0.259267E+02   0.210261E+00   0.259493E+02   0.259493E+02
   0.618944E+00   0.253779E+02   0.208690E+00   0.257325E+02   0.257325E+02
   0.623687E+00   0.254319E+02   0.208083E+00   0.255166E+02   0.255166E+02
   0.628430E+00   0.254272E+02   0.207812E+00   0.253016E+02   0.253016E+02
   0.633173E+00   0.250525E+02   0.206905E+00   0.250875E+02   0.250875E+02
   0.637915E+00   0.251043E+02   0.206300E+00   0.248744E+02   0.248744E+02
   0.642658E+00   0.247713E+02   0.204905E+00   0.246623E+02   0.246623E+02
   0.647401E+00   0.245633E+02   0.204167E+00   0.244512E+02   0.244512E+02
   0.652144E+00   0.240646E+02   0.203774E+00   0.242412E+02   0.242412E+02
   0.656887E+00   0.240985E+02   0.203209E+00   0.240322E+02   0.240322E+02
   0.661630E+00   0.239321E+02   0.202394E+00   0.238243E+02   0.238243E+02
   0.666373E+00   0.236423E+02   0.201393E+00   0.236175E+02   0.236175E+02
   0.671115E+00   0.233259E+02   0.200752E+00   0.234119E+02   0.234119E+02
   0.675858E+00   0.230490E+02   0.199859E+00   0.232073E+02   0.232073E+02
   0.680601E+00   0.231463E+02   0.199803E+00   0.230039E+02   0.230039E+02
   0.685344E+00   0.228941E+02   0.198944E+00   0.228017E+02   0.228017E+02
   0.690087E+00   0.225004E+02   0.198034E+00   0.226007E+02   0.226007E+02
   0.694830E+00   0.220609E+02   0.197057E+00   0.224008E+02   0.224008E+02
   0.699573E+00   0.223861E+02   0.196630E+00   0.222022E+02   0.222022E+02
   0.704315E+00   0.221591E+02   0.196138E+00   0.220048E+02   0.220048E+02
   0.709058E+00   0.218004E+02   0.195118E+00   0.218087E+02   0.218087E+02
   0.713801E+00   0.215942E+02   0.194510E+00   0.216138E+02   0.216138E+02
   0.718544E+00   0.213898E+02   0.193839E+00   0.214202E+02   0.214202E+02
   0.723287E+00   0.215917E+02   0.193361E+00   0.212279E+02   0.212279E+02
   0.728030E+00   0.209895E+02   0.192483E+00   0.210368E+02   0.210368E+02
   0.732773E+00   0.207910E+02   0.191565E+00   0.208471E+02   0.208471E+02
   0.737515E+00   0.203856E+02   0.190939E+00   0.206587E+02   0.206587E+02
   0.742258E+00   0.205379E+02   0.190426E+00   0.204716E+02   0.204716E+02
   0.747001E+00   0.203383E+02   0.189932E+00   0.202858E+02   0.202858E+02
   0.751744E+00   0.200428E+02   0.188941E+00   0.201014E+02   0.201014E+02
   0.756487E+00   0.198432E+02   0.188643E+00   0.199183E+02   0.199183E+02
   0.761230E+00   0.198256E+02   0.188222E+00   0.197366E+02   0.197366E+02
   0.765973E+00   0.195136E+02   0.187406E+00   0.195562E+02   0.195562E+02
   0.770716E+00   0.191402E+02   0.186254E+00   0.193772E+02   0.193772E+02
   0.775459E+00   0.192532E+02   0.185952E+00   0.191996E+02   0.191996E+02
   0.780201E+00   0.192121E+02   0.185836E+00   0.190233E+02   0.190233E+02
   0.784944E+00   0.189689E+02   0.185016E+00   0.188484E+02   0.188484E+02
   0.789687E+00   0.186749E+02   0.184178E+00   0.186749E+02   0.186749E+02
   0.794430E+00   0.186688E+02   0.183945E+00   0.185028E+02   0.185028E+02
   0.799173E+00   0.182759E+02   0.183010E+00   0.183321E+02   0.183321E+02
   0.803916E+00   0.179855E+02   0.182090E+00   0.181628E+02   0.181628E+02
   0.808658E+00   0.181457E+02   0.182084E+00   0.179949E+02   0.179949E+02
   0.813401E+00   0.177044E+02   0.181367E+00   0.178283E+02   0.178283E+02
   0.818144E+00   0.178150E+02   0.181010E+00   0.176632E+02   0.176632E+02
   0.822887E+00   0.177617E+02   0.180396E+00   0.174995E+02   0.174995E+02
   0.827630E+00   0.173068E+02   0.179686E+00   0.173371E+02   0.173371E+02
   0.832373E+00   0.171748E+02   0.178933E+00   0.171762E+02   0.171762E+02
   0.837116E+00   0.170660E+02   0.178666E+00   0.170166E+02   0.170166E+02
   0.841859E+00   0.169460E+02   0.178110E+00   0.168585E+02   0.168585E+02
   0.846601E+00   0.170179E+02   0.177460E+00   0.167017E+02   0.167017E+02
   0.851344E+00   0.165898E+02   0.177154E+00   0.165463E+02   0.165463E+02
   0.856087E+00   0.163714E+02   0.176198E+00   0.163923E+02   0.163923E+02
   0.860830E+00   0.165894E+02   0.175823E+00   0.162397E+02   0.162397E+02
   0.865573E+00   0.162481E+02   0.175466E+00   0.160885E+02   0.160885E+02
   0.870316E+00   0.159754E+02   0.174158E+00   0.159387E+02   0.159387E+02
   0.875059E+00   0.155959E+02   0.174029E+00   0.157902E+02   0.157902E+02
   0.879802E+00   0.154726E+02   0.173464E+00   0.156431E+02   0.156431E+02
   0.884544E+00   0.153110E+02   0.172809E+00   0.154973E+02   0.154973E+02
   0.889287E+00   0.152848E+02   0.172345E+00   0.153530E+02   0.153530E+02
   0.894030E+00   0.153691E+02   0.172287E+00   0.152099E+02   0.152099E+02
   0.898773E+00   0.152379E+02   0.171327E+00   0.150682E+02   0.150682E+02
   0.903516E+00   0.150438E+02   0.171111E+00   0.149279E+02   0.149279E+02
   0.908259E+00   0.148844E+02   0.170674E+00   0.147889E+02   0.147889E+02
   0.913002E+00   0.147673E+02   0.170124E+00   0.146512E+02   0.146512E+02
   0.917744E+00   0.146497E+02   0.169624E+00   0.145149E+02   0.145149E+02
   0.922487E+00   0.143216E+02   0.169033E+00   0.143798E+02   0.143798E+02
   0.927230E+00   0.146381E+02   0.168785E+00   0.142461E+02   0.142461E+02
   0.931973E+00   0.140555E+02   0.168245E+00   0.141136E+02   0.141136E+02
   0.936716E+00   0.140073E+02   0.167549E+00   0.139825E+02   0.139825E+02
   0.941459E+00   0.139059E+02   0.167126E+00   0.138526E+02   0.138526E+02
   0.946202E+00   0.138514E+02   0.166928E+00   0.137240E+02   0.137240E+02
   0.950944E+00   0.135116E+02   0.166056E+00   0.135967E+02   0.135967E+02
   0.955687E+00   0.134889E+02   0.165834E+00   0.134707E+02   0.134707E+02
   0.960430E+00   0.133765E+02   0.165600E+00   0.133459E+02   0.133459E+02
   0.965173E+00   0.132120E+02   0.164773E+00   0.132223E+02   0.132223E+02
   0.969916E+00   0.130037E+02   0.164479E+00   0.131000E+02   0.131000E+02
   0.974659E+00   0.131914E+02   0.164089E+00   0.129789E+02   0.129789E+02
   0.979402E+00   0.127976E+02   0.163660E+00   0.128590E+02   0.128590E+02
   0.984144E+00   0.125389E+02   0.162871E+00   0.127403E+02   0.127403E+02
   0.988887E+00   0.126814E+02   0.162615E+00   0.126228E+02   0.126228E+02
   0.993630E+00   0.125806E+02   0.162285E+00   0.125064E+02   0.125064E+02
   0.998373E+00   0.123243E+02   0.161747E+00   0.123913E+02   0.123913E+02
   0.100312E+01   0.122866E+02   0.161454E+00   0.122773E+02   0.122773E+02
   0.100786E+01   0.119910E+02   0.160632E+00   0.121645E+02   0.121645E+02
   0.101260E+01   0.118640E+02   0.160174E+00   0.120528E+02   0.120528E+02
   0.101734E+01   0.118562E+02   0.159853E+00   0.119423E+02   0.119423E+02
   0.102209E+01   0.120152E+02   0.159496E+00   0.118329E+02   0.118329E+02
   0.102683E+01   0.118897E+02   0.159254E+00   0.117246E+02   0.117246E+02
   0.103157E+01   0.118883E+02   0.159024E+00   0.116174E+02   0.116174E+02
   0.103632E+01   0.115781E+02   0.158320E+00   0.115113E+02   0.115113E+02
   0.104106E+01   0.112409E+02   0.157762E+00   0.114062E+02   0.114062E+02
   0.104580E+01   0.114420E+02   0.157817E+00   0.113023E+02   0.113023E+02
   0.105055E+01   0.113119E+02   0.157251E+00   0.111994E+02   0.111994E+02
   0.105529E+01   0.111666E+02   0.156981E+00   0.110976E+02   0.110976E+02
   0.106003E+01   0.109195E+02   0.156229E+00   0.109968E+02   0.109968E+02
   0.106477E+01   0.107898E+02   0.155914E+00   0.108970E+02   0.108970E+02
   0.106952E+01   0.107583E+02   0.155794E+00   0.107983E+02   0.107983E+02
   0.107426E+01   0.107180E+02   0.155327E+00   0.107005E+02   0.107005E+02
   0.107900E+01   0.107235E+02   0.155042E+00   0.106038E+02   0.106038E+02
   0.108374E+01   0.104089E+02   0.154319E+00   0.105080E+02   0.105080E+02
   0.108849E+01   0.104330E+02   0.154115E+00   0.104132E+02   0.104132E+02
   0.109323E+01   0.103199E+02   0.153937E+00   0.103195E+02   0.103195E+02
   0.109797E+01   0.101953E+02   0.153622E+00   0.102266E+02   0.102266E+02
   0.110272E+01   0.100863E+02   0.153214E+00   0.101347E+02   0.101347E+02
   0.110746E+01   0.100632E+02   0.152736E+00   0.100437E+02   0.100437E+02
   0.111220E+01   0.981461E+01   0.152020E+00   0.995368E+01   0.995368E+01
   0.111695E+01   0.987207E+01   0.151856E+00   0.986456E+01   0.986456E+01
   0.112169E+01   0.984091E+01   0.151597E+00   0.977633E+01   0.977633E+01
   0.112643E+01   0.954222E+01   0.151123E+00   0.968902E+01   0.968902E+01
   0.113117E+01   0.948178E+01   0.150877E+00   0.960258E+01   0.960258E+01
   0.113592E+01   0.953800E+01   0.150683E+00   0.951701E+01   0.951701E+01
   0.114066E+01   0.926406E+01   0.150017E+00   0.943231E+01   0.943231E+01
   0.114540E+01   0.951210E+01   0.150055E+00   0.934847E+01   0.934847E+01
   0.115014E+01   0.930244E+01   0.149358E+00   0.926547E+01   0.926547E+01
   0.115489E+01   0.912681E+01   0.149261E+00   0.918331E+01   0.918331E+01
   0.115963E+01   0.934524E+01   0.149008E+00   0.910197E+01   0.910197E+01
   0.116437E+01   0.888303E+01   0.148254E+00   0.902147E+01   0.902147E+01
   0.116912E+01   0.885012E+01   0.148317E+00   0.894176E+01   0.894176E+01
   0.117386E+01   0.891550E+01   0.148012E+00   0.886284E+01   0.886284E+01
   0.117860E+01   0.880984E+01   0.147503E+00   0.878472E+01   0.878472E+01
   0.118335E+01   0.864291E+01   0.147143E+00   0.870737E+01   0.870737E+01
   0.118809E+01   0.866184E+01   0.146815E+00   0.863080E+01   0.863080E+01
   0.119283E+01   0.848855E+01   0.146527E+00   0.855499E+01   0.855499E+01
   0.119757E+01   0.831562E+01   0.146204E+00   0.847995E+01   0.847995E+01
   0.120232E+01   0.824348E+01   0.145777E+00   0.840564E+01   0.840564E+01
   0.120706E+01   0.822009E+01   0.146313E+00   0.833206E+01   0.833206E+01
   0.121180E+01   0.846991E+01   0.151102E+00   0.825921E+01   0.825921E+01
   0.121654E+01   0.836598E+01   0.154164E+00   0.818708E+01   0.818708E+01
   0.122129E+01   0.813602E+01   0.155993E+00   0.811567E+01   0.811567E+01
   0.122603E+01   0.801734E+01   0.157863E+00   0.804495E+01   0.804495E+01
   0.123077E+01   0.802674E+01   0.159561E+00   0.797493E+01   0.797493E+01
   0.123552E+01   0.776401E+01   0.160909E+00   0.790561E+01   0.790561E+01
   0.124026E+01   0.769798E+01   0.162416E+00   0.783695E+01   0.783695E+01
   0.124500E+01   0.766389E+01   0.163734E+00   0.776897E+01   0.776897E+01
   0.124975E+01   0.762171E+01   0.164857E+00   0.770165E+01   0.770165E+01
   0.125449E+01   0.763786E+01   0.166022E+00   0.763498E+01   0.763498E+01
   0.125923E+01   0.751939E+01   0.166626E+00   0.756897E+01   0.756897E+01
   0.126397E+01   0.739467E+01   0.166930E+00   0.750359E+01   0.750359E+01
   0.126872E+01   0.759583E+01   0.167162E+00   0.743886E+01   0.743886E+01
   0.127346E+01   0.726297E+01   0.164782E+00   0.737475E+01   0.737475E+01
   0.127820E+01   0.716472E+01   0.159154E+00   0.731126E+01   0.731126E+01
   0.128295E+01   0.726414E+01   0.155645E+00   0.724837E+01   0.724837E+01
   0.128769E+01   0.704033E+01   0.153183E+00   0.718610E+01   0.718610E+01
   0.129243E+01   0.711505E+01   0.151524E+00   0.712442E+01   0.712442E+01
   0.129717E+01   0.715947E+01   0.150056E+00   0.706334E+01   0.706334E+01
   0.130192E+01   0.705981E+01   0.148407E+00   0.700286E+01   0.700286E+01
   0.130666E+01   0.693087E+01   0.146990E+00   0.694294E+01   0.694294E+01
   0.131140E+01   0.705808E+01   0.145933E+00   0.688360E+01   0.688360E+01
   0.131614E+01   0.679843E+01   0.144852E+00   0.682483E+01   0.682483E+01
   0.132089E+01   0.689500E+01   0.144185E+00   0.676662E+01   0.676662E+01
   0.132563E+01   0.665883E+01   0.143520E+00   0.670896E+01   0.670896E+01
   0.133037E+01   0.657048E+01   0.143176E+00   0.665186E+01   0.665186E+01
   0.133512E+01   0.686608E+01   0.142655E+00   0.659530E+01   0.659530E+01
   0.133986E+01   0.683657E+01   0.142421E+00   0.653929E+01   0.653929E+01
   0.134460E+01   0.637826E+01   0.141838E+00   0.648380E+01   0.648380E+01
   0.134935E+01   0.636196E+01   0.141531E+00   0.642884E+01   0.642884E+01
   0.135409E+01   0.643965E+01   0.141290E+00   0.637440E+01   0.637440E+01
   0.135883E+01   0.652472E+01   0.141004E+00   0.632048E+01   0.632048E+01
   0.136357E+01   0.632901E+01   0.140495E+00   0.626707E+01   0.626707E+01
   0.136832E+01   0.615971E+01   0.140151E+00   0.621417E+01   0.621417E+01
   0.137306E+01   0.612952E+01   0.139810E+00   0.616178E+01   0.616178E+01
   0.137780E+01   0.620564E+01   0.139187E+00   0.610987E+01   0.610987E+01
   0.138254E+01   0.604303E+01   0.139148E+00   0.605846E+01   0.605846E+01
   0.138729E+01   0.603574E+01   0.138833E+00   0.600754E+01   0.600754E+01
   0.139203E+01   0.574475E+01   0.138422E+00   0.595709E+01   0.595709E+01
   0.139677E+01   0.566391E+01   0.138129E+00   0.590713E+01   0.590713E+01
   0.140152E+01   0.574249E+01   0.137835E+00   0.585764E+01   0.585764E+01
   0.140626E+01   0.570152E+01   0.137720E+00   0.580861E+01   0.580861E+01
   0.141100E+01   0.579743E+01   0.137343E+00   0.576006E+01   0.576006E+01
   0.141575E+01   0.569399E+01   0.136973E+00   0.571197E+01   0.571197E+01
   0.142049E+01   0.552246E+01   0.136778E+00   0.566432E+01   0.566432E+01
   0.142523E+01   0.566271E+01   0.136513E+00   0.561713E+01   0.561713E+01
   0.142997E+01   0.555362E+01   0.136286E+00   0.557038E+01   0.557038E+01
   0.143472E+01   0.556886E+01   0.135722E+00   0.552408E+01   0.552408E+01
   0.143946E+01   0.537862E+01   0.135611E+00   0.547822E+01   0.547822E+01
   0.144420E+01   0.550691E+01   0.135313E+00   0.543280E+01   0.543280E+01
   0.144894E+01   0.541346E+01   0.135138E+00   0.538780E+01   0.538780E+01
   0.145369E+01   0.546191E+01   0.134842E+00   0.534323E+01   0.534323E+01
   0.145843E+01   0.531741E+01   0.134632E+00   0.529908E+01   0.529908E+01
   0.146317E+01   0.530758E+01   0.134367E+00   0.525536E+01   0.525536E+01
   0.146792E+01   0.505887E+01   0.134067E+00   0.521204E+01   0.521204E+01
   0.147266E+01   0.500126E+01   0.133637E+00   0.516914E+01   0.516914E+01
   0.147740E+01   0.537830E+01   0.133721E+00   0.512666E+01   0.512666E+01
   0.148215E+01   0.524068E+01   0.133432E+00   0.508457E+01   0.508457E+01
   0.148689E+01   0.507245E+01   0.132839E+00   0.504289E+01   0.504289E+01
   0.149163E+01   0.497559E+01   0.132569E+00   0.500160E+01   0.500160E+01
   0.149637E+01   0.488522E+01   0.132495E+00   0.496070E+01   0.496070E+01
   0.150112E+01   0.496331E+01   0.132422E+00   0.492020E+01   0.492020E+01
   0.150586E+01   0.481425E+01   0.134764E+00   0.488008E+01   0.488008E+01
   0.151060E+01   0.495114E+01   0.138458E+00   0.484035E+01   0.484035E+01
   0.151534E+01   0.491366E+01   0.141094E+00   0.480101E+01   0.480101E+01
   0.152009E+01   0.495762E+01   0.142854E+00   0.476203E+01   0.476203E+01
   0.152483E+01   0.487340E+01   0.144126E+00   0.472343E+01   0.472343E+01
   0.152957E+01   0.495708E+01   0.145309E+00   0.468520E+01   0.468520E+01
   0.153432E+01   0.464064E+01   0.141587E+00   0.464733E+01   0.464733E+01
   0.153906E+01   0.463106E+01   0.138872E+00   0.460983E+01   0.460983E+01
   0.154380E+01   0.459148E+01   0.137528E+00   0.457269E+01   0.457269E+01
   0.154855E+01   0.434620E+01   0.135974E+00   0.453592E+01   0.453592E+01
   0.155329E+01   0.461890E+01   0.134770E+00   0.449949E+01   0.449949E+01
   0.155803E+01   0.448304E+01   0.133603E+00   0.446341E+01   0.446341E+01
   0.156277E+01   0.452777E+01   0.132137E+00   0.442769E+01   0.442769E+01
   0.156752E+01   0.451122E+01   0.130812E+00   0.439230E+01   0.439230E+01
   0.157226E+01   0.437969E+01   0.130065E+00   0.435726E+01   0.435726E+01
   0.157700E+01   0.437280E+01   0.129521E+00   0.432256E+01   0.432256E+01
   0.158175E+01   0.428768E+01   0.129159E+00   0.428819E+01   0.428819E+01
   0.158649E+01   0.413069E+01   0.128960E+00   0.425417E+01   0.425417E+01
   0.159123E+01   0.406745E+01   0.129087E+00   0.422047E+01   0.422047E+01
   0.159597E+01   0.424068E+01   0.129309E+00   0.418709E+01   0.418709E+01
   0.160072E+01   0.420600E+01   0.129182E+00   0.415404E+01   0.415404E+01
   0.160546E+01   0.418938E+01   0.129099E+00   0.412131E+01   0.412131E+01
   0.161020E+01   0.425752E+01   0.129133E+00   0.408889E+01   0.408889E+01
   0.161495E+01   0.404518E+01   0.128747E+00   0.405680E+01   0.405680E+01
   0.161969E+01   0.390675E+01   0.128223E+00   0.402502E+01   0.402502E+01
   0.162443E+01   0.406453E+01   0.128127E+00   0.399354E+01   0.399354E+01
   0.162917E+01   0.405671E+01   0.128122E+00   0.396237E+01   0.396237E+01
   0.163392E+01   0.364665E+01   0.127577E+00   0.393150E+01   0.393150E+01
   0.163866E+01   0.372344E+01   0.127484E+00   0.390094E+01   0.390094E+01
   0.164340E+01   0.380428E+01   0.127251E+00   0.387067E+01   0.387067E+01
   0.164815E+01   0.385941E+01   0.126875E+00   0.384070E+01   0.384070E+01
   0.165289E+01   0.381448E+01   0.126823E+00   0.381102E+01   0.381102E+01
   0.165763E+01   0.359206E+01   0.126334E+00   0.378164E+01   0.378164E+01
   0.166237E+01   0.349139E+01   0.126124E+00   0.375253E+01   0.375253E+01
   0.166712E+01   0.373404E+01   0.126070E+00   0.372371E+01   0.372371E+01
   0.167186E+01   0.357831E+01   0.125676E+00   0.369517E+01   0.369517E+01
   0.167660E+01   0.356517E+01   0.125402E+00   0.366691E+01   0.366691E+01
   0.168135E+01   0.366086E+01   0.125466E+00   0.363893E+01   0.363893E+01
   0.168609E+01   0.365600E+01   0.125208E+00   0.361121E+01   0.361121E+01
   0.169083E+01   0.348360E+01   0.124987E+00   0.358378E+01   0.358378E+01
   0.169557E+01   0.360990E+01   0.124863E+00   0.355660E+01   0.355660E+01
   0.170032E+01   0.357460E+01   0.124589E+00   0.352970E+01   0.352970E+01
   0.170506E+01   0.363386E+01   0.124499E+00   0.350305E+01   0.350305E+01
   0.170980E+01   0.360315E+01   0.124265E+00   0.347666E+01   0.347666E+01
   0.171455E+01   0.344137E+01   0.124122E+00   0.345053E+01   0.345053E+01
   0.171929E+01   0.337811E+01   0.123786E+00   0.342465E+01   0.342465E+01
   0.172403E+01   0.340934E+01   0.123665E+00   0.339903E+01   0.339903E+01
   0.172877E+01   0.343358E+01   0.123229E+00   0.337365E+01   0.337365E+01
   0.173352E+01   0.334000E+01   0.123074E+00   0.334852E+01   0.334852E+01
   0.173826E+01   0.324593E+01   0.122864E+00   0.332363E+01   0.332363E+01
   0.174300E+01   0.334886E+01   0.122700E+00   0.329899E+01   0.329899E+01
   0.174775E+01   0.329170E+01   0.122778E+00   0.327458E+01   0.327458E+01
   0.175249E+01   0.327313E+01   0.122594E+00   0.325041E+01   0.325041E+01
   0.175723E+01   0.310115E+01   0.121981E+00   0.322648E+01   0.322648E+01
   0.176197E+01   0.324124E+01   0.122031E+00   0.320278E+01   0.320278E+01
   0.176672E+01   0.326931E+01   0.121713E+00   0.317930E+01   0.317930E+01
   0.177146E+01   0.320750E+01   0.121582E+00   0.315605E+01   0.315605E+01
   0.177620E+01   0.314935E+01   0.121576E+00   0.313302E+01   0.313302E+01
   0.178095E+01   0.312401E+01   0.121299E+00   0.311022E+01   0.311022E+01
   0.178569E+01   0.305618E+01   0.121057E+00   0.308763E+01   0.308763E+01
   0.179043E+01   0.306652E+01   0.120947E+00   0.306527E+01   0.306527E+01
   0.179517E+01   0.308138E+01   0.120701E+00   0.304312E+01   0.304312E+01
   0.179992E+01   0.301050E+01   0.120380E+00   0.302117E+01   0.302117E+01
   0.180466E+01   0.305063E+01   0.120228E+00   0.299944E+01   0.299944E+01
   0.180940E+01   0.296589E+01   0.120116E+00   0.297792E+01   0.297792E+01
   0.181415E+01   0.291436E+01   0.119994E+00   0.295660E+01   0.295660E+01
   0.181889E+01   0.305372E+01   0.119876E+00   0.293548E+01   0.293548E+01
   0.182363E+01   0.297558E+01   0.119822E+00   0.291457E+01   0.291457E+01
   0.182838E+01   0.303186E+01   0.119571E+00   0.289386E+01   0.289386E+01
   0.183312E+01   0.287534E+01   0.119331E+00   0.287334E+01   0.287334E+01
   0.183786E+01   0.280220E+01   0.119219E+00   0.285302E+01   0.285302E+01
   0.184260E+01   0.307873E+01   0.119095E+00   0.283289E+01   0.283289E+01
   0.184735E+01   0.296214E+01   0.118828E+00   0.281295E+01   0.281295E+01
   0.185209E+01   0.269768E+01   0.118820E+00   0.279320E+01   0.279320E+01
   0.185683E+01   0.279252E+01   0.118504E+00   0.277363E+01   0.277363E+01
   0.186157E+01   0.273458E+01   0.118243E+00   0.275425E+01   0.275425E+01
   0.186632E+01   0.287948E+01   0.118200E+00   0.273506E+01   0.273506E+01
   0.187106E+01   0.279282E+01   0.117981E+00   0.271604E+01   0.271604E+01
   0.187580E+01   0.282710E+01   0.117733E+00   0.269720E+01   0.269720E+01
   0.188055E+01   0.274877E+01   0.117713E+00   0.267854E+01   0.267854E+01
   0.188529E+01   0.261267E+01   0.117277E+00   0.266006E+01   0.266006E+01
   0.189003E+01   0.243536E+01   0.117228E+00   0.264174E+01   0.264174E+01
   0.189478E+01   0.240778E+01   0.117225E+00   0.262360E+01   0.262360E+01
   0.189952E+01   0.247573E+01   0.116964E+00   0.260564E+01   0.260564E+01
   0.190426E+01   0.254725E+01   0.116789E+00   0.258784E+01   0.258784E+01
   0.190900E+01   0.260465E+01   0.116692E+00   0.257020E+01   0.257020E+01
   0.191375E+01   0.257835E+01   0.116425E+00   0.255273E+01   0.255273E+01
   0.191849E+01   0.258701E+01   0.116250E+00   0.253543E+01   0.253543E+01
   0.192323E+01   0.250524E+01   0.116181E+00   0.251828E+01   0.251828E+01
   0.192797E+01   0.258500E+01   0.115957E+00   0.250129E+01   0.250129E+01
   0.193272E+01   0.245591E+01   0.115643E+00   0.248447E+01   0.248447E+01
   0.193746E+01   0.239115E+01   0.115365E+00   0.246781E+01   0.246781E+01
   0.194220E+01   0.245720E+01   0.115171E+00   0.245130E+01   0.245130E+01
   0.194695E+01   0.241063E+01   0.114751E+00   0.243494E+01   0.243494E+01
   0.195169E+01   0.226538E+01   0.114411E+00   0.241874E+01   0.241874E+01
   0.195643E+01   0.227886E+01   0.114500E+00   0.240269E+01   0.240269E+01
   0.196117E+01   0.243832E+01   0.114203E+00   0.238679E+01   0.238679E+01
   0.196592E+01   0.251326E+01   0.114033E+00   0.237104E+01   0.237104E+01
   0.197066E+01   0.242198E+01   0.114038E+00   0.235544E+01   0.235544E+01
   0.197540E+01   0.233685E+01   0.113933E+00   0.233998E+01   0.233998E+01
   0.198015E+01   0.228242E+01   0.113907E+00   0.232467E+01   0.232467E+01
   0.198489E+01   0.218371E+01   0.113746E+00   0.230951E+01   0.230951E+01
   0.198963E+01   0.221739E+01   0.113935E+00   0.229449E+01   0.229449E+01
   0.199438E+01   0.211067E+01   0.113796E+00   0.227961E+01   0.227961E+01
   0.199912E+01   0.219399E+01   0.113725E+00   0.226487E+01   0.226487E+01
   0.200386E+01   0.228651E+01   0.113622E+00   0.225027E+01   0.225027E+01
   0.200860E+01   0.207379E+01   0.113471E+00   0.223582E+01   0.223582E+01
   0.201335E+01   0.220141E+01   0.114865E+00   0.222150E+01   0.222150E+01
   0.201809E+01   0.221124E+01   0.117930E+00   0.220731E+01   0.220731E+01
   0.202283E+01   0.213522E+01   0.119554E+00   0.219327E+01   0.219327E+01
   0.202758E+01   0.207248E+01   0.121251E+00   0.217936E+01   0.217936E+01
   0.203232E+01   0.211976E+01   0.122327E+00   0.216558E+01   0.216558E+01
   0.203706E+01   0.205631E+01   0.123314E+00   0.215194E+01   0.215194E+01
   0.204180E+01   0.198287E+01   0.124416E+00   0.213843E+01   0.213843E+01
   0.204655E+01   0.204040E+01   0.124856E+00   0.212505E+01   0.212505E+01
   0.205129E+01   0.201218E+01   0.125232E+00   0.211181E+01   0.211181E+01
   0.205603E+01   0.199963E+01   0.125461E+00   0.209869E+01   0.209869E+01
   0.206078E+01   0.186669E+01   0.125631E+00   0.208571E+01   0.208571E+01
   0.206552E+01   0.218188E+01   0.126222E+00   0.207285E+01   0.207285E+01
   0.207026E+01   0.199861E+01   0.126509E+00   0.206013E+01   0.206013E+01
   0.207500E+01   0.195104E+01   0.126724E+00   0.204753E+01   0.204753E+01
   0.207975E+01   0.200332E+01   0.123982E+00   0.203506E+01   0.203506E+01
   0.208449E+01   0.226495E+01   0.120909E+00   0.202271E+01   0.202271E+01
   0.208923E+01   0.206216E+01   0.119274E+00   0.201050E+01   0.201050E+01
   0.209397E+01   0.191406E+01   0.117775E+00   0.199840E+01   0.199840E+01
   0.209872E+01   0.197379E+01   0.116757E+00   0.198643E+01   0.198643E+01
   0.210346E+01   0.213688E+01   0.115710E+00   0.197459E+01   0.197459E+01
   0.210820E+01   0.210217E+01   0.114996E+00   0.196287E+01   0.196287E+01
   0.211295E+01   0.198099E+01   0.114532E+00   0.195127E+01   0.195127E+01
   0.211769E+01   0.194704E+01   0.114309E+00   0.193980E+01   0.193980E+01
   0.212243E+01   0.177987E+01   0.113930E+00   0.192845E+01   0.192845E+01
   0.212717E+01   0.184302E+01   0.113806E+00   0.191721E+01   0.191721E+01
   0.213192E+01   0.188884E+01   0.113496E+00   0.190611E+01   0.190611E+01
   0.213666E+01   0.186052E+01   0.113164E+00   0.189512E+01   0.189512E+01
   0.214140E+01   0.206316E+01   0.113074E+00   0.188425E+01   0.188425E+01
   0.214615E+01   0.204540E+01   0.112806E+00   0.187350E+01   0.187350E+01
   0.215089E+01   0.204747E+01   0.112563E+00   0.186287E+01   0.186287E+01
   0.215563E+01   0.184435E+01   0.112445E+00   0.185236E+01   0.185236E+01
   0.216038E+01   0.166277E+01   0.112158E+00   0.184197E+01   0.184197E+01
   0.216512E+01   0.191605E+01   0.112144E+00   0.183169E+01   0.183169E+01
   0.216986E+01   0.179513E+01   0.111756E+00   0.182154E+01   0.182154E+01
   0.217460E+01   0.186552E+01   0.111755E+00   0.181150E+01   0.181150E+01
   0.217935E+01   0.186665E+01   0.111523E+00   0.180157E+01   0.180157E+01
   0.218409E+01   0.191752E+01   0.111367E+00   0.179177E+01   0.179177E+01
   0.218883E+01   0.179036E+01   0.111158E+00   0.178208E+01   0.178208E+01
   0.219358E+01   0.165534E+01   0.110837E+00   0.177250E+01   0.177250E+01
   0.219832E+01   0.174145E+01   0.110870E+00   0.176304E+01   0.176304E+01
   0.220306E+01   0.178800E+01   0.110492E+00   0.175369E+01   0.175369E+01
   0.220780E+01   0.172416E+01   0.110422E+00   0.174446E+01   0.174446E+01
   0.221255E+01   0.179699E+01   0.110265E+00   0.173534E+01   0.173534E+01
   0.221729E+01   0.174588E+01   0.110105E+00   0.172634E+01   0.172634E+01
   0.222203E+01   0.175604E+01   0.109906E+00   0.171745E+01   0.171745E+01
   0.222677E+01   0.164524E+01   0.109752E+00   0.170867E+01   0.170867E+01
   0.223152E+01   0.179934E+01   0.109636E+00   0.170000E+01   0.170000E+01
   0.223626E+01   0.164903E+01   0.109345E+00   0.169144E+01   0.169144E+01
   0.224100E+01   0.167527E+01   0.109326E+00   0.168300E+01   0.168300E+01
   0.224575E+01   0.166328E+01   0.109292E+00   0.167466E+01   0.167466E+01
   0.225049E+01   0.154239E+01   0.108924E+00   0.166644E+01   0.166644E+01
   0.225523E+01   0.165163E+01   0.108871E+00   0.165832E+01   0.165832E+01
   0.225997E+01   0.175773E+01   0.108745E+00   0.165031E+01   0.165031E+01
   0.226472E+01   0.174846E+01   0.108589E+00   0.164242E+01   0.164242E+01
   0.226946E+01   0.170521E+01   0.108459E+00   0.163463E+01   0.163463E+01
   0.227420E+01   0.151632E+01   0.108322E+00   0.162694E+01   0.162694E+01
   0.227895E+01   0.169053E+01   0.108288E+00   0.161936E+01   0.161936E+01
   0.228369E+01   0.154074E+01   0.108027E+00   0.161189E+01   0.161189E+01
   0.228843E+01   0.152233E+01   0.107819E+00   0.160453E+01   0.160453E+01
   0.229318E+01   0.163963E+01   0.107781E+00   0.159727E+01   0.159727E+01
   0.229792E+01   0.145355E+01   0.107627E+00   0.159011E+01   0.159011E+01
   0.230266E+01   0.152020E+01   0.107656E+00   0.158306E+01   0.158306E+01
   0.230740E+01   0.152012E+01   0.107370E+00   0.157611E+01   0.157611E+01
   0.231215E+01   0.160815E+01   0.107470E+00   0.156927E+01   0.156927E+01
   0.231689E+01   0.157419E+01   0.107207E+00   0.156252E+01   0.156252E+01
   0.232163E+01   0.143472E+01   0.106908E+00   0.155588E+01   0.155588E+01
   0.232638E+01   0.132728E+01   0.106943E+00   0.154934E+01   0.154934E+01
   0.233112E+01   0.153812E+01   0.106737E+00   0.154289E+01   0.154289E+01
   0.233586E+01   0.147065E+01   0.106504E+00   0.153655E+01   0.153655E+01
   0.234060E+01   0.151324E+01   0.106527E+00   0.153030E+01   0.153030E+01
   0.234535E+01   0.149822E+01   0.106409E+00   0.152415E+01   0.152415E+01
   0.235009E+01   0.147747E+01   0.106264E+00   0.151810E+01   0.151810E+01
   0.235483E+01   0.154603E+01   0.106211E+00   0.151214E+01   0.151214E+01
   0.235957E+01   0.132373E+01   0.105884E+00   0.150628E+01   0.150628E+01
   0.236432E+01   0.154295E+01   0.105890E+00   0.150051E+01   0.150051E+01
   0.236906E+01   0.146819E+01   0.105772E+00   0.149483E+01   0.149483E+01
   0.237380E+01   0.141993E+01   0.105598E+00   0.148925E+01   0.148925E+01
   0.237855E+01   0.146113E+01   0.105511E+00   0.148376E+01   0.148376E+01
   0.238329E+01   0.140832E+01   0.105440E+00   0.147836E+01   0.147836E+01
   0.238803E+01   0.140644E+01   0.105197E+00   0.147305E+01   0.147305E+01
   0.239277E+01   0.141330E+01   0.105040E+00   0.146782E+01   0.146782E+01
   0.239752E+01   0.145482E+01   0.105044E+00   0.146269E+01   0.146269E+01
   0.240226E+01   0.156491E+01   0.104880E+00   0.145764E+01   0.145764E+01
   0.240700E+01   0.142150E+01   0.104772E+00   0.145267E+01   0.145267E+01
   0.241175E+01   0.148637E+01   0.104711E+00   0.144779E+01   0.144779E+01
   0.241649E+01   0.135848E+01   0.104558E+00   0.144300E+01   0.144300E+01
   0.242123E+01   0.150076E+01   0.104536E+00   0.143828E+01   0.143828E+01
   0.242598E+01   0.146607E+01   0.104484E+00   0.143365E+01   0.143365E+01
   0.243072E+01   0.146717E+01   0.104315E+00   0.142910E+01   0.142910E+01
   0.243546E+01   0.151099E+01   0.104208E+00   0.142463E+01   0.142463E+01
   0.244020E+01   0.135263E+01   0.104013E+00   0.142023E+01   0.142023E+01
   0.244495E+01   0.154286E+01   0.103965E+00   0.141591E+01   0.141591E+01
   0.244969E+01   0.149688E+01   0.103944E+00   0.141167E+01   0.141167E+01
   0.245443E+01   0.140253E+01   0.103908E+00   0.140750E+01   0.140750E+01
   0.245918E+01   0.140696E+01   0.103696E+00   0.140341E+01   0.140341E+01
   0.246392E+01   0.136678E+01   0.103536E+00   0.139938E+01   0.139938E+01
   0.246866E+01   0.139298E+01   0.103378E+00   0.139543E+01   0.139543E+01
   0.247340E+01   0.141286E+01   0.103210E+00   0.139155E+01   0.139155E+01
   0.247815E+01   0.137081E+01   0.103144E+00   0.138773E+01   0.138773E+01
   0.248289E+01   0.134206E+01   0.103087E+00   0.138399E+01   0.138399E+01
   0.248763E+01   0.142986E+01   0.102996E+00   0.138031E+01   0.138031E+01
   0.249238E+01   0.143914E+01   0.102759E+00   0.137669E+01   0.137669E+01
   0.249712E+01   0.136511E+01   0.102679E+00   0.137314E+01   0.137314E+01
   0.250186E+01   0.144082E+01   0.102611E+00   0.136964E+01   0.136964E+01
   0.250660E+01   0.132777E+01   0.102601E+00   0.136621E+01   0.136621E+01
   0.251135E+01   0.141941E+01   0.102596E+00   0.136284E+01   0.136284E+01
   0.251609E+01   0.131038E+01   0.102308E+00   0.135953E+01   0.135953E+01
   0.252083E+01   0.121406E+01   0.102072E+00   0.135627E+01   0.135627E+01
   0.252558E+01   0.127447E+01   0.101886E+00   0.135307E+01   0.135307E+01
   0.253032E+01   0.148951E+01   0.101676E+00   0.134993E+01   0.134993E+01
   0.253506E+01   0.137006E+01   0.101564E+00   0.134683E+01   0.134683E+01
   0.253980E+01   0.142798E+01   0.101498E+00   0.134379E+01   0.134379E+01
   0.254455E+01   0.130430E+01   0.101420E+00   0.134080E+01   0.134080E+01
   0.254929E+01   0.147677E+01   0.101278E+00   0.133786E+01   0.133786E+01
   0.255403E+01   0.137588E+01   0.101122E+00   0.133496E+01   0.133496E+01
   0.255878E+01   0.137562E+01   0.100956E+00   0.133211E+01   0.133211E+01
   0.256352E+01   0.136462E+01   0.101032E+00   0.132930E+01   0.132930E+01
   0.256826E+01   0.125304E+01   0.100909E+00   0.132654E+01   0.132654E+01
   0.257300E+01   0.126568E+01   0.100900E+00   0.132382E+01   0.132382E+01
   0.257775E+01   0.127822E+01   0.100963E+00   0.132114E+01   0.132114E+01
   0.258249E+01   0.136254E+01   0.100954E+00   0.131850E+01   0.131850E+01
   0.258723E+01   0.127263E+01   0.100850E+00   0.131590E+01   0.131590E+01
   0.259198E+01   0.133164E+01   0.100890E+00   0.131334E+01   0.131334E+01
   0.259672E+01   0.129649E+01   0.100618E+00   0.131081E+01   0.131081E+01
   0.260146E+01   0.126512E+01   0.100516E+00   0.130831E+01   0.130831E+01
   0.260620E+01   0.114370E+01   0.100366E+00   0.130585E+01   0.130585E+01
   0.261095E+01   0.133114E+01   0.100382E+00   0.130342E+01   0.130342E+01
   0.261569E+01   0.130293E+01   0.100312E+00   0.130102E+01   0.130102E+01
   0.262043E+01   0.129658E+01   0.100045E+00   0.129864E+01   0.129864E+01
   0.262518E+01   0.133226E+01   0.100147E+00   0.129630E+01   0.129630E+01
   0.262992E+01   0.124586E+01   0.999998E-01   0.129398E+01   0.129398E+01
   0.263466E+01   0.120554E+01   0.998750E-01   0.129169E+01   0.129169E+01
   0.263940E+01   0.126478E+01   0.998910E-01   0.128942E+01   0.128942E+01
   0.264415E+01   0.122222E+01   0.997110E-01   0.128717E+01   0.128717E+01
   0.264889E+01   0.125467E+01   0.996694E-01   0.128494E+01   0.128494E+01
   0.265363E+01   0.122234E+01   0.995772E-01   0.128273E+01   0.128273E+01
   0.265838E+01   0.136963E+01   0.994861E-01   0.128055E+01   0.128055E+01
   0.266312E+01   0.133993E+01   0.994058E-01   0.127838E+01   0.127838E+01
   0.266786E+01   0.124962E+01   0.991565E-01   0.127622E+01   0.127622E+01
   0.267260E+01   0.132824E+01   0.991440E-01   0.127408E+01   0.127408E+01
   0.267735E+01   0.120179E+01   0.990420E-01   0.127196E+01   0.127196E+01
   0.268209E+01   0.120543E+01   0.990546E-01   0.126985E+01   0.126985E+01
   0.268683E+01   0.114604E+01   0.989756E-01   0.126775E+01   0.126775E+01
   0.269158E+01   0.122813E+01   0.989426E-01   0.126566E+01   0.126566E+01
   0.269632E+01   0.122992E+01   0.986127E-01   0.126358E+01   0.126358E+01
   0.270106E+01   0.135603E+01   0.986228E-01   0.126151E+01   0.126151E+01
   0.270580E+01   0.122541E+01   0.984858E-01   0.125944E+01   0.125944E+01
   0.271055E+01   0.121041E+01   0.983850E-01   0.125739E+01   0.125739E+01
   0.271529E+01   0.120904E+01   0.983783E-01   0.125533E+01   0.125533E+01
   0.272003E+01   0.131252E+01   0.983464E-01   0.125329E+01   0.125329E+01
   0.272478E+01   0.125908E+01   0.982243E-01   0.125124E+01   0.125124E+01
   0.272952E+01   0.128366E+01   0.980977E-01   0.124920E+01   0.124920E+01
   0.273426E+01   0.137278E+01   0.979076E-01   0.124716E+01   0.124716E+01
   0.273901E+01   0.113998E+01   0.979977E-01   0.124513E+01   0.124513E+01
   0.274375E+01   0.108563E+01   0.977385E-01   0.124309E+01   0.124309E+01
   0.274849E+01   0.113348E+01   0.977462E-01   0.124105E+01   0.124105E+01
   0.275323E+01   0.114393E+01   0.976990E-01   0.123901E+01   0.123901E+01
   0.275798E+01   0.109968E+01   0.977348E-01   0.123697E+01   0.123697E+01
   0.276272E+01   0.118275E+01   0.974503E-01   0.123492E+01   0.123492E+01
   0.276746E+01   0.123680E+01   0.975560E-01   0.123287E+01   0.123287E+01
   0.277221E+01   0.125843E+01   0.973795E-01   0.123081E+01   0.123081E+01
   0.277695E+01   0.133176E+01   0.973967E-01   0.122875E+01   0.122875E+01
   0.278169E+01   0.123736E+01   0.972238E-01   0.122668E+01   0.122668E+01
   0.278643E+01   0.127255E+01   0.970892E-01   0.122461E+01   0.122461E+01
   0.279118E+01   0.118116E+01   0.969801E-01   0.122253E+01   0.122253E+01
   0.279592E+01   0.129627E+01   0.969224E-01   0.122044E+01   0.122044E+01
   0.280066E+01   0.123839E+01   0.969083E-01   0.121834E+01   0.121834E+01
   0.280540E+01   0.123597E+01   0.968760E-01   0.121623E+01   0.121623E+01
   0.281015E+01   0.120385E+01   0.968285E-01   0.121411E+01   0.121411E+01
   0.281489E+01   0.123292E+01   0.969117E-01   0.121199E+01   0.121199E+01
   0.281963E+01   0.137197E+01   0.987480E-01   0.120985E+01   0.120985E+01
   0.282438E+01   0.120385E+01   0.100698E+00   0.120770E+01   0.120770E+01
   0.282912E+01   0.103613E+01   0.101735E+00   0.120553E+01   0.120553E+01
   0.283386E+01   0.104343E+01   0.102924E+00   0.120336E+01   0.120336E+01
   0.283860E+01   0.108880E+01   0.103658E+00   0.120117E+01   0.120117E+01
   0.284335E+01   0.113905E+01   0.104062E+00   0.119897E+01   0.119897E+01
   0.284809E+01   0.127334E+01   0.104484E+00   0.119676E+01   0.119676E+01
   0.285283E+01   0.125786E+01   0.104843E+00   0.119454E+01   0.119454E+01
   0.285758E+01   0.122863E+01   0.105152E+00   0.119229E+01   0.119229E+01
   0.286232E+01   0.122309E+01   0.105296E+00   0.119004E+01   0.119004E+01
   0.286706E+01   0.125635E+01   0.105520E+00   0.118777E+01   0.118777E+01
   0.287181E+01   0.110937E+01   0.105686E+00   0.118549E+01   0.118549E+01
   0.287655E+01   0.115032E+01   0.105940E+00   0.118319E+01   0.118319E+01
   0.288129E+01   0.112908E+01   0.105678E+00   0.118088E+01   0.118088E+01
   0.288603E+01   0.115071E+01   0.102969E+00   0.117855E+01   0.117855E+01
   0.289078E+01   0.127241E+01   0.101239E+00   0.117621E+01   0.117621E+01
   0.289552E+01   0.122390E+01   0.100294E+00   0.117385E+01   0.117385E+01
   0.290026E+01   0.122061E+01   0.992672E-01   0.117147E+01   0.117147E+01
   0.290501E+01   0.110749E+01   0.985843E-01   0.116908E+01   0.116908E+01
   0.290975E+01   0.112241E+01   0.983949E-01   0.116668E+01   0.116668E+01
   0.291449E+01   0.118463E+01   0.981906E-01   0.116426E+01   0.116426E+01
   0.291923E+01   0.112765E+01   0.979831E-01   0.116182E+01   0.116182E+01
   0.292398E+01   0.125948E+01   0.977869E-01   0.115937E+01   0.115937E+01
   0.292872E+01   0.126626E+01   0.975047E-01   0.115690E+01   0.115690E+01
   0.293346E+01   0.110421E+01   0.973652E-01   0.115442E+01   0.115442E+01
   0.293820E+01   0.116095E+01   0.972391E-01   0.115192E+01   0.115192E+01
   0.294295E+01   0.125671E+01   0.970915E-01   0.114941E+01   0.114941E+01
   0.294769E+01   0.122728E+01   0.969056E-01   0.114688E+01   0.114688E+01
   0.295243E+01   0.122338E+01   0.968012E-01   0.114433E+01   0.114433E+01
   0.295718E+01   0.117882E+01   0.967087E-01   0.114177E+01   0.114177E+01
   0.296192E+01   0.134240E+01   0.965833E-01   0.113920E+01   0.113920E+01
   0.296666E+01   0.122142E+01   0.964184E-01   0.113661E+01   0.113661E+01
   0.297140E+01   0.114899E+01   0.961202E-01   0.113401E+01   0.113401E+01
   0.297615E+01   0.111666E+01   0.960586E-01   0.113139E+01   0.113139E+01
   0.298089E+01   0.121470E+01   0.959812E-01   0.112876E+01   0.112876E+01
   0.298563E+01   0.129447E+01   0.959174E-01   0.112612E+01   0.112612E+01
   0.299038E+01   0.120681E+01   0.957806E-01   0.112346E+01   0.112346E+01
   0.299512E+01   0.128628E+01   0.956728E-01   0.112079E+01   0.112079E+01
   0.299986E+01   0.118329E+01   0.955863E-01   0.111811E+01   0.111811E+01

           ####      Real Space Data                               ####

           Distance distribution  function of particle  


      R          P(R)      ERROR

  0.0000E+00  0.0000E+00  0.0000E+00
  0.4296E-01  0.3459E-01  0.4497E-03
  0.8593E-01  0.6849E-01  0.8214E-03
  0.1289E+00  0.1017E+00  0.1117E-02
  0.1719E+00  0.1342E+00  0.1338E-02
  0.2148E+00  0.1661E+00  0.1488E-02
  0.2578E+00  0.1974E+00  0.1571E-02
  0.3007E+00  0.2280E+00  0.1591E-02
  0.3437E+00  0.2580E+00  0.1555E-02
  0.3867E+00  0.2875E+00  0.1470E-02
  0.4296E+00  0.3164E+00  0.1343E-02
  0.4726E+00  0.3448E+00  0.1186E-02
  0.5156E+00  0.3727E+00  0.1013E-02
  0.5585E+00  0.4002E+00  0.8484E-03
  0.6015E+00  0.4273E+00  0.7312E-03
  0.6444E+00  0.4540E+00  0.7110E-03
  0.6874E+00  0.4803E+00  0.8084E-03
  0.7304E+00  0.5063E+00  0.9917E-03
  0.7733E+00  0.5320E+00  0.1218E-02
  0.8163E+00  0.5574E+00  0.1460E-02
  0.8593E+00  0.5825E+00  0.1699E-02
  0.9022E+00  0.6073E+00  0.1925E-02
  0.9452E+00  0.6318E+00  0.2130E-02
  0.9881E+00  0.6561E+00  0.2308E-02
  0.1031E+01  0.6801E+00  0.2454E-02
  0.1074E+01  0.7039E+00  0.2566E-02
  0.1117E+01  0.7273E+00  0.2642E-02
  0.1160E+01  0.7504E+00  0.2680E-02
  0.1203E+01  0.7731E+00  0.2680E-02
  0.1246E+01  0.7954E+00  0.2644E-02
  0.1289E+01  0.8172E+00  0.2574E-02
  0.1332E+01  0.8386E+00  0.2472E-02
  0.1375E+01  0.8594E+00  0.2344E-02
  0.1418E+01  0.8797E+00  0.2197E-02
  0.1461E+01  0.8993E+00  0.2038E-02
  0.1504E+01  0.9181E+00  0.1880E-02
  0.1547E+01  0.9362E+00  0.1736E-02
  0.1590E+01  0.9534E+00  0.1624E-02
  0.1633E+01  0.9697E+00  0.1562E-02
  0.1676E+01  0.9851E+00  0.1563E-02
  0.1719E+01  0.9994E+00  0.1630E-02
  0.1761E+01  0.1013E+01  0.1754E-02
  0.1804E+01  0.1025E+01  0.1920E-02
  0.1847E+01  0.1035E+01  0.2110E-02
  0.1890E+01  0.1045E+01  0.2310E-02
  0.1933E+01  0.1053E+01  0.2508E-02
  0.1976E+01  0.1060E+01  0.2696E-02
  0.2019E+01  0.1066E+01  0.2865E-02
  0.2062E+01  0.1070E+01  0.3010E-02
  0.2105E+01  0.1073E+01  0.3128E-02
  0.2148E+01  0.1074E+01  0.3215E-02
  0.2191E+01  0.1074E+01  0.3270E-02
  0.2234E+01  0.1072E+01  0.3294E-02
  0.2277E+01  0.1069E+01  0.3285E-02
  0.2320E+01  0.1065E+01  0.3247E-02
  0.2363E+01  0.1059E+01  0.3182E-02
  0.2406E+01  0.1052E+01  0.3095E-02
  0.2449E+01  0.1044E+01  0.2991E-02
  0.2492E+01  0.1034E+01  0.2876E-02
  0.2535E+01  0.1023E+01  0.2760E-02
  0.2578E+01  0.1012E+01  0.2653E-02
  0.2621E+01  0.9990E+00  0.2563E-02
  0.2664E+01  0.9854E+00  0.2503E-02
  0.2707E+01  0.9710E+00  0.2480E-02
  0.2750E+01  0.9558E+00  0.2498E-02
  0.2793E+01  0.9400E+00  0.2560E-02
  0.2836E+01  0.9237E+00  0.2659E-02
  0.2879E+01  0.9070E+00  0.2790E-02
  0.2921E+01  0.8899E+00  0.2942E-02
  0.2964E+01  0.8726E+00  0.3106E-02
  0.3007E+01  0.8551E+00  0.3273E-02
  0.3050E+01  0.8375E+00  0.3436E-02
  0.3093E+01  0.8200E+00  0.3587E-02
  0.3136E+01  0.8026E+00  0.3722E-02
  0.3179E+01  0.7853E+00  0.3836E-02
  0.3222E+01  0.7683E+00  0.3928E-02
  0.3265E+01  0.7517E+00  0.3995E-02
  0.3308E+01  0.7354E+00  0.4038E-02
  0.3351E+01  0.7195E+00  0.4057E-02
  0.3394E+01  0.7041E+00  0.4054E-02
  0.3437E+01  0.6893E+00  0.4031E-02
  0.3480E+01  0.6749E+00  0.3994E-02
  0.3523E+01  0.6611E+00  0.3947E-02
  0.3566E+01  0.6479E+00  0.3894E-02
  0.3609E+01  0.6353E+00  0.3844E-02
  0.3652E+01  0.6232E+00  0.3801E-02
  0.3695E+01  0.6117E+00  0.3771E-02
  0.3738E+01  0.6007E+00  0.3760E-02
  0.3781E+01  0.5903E+00  0.3772E-02
  0.3824E+01  0.5803E+00  0.3808E-02
  0.3867E+01  0.5708E+00  0.3867E-02
  0.3910E+01  0.5617E+00  0.3948E-02
  0.3953E+01  0.5530E+00  0.4047E-02
  0.3996E+01  0.5445E+00  0.4159E-02
  0.4039E+01  0.5364E+00  0.4278E-02
  0.4081E+01  0.5285E+00  0.4400E-02
  0.4124E+01  0.5208E+00  0.4518E-02
  0.4167E+01  0.5132E+00  0.4627E-02
  0.4210E+01  0.5056E+00  0.4725E-02
  0.4253E+01  0.4982E+00  0.4807E-02
  0.4296E+01  0.4906E+00  0.4873E-02
  0.4339E+01  0.4831E+00  0.4919E-02
  0.4382E+01  0.4754E+00  0.4948E-02
  0.4425E+01  0.4676E+00  0.4958E-02
  0.4468E+01  0.4597E+00  0.4953E-02
  0.4511E+01  0.4515E+00  0.4936E-02
  0.4554E+01  0.4432E+00  0.4909E-02
  0.4597E+01  0.4346E+00  0.4877E-02
  0.4640E+01  0.4258E+00  0.4844E-02
  0.4683E+01  0.4167E+00  0.4816E-02
  0.4726E+01  0.4074E+00  0.4797E-02
  0.4769E+01  0.3979E+00  0.4792E-02
  0.4812E+01  0.3882E+00  0.4802E-02
  0.4855E+01  0.3782E+00  0.4831E-02
  0.4898E+01  0.3681E+00  0.4878E-02
  0.4941E+01  0.3578E+00  0.4943E-02
  0.4984E+01  0.3473E+00  0.5022E-02
  0.5027E+01  0.3367E+00  0.5113E-02
  0.5070E+01  0.3261E+00  0.5211E-02
  0.5113E+01  0.3155E+00  0.5311E-02
  0.5156E+01  0.3048E+00  0.5409E-02
  0.5199E+01  0.2941E+00  0.5500E-02
  0.5241E+01  0.2836E+00  0.5579E-02
  0.5284E+01  0.2731E+00  0.5644E-02
  0.5327E+01  0.2628E+00  0.5692E-02
  0.5370E+01  0.2527E+00  0.5721E-02
  0.5413E+01  0.2428E+00  0.5731E-02
  0.5456E+01  0.2332E+00  0.5722E-02
  0.5499E+01  0.2238E+00  0.5695E-02
  0.5542E+01  0.2148E+00  0.5653E-02
  0.5585E+01  0.2060E+00  0.5599E-02
  0.5628E+01  0.1976E+00  0.5539E-02
  0.5671E+01  0.1896E+00  0.5477E-02
  0.5714E+01  0.1820E+00  0.5421E-02
  0.5757E+01  0.1747E+00  0.5375E-02
  0.5800E+01  0.1679E+00  0.5346E-02
  0.5843E+01  0.1614E+00  0.5340E-02
  0.5886E+01  0.1553E+00  0.5360E-02
  0.5929E+01  0.1496E+00  0.5409E-02
  0.5972E+01  0.1443E+00  0.5489E-02
  0.6015E+01  0.1393E+00  0.5596E-02
  0.6058E+01  0.1346E+00  0.5728E-02
  0.6101E+01  0.1303E+00  0.5881E-02
  0.6144E+01  0.1262E+00  0.6047E-02
  0.6187E+01  0.1225E+00  0.6222E-02
  0.6230E+01  0.1189E+00  0.6399E-02
  0.6273E+01  0.1156E+00  0.6571E-02
  0.6316E+01  0.1125E+00  0.6733E-02
  0.6359E+01  0.1096E+00  0.6879E-02
  0.6401E+01  0.1068E+00  0.7006E-02
  0.6444E+01  0.1041E+00  0.7111E-02
  0.6487E+01  0.1015E+00  0.7190E-02
  0.6530E+01  0.9893E-01  0.7243E-02
  0.6573E+01  0.9645E-01  0.7268E-02
  0.6616E+01  0.9399E-01  0.7268E-02
  0.6659E+01  0.9154E-01  0.7242E-02
  0.6702E+01  0.8908E-01  0.7195E-02
  0.6745E+01  0.8660E-01  0.7128E-02
  0.6788E+01  0.8410E-01  0.7047E-02
  0.6831E+01  0.8156E-01  0.6957E-02
  0.6874E+01  0.7898E-01  0.6864E-02
  0.6917E+01  0.7635E-01  0.6773E-02
  0.6960E+01  0.7367E-01  0.6691E-02
  0.7003E+01  0.7096E-01  0.6624E-02
  0.7046E+01  0.6820E-01  0.6578E-02
  0.7089E+01  0.6540E-01  0.6555E-02
  0.7132E+01  0.6258E-01  0.6559E-02
  0.7175E+01  0.5974E-01  0.6591E-02
  0.7218E+01  0.5688E-01  0.6648E-02
  0.7261E+01  0.5403E-01  0.6728E-02
  0.7304E+01  0.5117E-01  0.6825E-02
  0.7347E+01  0.4833E-01  0.6932E-02
  0.7390E+01  0.4551E-01  0.7043E-02
  0.7433E+01  0.4272E-01  0.7146E-02
  0.7476E+01  0.3997E-01  0.7235E-02
  0.7519E+01  0.3725E-01  0.7298E-02
  0.7561E+01  0.3457E-01  0.7327E-02
  0.7604E+01  0.3194E-01  0.7311E-02
  0.7647E+01  0.2934E-01  0.7240E-02
  0.7690E+01  0.2678E-01  0.7106E-02
  0.7733E+01  0.2424E-01  0.6897E-02
  0.7776E+01  0.2172E-01  0.6604E-02
  0.7819E+01  0.1920E-01  0.6216E-02
  0.7862E+01  0.1667E-01  0.5725E-02
  0.7905E+01  0.1410E-01  0.5118E-02
  0.7948E+01  0.1149E-01  0.4387E-02
  0.7991E+01  0.8797E-02  0.3520E-02
  0.8034E+01  0.6004E-02  0.2507E-02
  0.8077E+01  0.3081E-02  0.1337E-02
  0.8120E+01  0.0000E+00  0.0000E+00
