
           ####      G N O M             Version 5.0 (r13469)      ####
                                               Wed Dec 15 15:11:03 2021

           ####      Configuration                                 ####

    System Type:                   arbitrary monodisperse (job = 0)
    Minimum characteristic size:         0.0000
    Maximum characteristic size:         6.1700
    rad56:                               0.0000
    Force 0.0 at r = rmin:                  yes
    Force 0.0 at r = rmax:                  yes
    Initial alpha:                       0.0000
    Initial random seed:    1437790185678451364
    Points in real space:                   190

    Input  1:                      temp-inp.dat
    First data point used:                    1
    Last data point used:                   570
    Scaling coefficient:             0.1000E+01
    Experimental setup:            point collimation



           ####      Results                                       ####

    Parameter    DISCRP  OSCILL  STABIL  SYSDEV  POSITV  VALCEN  SMOOTH
    Weight        1.000   3.000   3.000   3.000   1.000   1.000   1.000
    Sigma         0.300   0.600   0.120   0.120   0.120   0.120   0.600
    Ideal         0.700   1.100   0.000   1.000   1.000   0.950   0.000
    Current       0.719   1.161   0.012   0.668   1.000   0.887   3.105
               --------------------------------------------------------
    Estimate      0.996   0.990   0.989   0.000   1.000   0.759   0.000

    Angular range:                       0.3012 to       2.9999
    Reciprocal space Rg:             0.2127E+01
    Reciprocal space I(0):           0.3973E+02

    Real space range:                    0.0000 to       6.1700
    Real space Rg:                   0.2133E+01 +-   0.3305E-02
    Real space I(0):                 0.3973E+02 +-   0.5965E-01

    Highest ALPHA (theor):           0.3123E+02
    Current ALPHA:                   0.1334E+02

    Total Estimate:                      0.6688 (a REASONABLE solution)



           ####      Experimental Data and Fit                     ####

      S          J EXP       ERROR       J REG       I REG

   0.000000E+00                                                0.397285E+02
   0.107561E-01                                                0.397215E+02
   0.215123E-01                                                0.397006E+02
   0.322684E-01                                                0.396658E+02
   0.430246E-01                                                0.396171E+02
   0.537807E-01                                                0.395546E+02
   0.645368E-01                                                0.394783E+02
   0.752930E-01                                                0.393884E+02
   0.860491E-01                                                0.392849E+02
   0.968053E-01                                                0.391680E+02
   0.107561E+00                                                0.390378E+02
   0.118318E+00                                                0.388944E+02
   0.129074E+00                                                0.387381E+02
   0.139830E+00                                                0.385689E+02
   0.150586E+00                                                0.383871E+02
   0.161342E+00                                                0.381929E+02
   0.172098E+00                                                0.379864E+02
   0.182854E+00                                                0.377680E+02
   0.193611E+00                                                0.375379E+02
   0.204367E+00                                                0.372963E+02
   0.215123E+00                                                0.370434E+02
   0.225879E+00                                                0.367797E+02
   0.236635E+00                                                0.365053E+02
   0.247391E+00                                                0.362206E+02
   0.258147E+00                                                0.359258E+02
   0.268903E+00                                                0.356213E+02
   0.279660E+00                                                0.353075E+02
   0.290416E+00                                                0.349845E+02
   0.301172E+00   0.350944E+02   0.207428E+00   0.346529E+02   0.346529E+02
   0.305915E+00   0.347485E+02   0.205084E+00   0.345040E+02   0.345040E+02
   0.310658E+00   0.346228E+02   0.203130E+00   0.343535E+02   0.343535E+02
   0.315400E+00   0.346167E+02   0.201568E+00   0.342014E+02   0.342014E+02
   0.320143E+00   0.345941E+02   0.199771E+00   0.340478E+02   0.340478E+02
   0.324886E+00   0.343648E+02   0.198116E+00   0.338927E+02   0.338927E+02
   0.329629E+00   0.338893E+02   0.195947E+00   0.337361E+02   0.337361E+02
   0.334372E+00   0.336396E+02   0.194144E+00   0.335781E+02   0.335781E+02
   0.339115E+00   0.338002E+02   0.194817E+00   0.334186E+02   0.334186E+02
   0.343858E+00   0.336868E+02   0.197310E+00   0.332578E+02   0.332578E+02
   0.348601E+00   0.333643E+02   0.201827E+00   0.330957E+02   0.330957E+02
   0.353343E+00   0.329890E+02   0.204915E+00   0.329322E+02   0.329322E+02
   0.358086E+00   0.328746E+02   0.207131E+00   0.327674E+02   0.327674E+02
   0.362829E+00   0.326549E+02   0.208807E+00   0.326014E+02   0.326014E+02
   0.367572E+00   0.324367E+02   0.210222E+00   0.324342E+02   0.324342E+02
   0.372315E+00   0.326124E+02   0.211645E+00   0.322658E+02   0.322658E+02
   0.377058E+00   0.321793E+02   0.212947E+00   0.320962E+02   0.320962E+02
   0.381801E+00   0.321717E+02   0.213510E+00   0.319255E+02   0.319255E+02
   0.386543E+00   0.318430E+02   0.214258E+00   0.317538E+02   0.317538E+02
   0.391286E+00   0.316302E+02   0.214722E+00   0.315809E+02   0.315809E+02
   0.396029E+00   0.316110E+02   0.215628E+00   0.314071E+02   0.314071E+02
   0.400772E+00   0.316303E+02   0.216779E+00   0.312323E+02   0.312323E+02
   0.405515E+00   0.311383E+02   0.223593E+00   0.310565E+02   0.310565E+02
   0.410258E+00   0.308583E+02   0.229246E+00   0.308797E+02   0.308797E+02
   0.415001E+00   0.307301E+02   0.233465E+00   0.307021E+02   0.307021E+02
   0.419744E+00   0.308420E+02   0.237202E+00   0.305237E+02   0.305237E+02
   0.424486E+00   0.301767E+02   0.240697E+00   0.303444E+02   0.303444E+02
   0.429229E+00   0.301667E+02   0.243267E+00   0.301643E+02   0.301643E+02
   0.433972E+00   0.299090E+02   0.246885E+00   0.299835E+02   0.299835E+02
   0.438715E+00   0.302471E+02   0.250860E+00   0.298019E+02   0.298019E+02
   0.443458E+00   0.302605E+02   0.254373E+00   0.296197E+02   0.296197E+02
   0.448201E+00   0.295109E+02   0.257169E+00   0.294367E+02   0.294367E+02
   0.452944E+00   0.293438E+02   0.261560E+00   0.292532E+02   0.292532E+02
   0.457686E+00   0.291227E+02   0.263800E+00   0.290691E+02   0.290691E+02
   0.462429E+00   0.287835E+02   0.265978E+00   0.288844E+02   0.288844E+02
   0.467172E+00   0.290352E+02   0.264809E+00   0.286991E+02   0.286991E+02
   0.471915E+00   0.285379E+02   0.254487E+00   0.285134E+02   0.285134E+02
   0.476658E+00   0.281523E+02   0.248791E+00   0.283272E+02   0.283272E+02
   0.481401E+00   0.281372E+02   0.245322E+00   0.281406E+02   0.281406E+02
   0.486144E+00   0.277899E+02   0.242405E+00   0.279536E+02   0.279536E+02
   0.490887E+00   0.279749E+02   0.240098E+00   0.277662E+02   0.277662E+02
   0.495629E+00   0.275121E+02   0.237817E+00   0.275784E+02   0.275784E+02
   0.500372E+00   0.273009E+02   0.235980E+00   0.273904E+02   0.273904E+02
   0.505115E+00   0.269800E+02   0.234262E+00   0.272021E+02   0.272021E+02
   0.509858E+00   0.267761E+02   0.232772E+00   0.270135E+02   0.270135E+02
   0.514601E+00   0.269071E+02   0.231337E+00   0.268248E+02   0.268248E+02
   0.519344E+00   0.268671E+02   0.230400E+00   0.266358E+02   0.266358E+02
   0.524087E+00   0.264718E+02   0.228436E+00   0.264467E+02   0.264467E+02
   0.528829E+00   0.259974E+02   0.227104E+00   0.262575E+02   0.262575E+02
   0.533572E+00   0.259698E+02   0.225649E+00   0.260682E+02   0.260682E+02
   0.538315E+00   0.254651E+02   0.223147E+00   0.258789E+02   0.258789E+02
   0.543058E+00   0.256654E+02   0.222193E+00   0.256895E+02   0.256895E+02
   0.547801E+00   0.254668E+02   0.220070E+00   0.255001E+02   0.255001E+02
   0.552544E+00   0.252413E+02   0.218716E+00   0.253107E+02   0.253107E+02
   0.557287E+00   0.246862E+02   0.216769E+00   0.251214E+02   0.251214E+02
   0.562029E+00   0.247881E+02   0.214794E+00   0.249322E+02   0.249322E+02
   0.566772E+00   0.244493E+02   0.213296E+00   0.247431E+02   0.247431E+02
   0.571515E+00   0.244513E+02   0.211988E+00   0.245541E+02   0.245541E+02
   0.576258E+00   0.239006E+02   0.210021E+00   0.243653E+02   0.243653E+02
   0.581001E+00   0.239658E+02   0.208829E+00   0.241767E+02   0.241767E+02
   0.585744E+00   0.236486E+02   0.207885E+00   0.239884E+02   0.239884E+02
   0.590487E+00   0.235443E+02   0.206944E+00   0.238003E+02   0.238003E+02
   0.595230E+00   0.235985E+02   0.206383E+00   0.236124E+02   0.236124E+02
   0.599972E+00   0.231181E+02   0.205924E+00   0.234249E+02   0.234249E+02
   0.604715E+00   0.228614E+02   0.204844E+00   0.232377E+02   0.232377E+02
   0.609458E+00   0.228248E+02   0.203753E+00   0.230509E+02   0.230509E+02
   0.614201E+00   0.225797E+02   0.203490E+00   0.228645E+02   0.228645E+02
   0.618944E+00   0.223065E+02   0.202282E+00   0.226784E+02   0.226784E+02
   0.623687E+00   0.223133E+02   0.201478E+00   0.224928E+02   0.224928E+02
   0.628430E+00   0.220618E+02   0.201037E+00   0.223077E+02   0.223077E+02
   0.633173E+00   0.219579E+02   0.200331E+00   0.221230E+02   0.221230E+02
   0.637915E+00   0.218372E+02   0.199643E+00   0.219389E+02   0.219389E+02
   0.642658E+00   0.216391E+02   0.198585E+00   0.217553E+02   0.217553E+02
   0.647401E+00   0.214987E+02   0.198319E+00   0.215722E+02   0.215722E+02
   0.652144E+00   0.214211E+02   0.197837E+00   0.213897E+02   0.213897E+02
   0.656887E+00   0.206223E+02   0.196536E+00   0.212078E+02   0.212078E+02
   0.661630E+00   0.204332E+02   0.195744E+00   0.210265E+02   0.210265E+02
   0.666373E+00   0.208027E+02   0.195416E+00   0.208459E+02   0.208459E+02
   0.671115E+00   0.207143E+02   0.195042E+00   0.206660E+02   0.206660E+02
   0.675858E+00   0.202898E+02   0.194044E+00   0.204867E+02   0.204867E+02
   0.680601E+00   0.201395E+02   0.193620E+00   0.203081E+02   0.203081E+02
   0.685344E+00   0.199105E+02   0.192708E+00   0.201302E+02   0.201302E+02
   0.690087E+00   0.199178E+02   0.192027E+00   0.199531E+02   0.199531E+02
   0.694830E+00   0.197417E+02   0.191215E+00   0.197768E+02   0.197768E+02
   0.699573E+00   0.196064E+02   0.190796E+00   0.196012E+02   0.196012E+02
   0.704315E+00   0.192292E+02   0.190186E+00   0.194265E+02   0.194265E+02
   0.709058E+00   0.192033E+02   0.189860E+00   0.192525E+02   0.192525E+02
   0.713801E+00   0.191096E+02   0.189249E+00   0.190794E+02   0.190794E+02
   0.718544E+00   0.188071E+02   0.188101E+00   0.189072E+02   0.189072E+02
   0.723287E+00   0.186677E+02   0.187500E+00   0.187358E+02   0.187358E+02
   0.728030E+00   0.186983E+02   0.187191E+00   0.185653E+02   0.185653E+02
   0.732773E+00   0.182929E+02   0.186233E+00   0.183957E+02   0.183957E+02
   0.737515E+00   0.179388E+02   0.185410E+00   0.182270E+02   0.182270E+02
   0.742258E+00   0.180045E+02   0.185425E+00   0.180592E+02   0.180592E+02
   0.747001E+00   0.178944E+02   0.184537E+00   0.178924E+02   0.178924E+02
   0.751744E+00   0.175025E+02   0.183957E+00   0.177266E+02   0.177266E+02
   0.756487E+00   0.172120E+02   0.183398E+00   0.175617E+02   0.175617E+02
   0.761230E+00   0.172599E+02   0.182657E+00   0.173979E+02   0.173979E+02
   0.765973E+00   0.173334E+02   0.182440E+00   0.172350E+02   0.172350E+02
   0.770716E+00   0.169774E+02   0.181492E+00   0.170731E+02   0.170731E+02
   0.775459E+00   0.167821E+02   0.180851E+00   0.169123E+02   0.169123E+02
   0.780201E+00   0.168494E+02   0.180879E+00   0.167525E+02   0.167525E+02
   0.784944E+00   0.166073E+02   0.180043E+00   0.165937E+02   0.165937E+02
   0.789687E+00   0.164025E+02   0.179143E+00   0.164361E+02   0.164361E+02
   0.794430E+00   0.164259E+02   0.178805E+00   0.162795E+02   0.162795E+02
   0.799173E+00   0.161012E+02   0.178156E+00   0.161239E+02   0.161239E+02
   0.803916E+00   0.157453E+02   0.177339E+00   0.159695E+02   0.159695E+02
   0.808658E+00   0.156990E+02   0.177180E+00   0.158161E+02   0.158161E+02
   0.813401E+00   0.155796E+02   0.176522E+00   0.156639E+02   0.156639E+02
   0.818144E+00   0.154716E+02   0.176227E+00   0.155128E+02   0.155128E+02
   0.822887E+00   0.150651E+02   0.175059E+00   0.153628E+02   0.153628E+02
   0.827630E+00   0.150003E+02   0.174840E+00   0.152139E+02   0.152139E+02
   0.832373E+00   0.148495E+02   0.174096E+00   0.150662E+02   0.150662E+02
   0.837116E+00   0.148389E+02   0.173520E+00   0.149196E+02   0.149196E+02
   0.841859E+00   0.146601E+02   0.173188E+00   0.147742E+02   0.147742E+02
   0.846601E+00   0.145808E+02   0.172493E+00   0.146299E+02   0.146299E+02
   0.851344E+00   0.144581E+02   0.172180E+00   0.144868E+02   0.144868E+02
   0.856087E+00   0.142803E+02   0.171533E+00   0.143449E+02   0.143449E+02
   0.860830E+00   0.142175E+02   0.171391E+00   0.142041E+02   0.142041E+02
   0.865573E+00   0.140248E+02   0.170650E+00   0.140646E+02   0.140646E+02
   0.870316E+00   0.138658E+02   0.170376E+00   0.139262E+02   0.139262E+02
   0.875059E+00   0.135739E+02   0.169590E+00   0.137890E+02   0.137890E+02
   0.879802E+00   0.135204E+02   0.168793E+00   0.136529E+02   0.136529E+02
   0.884544E+00   0.134853E+02   0.168870E+00   0.135181E+02   0.135181E+02
   0.889287E+00   0.135093E+02   0.168481E+00   0.133845E+02   0.133845E+02
   0.894030E+00   0.131630E+02   0.167870E+00   0.132520E+02   0.132520E+02
   0.898773E+00   0.131585E+02   0.167324E+00   0.131208E+02   0.131208E+02
   0.903516E+00   0.131840E+02   0.166804E+00   0.129908E+02   0.129908E+02
   0.908259E+00   0.131663E+02   0.166526E+00   0.128619E+02   0.128619E+02
   0.913002E+00   0.125941E+02   0.165822E+00   0.127343E+02   0.127343E+02
   0.917744E+00   0.125311E+02   0.165467E+00   0.126078E+02   0.126078E+02
   0.922487E+00   0.127329E+02   0.164964E+00   0.124826E+02   0.124826E+02
   0.927230E+00   0.124904E+02   0.164553E+00   0.123586E+02   0.123586E+02
   0.931973E+00   0.122368E+02   0.164137E+00   0.122358E+02   0.122358E+02
   0.936716E+00   0.122788E+02   0.163972E+00   0.121141E+02   0.121141E+02
   0.941459E+00   0.120253E+02   0.162806E+00   0.119937E+02   0.119937E+02
   0.946202E+00   0.118558E+02   0.162637E+00   0.118745E+02   0.118745E+02
   0.950944E+00   0.117989E+02   0.162327E+00   0.117564E+02   0.117564E+02
   0.955687E+00   0.117794E+02   0.161799E+00   0.116396E+02   0.116396E+02
   0.960430E+00   0.117191E+02   0.161474E+00   0.115239E+02   0.115239E+02
   0.965173E+00   0.116184E+02   0.160891E+00   0.114094E+02   0.114094E+02
   0.969916E+00   0.112701E+02   0.160356E+00   0.112962E+02   0.112962E+02
   0.974659E+00   0.111690E+02   0.160142E+00   0.111841E+02   0.111841E+02
   0.979402E+00   0.109444E+02   0.159484E+00   0.110731E+02   0.110731E+02
   0.984144E+00   0.109811E+02   0.159079E+00   0.109634E+02   0.109634E+02
   0.988887E+00   0.111343E+02   0.158968E+00   0.108548E+02   0.108548E+02
   0.993630E+00   0.108378E+02   0.158167E+00   0.107474E+02   0.107474E+02
   0.998373E+00   0.108372E+02   0.157810E+00   0.106411E+02   0.106411E+02
   0.100312E+01   0.107528E+02   0.157584E+00   0.105360E+02   0.105360E+02
   0.100786E+01   0.107330E+02   0.157477E+00   0.104320E+02   0.104320E+02
   0.101260E+01   0.106105E+02   0.156894E+00   0.103292E+02   0.103292E+02
   0.101734E+01   0.101496E+02   0.156380E+00   0.102275E+02   0.102275E+02
   0.102209E+01   0.102381E+02   0.155847E+00   0.101270E+02   0.101270E+02
   0.102683E+01   0.101098E+02   0.155233E+00   0.100275E+02   0.100275E+02
   0.103157E+01   0.986163E+01   0.154974E+00   0.992923E+01   0.992923E+01
   0.103632E+01   0.996417E+01   0.154740E+00   0.983203E+01   0.983203E+01
   0.104106E+01   0.978377E+01   0.154178E+00   0.973593E+01   0.973593E+01
   0.104580E+01   0.994001E+01   0.154022E+00   0.964094E+01   0.964094E+01
   0.105055E+01   0.977520E+01   0.153654E+00   0.954703E+01   0.954703E+01
   0.105529E+01   0.974182E+01   0.153461E+00   0.945422E+01   0.945422E+01
   0.106003E+01   0.951278E+01   0.153048E+00   0.936247E+01   0.936247E+01
   0.106477E+01   0.923050E+01   0.152551E+00   0.927178E+01   0.927178E+01
   0.106952E+01   0.926366E+01   0.152055E+00   0.918216E+01   0.918216E+01
   0.107426E+01   0.921506E+01   0.151742E+00   0.909358E+01   0.909358E+01
   0.107900E+01   0.904133E+01   0.151537E+00   0.900605E+01   0.900605E+01
   0.108374E+01   0.892941E+01   0.151009E+00   0.891955E+01   0.891955E+01
   0.108849E+01   0.905090E+01   0.150770E+00   0.883407E+01   0.883407E+01
   0.109323E+01   0.895343E+01   0.150322E+00   0.874963E+01   0.874963E+01
   0.109797E+01   0.894166E+01   0.150061E+00   0.866618E+01   0.866618E+01
   0.110272E+01   0.877624E+01   0.149684E+00   0.858372E+01   0.858372E+01
   0.110746E+01   0.860905E+01   0.149461E+00   0.850225E+01   0.850225E+01
   0.111220E+01   0.841722E+01   0.148898E+00   0.842177E+01   0.842177E+01
   0.111695E+01   0.857788E+01   0.148594E+00   0.834225E+01   0.834225E+01
   0.112169E+01   0.841007E+01   0.148460E+00   0.826369E+01   0.826369E+01
   0.112643E+01   0.820239E+01   0.147809E+00   0.818609E+01   0.818609E+01
   0.113117E+01   0.816382E+01   0.147519E+00   0.810943E+01   0.810943E+01
   0.113592E+01   0.820114E+01   0.147367E+00   0.803369E+01   0.803369E+01
   0.114066E+01   0.812412E+01   0.146989E+00   0.795887E+01   0.795887E+01
   0.114540E+01   0.796275E+01   0.146548E+00   0.788496E+01   0.788496E+01
   0.115014E+01   0.808522E+01   0.146438E+00   0.781195E+01   0.781195E+01
   0.115489E+01   0.769216E+01   0.146017E+00   0.773983E+01   0.773983E+01
   0.115963E+01   0.802118E+01   0.145877E+00   0.766860E+01   0.766860E+01
   0.116437E+01   0.814157E+01   0.145584E+00   0.759824E+01   0.759824E+01
   0.116912E+01   0.781688E+01   0.145175E+00   0.752873E+01   0.752873E+01
   0.117386E+01   0.774303E+01   0.144681E+00   0.746007E+01   0.746007E+01
   0.117860E+01   0.727053E+01   0.144345E+00   0.739225E+01   0.739225E+01
   0.118335E+01   0.722042E+01   0.144028E+00   0.732525E+01   0.732525E+01
   0.118809E+01   0.737085E+01   0.143679E+00   0.725907E+01   0.725907E+01
   0.119283E+01   0.741776E+01   0.143692E+00   0.719370E+01   0.719370E+01
   0.119757E+01   0.735339E+01   0.143440E+00   0.712913E+01   0.712913E+01
   0.120232E+01   0.735767E+01   0.143026E+00   0.706534E+01   0.706534E+01
   0.120706E+01   0.709135E+01   0.143446E+00   0.700232E+01   0.700232E+01
   0.121180E+01   0.723882E+01   0.148285E+00   0.694007E+01   0.694007E+01
   0.121654E+01   0.698562E+01   0.150834E+00   0.687856E+01   0.687856E+01
   0.122129E+01   0.683165E+01   0.152791E+00   0.681781E+01   0.681781E+01
   0.122603E+01   0.710662E+01   0.154984E+00   0.675778E+01   0.675778E+01
   0.123077E+01   0.703146E+01   0.156524E+00   0.669847E+01   0.669847E+01
   0.123552E+01   0.662945E+01   0.157884E+00   0.663989E+01   0.663989E+01
   0.124026E+01   0.660540E+01   0.159380E+00   0.658200E+01   0.658200E+01
   0.124500E+01   0.667518E+01   0.160499E+00   0.652479E+01   0.652479E+01
   0.124975E+01   0.630210E+01   0.161602E+00   0.646827E+01   0.646827E+01
   0.125449E+01   0.646565E+01   0.162932E+00   0.641241E+01   0.641241E+01
   0.125923E+01   0.665136E+01   0.163402E+00   0.635722E+01   0.635722E+01
   0.126397E+01   0.643232E+01   0.163473E+00   0.630267E+01   0.630267E+01
   0.126872E+01   0.626606E+01   0.164021E+00   0.624877E+01   0.624877E+01
   0.127346E+01   0.639491E+01   0.161445E+00   0.619548E+01   0.619548E+01
   0.127820E+01   0.626917E+01   0.155881E+00   0.614282E+01   0.614282E+01
   0.128295E+01   0.626815E+01   0.152305E+00   0.609076E+01   0.609076E+01
   0.128769E+01   0.637747E+01   0.150518E+00   0.603929E+01   0.603929E+01
   0.129243E+01   0.606626E+01   0.148585E+00   0.598842E+01   0.598842E+01
   0.129717E+01   0.593364E+01   0.146931E+00   0.593812E+01   0.593812E+01
   0.130192E+01   0.582075E+01   0.145262E+00   0.588840E+01   0.588840E+01
   0.130666E+01   0.588400E+01   0.144274E+00   0.583923E+01   0.583923E+01
   0.131140E+01   0.585093E+01   0.143205E+00   0.579060E+01   0.579060E+01
   0.131614E+01   0.597685E+01   0.142199E+00   0.574252E+01   0.574252E+01
   0.132089E+01   0.579611E+01   0.141505E+00   0.569496E+01   0.569496E+01
   0.132563E+01   0.584083E+01   0.140888E+00   0.564792E+01   0.564792E+01
   0.133037E+01   0.574477E+01   0.140425E+00   0.560139E+01   0.560139E+01
   0.133512E+01   0.543767E+01   0.139853E+00   0.555537E+01   0.555537E+01
   0.133986E+01   0.561980E+01   0.139933E+00   0.550984E+01   0.550984E+01
   0.134460E+01   0.550924E+01   0.139397E+00   0.546479E+01   0.546479E+01
   0.134935E+01   0.526023E+01   0.138996E+00   0.542021E+01   0.542021E+01
   0.135409E+01   0.530444E+01   0.138601E+00   0.537610E+01   0.537610E+01
   0.135883E+01   0.513834E+01   0.138061E+00   0.533244E+01   0.533244E+01
   0.136357E+01   0.517059E+01   0.137713E+00   0.528923E+01   0.528923E+01
   0.136832E+01   0.506191E+01   0.137562E+00   0.524646E+01   0.524646E+01
   0.137306E+01   0.524403E+01   0.137251E+00   0.520413E+01   0.520413E+01
   0.137780E+01   0.500550E+01   0.136936E+00   0.516221E+01   0.516221E+01
   0.138254E+01   0.484515E+01   0.136497E+00   0.512071E+01   0.512071E+01
   0.138729E+01   0.511072E+01   0.136477E+00   0.507961E+01   0.507961E+01
   0.139203E+01   0.512951E+01   0.136357E+00   0.503892E+01   0.503892E+01
   0.139677E+01   0.485916E+01   0.135624E+00   0.499861E+01   0.499861E+01
   0.140152E+01   0.499527E+01   0.135379E+00   0.495869E+01   0.495869E+01
   0.140626E+01   0.488892E+01   0.135111E+00   0.491914E+01   0.491914E+01
   0.141100E+01   0.483168E+01   0.134747E+00   0.487997E+01   0.487997E+01
   0.141575E+01   0.472427E+01   0.134640E+00   0.484116E+01   0.484116E+01
   0.142049E+01   0.470536E+01   0.134325E+00   0.480269E+01   0.480269E+01
   0.142523E+01   0.477060E+01   0.133890E+00   0.476458E+01   0.476458E+01
   0.142997E+01   0.470597E+01   0.133773E+00   0.472680E+01   0.472680E+01
   0.143472E+01   0.474795E+01   0.133465E+00   0.468936E+01   0.468936E+01
   0.143946E+01   0.449636E+01   0.133172E+00   0.465225E+01   0.465225E+01
   0.144420E+01   0.460197E+01   0.132873E+00   0.461547E+01   0.461547E+01
   0.144894E+01   0.470459E+01   0.132823E+00   0.457899E+01   0.457899E+01
   0.145369E+01   0.456201E+01   0.132492E+00   0.454282E+01   0.454282E+01
   0.145843E+01   0.465969E+01   0.132155E+00   0.450695E+01   0.450695E+01
   0.146317E+01   0.442065E+01   0.131988E+00   0.447138E+01   0.447138E+01
   0.146792E+01   0.441707E+01   0.131713E+00   0.443610E+01   0.443610E+01
   0.147266E+01   0.427011E+01   0.131371E+00   0.440110E+01   0.440110E+01
   0.147740E+01   0.439082E+01   0.130991E+00   0.436640E+01   0.436640E+01
   0.148215E+01   0.422248E+01   0.130897E+00   0.433196E+01   0.433196E+01
   0.148689E+01   0.442629E+01   0.130779E+00   0.429779E+01   0.429779E+01
   0.149163E+01   0.437274E+01   0.130521E+00   0.426388E+01   0.426388E+01
   0.149637E+01   0.409108E+01   0.130030E+00   0.423023E+01   0.423023E+01
   0.150112E+01   0.394426E+01   0.130211E+00   0.419684E+01   0.419684E+01
   0.150586E+01   0.408736E+01   0.132837E+00   0.416370E+01   0.416370E+01
   0.151060E+01   0.401358E+01   0.136324E+00   0.413080E+01   0.413080E+01
   0.151534E+01   0.408594E+01   0.138420E+00   0.409815E+01   0.409815E+01
   0.152009E+01   0.406574E+01   0.140084E+00   0.406573E+01   0.406573E+01
   0.152483E+01   0.394569E+01   0.141489E+00   0.403354E+01   0.403354E+01
   0.152957E+01   0.401894E+01   0.142742E+00   0.400159E+01   0.400159E+01
   0.153432E+01   0.385964E+01   0.139178E+00   0.396985E+01   0.396985E+01
   0.153906E+01   0.361764E+01   0.136676E+00   0.393834E+01   0.393834E+01
   0.154380E+01   0.378967E+01   0.135009E+00   0.390705E+01   0.390705E+01
   0.154855E+01   0.383406E+01   0.133651E+00   0.387597E+01   0.387597E+01
   0.155329E+01   0.373915E+01   0.132470E+00   0.384511E+01   0.384511E+01
   0.155803E+01   0.368475E+01   0.131278E+00   0.381444E+01   0.381444E+01
   0.156277E+01   0.356184E+01   0.130021E+00   0.378399E+01   0.378399E+01
   0.156752E+01   0.358944E+01   0.128678E+00   0.375373E+01   0.375373E+01
   0.157226E+01   0.366603E+01   0.127814E+00   0.372368E+01   0.372368E+01
   0.157700E+01   0.368904E+01   0.127195E+00   0.369382E+01   0.369382E+01
   0.158175E+01   0.365923E+01   0.126789E+00   0.366415E+01   0.366415E+01
   0.158649E+01   0.354688E+01   0.126742E+00   0.363469E+01   0.363469E+01
   0.159123E+01   0.350338E+01   0.127125E+00   0.360540E+01   0.360540E+01
   0.159597E+01   0.365656E+01   0.127115E+00   0.357630E+01   0.357630E+01
   0.160072E+01   0.363841E+01   0.127217E+00   0.354739E+01   0.354739E+01
   0.160546E+01   0.355958E+01   0.126915E+00   0.351866E+01   0.351866E+01
   0.161020E+01   0.358771E+01   0.126641E+00   0.349011E+01   0.349011E+01
   0.161495E+01   0.344534E+01   0.126362E+00   0.346173E+01   0.346173E+01
   0.161969E+01   0.330343E+01   0.126257E+00   0.343354E+01   0.343354E+01
   0.162443E+01   0.331324E+01   0.126095E+00   0.340553E+01   0.340553E+01
   0.162917E+01   0.343044E+01   0.125950E+00   0.337768E+01   0.337768E+01
   0.163392E+01   0.340174E+01   0.125589E+00   0.335001E+01   0.335001E+01
   0.163866E+01   0.322793E+01   0.125192E+00   0.332251E+01   0.332251E+01
   0.164340E+01   0.323276E+01   0.125067E+00   0.329518E+01   0.329518E+01
   0.164815E+01   0.320718E+01   0.124947E+00   0.326801E+01   0.326801E+01
   0.165289E+01   0.311138E+01   0.124505E+00   0.324102E+01   0.324102E+01
   0.165763E+01   0.323600E+01   0.124566E+00   0.321420E+01   0.321420E+01
   0.166237E+01   0.317783E+01   0.124274E+00   0.318754E+01   0.318754E+01
   0.166712E+01   0.287187E+01   0.123812E+00   0.316104E+01   0.316104E+01
   0.167186E+01   0.281661E+01   0.123591E+00   0.313471E+01   0.313471E+01
   0.167660E+01   0.304297E+01   0.123596E+00   0.310855E+01   0.310855E+01
   0.168135E+01   0.304304E+01   0.123349E+00   0.308254E+01   0.308254E+01
   0.168609E+01   0.306843E+01   0.123257E+00   0.305671E+01   0.305671E+01
   0.169083E+01   0.282600E+01   0.123025E+00   0.303103E+01   0.303103E+01
   0.169557E+01   0.298481E+01   0.122810E+00   0.300552E+01   0.300552E+01
   0.170032E+01   0.295950E+01   0.122476E+00   0.298017E+01   0.298017E+01
   0.170506E+01   0.282432E+01   0.122386E+00   0.295498E+01   0.295498E+01
   0.170980E+01   0.291274E+01   0.122207E+00   0.292995E+01   0.292995E+01
   0.171455E+01   0.284196E+01   0.121970E+00   0.290509E+01   0.290509E+01
   0.171929E+01   0.297261E+01   0.121828E+00   0.288039E+01   0.288039E+01
   0.172403E+01   0.283594E+01   0.121617E+00   0.285585E+01   0.285585E+01
   0.172877E+01   0.273764E+01   0.121328E+00   0.283147E+01   0.283147E+01
   0.173352E+01   0.275287E+01   0.121184E+00   0.280726E+01   0.280726E+01
   0.173826E+01   0.259908E+01   0.120755E+00   0.278320E+01   0.278320E+01
   0.174300E+01   0.266755E+01   0.120700E+00   0.275931E+01   0.275931E+01
   0.174775E+01   0.260768E+01   0.120643E+00   0.273559E+01   0.273559E+01
   0.175249E+01   0.267037E+01   0.120255E+00   0.271202E+01   0.271202E+01
   0.175723E+01   0.263096E+01   0.120190E+00   0.268862E+01   0.268862E+01
   0.176197E+01   0.264475E+01   0.120142E+00   0.266539E+01   0.266539E+01
   0.176672E+01   0.255101E+01   0.119903E+00   0.264232E+01   0.264232E+01
   0.177146E+01   0.254299E+01   0.119814E+00   0.261941E+01   0.261941E+01
   0.177620E+01   0.252202E+01   0.119642E+00   0.259667E+01   0.259667E+01
   0.178095E+01   0.245712E+01   0.119427E+00   0.257410E+01   0.257410E+01
   0.178569E+01   0.245797E+01   0.119154E+00   0.255169E+01   0.255169E+01
   0.179043E+01   0.240700E+01   0.119093E+00   0.252945E+01   0.252945E+01
   0.179517E+01   0.248664E+01   0.119039E+00   0.250739E+01   0.250739E+01
   0.179992E+01   0.238960E+01   0.118869E+00   0.248549E+01   0.248549E+01
   0.180466E+01   0.240146E+01   0.118438E+00   0.246375E+01   0.246375E+01
   0.180940E+01   0.245543E+01   0.118323E+00   0.244219E+01   0.244219E+01
   0.181415E+01   0.243612E+01   0.118344E+00   0.242080E+01   0.242080E+01
   0.181889E+01   0.238038E+01   0.117909E+00   0.239958E+01   0.239958E+01
   0.182363E+01   0.233225E+01   0.117922E+00   0.237853E+01   0.237853E+01
   0.182838E+01   0.229141E+01   0.117715E+00   0.235765E+01   0.235765E+01
   0.183312E+01   0.223230E+01   0.117467E+00   0.233696E+01   0.233696E+01
   0.183786E+01   0.240083E+01   0.117396E+00   0.231643E+01   0.231643E+01
   0.184260E+01   0.240991E+01   0.117123E+00   0.229608E+01   0.229608E+01
   0.184735E+01   0.226815E+01   0.116770E+00   0.227590E+01   0.227590E+01
   0.185209E+01   0.218347E+01   0.116881E+00   0.225590E+01   0.225590E+01
   0.185683E+01   0.225144E+01   0.116679E+00   0.223607E+01   0.223607E+01
   0.186157E+01   0.221555E+01   0.116497E+00   0.221643E+01   0.221643E+01
   0.186632E+01   0.201482E+01   0.116153E+00   0.219697E+01   0.219697E+01
   0.187106E+01   0.199713E+01   0.116010E+00   0.217768E+01   0.217768E+01
   0.187580E+01   0.210323E+01   0.116066E+00   0.215857E+01   0.215857E+01
   0.188055E+01   0.217660E+01   0.115811E+00   0.213964E+01   0.213964E+01
   0.188529E+01   0.212103E+01   0.115601E+00   0.212089E+01   0.212089E+01
   0.189003E+01   0.208708E+01   0.115520E+00   0.210233E+01   0.210233E+01
   0.189478E+01   0.213421E+01   0.115299E+00   0.208395E+01   0.208395E+01
   0.189952E+01   0.204225E+01   0.115253E+00   0.206575E+01   0.206575E+01
   0.190426E+01   0.193852E+01   0.115061E+00   0.204773E+01   0.204773E+01
   0.190900E+01   0.199715E+01   0.114984E+00   0.202990E+01   0.202990E+01
   0.191375E+01   0.218871E+01   0.115036E+00   0.201225E+01   0.201225E+01
   0.191849E+01   0.190639E+01   0.114569E+00   0.199479E+01   0.199479E+01
   0.192323E+01   0.197473E+01   0.114284E+00   0.197751E+01   0.197751E+01
   0.192797E+01   0.205624E+01   0.114347E+00   0.196042E+01   0.196042E+01
   0.193272E+01   0.203552E+01   0.114109E+00   0.194351E+01   0.194351E+01
   0.193746E+01   0.195680E+01   0.113756E+00   0.192679E+01   0.192679E+01
   0.194220E+01   0.194655E+01   0.113426E+00   0.191026E+01   0.191026E+01
   0.194695E+01   0.196432E+01   0.113104E+00   0.189392E+01   0.189392E+01
   0.195169E+01   0.204018E+01   0.112796E+00   0.187776E+01   0.187776E+01
   0.195643E+01   0.185626E+01   0.112666E+00   0.186179E+01   0.186179E+01
   0.196117E+01   0.184571E+01   0.112479E+00   0.184600E+01   0.184600E+01
   0.196592E+01   0.183903E+01   0.112386E+00   0.183041E+01   0.183041E+01
   0.197066E+01   0.177927E+01   0.112410E+00   0.181500E+01   0.181500E+01
   0.197540E+01   0.192386E+01   0.112400E+00   0.179979E+01   0.179979E+01
   0.198015E+01   0.188271E+01   0.112215E+00   0.178475E+01   0.178475E+01
   0.198489E+01   0.167246E+01   0.112175E+00   0.176991E+01   0.176991E+01
   0.198963E+01   0.170640E+01   0.112280E+00   0.175526E+01   0.175526E+01
   0.199438E+01   0.175084E+01   0.112384E+00   0.174079E+01   0.174079E+01
   0.199912E+01   0.159468E+01   0.112168E+00   0.172651E+01   0.172651E+01
   0.200386E+01   0.168413E+01   0.111998E+00   0.171242E+01   0.171242E+01
   0.200860E+01   0.182908E+01   0.111903E+00   0.169852E+01   0.169852E+01
   0.201335E+01   0.170718E+01   0.113046E+00   0.168480E+01   0.168480E+01
   0.201809E+01   0.182311E+01   0.116186E+00   0.167127E+01   0.167127E+01
   0.202283E+01   0.175696E+01   0.118035E+00   0.165793E+01   0.165793E+01
   0.202758E+01   0.175081E+01   0.119432E+00   0.164477E+01   0.164477E+01
   0.203232E+01   0.167931E+01   0.120449E+00   0.163180E+01   0.163180E+01
   0.203706E+01   0.142869E+01   0.121510E+00   0.161902E+01   0.161902E+01
   0.204180E+01   0.159640E+01   0.122593E+00   0.160642E+01   0.160642E+01
   0.204655E+01   0.166094E+01   0.123138E+00   0.159400E+01   0.159400E+01
   0.205129E+01   0.158063E+01   0.123417E+00   0.158177E+01   0.158177E+01
   0.205603E+01   0.161112E+01   0.123780E+00   0.156972E+01   0.156972E+01
   0.206078E+01   0.154043E+01   0.124165E+00   0.155785E+01   0.155785E+01
   0.206552E+01   0.143724E+01   0.124446E+00   0.154616E+01   0.154616E+01
   0.207026E+01   0.143930E+01   0.124690E+00   0.153466E+01   0.153466E+01
   0.207500E+01   0.149168E+01   0.124741E+00   0.152333E+01   0.152333E+01
   0.207975E+01   0.155587E+01   0.122193E+00   0.151219E+01   0.151219E+01
   0.208449E+01   0.141794E+01   0.119352E+00   0.150122E+01   0.150122E+01
   0.208923E+01   0.147957E+01   0.117318E+00   0.149042E+01   0.149042E+01
   0.209397E+01   0.165529E+01   0.116170E+00   0.147981E+01   0.147981E+01
   0.209872E+01   0.158595E+01   0.114965E+00   0.146936E+01   0.146936E+01
   0.210346E+01   0.154570E+01   0.114133E+00   0.145910E+01   0.145910E+01
   0.210820E+01   0.159773E+01   0.113483E+00   0.144900E+01   0.144900E+01
   0.211295E+01   0.140335E+01   0.112890E+00   0.143908E+01   0.143908E+01
   0.211769E+01   0.149890E+01   0.112654E+00   0.142932E+01   0.142932E+01
   0.212243E+01   0.139097E+01   0.112380E+00   0.141974E+01   0.141974E+01
   0.212717E+01   0.139064E+01   0.112044E+00   0.141032E+01   0.141032E+01
   0.213192E+01   0.139045E+01   0.111780E+00   0.140107E+01   0.140107E+01
   0.213666E+01   0.132914E+01   0.111567E+00   0.139198E+01   0.139198E+01
   0.214140E+01   0.140255E+01   0.111515E+00   0.138306E+01   0.138306E+01
   0.214615E+01   0.134416E+01   0.111119E+00   0.137430E+01   0.137430E+01
   0.215089E+01   0.136075E+01   0.111086E+00   0.136570E+01   0.136570E+01
   0.215563E+01   0.143267E+01   0.110823E+00   0.135726E+01   0.135726E+01
   0.216038E+01   0.143904E+01   0.110541E+00   0.134897E+01   0.134897E+01
   0.216512E+01   0.139552E+01   0.110426E+00   0.134084E+01   0.134084E+01
   0.216986E+01   0.142486E+01   0.110274E+00   0.133287E+01   0.133287E+01
   0.217460E+01   0.131503E+01   0.110115E+00   0.132504E+01   0.132504E+01
   0.217935E+01   0.126993E+01   0.109953E+00   0.131737E+01   0.131737E+01
   0.218409E+01   0.132601E+01   0.109778E+00   0.130985E+01   0.130985E+01
   0.218883E+01   0.139957E+01   0.109599E+00   0.130247E+01   0.130247E+01
   0.219358E+01   0.122608E+01   0.109225E+00   0.129524E+01   0.129524E+01
   0.219832E+01   0.149103E+01   0.109305E+00   0.128815E+01   0.128815E+01
   0.220306E+01   0.143607E+01   0.109034E+00   0.128120E+01   0.128120E+01
   0.220780E+01   0.117528E+01   0.108823E+00   0.127439E+01   0.127439E+01
   0.221255E+01   0.135460E+01   0.108631E+00   0.126772E+01   0.126772E+01
   0.221729E+01   0.123096E+01   0.108409E+00   0.126119E+01   0.126119E+01
   0.222203E+01   0.126385E+01   0.108298E+00   0.125479E+01   0.125479E+01
   0.222677E+01   0.126038E+01   0.108222E+00   0.124852E+01   0.124852E+01
   0.223152E+01   0.115076E+01   0.108010E+00   0.124238E+01   0.124238E+01
   0.223626E+01   0.130127E+01   0.107916E+00   0.123637E+01   0.123637E+01
   0.224100E+01   0.132711E+01   0.107867E+00   0.123048E+01   0.123048E+01
   0.224575E+01   0.129063E+01   0.107691E+00   0.122472E+01   0.122472E+01
   0.225049E+01   0.120517E+01   0.107440E+00   0.121908E+01   0.121908E+01
   0.225523E+01   0.117556E+01   0.107441E+00   0.121356E+01   0.121356E+01
   0.225997E+01   0.124625E+01   0.107412E+00   0.120815E+01   0.120815E+01
   0.226472E+01   0.131113E+01   0.107092E+00   0.120286E+01   0.120286E+01
   0.226946E+01   0.124474E+01   0.106988E+00   0.119768E+01   0.119768E+01
   0.227420E+01   0.125838E+01   0.106878E+00   0.119261E+01   0.119261E+01
   0.227895E+01   0.128747E+01   0.106779E+00   0.118765E+01   0.118765E+01
   0.228369E+01   0.137839E+01   0.106647E+00   0.118280E+01   0.118280E+01
   0.228843E+01   0.112523E+01   0.106298E+00   0.117805E+01   0.117805E+01
   0.229318E+01   0.112490E+01   0.106362E+00   0.117340E+01   0.117340E+01
   0.229792E+01   0.109421E+01   0.106125E+00   0.116885E+01   0.116885E+01
   0.230266E+01   0.114006E+01   0.106014E+00   0.116440E+01   0.116440E+01
   0.230740E+01   0.123507E+01   0.105865E+00   0.116005E+01   0.116005E+01
   0.231215E+01   0.127031E+01   0.105793E+00   0.115578E+01   0.115578E+01
   0.231689E+01   0.116079E+01   0.105632E+00   0.115161E+01   0.115161E+01
   0.232163E+01   0.120539E+01   0.105567E+00   0.114753E+01   0.114753E+01
   0.232638E+01   0.105371E+01   0.105375E+00   0.114353E+01   0.114353E+01
   0.233112E+01   0.126469E+01   0.105388E+00   0.113962E+01   0.113962E+01
   0.233586E+01   0.118004E+01   0.105271E+00   0.113578E+01   0.113578E+01
   0.234060E+01   0.102027E+01   0.105009E+00   0.113203E+01   0.113203E+01
   0.234535E+01   0.103090E+01   0.104925E+00   0.112835E+01   0.112835E+01
   0.235009E+01   0.991325E+00   0.104737E+00   0.112475E+01   0.112475E+01
   0.235483E+01   0.113781E+01   0.104618E+00   0.112122E+01   0.112122E+01
   0.235957E+01   0.109469E+01   0.104752E+00   0.111776E+01   0.111776E+01
   0.236432E+01   0.936218E+00   0.104381E+00   0.111437E+01   0.111437E+01
   0.236906E+01   0.105569E+01   0.104298E+00   0.111105E+01   0.111105E+01
   0.237380E+01   0.107080E+01   0.104268E+00   0.110779E+01   0.110779E+01
   0.237855E+01   0.107475E+01   0.104122E+00   0.110459E+01   0.110459E+01
   0.238329E+01   0.106944E+01   0.103968E+00   0.110145E+01   0.110145E+01
   0.238803E+01   0.112375E+01   0.103875E+00   0.109837E+01   0.109837E+01
   0.239277E+01   0.113657E+01   0.103726E+00   0.109535E+01   0.109535E+01
   0.239752E+01   0.106906E+01   0.103731E+00   0.109238E+01   0.109238E+01
   0.240226E+01   0.114727E+01   0.103562E+00   0.108945E+01   0.108945E+01
   0.240700E+01   0.983785E+00   0.103298E+00   0.108658E+01   0.108658E+01
   0.241175E+01   0.960148E+00   0.103260E+00   0.108376E+01   0.108376E+01
   0.241649E+01   0.108356E+01   0.103183E+00   0.108098E+01   0.108098E+01
   0.242123E+01   0.118648E+01   0.103033E+00   0.107824E+01   0.107824E+01
   0.242598E+01   0.937029E+00   0.102937E+00   0.107554E+01   0.107554E+01
   0.243072E+01   0.103475E+01   0.102861E+00   0.107289E+01   0.107289E+01
   0.243546E+01   0.108809E+01   0.102826E+00   0.107027E+01   0.107027E+01
   0.244020E+01   0.942716E+00   0.102660E+00   0.106769E+01   0.106769E+01
   0.244495E+01   0.947135E+00   0.102449E+00   0.106513E+01   0.106513E+01
   0.244969E+01   0.924202E+00   0.102298E+00   0.106262E+01   0.106262E+01
   0.245443E+01   0.114288E+01   0.102418E+00   0.106013E+01   0.106013E+01
   0.245918E+01   0.117530E+01   0.102380E+00   0.105766E+01   0.105766E+01
   0.246392E+01   0.115283E+01   0.102284E+00   0.105523E+01   0.105523E+01
   0.246866E+01   0.105782E+01   0.102021E+00   0.105282E+01   0.105282E+01
   0.247340E+01   0.101352E+01   0.101886E+00   0.105043E+01   0.105043E+01
   0.247815E+01   0.980853E+00   0.101805E+00   0.104806E+01   0.104806E+01
   0.248289E+01   0.102693E+01   0.101875E+00   0.104571E+01   0.104571E+01
   0.248763E+01   0.111134E+01   0.101671E+00   0.104338E+01   0.104338E+01
   0.249238E+01   0.102348E+01   0.101556E+00   0.104107E+01   0.104107E+01
   0.249712E+01   0.884567E+00   0.101374E+00   0.103877E+01   0.103877E+01
   0.250186E+01   0.951131E+00   0.101181E+00   0.103648E+01   0.103648E+01
   0.250660E+01   0.933167E+00   0.101208E+00   0.103421E+01   0.103421E+01
   0.251135E+01   0.104456E+01   0.101216E+00   0.103194E+01   0.103194E+01
   0.251609E+01   0.105220E+01   0.101033E+00   0.102969E+01   0.102969E+01
   0.252083E+01   0.105653E+01   0.100785E+00   0.102744E+01   0.102744E+01
   0.252558E+01   0.899874E+00   0.100351E+00   0.102519E+01   0.102519E+01
   0.253032E+01   0.994844E+00   0.100205E+00   0.102295E+01   0.102295E+01
   0.253506E+01   0.882135E+00   0.100059E+00   0.102072E+01   0.102072E+01
   0.253980E+01   0.872643E+00   0.100147E+00   0.101849E+01   0.101849E+01
   0.254455E+01   0.936986E+00   0.100160E+00   0.101625E+01   0.101625E+01
   0.254929E+01   0.967913E+00   0.998595E-01   0.101402E+01   0.101402E+01
   0.255403E+01   0.904489E+00   0.998758E-01   0.101178E+01   0.101178E+01
   0.255878E+01   0.951288E+00   0.996805E-01   0.100955E+01   0.100955E+01
   0.256352E+01   0.951270E+00   0.995739E-01   0.100731E+01   0.100731E+01
   0.256826E+01   0.907545E+00   0.995897E-01   0.100506E+01   0.100506E+01
   0.257300E+01   0.113999E+01   0.997379E-01   0.100281E+01   0.100281E+01
   0.257775E+01   0.101932E+01   0.996167E-01   0.100055E+01   0.100055E+01
   0.258249E+01   0.846401E+00   0.995220E-01   0.998286E+00   0.998286E+00
   0.258723E+01   0.834307E+00   0.994924E-01   0.996012E+00   0.996012E+00
   0.259198E+01   0.101973E+01   0.994082E-01   0.993729E+00   0.993729E+00
   0.259672E+01   0.948206E+00   0.992464E-01   0.991435E+00   0.991435E+00
   0.260146E+01   0.879904E+00   0.991992E-01   0.989131E+00   0.989131E+00
   0.260620E+01   0.865549E+00   0.991217E-01   0.986815E+00   0.986815E+00
   0.261095E+01   0.844397E+00   0.990181E-01   0.984487E+00   0.984487E+00
   0.261569E+01   0.893009E+00   0.990031E-01   0.982147E+00   0.982147E+00
   0.262043E+01   0.923143E+00   0.989202E-01   0.979792E+00   0.979792E+00
   0.262518E+01   0.885893E+00   0.987266E-01   0.977424E+00   0.977424E+00
   0.262992E+01   0.884934E+00   0.986461E-01   0.975040E+00   0.975040E+00
   0.263466E+01   0.870206E+00   0.985551E-01   0.972642E+00   0.972642E+00
   0.263940E+01   0.951047E+00   0.985733E-01   0.970228E+00   0.970228E+00
   0.264415E+01   0.102302E+01   0.984547E-01   0.967798E+00   0.967798E+00
   0.264889E+01   0.962879E+00   0.983011E-01   0.965352E+00   0.965352E+00
   0.265363E+01   0.921731E+00   0.982659E-01   0.962888E+00   0.962888E+00
   0.265838E+01   0.854512E+00   0.980855E-01   0.960408E+00   0.960408E+00
   0.266312E+01   0.862733E+00   0.980011E-01   0.957910E+00   0.957910E+00
   0.266786E+01   0.828582E+00   0.979191E-01   0.955395E+00   0.955395E+00
   0.267260E+01   0.738236E+00   0.977913E-01   0.952861E+00   0.952861E+00
   0.267735E+01   0.827612E+00   0.977265E-01   0.950310E+00   0.950310E+00
   0.268209E+01   0.831382E+00   0.977610E-01   0.947741E+00   0.947741E+00
   0.268683E+01   0.906378E+00   0.976427E-01   0.945153E+00   0.945153E+00
   0.269158E+01   0.992484E+00   0.974579E-01   0.942546E+00   0.942546E+00
   0.269632E+01   0.100922E+01   0.974713E-01   0.939922E+00   0.939922E+00
   0.270106E+01   0.109239E+01   0.973993E-01   0.937278E+00   0.937278E+00
   0.270580E+01   0.999633E+00   0.973250E-01   0.934616E+00   0.934616E+00
   0.271055E+01   0.887559E+00   0.971244E-01   0.931937E+00   0.931937E+00
   0.271529E+01   0.955947E+00   0.969969E-01   0.929238E+00   0.929238E+00
   0.272003E+01   0.103663E+01   0.970118E-01   0.926520E+00   0.926520E+00
   0.272478E+01   0.928914E+00   0.970289E-01   0.923786E+00   0.923786E+00
   0.272952E+01   0.870645E+00   0.968617E-01   0.921033E+00   0.921033E+00
   0.273426E+01   0.920976E+00   0.968280E-01   0.918262E+00   0.918262E+00
   0.273901E+01   0.971205E+00   0.966544E-01   0.915473E+00   0.915473E+00
   0.274375E+01   0.830162E+00   0.964848E-01   0.912668E+00   0.912668E+00
   0.274849E+01   0.991251E+00   0.965763E-01   0.909845E+00   0.909845E+00
   0.275323E+01   0.840645E+00   0.964087E-01   0.907005E+00   0.907005E+00
   0.275798E+01   0.905370E+00   0.963106E-01   0.904149E+00   0.904149E+00
   0.276272E+01   0.820542E+00   0.962387E-01   0.901277E+00   0.901277E+00
   0.276746E+01   0.886738E+00   0.961298E-01   0.898388E+00   0.898388E+00
   0.277221E+01   0.971258E+00   0.960233E-01   0.895485E+00   0.895485E+00
   0.277695E+01   0.912527E+00   0.958421E-01   0.892566E+00   0.892566E+00
   0.278169E+01   0.844876E+00   0.958508E-01   0.889634E+00   0.889634E+00
   0.278643E+01   0.871917E+00   0.959614E-01   0.886686E+00   0.886686E+00
   0.279118E+01   0.758915E+00   0.957026E-01   0.883725E+00   0.883725E+00
   0.279592E+01   0.755889E+00   0.955771E-01   0.880751E+00   0.880751E+00
   0.280066E+01   0.910277E+00   0.956598E-01   0.877764E+00   0.877764E+00
   0.280540E+01   0.771180E+00   0.954815E-01   0.874765E+00   0.874765E+00
   0.281015E+01   0.768380E+00   0.954743E-01   0.871755E+00   0.871755E+00
   0.281489E+01   0.901985E+00   0.956798E-01   0.868734E+00   0.868734E+00
   0.281963E+01   0.894675E+00   0.974370E-01   0.865702E+00   0.865702E+00
   0.282438E+01   0.912529E+00   0.993458E-01   0.862660E+00   0.862660E+00
   0.282912E+01   0.825954E+00   0.100424E+00   0.859608E+00   0.859608E+00
   0.283386E+01   0.875405E+00   0.101612E+00   0.856550E+00   0.856550E+00
   0.283860E+01   0.802997E+00   0.102303E+00   0.853480E+00   0.853480E+00
   0.284335E+01   0.723873E+00   0.102674E+00   0.850405E+00   0.850405E+00
   0.284809E+01   0.845330E+00   0.102946E+00   0.847323E+00   0.847323E+00
   0.285283E+01   0.931161E+00   0.103423E+00   0.844235E+00   0.844235E+00
   0.285758E+01   0.971822E+00   0.103798E+00   0.841141E+00   0.841141E+00
   0.286232E+01   0.726128E+00   0.103947E+00   0.838043E+00   0.838043E+00
   0.286706E+01   0.830478E+00   0.104228E+00   0.834940E+00   0.834940E+00
   0.287181E+01   0.728137E+00   0.104379E+00   0.831834E+00   0.831834E+00
   0.287655E+01   0.815562E+00   0.104491E+00   0.828726E+00   0.828726E+00
   0.288129E+01   0.894269E+00   0.104394E+00   0.825615E+00   0.825615E+00
   0.288603E+01   0.101860E+01   0.101746E+00   0.822503E+00   0.822503E+00
   0.289078E+01   0.874164E+00   0.999805E-01   0.819391E+00   0.819391E+00
   0.289552E+01   0.838952E+00   0.988729E-01   0.816278E+00   0.816278E+00
   0.290026E+01   0.838154E+00   0.979335E-01   0.813167E+00   0.813167E+00
   0.290501E+01   0.877143E+00   0.974766E-01   0.810056E+00   0.810056E+00
   0.290975E+01   0.815867E+00   0.969756E-01   0.806949E+00   0.806949E+00
   0.291449E+01   0.759522E+00   0.968994E-01   0.803844E+00   0.803844E+00
   0.291923E+01   0.851634E+00   0.966767E-01   0.800743E+00   0.800743E+00
   0.292398E+01   0.856604E+00   0.964856E-01   0.797647E+00   0.797647E+00
   0.292872E+01   0.886148E+00   0.963056E-01   0.794555E+00   0.794555E+00
   0.293346E+01   0.820209E+00   0.961052E-01   0.791470E+00   0.791470E+00
   0.293820E+01   0.825388E+00   0.959192E-01   0.788391E+00   0.788391E+00
   0.294295E+01   0.891063E+00   0.956500E-01   0.785319E+00   0.785319E+00
   0.294769E+01   0.943566E+00   0.956974E-01   0.782256E+00   0.782256E+00
   0.295243E+01   0.957636E+00   0.954999E-01   0.779200E+00   0.779200E+00
   0.295718E+01   0.982431E+00   0.954550E-01   0.776155E+00   0.776155E+00
   0.296192E+01   0.972264E+00   0.953039E-01   0.773119E+00   0.773119E+00
   0.296666E+01   0.843083E+00   0.950163E-01   0.770095E+00   0.770095E+00
   0.297140E+01   0.846222E+00   0.949555E-01   0.767081E+00   0.767081E+00
   0.297615E+01   0.848423E+00   0.948738E-01   0.764080E+00   0.764080E+00
   0.298089E+01   0.908899E+00   0.946884E-01   0.761091E+00   0.761091E+00
   0.298563E+01   0.906084E+00   0.946598E-01   0.758116E+00   0.758116E+00
   0.299038E+01   0.830338E+00   0.944995E-01   0.755156E+00   0.755156E+00
   0.299512E+01   0.812840E+00   0.943768E-01   0.752209E+00   0.752209E+00
   0.299986E+01   0.813858E+00   0.942367E-01   0.749278E+00   0.749278E+00

           ####      Real Space Data                               ####

           Distance distribution  function of particle  


      R          P(R)      ERROR

  0.0000E+00  0.0000E+00  0.0000E+00
  0.3265E-01  0.1805E-01  0.2773E-03
  0.6529E-01  0.3620E-01  0.5221E-03
  0.9794E-01  0.5447E-01  0.7348E-03
  0.1306E+00  0.7285E-01  0.9159E-03
  0.1632E+00  0.9133E-01  0.1066E-02
  0.1959E+00  0.1099E+00  0.1186E-02
  0.2285E+00  0.1286E+00  0.1278E-02
  0.2612E+00  0.1474E+00  0.1341E-02
  0.2938E+00  0.1663E+00  0.1378E-02
  0.3265E+00  0.1852E+00  0.1391E-02
  0.3591E+00  0.2043E+00  0.1381E-02
  0.3917E+00  0.2234E+00  0.1350E-02
  0.4244E+00  0.2426E+00  0.1302E-02
  0.4570E+00  0.2618E+00  0.1237E-02
  0.4897E+00  0.2811E+00  0.1160E-02
  0.5223E+00  0.3004E+00  0.1074E-02
  0.5550E+00  0.3198E+00  0.9849E-03
  0.5876E+00  0.3392E+00  0.8978E-03
  0.6203E+00  0.3585E+00  0.8207E-03
  0.6529E+00  0.3779E+00  0.7631E-03
  0.6856E+00  0.3973E+00  0.7348E-03
  0.7182E+00  0.4166E+00  0.7426E-03
  0.7508E+00  0.4359E+00  0.7871E-03
  0.7835E+00  0.4551E+00  0.8624E-03
  0.8161E+00  0.4742E+00  0.9601E-03
  0.8488E+00  0.4932E+00  0.1072E-02
  0.8814E+00  0.5121E+00  0.1191E-02
  0.9141E+00  0.5309E+00  0.1311E-02
  0.9467E+00  0.5495E+00  0.1430E-02
  0.9794E+00  0.5680E+00  0.1544E-02
  0.1012E+01  0.5862E+00  0.1650E-02
  0.1045E+01  0.6042E+00  0.1748E-02
  0.1077E+01  0.6220E+00  0.1834E-02
  0.1110E+01  0.6396E+00  0.1909E-02
  0.1143E+01  0.6568E+00  0.1971E-02
  0.1175E+01  0.6737E+00  0.2019E-02
  0.1208E+01  0.6903E+00  0.2055E-02
  0.1241E+01  0.7066E+00  0.2076E-02
  0.1273E+01  0.7225E+00  0.2084E-02
  0.1306E+01  0.7380E+00  0.2079E-02
  0.1338E+01  0.7530E+00  0.2061E-02
  0.1371E+01  0.7676E+00  0.2031E-02
  0.1404E+01  0.7818E+00  0.1991E-02
  0.1436E+01  0.7955E+00  0.1942E-02
  0.1469E+01  0.8086E+00  0.1885E-02
  0.1502E+01  0.8213E+00  0.1822E-02
  0.1534E+01  0.8333E+00  0.1756E-02
  0.1567E+01  0.8448E+00  0.1689E-02
  0.1600E+01  0.8558E+00  0.1624E-02
  0.1632E+01  0.8661E+00  0.1565E-02
  0.1665E+01  0.8758E+00  0.1515E-02
  0.1698E+01  0.8848E+00  0.1476E-02
  0.1730E+01  0.8933E+00  0.1452E-02
  0.1763E+01  0.9010E+00  0.1445E-02
  0.1796E+01  0.9081E+00  0.1456E-02
  0.1828E+01  0.9145E+00  0.1484E-02
  0.1861E+01  0.9202E+00  0.1528E-02
  0.1893E+01  0.9253E+00  0.1585E-02
  0.1926E+01  0.9296E+00  0.1652E-02
  0.1959E+01  0.9332E+00  0.1727E-02
  0.1991E+01  0.9361E+00  0.1807E-02
  0.2024E+01  0.9384E+00  0.1888E-02
  0.2057E+01  0.9399E+00  0.1968E-02
  0.2089E+01  0.9408E+00  0.2046E-02
  0.2122E+01  0.9409E+00  0.2119E-02
  0.2155E+01  0.9404E+00  0.2186E-02
  0.2187E+01  0.9392E+00  0.2245E-02
  0.2220E+01  0.9374E+00  0.2297E-02
  0.2253E+01  0.9349E+00  0.2340E-02
  0.2285E+01  0.9318E+00  0.2374E-02
  0.2318E+01  0.9280E+00  0.2399E-02
  0.2350E+01  0.9237E+00  0.2415E-02
  0.2383E+01  0.9188E+00  0.2423E-02
  0.2416E+01  0.9134E+00  0.2424E-02
  0.2448E+01  0.9075E+00  0.2417E-02
  0.2481E+01  0.9010E+00  0.2405E-02
  0.2514E+01  0.8940E+00  0.2389E-02
  0.2546E+01  0.8866E+00  0.2370E-02
  0.2579E+01  0.8788E+00  0.2351E-02
  0.2612E+01  0.8706E+00  0.2332E-02
  0.2644E+01  0.8620E+00  0.2316E-02
  0.2677E+01  0.8530E+00  0.2305E-02
  0.2710E+01  0.8437E+00  0.2300E-02
  0.2742E+01  0.8342E+00  0.2303E-02
  0.2775E+01  0.8244E+00  0.2316E-02
  0.2808E+01  0.8143E+00  0.2339E-02
  0.2840E+01  0.8041E+00  0.2372E-02
  0.2873E+01  0.7936E+00  0.2415E-02
  0.2905E+01  0.7831E+00  0.2468E-02
  0.2938E+01  0.7724E+00  0.2530E-02
  0.2971E+01  0.7616E+00  0.2598E-02
  0.3003E+01  0.7507E+00  0.2673E-02
  0.3036E+01  0.7398E+00  0.2751E-02
  0.3069E+01  0.7289E+00  0.2832E-02
  0.3101E+01  0.7180E+00  0.2913E-02
  0.3134E+01  0.7071E+00  0.2993E-02
  0.3167E+01  0.6963E+00  0.3071E-02
  0.3199E+01  0.6855E+00  0.3145E-02
  0.3232E+01  0.6748E+00  0.3214E-02
  0.3265E+01  0.6643E+00  0.3277E-02
  0.3297E+01  0.6538E+00  0.3333E-02
  0.3330E+01  0.6435E+00  0.3382E-02
  0.3362E+01  0.6333E+00  0.3423E-02
  0.3395E+01  0.6232E+00  0.3455E-02
  0.3428E+01  0.6134E+00  0.3480E-02
  0.3460E+01  0.6036E+00  0.3496E-02
  0.3493E+01  0.5941E+00  0.3504E-02
  0.3526E+01  0.5848E+00  0.3504E-02
  0.3558E+01  0.5756E+00  0.3498E-02
  0.3591E+01  0.5667E+00  0.3486E-02
  0.3624E+01  0.5579E+00  0.3468E-02
  0.3656E+01  0.5493E+00  0.3447E-02
  0.3689E+01  0.5410E+00  0.3423E-02
  0.3722E+01  0.5328E+00  0.3397E-02
  0.3754E+01  0.5248E+00  0.3372E-02
  0.3787E+01  0.5170E+00  0.3347E-02
  0.3820E+01  0.5093E+00  0.3326E-02
  0.3852E+01  0.5019E+00  0.3308E-02
  0.3885E+01  0.4946E+00  0.3295E-02
  0.3917E+01  0.4875E+00  0.3288E-02
  0.3950E+01  0.4805E+00  0.3288E-02
  0.3983E+01  0.4737E+00  0.3295E-02
  0.4015E+01  0.4670E+00  0.3310E-02
  0.4048E+01  0.4605E+00  0.3332E-02
  0.4081E+01  0.4541E+00  0.3360E-02
  0.4113E+01  0.4478E+00  0.3396E-02
  0.4146E+01  0.4416E+00  0.3436E-02
  0.4179E+01  0.4356E+00  0.3481E-02
  0.4211E+01  0.4296E+00  0.3529E-02
  0.4244E+01  0.4237E+00  0.3579E-02
  0.4277E+01  0.4179E+00  0.3629E-02
  0.4309E+01  0.4122E+00  0.3679E-02
  0.4342E+01  0.4066E+00  0.3728E-02
  0.4374E+01  0.4010E+00  0.3774E-02
  0.4407E+01  0.3955E+00  0.3816E-02
  0.4440E+01  0.3900E+00  0.3853E-02
  0.4472E+01  0.3846E+00  0.3886E-02
  0.4505E+01  0.3792E+00  0.3913E-02
  0.4538E+01  0.3739E+00  0.3933E-02
  0.4570E+01  0.3686E+00  0.3948E-02
  0.4603E+01  0.3634E+00  0.3957E-02
  0.4636E+01  0.3581E+00  0.3959E-02
  0.4668E+01  0.3529E+00  0.3957E-02
  0.4701E+01  0.3477E+00  0.3949E-02
  0.4734E+01  0.3426E+00  0.3937E-02
  0.4766E+01  0.3374E+00  0.3922E-02
  0.4799E+01  0.3323E+00  0.3905E-02
  0.4832E+01  0.3272E+00  0.3887E-02
  0.4864E+01  0.3221E+00  0.3869E-02
  0.4897E+01  0.3170E+00  0.3853E-02
  0.4929E+01  0.3119E+00  0.3840E-02
  0.4962E+01  0.3068E+00  0.3831E-02
  0.4995E+01  0.3017E+00  0.3828E-02
  0.5027E+01  0.2966E+00  0.3832E-02
  0.5060E+01  0.2915E+00  0.3844E-02
  0.5093E+01  0.2863E+00  0.3863E-02
  0.5125E+01  0.2811E+00  0.3892E-02
  0.5158E+01  0.2759E+00  0.3930E-02
  0.5191E+01  0.2706E+00  0.3976E-02
  0.5223E+01  0.2653E+00  0.4030E-02
  0.5256E+01  0.2599E+00  0.4090E-02
  0.5289E+01  0.2544E+00  0.4156E-02
  0.5321E+01  0.2489E+00  0.4226E-02
  0.5354E+01  0.2432E+00  0.4298E-02
  0.5387E+01  0.2374E+00  0.4370E-02
  0.5419E+01  0.2314E+00  0.4440E-02
  0.5452E+01  0.2253E+00  0.4505E-02
  0.5484E+01  0.2190E+00  0.4564E-02
  0.5517E+01  0.2125E+00  0.4614E-02
  0.5550E+01  0.2058E+00  0.4653E-02
  0.5582E+01  0.1988E+00  0.4677E-02
  0.5615E+01  0.1916E+00  0.4686E-02
  0.5648E+01  0.1841E+00  0.4675E-02
  0.5680E+01  0.1762E+00  0.4644E-02
  0.5713E+01  0.1680E+00  0.4589E-02
  0.5746E+01  0.1595E+00  0.4508E-02
  0.5778E+01  0.1505E+00  0.4398E-02
  0.5811E+01  0.1411E+00  0.4258E-02
  0.5844E+01  0.1312E+00  0.4084E-02
  0.5876E+01  0.1208E+00  0.3875E-02
  0.5909E+01  0.1099E+00  0.3627E-02
  0.5941E+01  0.9844E-01  0.3339E-02
  0.5974E+01  0.8639E-01  0.3009E-02
  0.6007E+01  0.7372E-01  0.2633E-02
  0.6039E+01  0.6040E-01  0.2210E-02
  0.6072E+01  0.4640E-01  0.1737E-02
  0.6105E+01  0.3168E-01  0.1213E-02
  0.6137E+01  0.1623E-01  0.6346E-03
  0.6170E+01  0.0000E+00  0.0000E+00
