
           ####      G N O M             Version 5.0 (r13469)      ####
                                               Wed Dec 15 15:10:04 2021

           ####      Configuration                                 ####

    System Type:                   arbitrary monodisperse (job = 0)
    Minimum characteristic size:         0.0000
    Maximum characteristic size:         6.1200
    rad56:                               0.0000
    Force 0.0 at r = rmin:                  yes
    Force 0.0 at r = rmax:                  yes
    Initial alpha:                       0.0000
    Initial random seed:    1433904903585803740
    Points in real space:                   190

    Input  1:                      temp-inp.dat
    First data point used:                    1
    Last data point used:                   570
    Scaling coefficient:             0.1000E+01
    Experimental setup:            point collimation



           ####      Results                                       ####

    Parameter    DISCRP  OSCILL  STABIL  SYSDEV  POSITV  VALCEN  SMOOTH
    Weight        1.000   3.000   3.000   3.000   1.000   1.000   1.000
    Sigma         0.300   0.600   0.120   0.120   0.120   0.120   0.600
    Ideal         0.700   1.100   0.000   1.000   1.000   0.950   0.000
    Current       0.701   1.149   0.015   0.619   1.000   0.897   3.095
               --------------------------------------------------------
    Estimate      1.000   0.993   0.985   0.000   1.000   0.821   0.000

    Angular range:                       0.3012 to       2.9999
    Reciprocal space Rg:             0.2146E+01
    Reciprocal space I(0):           0.3057E+02

    Real space range:                    0.0000 to       6.1200
    Real space Rg:                   0.2150E+01 +-   0.4357E-02
    Real space I(0):                 0.3057E+02 +-   0.5730E-01

    Highest ALPHA (theor):           0.1945E+02
    Current ALPHA:                   0.1422E+02

    Total Estimate:                      0.6734 (a REASONABLE solution)



           ####      Experimental Data and Fit                     ####

      S          J EXP       ERROR       J REG       I REG

   0.000000E+00                                                0.305682E+02
   0.107561E-01                                                0.305627E+02
   0.215123E-01                                                0.305464E+02
   0.322684E-01                                                0.305191E+02
   0.430246E-01                                                0.304811E+02
   0.537807E-01                                                0.304322E+02
   0.645368E-01                                                0.303726E+02
   0.752930E-01                                                0.303023E+02
   0.860491E-01                                                0.302215E+02
   0.968053E-01                                                0.301301E+02
   0.107561E+00                                                0.300283E+02
   0.118318E+00                                                0.299162E+02
   0.129074E+00                                                0.297940E+02
   0.139830E+00                                                0.296617E+02
   0.150586E+00                                                0.295196E+02
   0.161342E+00                                                0.293678E+02
   0.172098E+00                                                0.292063E+02
   0.182854E+00                                                0.290356E+02
   0.193611E+00                                                0.288556E+02
   0.204367E+00                                                0.286667E+02
   0.215123E+00                                                0.284689E+02
   0.225879E+00                                                0.282626E+02
   0.236635E+00                                                0.280480E+02
   0.247391E+00                                                0.278253E+02
   0.258147E+00                                                0.275947E+02
   0.268903E+00                                                0.273565E+02
   0.279660E+00                                                0.271109E+02
   0.290416E+00                                                0.268582E+02
   0.301172E+00   0.269664E+02   0.194870E+00   0.265986E+02   0.265986E+02
   0.305915E+00   0.267745E+02   0.193030E+00   0.264821E+02   0.264821E+02
   0.310658E+00   0.264710E+02   0.190983E+00   0.263643E+02   0.263643E+02
   0.315400E+00   0.266335E+02   0.189425E+00   0.262452E+02   0.262452E+02
   0.320143E+00   0.263415E+02   0.187714E+00   0.261250E+02   0.261250E+02
   0.324886E+00   0.260126E+02   0.185893E+00   0.260036E+02   0.260036E+02
   0.329629E+00   0.260190E+02   0.184173E+00   0.258810E+02   0.258810E+02
   0.334372E+00   0.259784E+02   0.182828E+00   0.257572E+02   0.257572E+02
   0.339115E+00   0.259283E+02   0.183186E+00   0.256324E+02   0.256324E+02
   0.343858E+00   0.259000E+02   0.185851E+00   0.255065E+02   0.255065E+02
   0.348601E+00   0.258585E+02   0.190356E+00   0.253795E+02   0.253795E+02
   0.353343E+00   0.258813E+02   0.193431E+00   0.252515E+02   0.252515E+02
   0.358086E+00   0.255052E+02   0.195399E+00   0.251225E+02   0.251225E+02
   0.362829E+00   0.253607E+02   0.196795E+00   0.249925E+02   0.249925E+02
   0.367572E+00   0.250565E+02   0.198172E+00   0.248615E+02   0.248615E+02
   0.372315E+00   0.247951E+02   0.198992E+00   0.247296E+02   0.247296E+02
   0.377058E+00   0.246427E+02   0.199974E+00   0.245968E+02   0.245968E+02
   0.381801E+00   0.247788E+02   0.201165E+00   0.244631E+02   0.244631E+02
   0.386543E+00   0.246197E+02   0.202056E+00   0.243286E+02   0.243286E+02
   0.391286E+00   0.240915E+02   0.202275E+00   0.241932E+02   0.241932E+02
   0.396029E+00   0.239450E+02   0.202850E+00   0.240570E+02   0.240570E+02
   0.400772E+00   0.242203E+02   0.204341E+00   0.239200E+02   0.239200E+02
   0.405515E+00   0.240244E+02   0.211257E+00   0.237823E+02   0.237823E+02
   0.410258E+00   0.239675E+02   0.215974E+00   0.236438E+02   0.236438E+02
   0.415001E+00   0.239727E+02   0.220422E+00   0.235046E+02   0.235046E+02
   0.419744E+00   0.235275E+02   0.223420E+00   0.233648E+02   0.233648E+02
   0.424486E+00   0.232243E+02   0.226873E+00   0.232243E+02   0.232243E+02
   0.429229E+00   0.232380E+02   0.230282E+00   0.230831E+02   0.230831E+02
   0.433972E+00   0.229389E+02   0.232966E+00   0.229414E+02   0.229414E+02
   0.438715E+00   0.227515E+02   0.236510E+00   0.227991E+02   0.227991E+02
   0.443458E+00   0.225610E+02   0.239642E+00   0.226562E+02   0.226562E+02
   0.448201E+00   0.224023E+02   0.242670E+00   0.225128E+02   0.225128E+02
   0.452944E+00   0.222946E+02   0.246707E+00   0.223689E+02   0.223689E+02
   0.457686E+00   0.221254E+02   0.249051E+00   0.222246E+02   0.222246E+02
   0.462429E+00   0.221432E+02   0.250554E+00   0.220798E+02   0.220798E+02
   0.467172E+00   0.222670E+02   0.249691E+00   0.219345E+02   0.219345E+02
   0.471915E+00   0.217749E+02   0.239916E+00   0.217889E+02   0.217889E+02
   0.476658E+00   0.217698E+02   0.235026E+00   0.216429E+02   0.216429E+02
   0.481401E+00   0.214418E+02   0.231541E+00   0.214965E+02   0.214965E+02
   0.486144E+00   0.212807E+02   0.229104E+00   0.213499E+02   0.213499E+02
   0.490887E+00   0.210606E+02   0.226701E+00   0.212029E+02   0.212029E+02
   0.495629E+00   0.211440E+02   0.224880E+00   0.210556E+02   0.210556E+02
   0.500372E+00   0.208887E+02   0.222916E+00   0.209081E+02   0.209081E+02
   0.505115E+00   0.203639E+02   0.221104E+00   0.207604E+02   0.207604E+02
   0.509858E+00   0.204929E+02   0.220223E+00   0.206125E+02   0.206125E+02
   0.514601E+00   0.203533E+02   0.218502E+00   0.204644E+02   0.204644E+02
   0.519344E+00   0.201754E+02   0.217558E+00   0.203162E+02   0.203162E+02
   0.524087E+00   0.199380E+02   0.215970E+00   0.201678E+02   0.201678E+02
   0.528829E+00   0.197589E+02   0.215121E+00   0.200193E+02   0.200193E+02
   0.533572E+00   0.198301E+02   0.213732E+00   0.198708E+02   0.198708E+02
   0.538315E+00   0.194142E+02   0.211414E+00   0.197222E+02   0.197222E+02
   0.543058E+00   0.196048E+02   0.210303E+00   0.195735E+02   0.195735E+02
   0.547801E+00   0.195090E+02   0.208518E+00   0.194249E+02   0.194249E+02
   0.552544E+00   0.191599E+02   0.206585E+00   0.192762E+02   0.192762E+02
   0.557287E+00   0.190573E+02   0.205112E+00   0.191276E+02   0.191276E+02
   0.562029E+00   0.186600E+02   0.203292E+00   0.189791E+02   0.189791E+02
   0.566772E+00   0.184611E+02   0.201601E+00   0.188306E+02   0.188306E+02
   0.571515E+00   0.185500E+02   0.200377E+00   0.186823E+02   0.186823E+02
   0.576258E+00   0.186766E+02   0.199373E+00   0.185341E+02   0.185341E+02
   0.581001E+00   0.183255E+02   0.198362E+00   0.183860E+02   0.183860E+02
   0.585744E+00   0.181901E+02   0.196905E+00   0.182381E+02   0.182381E+02
   0.590487E+00   0.178279E+02   0.195931E+00   0.180904E+02   0.180904E+02
   0.595230E+00   0.180020E+02   0.195652E+00   0.179428E+02   0.179428E+02
   0.599972E+00   0.178005E+02   0.195174E+00   0.177956E+02   0.177956E+02
   0.604715E+00   0.175948E+02   0.194503E+00   0.176486E+02   0.176486E+02
   0.609458E+00   0.172882E+02   0.193689E+00   0.175018E+02   0.175018E+02
   0.614201E+00   0.171998E+02   0.193114E+00   0.173554E+02   0.173554E+02
   0.618944E+00   0.171738E+02   0.192327E+00   0.172092E+02   0.172092E+02
   0.623687E+00   0.168049E+02   0.191474E+00   0.170634E+02   0.170634E+02
   0.628430E+00   0.165230E+02   0.190615E+00   0.169180E+02   0.169180E+02
   0.633173E+00   0.164438E+02   0.190384E+00   0.167729E+02   0.167729E+02
   0.637915E+00   0.166268E+02   0.190010E+00   0.166282E+02   0.166282E+02
   0.642658E+00   0.163108E+02   0.189113E+00   0.164840E+02   0.164840E+02
   0.647401E+00   0.160496E+02   0.188055E+00   0.163401E+02   0.163401E+02
   0.652144E+00   0.159463E+02   0.187888E+00   0.161967E+02   0.161967E+02
   0.656887E+00   0.157992E+02   0.187157E+00   0.160538E+02   0.160538E+02
   0.661630E+00   0.156463E+02   0.186476E+00   0.159113E+02   0.159113E+02
   0.666373E+00   0.154194E+02   0.185671E+00   0.157694E+02   0.157694E+02
   0.671115E+00   0.153187E+02   0.185175E+00   0.156279E+02   0.156279E+02
   0.675858E+00   0.151299E+02   0.184444E+00   0.154870E+02   0.154870E+02
   0.680601E+00   0.151420E+02   0.184208E+00   0.153466E+02   0.153466E+02
   0.685344E+00   0.152740E+02   0.183688E+00   0.152068E+02   0.152068E+02
   0.690087E+00   0.149160E+02   0.182886E+00   0.150676E+02   0.150676E+02
   0.694830E+00   0.147053E+02   0.182492E+00   0.149290E+02   0.149290E+02
   0.699573E+00   0.145461E+02   0.181704E+00   0.147910E+02   0.147910E+02
   0.704315E+00   0.145367E+02   0.180597E+00   0.146536E+02   0.146536E+02
   0.709058E+00   0.144444E+02   0.180272E+00   0.145168E+02   0.145168E+02
   0.713801E+00   0.143068E+02   0.179887E+00   0.143807E+02   0.143807E+02
   0.718544E+00   0.143054E+02   0.179833E+00   0.142453E+02   0.142453E+02
   0.723287E+00   0.141494E+02   0.179057E+00   0.141105E+02   0.141105E+02
   0.728030E+00   0.139284E+02   0.178413E+00   0.139765E+02   0.139765E+02
   0.732773E+00   0.137750E+02   0.177853E+00   0.138431E+02   0.138431E+02
   0.737515E+00   0.135930E+02   0.176932E+00   0.137105E+02   0.137105E+02
   0.742258E+00   0.134336E+02   0.176611E+00   0.135786E+02   0.135786E+02
   0.747001E+00   0.130441E+02   0.175863E+00   0.134474E+02   0.134474E+02
   0.751744E+00   0.131186E+02   0.175346E+00   0.133170E+02   0.133170E+02
   0.756487E+00   0.130724E+02   0.174710E+00   0.131874E+02   0.131874E+02
   0.761230E+00   0.128594E+02   0.174163E+00   0.130585E+02   0.130585E+02
   0.765973E+00   0.127325E+02   0.173946E+00   0.129304E+02   0.129304E+02
   0.770716E+00   0.124382E+02   0.173265E+00   0.128031E+02   0.128031E+02
   0.775459E+00   0.125143E+02   0.172665E+00   0.126767E+02   0.126767E+02
   0.780201E+00   0.127456E+02   0.172682E+00   0.125510E+02   0.125510E+02
   0.784944E+00   0.125660E+02   0.171997E+00   0.124262E+02   0.124262E+02
   0.789687E+00   0.120505E+02   0.170984E+00   0.123021E+02   0.123021E+02
   0.794430E+00   0.121122E+02   0.170977E+00   0.121790E+02   0.121790E+02
   0.799173E+00   0.119235E+02   0.170207E+00   0.120567E+02   0.120567E+02
   0.803916E+00   0.115736E+02   0.169465E+00   0.119352E+02   0.119352E+02
   0.808658E+00   0.118144E+02   0.169570E+00   0.118146E+02   0.118146E+02
   0.813401E+00   0.116361E+02   0.168885E+00   0.116949E+02   0.116949E+02
   0.818144E+00   0.115426E+02   0.168557E+00   0.115761E+02   0.115761E+02
   0.822887E+00   0.115135E+02   0.168258E+00   0.114581E+02   0.114581E+02
   0.827630E+00   0.113918E+02   0.167538E+00   0.113411E+02   0.113411E+02
   0.832373E+00   0.113464E+02   0.166914E+00   0.112249E+02   0.112249E+02
   0.837116E+00   0.112408E+02   0.166669E+00   0.111097E+02   0.111097E+02
   0.841859E+00   0.112033E+02   0.166516E+00   0.109954E+02   0.109954E+02
   0.846601E+00   0.107447E+02   0.165735E+00   0.108819E+02   0.108819E+02
   0.851344E+00   0.104170E+02   0.164975E+00   0.107694E+02   0.107694E+02
   0.856087E+00   0.105515E+02   0.164912E+00   0.106579E+02   0.106579E+02
   0.860830E+00   0.106664E+02   0.164089E+00   0.105472E+02   0.105472E+02
   0.865573E+00   0.105833E+02   0.163957E+00   0.104375E+02   0.104375E+02
   0.870316E+00   0.104859E+02   0.163535E+00   0.103287E+02   0.103287E+02
   0.875059E+00   0.103118E+02   0.162979E+00   0.102209E+02   0.102209E+02
   0.879802E+00   0.100870E+02   0.162302E+00   0.101140E+02   0.101140E+02
   0.884544E+00   0.998919E+01   0.161924E+00   0.100080E+02   0.100080E+02
   0.889287E+00   0.100454E+02   0.161149E+00   0.990302E+01   0.990302E+01
   0.894030E+00   0.966764E+01   0.160796E+00   0.979896E+01   0.979896E+01
   0.898773E+00   0.969128E+01   0.160670E+00   0.969585E+01   0.969585E+01
   0.903516E+00   0.946932E+01   0.159941E+00   0.959369E+01   0.959369E+01
   0.908259E+00   0.956714E+01   0.159481E+00   0.949249E+01   0.949249E+01
   0.913002E+00   0.942844E+01   0.159206E+00   0.939225E+01   0.939225E+01
   0.917744E+00   0.941048E+01   0.158984E+00   0.929295E+01   0.929295E+01
   0.922487E+00   0.921146E+01   0.158367E+00   0.919461E+01   0.919461E+01
   0.927230E+00   0.898430E+01   0.158039E+00   0.909723E+01   0.909723E+01
   0.931973E+00   0.911842E+01   0.157897E+00   0.900081E+01   0.900081E+01
   0.936716E+00   0.871943E+01   0.157100E+00   0.890533E+01   0.890533E+01
   0.941459E+00   0.898533E+01   0.156769E+00   0.881081E+01   0.881081E+01
   0.946202E+00   0.873172E+01   0.156523E+00   0.871725E+01   0.871725E+01
   0.950944E+00   0.883189E+01   0.155945E+00   0.862463E+01   0.862463E+01
   0.955687E+00   0.866855E+01   0.155761E+00   0.853297E+01   0.853297E+01
   0.960430E+00   0.860406E+01   0.155248E+00   0.844225E+01   0.844225E+01
   0.965173E+00   0.855726E+01   0.154629E+00   0.835248E+01   0.835248E+01
   0.969916E+00   0.799476E+01   0.154309E+00   0.826366E+01   0.826366E+01
   0.974659E+00   0.844065E+01   0.154196E+00   0.817578E+01   0.817578E+01
   0.979402E+00   0.810191E+01   0.153585E+00   0.808883E+01   0.808883E+01
   0.984144E+00   0.786796E+01   0.153169E+00   0.800282E+01   0.800282E+01
   0.988887E+00   0.796634E+01   0.152913E+00   0.791775E+01   0.791775E+01
   0.993630E+00   0.815274E+01   0.152515E+00   0.783361E+01   0.783361E+01
   0.998373E+00   0.788164E+01   0.152226E+00   0.775039E+01   0.775039E+01
   0.100312E+01   0.781506E+01   0.151766E+00   0.766809E+01   0.766809E+01
   0.100786E+01   0.773759E+01   0.151343E+00   0.758671E+01   0.758671E+01
   0.101260E+01   0.757683E+01   0.151026E+00   0.750625E+01   0.750625E+01
   0.101734E+01   0.757626E+01   0.150727E+00   0.742669E+01   0.742669E+01
   0.102209E+01   0.763781E+01   0.150380E+00   0.734806E+01   0.734806E+01
   0.102683E+01   0.751660E+01   0.150256E+00   0.727031E+01   0.727031E+01
   0.103157E+01   0.763922E+01   0.149797E+00   0.719346E+01   0.719346E+01
   0.103632E+01   0.733924E+01   0.149424E+00   0.711750E+01   0.711750E+01
   0.104106E+01   0.719377E+01   0.149053E+00   0.704242E+01   0.704242E+01
   0.104580E+01   0.716426E+01   0.148416E+00   0.696823E+01   0.696823E+01
   0.105055E+01   0.690419E+01   0.148104E+00   0.689491E+01   0.689491E+01
   0.105529E+01   0.689972E+01   0.147624E+00   0.682247E+01   0.682247E+01
   0.106003E+01   0.688335E+01   0.147524E+00   0.675088E+01   0.675088E+01
   0.106477E+01   0.672479E+01   0.147242E+00   0.668015E+01   0.668015E+01
   0.106952E+01   0.680650E+01   0.147094E+00   0.661027E+01   0.661027E+01
   0.107426E+01   0.665586E+01   0.146715E+00   0.654124E+01   0.654124E+01
   0.107900E+01   0.679855E+01   0.146261E+00   0.647304E+01   0.647304E+01
   0.108374E+01   0.671465E+01   0.146130E+00   0.640567E+01   0.640567E+01
   0.108849E+01   0.638566E+01   0.145425E+00   0.633913E+01   0.633913E+01
   0.109323E+01   0.632102E+01   0.145182E+00   0.627342E+01   0.627342E+01
   0.109797E+01   0.621720E+01   0.144903E+00   0.620851E+01   0.620851E+01
   0.110272E+01   0.621462E+01   0.144720E+00   0.614440E+01   0.614440E+01
   0.110746E+01   0.619157E+01   0.144147E+00   0.608109E+01   0.608109E+01
   0.111220E+01   0.610921E+01   0.144023E+00   0.601857E+01   0.601857E+01
   0.111695E+01   0.597000E+01   0.143384E+00   0.595683E+01   0.595683E+01
   0.112169E+01   0.608383E+01   0.143339E+00   0.589586E+01   0.589586E+01
   0.112643E+01   0.590845E+01   0.143062E+00   0.583568E+01   0.583568E+01
   0.113117E+01   0.592594E+01   0.142789E+00   0.577624E+01   0.577624E+01
   0.113592E+01   0.579196E+01   0.142195E+00   0.571755E+01   0.571755E+01
   0.114066E+01   0.568647E+01   0.141826E+00   0.565960E+01   0.565960E+01
   0.114540E+01   0.589022E+01   0.141747E+00   0.560240E+01   0.560240E+01
   0.115014E+01   0.571717E+01   0.141339E+00   0.554592E+01   0.554592E+01
   0.115489E+01   0.553125E+01   0.141153E+00   0.549016E+01   0.549016E+01
   0.115963E+01   0.561672E+01   0.140649E+00   0.543511E+01   0.543511E+01
   0.116437E+01   0.560797E+01   0.140538E+00   0.538078E+01   0.538078E+01
   0.116912E+01   0.561614E+01   0.140556E+00   0.532713E+01   0.532713E+01
   0.117386E+01   0.558773E+01   0.140142E+00   0.527417E+01   0.527417E+01
   0.117860E+01   0.542194E+01   0.139947E+00   0.522188E+01   0.522188E+01
   0.118335E+01   0.521506E+01   0.139537E+00   0.517027E+01   0.517027E+01
   0.118809E+01   0.506616E+01   0.138985E+00   0.511932E+01   0.511932E+01
   0.119283E+01   0.513386E+01   0.138862E+00   0.506903E+01   0.506903E+01
   0.119757E+01   0.512024E+01   0.138758E+00   0.501939E+01   0.501939E+01
   0.120232E+01   0.515856E+01   0.138721E+00   0.497038E+01   0.497038E+01
   0.120706E+01   0.510796E+01   0.138859E+00   0.492200E+01   0.492200E+01
   0.121180E+01   0.490490E+01   0.143336E+00   0.487423E+01   0.487423E+01
   0.121654E+01   0.480477E+01   0.146135E+00   0.482708E+01   0.482708E+01
   0.122129E+01   0.495722E+01   0.148211E+00   0.478054E+01   0.478054E+01
   0.122603E+01   0.496661E+01   0.150195E+00   0.473458E+01   0.473458E+01
   0.123077E+01   0.475233E+01   0.151395E+00   0.468922E+01   0.468922E+01
   0.123552E+01   0.469016E+01   0.152889E+00   0.464444E+01   0.464444E+01
   0.124026E+01   0.488495E+01   0.154411E+00   0.460023E+01   0.460023E+01
   0.124500E+01   0.465172E+01   0.155792E+00   0.455657E+01   0.455657E+01
   0.124975E+01   0.470856E+01   0.156806E+00   0.451347E+01   0.451347E+01
   0.125449E+01   0.449699E+01   0.157875E+00   0.447091E+01   0.447091E+01
   0.125923E+01   0.447033E+01   0.158450E+00   0.442889E+01   0.442889E+01
   0.126397E+01   0.451078E+01   0.158329E+00   0.438740E+01   0.438740E+01
   0.126872E+01   0.463947E+01   0.159214E+00   0.434643E+01   0.434643E+01
   0.127346E+01   0.451099E+01   0.157042E+00   0.430597E+01   0.430597E+01
   0.127820E+01   0.426866E+01   0.151425E+00   0.426601E+01   0.426601E+01
   0.128295E+01   0.435620E+01   0.148219E+00   0.422655E+01   0.422655E+01
   0.128769E+01   0.434022E+01   0.145886E+00   0.418757E+01   0.418757E+01
   0.129243E+01   0.421658E+01   0.144145E+00   0.414908E+01   0.414908E+01
   0.129717E+01   0.422786E+01   0.143019E+00   0.411105E+01   0.411105E+01
   0.130192E+01   0.413208E+01   0.141306E+00   0.407349E+01   0.407349E+01
   0.130666E+01   0.401246E+01   0.140087E+00   0.403638E+01   0.403638E+01
   0.131140E+01   0.404434E+01   0.138964E+00   0.399972E+01   0.399972E+01
   0.131614E+01   0.400383E+01   0.137879E+00   0.396350E+01   0.396350E+01
   0.132089E+01   0.387362E+01   0.137323E+00   0.392771E+01   0.392771E+01
   0.132563E+01   0.395128E+01   0.136989E+00   0.389234E+01   0.389234E+01
   0.133037E+01   0.386622E+01   0.136217E+00   0.385739E+01   0.385739E+01
   0.133512E+01   0.377010E+01   0.136227E+00   0.382285E+01   0.382285E+01
   0.133986E+01   0.385000E+01   0.135931E+00   0.378872E+01   0.378872E+01
   0.134460E+01   0.371435E+01   0.135541E+00   0.375497E+01   0.375497E+01
   0.134935E+01   0.363875E+01   0.135011E+00   0.372161E+01   0.372161E+01
   0.135409E+01   0.372718E+01   0.134710E+00   0.368863E+01   0.368863E+01
   0.135883E+01   0.370883E+01   0.134436E+00   0.365602E+01   0.365602E+01
   0.136357E+01   0.368364E+01   0.134217E+00   0.362378E+01   0.362378E+01
   0.136832E+01   0.358589E+01   0.133847E+00   0.359189E+01   0.359189E+01
   0.137306E+01   0.346597E+01   0.133298E+00   0.356036E+01   0.356036E+01
   0.137780E+01   0.352503E+01   0.133077E+00   0.352918E+01   0.352918E+01
   0.138254E+01   0.323823E+01   0.132676E+00   0.349832E+01   0.349832E+01
   0.138729E+01   0.352353E+01   0.132662E+00   0.346780E+01   0.346780E+01
   0.139203E+01   0.341044E+01   0.132243E+00   0.343761E+01   0.343761E+01
   0.139677E+01   0.355266E+01   0.132170E+00   0.340773E+01   0.340773E+01
   0.140152E+01   0.348996E+01   0.131840E+00   0.337816E+01   0.337816E+01
   0.140626E+01   0.358923E+01   0.131673E+00   0.334890E+01   0.334890E+01
   0.141100E+01   0.344927E+01   0.131265E+00   0.331995E+01   0.331995E+01
   0.141575E+01   0.340288E+01   0.130918E+00   0.329128E+01   0.329128E+01
   0.142049E+01   0.331642E+01   0.130598E+00   0.326290E+01   0.326290E+01
   0.142523E+01   0.316614E+01   0.130573E+00   0.323480E+01   0.323480E+01
   0.142997E+01   0.324817E+01   0.130216E+00   0.320698E+01   0.320698E+01
   0.143472E+01   0.315844E+01   0.129829E+00   0.317943E+01   0.317943E+01
   0.143946E+01   0.311822E+01   0.129481E+00   0.315214E+01   0.315214E+01
   0.144420E+01   0.299152E+01   0.129193E+00   0.312512E+01   0.312512E+01
   0.144894E+01   0.309236E+01   0.129087E+00   0.309834E+01   0.309834E+01
   0.145369E+01   0.299016E+01   0.129079E+00   0.307182E+01   0.307182E+01
   0.145843E+01   0.315578E+01   0.128911E+00   0.304554E+01   0.304554E+01
   0.146317E+01   0.319679E+01   0.128476E+00   0.301949E+01   0.301949E+01
   0.146792E+01   0.299448E+01   0.128193E+00   0.299369E+01   0.299369E+01
   0.147266E+01   0.311756E+01   0.127929E+00   0.296810E+01   0.296810E+01
   0.147740E+01   0.298928E+01   0.127817E+00   0.294275E+01   0.294275E+01
   0.148215E+01   0.315838E+01   0.127471E+00   0.291762E+01   0.291762E+01
   0.148689E+01   0.297744E+01   0.127488E+00   0.289270E+01   0.289270E+01
   0.149163E+01   0.275710E+01   0.127179E+00   0.286799E+01   0.286799E+01
   0.149637E+01   0.273347E+01   0.126813E+00   0.284349E+01   0.284349E+01
   0.150112E+01   0.273202E+01   0.126817E+00   0.281919E+01   0.281919E+01
   0.150586E+01   0.276329E+01   0.129358E+00   0.279508E+01   0.279508E+01
   0.151060E+01   0.262140E+01   0.132639E+00   0.277118E+01   0.277118E+01
   0.151534E+01   0.276307E+01   0.134872E+00   0.274747E+01   0.274747E+01
   0.152009E+01   0.272869E+01   0.136649E+00   0.272394E+01   0.272394E+01
   0.152483E+01   0.251682E+01   0.138021E+00   0.270059E+01   0.270059E+01
   0.152957E+01   0.262789E+01   0.138847E+00   0.267742E+01   0.267742E+01
   0.153432E+01   0.267787E+01   0.135687E+00   0.265443E+01   0.265443E+01
   0.153906E+01   0.237516E+01   0.133504E+00   0.263162E+01   0.263162E+01
   0.154380E+01   0.239365E+01   0.131709E+00   0.260897E+01   0.260897E+01
   0.154855E+01   0.247208E+01   0.130215E+00   0.258650E+01   0.258650E+01
   0.155329E+01   0.229036E+01   0.128906E+00   0.256418E+01   0.256418E+01
   0.155803E+01   0.244664E+01   0.127825E+00   0.254203E+01   0.254203E+01
   0.156277E+01   0.252387E+01   0.126629E+00   0.252004E+01   0.252004E+01
   0.156752E+01   0.259376E+01   0.125293E+00   0.249820E+01   0.249820E+01
   0.157226E+01   0.227415E+01   0.124574E+00   0.247651E+01   0.247651E+01
   0.157700E+01   0.233393E+01   0.123987E+00   0.245498E+01   0.245498E+01
   0.158175E+01   0.229965E+01   0.123806E+00   0.243359E+01   0.243359E+01
   0.158649E+01   0.219908E+01   0.123832E+00   0.241235E+01   0.241235E+01
   0.159123E+01   0.221312E+01   0.123937E+00   0.239125E+01   0.239125E+01
   0.159597E+01   0.229554E+01   0.124011E+00   0.237030E+01   0.237030E+01
   0.160072E+01   0.225835E+01   0.124211E+00   0.234948E+01   0.234948E+01
   0.160546E+01   0.226299E+01   0.124038E+00   0.232880E+01   0.232880E+01
   0.161020E+01   0.224950E+01   0.123538E+00   0.230826E+01   0.230826E+01
   0.161495E+01   0.210113E+01   0.123367E+00   0.228785E+01   0.228785E+01
   0.161969E+01   0.222863E+01   0.122980E+00   0.226758E+01   0.226758E+01
   0.162443E+01   0.213814E+01   0.123153E+00   0.224744E+01   0.224744E+01
   0.162917E+01   0.222169E+01   0.122873E+00   0.222742E+01   0.222742E+01
   0.163392E+01   0.194915E+01   0.122516E+00   0.220753E+01   0.220753E+01
   0.163866E+01   0.215362E+01   0.122337E+00   0.218777E+01   0.218777E+01
   0.164340E+01   0.214478E+01   0.122058E+00   0.216814E+01   0.216814E+01
   0.164815E+01   0.200441E+01   0.121996E+00   0.214863E+01   0.214863E+01
   0.165289E+01   0.196390E+01   0.121670E+00   0.212924E+01   0.212924E+01
   0.165763E+01   0.203767E+01   0.121534E+00   0.210998E+01   0.210998E+01
   0.166237E+01   0.198498E+01   0.121312E+00   0.209084E+01   0.209084E+01
   0.166712E+01   0.196528E+01   0.120990E+00   0.207181E+01   0.207181E+01
   0.167186E+01   0.197863E+01   0.121026E+00   0.205291E+01   0.205291E+01
   0.167660E+01   0.212398E+01   0.120757E+00   0.203412E+01   0.203412E+01
   0.168135E+01   0.198839E+01   0.120434E+00   0.201546E+01   0.201546E+01
   0.168609E+01   0.196504E+01   0.120075E+00   0.199691E+01   0.199691E+01
   0.169083E+01   0.190718E+01   0.119955E+00   0.197848E+01   0.197848E+01
   0.169557E+01   0.187121E+01   0.119909E+00   0.196017E+01   0.196017E+01
   0.170032E+01   0.183638E+01   0.119701E+00   0.194197E+01   0.194197E+01
   0.170506E+01   0.176160E+01   0.119461E+00   0.192388E+01   0.192388E+01
   0.170980E+01   0.176294E+01   0.119241E+00   0.190591E+01   0.190591E+01
   0.171455E+01   0.172721E+01   0.119193E+00   0.188806E+01   0.188806E+01
   0.171929E+01   0.175289E+01   0.119085E+00   0.187032E+01   0.187032E+01
   0.172403E+01   0.174664E+01   0.118786E+00   0.185271E+01   0.185271E+01
   0.172877E+01   0.188651E+01   0.118397E+00   0.183520E+01   0.183520E+01
   0.173352E+01   0.179597E+01   0.118345E+00   0.181781E+01   0.181781E+01
   0.173826E+01   0.190254E+01   0.118322E+00   0.180053E+01   0.180053E+01
   0.174300E+01   0.186463E+01   0.118012E+00   0.178336E+01   0.178336E+01
   0.174775E+01   0.190849E+01   0.118101E+00   0.176632E+01   0.176632E+01
   0.175249E+01   0.173673E+01   0.117611E+00   0.174938E+01   0.174938E+01
   0.175723E+01   0.177465E+01   0.117630E+00   0.173256E+01   0.173256E+01
   0.176197E+01   0.163467E+01   0.117458E+00   0.171587E+01   0.171587E+01
   0.176672E+01   0.163484E+01   0.117118E+00   0.169928E+01   0.169928E+01
   0.177146E+01   0.170531E+01   0.117165E+00   0.168281E+01   0.168281E+01
   0.177620E+01   0.162096E+01   0.116712E+00   0.166645E+01   0.166645E+01
   0.178095E+01   0.159739E+01   0.116715E+00   0.165021E+01   0.165021E+01
   0.178569E+01   0.149186E+01   0.116332E+00   0.163409E+01   0.163409E+01
   0.179043E+01   0.154060E+01   0.116320E+00   0.161809E+01   0.161809E+01
   0.179517E+01   0.144343E+01   0.116241E+00   0.160220E+01   0.160220E+01
   0.179992E+01   0.163847E+01   0.116073E+00   0.158643E+01   0.158643E+01
   0.180466E+01   0.159066E+01   0.115853E+00   0.157078E+01   0.157078E+01
   0.180940E+01   0.162927E+01   0.115699E+00   0.155525E+01   0.155525E+01
   0.181415E+01   0.146406E+01   0.115658E+00   0.153984E+01   0.153984E+01
   0.181889E+01   0.143113E+01   0.115371E+00   0.152454E+01   0.152454E+01
   0.182363E+01   0.144827E+01   0.115259E+00   0.150937E+01   0.150937E+01
   0.182838E+01   0.138394E+01   0.115149E+00   0.149432E+01   0.149432E+01
   0.183312E+01   0.145699E+01   0.114937E+00   0.147939E+01   0.147939E+01
   0.183786E+01   0.134626E+01   0.114772E+00   0.146458E+01   0.146458E+01
   0.184260E+01   0.147901E+01   0.114773E+00   0.144990E+01   0.144990E+01
   0.184735E+01   0.147444E+01   0.114409E+00   0.143534E+01   0.143534E+01
   0.185209E+01   0.138651E+01   0.114443E+00   0.142090E+01   0.142090E+01
   0.185683E+01   0.139176E+01   0.113978E+00   0.140658E+01   0.140658E+01
   0.186157E+01   0.147220E+01   0.113978E+00   0.139239E+01   0.139239E+01
   0.186632E+01   0.123589E+01   0.113852E+00   0.137833E+01   0.137833E+01
   0.187106E+01   0.148021E+01   0.113633E+00   0.136439E+01   0.136439E+01
   0.187580E+01   0.127195E+01   0.113502E+00   0.135058E+01   0.135058E+01
   0.188055E+01   0.123957E+01   0.113435E+00   0.133689E+01   0.133689E+01
   0.188529E+01   0.121673E+01   0.113234E+00   0.132333E+01   0.132333E+01
   0.189003E+01   0.129331E+01   0.113050E+00   0.130990E+01   0.130990E+01
   0.189478E+01   0.119460E+01   0.112784E+00   0.129659E+01   0.129659E+01
   0.189952E+01   0.106611E+01   0.112576E+00   0.128342E+01   0.128342E+01
   0.190426E+01   0.121515E+01   0.112596E+00   0.127038E+01   0.127038E+01
   0.190900E+01   0.110381E+01   0.112357E+00   0.125746E+01   0.125746E+01
   0.191375E+01   0.124488E+01   0.112370E+00   0.124468E+01   0.124468E+01
   0.191849E+01   0.117605E+01   0.112162E+00   0.123202E+01   0.123202E+01
   0.192323E+01   0.119634E+01   0.112229E+00   0.121950E+01   0.121950E+01
   0.192797E+01   0.111415E+01   0.112023E+00   0.120711E+01   0.120711E+01
   0.193272E+01   0.110191E+01   0.111735E+00   0.119485E+01   0.119485E+01
   0.193746E+01   0.109715E+01   0.111322E+00   0.118273E+01   0.118273E+01
   0.194220E+01   0.119032E+01   0.111192E+00   0.117073E+01   0.117073E+01
   0.194695E+01   0.118290E+01   0.110709E+00   0.115887E+01   0.115887E+01
   0.195169E+01   0.114183E+01   0.110588E+00   0.114715E+01   0.114715E+01
   0.195643E+01   0.113093E+01   0.110256E+00   0.113555E+01   0.113555E+01
   0.196117E+01   0.118518E+01   0.110256E+00   0.112409E+01   0.112409E+01
   0.196592E+01   0.114712E+01   0.110122E+00   0.111277E+01   0.111277E+01
   0.197066E+01   0.116375E+01   0.110117E+00   0.110158E+01   0.110158E+01
   0.197540E+01   0.102804E+01   0.109962E+00   0.109053E+01   0.109053E+01
   0.198015E+01   0.111028E+01   0.110191E+00   0.107960E+01   0.107960E+01
   0.198489E+01   0.119726E+01   0.109993E+00   0.106882E+01   0.106882E+01
   0.198963E+01   0.103898E+01   0.110095E+00   0.105817E+01   0.105817E+01
   0.199438E+01   0.101199E+01   0.109970E+00   0.104765E+01   0.104765E+01
   0.199912E+01   0.103118E+01   0.109753E+00   0.103727E+01   0.103727E+01
   0.200386E+01   0.924143E+00   0.109568E+00   0.102703E+01   0.102703E+01
   0.200860E+01   0.967112E+00   0.109600E+00   0.101692E+01   0.101692E+01
   0.201335E+01   0.111485E+01   0.110878E+00   0.100694E+01   0.100694E+01
   0.201809E+01   0.116087E+01   0.113881E+00   0.997104E+00   0.997104E+00
   0.202283E+01   0.108140E+01   0.115505E+00   0.987400E+00   0.987400E+00
   0.202758E+01   0.950339E+00   0.116976E+00   0.977830E+00   0.977830E+00
   0.203232E+01   0.929116E+00   0.118093E+00   0.968396E+00   0.968396E+00
   0.203706E+01   0.983076E+00   0.119050E+00   0.959095E+00   0.959095E+00
   0.204180E+01   0.102716E+01   0.120214E+00   0.949931E+00   0.949931E+00
   0.204655E+01   0.995659E+00   0.120601E+00   0.940900E+00   0.940900E+00
   0.205129E+01   0.987167E+00   0.120946E+00   0.932002E+00   0.932002E+00
   0.205603E+01   0.946800E+00   0.121374E+00   0.923237E+00   0.923237E+00
   0.206078E+01   0.101100E+01   0.121548E+00   0.914606E+00   0.914606E+00
   0.206552E+01   0.966623E+00   0.121856E+00   0.906107E+00   0.906107E+00
   0.207026E+01   0.983699E+00   0.122215E+00   0.897740E+00   0.897740E+00
   0.207500E+01   0.943969E+00   0.122391E+00   0.889508E+00   0.889508E+00
   0.207975E+01   0.105898E+01   0.119896E+00   0.881404E+00   0.881404E+00
   0.208449E+01   0.866034E+00   0.116827E+00   0.873431E+00   0.873431E+00
   0.208923E+01   0.720350E+00   0.115121E+00   0.865589E+00   0.865589E+00
   0.209397E+01   0.764196E+00   0.113744E+00   0.857876E+00   0.857876E+00
   0.209872E+01   0.791090E+00   0.112620E+00   0.850292E+00   0.850292E+00
   0.210346E+01   0.869773E+00   0.111822E+00   0.842836E+00   0.842836E+00
   0.210820E+01   0.777360E+00   0.110968E+00   0.835508E+00   0.835508E+00
   0.211295E+01   0.704364E+00   0.110696E+00   0.828308E+00   0.828308E+00
   0.211769E+01   0.705305E+00   0.110392E+00   0.821232E+00   0.821232E+00
   0.212243E+01   0.732849E+00   0.109981E+00   0.814282E+00   0.814282E+00
   0.212717E+01   0.866309E+00   0.109949E+00   0.807457E+00   0.807457E+00
   0.213192E+01   0.788030E+00   0.109724E+00   0.800755E+00   0.800755E+00
   0.213666E+01   0.662342E+00   0.109465E+00   0.794175E+00   0.794175E+00
   0.214140E+01   0.760501E+00   0.109339E+00   0.787717E+00   0.787717E+00
   0.214615E+01   0.909626E+00   0.109020E+00   0.781382E+00   0.781382E+00
   0.215089E+01   0.687578E+00   0.108868E+00   0.775164E+00   0.775164E+00
   0.215563E+01   0.709444E+00   0.108684E+00   0.769066E+00   0.769066E+00
   0.216038E+01   0.910434E+00   0.108348E+00   0.763085E+00   0.763085E+00
   0.216512E+01   0.917015E+00   0.108177E+00   0.757221E+00   0.757221E+00
   0.216986E+01   0.769197E+00   0.107948E+00   0.751472E+00   0.751472E+00
   0.217460E+01   0.711466E+00   0.107905E+00   0.745838E+00   0.745838E+00
   0.217935E+01   0.906057E+00   0.107724E+00   0.740316E+00   0.740316E+00
   0.218409E+01   0.925259E+00   0.107416E+00   0.734908E+00   0.734908E+00
   0.218883E+01   0.959402E+00   0.107600E+00   0.729610E+00   0.729610E+00
   0.219358E+01   0.811783E+00   0.107277E+00   0.724421E+00   0.724421E+00
   0.219832E+01   0.669808E+00   0.107185E+00   0.719341E+00   0.719341E+00
   0.220306E+01   0.855826E+00   0.107063E+00   0.714367E+00   0.714367E+00
   0.220780E+01   0.701232E+00   0.106997E+00   0.709499E+00   0.709499E+00
   0.221255E+01   0.726699E+00   0.106635E+00   0.704736E+00   0.704736E+00
   0.221729E+01   0.829400E+00   0.106604E+00   0.700076E+00   0.700076E+00
   0.222203E+01   0.753015E+00   0.106324E+00   0.695517E+00   0.695517E+00
   0.222677E+01   0.730861E+00   0.106399E+00   0.691058E+00   0.691058E+00
   0.223152E+01   0.707712E+00   0.106002E+00   0.686698E+00   0.686698E+00
   0.223626E+01   0.679653E+00   0.105725E+00   0.682435E+00   0.682435E+00
   0.224100E+01   0.734432E+00   0.105774E+00   0.678268E+00   0.678268E+00
   0.224575E+01   0.633765E+00   0.105529E+00   0.674196E+00   0.674196E+00
   0.225049E+01   0.561431E+00   0.105480E+00   0.670216E+00   0.670216E+00
   0.225523E+01   0.618145E+00   0.105324E+00   0.666329E+00   0.666329E+00
   0.225997E+01   0.629224E+00   0.105261E+00   0.662530E+00   0.662530E+00
   0.226472E+01   0.715846E+00   0.105050E+00   0.658820E+00   0.658820E+00
   0.226946E+01   0.652314E+00   0.105062E+00   0.655198E+00   0.655198E+00
   0.227420E+01   0.679722E+00   0.105096E+00   0.651658E+00   0.651658E+00
   0.227895E+01   0.661292E+00   0.104876E+00   0.648203E+00   0.648203E+00
   0.228369E+01   0.476840E+00   0.104589E+00   0.644830E+00   0.644830E+00
   0.228843E+01   0.560928E+00   0.104310E+00   0.641539E+00   0.641539E+00
   0.229318E+01   0.690721E+00   0.104308E+00   0.638325E+00   0.638325E+00
   0.229792E+01   0.790538E+00   0.104269E+00   0.635188E+00   0.635188E+00
   0.230266E+01   0.648179E+00   0.104309E+00   0.632127E+00   0.632127E+00
   0.230740E+01   0.601981E+00   0.103919E+00   0.629140E+00   0.629140E+00
   0.231215E+01   0.525476E+00   0.103742E+00   0.626225E+00   0.626225E+00
   0.231689E+01   0.429083E+00   0.103536E+00   0.623381E+00   0.623381E+00
   0.232163E+01   0.548706E+00   0.103410E+00   0.620606E+00   0.620606E+00
   0.232638E+01   0.564789E+00   0.103476E+00   0.617898E+00   0.617898E+00
   0.233112E+01   0.638672E+00   0.103471E+00   0.615256E+00   0.615256E+00
   0.233586E+01   0.695744E+00   0.103241E+00   0.612678E+00   0.612678E+00
   0.234060E+01   0.600418E+00   0.103114E+00   0.610161E+00   0.610161E+00
   0.234535E+01   0.635307E+00   0.102952E+00   0.607706E+00   0.607706E+00
   0.235009E+01   0.573906E+00   0.102791E+00   0.605309E+00   0.605309E+00
   0.235483E+01   0.446880E+00   0.102706E+00   0.602970E+00   0.602970E+00
   0.235957E+01   0.481360E+00   0.102697E+00   0.600687E+00   0.600687E+00
   0.236432E+01   0.499141E+00   0.102456E+00   0.598458E+00   0.598458E+00
   0.236906E+01   0.663137E+00   0.102510E+00   0.596281E+00   0.596281E+00
   0.237380E+01   0.609481E+00   0.102317E+00   0.594155E+00   0.594155E+00
   0.237855E+01   0.664977E+00   0.102415E+00   0.592078E+00   0.592078E+00
   0.238329E+01   0.606890E+00   0.102060E+00   0.590048E+00   0.590048E+00
   0.238803E+01   0.516834E+00   0.101969E+00   0.588064E+00   0.588064E+00
   0.239277E+01   0.617820E+00   0.101943E+00   0.586125E+00   0.586125E+00
   0.239752E+01   0.645427E+00   0.101741E+00   0.584228E+00   0.584228E+00
   0.240226E+01   0.601410E+00   0.101713E+00   0.582373E+00   0.582373E+00
   0.240700E+01   0.508556E+00   0.101413E+00   0.580556E+00   0.580556E+00
   0.241175E+01   0.560200E+00   0.101381E+00   0.578778E+00   0.578778E+00
   0.241649E+01   0.345846E+00   0.101277E+00   0.577036E+00   0.577036E+00
   0.242123E+01   0.512008E+00   0.101166E+00   0.575329E+00   0.575329E+00
   0.242598E+01   0.707356E+00   0.101143E+00   0.573655E+00   0.573655E+00
   0.243072E+01   0.540221E+00   0.100840E+00   0.572014E+00   0.572014E+00
   0.243546E+01   0.510903E+00   0.100946E+00   0.570402E+00   0.570402E+00
   0.244020E+01   0.611695E+00   0.100839E+00   0.568819E+00   0.568819E+00
   0.244495E+01   0.634275E+00   0.100655E+00   0.567263E+00   0.567263E+00
   0.244969E+01   0.659764E+00   0.100465E+00   0.565733E+00   0.565733E+00
   0.245443E+01   0.483747E+00   0.100420E+00   0.564228E+00   0.564228E+00
   0.245918E+01   0.469706E+00   0.100419E+00   0.562746E+00   0.562746E+00
   0.246392E+01   0.583954E+00   0.100363E+00   0.561285E+00   0.561285E+00
   0.246866E+01   0.593573E+00   0.100383E+00   0.559845E+00   0.559845E+00
   0.247340E+01   0.531887E+00   0.100122E+00   0.558423E+00   0.558423E+00
   0.247815E+01   0.601801E+00   0.999923E-01   0.557020E+00   0.557020E+00
   0.248289E+01   0.662176E+00   0.996835E-01   0.555632E+00   0.555632E+00
   0.248763E+01   0.599121E+00   0.996090E-01   0.554259E+00   0.554259E+00
   0.249238E+01   0.425475E+00   0.996456E-01   0.552900E+00   0.552900E+00
   0.249712E+01   0.426111E+00   0.993869E-01   0.551553E+00   0.551553E+00
   0.250186E+01   0.573088E+00   0.995364E-01   0.550218E+00   0.550218E+00
   0.250660E+01   0.353070E+00   0.993611E-01   0.548893E+00   0.548893E+00
   0.251135E+01   0.477102E+00   0.991935E-01   0.547577E+00   0.547577E+00
   0.251609E+01   0.538527E+00   0.991138E-01   0.546268E+00   0.546268E+00
   0.252083E+01   0.540959E+00   0.990785E-01   0.544966E+00   0.544966E+00
   0.252558E+01   0.461190E+00   0.987545E-01   0.543669E+00   0.543669E+00
   0.253032E+01   0.487647E+00   0.983112E-01   0.542377E+00   0.542377E+00
   0.253506E+01   0.511952E+00   0.983967E-01   0.541088E+00   0.541088E+00
   0.253980E+01   0.466105E+00   0.982429E-01   0.539801E+00   0.539801E+00
   0.254455E+01   0.623211E+00   0.983837E-01   0.538516E+00   0.538516E+00
   0.254929E+01   0.515091E+00   0.979837E-01   0.537231E+00   0.537231E+00
   0.255403E+01   0.499458E+00   0.981173E-01   0.535946E+00   0.535946E+00
   0.255878E+01   0.491063E+00   0.979852E-01   0.534659E+00   0.534659E+00
   0.256352E+01   0.590152E+00   0.978396E-01   0.533369E+00   0.533369E+00
   0.256826E+01   0.648291E+00   0.979454E-01   0.532077E+00   0.532077E+00
   0.257300E+01   0.442808E+00   0.977713E-01   0.530780E+00   0.530780E+00
   0.257775E+01   0.427080E+00   0.977199E-01   0.529479E+00   0.529479E+00
   0.258249E+01   0.481721E+00   0.976927E-01   0.528172E+00   0.528172E+00
   0.258723E+01   0.481673E+00   0.975682E-01   0.526858E+00   0.526858E+00
   0.259198E+01   0.481979E+00   0.975417E-01   0.525537E+00   0.525537E+00
   0.259672E+01   0.360171E+00   0.976090E-01   0.524209E+00   0.524209E+00
   0.260146E+01   0.486610E+00   0.975812E-01   0.522872E+00   0.522872E+00
   0.260620E+01   0.536525E+00   0.974836E-01   0.521526E+00   0.521526E+00
   0.261095E+01   0.589178E+00   0.973798E-01   0.520170E+00   0.520170E+00
   0.261569E+01   0.467548E+00   0.971566E-01   0.518805E+00   0.518805E+00
   0.262043E+01   0.413720E+00   0.971051E-01   0.517428E+00   0.517428E+00
   0.262518E+01   0.405036E+00   0.970255E-01   0.516040E+00   0.516040E+00
   0.262992E+01   0.442095E+00   0.970171E-01   0.514640E+00   0.514640E+00
   0.263466E+01   0.485062E+00   0.968960E-01   0.513228E+00   0.513228E+00
   0.263940E+01   0.445105E+00   0.967406E-01   0.511803E+00   0.511803E+00
   0.264415E+01   0.508249E+00   0.967050E-01   0.510365E+00   0.510365E+00
   0.264889E+01   0.483389E+00   0.964565E-01   0.508914E+00   0.508914E+00
   0.265363E+01   0.509670E+00   0.964390E-01   0.507448E+00   0.507448E+00
   0.265838E+01   0.479155E+00   0.963160E-01   0.505969E+00   0.505969E+00
   0.266312E+01   0.520832E+00   0.963626E-01   0.504475E+00   0.504475E+00
   0.266786E+01   0.456697E+00   0.961839E-01   0.502966E+00   0.502966E+00
   0.267260E+01   0.474245E+00   0.961170E-01   0.501443E+00   0.501443E+00
   0.267735E+01   0.485809E+00   0.960421E-01   0.499905E+00   0.499905E+00
   0.268209E+01   0.455382E+00   0.959918E-01   0.498351E+00   0.498351E+00
   0.268683E+01   0.440261E+00   0.957890E-01   0.496781E+00   0.496781E+00
   0.269158E+01   0.443508E+00   0.957465E-01   0.495196E+00   0.495196E+00
   0.269632E+01   0.403586E+00   0.957529E-01   0.493595E+00   0.493595E+00
   0.270106E+01   0.496414E+00   0.956587E-01   0.491979E+00   0.491979E+00
   0.270580E+01   0.611824E+00   0.955474E-01   0.490346E+00   0.490346E+00
   0.271055E+01   0.563891E+00   0.954906E-01   0.488698E+00   0.488698E+00
   0.271529E+01   0.474419E+00   0.956551E-01   0.487034E+00   0.487034E+00
   0.272003E+01   0.345882E+00   0.953456E-01   0.485353E+00   0.485353E+00
   0.272478E+01   0.443404E+00   0.952843E-01   0.483658E+00   0.483658E+00
   0.272952E+01   0.528647E+00   0.950606E-01   0.481947E+00   0.481947E+00
   0.273426E+01   0.527134E+00   0.949293E-01   0.480219E+00   0.480219E+00
   0.273901E+01   0.530513E+00   0.948555E-01   0.478477E+00   0.478477E+00
   0.274375E+01   0.553418E+00   0.948078E-01   0.476719E+00   0.476719E+00
   0.274849E+01   0.436327E+00   0.947241E-01   0.474945E+00   0.474945E+00
   0.275323E+01   0.489362E+00   0.946964E-01   0.473157E+00   0.473157E+00
   0.275798E+01   0.428508E+00   0.945682E-01   0.471354E+00   0.471354E+00
   0.276272E+01   0.415586E+00   0.944167E-01   0.469536E+00   0.469536E+00
   0.276746E+01   0.443266E+00   0.944067E-01   0.467703E+00   0.467703E+00
   0.277221E+01   0.357137E+00   0.943207E-01   0.465857E+00   0.465857E+00
   0.277695E+01   0.283870E+00   0.942239E-01   0.463996E+00   0.463996E+00
   0.278169E+01   0.501660E+00   0.942722E-01   0.462123E+00   0.462123E+00
   0.278643E+01   0.520835E+00   0.940559E-01   0.460236E+00   0.460236E+00
   0.279118E+01   0.407063E+00   0.939731E-01   0.458336E+00   0.458336E+00
   0.279592E+01   0.484031E+00   0.938443E-01   0.456423E+00   0.456423E+00
   0.280066E+01   0.479047E+00   0.938028E-01   0.454498E+00   0.454498E+00
   0.280540E+01   0.280573E+00   0.936765E-01   0.452562E+00   0.452562E+00
   0.281015E+01   0.455248E+00   0.936533E-01   0.450614E+00   0.450614E+00
   0.281489E+01   0.341438E+00   0.938900E-01   0.448655E+00   0.448655E+00
   0.281963E+01   0.412370E+00   0.957758E-01   0.446685E+00   0.446685E+00
   0.282438E+01   0.380290E+00   0.975252E-01   0.444706E+00   0.444706E+00
   0.282912E+01   0.370230E+00   0.987539E-01   0.442716E+00   0.442716E+00
   0.283386E+01   0.422409E+00   0.998258E-01   0.440719E+00   0.440719E+00
   0.283860E+01   0.550873E+00   0.100551E+00   0.438710E+00   0.438710E+00
   0.284335E+01   0.422142E+00   0.100813E+00   0.436695E+00   0.436695E+00
   0.284809E+01   0.492092E+00   0.101177E+00   0.434672E+00   0.434672E+00
   0.285283E+01   0.538580E+00   0.101562E+00   0.432642E+00   0.432642E+00
   0.285758E+01   0.568535E+00   0.101863E+00   0.430604E+00   0.430604E+00
   0.286232E+01   0.489768E+00   0.102094E+00   0.428561E+00   0.428561E+00
   0.286706E+01   0.315593E+00   0.102272E+00   0.426512E+00   0.426512E+00
   0.287181E+01   0.311644E+00   0.102553E+00   0.424458E+00   0.424458E+00
   0.287655E+01   0.386878E+00   0.102771E+00   0.422399E+00   0.422399E+00
   0.288129E+01   0.448082E+00   0.102473E+00   0.420336E+00   0.420336E+00
   0.288603E+01   0.461640E+00   0.999148E-01   0.418271E+00   0.418271E+00
   0.289078E+01   0.391441E+00   0.982800E-01   0.416202E+00   0.416202E+00
   0.289552E+01   0.364690E+00   0.971362E-01   0.414130E+00   0.414130E+00
   0.290026E+01   0.413919E+00   0.963508E-01   0.412057E+00   0.412057E+00
   0.290501E+01   0.253265E+00   0.956127E-01   0.409983E+00   0.409983E+00
   0.290975E+01   0.436788E+00   0.953980E-01   0.407909E+00   0.407909E+00
   0.291449E+01   0.437619E+00   0.951449E-01   0.405834E+00   0.405834E+00
   0.291923E+01   0.330906E+00   0.948385E-01   0.403761E+00   0.403761E+00
   0.292398E+01   0.428020E+00   0.947153E-01   0.401688E+00   0.401688E+00
   0.292872E+01   0.496427E+00   0.945722E-01   0.399617E+00   0.399617E+00
   0.293346E+01   0.394325E+00   0.943136E-01   0.397549E+00   0.397549E+00
   0.293820E+01   0.440635E+00   0.942074E-01   0.395483E+00   0.395483E+00
   0.294295E+01   0.390039E+00   0.939245E-01   0.393421E+00   0.393421E+00
   0.294769E+01   0.479046E+00   0.940737E-01   0.391365E+00   0.391365E+00
   0.295243E+01   0.422001E+00   0.937588E-01   0.389311E+00   0.389311E+00
   0.295718E+01   0.463714E+00   0.937759E-01   0.387264E+00   0.387264E+00
   0.296192E+01   0.418364E+00   0.936782E-01   0.385223E+00   0.385223E+00
   0.296666E+01   0.346111E+00   0.933444E-01   0.383188E+00   0.383188E+00
   0.297140E+01   0.297174E+00   0.931816E-01   0.381160E+00   0.381160E+00
   0.297615E+01   0.391765E+00   0.932449E-01   0.379140E+00   0.379140E+00
   0.298089E+01   0.445198E+00   0.932299E-01   0.377128E+00   0.377128E+00
   0.298563E+01   0.513665E+00   0.931220E-01   0.375125E+00   0.375125E+00
   0.299038E+01   0.356100E+00   0.928275E-01   0.373132E+00   0.373132E+00
   0.299512E+01   0.440308E+00   0.928398E-01   0.371149E+00   0.371149E+00
   0.299986E+01   0.414147E+00   0.925941E-01   0.369175E+00   0.369175E+00

           ####      Real Space Data                               ####

           Distance distribution  function of particle  


      R          P(R)      ERROR

  0.0000E+00  0.0000E+00  0.0000E+00
  0.3238E-01  0.8768E-02  0.2405E-03
  0.6476E-01  0.1799E-01  0.4538E-03
  0.9714E-01  0.2768E-01  0.6401E-03
  0.1295E+00  0.3781E-01  0.7999E-03
  0.1619E+00  0.4839E-01  0.9337E-03
  0.1943E+00  0.5941E-01  0.1042E-02
  0.2267E+00  0.7086E-01  0.1126E-02
  0.2590E+00  0.8273E-01  0.1187E-02
  0.2914E+00  0.9500E-01  0.1226E-02
  0.3238E+00  0.1077E+00  0.1244E-02
  0.3562E+00  0.1207E+00  0.1243E-02
  0.3886E+00  0.1341E+00  0.1224E-02
  0.4210E+00  0.1478E+00  0.1190E-02
  0.4533E+00  0.1619E+00  0.1142E-02
  0.4857E+00  0.1762E+00  0.1084E-02
  0.5181E+00  0.1908E+00  0.1018E-02
  0.5505E+00  0.2057E+00  0.9485E-03
  0.5829E+00  0.2208E+00  0.8799E-03
  0.6152E+00  0.2361E+00  0.8180E-03
  0.6476E+00  0.2516E+00  0.7696E-03
  0.6800E+00  0.2673E+00  0.7416E-03
  0.7124E+00  0.2830E+00  0.7395E-03
  0.7448E+00  0.2989E+00  0.7656E-03
  0.7771E+00  0.3148E+00  0.8178E-03
  0.8095E+00  0.3308E+00  0.8911E-03
  0.8419E+00  0.3467E+00  0.9796E-03
  0.8743E+00  0.3627E+00  0.1078E-02
  0.9067E+00  0.3786E+00  0.1181E-02
  0.9390E+00  0.3944E+00  0.1285E-02
  0.9714E+00  0.4101E+00  0.1388E-02
  0.1004E+01  0.4257E+00  0.1486E-02
  0.1036E+01  0.4411E+00  0.1578E-02
  0.1069E+01  0.4563E+00  0.1663E-02
  0.1101E+01  0.4713E+00  0.1740E-02
  0.1133E+01  0.4861E+00  0.1807E-02
  0.1166E+01  0.5006E+00  0.1864E-02
  0.1198E+01  0.5147E+00  0.1910E-02
  0.1230E+01  0.5286E+00  0.1945E-02
  0.1263E+01  0.5421E+00  0.1970E-02
  0.1295E+01  0.5553E+00  0.1983E-02
  0.1328E+01  0.5680E+00  0.1986E-02
  0.1360E+01  0.5804E+00  0.1979E-02
  0.1392E+01  0.5923E+00  0.1963E-02
  0.1425E+01  0.6038E+00  0.1938E-02
  0.1457E+01  0.6148E+00  0.1906E-02
  0.1490E+01  0.6254E+00  0.1868E-02
  0.1522E+01  0.6354E+00  0.1826E-02
  0.1554E+01  0.6450E+00  0.1782E-02
  0.1587E+01  0.6540E+00  0.1736E-02
  0.1619E+01  0.6626E+00  0.1693E-02
  0.1651E+01  0.6705E+00  0.1653E-02
  0.1684E+01  0.6780E+00  0.1619E-02
  0.1716E+01  0.6849E+00  0.1594E-02
  0.1749E+01  0.6913E+00  0.1579E-02
  0.1781E+01  0.6971E+00  0.1575E-02
  0.1813E+01  0.7023E+00  0.1584E-02
  0.1846E+01  0.7070E+00  0.1605E-02
  0.1878E+01  0.7112E+00  0.1638E-02
  0.1910E+01  0.7148E+00  0.1681E-02
  0.1943E+01  0.7179E+00  0.1734E-02
  0.1975E+01  0.7204E+00  0.1793E-02
  0.2008E+01  0.7224E+00  0.1858E-02
  0.2040E+01  0.7239E+00  0.1925E-02
  0.2072E+01  0.7248E+00  0.1993E-02
  0.2105E+01  0.7253E+00  0.2061E-02
  0.2137E+01  0.7253E+00  0.2126E-02
  0.2170E+01  0.7248E+00  0.2187E-02
  0.2202E+01  0.7238E+00  0.2243E-02
  0.2234E+01  0.7223E+00  0.2293E-02
  0.2267E+01  0.7205E+00  0.2337E-02
  0.2299E+01  0.7181E+00  0.2373E-02
  0.2331E+01  0.7154E+00  0.2401E-02
  0.2364E+01  0.7123E+00  0.2421E-02
  0.2396E+01  0.7088E+00  0.2433E-02
  0.2429E+01  0.7050E+00  0.2436E-02
  0.2461E+01  0.7008E+00  0.2432E-02
  0.2493E+01  0.6962E+00  0.2421E-02
  0.2526E+01  0.6914E+00  0.2403E-02
  0.2558E+01  0.6862E+00  0.2380E-02
  0.2590E+01  0.6808E+00  0.2351E-02
  0.2623E+01  0.6751E+00  0.2318E-02
  0.2655E+01  0.6692E+00  0.2283E-02
  0.2688E+01  0.6631E+00  0.2247E-02
  0.2720E+01  0.6567E+00  0.2211E-02
  0.2752E+01  0.6502E+00  0.2176E-02
  0.2785E+01  0.6435E+00  0.2145E-02
  0.2817E+01  0.6366E+00  0.2119E-02
  0.2850E+01  0.6296E+00  0.2100E-02
  0.2882E+01  0.6225E+00  0.2088E-02
  0.2914E+01  0.6152E+00  0.2084E-02
  0.2947E+01  0.6079E+00  0.2090E-02
  0.2979E+01  0.6005E+00  0.2104E-02
  0.3011E+01  0.5930E+00  0.2128E-02
  0.3044E+01  0.5854E+00  0.2161E-02
  0.3076E+01  0.5779E+00  0.2201E-02
  0.3109E+01  0.5702E+00  0.2248E-02
  0.3141E+01  0.5626E+00  0.2300E-02
  0.3173E+01  0.5550E+00  0.2357E-02
  0.3206E+01  0.5473E+00  0.2416E-02
  0.3238E+01  0.5397E+00  0.2476E-02
  0.3270E+01  0.5321E+00  0.2537E-02
  0.3303E+01  0.5245E+00  0.2596E-02
  0.3335E+01  0.5170E+00  0.2654E-02
  0.3368E+01  0.5095E+00  0.2708E-02
  0.3400E+01  0.5020E+00  0.2759E-02
  0.3432E+01  0.4947E+00  0.2806E-02
  0.3465E+01  0.4874E+00  0.2848E-02
  0.3497E+01  0.4801E+00  0.2886E-02
  0.3530E+01  0.4729E+00  0.2918E-02
  0.3562E+01  0.4658E+00  0.2945E-02
  0.3594E+01  0.4588E+00  0.2967E-02
  0.3627E+01  0.4519E+00  0.2985E-02
  0.3659E+01  0.4451E+00  0.2998E-02
  0.3691E+01  0.4383E+00  0.3007E-02
  0.3724E+01  0.4317E+00  0.3013E-02
  0.3756E+01  0.4251E+00  0.3016E-02
  0.3789E+01  0.4187E+00  0.3017E-02
  0.3821E+01  0.4123E+00  0.3017E-02
  0.3853E+01  0.4061E+00  0.3016E-02
  0.3886E+01  0.3999E+00  0.3016E-02
  0.3918E+01  0.3938E+00  0.3016E-02
  0.3950E+01  0.3879E+00  0.3017E-02
  0.3983E+01  0.3820E+00  0.3021E-02
  0.4015E+01  0.3763E+00  0.3027E-02
  0.4048E+01  0.3706E+00  0.3037E-02
  0.4080E+01  0.3650E+00  0.3049E-02
  0.4112E+01  0.3596E+00  0.3065E-02
  0.4145E+01  0.3542E+00  0.3084E-02
  0.4177E+01  0.3489E+00  0.3106E-02
  0.4210E+01  0.3438E+00  0.3131E-02
  0.4242E+01  0.3387E+00  0.3159E-02
  0.4274E+01  0.3337E+00  0.3189E-02
  0.4307E+01  0.3288E+00  0.3220E-02
  0.4339E+01  0.3239E+00  0.3253E-02
  0.4371E+01  0.3192E+00  0.3287E-02
  0.4404E+01  0.3145E+00  0.3320E-02
  0.4436E+01  0.3100E+00  0.3354E-02
  0.4469E+01  0.3055E+00  0.3386E-02
  0.4501E+01  0.3010E+00  0.3418E-02
  0.4533E+01  0.2967E+00  0.3449E-02
  0.4566E+01  0.2924E+00  0.3478E-02
  0.4598E+01  0.2881E+00  0.3506E-02
  0.4630E+01  0.2839E+00  0.3533E-02
  0.4663E+01  0.2798E+00  0.3558E-02
  0.4695E+01  0.2757E+00  0.3583E-02
  0.4728E+01  0.2717E+00  0.3607E-02
  0.4760E+01  0.2677E+00  0.3631E-02
  0.4792E+01  0.2637E+00  0.3656E-02
  0.4825E+01  0.2597E+00  0.3681E-02
  0.4857E+01  0.2558E+00  0.3707E-02
  0.4890E+01  0.2518E+00  0.3736E-02
  0.4922E+01  0.2479E+00  0.3767E-02
  0.4954E+01  0.2440E+00  0.3801E-02
  0.4987E+01  0.2400E+00  0.3839E-02
  0.5019E+01  0.2361E+00  0.3880E-02
  0.5051E+01  0.2321E+00  0.3924E-02
  0.5084E+01  0.2280E+00  0.3972E-02
  0.5116E+01  0.2239E+00  0.4023E-02
  0.5149E+01  0.2197E+00  0.4077E-02
  0.5181E+01  0.2155E+00  0.4133E-02
  0.5213E+01  0.2112E+00  0.4190E-02
  0.5246E+01  0.2068E+00  0.4247E-02
  0.5278E+01  0.2022E+00  0.4304E-02
  0.5310E+01  0.1976E+00  0.4358E-02
  0.5343E+01  0.1928E+00  0.4409E-02
  0.5375E+01  0.1879E+00  0.4455E-02
  0.5408E+01  0.1828E+00  0.4493E-02
  0.5440E+01  0.1775E+00  0.4524E-02
  0.5472E+01  0.1720E+00  0.4543E-02
  0.5505E+01  0.1663E+00  0.4551E-02
  0.5537E+01  0.1605E+00  0.4545E-02
  0.5570E+01  0.1543E+00  0.4523E-02
  0.5602E+01  0.1480E+00  0.4483E-02
  0.5634E+01  0.1413E+00  0.4423E-02
  0.5667E+01  0.1344E+00  0.4342E-02
  0.5699E+01  0.1272E+00  0.4238E-02
  0.5731E+01  0.1197E+00  0.4108E-02
  0.5764E+01  0.1118E+00  0.3952E-02
  0.5796E+01  0.1037E+00  0.3767E-02
  0.5829E+01  0.9512E-01  0.3552E-02
  0.5861E+01  0.8622E-01  0.3304E-02
  0.5893E+01  0.7692E-01  0.3023E-02
  0.5926E+01  0.6724E-01  0.2707E-02
  0.5958E+01  0.5713E-01  0.2355E-02
  0.5990E+01  0.4661E-01  0.1965E-02
  0.6023E+01  0.3564E-01  0.1535E-02
  0.6055E+01  0.2423E-01  0.1065E-02
  0.6088E+01  0.1235E-01  0.5539E-03
  0.6120E+01  0.0000E+00  0.0000E+00
