
           ####      G N O M             Version 5.0 (r13469)      ####
                                               Wed Dec 15 15:10:20 2021

           ####      Configuration                                 ####

    System Type:                   arbitrary monodisperse (job = 0)
    Minimum characteristic size:         0.0000
    Maximum characteristic size:         6.9300
    rad56:                               0.0000
    Force 0.0 at r = rmin:                  yes
    Force 0.0 at r = rmax:                  yes
    Initial alpha:                       0.0000
    Initial random seed:    1434972169266802480
    Points in real space:                   190

    Input  1:                      temp-inp.dat
    First data point used:                    1
    Last data point used:                   570
    Scaling coefficient:             0.1000E+01
    Experimental setup:            point collimation



           ####      Results                                       ####

    Parameter    DISCRP  OSCILL  STABIL  SYSDEV  POSITV  VALCEN  SMOOTH
    Weight        1.000   3.000   3.000   3.000   1.000   1.000   1.000
    Sigma         0.300   0.600   0.120   0.120   0.120   0.120   0.600
    Ideal         0.700   1.100   0.000   1.000   1.000   0.950   0.000
    Current       0.706   1.169   0.013   0.699   1.000   0.901   2.664
               --------------------------------------------------------
    Estimate      1.000   0.987   0.988   0.002   1.000   0.844   0.000

    Angular range:                       0.3012 to       2.9999
    Reciprocal space Rg:             0.2373E+01
    Reciprocal space I(0):           0.3582E+02

    Real space range:                    0.0000 to       6.9300
    Real space Rg:                   0.2379E+01 +-   0.5293E-02
    Real space I(0):                 0.3582E+02 +-   0.8233E-01

    Highest ALPHA (theor):           0.2851E+02
    Current ALPHA:                   0.1395E+02

    Total Estimate:                      0.6748 (a REASONABLE solution)



           ####      Experimental Data and Fit                     ####

      S          J EXP       ERROR       J REG       I REG

   0.000000E+00                                                0.358223E+02
   0.107561E-01                                                0.358144E+02
   0.215123E-01                                                0.357910E+02
   0.322684E-01                                                0.357520E+02
   0.430246E-01                                                0.356974E+02
   0.537807E-01                                                0.356274E+02
   0.645368E-01                                                0.355420E+02
   0.752930E-01                                                0.354414E+02
   0.860491E-01                                                0.353257E+02
   0.968053E-01                                                0.351951E+02
   0.107561E+00                                                0.350497E+02
   0.118318E+00                                                0.348897E+02
   0.129074E+00                                                0.347154E+02
   0.139830E+00                                                0.345270E+02
   0.150586E+00                                                0.343247E+02
   0.161342E+00                                                0.341089E+02
   0.172098E+00                                                0.338798E+02
   0.182854E+00                                                0.336378E+02
   0.193611E+00                                                0.333831E+02
   0.204367E+00                                                0.331161E+02
   0.215123E+00                                                0.328372E+02
   0.225879E+00                                                0.325467E+02
   0.236635E+00                                                0.322450E+02
   0.247391E+00                                                0.319325E+02
   0.258147E+00                                                0.316096E+02
   0.268903E+00                                                0.312768E+02
   0.279660E+00                                                0.309344E+02
   0.290416E+00                                                0.305829E+02
   0.301172E+00   0.306000E+02   0.198765E+00   0.302227E+02   0.302227E+02
   0.305915E+00   0.305247E+02   0.197077E+00   0.300612E+02   0.300612E+02
   0.310658E+00   0.301872E+02   0.194932E+00   0.298982E+02   0.298982E+02
   0.315400E+00   0.302517E+02   0.193250E+00   0.297337E+02   0.297337E+02
   0.320143E+00   0.299721E+02   0.191890E+00   0.295677E+02   0.295677E+02
   0.324886E+00   0.297808E+02   0.189559E+00   0.294002E+02   0.294002E+02
   0.329629E+00   0.295831E+02   0.188204E+00   0.292314E+02   0.292314E+02
   0.334372E+00   0.293257E+02   0.186539E+00   0.290612E+02   0.290612E+02
   0.339115E+00   0.291977E+02   0.186906E+00   0.288896E+02   0.288896E+02
   0.343858E+00   0.290000E+02   0.189080E+00   0.287168E+02   0.287168E+02
   0.348601E+00   0.290608E+02   0.193694E+00   0.285428E+02   0.285428E+02
   0.353343E+00   0.288633E+02   0.196991E+00   0.283675E+02   0.283675E+02
   0.358086E+00   0.284514E+02   0.198755E+00   0.281911E+02   0.281911E+02
   0.362829E+00   0.282571E+02   0.200150E+00   0.280136E+02   0.280136E+02
   0.367572E+00   0.279576E+02   0.201361E+00   0.278349E+02   0.278349E+02
   0.372315E+00   0.277203E+02   0.202821E+00   0.276553E+02   0.276553E+02
   0.377058E+00   0.274228E+02   0.203449E+00   0.274747E+02   0.274747E+02
   0.381801E+00   0.274145E+02   0.204490E+00   0.272931E+02   0.272931E+02
   0.386543E+00   0.271413E+02   0.205062E+00   0.271105E+02   0.271105E+02
   0.391286E+00   0.270084E+02   0.205429E+00   0.269271E+02   0.269271E+02
   0.396029E+00   0.267563E+02   0.205914E+00   0.267429E+02   0.267429E+02
   0.400772E+00   0.267870E+02   0.207596E+00   0.265579E+02   0.265579E+02
   0.405515E+00   0.266343E+02   0.214359E+00   0.263721E+02   0.263721E+02
   0.410258E+00   0.260090E+02   0.219090E+00   0.261856E+02   0.261856E+02
   0.415001E+00   0.257745E+02   0.223156E+00   0.259985E+02   0.259985E+02
   0.419744E+00   0.258866E+02   0.226649E+00   0.258107E+02   0.258107E+02
   0.424486E+00   0.257957E+02   0.230038E+00   0.256223E+02   0.256223E+02
   0.429229E+00   0.253347E+02   0.232975E+00   0.254334E+02   0.254334E+02
   0.433972E+00   0.250297E+02   0.236410E+00   0.252439E+02   0.252439E+02
   0.438715E+00   0.249978E+02   0.239477E+00   0.250540E+02   0.250540E+02
   0.443458E+00   0.248793E+02   0.243068E+00   0.248637E+02   0.248637E+02
   0.448201E+00   0.242424E+02   0.246247E+00   0.246729E+02   0.246729E+02
   0.452944E+00   0.246779E+02   0.250152E+00   0.244818E+02   0.244818E+02
   0.457686E+00   0.240789E+02   0.252149E+00   0.242904E+02   0.242904E+02
   0.462429E+00   0.241914E+02   0.253771E+00   0.240987E+02   0.240987E+02
   0.467172E+00   0.234660E+02   0.252458E+00   0.239068E+02   0.239068E+02
   0.471915E+00   0.237691E+02   0.243193E+00   0.237146E+02   0.237146E+02
   0.476658E+00   0.236552E+02   0.237763E+00   0.235223E+02   0.235223E+02
   0.481401E+00   0.234382E+02   0.234184E+00   0.233299E+02   0.233299E+02
   0.486144E+00   0.227790E+02   0.231407E+00   0.231374E+02   0.231374E+02
   0.490887E+00   0.227427E+02   0.228956E+00   0.229448E+02   0.229448E+02
   0.495629E+00   0.226699E+02   0.227569E+00   0.227522E+02   0.227522E+02
   0.500372E+00   0.223654E+02   0.224637E+00   0.225597E+02   0.225597E+02
   0.505115E+00   0.221661E+02   0.223276E+00   0.223672E+02   0.223672E+02
   0.509858E+00   0.220696E+02   0.222465E+00   0.221748E+02   0.221748E+02
   0.514601E+00   0.217045E+02   0.220615E+00   0.219825E+02   0.219825E+02
   0.519344E+00   0.215215E+02   0.219289E+00   0.217904E+02   0.217904E+02
   0.524087E+00   0.216202E+02   0.218318E+00   0.215984E+02   0.215984E+02
   0.528829E+00   0.209400E+02   0.216961E+00   0.214067E+02   0.214067E+02
   0.533572E+00   0.209590E+02   0.215439E+00   0.212153E+02   0.212153E+02
   0.538315E+00   0.209045E+02   0.213353E+00   0.210242E+02   0.210242E+02
   0.543058E+00   0.206804E+02   0.211376E+00   0.208334E+02   0.208334E+02
   0.547801E+00   0.201934E+02   0.209462E+00   0.206429E+02   0.206429E+02
   0.552544E+00   0.201844E+02   0.207807E+00   0.204529E+02   0.204529E+02
   0.557287E+00   0.198053E+02   0.206620E+00   0.202632E+02   0.202632E+02
   0.562029E+00   0.196662E+02   0.204546E+00   0.200741E+02   0.200741E+02
   0.566772E+00   0.195886E+02   0.202853E+00   0.198854E+02   0.198854E+02
   0.571515E+00   0.194940E+02   0.201640E+00   0.196972E+02   0.196972E+02
   0.576258E+00   0.191844E+02   0.200435E+00   0.195096E+02   0.195096E+02
   0.581001E+00   0.192954E+02   0.199269E+00   0.193226E+02   0.193226E+02
   0.585744E+00   0.189978E+02   0.198151E+00   0.191362E+02   0.191362E+02
   0.590487E+00   0.188527E+02   0.197477E+00   0.189504E+02   0.189504E+02
   0.595230E+00   0.186335E+02   0.196278E+00   0.187652E+02   0.187652E+02
   0.599972E+00   0.184986E+02   0.195984E+00   0.185808E+02   0.185808E+02
   0.604715E+00   0.182450E+02   0.195116E+00   0.183971E+02   0.183971E+02
   0.609458E+00   0.179695E+02   0.194118E+00   0.182141E+02   0.182141E+02
   0.614201E+00   0.178492E+02   0.193663E+00   0.180318E+02   0.180318E+02
   0.618944E+00   0.175876E+02   0.192843E+00   0.178504E+02   0.178504E+02
   0.623687E+00   0.173158E+02   0.192426E+00   0.176698E+02   0.176698E+02
   0.628430E+00   0.173118E+02   0.191547E+00   0.174900E+02   0.174900E+02
   0.633173E+00   0.170357E+02   0.191000E+00   0.173111E+02   0.173111E+02
   0.637915E+00   0.169199E+02   0.189959E+00   0.171331E+02   0.171331E+02
   0.642658E+00   0.167157E+02   0.189100E+00   0.169560E+02   0.169560E+02
   0.647401E+00   0.167454E+02   0.188496E+00   0.167798E+02   0.167798E+02
   0.652144E+00   0.164971E+02   0.188045E+00   0.166045E+02   0.166045E+02
   0.656887E+00   0.163410E+02   0.187569E+00   0.164303E+02   0.164303E+02
   0.661630E+00   0.159314E+02   0.186636E+00   0.162570E+02   0.162570E+02
   0.666373E+00   0.159056E+02   0.185922E+00   0.160847E+02   0.160847E+02
   0.671115E+00   0.159238E+02   0.185606E+00   0.159135E+02   0.159135E+02
   0.675858E+00   0.156961E+02   0.184757E+00   0.157433E+02   0.157433E+02
   0.680601E+00   0.154515E+02   0.184059E+00   0.155742E+02   0.155742E+02
   0.685344E+00   0.151970E+02   0.183520E+00   0.154062E+02   0.154062E+02
   0.690087E+00   0.149308E+02   0.182775E+00   0.152393E+02   0.152393E+02
   0.694830E+00   0.149617E+02   0.182499E+00   0.150735E+02   0.150735E+02
   0.699573E+00   0.150212E+02   0.181846E+00   0.149088E+02   0.149088E+02
   0.704315E+00   0.148221E+02   0.181069E+00   0.147453E+02   0.147453E+02
   0.709058E+00   0.143806E+02   0.180547E+00   0.145829E+02   0.145829E+02
   0.713801E+00   0.142549E+02   0.179897E+00   0.144217E+02   0.144217E+02
   0.718544E+00   0.141064E+02   0.179398E+00   0.142618E+02   0.142618E+02
   0.723287E+00   0.139594E+02   0.178603E+00   0.141030E+02   0.141030E+02
   0.728030E+00   0.138878E+02   0.178254E+00   0.139454E+02   0.139454E+02
   0.732773E+00   0.135550E+02   0.177850E+00   0.137890E+02   0.137890E+02
   0.737515E+00   0.136171E+02   0.176940E+00   0.136339E+02   0.136339E+02
   0.742258E+00   0.133111E+02   0.176378E+00   0.134801E+02   0.134801E+02
   0.747001E+00   0.132214E+02   0.175635E+00   0.133275E+02   0.133275E+02
   0.751744E+00   0.131498E+02   0.175027E+00   0.131761E+02   0.131761E+02
   0.756487E+00   0.132793E+02   0.174980E+00   0.130261E+02   0.130261E+02
   0.761230E+00   0.130894E+02   0.174185E+00   0.128773E+02   0.128773E+02
   0.765973E+00   0.128424E+02   0.173714E+00   0.127298E+02   0.127298E+02
   0.770716E+00   0.124860E+02   0.173036E+00   0.125837E+02   0.125837E+02
   0.775459E+00   0.124058E+02   0.172736E+00   0.124388E+02   0.124388E+02
   0.780201E+00   0.124203E+02   0.172381E+00   0.122952E+02   0.122952E+02
   0.784944E+00   0.119587E+02   0.171631E+00   0.121530E+02   0.121530E+02
   0.789687E+00   0.121276E+02   0.171468E+00   0.120121E+02   0.120121E+02
   0.794430E+00   0.118479E+02   0.170758E+00   0.118725E+02   0.118725E+02
   0.799173E+00   0.117734E+02   0.169639E+00   0.117342E+02   0.117342E+02
   0.803916E+00   0.114712E+02   0.169382E+00   0.115973E+02   0.115973E+02
   0.808658E+00   0.115448E+02   0.168932E+00   0.114618E+02   0.114618E+02
   0.813401E+00   0.114239E+02   0.168262E+00   0.113275E+02   0.113275E+02
   0.818144E+00   0.113030E+02   0.168212E+00   0.111946E+02   0.111946E+02
   0.822887E+00   0.111991E+02   0.167713E+00   0.110631E+02   0.110631E+02
   0.827630E+00   0.109781E+02   0.166857E+00   0.109329E+02   0.109329E+02
   0.832373E+00   0.109273E+02   0.165993E+00   0.108041E+02   0.108041E+02
   0.837116E+00   0.107537E+02   0.166168E+00   0.106766E+02   0.106766E+02
   0.841859E+00   0.107906E+02   0.165895E+00   0.105504E+02   0.105504E+02
   0.846601E+00   0.106609E+02   0.165537E+00   0.104256E+02   0.104256E+02
   0.851344E+00   0.104198E+02   0.164230E+00   0.103022E+02   0.103022E+02
   0.856087E+00   0.103618E+02   0.164432E+00   0.101801E+02   0.101801E+02
   0.860830E+00   0.100915E+02   0.163397E+00   0.100593E+02   0.100593E+02
   0.865573E+00   0.100600E+02   0.163168E+00   0.993991E+01   0.993991E+01
   0.870316E+00   0.994400E+01   0.162617E+00   0.982183E+01   0.982183E+01
   0.875059E+00   0.970505E+01   0.162429E+00   0.970509E+01   0.970509E+01
   0.879802E+00   0.988778E+01   0.162022E+00   0.958968E+01   0.958968E+01
   0.884544E+00   0.980135E+01   0.161617E+00   0.947560E+01   0.947560E+01
   0.889287E+00   0.954758E+01   0.160591E+00   0.936284E+01   0.936284E+01
   0.894030E+00   0.932734E+01   0.160087E+00   0.925140E+01   0.925140E+01
   0.898773E+00   0.938670E+01   0.159824E+00   0.914128E+01   0.914128E+01
   0.903516E+00   0.937574E+01   0.159781E+00   0.903247E+01   0.903247E+01
   0.908259E+00   0.905697E+01   0.158532E+00   0.892495E+01   0.892495E+01
   0.913002E+00   0.888914E+01   0.158389E+00   0.881874E+01   0.881874E+01
   0.917744E+00   0.891894E+01   0.157948E+00   0.871382E+01   0.871382E+01
   0.922487E+00   0.869063E+01   0.157484E+00   0.861018E+01   0.861018E+01
   0.927230E+00   0.875145E+01   0.157295E+00   0.850782E+01   0.850782E+01
   0.931973E+00   0.862063E+01   0.156765E+00   0.840672E+01   0.840672E+01
   0.936716E+00   0.875195E+01   0.156626E+00   0.830689E+01   0.830689E+01
   0.941459E+00   0.852492E+01   0.155879E+00   0.820832E+01   0.820832E+01
   0.946202E+00   0.830452E+01   0.155697E+00   0.811099E+01   0.811099E+01
   0.950944E+00   0.814889E+01   0.155227E+00   0.801489E+01   0.801489E+01
   0.955687E+00   0.799899E+01   0.155148E+00   0.792003E+01   0.792003E+01
   0.960430E+00   0.800168E+01   0.154475E+00   0.782639E+01   0.782639E+01
   0.965173E+00   0.800791E+01   0.153757E+00   0.773395E+01   0.773395E+01
   0.969916E+00   0.770469E+01   0.153298E+00   0.764272E+01   0.764272E+01
   0.974659E+00   0.766514E+01   0.153258E+00   0.755268E+01   0.755268E+01
   0.979402E+00   0.728477E+01   0.152700E+00   0.746382E+01   0.746382E+01
   0.984144E+00   0.736141E+01   0.152331E+00   0.737613E+01   0.737613E+01
   0.988887E+00   0.743735E+01   0.151881E+00   0.728960E+01   0.728960E+01
   0.993630E+00   0.741247E+01   0.151401E+00   0.720422E+01   0.720422E+01
   0.998373E+00   0.743076E+01   0.151364E+00   0.711998E+01   0.711998E+01
   0.100312E+01   0.721427E+01   0.151028E+00   0.703687E+01   0.703687E+01
   0.100786E+01   0.694066E+01   0.150449E+00   0.695488E+01   0.695488E+01
   0.101260E+01   0.710560E+01   0.150159E+00   0.687399E+01   0.687399E+01
   0.101734E+01   0.687384E+01   0.149802E+00   0.679419E+01   0.679419E+01
   0.102209E+01   0.683295E+01   0.149387E+00   0.671550E+01   0.671550E+01
   0.102683E+01   0.677191E+01   0.149329E+00   0.663786E+01   0.663786E+01
   0.103157E+01   0.670342E+01   0.148909E+00   0.656128E+01   0.656128E+01
   0.103632E+01   0.681935E+01   0.148458E+00   0.648576E+01   0.648576E+01
   0.104106E+01   0.637953E+01   0.148008E+00   0.641126E+01   0.641126E+01
   0.104580E+01   0.646494E+01   0.147496E+00   0.633779E+01   0.633779E+01
   0.105055E+01   0.643418E+01   0.147179E+00   0.626533E+01   0.626533E+01
   0.105529E+01   0.632661E+01   0.146576E+00   0.619389E+01   0.619389E+01
   0.106003E+01   0.613966E+01   0.146631E+00   0.612342E+01   0.612342E+01
   0.106477E+01   0.622135E+01   0.146127E+00   0.605393E+01   0.605393E+01
   0.106952E+01   0.631551E+01   0.146364E+00   0.598539E+01   0.598539E+01
   0.107426E+01   0.611257E+01   0.146009E+00   0.591781E+01   0.591781E+01
   0.107900E+01   0.615253E+01   0.145473E+00   0.585116E+01   0.585116E+01
   0.108374E+01   0.605569E+01   0.145268E+00   0.578544E+01   0.578544E+01
   0.108849E+01   0.566000E+01   0.144700E+00   0.572063E+01   0.572063E+01
   0.109323E+01   0.567382E+01   0.144151E+00   0.565674E+01   0.565674E+01
   0.109797E+01   0.566100E+01   0.144167E+00   0.559372E+01   0.559372E+01
   0.110272E+01   0.561602E+01   0.144040E+00   0.553157E+01   0.553157E+01
   0.110746E+01   0.557505E+01   0.143126E+00   0.547028E+01   0.547028E+01
   0.111220E+01   0.553888E+01   0.142715E+00   0.540984E+01   0.540984E+01
   0.111695E+01   0.554783E+01   0.142736E+00   0.535024E+01   0.535024E+01
   0.112169E+01   0.536701E+01   0.142503E+00   0.529146E+01   0.529146E+01
   0.112643E+01   0.529251E+01   0.141893E+00   0.523351E+01   0.523351E+01
   0.113117E+01   0.525948E+01   0.141756E+00   0.517634E+01   0.517634E+01
   0.113592E+01   0.506871E+01   0.141483E+00   0.511996E+01   0.511996E+01
   0.114066E+01   0.520197E+01   0.141172E+00   0.506435E+01   0.506435E+01
   0.114540E+01   0.517147E+01   0.141095E+00   0.500950E+01   0.500950E+01
   0.115014E+01   0.491486E+01   0.140489E+00   0.495540E+01   0.495540E+01
   0.115489E+01   0.490141E+01   0.140468E+00   0.490203E+01   0.490203E+01
   0.115963E+01   0.479857E+01   0.139714E+00   0.484939E+01   0.484939E+01
   0.116437E+01   0.451561E+01   0.139546E+00   0.479748E+01   0.479748E+01
   0.116912E+01   0.479320E+01   0.139580E+00   0.474625E+01   0.474625E+01
   0.117386E+01   0.477596E+01   0.139053E+00   0.469571E+01   0.469571E+01
   0.117860E+01   0.466868E+01   0.138615E+00   0.464584E+01   0.464584E+01
   0.118335E+01   0.458151E+01   0.138601E+00   0.459664E+01   0.459664E+01
   0.118809E+01   0.460703E+01   0.138632E+00   0.454809E+01   0.454809E+01
   0.119283E+01   0.463509E+01   0.138037E+00   0.450018E+01   0.450018E+01
   0.119757E+01   0.454294E+01   0.137688E+00   0.445291E+01   0.445291E+01
   0.120232E+01   0.446660E+01   0.137504E+00   0.440625E+01   0.440625E+01
   0.120706E+01   0.433780E+01   0.137896E+00   0.436020E+01   0.436020E+01
   0.121180E+01   0.447061E+01   0.142711E+00   0.431474E+01   0.431474E+01
   0.121654E+01   0.450920E+01   0.145476E+00   0.426986E+01   0.426986E+01
   0.122129E+01   0.412356E+01   0.146658E+00   0.422556E+01   0.422556E+01
   0.122603E+01   0.418411E+01   0.148913E+00   0.418182E+01   0.418182E+01
   0.123077E+01   0.415055E+01   0.150316E+00   0.413863E+01   0.413863E+01
   0.123552E+01   0.413471E+01   0.152100E+00   0.409599E+01   0.409599E+01
   0.124026E+01   0.401697E+01   0.152955E+00   0.405388E+01   0.405388E+01
   0.124500E+01   0.384769E+01   0.153854E+00   0.401228E+01   0.401228E+01
   0.124975E+01   0.390298E+01   0.155351E+00   0.397120E+01   0.397120E+01
   0.125449E+01   0.387973E+01   0.156982E+00   0.393062E+01   0.393062E+01
   0.125923E+01   0.379806E+01   0.157494E+00   0.389052E+01   0.389052E+01
   0.126397E+01   0.366533E+01   0.157680E+00   0.385091E+01   0.385091E+01
   0.126872E+01   0.385349E+01   0.157845E+00   0.381178E+01   0.381178E+01
   0.127346E+01   0.376080E+01   0.155566E+00   0.377310E+01   0.377310E+01
   0.127820E+01   0.357230E+01   0.150280E+00   0.373488E+01   0.373488E+01
   0.128295E+01   0.363519E+01   0.147259E+00   0.369710E+01   0.369710E+01
   0.128769E+01   0.374414E+01   0.145183E+00   0.365976E+01   0.365976E+01
   0.129243E+01   0.353701E+01   0.143202E+00   0.362284E+01   0.362284E+01
   0.129717E+01   0.348659E+01   0.141627E+00   0.358634E+01   0.358634E+01
   0.130192E+01   0.362610E+01   0.140242E+00   0.355026E+01   0.355026E+01
   0.130666E+01   0.340685E+01   0.139210E+00   0.351458E+01   0.351458E+01
   0.131140E+01   0.326741E+01   0.138012E+00   0.347929E+01   0.347929E+01
   0.131614E+01   0.331138E+01   0.136999E+00   0.344438E+01   0.344438E+01
   0.132089E+01   0.324544E+01   0.136774E+00   0.340985E+01   0.340985E+01
   0.132563E+01   0.327595E+01   0.135827E+00   0.337569E+01   0.337569E+01
   0.133037E+01   0.327285E+01   0.135534E+00   0.334190E+01   0.334190E+01
   0.133512E+01   0.334908E+01   0.135487E+00   0.330847E+01   0.330847E+01
   0.133986E+01   0.323870E+01   0.134859E+00   0.327539E+01   0.327539E+01
   0.134460E+01   0.311905E+01   0.134467E+00   0.324264E+01   0.324264E+01
   0.134935E+01   0.329307E+01   0.133980E+00   0.321023E+01   0.321023E+01
   0.135409E+01   0.315896E+01   0.133964E+00   0.317815E+01   0.317815E+01
   0.135883E+01   0.309525E+01   0.133633E+00   0.314640E+01   0.314640E+01
   0.136357E+01   0.302447E+01   0.133234E+00   0.311496E+01   0.311496E+01
   0.136832E+01   0.301883E+01   0.133081E+00   0.308383E+01   0.308383E+01
   0.137306E+01   0.309486E+01   0.132415E+00   0.305302E+01   0.305302E+01
   0.137780E+01   0.290907E+01   0.131987E+00   0.302249E+01   0.302249E+01
   0.138254E+01   0.294437E+01   0.131858E+00   0.299226E+01   0.299226E+01
   0.138729E+01   0.303454E+01   0.131719E+00   0.296232E+01   0.296232E+01
   0.139203E+01   0.274974E+01   0.131247E+00   0.293267E+01   0.293267E+01
   0.139677E+01   0.270945E+01   0.130986E+00   0.290329E+01   0.290329E+01
   0.140152E+01   0.283984E+01   0.130979E+00   0.287419E+01   0.287419E+01
   0.140626E+01   0.285388E+01   0.130568E+00   0.284536E+01   0.284536E+01
   0.141100E+01   0.267738E+01   0.130278E+00   0.281679E+01   0.281679E+01
   0.141575E+01   0.282223E+01   0.130078E+00   0.278848E+01   0.278848E+01
   0.142049E+01   0.270048E+01   0.129893E+00   0.276043E+01   0.276043E+01
   0.142523E+01   0.247059E+01   0.129740E+00   0.273263E+01   0.273263E+01
   0.142997E+01   0.259137E+01   0.129395E+00   0.270508E+01   0.270508E+01
   0.143472E+01   0.272661E+01   0.128938E+00   0.267777E+01   0.267777E+01
   0.143946E+01   0.238890E+01   0.128410E+00   0.265070E+01   0.265070E+01
   0.144420E+01   0.250305E+01   0.128660E+00   0.262388E+01   0.262388E+01
   0.144894E+01   0.258882E+01   0.128638E+00   0.259728E+01   0.259728E+01
   0.145369E+01   0.242961E+01   0.128428E+00   0.257092E+01   0.257092E+01
   0.145843E+01   0.224992E+01   0.127925E+00   0.254478E+01   0.254478E+01
   0.146317E+01   0.244859E+01   0.127962E+00   0.251887E+01   0.251887E+01
   0.146792E+01   0.232433E+01   0.127292E+00   0.249318E+01   0.249318E+01
   0.147266E+01   0.237670E+01   0.127315E+00   0.246771E+01   0.246771E+01
   0.147740E+01   0.237392E+01   0.127129E+00   0.244246E+01   0.244246E+01
   0.148215E+01   0.241450E+01   0.126711E+00   0.241742E+01   0.241742E+01
   0.148689E+01   0.220945E+01   0.126428E+00   0.239259E+01   0.239259E+01
   0.149163E+01   0.232948E+01   0.126269E+00   0.236797E+01   0.236797E+01
   0.149637E+01   0.229595E+01   0.126081E+00   0.234356E+01   0.234356E+01
   0.150112E+01   0.233363E+01   0.126270E+00   0.231935E+01   0.231935E+01
   0.150586E+01   0.212469E+01   0.128482E+00   0.229535E+01   0.229535E+01
   0.151060E+01   0.208971E+01   0.131903E+00   0.227155E+01   0.227155E+01
   0.151534E+01   0.215971E+01   0.133711E+00   0.224796E+01   0.224796E+01
   0.152009E+01   0.228673E+01   0.135970E+00   0.222456E+01   0.222456E+01
   0.152483E+01   0.220106E+01   0.136867E+00   0.220135E+01   0.220135E+01
   0.152957E+01   0.198907E+01   0.138225E+00   0.217835E+01   0.217835E+01
   0.153432E+01   0.204280E+01   0.134603E+00   0.215553E+01   0.215553E+01
   0.153906E+01   0.190003E+01   0.132570E+00   0.213291E+01   0.213291E+01
   0.154380E+01   0.203360E+01   0.131321E+00   0.211049E+01   0.211049E+01
   0.154855E+01   0.212457E+01   0.129405E+00   0.208826E+01   0.208826E+01
   0.155329E+01   0.222368E+01   0.128378E+00   0.206621E+01   0.206621E+01
   0.155803E+01   0.192604E+01   0.127246E+00   0.204435E+01   0.204435E+01
   0.156277E+01   0.208537E+01   0.126173E+00   0.202269E+01   0.202269E+01
   0.156752E+01   0.192795E+01   0.124354E+00   0.200121E+01   0.200121E+01
   0.157226E+01   0.201371E+01   0.123811E+00   0.197991E+01   0.197991E+01
   0.157700E+01   0.189290E+01   0.123296E+00   0.195881E+01   0.195881E+01
   0.158175E+01   0.192260E+01   0.122967E+00   0.193789E+01   0.193789E+01
   0.158649E+01   0.196798E+01   0.123156E+00   0.191716E+01   0.191716E+01
   0.159123E+01   0.184362E+01   0.123098E+00   0.189661E+01   0.189661E+01
   0.159597E+01   0.191117E+01   0.123396E+00   0.187624E+01   0.187624E+01
   0.160072E+01   0.198847E+01   0.123537E+00   0.185606E+01   0.185606E+01
   0.160546E+01   0.176545E+01   0.123212E+00   0.183606E+01   0.183606E+01
   0.161020E+01   0.163892E+01   0.122617E+00   0.181625E+01   0.181625E+01
   0.161495E+01   0.186992E+01   0.122493E+00   0.179662E+01   0.179662E+01
   0.161969E+01   0.164100E+01   0.122552E+00   0.177718E+01   0.177718E+01
   0.162443E+01   0.194578E+01   0.122523E+00   0.175791E+01   0.175791E+01
   0.162917E+01   0.153539E+01   0.122492E+00   0.173883E+01   0.173883E+01
   0.163392E+01   0.148372E+01   0.121693E+00   0.171993E+01   0.171993E+01
   0.163866E+01   0.169018E+01   0.121678E+00   0.170121E+01   0.170121E+01
   0.164340E+01   0.158512E+01   0.121425E+00   0.168268E+01   0.168268E+01
   0.164815E+01   0.160606E+01   0.121682E+00   0.166433E+01   0.166433E+01
   0.165289E+01   0.143645E+01   0.121344E+00   0.164616E+01   0.164616E+01
   0.165763E+01   0.149930E+01   0.120852E+00   0.162818E+01   0.162818E+01
   0.166237E+01   0.166197E+01   0.120796E+00   0.161037E+01   0.161037E+01
   0.166712E+01   0.166407E+01   0.120380E+00   0.159275E+01   0.159275E+01
   0.167186E+01   0.136737E+01   0.120136E+00   0.157531E+01   0.157531E+01
   0.167660E+01   0.154541E+01   0.120324E+00   0.155805E+01   0.155805E+01
   0.168135E+01   0.164403E+01   0.120358E+00   0.154098E+01   0.154098E+01
   0.168609E+01   0.153245E+01   0.119836E+00   0.152409E+01   0.152409E+01
   0.169083E+01   0.154410E+01   0.119462E+00   0.150738E+01   0.150738E+01
   0.169557E+01   0.160702E+01   0.119412E+00   0.149085E+01   0.149085E+01
   0.170032E+01   0.140411E+01   0.119095E+00   0.147451E+01   0.147451E+01
   0.170506E+01   0.134813E+01   0.118871E+00   0.145834E+01   0.145834E+01
   0.170980E+01   0.148997E+01   0.118712E+00   0.144236E+01   0.144236E+01
   0.171455E+01   0.136024E+01   0.118831E+00   0.142656E+01   0.142656E+01
   0.171929E+01   0.142959E+01   0.118628E+00   0.141094E+01   0.141094E+01
   0.172403E+01   0.144618E+01   0.118364E+00   0.139551E+01   0.139551E+01
   0.172877E+01   0.132974E+01   0.118043E+00   0.138026E+01   0.138026E+01
   0.173352E+01   0.134493E+01   0.117984E+00   0.136518E+01   0.136518E+01
   0.173826E+01   0.144539E+01   0.117664E+00   0.135029E+01   0.135029E+01
   0.174300E+01   0.133371E+01   0.117682E+00   0.133559E+01   0.133559E+01
   0.174775E+01   0.138434E+01   0.117783E+00   0.132106E+01   0.132106E+01
   0.175249E+01   0.135034E+01   0.117059E+00   0.130671E+01   0.130671E+01
   0.175723E+01   0.131224E+01   0.117145E+00   0.129255E+01   0.129255E+01
   0.176197E+01   0.137349E+01   0.117142E+00   0.127856E+01   0.127856E+01
   0.176672E+01   0.126154E+01   0.116682E+00   0.126476E+01   0.126476E+01
   0.177146E+01   0.112463E+01   0.116757E+00   0.125113E+01   0.125113E+01
   0.177620E+01   0.124010E+01   0.116340E+00   0.123769E+01   0.123769E+01
   0.178095E+01   0.119382E+01   0.116384E+00   0.122442E+01   0.122442E+01
   0.178569E+01   0.121176E+01   0.115962E+00   0.121133E+01   0.121133E+01
   0.179043E+01   0.119467E+01   0.115864E+00   0.119842E+01   0.119842E+01
   0.179517E+01   0.136402E+01   0.116000E+00   0.118569E+01   0.118569E+01
   0.179992E+01   0.115846E+01   0.115755E+00   0.117314E+01   0.117314E+01
   0.180466E+01   0.131362E+01   0.115386E+00   0.116076E+01   0.116076E+01
   0.180940E+01   0.130973E+01   0.115332E+00   0.114856E+01   0.114856E+01
   0.181415E+01   0.117098E+01   0.115310E+00   0.113653E+01   0.113653E+01
   0.181889E+01   0.115066E+01   0.114779E+00   0.112467E+01   0.112467E+01
   0.182363E+01   0.112178E+01   0.114784E+00   0.111300E+01   0.111300E+01
   0.182838E+01   0.981210E+00   0.114295E+00   0.110149E+01   0.110149E+01
   0.183312E+01   0.101267E+01   0.114147E+00   0.109016E+01   0.109016E+01
   0.183786E+01   0.973317E+00   0.114320E+00   0.107899E+01   0.107899E+01
   0.184260E+01   0.924426E+00   0.114304E+00   0.106800E+01   0.106800E+01
   0.184735E+01   0.112246E+01   0.114104E+00   0.105718E+01   0.105718E+01
   0.185209E+01   0.130353E+01   0.113981E+00   0.104652E+01   0.104652E+01
   0.185683E+01   0.119792E+01   0.113691E+00   0.103603E+01   0.103603E+01
   0.186157E+01   0.111846E+01   0.113686E+00   0.102571E+01   0.102571E+01
   0.186632E+01   0.106307E+01   0.113676E+00   0.101556E+01   0.101556E+01
   0.187106E+01   0.108975E+01   0.113175E+00   0.100557E+01   0.100557E+01
   0.187580E+01   0.109285E+01   0.113009E+00   0.995737E+00   0.995737E+00
   0.188055E+01   0.108384E+01   0.113015E+00   0.986070E+00   0.986070E+00
   0.188529E+01   0.955500E+00   0.112740E+00   0.976563E+00   0.976563E+00
   0.189003E+01   0.834319E+00   0.112588E+00   0.967215E+00   0.967215E+00
   0.189478E+01   0.991718E+00   0.112267E+00   0.958024E+00   0.958024E+00
   0.189952E+01   0.974028E+00   0.112235E+00   0.948992E+00   0.948992E+00
   0.190426E+01   0.101586E+01   0.112279E+00   0.940113E+00   0.940113E+00
   0.190900E+01   0.111530E+01   0.112113E+00   0.931387E+00   0.931387E+00
   0.191375E+01   0.948923E+00   0.112037E+00   0.922814E+00   0.922814E+00
   0.191849E+01   0.808869E+00   0.111948E+00   0.914390E+00   0.914390E+00
   0.192323E+01   0.919368E+00   0.111857E+00   0.906116E+00   0.906116E+00
   0.192797E+01   0.110956E+01   0.111926E+00   0.897987E+00   0.897987E+00
   0.193272E+01   0.870016E+00   0.111379E+00   0.890007E+00   0.890007E+00
   0.193746E+01   0.817015E+00   0.110884E+00   0.882171E+00   0.882171E+00
   0.194220E+01   0.804238E+00   0.110775E+00   0.874476E+00   0.874476E+00
   0.194695E+01   0.867936E+00   0.110408E+00   0.866921E+00   0.866921E+00
   0.195169E+01   0.834667E+00   0.110260E+00   0.859505E+00   0.859505E+00
   0.195643E+01   0.927708E+00   0.110074E+00   0.852226E+00   0.852226E+00
   0.196117E+01   0.899686E+00   0.110105E+00   0.845082E+00   0.845082E+00
   0.196592E+01   0.777635E+00   0.109997E+00   0.838072E+00   0.838072E+00
   0.197066E+01   0.959515E+00   0.109682E+00   0.831194E+00   0.831194E+00
   0.197540E+01   0.949718E+00   0.109696E+00   0.824445E+00   0.824445E+00
   0.198015E+01   0.883881E+00   0.109770E+00   0.817823E+00   0.817823E+00
   0.198489E+01   0.836256E+00   0.109719E+00   0.811326E+00   0.811326E+00
   0.198963E+01   0.803395E+00   0.109927E+00   0.804954E+00   0.804954E+00
   0.199438E+01   0.800530E+00   0.109658E+00   0.798703E+00   0.798703E+00
   0.199912E+01   0.868579E+00   0.109529E+00   0.792572E+00   0.792572E+00
   0.200386E+01   0.829623E+00   0.109318E+00   0.786559E+00   0.786559E+00
   0.200860E+01   0.771427E+00   0.109489E+00   0.780663E+00   0.780663E+00
   0.201335E+01   0.726242E+00   0.110526E+00   0.774879E+00   0.774879E+00
   0.201809E+01   0.924411E+00   0.113370E+00   0.769207E+00   0.769207E+00
   0.202283E+01   0.810291E+00   0.115431E+00   0.763644E+00   0.763644E+00
   0.202758E+01   0.796130E+00   0.116598E+00   0.758189E+00   0.758189E+00
   0.203232E+01   0.669070E+00   0.117848E+00   0.752839E+00   0.752839E+00
   0.203706E+01   0.668439E+00   0.118873E+00   0.747593E+00   0.747593E+00
   0.204180E+01   0.863684E+00   0.119969E+00   0.742448E+00   0.742448E+00
   0.204655E+01   0.839092E+00   0.120345E+00   0.737402E+00   0.737402E+00
   0.205129E+01   0.781526E+00   0.120672E+00   0.732452E+00   0.732452E+00
   0.205603E+01   0.686632E+00   0.121045E+00   0.727598E+00   0.727598E+00
   0.206078E+01   0.602541E+00   0.121199E+00   0.722836E+00   0.722836E+00
   0.206552E+01   0.628164E+00   0.121459E+00   0.718164E+00   0.718164E+00
   0.207026E+01   0.638180E+00   0.121890E+00   0.713581E+00   0.713581E+00
   0.207500E+01   0.755746E+00   0.121857E+00   0.709085E+00   0.709085E+00
   0.207975E+01   0.723887E+00   0.119615E+00   0.704673E+00   0.704673E+00
   0.208449E+01   0.766639E+00   0.116331E+00   0.700342E+00   0.700342E+00
   0.208923E+01   0.807201E+00   0.114902E+00   0.696091E+00   0.696091E+00
   0.209397E+01   0.766193E+00   0.113588E+00   0.691918E+00   0.691918E+00
   0.209872E+01   0.742819E+00   0.112383E+00   0.687822E+00   0.687822E+00
   0.210346E+01   0.586980E+00   0.111798E+00   0.683798E+00   0.683798E+00
   0.210820E+01   0.529552E+00   0.110589E+00   0.679846E+00   0.679846E+00
   0.211295E+01   0.630043E+00   0.110508E+00   0.675964E+00   0.675964E+00
   0.211769E+01   0.688972E+00   0.110035E+00   0.672149E+00   0.672149E+00
   0.212243E+01   0.718835E+00   0.109929E+00   0.668400E+00   0.668400E+00
   0.212717E+01   0.540688E+00   0.109599E+00   0.664714E+00   0.664714E+00
   0.213192E+01   0.605861E+00   0.109248E+00   0.661090E+00   0.661090E+00
   0.213666E+01   0.653735E+00   0.109085E+00   0.657525E+00   0.657525E+00
   0.214140E+01   0.540187E+00   0.108989E+00   0.654017E+00   0.654017E+00
   0.214615E+01   0.569685E+00   0.108577E+00   0.650566E+00   0.650566E+00
   0.215089E+01   0.599950E+00   0.108566E+00   0.647168E+00   0.647168E+00
   0.215563E+01   0.519569E+00   0.108258E+00   0.643822E+00   0.643822E+00
   0.216038E+01   0.687606E+00   0.108227E+00   0.640524E+00   0.640524E+00
   0.216512E+01   0.573906E+00   0.108046E+00   0.637276E+00   0.637276E+00
   0.216986E+01   0.480863E+00   0.107878E+00   0.634073E+00   0.634073E+00
   0.217460E+01   0.475100E+00   0.107441E+00   0.630915E+00   0.630915E+00
   0.217935E+01   0.602103E+00   0.107315E+00   0.627800E+00   0.627800E+00
   0.218409E+01   0.664411E+00   0.107276E+00   0.624726E+00   0.624726E+00
   0.218883E+01   0.596035E+00   0.107551E+00   0.621691E+00   0.621691E+00
   0.219358E+01   0.586463E+00   0.107277E+00   0.618693E+00   0.618693E+00
   0.219832E+01   0.601209E+00   0.106879E+00   0.615731E+00   0.615731E+00
   0.220306E+01   0.664232E+00   0.106786E+00   0.612803E+00   0.612803E+00
   0.220780E+01   0.641419E+00   0.106768E+00   0.609908E+00   0.609908E+00
   0.221255E+01   0.569684E+00   0.106350E+00   0.607044E+00   0.607044E+00
   0.221729E+01   0.608489E+00   0.106234E+00   0.604210E+00   0.604210E+00
   0.222203E+01   0.637485E+00   0.106247E+00   0.601404E+00   0.601404E+00
   0.222677E+01   0.553156E+00   0.105974E+00   0.598625E+00   0.598625E+00
   0.223152E+01   0.473457E+00   0.105886E+00   0.595870E+00   0.595870E+00
   0.223626E+01   0.549701E+00   0.105780E+00   0.593140E+00   0.593140E+00
   0.224100E+01   0.570109E+00   0.105695E+00   0.590432E+00   0.590432E+00
   0.224575E+01   0.560223E+00   0.105253E+00   0.587745E+00   0.587745E+00
   0.225049E+01   0.536612E+00   0.105295E+00   0.585078E+00   0.585078E+00
   0.225523E+01   0.555326E+00   0.105050E+00   0.582431E+00   0.582431E+00
   0.225997E+01   0.507086E+00   0.105043E+00   0.579800E+00   0.579800E+00
   0.226472E+01   0.570134E+00   0.104727E+00   0.577186E+00   0.577186E+00
   0.226946E+01   0.678320E+00   0.105037E+00   0.574589E+00   0.574589E+00
   0.227420E+01   0.602677E+00   0.104805E+00   0.572002E+00   0.572002E+00
   0.227895E+01   0.496387E+00   0.104652E+00   0.569431E+00   0.569431E+00
   0.228369E+01   0.513653E+00   0.104367E+00   0.566871E+00   0.566871E+00
   0.228843E+01   0.438292E+00   0.104280E+00   0.564324E+00   0.564324E+00
   0.229318E+01   0.575241E+00   0.104224E+00   0.561785E+00   0.561785E+00
   0.229792E+01   0.374305E+00   0.103887E+00   0.559257E+00   0.559257E+00
   0.230266E+01   0.461197E+00   0.103879E+00   0.556737E+00   0.556737E+00
   0.230740E+01   0.490535E+00   0.103585E+00   0.554224E+00   0.554224E+00
   0.231215E+01   0.413025E+00   0.103606E+00   0.551719E+00   0.551719E+00
   0.231689E+01   0.518008E+00   0.103499E+00   0.549220E+00   0.549220E+00
   0.232163E+01   0.386548E+00   0.103328E+00   0.546727E+00   0.546727E+00
   0.232638E+01   0.494936E+00   0.103315E+00   0.544238E+00   0.544238E+00
   0.233112E+01   0.484367E+00   0.103106E+00   0.541754E+00   0.541754E+00
   0.233586E+01   0.572462E+00   0.103172E+00   0.539273E+00   0.539273E+00
   0.234060E+01   0.399356E+00   0.102860E+00   0.536796E+00   0.536796E+00
   0.234535E+01   0.535482E+00   0.102749E+00   0.534321E+00   0.534321E+00
   0.235009E+01   0.546406E+00   0.102614E+00   0.531849E+00   0.531849E+00
   0.235483E+01   0.481633E+00   0.102642E+00   0.529379E+00   0.529379E+00
   0.235957E+01   0.520462E+00   0.102774E+00   0.526910E+00   0.526910E+00
   0.236432E+01   0.412804E+00   0.102405E+00   0.524443E+00   0.524443E+00
   0.236906E+01   0.459143E+00   0.102554E+00   0.521976E+00   0.521976E+00
   0.237380E+01   0.482892E+00   0.102076E+00   0.519509E+00   0.519509E+00
   0.237855E+01   0.571502E+00   0.102269E+00   0.517043E+00   0.517043E+00
   0.238329E+01   0.340823E+00   0.101819E+00   0.514579E+00   0.514579E+00
   0.238803E+01   0.431688E+00   0.101932E+00   0.512112E+00   0.512112E+00
   0.239277E+01   0.462118E+00   0.101794E+00   0.509647E+00   0.509647E+00
   0.239752E+01   0.544301E+00   0.101566E+00   0.507181E+00   0.507181E+00
   0.240226E+01   0.466581E+00   0.101812E+00   0.504714E+00   0.504714E+00
   0.240700E+01   0.431287E+00   0.101200E+00   0.502248E+00   0.502248E+00
   0.241175E+01   0.526173E+00   0.101615E+00   0.499781E+00   0.499781E+00
   0.241649E+01   0.512832E+00   0.101279E+00   0.497314E+00   0.497314E+00
   0.242123E+01   0.479433E+00   0.101087E+00   0.494846E+00   0.494846E+00
   0.242598E+01   0.526279E+00   0.100926E+00   0.492379E+00   0.492379E+00
   0.243072E+01   0.546750E+00   0.100710E+00   0.489912E+00   0.489912E+00
   0.243546E+01   0.466049E+00   0.100577E+00   0.487444E+00   0.487444E+00
   0.244020E+01   0.504754E+00   0.100500E+00   0.484977E+00   0.484977E+00
   0.244495E+01   0.393315E+00   0.100429E+00   0.482511E+00   0.482511E+00
   0.244969E+01   0.490784E+00   0.100343E+00   0.480045E+00   0.480045E+00
   0.245443E+01   0.518230E+00   0.100372E+00   0.477580E+00   0.477580E+00
   0.245918E+01   0.604820E+00   0.100274E+00   0.475117E+00   0.475117E+00
   0.246392E+01   0.376995E+00   0.999974E-01   0.472655E+00   0.472655E+00
   0.246866E+01   0.353699E+00   0.100148E+00   0.470195E+00   0.470195E+00
   0.247340E+01   0.366281E+00   0.999715E-01   0.467737E+00   0.467737E+00
   0.247815E+01   0.504609E+00   0.999008E-01   0.465282E+00   0.465282E+00
   0.248289E+01   0.403859E+00   0.996021E-01   0.462830E+00   0.462830E+00
   0.248763E+01   0.374033E+00   0.994264E-01   0.460381E+00   0.460381E+00
   0.249238E+01   0.297841E+00   0.995500E-01   0.457936E+00   0.457936E+00
   0.249712E+01   0.280922E+00   0.993681E-01   0.455495E+00   0.455495E+00
   0.250186E+01   0.346623E+00   0.994220E-01   0.453059E+00   0.453059E+00
   0.250660E+01   0.494434E+00   0.993673E-01   0.450628E+00   0.450628E+00
   0.251135E+01   0.428013E+00   0.990057E-01   0.448203E+00   0.448203E+00
   0.251609E+01   0.442554E+00   0.990141E-01   0.445783E+00   0.445783E+00
   0.252083E+01   0.363805E+00   0.989982E-01   0.443371E+00   0.443371E+00
   0.252558E+01   0.371820E+00   0.985373E-01   0.440965E+00   0.440965E+00
   0.253032E+01   0.375010E+00   0.982647E-01   0.438567E+00   0.438567E+00
   0.253506E+01   0.309534E+00   0.983040E-01   0.436178E+00   0.436178E+00
   0.253980E+01   0.244219E+00   0.983316E-01   0.433796E+00   0.433796E+00
   0.254455E+01   0.411353E+00   0.982267E-01   0.431425E+00   0.431425E+00
   0.254929E+01   0.347969E+00   0.979305E-01   0.429063E+00   0.429063E+00
   0.255403E+01   0.394522E+00   0.980861E-01   0.426711E+00   0.426711E+00
   0.255878E+01   0.274604E+00   0.977960E-01   0.424370E+00   0.424370E+00
   0.256352E+01   0.306240E+00   0.975203E-01   0.422041E+00   0.422041E+00
   0.256826E+01   0.474956E+00   0.977846E-01   0.419724E+00   0.419724E+00
   0.257300E+01   0.422267E+00   0.976532E-01   0.417420E+00   0.417420E+00
   0.257775E+01   0.426498E+00   0.975677E-01   0.415128E+00   0.415128E+00
   0.258249E+01   0.454298E+00   0.976766E-01   0.412851E+00   0.412851E+00
   0.258723E+01   0.418224E+00   0.976749E-01   0.410588E+00   0.410588E+00
   0.259198E+01   0.500320E+00   0.975777E-01   0.408339E+00   0.408339E+00
   0.259672E+01   0.381194E+00   0.974747E-01   0.406107E+00   0.406107E+00
   0.260146E+01   0.421281E+00   0.973252E-01   0.403890E+00   0.403890E+00
   0.260620E+01   0.479202E+00   0.971785E-01   0.401690E+00   0.401690E+00
   0.261095E+01   0.370540E+00   0.972765E-01   0.399507E+00   0.399507E+00
   0.261569E+01   0.472094E+00   0.970628E-01   0.397343E+00   0.397343E+00
   0.262043E+01   0.308162E+00   0.969538E-01   0.395196E+00   0.395196E+00
   0.262518E+01   0.374263E+00   0.970245E-01   0.393068E+00   0.393068E+00
   0.262992E+01   0.449462E+00   0.970634E-01   0.390959E+00   0.390959E+00
   0.263466E+01   0.408663E+00   0.966736E-01   0.388870E+00   0.388870E+00
   0.263940E+01   0.405704E+00   0.967414E-01   0.386803E+00   0.386803E+00
   0.264415E+01   0.545313E+00   0.965586E-01   0.384755E+00   0.384755E+00
   0.264889E+01   0.409335E+00   0.963049E-01   0.382729E+00   0.382729E+00
   0.265363E+01   0.404668E+00   0.965887E-01   0.380725E+00   0.380725E+00
   0.265838E+01   0.360347E+00   0.962250E-01   0.378743E+00   0.378743E+00
   0.266312E+01   0.276512E+00   0.963891E-01   0.376783E+00   0.376783E+00
   0.266786E+01   0.342960E+00   0.959349E-01   0.374847E+00   0.374847E+00
   0.267260E+01   0.513374E+00   0.958346E-01   0.372935E+00   0.372935E+00
   0.267735E+01   0.395557E+00   0.958764E-01   0.371047E+00   0.371047E+00
   0.268209E+01   0.369457E+00   0.959378E-01   0.369183E+00   0.369183E+00
   0.268683E+01   0.276521E+00   0.957332E-01   0.367344E+00   0.367344E+00
   0.269158E+01   0.299445E+00   0.957496E-01   0.365530E+00   0.365530E+00
   0.269632E+01   0.294052E+00   0.958262E-01   0.363742E+00   0.363742E+00
   0.270106E+01   0.273758E+00   0.953986E-01   0.361980E+00   0.361980E+00
   0.270580E+01   0.276570E+00   0.953718E-01   0.360243E+00   0.360243E+00
   0.271055E+01   0.251385E+00   0.953318E-01   0.358534E+00   0.358534E+00
   0.271529E+01   0.257530E+00   0.957379E-01   0.356851E+00   0.356851E+00
   0.272003E+01   0.335196E+00   0.952503E-01   0.355195E+00   0.355195E+00
   0.272478E+01   0.281452E+00   0.950737E-01   0.353566E+00   0.353566E+00
   0.272952E+01   0.333677E+00   0.951206E-01   0.351965E+00   0.351965E+00
   0.273426E+01   0.422868E+00   0.948630E-01   0.350392E+00   0.350392E+00
   0.273901E+01   0.403625E+00   0.946964E-01   0.348846E+00   0.348846E+00
   0.274375E+01   0.350480E+00   0.948668E-01   0.347329E+00   0.347329E+00
   0.274849E+01   0.369591E+00   0.947800E-01   0.345839E+00   0.345839E+00
   0.275323E+01   0.256898E+00   0.946197E-01   0.344378E+00   0.344378E+00
   0.275798E+01   0.345710E+00   0.944586E-01   0.342945E+00   0.342945E+00
   0.276272E+01   0.242293E+00   0.942972E-01   0.341541E+00   0.341541E+00
   0.276746E+01   0.339053E+00   0.942748E-01   0.340165E+00   0.340165E+00
   0.277221E+01   0.404381E+00   0.941781E-01   0.338818E+00   0.338818E+00
   0.277695E+01   0.374668E+00   0.942817E-01   0.337500E+00   0.337500E+00
   0.278169E+01   0.368634E+00   0.941843E-01   0.336211E+00   0.336211E+00
   0.278643E+01   0.375144E+00   0.939152E-01   0.334949E+00   0.334949E+00
   0.279118E+01   0.310138E+00   0.936974E-01   0.333717E+00   0.333717E+00
   0.279592E+01   0.373321E+00   0.938847E-01   0.332513E+00   0.332513E+00
   0.280066E+01   0.355118E+00   0.937811E-01   0.331337E+00   0.331337E+00
   0.280540E+01   0.453009E+00   0.938690E-01   0.330190E+00   0.330190E+00
   0.281015E+01   0.386996E+00   0.936527E-01   0.329071E+00   0.329071E+00
   0.281489E+01   0.427111E+00   0.939912E-01   0.327980E+00   0.327980E+00
   0.281963E+01   0.406135E+00   0.958830E-01   0.326917E+00   0.326917E+00
   0.282438E+01   0.423726E+00   0.974913E-01   0.325881E+00   0.325881E+00
   0.282912E+01   0.438666E+00   0.986487E-01   0.324874E+00   0.324874E+00
   0.283386E+01   0.322731E+00   0.997585E-01   0.323895E+00   0.323895E+00
   0.283860E+01   0.363624E+00   0.100412E+00   0.322939E+00   0.322939E+00
   0.284335E+01   0.238081E+00   0.100631E+00   0.322013E+00   0.322013E+00
   0.284809E+01   0.359370E+00   0.101135E+00   0.321113E+00   0.321113E+00
   0.285283E+01   0.281398E+00   0.101532E+00   0.320239E+00   0.320239E+00
   0.285758E+01   0.422688E+00   0.101614E+00   0.319391E+00   0.319391E+00
   0.286232E+01   0.412849E+00   0.102003E+00   0.318568E+00   0.318568E+00
   0.286706E+01   0.341233E+00   0.102203E+00   0.317771E+00   0.317771E+00
   0.287181E+01   0.296003E+00   0.102388E+00   0.316999E+00   0.316999E+00
   0.287655E+01   0.393787E+00   0.102560E+00   0.316251E+00   0.316251E+00
   0.288129E+01   0.438200E+00   0.102239E+00   0.315527E+00   0.315527E+00
   0.288603E+01   0.327038E+00   0.996921E-01   0.314827E+00   0.314827E+00
   0.289078E+01   0.396064E+00   0.982302E-01   0.314150E+00   0.314150E+00
   0.289552E+01   0.366936E+00   0.971475E-01   0.313496E+00   0.313496E+00
   0.290026E+01   0.271240E+00   0.962428E-01   0.312864E+00   0.312864E+00
   0.290501E+01   0.281043E+00   0.955021E-01   0.312254E+00   0.312254E+00
   0.290975E+01   0.340638E+00   0.952915E-01   0.311666E+00   0.311666E+00
   0.291449E+01   0.379625E+00   0.950217E-01   0.311098E+00   0.311098E+00
   0.291923E+01   0.451536E+00   0.949322E-01   0.310551E+00   0.310551E+00
   0.292398E+01   0.308489E+00   0.945396E-01   0.310023E+00   0.310023E+00
   0.292872E+01   0.328701E+00   0.944553E-01   0.309515E+00   0.309515E+00
   0.293346E+01   0.300462E+00   0.942962E-01   0.309025E+00   0.309025E+00
   0.293820E+01   0.458690E+00   0.941195E-01   0.308554E+00   0.308554E+00
   0.294295E+01   0.301831E+00   0.939223E-01   0.308100E+00   0.308100E+00
   0.294769E+01   0.256284E+00   0.939694E-01   0.307663E+00   0.307663E+00
   0.295243E+01   0.372800E+00   0.937801E-01   0.307243E+00   0.307243E+00
   0.295718E+01   0.318850E+00   0.936870E-01   0.306838E+00   0.306838E+00
   0.296192E+01   0.349770E+00   0.938096E-01   0.306449E+00   0.306449E+00
   0.296666E+01   0.211853E+00   0.931320E-01   0.306074E+00   0.306074E+00
   0.297140E+01   0.365013E+00   0.929864E-01   0.305714E+00   0.305714E+00
   0.297615E+01   0.289429E+00   0.931797E-01   0.305366E+00   0.305366E+00
   0.298089E+01   0.283585E+00   0.930689E-01   0.305032E+00   0.305032E+00
   0.298563E+01   0.308218E+00   0.930969E-01   0.304709E+00   0.304709E+00
   0.299038E+01   0.325886E+00   0.926924E-01   0.304398E+00   0.304398E+00
   0.299512E+01   0.259283E+00   0.926909E-01   0.304098E+00   0.304098E+00
   0.299986E+01   0.244894E+00   0.926114E-01   0.303808E+00   0.303808E+00

           ####      Real Space Data                               ####

           Distance distribution  function of particle  


      R          P(R)      ERROR

  0.0000E+00  0.0000E+00  0.0000E+00
  0.3667E-01  0.8681E-02  0.2615E-03
  0.7333E-01  0.1791E-01  0.4896E-03
  0.1100E+00  0.2768E-01  0.6846E-03
  0.1467E+00  0.3799E-01  0.8473E-03
  0.1833E+00  0.4883E-01  0.9786E-03
  0.2200E+00  0.6019E-01  0.1080E-02
  0.2567E+00  0.7207E-01  0.1152E-02
  0.2933E+00  0.8445E-01  0.1197E-02
  0.3300E+00  0.9732E-01  0.1216E-02
  0.3667E+00  0.1107E+00  0.1213E-02
  0.4033E+00  0.1244E+00  0.1189E-02
  0.4400E+00  0.1387E+00  0.1148E-02
  0.4767E+00  0.1533E+00  0.1092E-02
  0.5133E+00  0.1684E+00  0.1026E-02
  0.5500E+00  0.1838E+00  0.9557E-03
  0.5867E+00  0.1995E+00  0.8862E-03
  0.6233E+00  0.2156E+00  0.8255E-03
  0.6600E+00  0.2319E+00  0.7822E-03
  0.6967E+00  0.2486E+00  0.7644E-03
  0.7333E+00  0.2654E+00  0.7774E-03
  0.7700E+00  0.2825E+00  0.8213E-03
  0.8067E+00  0.2997E+00  0.8916E-03
  0.8433E+00  0.3171E+00  0.9812E-03
  0.8800E+00  0.3345E+00  0.1083E-02
  0.9167E+00  0.3521E+00  0.1191E-02
  0.9533E+00  0.3696E+00  0.1300E-02
  0.9900E+00  0.3872E+00  0.1407E-02
  0.1027E+01  0.4048E+00  0.1508E-02
  0.1063E+01  0.4222E+00  0.1601E-02
  0.1100E+01  0.4396E+00  0.1684E-02
  0.1137E+01  0.4569E+00  0.1756E-02
  0.1173E+01  0.4739E+00  0.1817E-02
  0.1210E+01  0.4908E+00  0.1865E-02
  0.1247E+01  0.5074E+00  0.1900E-02
  0.1283E+01  0.5238E+00  0.1922E-02
  0.1320E+01  0.5398E+00  0.1931E-02
  0.1357E+01  0.5555E+00  0.1929E-02
  0.1393E+01  0.5709E+00  0.1916E-02
  0.1430E+01  0.5858E+00  0.1893E-02
  0.1467E+01  0.6003E+00  0.1862E-02
  0.1503E+01  0.6144E+00  0.1825E-02
  0.1540E+01  0.6280E+00  0.1784E-02
  0.1577E+01  0.6410E+00  0.1741E-02
  0.1613E+01  0.6536E+00  0.1700E-02
  0.1650E+01  0.6656E+00  0.1664E-02
  0.1687E+01  0.6770E+00  0.1634E-02
  0.1723E+01  0.6879E+00  0.1614E-02
  0.1760E+01  0.6981E+00  0.1607E-02
  0.1797E+01  0.7078E+00  0.1613E-02
  0.1833E+01  0.7168E+00  0.1634E-02
  0.1870E+01  0.7252E+00  0.1669E-02
  0.1907E+01  0.7329E+00  0.1716E-02
  0.1943E+01  0.7400E+00  0.1775E-02
  0.1980E+01  0.7464E+00  0.1842E-02
  0.2017E+01  0.7522E+00  0.1916E-02
  0.2053E+01  0.7573E+00  0.1993E-02
  0.2090E+01  0.7618E+00  0.2072E-02
  0.2127E+01  0.7656E+00  0.2150E-02
  0.2163E+01  0.7687E+00  0.2225E-02
  0.2200E+01  0.7713E+00  0.2297E-02
  0.2237E+01  0.7732E+00  0.2363E-02
  0.2273E+01  0.7745E+00  0.2422E-02
  0.2310E+01  0.7751E+00  0.2474E-02
  0.2347E+01  0.7752E+00  0.2519E-02
  0.2383E+01  0.7747E+00  0.2555E-02
  0.2420E+01  0.7737E+00  0.2584E-02
  0.2457E+01  0.7721E+00  0.2605E-02
  0.2493E+01  0.7700E+00  0.2618E-02
  0.2530E+01  0.7674E+00  0.2625E-02
  0.2567E+01  0.7644E+00  0.2625E-02
  0.2603E+01  0.7609E+00  0.2621E-02
  0.2640E+01  0.7569E+00  0.2612E-02
  0.2677E+01  0.7525E+00  0.2600E-02
  0.2713E+01  0.7478E+00  0.2585E-02
  0.2750E+01  0.7427E+00  0.2570E-02
  0.2787E+01  0.7373E+00  0.2555E-02
  0.2823E+01  0.7315E+00  0.2541E-02
  0.2860E+01  0.7255E+00  0.2529E-02
  0.2897E+01  0.7192E+00  0.2520E-02
  0.2933E+01  0.7127E+00  0.2514E-02
  0.2970E+01  0.7059E+00  0.2512E-02
  0.3007E+01  0.6990E+00  0.2513E-02
  0.3043E+01  0.6919E+00  0.2518E-02
  0.3080E+01  0.6847E+00  0.2526E-02
  0.3117E+01  0.6773E+00  0.2537E-02
  0.3153E+01  0.6698E+00  0.2551E-02
  0.3190E+01  0.6622E+00  0.2566E-02
  0.3227E+01  0.6546E+00  0.2582E-02
  0.3263E+01  0.6469E+00  0.2598E-02
  0.3300E+01  0.6391E+00  0.2614E-02
  0.3337E+01  0.6314E+00  0.2630E-02
  0.3373E+01  0.6236E+00  0.2644E-02
  0.3410E+01  0.6158E+00  0.2657E-02
  0.3447E+01  0.6080E+00  0.2668E-02
  0.3483E+01  0.6003E+00  0.2678E-02
  0.3520E+01  0.5925E+00  0.2686E-02
  0.3557E+01  0.5848E+00  0.2694E-02
  0.3593E+01  0.5772E+00  0.2700E-02
  0.3630E+01  0.5695E+00  0.2707E-02
  0.3667E+01  0.5620E+00  0.2715E-02
  0.3703E+01  0.5544E+00  0.2723E-02
  0.3740E+01  0.5469E+00  0.2734E-02
  0.3777E+01  0.5395E+00  0.2747E-02
  0.3813E+01  0.5321E+00  0.2762E-02
  0.3850E+01  0.5248E+00  0.2781E-02
  0.3887E+01  0.5175E+00  0.2804E-02
  0.3923E+01  0.5103E+00  0.2829E-02
  0.3960E+01  0.5031E+00  0.2859E-02
  0.3997E+01  0.4959E+00  0.2891E-02
  0.4033E+01  0.4888E+00  0.2927E-02
  0.4070E+01  0.4817E+00  0.2964E-02
  0.4107E+01  0.4747E+00  0.3003E-02
  0.4143E+01  0.4676E+00  0.3043E-02
  0.4180E+01  0.4606E+00  0.3083E-02
  0.4217E+01  0.4536E+00  0.3121E-02
  0.4253E+01  0.4467E+00  0.3158E-02
  0.4290E+01  0.4397E+00  0.3193E-02
  0.4327E+01  0.4327E+00  0.3224E-02
  0.4363E+01  0.4258E+00  0.3252E-02
  0.4400E+01  0.4189E+00  0.3276E-02
  0.4437E+01  0.4119E+00  0.3295E-02
  0.4473E+01  0.4050E+00  0.3309E-02
  0.4510E+01  0.3981E+00  0.3319E-02
  0.4547E+01  0.3912E+00  0.3324E-02
  0.4583E+01  0.3843E+00  0.3326E-02
  0.4620E+01  0.3774E+00  0.3323E-02
  0.4657E+01  0.3706E+00  0.3318E-02
  0.4693E+01  0.3637E+00  0.3311E-02
  0.4730E+01  0.3569E+00  0.3303E-02
  0.4767E+01  0.3501E+00  0.3295E-02
  0.4803E+01  0.3433E+00  0.3288E-02
  0.4840E+01  0.3366E+00  0.3283E-02
  0.4877E+01  0.3299E+00  0.3282E-02
  0.4913E+01  0.3232E+00  0.3286E-02
  0.4950E+01  0.3166E+00  0.3295E-02
  0.4987E+01  0.3101E+00  0.3311E-02
  0.5023E+01  0.3036E+00  0.3334E-02
  0.5060E+01  0.2972E+00  0.3364E-02
  0.5097E+01  0.2909E+00  0.3402E-02
  0.5133E+01  0.2847E+00  0.3448E-02
  0.5170E+01  0.2786E+00  0.3500E-02
  0.5207E+01  0.2725E+00  0.3559E-02
  0.5243E+01  0.2666E+00  0.3624E-02
  0.5280E+01  0.2608E+00  0.3694E-02
  0.5317E+01  0.2551E+00  0.3767E-02
  0.5353E+01  0.2495E+00  0.3843E-02
  0.5390E+01  0.2440E+00  0.3920E-02
  0.5427E+01  0.2387E+00  0.3998E-02
  0.5463E+01  0.2334E+00  0.4075E-02
  0.5500E+01  0.2283E+00  0.4149E-02
  0.5537E+01  0.2234E+00  0.4221E-02
  0.5573E+01  0.2185E+00  0.4290E-02
  0.5610E+01  0.2138E+00  0.4354E-02
  0.5647E+01  0.2091E+00  0.4412E-02
  0.5683E+01  0.2046E+00  0.4466E-02
  0.5720E+01  0.2002E+00  0.4513E-02
  0.5757E+01  0.1959E+00  0.4553E-02
  0.5793E+01  0.1916E+00  0.4587E-02
  0.5830E+01  0.1875E+00  0.4613E-02
  0.5867E+01  0.1833E+00  0.4633E-02
  0.5903E+01  0.1793E+00  0.4645E-02
  0.5940E+01  0.1752E+00  0.4649E-02
  0.5977E+01  0.1712E+00  0.4646E-02
  0.6013E+01  0.1672E+00  0.4635E-02
  0.6050E+01  0.1631E+00  0.4617E-02
  0.6087E+01  0.1590E+00  0.4590E-02
  0.6123E+01  0.1549E+00  0.4555E-02
  0.6160E+01  0.1506E+00  0.4511E-02
  0.6197E+01  0.1463E+00  0.4458E-02
  0.6233E+01  0.1418E+00  0.4395E-02
  0.6270E+01  0.1372E+00  0.4323E-02
  0.6307E+01  0.1324E+00  0.4239E-02
  0.6343E+01  0.1274E+00  0.4143E-02
  0.6380E+01  0.1222E+00  0.4035E-02
  0.6417E+01  0.1167E+00  0.3913E-02
  0.6453E+01  0.1109E+00  0.3777E-02
  0.6490E+01  0.1049E+00  0.3624E-02
  0.6527E+01  0.9849E-01  0.3453E-02
  0.6563E+01  0.9176E-01  0.3264E-02
  0.6600E+01  0.8465E-01  0.3054E-02
  0.6637E+01  0.7714E-01  0.2823E-02
  0.6673E+01  0.6921E-01  0.2568E-02
  0.6710E+01  0.6083E-01  0.2289E-02
  0.6747E+01  0.5199E-01  0.1983E-02
  0.6783E+01  0.4265E-01  0.1648E-02
  0.6820E+01  0.3280E-01  0.1284E-02
  0.6857E+01  0.2242E-01  0.8895E-03
  0.6893E+01  0.1149E-01  0.4618E-03
  0.6930E+01  0.0000E+00  0.0000E+00
