
           ####      G N O M             Version 5.0 (r13469)      ####
                                               Wed Dec 15 15:11:31 2021

           ####      Configuration                                 ####

    System Type:                   arbitrary monodisperse (job = 0)
    Minimum characteristic size:         0.0000
    Maximum characteristic size:         8.2900
    rad56:                               0.0000
    Force 0.0 at r = rmin:                  yes
    Force 0.0 at r = rmax:                  yes
    Initial alpha:                       0.0000
    Initial random seed:    1439605956837389542
    Points in real space:                   190

    Input  1:                      temp-inp.dat
    First data point used:                    1
    Last data point used:                   570
    Scaling coefficient:             0.1000E+01
    Experimental setup:            point collimation



           ####      Results                                       ####

    Parameter    DISCRP  OSCILL  STABIL  SYSDEV  POSITV  VALCEN  SMOOTH
    Weight        1.000   3.000   3.000   3.000   1.000   1.000   1.000
    Sigma         0.300   0.600   0.120   0.120   0.120   0.120   0.600
    Ideal         0.700   1.100   0.000   1.000   1.000   0.950   0.000
    Current       0.422   1.517   0.004   0.910   1.000   0.800   0.454
               --------------------------------------------------------
    Estimate      0.424   0.617   0.999   0.572   1.000   0.209   0.564

    Angular range:                       0.3012 to       2.9999
    Reciprocal space Rg:             0.2241E+01
    Reciprocal space I(0):           0.4021E+02

    Real space range:                    0.0000 to       8.2900
    Real space Rg:                   0.2251E+01 +-   0.1256E-01
    Real space I(0):                 0.4021E+02 +-   0.1218E+00

    Highest ALPHA (theor):           0.4053E+02
    Current ALPHA:                   0.1641E+01

    Total Estimate:                      0.6739 (a REASONABLE solution)



           ####      Experimental Data and Fit                     ####

      S          J EXP       ERROR       J REG       I REG

   0.000000E+00                                                0.402097E+02
   0.107561E-01                                                0.402018E+02
   0.215123E-01                                                0.401782E+02
   0.322684E-01                                                0.401390E+02
   0.430246E-01                                                0.400841E+02
   0.537807E-01                                                0.400138E+02
   0.645368E-01                                                0.399279E+02
   0.752930E-01                                                0.398268E+02
   0.860491E-01                                                0.397105E+02
   0.968053E-01                                                0.395792E+02
   0.107561E+00                                                0.394330E+02
   0.118318E+00                                                0.392723E+02
   0.129074E+00                                                0.390971E+02
   0.139830E+00                                                0.389078E+02
   0.150586E+00                                                0.387046E+02
   0.161342E+00                                                0.384878E+02
   0.172098E+00                                                0.382577E+02
   0.182854E+00                                                0.380146E+02
   0.193611E+00                                                0.377589E+02
   0.204367E+00                                                0.374908E+02
   0.215123E+00                                                0.372107E+02
   0.225879E+00                                                0.369191E+02
   0.236635E+00                                                0.366163E+02
   0.247391E+00                                                0.363026E+02
   0.258147E+00                                                0.359786E+02
   0.268903E+00                                                0.356446E+02
   0.279660E+00                                                0.353010E+02
   0.290416E+00                                                0.349483E+02
   0.301172E+00   0.345158E+02   0.207927E+00   0.345869E+02   0.345869E+02
   0.305915E+00   0.342316E+02   0.205697E+00   0.344249E+02   0.344249E+02
   0.310658E+00   0.345707E+02   0.204396E+00   0.342613E+02   0.342613E+02
   0.315400E+00   0.339726E+02   0.201915E+00   0.340963E+02   0.340963E+02
   0.320143E+00   0.339301E+02   0.200072E+00   0.339297E+02   0.339297E+02
   0.324886E+00   0.337954E+02   0.198272E+00   0.337617E+02   0.337617E+02
   0.329629E+00   0.336913E+02   0.196759E+00   0.335923E+02   0.335923E+02
   0.334372E+00   0.335493E+02   0.195150E+00   0.334215E+02   0.334215E+02
   0.339115E+00   0.332330E+02   0.195673E+00   0.332494E+02   0.332494E+02
   0.343858E+00   0.332408E+02   0.198204E+00   0.330760E+02   0.330760E+02
   0.348601E+00   0.330560E+02   0.202744E+00   0.329013E+02   0.329013E+02
   0.353343E+00   0.330403E+02   0.206091E+00   0.327255E+02   0.327255E+02
   0.358086E+00   0.324745E+02   0.207713E+00   0.325484E+02   0.325484E+02
   0.362829E+00   0.324166E+02   0.209534E+00   0.323703E+02   0.323703E+02
   0.367572E+00   0.318849E+02   0.210894E+00   0.321910E+02   0.321910E+02
   0.372315E+00   0.316543E+02   0.212040E+00   0.320107E+02   0.320107E+02
   0.377058E+00   0.319456E+02   0.213396E+00   0.318294E+02   0.318294E+02
   0.381801E+00   0.315647E+02   0.214168E+00   0.316471E+02   0.316471E+02
   0.386543E+00   0.312652E+02   0.214955E+00   0.314639E+02   0.314639E+02
   0.391286E+00   0.312373E+02   0.215464E+00   0.312798E+02   0.312798E+02
   0.396029E+00   0.308729E+02   0.216019E+00   0.310948E+02   0.310948E+02
   0.400772E+00   0.309765E+02   0.217108E+00   0.309090E+02   0.309090E+02
   0.405515E+00   0.309279E+02   0.224410E+00   0.307225E+02   0.307225E+02
   0.410258E+00   0.304561E+02   0.229689E+00   0.305352E+02   0.305352E+02
   0.415001E+00   0.305668E+02   0.234781E+00   0.303472E+02   0.303472E+02
   0.419744E+00   0.303593E+02   0.237849E+00   0.301586E+02   0.301586E+02
   0.424486E+00   0.299836E+02   0.241366E+00   0.299693E+02   0.299693E+02
   0.429229E+00   0.296646E+02   0.244819E+00   0.297794E+02   0.297794E+02
   0.433972E+00   0.295918E+02   0.248350E+00   0.295891E+02   0.295891E+02
   0.438715E+00   0.292396E+02   0.251124E+00   0.293982E+02   0.293982E+02
   0.443458E+00   0.288154E+02   0.254627E+00   0.292068E+02   0.292068E+02
   0.448201E+00   0.288844E+02   0.258388E+00   0.290150E+02   0.290150E+02
   0.452944E+00   0.285217E+02   0.262233E+00   0.288228E+02   0.288228E+02
   0.457686E+00   0.284735E+02   0.264597E+00   0.286302E+02   0.286302E+02
   0.462429E+00   0.285784E+02   0.266637E+00   0.284374E+02   0.284374E+02
   0.467172E+00   0.282035E+02   0.265075E+00   0.282442E+02   0.282442E+02
   0.471915E+00   0.284380E+02   0.255585E+00   0.280508E+02   0.280508E+02
   0.476658E+00   0.277144E+02   0.249713E+00   0.278572E+02   0.278572E+02
   0.481401E+00   0.276106E+02   0.245921E+00   0.276634E+02   0.276634E+02
   0.486144E+00   0.275375E+02   0.242963E+00   0.274694E+02   0.274694E+02
   0.490887E+00   0.272866E+02   0.240868E+00   0.272754E+02   0.272754E+02
   0.495629E+00   0.271217E+02   0.239248E+00   0.270812E+02   0.270812E+02
   0.500372E+00   0.268180E+02   0.237461E+00   0.268871E+02   0.268871E+02
   0.505115E+00   0.268664E+02   0.235150E+00   0.266929E+02   0.266929E+02
   0.509858E+00   0.265192E+02   0.233469E+00   0.264988E+02   0.264988E+02
   0.514601E+00   0.262921E+02   0.232177E+00   0.263047E+02   0.263047E+02
   0.519344E+00   0.260942E+02   0.230774E+00   0.261107E+02   0.261107E+02
   0.524087E+00   0.262569E+02   0.230028E+00   0.259168E+02   0.259168E+02
   0.528829E+00   0.256032E+02   0.228261E+00   0.257231E+02   0.257231E+02
   0.533572E+00   0.255555E+02   0.226631E+00   0.255296E+02   0.255296E+02
   0.538315E+00   0.254812E+02   0.224376E+00   0.253362E+02   0.253362E+02
   0.543058E+00   0.250574E+02   0.222471E+00   0.251432E+02   0.251432E+02
   0.547801E+00   0.251079E+02   0.220597E+00   0.249504E+02   0.249504E+02
   0.552544E+00   0.246169E+02   0.218659E+00   0.247579E+02   0.247579E+02
   0.557287E+00   0.246668E+02   0.217707E+00   0.245658E+02   0.245658E+02
   0.562029E+00   0.242630E+02   0.215337E+00   0.243740E+02   0.243740E+02
   0.566772E+00   0.240424E+02   0.213991E+00   0.241826E+02   0.241826E+02
   0.571515E+00   0.240137E+02   0.212702E+00   0.239916E+02   0.239916E+02
   0.576258E+00   0.235256E+02   0.210745E+00   0.238011E+02   0.238011E+02
   0.581001E+00   0.238783E+02   0.209822E+00   0.236110E+02   0.236110E+02
   0.585744E+00   0.232288E+02   0.208904E+00   0.234215E+02   0.234215E+02
   0.590487E+00   0.233349E+02   0.208136E+00   0.232324E+02   0.232324E+02
   0.595230E+00   0.232305E+02   0.207511E+00   0.230440E+02   0.230440E+02
   0.599972E+00   0.228185E+02   0.206672E+00   0.228560E+02   0.228560E+02
   0.604715E+00   0.226030E+02   0.205782E+00   0.226687E+02   0.226687E+02
   0.609458E+00   0.226948E+02   0.205029E+00   0.224820E+02   0.224820E+02
   0.614201E+00   0.225569E+02   0.204341E+00   0.222960E+02   0.222960E+02
   0.618944E+00   0.220627E+02   0.203308E+00   0.221106E+02   0.221106E+02
   0.623687E+00   0.218352E+02   0.202569E+00   0.219259E+02   0.219259E+02
   0.628430E+00   0.218294E+02   0.201911E+00   0.217419E+02   0.217419E+02
   0.633173E+00   0.215025E+02   0.200984E+00   0.215587E+02   0.215587E+02
   0.637915E+00   0.212495E+02   0.200203E+00   0.213762E+02   0.213762E+02
   0.642658E+00   0.209589E+02   0.199530E+00   0.211945E+02   0.211945E+02
   0.647401E+00   0.210994E+02   0.198860E+00   0.210135E+02   0.210135E+02
   0.652144E+00   0.205968E+02   0.197977E+00   0.208334E+02   0.208334E+02
   0.656887E+00   0.205839E+02   0.197635E+00   0.206541E+02   0.206541E+02
   0.661630E+00   0.206146E+02   0.197303E+00   0.204756E+02   0.204756E+02
   0.666373E+00   0.202386E+02   0.196535E+00   0.202980E+02   0.202980E+02
   0.671115E+00   0.202923E+02   0.195924E+00   0.201213E+02   0.201213E+02
   0.675858E+00   0.201644E+02   0.195163E+00   0.199455E+02   0.199455E+02
   0.680601E+00   0.198487E+02   0.194551E+00   0.197706E+02   0.197706E+02
   0.685344E+00   0.196860E+02   0.193718E+00   0.195966E+02   0.195966E+02
   0.690087E+00   0.194705E+02   0.192722E+00   0.194236E+02   0.194236E+02
   0.694830E+00   0.191374E+02   0.192165E+00   0.192515E+02   0.192515E+02
   0.699573E+00   0.189409E+02   0.191847E+00   0.190804E+02   0.190804E+02
   0.704315E+00   0.187903E+02   0.190911E+00   0.189103E+02   0.189103E+02
   0.709058E+00   0.185474E+02   0.190255E+00   0.187411E+02   0.187411E+02
   0.713801E+00   0.185088E+02   0.189749E+00   0.185730E+02   0.185730E+02
   0.718544E+00   0.185031E+02   0.189107E+00   0.184059E+02   0.184059E+02
   0.723287E+00   0.182336E+02   0.188505E+00   0.182398E+02   0.182398E+02
   0.728030E+00   0.179933E+02   0.187848E+00   0.180748E+02   0.180748E+02
   0.732773E+00   0.180166E+02   0.187422E+00   0.179108E+02   0.179108E+02
   0.737515E+00   0.180564E+02   0.187027E+00   0.177479E+02   0.177479E+02
   0.742258E+00   0.176008E+02   0.185888E+00   0.175860E+02   0.175860E+02
   0.747001E+00   0.172037E+02   0.185190E+00   0.174253E+02   0.174253E+02
   0.751744E+00   0.173252E+02   0.184885E+00   0.172656E+02   0.172656E+02
   0.756487E+00   0.171615E+02   0.184175E+00   0.171070E+02   0.171070E+02
   0.761230E+00   0.171152E+02   0.183682E+00   0.169495E+02   0.169495E+02
   0.765973E+00   0.168122E+02   0.182645E+00   0.167931E+02   0.167931E+02
   0.770716E+00   0.164956E+02   0.182055E+00   0.166378E+02   0.166378E+02
   0.775459E+00   0.162739E+02   0.181790E+00   0.164837E+02   0.164837E+02
   0.780201E+00   0.162436E+02   0.181404E+00   0.163307E+02   0.163307E+02
   0.784944E+00   0.162329E+02   0.180618E+00   0.161788E+02   0.161788E+02
   0.789687E+00   0.161700E+02   0.180214E+00   0.160281E+02   0.160281E+02
   0.794430E+00   0.159177E+02   0.179220E+00   0.158785E+02   0.158785E+02
   0.799173E+00   0.155640E+02   0.178774E+00   0.157300E+02   0.157300E+02
   0.803916E+00   0.154273E+02   0.178402E+00   0.155827E+02   0.155827E+02
   0.808658E+00   0.151769E+02   0.177945E+00   0.154365E+02   0.154365E+02
   0.813401E+00   0.152383E+02   0.177359E+00   0.152915E+02   0.152915E+02
   0.818144E+00   0.153262E+02   0.177279E+00   0.151477E+02   0.151477E+02
   0.822887E+00   0.151970E+02   0.176583E+00   0.150050E+02   0.150050E+02
   0.827630E+00   0.149503E+02   0.175861E+00   0.148635E+02   0.148635E+02
   0.832373E+00   0.147986E+02   0.175271E+00   0.147231E+02   0.147231E+02
   0.837116E+00   0.147565E+02   0.174725E+00   0.145839E+02   0.145839E+02
   0.841859E+00   0.144905E+02   0.174185E+00   0.144459E+02   0.144459E+02
   0.846601E+00   0.141056E+02   0.173439E+00   0.143090E+02   0.143090E+02
   0.851344E+00   0.139246E+02   0.172625E+00   0.141733E+02   0.141733E+02
   0.856087E+00   0.137914E+02   0.172421E+00   0.140387E+02   0.140387E+02
   0.860830E+00   0.138355E+02   0.172025E+00   0.139053E+02   0.139053E+02
   0.865573E+00   0.139628E+02   0.171786E+00   0.137731E+02   0.137731E+02
   0.870316E+00   0.138699E+02   0.171524E+00   0.136420E+02   0.136420E+02
   0.875059E+00   0.136124E+02   0.170628E+00   0.135121E+02   0.135121E+02
   0.879802E+00   0.133821E+02   0.170054E+00   0.133834E+02   0.133834E+02
   0.884544E+00   0.134704E+02   0.169575E+00   0.132557E+02   0.132557E+02
   0.889287E+00   0.133235E+02   0.169141E+00   0.131293E+02   0.131293E+02
   0.894030E+00   0.130260E+02   0.168704E+00   0.130040E+02   0.130040E+02
   0.898773E+00   0.129098E+02   0.168032E+00   0.128798E+02   0.128798E+02
   0.903516E+00   0.127411E+02   0.167568E+00   0.127568E+02   0.127568E+02
   0.908259E+00   0.127961E+02   0.166970E+00   0.126349E+02   0.126349E+02
   0.913002E+00   0.127008E+02   0.166822E+00   0.125141E+02   0.125141E+02
   0.917744E+00   0.124934E+02   0.166021E+00   0.123945E+02   0.123945E+02
   0.922487E+00   0.121742E+02   0.165627E+00   0.122759E+02   0.122759E+02
   0.927230E+00   0.119009E+02   0.165236E+00   0.121585E+02   0.121585E+02
   0.931973E+00   0.119603E+02   0.164887E+00   0.120423E+02   0.120423E+02
   0.936716E+00   0.121848E+02   0.164578E+00   0.119271E+02   0.119271E+02
   0.941459E+00   0.119365E+02   0.164063E+00   0.118130E+02   0.118130E+02
   0.946202E+00   0.116371E+02   0.163370E+00   0.117000E+02   0.117000E+02
   0.950944E+00   0.116328E+02   0.162994E+00   0.115881E+02   0.115881E+02
   0.955687E+00   0.113913E+02   0.162463E+00   0.114773E+02   0.114773E+02
   0.960430E+00   0.114182E+02   0.162109E+00   0.113676E+02   0.113676E+02
   0.965173E+00   0.113175E+02   0.161657E+00   0.112590E+02   0.112590E+02
   0.969916E+00   0.111972E+02   0.161400E+00   0.111514E+02   0.111514E+02
   0.974659E+00   0.112905E+02   0.160879E+00   0.110449E+02   0.110449E+02
   0.979402E+00   0.109394E+02   0.160216E+00   0.109394E+02   0.109394E+02
   0.984144E+00   0.111108E+02   0.160196E+00   0.108350E+02   0.108350E+02
   0.988887E+00   0.108953E+02   0.159717E+00   0.107316E+02   0.107316E+02
   0.993630E+00   0.107563E+02   0.159244E+00   0.106292E+02   0.106292E+02
   0.998373E+00   0.104586E+02   0.158955E+00   0.105279E+02   0.105279E+02
   0.100312E+01   0.105745E+02   0.158707E+00   0.104276E+02   0.104276E+02
   0.100786E+01   0.104271E+02   0.157989E+00   0.103283E+02   0.103283E+02
   0.101260E+01   0.102084E+02   0.157690E+00   0.102300E+02   0.102300E+02
   0.101734E+01   0.101401E+02   0.156936E+00   0.101327E+02   0.101327E+02
   0.102209E+01   0.999322E+01   0.156635E+00   0.100364E+02   0.100364E+02
   0.102683E+01   0.100071E+02   0.156555E+00   0.994103E+01   0.994103E+01
   0.103157E+01   0.981780E+01   0.156000E+00   0.984666E+01   0.984666E+01
   0.103632E+01   0.983130E+01   0.155477E+00   0.975325E+01   0.975325E+01
   0.104106E+01   0.966467E+01   0.155045E+00   0.966080E+01   0.966080E+01
   0.104580E+01   0.934776E+01   0.154663E+00   0.956930E+01   0.956930E+01
   0.105055E+01   0.935856E+01   0.154380E+00   0.947873E+01   0.947873E+01
   0.105529E+01   0.913163E+01   0.153761E+00   0.938912E+01   0.938912E+01
   0.106003E+01   0.918128E+01   0.153429E+00   0.930040E+01   0.930040E+01
   0.106477E+01   0.907945E+01   0.153357E+00   0.921261E+01   0.921261E+01
   0.106952E+01   0.904164E+01   0.153083E+00   0.912571E+01   0.912571E+01
   0.107426E+01   0.906516E+01   0.152623E+00   0.903972E+01   0.903972E+01
   0.107900E+01   0.901824E+01   0.152203E+00   0.895461E+01   0.895461E+01
   0.108374E+01   0.875045E+01   0.151924E+00   0.887039E+01   0.887039E+01
   0.108849E+01   0.866499E+01   0.151814E+00   0.878704E+01   0.878704E+01
   0.109323E+01   0.864281E+01   0.151144E+00   0.870456E+01   0.870456E+01
   0.109797E+01   0.861613E+01   0.150786E+00   0.862293E+01   0.862293E+01
   0.110272E+01   0.863592E+01   0.150500E+00   0.854214E+01   0.854214E+01
   0.110746E+01   0.842224E+01   0.150104E+00   0.846219E+01   0.846219E+01
   0.111220E+01   0.831868E+01   0.149528E+00   0.838307E+01   0.838307E+01
   0.111695E+01   0.823335E+01   0.149466E+00   0.830478E+01   0.830478E+01
   0.112169E+01   0.803618E+01   0.148932E+00   0.822729E+01   0.822729E+01
   0.112643E+01   0.804777E+01   0.148847E+00   0.815063E+01   0.815063E+01
   0.113117E+01   0.811898E+01   0.148431E+00   0.807474E+01   0.807474E+01
   0.113592E+01   0.803870E+01   0.147927E+00   0.799965E+01   0.799965E+01
   0.114066E+01   0.793743E+01   0.147648E+00   0.792533E+01   0.792533E+01
   0.114540E+01   0.787511E+01   0.147463E+00   0.785179E+01   0.785179E+01
   0.115014E+01   0.787257E+01   0.147384E+00   0.777900E+01   0.777900E+01
   0.115489E+01   0.792819E+01   0.147045E+00   0.770697E+01   0.770697E+01
   0.115963E+01   0.752354E+01   0.146451E+00   0.763569E+01   0.763569E+01
   0.116437E+01   0.760912E+01   0.146146E+00   0.756517E+01   0.756517E+01
   0.116912E+01   0.756462E+01   0.146025E+00   0.749535E+01   0.749535E+01
   0.117386E+01   0.741460E+01   0.145523E+00   0.742626E+01   0.742626E+01
   0.117860E+01   0.737399E+01   0.145199E+00   0.735789E+01   0.735789E+01
   0.118335E+01   0.722549E+01   0.144796E+00   0.729021E+01   0.729021E+01
   0.118809E+01   0.741860E+01   0.144539E+00   0.722324E+01   0.722324E+01
   0.119283E+01   0.715159E+01   0.144287E+00   0.715696E+01   0.715696E+01
   0.119757E+01   0.719649E+01   0.144104E+00   0.709137E+01   0.709137E+01
   0.120232E+01   0.696616E+01   0.143810E+00   0.702645E+01   0.702645E+01
   0.120706E+01   0.663728E+01   0.144051E+00   0.696219E+01   0.696219E+01
   0.121180E+01   0.682933E+01   0.148778E+00   0.689859E+01   0.689859E+01
   0.121654E+01   0.682070E+01   0.151745E+00   0.683565E+01   0.683565E+01
   0.122129E+01   0.680187E+01   0.153877E+00   0.677334E+01   0.677334E+01
   0.122603E+01   0.664403E+01   0.155528E+00   0.671168E+01   0.671168E+01
   0.123077E+01   0.653092E+01   0.157086E+00   0.665064E+01   0.665064E+01
   0.123552E+01   0.666920E+01   0.158886E+00   0.659024E+01   0.659024E+01
   0.124026E+01   0.655284E+01   0.160273E+00   0.653044E+01   0.653044E+01
   0.124500E+01   0.630518E+01   0.161325E+00   0.647125E+01   0.647125E+01
   0.124975E+01   0.643122E+01   0.162548E+00   0.641266E+01   0.641266E+01
   0.125449E+01   0.646177E+01   0.163635E+00   0.635467E+01   0.635467E+01
   0.125923E+01   0.646816E+01   0.164349E+00   0.629726E+01   0.629726E+01
   0.126397E+01   0.635164E+01   0.164742E+00   0.624043E+01   0.624043E+01
   0.126872E+01   0.614559E+01   0.164713E+00   0.618418E+01   0.618418E+01
   0.127346E+01   0.608911E+01   0.162526E+00   0.612849E+01   0.612849E+01
   0.127820E+01   0.606420E+01   0.156807E+00   0.607336E+01   0.607336E+01
   0.128295E+01   0.603661E+01   0.153726E+00   0.601878E+01   0.601878E+01
   0.128769E+01   0.592024E+01   0.151277E+00   0.596475E+01   0.596475E+01
   0.129243E+01   0.570520E+01   0.149319E+00   0.591126E+01   0.591126E+01
   0.129717E+01   0.586776E+01   0.147848E+00   0.585830E+01   0.585830E+01
   0.130192E+01   0.588742E+01   0.146162E+00   0.580589E+01   0.580589E+01
   0.130666E+01   0.579011E+01   0.145065E+00   0.575398E+01   0.575398E+01
   0.131140E+01   0.581546E+01   0.144145E+00   0.570259E+01   0.570259E+01
   0.131614E+01   0.567566E+01   0.142823E+00   0.565170E+01   0.565170E+01
   0.132089E+01   0.566439E+01   0.142131E+00   0.560132E+01   0.560132E+01
   0.132563E+01   0.547815E+01   0.141644E+00   0.555144E+01   0.555144E+01
   0.133037E+01   0.548855E+01   0.141291E+00   0.550205E+01   0.550205E+01
   0.133512E+01   0.555613E+01   0.140821E+00   0.545314E+01   0.545314E+01
   0.133986E+01   0.562603E+01   0.140639E+00   0.540473E+01   0.540473E+01
   0.134460E+01   0.548980E+01   0.140132E+00   0.535678E+01   0.535678E+01
   0.134935E+01   0.521628E+01   0.139598E+00   0.530930E+01   0.530930E+01
   0.135409E+01   0.525248E+01   0.139236E+00   0.526228E+01   0.526228E+01
   0.135883E+01   0.522280E+01   0.138806E+00   0.521572E+01   0.521572E+01
   0.136357E+01   0.499542E+01   0.138381E+00   0.516961E+01   0.516961E+01
   0.136832E+01   0.504375E+01   0.138123E+00   0.512395E+01   0.512395E+01
   0.137306E+01   0.510809E+01   0.138044E+00   0.507875E+01   0.507875E+01
   0.137780E+01   0.489592E+01   0.137681E+00   0.503397E+01   0.503397E+01
   0.138254E+01   0.481521E+01   0.137271E+00   0.498962E+01   0.498962E+01
   0.138729E+01   0.497432E+01   0.137007E+00   0.494570E+01   0.494570E+01
   0.139203E+01   0.478655E+01   0.136706E+00   0.490220E+01   0.490220E+01
   0.139677E+01   0.487461E+01   0.136353E+00   0.485913E+01   0.485913E+01
   0.140152E+01   0.488130E+01   0.136238E+00   0.481646E+01   0.481646E+01
   0.140626E+01   0.483864E+01   0.135738E+00   0.477420E+01   0.477420E+01
   0.141100E+01   0.479969E+01   0.135601E+00   0.473236E+01   0.473236E+01
   0.141575E+01   0.465425E+01   0.135328E+00   0.469090E+01   0.469090E+01
   0.142049E+01   0.467039E+01   0.135200E+00   0.464984E+01   0.464984E+01
   0.142523E+01   0.467042E+01   0.134845E+00   0.460918E+01   0.460918E+01
   0.142997E+01   0.459356E+01   0.134458E+00   0.456889E+01   0.456889E+01
   0.143472E+01   0.464509E+01   0.134296E+00   0.452899E+01   0.452899E+01
   0.143946E+01   0.456111E+01   0.133958E+00   0.448947E+01   0.448947E+01
   0.144420E+01   0.457297E+01   0.133837E+00   0.445032E+01   0.445032E+01
   0.144894E+01   0.453421E+01   0.133547E+00   0.441154E+01   0.441154E+01
   0.145369E+01   0.426028E+01   0.133244E+00   0.437313E+01   0.437313E+01
   0.145843E+01   0.434775E+01   0.132937E+00   0.433507E+01   0.433507E+01
   0.146317E+01   0.425964E+01   0.132723E+00   0.429737E+01   0.429737E+01
   0.146792E+01   0.416009E+01   0.132371E+00   0.426003E+01   0.426003E+01
   0.147266E+01   0.417249E+01   0.132261E+00   0.422303E+01   0.422303E+01
   0.147740E+01   0.416018E+01   0.131899E+00   0.418639E+01   0.418639E+01
   0.148215E+01   0.412173E+01   0.131825E+00   0.415009E+01   0.415009E+01
   0.148689E+01   0.431011E+01   0.131489E+00   0.411412E+01   0.411412E+01
   0.149163E+01   0.417119E+01   0.131292E+00   0.407848E+01   0.407848E+01
   0.149637E+01   0.398641E+01   0.130992E+00   0.404318E+01   0.404318E+01
   0.150112E+01   0.393993E+01   0.130857E+00   0.400821E+01   0.400821E+01
   0.150586E+01   0.406318E+01   0.133551E+00   0.397356E+01   0.397356E+01
   0.151060E+01   0.394610E+01   0.136975E+00   0.393923E+01   0.393923E+01
   0.151534E+01   0.371547E+01   0.139271E+00   0.390522E+01   0.390522E+01
   0.152009E+01   0.380320E+01   0.141075E+00   0.387153E+01   0.387153E+01
   0.152483E+01   0.397987E+01   0.142597E+00   0.383814E+01   0.383814E+01
   0.152957E+01   0.396690E+01   0.143438E+00   0.380506E+01   0.380506E+01
   0.153432E+01   0.368341E+01   0.139872E+00   0.377228E+01   0.377228E+01
   0.153906E+01   0.382327E+01   0.137614E+00   0.373981E+01   0.373981E+01
   0.154380E+01   0.368906E+01   0.136066E+00   0.370764E+01   0.370764E+01
   0.154855E+01   0.381940E+01   0.134732E+00   0.367576E+01   0.367576E+01
   0.155329E+01   0.354587E+01   0.133150E+00   0.364418E+01   0.364418E+01
   0.155803E+01   0.365531E+01   0.131758E+00   0.361288E+01   0.361288E+01
   0.156277E+01   0.352537E+01   0.130436E+00   0.358187E+01   0.358187E+01
   0.156752E+01   0.355947E+01   0.129179E+00   0.355114E+01   0.355114E+01
   0.157226E+01   0.345915E+01   0.128448E+00   0.352069E+01   0.352069E+01
   0.157700E+01   0.360561E+01   0.128279E+00   0.349052E+01   0.349052E+01
   0.158175E+01   0.355937E+01   0.127806E+00   0.346063E+01   0.346063E+01
   0.158649E+01   0.351655E+01   0.127682E+00   0.343102E+01   0.343102E+01
   0.159123E+01   0.336673E+01   0.127776E+00   0.340166E+01   0.340166E+01
   0.159597E+01   0.334723E+01   0.127860E+00   0.337258E+01   0.337258E+01
   0.160072E+01   0.350172E+01   0.127792E+00   0.334376E+01   0.334376E+01
   0.160546E+01   0.337652E+01   0.127734E+00   0.331520E+01   0.331520E+01
   0.161020E+01   0.325452E+01   0.127544E+00   0.328690E+01   0.328690E+01
   0.161495E+01   0.317927E+01   0.127250E+00   0.325886E+01   0.325886E+01
   0.161969E+01   0.320857E+01   0.126986E+00   0.323108E+01   0.323108E+01
   0.162443E+01   0.325073E+01   0.126650E+00   0.320354E+01   0.320354E+01
   0.162917E+01   0.301225E+01   0.126260E+00   0.317626E+01   0.317626E+01
   0.163392E+01   0.309153E+01   0.126350E+00   0.314922E+01   0.314922E+01
   0.163866E+01   0.301761E+01   0.125971E+00   0.312243E+01   0.312243E+01
   0.164340E+01   0.304772E+01   0.125733E+00   0.309588E+01   0.309588E+01
   0.164815E+01   0.310213E+01   0.125659E+00   0.306957E+01   0.306957E+01
   0.165289E+01   0.314062E+01   0.125362E+00   0.304349E+01   0.304349E+01
   0.165763E+01   0.308079E+01   0.125204E+00   0.301766E+01   0.301766E+01
   0.166237E+01   0.292745E+01   0.125120E+00   0.299206E+01   0.299206E+01
   0.166712E+01   0.283356E+01   0.124654E+00   0.296669E+01   0.296669E+01
   0.167186E+01   0.294953E+01   0.124436E+00   0.294155E+01   0.294155E+01
   0.167660E+01   0.280631E+01   0.124299E+00   0.291664E+01   0.291664E+01
   0.168135E+01   0.289651E+01   0.124275E+00   0.289195E+01   0.289195E+01
   0.168609E+01   0.294811E+01   0.124018E+00   0.286749E+01   0.286749E+01
   0.169083E+01   0.294678E+01   0.123536E+00   0.284325E+01   0.284325E+01
   0.169557E+01   0.288419E+01   0.123404E+00   0.281922E+01   0.281922E+01
   0.170032E+01   0.285036E+01   0.123338E+00   0.279542E+01   0.279542E+01
   0.170506E+01   0.289620E+01   0.123131E+00   0.277183E+01   0.277183E+01
   0.170980E+01   0.283765E+01   0.122894E+00   0.274845E+01   0.274845E+01
   0.171455E+01   0.271628E+01   0.122651E+00   0.272529E+01   0.272529E+01
   0.171929E+01   0.260461E+01   0.122372E+00   0.270233E+01   0.270233E+01
   0.172403E+01   0.272093E+01   0.122262E+00   0.267959E+01   0.267959E+01
   0.172877E+01   0.258143E+01   0.122154E+00   0.265705E+01   0.265705E+01
   0.173352E+01   0.247311E+01   0.121855E+00   0.263472E+01   0.263472E+01
   0.173826E+01   0.268070E+01   0.121815E+00   0.261259E+01   0.261259E+01
   0.174300E+01   0.267134E+01   0.121532E+00   0.259066E+01   0.259066E+01
   0.174775E+01   0.260110E+01   0.121169E+00   0.256893E+01   0.256893E+01
   0.175249E+01   0.248560E+01   0.120947E+00   0.254740E+01   0.254740E+01
   0.175723E+01   0.243350E+01   0.120809E+00   0.252606E+01   0.252606E+01
   0.176197E+01   0.247377E+01   0.120861E+00   0.250493E+01   0.250493E+01
   0.176672E+01   0.254737E+01   0.120612E+00   0.248398E+01   0.248398E+01
   0.177146E+01   0.238730E+01   0.120380E+00   0.246322E+01   0.246322E+01
   0.177620E+01   0.242292E+01   0.120265E+00   0.244266E+01   0.244266E+01
   0.178095E+01   0.228256E+01   0.120022E+00   0.242228E+01   0.242228E+01
   0.178569E+01   0.228238E+01   0.119631E+00   0.240210E+01   0.240210E+01
   0.179043E+01   0.229138E+01   0.119627E+00   0.238209E+01   0.238209E+01
   0.179517E+01   0.225326E+01   0.119573E+00   0.236228E+01   0.236228E+01
   0.179992E+01   0.238208E+01   0.119244E+00   0.234265E+01   0.234265E+01
   0.180466E+01   0.226884E+01   0.119052E+00   0.232319E+01   0.232319E+01
   0.180940E+01   0.227576E+01   0.119044E+00   0.230392E+01   0.230392E+01
   0.181415E+01   0.228849E+01   0.118902E+00   0.228483E+01   0.228483E+01
   0.181889E+01   0.220579E+01   0.118623E+00   0.226591E+01   0.226591E+01
   0.182363E+01   0.233756E+01   0.118558E+00   0.224718E+01   0.224718E+01
   0.182838E+01   0.241567E+01   0.118568E+00   0.222861E+01   0.222861E+01
   0.183312E+01   0.233495E+01   0.118265E+00   0.221023E+01   0.221023E+01
   0.183786E+01   0.218356E+01   0.118149E+00   0.219201E+01   0.219201E+01
   0.184260E+01   0.226977E+01   0.117830E+00   0.217397E+01   0.217397E+01
   0.184735E+01   0.227877E+01   0.117686E+00   0.215610E+01   0.215610E+01
   0.185209E+01   0.225684E+01   0.117508E+00   0.213839E+01   0.213839E+01
   0.185683E+01   0.197460E+01   0.117302E+00   0.212086E+01   0.212086E+01
   0.186157E+01   0.190973E+01   0.117183E+00   0.210349E+01   0.210349E+01
   0.186632E+01   0.205699E+01   0.117145E+00   0.208629E+01   0.208629E+01
   0.187106E+01   0.202588E+01   0.116802E+00   0.206925E+01   0.206925E+01
   0.187580E+01   0.195345E+01   0.116684E+00   0.205238E+01   0.205238E+01
   0.188055E+01   0.199533E+01   0.116417E+00   0.203567E+01   0.203567E+01
   0.188529E+01   0.208138E+01   0.116415E+00   0.201912E+01   0.201912E+01
   0.189003E+01   0.204340E+01   0.116232E+00   0.200274E+01   0.200274E+01
   0.189478E+01   0.205737E+01   0.115974E+00   0.198651E+01   0.198651E+01
   0.189952E+01   0.200047E+01   0.115881E+00   0.197044E+01   0.197044E+01
   0.190426E+01   0.209693E+01   0.115893E+00   0.195453E+01   0.195453E+01
   0.190900E+01   0.201560E+01   0.115531E+00   0.193878E+01   0.193878E+01
   0.191375E+01   0.192211E+01   0.115439E+00   0.192318E+01   0.192318E+01
   0.191849E+01   0.188098E+01   0.115425E+00   0.190774E+01   0.190774E+01
   0.192323E+01   0.174991E+01   0.114986E+00   0.189245E+01   0.189245E+01
   0.192797E+01   0.186390E+01   0.114840E+00   0.187732E+01   0.187732E+01
   0.193272E+01   0.190573E+01   0.114787E+00   0.186234E+01   0.186234E+01
   0.193746E+01   0.189032E+01   0.114532E+00   0.184751E+01   0.184751E+01
   0.194220E+01   0.166102E+01   0.113961E+00   0.183283E+01   0.183283E+01
   0.194695E+01   0.177913E+01   0.113740E+00   0.181831E+01   0.181831E+01
   0.195169E+01   0.176725E+01   0.113430E+00   0.180393E+01   0.180393E+01
   0.195643E+01   0.180351E+01   0.113305E+00   0.178970E+01   0.178970E+01
   0.196117E+01   0.175700E+01   0.113126E+00   0.177561E+01   0.177561E+01
   0.196592E+01   0.173637E+01   0.113010E+00   0.176168E+01   0.176168E+01
   0.197066E+01   0.190860E+01   0.113098E+00   0.174789E+01   0.174789E+01
   0.197540E+01   0.189716E+01   0.112887E+00   0.173425E+01   0.173425E+01
   0.198015E+01   0.190765E+01   0.112922E+00   0.172075E+01   0.172075E+01
   0.198489E+01   0.170366E+01   0.112981E+00   0.170739E+01   0.170739E+01
   0.198963E+01   0.164483E+01   0.112965E+00   0.169418E+01   0.169418E+01
   0.199438E+01   0.171029E+01   0.113019E+00   0.168111E+01   0.168111E+01
   0.199912E+01   0.169156E+01   0.112845E+00   0.166818E+01   0.166818E+01
   0.200386E+01   0.168086E+01   0.112646E+00   0.165540E+01   0.165540E+01
   0.200860E+01   0.149730E+01   0.112620E+00   0.164275E+01   0.164275E+01
   0.201335E+01   0.156769E+01   0.113710E+00   0.163025E+01   0.163025E+01
   0.201809E+01   0.162536E+01   0.116857E+00   0.161788E+01   0.161788E+01
   0.202283E+01   0.161060E+01   0.118709E+00   0.160565E+01   0.160565E+01
   0.202758E+01   0.151019E+01   0.120016E+00   0.159356E+01   0.159356E+01
   0.203232E+01   0.162673E+01   0.121307E+00   0.158160E+01   0.158160E+01
   0.203706E+01   0.151173E+01   0.122469E+00   0.156978E+01   0.156978E+01
   0.204180E+01   0.149522E+01   0.123075E+00   0.155810E+01   0.155810E+01
   0.204655E+01   0.150783E+01   0.123697E+00   0.154655E+01   0.154655E+01
   0.205129E+01   0.142069E+01   0.124009E+00   0.153514E+01   0.153514E+01
   0.205603E+01   0.153669E+01   0.124436E+00   0.152386E+01   0.152386E+01
   0.206078E+01   0.145065E+01   0.124752E+00   0.151271E+01   0.151271E+01
   0.206552E+01   0.143103E+01   0.124994E+00   0.150169E+01   0.150169E+01
   0.207026E+01   0.139939E+01   0.125161E+00   0.149081E+01   0.149081E+01
   0.207500E+01   0.151759E+01   0.125350E+00   0.148006E+01   0.148006E+01
   0.207975E+01   0.151476E+01   0.122882E+00   0.146944E+01   0.146944E+01
   0.208449E+01   0.152677E+01   0.119903E+00   0.145894E+01   0.145894E+01
   0.208923E+01   0.148875E+01   0.118156E+00   0.144858E+01   0.144858E+01
   0.209397E+01   0.139506E+01   0.116756E+00   0.143834E+01   0.143834E+01
   0.209872E+01   0.152241E+01   0.115471E+00   0.142823E+01   0.142823E+01
   0.210346E+01   0.142374E+01   0.114742E+00   0.141825E+01   0.141825E+01
   0.210820E+01   0.138610E+01   0.113692E+00   0.140839E+01   0.140839E+01
   0.211295E+01   0.138099E+01   0.113547E+00   0.139866E+01   0.139866E+01
   0.211769E+01   0.128400E+01   0.113298E+00   0.138905E+01   0.138905E+01
   0.212243E+01   0.143746E+01   0.113243E+00   0.137957E+01   0.137957E+01
   0.212717E+01   0.140097E+01   0.112873E+00   0.137021E+01   0.137021E+01
   0.213192E+01   0.129852E+01   0.112480E+00   0.136097E+01   0.136097E+01
   0.213666E+01   0.117514E+01   0.112229E+00   0.135186E+01   0.135186E+01
   0.214140E+01   0.132650E+01   0.111962E+00   0.134286E+01   0.134286E+01
   0.214615E+01   0.153635E+01   0.111865E+00   0.133399E+01   0.133399E+01
   0.215089E+01   0.130613E+01   0.111666E+00   0.132523E+01   0.132523E+01
   0.215563E+01   0.126558E+01   0.111378E+00   0.131660E+01   0.131660E+01
   0.216038E+01   0.110880E+01   0.111202E+00   0.130808E+01   0.130808E+01
   0.216512E+01   0.135806E+01   0.111143E+00   0.129968E+01   0.129968E+01
   0.216986E+01   0.149606E+01   0.111121E+00   0.129139E+01   0.129139E+01
   0.217460E+01   0.140930E+01   0.110780E+00   0.128322E+01   0.128322E+01
   0.217935E+01   0.118125E+01   0.110607E+00   0.127517E+01   0.127517E+01
   0.218409E+01   0.127032E+01   0.110423E+00   0.126723E+01   0.126723E+01
   0.218883E+01   0.115902E+01   0.110248E+00   0.125940E+01   0.125940E+01
   0.219358E+01   0.117405E+01   0.110093E+00   0.125169E+01   0.125169E+01
   0.219832E+01   0.126760E+01   0.109902E+00   0.124409E+01   0.124409E+01
   0.220306E+01   0.129002E+01   0.109739E+00   0.123659E+01   0.123659E+01
   0.220780E+01   0.123192E+01   0.109510E+00   0.122921E+01   0.122921E+01
   0.221255E+01   0.117942E+01   0.109317E+00   0.122194E+01   0.122194E+01
   0.221729E+01   0.118299E+01   0.109241E+00   0.121478E+01   0.121478E+01
   0.222203E+01   0.113427E+01   0.109158E+00   0.120772E+01   0.120772E+01
   0.222677E+01   0.115461E+01   0.109059E+00   0.120077E+01   0.120077E+01
   0.223152E+01   0.108307E+01   0.108692E+00   0.119392E+01   0.119392E+01
   0.223626E+01   0.117796E+01   0.108459E+00   0.118718E+01   0.118718E+01
   0.224100E+01   0.130296E+01   0.108527E+00   0.118054E+01   0.118054E+01
   0.224575E+01   0.125043E+01   0.108307E+00   0.117400E+01   0.117400E+01
   0.225049E+01   0.110004E+01   0.108050E+00   0.116757E+01   0.116757E+01
   0.225523E+01   0.114732E+01   0.107954E+00   0.116124E+01   0.116124E+01
   0.225997E+01   0.118472E+01   0.107755E+00   0.115501E+01   0.115501E+01
   0.226472E+01   0.109188E+01   0.107681E+00   0.114887E+01   0.114887E+01
   0.226946E+01   0.114480E+01   0.107681E+00   0.114284E+01   0.114284E+01
   0.227420E+01   0.116114E+01   0.107496E+00   0.113690E+01   0.113690E+01
   0.227895E+01   0.103083E+01   0.107264E+00   0.113105E+01   0.113105E+01
   0.228369E+01   0.113509E+01   0.107060E+00   0.112530E+01   0.112530E+01
   0.228843E+01   0.109054E+01   0.107052E+00   0.111965E+01   0.111965E+01
   0.229318E+01   0.112324E+01   0.107037E+00   0.111408E+01   0.111408E+01
   0.229792E+01   0.109525E+01   0.106769E+00   0.110861E+01   0.110861E+01
   0.230266E+01   0.110739E+01   0.106803E+00   0.110323E+01   0.110323E+01
   0.230740E+01   0.113516E+01   0.106614E+00   0.109794E+01   0.109794E+01
   0.231215E+01   0.101996E+01   0.106281E+00   0.109274E+01   0.109274E+01
   0.231689E+01   0.999876E+00   0.106233E+00   0.108762E+01   0.108762E+01
   0.232163E+01   0.113746E+01   0.106082E+00   0.108259E+01   0.108259E+01
   0.232638E+01   0.112795E+01   0.105929E+00   0.107765E+01   0.107765E+01
   0.233112E+01   0.112817E+01   0.105811E+00   0.107278E+01   0.107278E+01
   0.233586E+01   0.104195E+01   0.105733E+00   0.106801E+01   0.106801E+01
   0.234060E+01   0.106494E+01   0.105644E+00   0.106331E+01   0.106331E+01
   0.234535E+01   0.100571E+01   0.105427E+00   0.105869E+01   0.105869E+01
   0.235009E+01   0.839543E+00   0.105316E+00   0.105416E+01   0.105416E+01
   0.235483E+01   0.106802E+01   0.105369E+00   0.104970E+01   0.104970E+01
   0.235957E+01   0.950623E+00   0.105224E+00   0.104532E+01   0.104532E+01
   0.236432E+01   0.100024E+01   0.104864E+00   0.104101E+01   0.104101E+01
   0.236906E+01   0.110252E+01   0.104994E+00   0.103678E+01   0.103678E+01
   0.237380E+01   0.107845E+01   0.104841E+00   0.103262E+01   0.103262E+01
   0.237855E+01   0.110875E+01   0.104586E+00   0.102854E+01   0.102854E+01
   0.238329E+01   0.100783E+01   0.104609E+00   0.102453E+01   0.102453E+01
   0.238803E+01   0.932971E+00   0.104460E+00   0.102058E+01   0.102058E+01
   0.239277E+01   0.100941E+01   0.104242E+00   0.101670E+01   0.101670E+01
   0.239752E+01   0.988907E+00   0.104380E+00   0.101289E+01   0.101289E+01
   0.240226E+01   0.107297E+01   0.104188E+00   0.100915E+01   0.100915E+01
   0.240700E+01   0.100968E+01   0.103958E+00   0.100548E+01   0.100548E+01
   0.241175E+01   0.114659E+01   0.104031E+00   0.100186E+01   0.100186E+01
   0.241649E+01   0.107277E+01   0.103875E+00   0.998312E+00   0.998312E+00
   0.242123E+01   0.964532E+00   0.103684E+00   0.994823E+00   0.994823E+00
   0.242598E+01   0.996949E+00   0.103643E+00   0.991394E+00   0.991394E+00
   0.243072E+01   0.942474E+00   0.103658E+00   0.988024E+00   0.988024E+00
   0.243546E+01   0.874716E+00   0.103362E+00   0.984712E+00   0.984712E+00
   0.244020E+01   0.106297E+01   0.103262E+00   0.981456E+00   0.981456E+00
   0.244495E+01   0.106978E+01   0.103139E+00   0.978256E+00   0.978256E+00
   0.244969E+01   0.971662E+00   0.102972E+00   0.975110E+00   0.975110E+00
   0.245443E+01   0.104095E+01   0.103019E+00   0.972017E+00   0.972017E+00
   0.245918E+01   0.101609E+01   0.102790E+00   0.968975E+00   0.968975E+00
   0.246392E+01   0.107090E+01   0.102780E+00   0.965984E+00   0.965984E+00
   0.246866E+01   0.847737E+00   0.102609E+00   0.963042E+00   0.963042E+00
   0.247340E+01   0.100297E+01   0.102575E+00   0.960149E+00   0.960149E+00
   0.247815E+01   0.102537E+01   0.102677E+00   0.957302E+00   0.957302E+00
   0.248289E+01   0.100525E+01   0.102275E+00   0.954500E+00   0.954500E+00
   0.248763E+01   0.901342E+00   0.102138E+00   0.951744E+00   0.951744E+00
   0.249238E+01   0.866981E+00   0.102095E+00   0.949029E+00   0.949029E+00
   0.249712E+01   0.108487E+01   0.102017E+00   0.946362E+00   0.946362E+00
   0.250186E+01   0.104028E+01   0.102028E+00   0.943729E+00   0.943729E+00
   0.250660E+01   0.922413E+00   0.101823E+00   0.941139E+00   0.941139E+00
   0.251135E+01   0.889829E+00   0.101619E+00   0.938587E+00   0.938587E+00
   0.251609E+01   0.883289E+00   0.101426E+00   0.936073E+00   0.936073E+00
   0.252083E+01   0.840218E+00   0.101097E+00   0.933595E+00   0.933595E+00
   0.252558E+01   0.872106E+00   0.100983E+00   0.931152E+00   0.931152E+00
   0.253032E+01   0.972181E+00   0.100970E+00   0.928744E+00   0.928744E+00
   0.253506E+01   0.790447E+00   0.100787E+00   0.926369E+00   0.926369E+00
   0.253980E+01   0.942126E+00   0.100591E+00   0.924025E+00   0.924025E+00
   0.254455E+01   0.101693E+01   0.100615E+00   0.921713E+00   0.921713E+00
   0.254929E+01   0.849896E+00   0.100390E+00   0.919430E+00   0.919430E+00
   0.255403E+01   0.922012E+00   0.100351E+00   0.917176E+00   0.917176E+00
   0.255878E+01   0.860836E+00   0.100237E+00   0.914950E+00   0.914950E+00
   0.256352E+01   0.955778E+00   0.100093E+00   0.912751E+00   0.912751E+00
   0.256826E+01   0.848045E+00   0.100122E+00   0.910577E+00   0.910577E+00
   0.257300E+01   0.852011E+00   0.100133E+00   0.908428E+00   0.908428E+00
   0.257775E+01   0.815193E+00   0.100284E+00   0.906302E+00   0.906302E+00
   0.258249E+01   0.893653E+00   0.100193E+00   0.904199E+00   0.904199E+00
   0.258723E+01   0.757531E+00   0.999882E-01   0.902118E+00   0.902118E+00
   0.259198E+01   0.812810E+00   0.999605E-01   0.900058E+00   0.900058E+00
   0.259672E+01   0.102850E+01   0.999735E-01   0.898017E+00   0.898017E+00
   0.260146E+01   0.983317E+00   0.997633E-01   0.895995E+00   0.895995E+00
   0.260620E+01   0.100648E+01   0.996877E-01   0.893991E+00   0.893991E+00
   0.261095E+01   0.920549E+00   0.996625E-01   0.892004E+00   0.892004E+00
   0.261569E+01   0.986461E+00   0.996774E-01   0.890035E+00   0.890035E+00
   0.262043E+01   0.945406E+00   0.994493E-01   0.888080E+00   0.888080E+00
   0.262518E+01   0.789627E+00   0.993550E-01   0.886139E+00   0.886139E+00
   0.262992E+01   0.889531E+00   0.991564E-01   0.884212E+00   0.884212E+00
   0.263466E+01   0.880790E+00   0.991794E-01   0.882299E+00   0.882299E+00
   0.263940E+01   0.870481E+00   0.990866E-01   0.880397E+00   0.880397E+00
   0.264415E+01   0.882119E+00   0.990162E-01   0.878507E+00   0.878507E+00
   0.264889E+01   0.839676E+00   0.988736E-01   0.876627E+00   0.876627E+00
   0.265363E+01   0.881747E+00   0.988195E-01   0.874757E+00   0.874757E+00
   0.265838E+01   0.913819E+00   0.986920E-01   0.872896E+00   0.872896E+00
   0.266312E+01   0.930464E+00   0.986135E-01   0.871044E+00   0.871044E+00
   0.266786E+01   0.799670E+00   0.984598E-01   0.869200E+00   0.869200E+00
   0.267260E+01   0.884623E+00   0.985220E-01   0.867362E+00   0.867362E+00
   0.267735E+01   0.833354E+00   0.984298E-01   0.865532E+00   0.865532E+00
   0.268209E+01   0.819716E+00   0.983143E-01   0.863707E+00   0.863707E+00
   0.268683E+01   0.776360E+00   0.982060E-01   0.861887E+00   0.861887E+00
   0.269158E+01   0.834530E+00   0.980858E-01   0.860072E+00   0.860072E+00
   0.269632E+01   0.781988E+00   0.979532E-01   0.858261E+00   0.858261E+00
   0.270106E+01   0.778997E+00   0.980034E-01   0.856453E+00   0.856453E+00
   0.270580E+01   0.723237E+00   0.978469E-01   0.854649E+00   0.854649E+00
   0.271055E+01   0.792682E+00   0.977388E-01   0.852847E+00   0.852847E+00
   0.271529E+01   0.758991E+00   0.976243E-01   0.851047E+00   0.851047E+00
   0.272003E+01   0.761852E+00   0.975801E-01   0.849252E+00   0.849252E+00
   0.272478E+01   0.773919E+00   0.975660E-01   0.847450E+00   0.847450E+00
   0.272952E+01   0.837744E+00   0.974873E-01   0.845655E+00   0.845655E+00
   0.273426E+01   0.873824E+00   0.974660E-01   0.843858E+00   0.843858E+00
   0.273901E+01   0.947450E+00   0.972469E-01   0.842062E+00   0.842062E+00
   0.274375E+01   0.813022E+00   0.972316E-01   0.840265E+00   0.840265E+00
   0.274849E+01   0.734413E+00   0.971080E-01   0.838467E+00   0.838467E+00
   0.275323E+01   0.100929E+01   0.970733E-01   0.836668E+00   0.836668E+00
   0.275798E+01   0.780815E+00   0.969573E-01   0.834867E+00   0.834867E+00
   0.276272E+01   0.823528E+00   0.968492E-01   0.833064E+00   0.833064E+00
   0.276746E+01   0.857595E+00   0.967931E-01   0.831259E+00   0.831259E+00
   0.277221E+01   0.993546E+00   0.966765E-01   0.829451E+00   0.829451E+00
   0.277695E+01   0.931065E+00   0.965507E-01   0.827641E+00   0.827641E+00
   0.278169E+01   0.833950E+00   0.964650E-01   0.825828E+00   0.825828E+00
   0.278643E+01   0.833695E+00   0.964375E-01   0.824012E+00   0.824012E+00
   0.279118E+01   0.967316E+00   0.963470E-01   0.822192E+00   0.822192E+00
   0.279592E+01   0.849098E+00   0.962234E-01   0.820369E+00   0.820369E+00
   0.280066E+01   0.785289E+00   0.960482E-01   0.818542E+00   0.818542E+00
   0.280540E+01   0.899523E+00   0.959389E-01   0.816711E+00   0.816711E+00
   0.281015E+01   0.768076E+00   0.960014E-01   0.814876E+00   0.814876E+00
   0.281489E+01   0.767573E+00   0.961336E-01   0.813037E+00   0.813037E+00
   0.281963E+01   0.797166E+00   0.979706E-01   0.811193E+00   0.811193E+00
   0.282438E+01   0.938583E+00   0.100009E+00   0.809345E+00   0.809345E+00
   0.282912E+01   0.908166E+00   0.101201E+00   0.807493E+00   0.807493E+00
   0.283386E+01   0.916326E+00   0.102313E+00   0.805638E+00   0.805638E+00
   0.283860E+01   0.835774E+00   0.103102E+00   0.803773E+00   0.803773E+00
   0.284335E+01   0.789868E+00   0.103335E+00   0.801908E+00   0.801908E+00
   0.284809E+01   0.827088E+00   0.103787E+00   0.800037E+00   0.800037E+00
   0.285283E+01   0.837664E+00   0.104124E+00   0.798161E+00   0.798161E+00
   0.285758E+01   0.820301E+00   0.104247E+00   0.796281E+00   0.796281E+00
   0.286232E+01   0.654322E+00   0.104491E+00   0.794396E+00   0.794396E+00
   0.286706E+01   0.786425E+00   0.104771E+00   0.792506E+00   0.792506E+00
   0.287181E+01   0.749564E+00   0.105004E+00   0.790611E+00   0.790611E+00
   0.287655E+01   0.746170E+00   0.105178E+00   0.788712E+00   0.788712E+00
   0.288129E+01   0.777400E+00   0.104960E+00   0.786808E+00   0.786808E+00
   0.288603E+01   0.629184E+00   0.102155E+00   0.784900E+00   0.784900E+00
   0.289078E+01   0.758203E+00   0.100501E+00   0.782987E+00   0.782987E+00
   0.289552E+01   0.757422E+00   0.993892E-01   0.781070E+00   0.781070E+00
   0.290026E+01   0.746079E+00   0.984930E-01   0.779149E+00   0.779149E+00
   0.290501E+01   0.702600E+00   0.979375E-01   0.777223E+00   0.777223E+00
   0.290975E+01   0.670044E+00   0.976050E-01   0.775294E+00   0.775294E+00
   0.291449E+01   0.724742E+00   0.973237E-01   0.773360E+00   0.773360E+00
   0.291923E+01   0.821527E+00   0.971870E-01   0.771423E+00   0.771423E+00
   0.292398E+01   0.766629E+00   0.969484E-01   0.769482E+00   0.769482E+00
   0.292872E+01   0.750798E+00   0.968295E-01   0.767537E+00   0.767537E+00
   0.293346E+01   0.871290E+00   0.967813E-01   0.765589E+00   0.765589E+00
   0.293820E+01   0.786004E+00   0.965966E-01   0.763637E+00   0.763637E+00
   0.294295E+01   0.788359E+00   0.963137E-01   0.761682E+00   0.761682E+00
   0.294769E+01   0.663860E+00   0.962045E-01   0.759725E+00   0.759725E+00
   0.295243E+01   0.819782E+00   0.961256E-01   0.757764E+00   0.757764E+00
   0.295718E+01   0.924707E+00   0.959523E-01   0.755801E+00   0.755801E+00
   0.296192E+01   0.797080E+00   0.958098E-01   0.753836E+00   0.753836E+00
   0.296666E+01   0.653820E+00   0.956081E-01   0.751868E+00   0.751868E+00
   0.297140E+01   0.737121E+00   0.954727E-01   0.749898E+00   0.749898E+00
   0.297615E+01   0.802864E+00   0.954230E-01   0.747926E+00   0.747926E+00
   0.298089E+01   0.743850E+00   0.951640E-01   0.745952E+00   0.745952E+00
   0.298563E+01   0.873856E+00   0.952493E-01   0.743977E+00   0.743977E+00
   0.299038E+01   0.762242E+00   0.951012E-01   0.742001E+00   0.742001E+00
   0.299512E+01   0.793275E+00   0.949536E-01   0.740023E+00   0.740023E+00
   0.299986E+01   0.870849E+00   0.950043E-01   0.738044E+00   0.738044E+00

           ####      Real Space Data                               ####

           Distance distribution  function of particle  


      R          P(R)      ERROR

  0.0000E+00  0.0000E+00  0.0000E+00
  0.4386E-01  0.2358E-01  0.6101E-03
  0.8772E-01  0.4733E-01  0.1115E-02
  0.1316E+00  0.7125E-01  0.1517E-02
  0.1754E+00  0.9534E-01  0.1819E-02
  0.2193E+00  0.1196E+00  0.2024E-02
  0.2632E+00  0.1440E+00  0.2139E-02
  0.3070E+00  0.1685E+00  0.2168E-02
  0.3509E+00  0.1932E+00  0.2120E-02
  0.3948E+00  0.2180E+00  0.2002E-02
  0.4386E+00  0.2430E+00  0.1826E-02
  0.4825E+00  0.2680E+00  0.1601E-02
  0.5263E+00  0.2931E+00  0.1344E-02
  0.5702E+00  0.3183E+00  0.1078E-02
  0.6141E+00  0.3436E+00  0.8455E-03
  0.6579E+00  0.3689E+00  0.7286E-03
  0.7018E+00  0.3942E+00  0.8049E-03
  0.7457E+00  0.4194E+00  0.1038E-02
  0.7895E+00  0.4446E+00  0.1342E-02
  0.8334E+00  0.4697E+00  0.1667E-02
  0.8772E+00  0.4947E+00  0.1987E-02
  0.9211E+00  0.5195E+00  0.2287E-02
  0.9650E+00  0.5441E+00  0.2558E-02
  0.1009E+01  0.5684E+00  0.2791E-02
  0.1053E+01  0.5925E+00  0.2981E-02
  0.1097E+01  0.6161E+00  0.3125E-02
  0.1140E+01  0.6394E+00  0.3220E-02
  0.1184E+01  0.6622E+00  0.3265E-02
  0.1228E+01  0.6845E+00  0.3260E-02
  0.1272E+01  0.7062E+00  0.3206E-02
  0.1316E+01  0.7272E+00  0.3105E-02
  0.1360E+01  0.7476E+00  0.2962E-02
  0.1404E+01  0.7672E+00  0.2784E-02
  0.1447E+01  0.7860E+00  0.2577E-02
  0.1491E+01  0.8039E+00  0.2354E-02
  0.1535E+01  0.8209E+00  0.2128E-02
  0.1579E+01  0.8369E+00  0.1919E-02
  0.1623E+01  0.8518E+00  0.1754E-02
  0.1667E+01  0.8657E+00  0.1660E-02
  0.1711E+01  0.8785E+00  0.1659E-02
  0.1754E+01  0.8901E+00  0.1755E-02
  0.1798E+01  0.9004E+00  0.1930E-02
  0.1842E+01  0.9096E+00  0.2158E-02
  0.1886E+01  0.9174E+00  0.2413E-02
  0.1930E+01  0.9240E+00  0.2675E-02
  0.1974E+01  0.9293E+00  0.2929E-02
  0.2018E+01  0.9332E+00  0.3165E-02
  0.2062E+01  0.9358E+00  0.3374E-02
  0.2105E+01  0.9372E+00  0.3551E-02
  0.2149E+01  0.9372E+00  0.3690E-02
  0.2193E+01  0.9359E+00  0.3791E-02
  0.2237E+01  0.9334E+00  0.3851E-02
  0.2281E+01  0.9296E+00  0.3872E-02
  0.2325E+01  0.9247E+00  0.3854E-02
  0.2369E+01  0.9186E+00  0.3801E-02
  0.2412E+01  0.9113E+00  0.3718E-02
  0.2456E+01  0.9031E+00  0.3610E-02
  0.2500E+01  0.8938E+00  0.3486E-02
  0.2544E+01  0.8837E+00  0.3354E-02
  0.2588E+01  0.8727E+00  0.3226E-02
  0.2632E+01  0.8608E+00  0.3113E-02
  0.2676E+01  0.8483E+00  0.3026E-02
  0.2719E+01  0.8352E+00  0.2977E-02
  0.2763E+01  0.8215E+00  0.2973E-02
  0.2807E+01  0.8073E+00  0.3015E-02
  0.2851E+01  0.7927E+00  0.3101E-02
  0.2895E+01  0.7778E+00  0.3224E-02
  0.2939E+01  0.7627E+00  0.3373E-02
  0.2983E+01  0.7474E+00  0.3538E-02
  0.3027E+01  0.7320E+00  0.3708E-02
  0.3070E+01  0.7166E+00  0.3874E-02
  0.3114E+01  0.7012E+00  0.4027E-02
  0.3158E+01  0.6860E+00  0.4161E-02
  0.3202E+01  0.6710E+00  0.4270E-02
  0.3246E+01  0.6561E+00  0.4352E-02
  0.3290E+01  0.6416E+00  0.4404E-02
  0.3334E+01  0.6273E+00  0.4427E-02
  0.3377E+01  0.6134E+00  0.4420E-02
  0.3421E+01  0.6000E+00  0.4386E-02
  0.3465E+01  0.5869E+00  0.4329E-02
  0.3509E+01  0.5742E+00  0.4253E-02
  0.3553E+01  0.5621E+00  0.4164E-02
  0.3597E+01  0.5503E+00  0.4070E-02
  0.3641E+01  0.5391E+00  0.3977E-02
  0.3684E+01  0.5282E+00  0.3895E-02
  0.3728E+01  0.5179E+00  0.3830E-02
  0.3772E+01  0.5079E+00  0.3789E-02
  0.3816E+01  0.4984E+00  0.3777E-02
  0.3860E+01  0.4892E+00  0.3796E-02
  0.3904E+01  0.4805E+00  0.3844E-02
  0.3948E+01  0.4720E+00  0.3920E-02
  0.3991E+01  0.4639E+00  0.4016E-02
  0.4035E+01  0.4561E+00  0.4127E-02
  0.4079E+01  0.4484E+00  0.4244E-02
  0.4123E+01  0.4410E+00  0.4361E-02
  0.4167E+01  0.4337E+00  0.4471E-02
  0.4211E+01  0.4266E+00  0.4568E-02
  0.4255E+01  0.4196E+00  0.4649E-02
  0.4299E+01  0.4126E+00  0.4709E-02
  0.4342E+01  0.4056E+00  0.4748E-02
  0.4386E+01  0.3987E+00  0.4764E-02
  0.4430E+01  0.3917E+00  0.4759E-02
  0.4474E+01  0.3846E+00  0.4734E-02
  0.4518E+01  0.3775E+00  0.4694E-02
  0.4562E+01  0.3702E+00  0.4642E-02
  0.4606E+01  0.3629E+00  0.4583E-02
  0.4649E+01  0.3554E+00  0.4525E-02
  0.4693E+01  0.3477E+00  0.4474E-02
  0.4737E+01  0.3399E+00  0.4436E-02
  0.4781E+01  0.3320E+00  0.4417E-02
  0.4825E+01  0.3239E+00  0.4421E-02
  0.4869E+01  0.3157E+00  0.4452E-02
  0.4913E+01  0.3073E+00  0.4508E-02
  0.4956E+01  0.2988E+00  0.4590E-02
  0.5000E+01  0.2902E+00  0.4693E-02
  0.5044E+01  0.2815E+00  0.4812E-02
  0.5088E+01  0.2728E+00  0.4942E-02
  0.5132E+01  0.2640E+00  0.5075E-02
  0.5176E+01  0.2551E+00  0.5206E-02
  0.5220E+01  0.2463E+00  0.5330E-02
  0.5263E+01  0.2374E+00  0.5441E-02
  0.5307E+01  0.2287E+00  0.5536E-02
  0.5351E+01  0.2199E+00  0.5611E-02
  0.5395E+01  0.2113E+00  0.5665E-02
  0.5439E+01  0.2028E+00  0.5698E-02
  0.5483E+01  0.1944E+00  0.5710E-02
  0.5527E+01  0.1862E+00  0.5702E-02
  0.5571E+01  0.1782E+00  0.5678E-02
  0.5614E+01  0.1704E+00  0.5641E-02
  0.5658E+01  0.1628E+00  0.5595E-02
  0.5702E+01  0.1554E+00  0.5546E-02
  0.5746E+01  0.1483E+00  0.5499E-02
  0.5790E+01  0.1414E+00  0.5459E-02
  0.5834E+01  0.1348E+00  0.5432E-02
  0.5878E+01  0.1285E+00  0.5422E-02
  0.5921E+01  0.1225E+00  0.5432E-02
  0.5965E+01  0.1167E+00  0.5464E-02
  0.6009E+01  0.1112E+00  0.5517E-02
  0.6053E+01  0.1060E+00  0.5591E-02
  0.6097E+01  0.1011E+00  0.5683E-02
  0.6141E+01  0.9644E-01  0.5789E-02
  0.6185E+01  0.9203E-01  0.5903E-02
  0.6228E+01  0.8786E-01  0.6021E-02
  0.6272E+01  0.8394E-01  0.6139E-02
  0.6316E+01  0.8025E-01  0.6251E-02
  0.6360E+01  0.7677E-01  0.6354E-02
  0.6404E+01  0.7349E-01  0.6444E-02
  0.6448E+01  0.7040E-01  0.6519E-02
  0.6492E+01  0.6748E-01  0.6577E-02
  0.6536E+01  0.6473E-01  0.6617E-02
  0.6579E+01  0.6213E-01  0.6639E-02
  0.6623E+01  0.5966E-01  0.6644E-02
  0.6667E+01  0.5732E-01  0.6633E-02
  0.6711E+01  0.5510E-01  0.6609E-02
  0.6755E+01  0.5297E-01  0.6573E-02
  0.6799E+01  0.5094E-01  0.6528E-02
  0.6843E+01  0.4900E-01  0.6480E-02
  0.6886E+01  0.4714E-01  0.6430E-02
  0.6930E+01  0.4534E-01  0.6383E-02
  0.6974E+01  0.4361E-01  0.6343E-02
  0.7018E+01  0.4195E-01  0.6312E-02
  0.7062E+01  0.4033E-01  0.6296E-02
  0.7106E+01  0.3877E-01  0.6296E-02
  0.7150E+01  0.3726E-01  0.6315E-02
  0.7193E+01  0.3580E-01  0.6354E-02
  0.7237E+01  0.3438E-01  0.6416E-02
  0.7281E+01  0.3300E-01  0.6499E-02
  0.7325E+01  0.3166E-01  0.6604E-02
  0.7369E+01  0.3037E-01  0.6729E-02
  0.7413E+01  0.2910E-01  0.6872E-02
  0.7457E+01  0.2787E-01  0.7028E-02
  0.7500E+01  0.2668E-01  0.7193E-02
  0.7544E+01  0.2550E-01  0.7362E-02
  0.7588E+01  0.2435E-01  0.7526E-02
  0.7632E+01  0.2321E-01  0.7679E-02
  0.7676E+01  0.2208E-01  0.7811E-02
  0.7720E+01  0.2094E-01  0.7912E-02
  0.7764E+01  0.1980E-01  0.7969E-02
  0.7808E+01  0.1863E-01  0.7972E-02
  0.7851E+01  0.1743E-01  0.7905E-02
  0.7895E+01  0.1618E-01  0.7755E-02
  0.7939E+01  0.1487E-01  0.7507E-02
  0.7983E+01  0.1348E-01  0.7145E-02
  0.8027E+01  0.1199E-01  0.6652E-02
  0.8071E+01  0.1039E-01  0.6013E-02
  0.8115E+01  0.8661E-02  0.5208E-02
  0.8158E+01  0.6776E-02  0.4222E-02
  0.8202E+01  0.4718E-02  0.3037E-02
  0.8246E+01  0.2466E-02  0.1635E-02
  0.8290E+01  0.0000E+00  0.0000E+00
