
           ####      G N O M             Version 5.0 (r13469)      ####
                                               Wed Dec 15 15:09:16 2021

           ####      Configuration                                 ####

    System Type:                   arbitrary monodisperse (job = 0)
    Minimum characteristic size:         0.0000
    Maximum characteristic size:         7.4600
    rad56:                               0.0000
    Force 0.0 at r = rmin:                  yes
    Force 0.0 at r = rmax:                  yes
    Initial alpha:                       0.0000
    Initial random seed:    1430768425861130694
    Points in real space:                   190

    Input  1:                      temp-inp.dat
    First data point used:                    1
    Last data point used:                   570
    Scaling coefficient:             0.1000E+01
    Experimental setup:            point collimation



           ####      Results                                       ####

    Parameter    DISCRP  OSCILL  STABIL  SYSDEV  POSITV  VALCEN  SMOOTH
    Weight        1.000   3.000   3.000   3.000   1.000   1.000   1.000
    Sigma         0.300   0.600   0.120   0.120   0.120   0.120   0.600
    Ideal         0.700   1.100   0.000   1.000   1.000   0.950   0.000
    Current       0.437   1.383   0.020   0.938   1.000   0.874   0.159
               --------------------------------------------------------
    Estimate      0.464   0.801   0.971   0.769   1.000   0.670   0.932

    Angular range:                       0.3012 to       2.9999
    Reciprocal space Rg:             0.2226E+01
    Reciprocal space I(0):           0.1530E+02

    Real space range:                    0.0000 to       7.4600
    Real space Rg:                   0.2234E+01 +-   0.2075E-01
    Real space I(0):                 0.1530E+02 +-   0.8037E-01

    Highest ALPHA (theor):           0.6081E+01
    Current ALPHA:                   0.5077E-01

    Total Estimate:                      0.8222 (a GOOD solution)



           ####      Experimental Data and Fit                     ####

      S          J EXP       ERROR       J REG       I REG

   0.000000E+00                                                0.153021E+02
   0.107561E-01                                                0.152991E+02
   0.215123E-01                                                0.152903E+02
   0.322684E-01                                                0.152756E+02
   0.430246E-01                                                0.152550E+02
   0.537807E-01                                                0.152286E+02
   0.645368E-01                                                0.151964E+02
   0.752930E-01                                                0.151585E+02
   0.860491E-01                                                0.151148E+02
   0.968053E-01                                                0.150655E+02
   0.107561E+00                                                0.150107E+02
   0.118318E+00                                                0.149503E+02
   0.129074E+00                                                0.148845E+02
   0.139830E+00                                                0.148133E+02
   0.150586E+00                                                0.147369E+02
   0.161342E+00                                                0.146553E+02
   0.172098E+00                                                0.145687E+02
   0.182854E+00                                                0.144771E+02
   0.193611E+00                                                0.143807E+02
   0.204367E+00                                                0.142795E+02
   0.215123E+00                                                0.141738E+02
   0.225879E+00                                                0.140637E+02
   0.236635E+00                                                0.139492E+02
   0.247391E+00                                                0.138305E+02
   0.258147E+00                                                0.137079E+02
   0.268903E+00                                                0.135813E+02
   0.279660E+00                                                0.134510E+02
   0.290416E+00                                                0.133171E+02
   0.301172E+00   0.130633E+02   0.175059E+00   0.131798E+02   0.131798E+02
   0.305915E+00   0.130811E+02   0.173779E+00   0.131182E+02   0.131182E+02
   0.310658E+00   0.130094E+02   0.171958E+00   0.130560E+02   0.130560E+02
   0.315400E+00   0.130925E+02   0.170516E+00   0.129932E+02   0.129932E+02
   0.320143E+00   0.129257E+02   0.169241E+00   0.129298E+02   0.129298E+02
   0.324886E+00   0.127726E+02   0.167456E+00   0.128658E+02   0.128658E+02
   0.329629E+00   0.127533E+02   0.166134E+00   0.128013E+02   0.128013E+02
   0.334372E+00   0.129441E+02   0.165071E+00   0.127362E+02   0.127362E+02
   0.339115E+00   0.125140E+02   0.165456E+00   0.126705E+02   0.126705E+02
   0.343858E+00   0.126791E+02   0.167698E+00   0.126044E+02   0.126044E+02
   0.348601E+00   0.124253E+02   0.171411E+00   0.125377E+02   0.125377E+02
   0.353343E+00   0.126450E+02   0.174650E+00   0.124706E+02   0.124706E+02
   0.358086E+00   0.123459E+02   0.175976E+00   0.124029E+02   0.124029E+02
   0.362829E+00   0.121864E+02   0.177525E+00   0.123349E+02   0.123349E+02
   0.367572E+00   0.120603E+02   0.178636E+00   0.122663E+02   0.122663E+02
   0.372315E+00   0.121076E+02   0.179782E+00   0.121973E+02   0.121973E+02
   0.377058E+00   0.120849E+02   0.180713E+00   0.121279E+02   0.121279E+02
   0.381801E+00   0.120337E+02   0.181866E+00   0.120581E+02   0.120581E+02
   0.386543E+00   0.120560E+02   0.182397E+00   0.119879E+02   0.119879E+02
   0.391286E+00   0.120500E+02   0.182836E+00   0.119174E+02   0.119174E+02
   0.396029E+00   0.117918E+02   0.183235E+00   0.118464E+02   0.118464E+02
   0.400772E+00   0.118823E+02   0.184524E+00   0.117752E+02   0.117752E+02
   0.405515E+00   0.117745E+02   0.190938E+00   0.117035E+02   0.117035E+02
   0.410258E+00   0.117648E+02   0.195717E+00   0.116316E+02   0.116316E+02
   0.415001E+00   0.117524E+02   0.199868E+00   0.115594E+02   0.115594E+02
   0.419744E+00   0.114204E+02   0.201965E+00   0.114869E+02   0.114869E+02
   0.424486E+00   0.115278E+02   0.205476E+00   0.114141E+02   0.114141E+02
   0.429229E+00   0.114123E+02   0.208164E+00   0.113410E+02   0.113410E+02
   0.433972E+00   0.111757E+02   0.211406E+00   0.112677E+02   0.112677E+02
   0.438715E+00   0.112045E+02   0.214214E+00   0.111941E+02   0.111941E+02
   0.443458E+00   0.110219E+02   0.217450E+00   0.111204E+02   0.111204E+02
   0.448201E+00   0.109122E+02   0.220584E+00   0.110464E+02   0.110464E+02
   0.452944E+00   0.109417E+02   0.224112E+00   0.109723E+02   0.109723E+02
   0.457686E+00   0.109248E+02   0.225897E+00   0.108979E+02   0.108979E+02
   0.462429E+00   0.109563E+02   0.227660E+00   0.108234E+02   0.108234E+02
   0.467172E+00   0.107656E+02   0.227834E+00   0.107488E+02   0.107488E+02
   0.471915E+00   0.107814E+02   0.218711E+00   0.106740E+02   0.106740E+02
   0.476658E+00   0.106061E+02   0.213533E+00   0.105991E+02   0.105991E+02
   0.481401E+00   0.105353E+02   0.210649E+00   0.105241E+02   0.105241E+02
   0.486144E+00   0.103771E+02   0.208597E+00   0.104490E+02   0.104490E+02
   0.490887E+00   0.104514E+02   0.206666E+00   0.103738E+02   0.103738E+02
   0.495629E+00   0.102995E+02   0.205446E+00   0.102986E+02   0.102986E+02
   0.500372E+00   0.101709E+02   0.203487E+00   0.102233E+02   0.102233E+02
   0.505115E+00   0.104159E+02   0.202689E+00   0.101479E+02   0.101479E+02
   0.509858E+00   0.102553E+02   0.201304E+00   0.100725E+02   0.100725E+02
   0.514601E+00   0.992118E+01   0.199595E+00   0.999714E+01   0.999714E+01
   0.519344E+00   0.995737E+01   0.198790E+00   0.992174E+01   0.992174E+01
   0.524087E+00   0.978697E+01   0.197765E+00   0.984635E+01   0.984635E+01
   0.528829E+00   0.999505E+01   0.196645E+00   0.977098E+01   0.977098E+01
   0.533572E+00   0.951335E+01   0.195219E+00   0.969564E+01   0.969564E+01
   0.538315E+00   0.953563E+01   0.193807E+00   0.962035E+01   0.962035E+01
   0.543058E+00   0.941736E+01   0.192053E+00   0.954511E+01   0.954511E+01
   0.547801E+00   0.951541E+01   0.190634E+00   0.946995E+01   0.946995E+01
   0.552544E+00   0.930432E+01   0.189251E+00   0.939486E+01   0.939486E+01
   0.557287E+00   0.937951E+01   0.188359E+00   0.931987E+01   0.931987E+01
   0.562029E+00   0.940179E+01   0.186556E+00   0.924498E+01   0.924498E+01
   0.566772E+00   0.917904E+01   0.185101E+00   0.917020E+01   0.917020E+01
   0.571515E+00   0.906393E+01   0.184071E+00   0.909555E+01   0.909555E+01
   0.576258E+00   0.875495E+01   0.183053E+00   0.902104E+01   0.902104E+01
   0.581001E+00   0.903854E+01   0.182391E+00   0.894667E+01   0.894667E+01
   0.585744E+00   0.881980E+01   0.180996E+00   0.887246E+01   0.887246E+01
   0.590487E+00   0.882711E+01   0.180657E+00   0.879842E+01   0.879842E+01
   0.595230E+00   0.864099E+01   0.179929E+00   0.872456E+01   0.872456E+01
   0.599972E+00   0.887178E+01   0.179956E+00   0.865089E+01   0.865089E+01
   0.604715E+00   0.846281E+01   0.179235E+00   0.857741E+01   0.857741E+01
   0.609458E+00   0.872071E+01   0.178869E+00   0.850415E+01   0.850415E+01
   0.614201E+00   0.864520E+01   0.178076E+00   0.843110E+01   0.843110E+01
   0.618944E+00   0.835934E+01   0.177206E+00   0.835828E+01   0.835828E+01
   0.623687E+00   0.843615E+01   0.176613E+00   0.828569E+01   0.828569E+01
   0.628430E+00   0.820638E+01   0.176315E+00   0.821335E+01   0.821335E+01
   0.633173E+00   0.822529E+01   0.175770E+00   0.814127E+01   0.814127E+01
   0.637915E+00   0.804686E+01   0.175322E+00   0.806944E+01   0.806944E+01
   0.642658E+00   0.773386E+01   0.174614E+00   0.799789E+01   0.799789E+01
   0.647401E+00   0.777225E+01   0.174058E+00   0.792662E+01   0.792662E+01
   0.652144E+00   0.786778E+01   0.173928E+00   0.785563E+01   0.785563E+01
   0.656887E+00   0.786103E+01   0.173252E+00   0.778495E+01   0.778495E+01
   0.661630E+00   0.771972E+01   0.172892E+00   0.771456E+01   0.771456E+01
   0.666373E+00   0.752936E+01   0.172247E+00   0.764448E+01   0.764448E+01
   0.671115E+00   0.772114E+01   0.171413E+00   0.757473E+01   0.757473E+01
   0.675858E+00   0.759789E+01   0.171182E+00   0.750530E+01   0.750530E+01
   0.680601E+00   0.748619E+01   0.170887E+00   0.743620E+01   0.743620E+01
   0.685344E+00   0.719863E+01   0.170386E+00   0.736744E+01   0.736744E+01
   0.690087E+00   0.728070E+01   0.169669E+00   0.729902E+01   0.729902E+01
   0.694830E+00   0.735152E+01   0.169125E+00   0.723096E+01   0.723096E+01
   0.699573E+00   0.711985E+01   0.169062E+00   0.716326E+01   0.716326E+01
   0.704315E+00   0.705109E+01   0.168211E+00   0.709592E+01   0.709592E+01
   0.709058E+00   0.684664E+01   0.167728E+00   0.702895E+01   0.702895E+01
   0.713801E+00   0.693508E+01   0.167456E+00   0.696236E+01   0.696236E+01
   0.718544E+00   0.673279E+01   0.167034E+00   0.689615E+01   0.689615E+01
   0.723287E+00   0.655529E+01   0.166540E+00   0.683032E+01   0.683032E+01
   0.728030E+00   0.692166E+01   0.166187E+00   0.676489E+01   0.676489E+01
   0.732773E+00   0.680322E+01   0.165975E+00   0.669985E+01   0.669985E+01
   0.737515E+00   0.660358E+01   0.165252E+00   0.663522E+01   0.663522E+01
   0.742258E+00   0.660047E+01   0.164609E+00   0.657099E+01   0.657099E+01
   0.747001E+00   0.637222E+01   0.164397E+00   0.650717E+01   0.650717E+01
   0.751744E+00   0.639722E+01   0.163697E+00   0.644377E+01   0.644377E+01
   0.756487E+00   0.640935E+01   0.163133E+00   0.638079E+01   0.638079E+01
   0.761230E+00   0.647574E+01   0.163019E+00   0.631822E+01   0.631822E+01
   0.765973E+00   0.600834E+01   0.162562E+00   0.625609E+01   0.625609E+01
   0.770716E+00   0.617880E+01   0.162346E+00   0.619438E+01   0.619438E+01
   0.775459E+00   0.595188E+01   0.161813E+00   0.613311E+01   0.613311E+01
   0.780201E+00   0.610671E+01   0.161929E+00   0.607227E+01   0.607227E+01
   0.784944E+00   0.610820E+01   0.161172E+00   0.601187E+01   0.601187E+01
   0.789687E+00   0.586843E+01   0.160700E+00   0.595191E+01   0.595191E+01
   0.794430E+00   0.588031E+01   0.160347E+00   0.589240E+01   0.589240E+01
   0.799173E+00   0.581619E+01   0.159442E+00   0.583333E+01   0.583333E+01
   0.803916E+00   0.570414E+01   0.159385E+00   0.577471E+01   0.577471E+01
   0.808658E+00   0.556588E+01   0.158735E+00   0.571655E+01   0.571655E+01
   0.813401E+00   0.567658E+01   0.158198E+00   0.565883E+01   0.565883E+01
   0.818144E+00   0.563912E+01   0.158329E+00   0.560157E+01   0.560157E+01
   0.822887E+00   0.543204E+01   0.157962E+00   0.554477E+01   0.554477E+01
   0.827630E+00   0.559085E+01   0.157788E+00   0.548843E+01   0.548843E+01
   0.832373E+00   0.551951E+01   0.156747E+00   0.543254E+01   0.543254E+01
   0.837116E+00   0.548282E+01   0.156466E+00   0.537712E+01   0.537712E+01
   0.841859E+00   0.542468E+01   0.156347E+00   0.532215E+01   0.532215E+01
   0.846601E+00   0.530779E+01   0.156433E+00   0.526765E+01   0.526765E+01
   0.851344E+00   0.532839E+01   0.155466E+00   0.521361E+01   0.521361E+01
   0.856087E+00   0.518860E+01   0.155603E+00   0.516004E+01   0.516004E+01
   0.860830E+00   0.505159E+01   0.154601E+00   0.510692E+01   0.510692E+01
   0.865573E+00   0.506359E+01   0.154502E+00   0.505428E+01   0.505428E+01
   0.870316E+00   0.510814E+01   0.154014E+00   0.500209E+01   0.500209E+01
   0.875059E+00   0.482175E+01   0.154040E+00   0.495037E+01   0.495037E+01
   0.879802E+00   0.483790E+01   0.153726E+00   0.489912E+01   0.489912E+01
   0.884544E+00   0.485255E+01   0.153154E+00   0.484833E+01   0.484833E+01
   0.889287E+00   0.465868E+01   0.152341E+00   0.479800E+01   0.479800E+01
   0.894030E+00   0.482087E+01   0.152020E+00   0.474814E+01   0.474814E+01
   0.898773E+00   0.475171E+01   0.151973E+00   0.469873E+01   0.469873E+01
   0.903516E+00   0.490266E+01   0.151516E+00   0.464979E+01   0.464979E+01
   0.908259E+00   0.464071E+01   0.150729E+00   0.460131E+01   0.460131E+01
   0.913002E+00   0.455400E+01   0.150543E+00   0.455329E+01   0.455329E+01
   0.917744E+00   0.469259E+01   0.150435E+00   0.450573E+01   0.450573E+01
   0.922487E+00   0.450463E+01   0.149951E+00   0.445863E+01   0.445863E+01
   0.927230E+00   0.445802E+01   0.149578E+00   0.441198E+01   0.441198E+01
   0.931973E+00   0.432506E+01   0.149519E+00   0.436579E+01   0.436579E+01
   0.936716E+00   0.444337E+01   0.149109E+00   0.432005E+01   0.432005E+01
   0.941459E+00   0.423256E+01   0.148708E+00   0.427476E+01   0.427476E+01
   0.946202E+00   0.410147E+01   0.148317E+00   0.422992E+01   0.422992E+01
   0.950944E+00   0.403407E+01   0.148049E+00   0.418553E+01   0.418553E+01
   0.955687E+00   0.415407E+01   0.148356E+00   0.414159E+01   0.414159E+01
   0.960430E+00   0.425459E+01   0.147532E+00   0.409809E+01   0.409809E+01
   0.965173E+00   0.392954E+01   0.146847E+00   0.405503E+01   0.405503E+01
   0.969916E+00   0.394148E+01   0.146876E+00   0.401241E+01   0.401241E+01
   0.974659E+00   0.393288E+01   0.146435E+00   0.397023E+01   0.397023E+01
   0.979402E+00   0.410379E+01   0.146074E+00   0.392848E+01   0.392848E+01
   0.984144E+00   0.369374E+01   0.145634E+00   0.388717E+01   0.388717E+01
   0.988887E+00   0.369148E+01   0.145225E+00   0.384629E+01   0.384629E+01
   0.993630E+00   0.373066E+01   0.144931E+00   0.380584E+01   0.380584E+01
   0.998373E+00   0.366458E+01   0.144809E+00   0.376581E+01   0.376581E+01
   0.100312E+01   0.383759E+01   0.144713E+00   0.372621E+01   0.372621E+01
   0.100786E+01   0.373805E+01   0.144474E+00   0.368702E+01   0.368702E+01
   0.101260E+01   0.378447E+01   0.143878E+00   0.364825E+01   0.364825E+01
   0.101734E+01   0.361972E+01   0.144076E+00   0.360990E+01   0.360990E+01
   0.102209E+01   0.360269E+01   0.143347E+00   0.357197E+01   0.357197E+01
   0.102683E+01   0.375823E+01   0.143079E+00   0.353443E+01   0.353443E+01
   0.103157E+01   0.354026E+01   0.142567E+00   0.349731E+01   0.349731E+01
   0.103632E+01   0.342195E+01   0.142435E+00   0.346058E+01   0.346058E+01
   0.104106E+01   0.338972E+01   0.142347E+00   0.342426E+01   0.342426E+01
   0.104580E+01   0.345423E+01   0.141759E+00   0.338833E+01   0.338833E+01
   0.105055E+01   0.342256E+01   0.141565E+00   0.335279E+01   0.335279E+01
   0.105529E+01   0.316556E+01   0.141215E+00   0.331766E+01   0.331766E+01
   0.106003E+01   0.322063E+01   0.140898E+00   0.328290E+01   0.328290E+01
   0.106477E+01   0.313112E+01   0.140259E+00   0.324852E+01   0.324852E+01
   0.106952E+01   0.311485E+01   0.140724E+00   0.321453E+01   0.321453E+01
   0.107426E+01   0.314236E+01   0.140583E+00   0.318092E+01   0.318092E+01
   0.107900E+01   0.288622E+01   0.139694E+00   0.314767E+01   0.314767E+01
   0.108374E+01   0.294648E+01   0.139802E+00   0.311480E+01   0.311480E+01
   0.108849E+01   0.299376E+01   0.139240E+00   0.308230E+01   0.308230E+01
   0.109323E+01   0.304146E+01   0.138769E+00   0.305016E+01   0.305016E+01
   0.109797E+01   0.297359E+01   0.138713E+00   0.301838E+01   0.301838E+01
   0.110272E+01   0.294354E+01   0.138487E+00   0.298696E+01   0.298696E+01
   0.110746E+01   0.298077E+01   0.138061E+00   0.295589E+01   0.295589E+01
   0.111220E+01   0.278029E+01   0.137659E+00   0.292517E+01   0.292517E+01
   0.111695E+01   0.307898E+01   0.137766E+00   0.289480E+01   0.289480E+01
   0.112169E+01   0.299776E+01   0.137604E+00   0.286477E+01   0.286477E+01
   0.112643E+01   0.300181E+01   0.137115E+00   0.283509E+01   0.283509E+01
   0.113117E+01   0.290554E+01   0.136808E+00   0.280573E+01   0.280573E+01
   0.113592E+01   0.278560E+01   0.136479E+00   0.277671E+01   0.277671E+01
   0.114066E+01   0.293315E+01   0.136536E+00   0.274802E+01   0.274802E+01
   0.114540E+01   0.282545E+01   0.136350E+00   0.271966E+01   0.271966E+01
   0.115014E+01   0.270642E+01   0.135867E+00   0.269162E+01   0.269162E+01
   0.115489E+01   0.251717E+01   0.135539E+00   0.266389E+01   0.266389E+01
   0.115963E+01   0.275589E+01   0.135177E+00   0.263649E+01   0.263649E+01
   0.116437E+01   0.274378E+01   0.135304E+00   0.260940E+01   0.260940E+01
   0.116912E+01   0.261820E+01   0.134700E+00   0.258261E+01   0.258261E+01
   0.117386E+01   0.267352E+01   0.134586E+00   0.255613E+01   0.255613E+01
   0.117860E+01   0.244717E+01   0.134094E+00   0.252995E+01   0.252995E+01
   0.118335E+01   0.262207E+01   0.134315E+00   0.250408E+01   0.250408E+01
   0.118809E+01   0.257247E+01   0.134394E+00   0.247849E+01   0.247849E+01
   0.119283E+01   0.257224E+01   0.133656E+00   0.245320E+01   0.245320E+01
   0.119757E+01   0.265495E+01   0.133464E+00   0.242820E+01   0.242820E+01
   0.120232E+01   0.248015E+01   0.133478E+00   0.240349E+01   0.240349E+01
   0.120706E+01   0.247637E+01   0.133826E+00   0.237905E+01   0.237905E+01
   0.121180E+01   0.228450E+01   0.138038E+00   0.235490E+01   0.235490E+01
   0.121654E+01   0.224913E+01   0.140591E+00   0.233102E+01   0.233102E+01
   0.122129E+01   0.220994E+01   0.142054E+00   0.230741E+01   0.230741E+01
   0.122603E+01   0.223456E+01   0.144648E+00   0.228407E+01   0.228407E+01
   0.123077E+01   0.211381E+01   0.145566E+00   0.226100E+01   0.226100E+01
   0.123552E+01   0.224539E+01   0.147711E+00   0.223820E+01   0.223820E+01
   0.124026E+01   0.218025E+01   0.148970E+00   0.221565E+01   0.221565E+01
   0.124500E+01   0.217209E+01   0.149863E+00   0.219336E+01   0.219336E+01
   0.124975E+01   0.206972E+01   0.150728E+00   0.217132E+01   0.217132E+01
   0.125449E+01   0.197063E+01   0.152584E+00   0.214954E+01   0.214954E+01
   0.125923E+01   0.207994E+01   0.153026E+00   0.212800E+01   0.212800E+01
   0.126397E+01   0.209831E+01   0.153138E+00   0.210671E+01   0.210671E+01
   0.126872E+01   0.223874E+01   0.153421E+00   0.208566E+01   0.208566E+01
   0.127346E+01   0.227724E+01   0.151216E+00   0.206485E+01   0.206485E+01
   0.127820E+01   0.222165E+01   0.146200E+00   0.204428E+01   0.204428E+01
   0.128295E+01   0.199345E+01   0.142814E+00   0.202394E+01   0.202394E+01
   0.128769E+01   0.187107E+01   0.140679E+00   0.200383E+01   0.200383E+01
   0.129243E+01   0.193061E+01   0.138998E+00   0.198395E+01   0.198395E+01
   0.129717E+01   0.198363E+01   0.138175E+00   0.196429E+01   0.196429E+01
   0.130192E+01   0.163672E+01   0.136320E+00   0.194486E+01   0.194486E+01
   0.130666E+01   0.189775E+01   0.135490E+00   0.192565E+01   0.192565E+01
   0.131140E+01   0.190643E+01   0.134323E+00   0.190666E+01   0.190666E+01
   0.131614E+01   0.186401E+01   0.133289E+00   0.188788E+01   0.188788E+01
   0.132089E+01   0.193461E+01   0.133138E+00   0.186931E+01   0.186931E+01
   0.132563E+01   0.183817E+01   0.132154E+00   0.185096E+01   0.185096E+01
   0.133037E+01   0.169248E+01   0.131715E+00   0.183281E+01   0.183281E+01
   0.133512E+01   0.191144E+01   0.131869E+00   0.181487E+01   0.181487E+01
   0.133986E+01   0.173471E+01   0.131398E+00   0.179713E+01   0.179713E+01
   0.134460E+01   0.179265E+01   0.131034E+00   0.177959E+01   0.177959E+01
   0.134935E+01   0.165658E+01   0.130648E+00   0.176225E+01   0.176225E+01
   0.135409E+01   0.161125E+01   0.130449E+00   0.174511E+01   0.174511E+01
   0.135883E+01   0.165382E+01   0.129996E+00   0.172816E+01   0.172816E+01
   0.136357E+01   0.162658E+01   0.129899E+00   0.171140E+01   0.171140E+01
   0.136832E+01   0.166039E+01   0.129665E+00   0.169483E+01   0.169483E+01
   0.137306E+01   0.178174E+01   0.129102E+00   0.167845E+01   0.167845E+01
   0.137780E+01   0.174936E+01   0.129085E+00   0.166225E+01   0.166225E+01
   0.138254E+01   0.159586E+01   0.128709E+00   0.164623E+01   0.164623E+01
   0.138729E+01   0.148810E+01   0.128220E+00   0.163040E+01   0.163040E+01
   0.139203E+01   0.165076E+01   0.128213E+00   0.161474E+01   0.161474E+01
   0.139677E+01   0.169276E+01   0.127965E+00   0.159927E+01   0.159927E+01
   0.140152E+01   0.166634E+01   0.127966E+00   0.158396E+01   0.158396E+01
   0.140626E+01   0.150306E+01   0.127526E+00   0.156884E+01   0.156884E+01
   0.141100E+01   0.170754E+01   0.127427E+00   0.155388E+01   0.155388E+01
   0.141575E+01   0.153623E+01   0.126921E+00   0.153909E+01   0.153909E+01
   0.142049E+01   0.140854E+01   0.126504E+00   0.152447E+01   0.152447E+01
   0.142523E+01   0.165550E+01   0.126752E+00   0.151002E+01   0.151002E+01
   0.142997E+01   0.144907E+01   0.126543E+00   0.149573E+01   0.149573E+01
   0.143472E+01   0.144837E+01   0.125968E+00   0.148160E+01   0.148160E+01
   0.143946E+01   0.147658E+01   0.125527E+00   0.146763E+01   0.146763E+01
   0.144420E+01   0.142745E+01   0.125776E+00   0.145382E+01   0.145382E+01
   0.144894E+01   0.132808E+01   0.125506E+00   0.144017E+01   0.144017E+01
   0.145369E+01   0.135764E+01   0.125289E+00   0.142668E+01   0.142668E+01
   0.145843E+01   0.128115E+01   0.125115E+00   0.141334E+01   0.141334E+01
   0.146317E+01   0.144975E+01   0.125096E+00   0.140015E+01   0.140015E+01
   0.146792E+01   0.152384E+01   0.124752E+00   0.138711E+01   0.138711E+01
   0.147266E+01   0.142700E+01   0.124686E+00   0.137422E+01   0.137422E+01
   0.147740E+01   0.133808E+01   0.124276E+00   0.136149E+01   0.136149E+01
   0.148215E+01   0.137407E+01   0.123865E+00   0.134890E+01   0.134890E+01
   0.148689E+01   0.134028E+01   0.123640E+00   0.133645E+01   0.133645E+01
   0.149163E+01   0.119786E+01   0.123562E+00   0.132414E+01   0.132414E+01
   0.149637E+01   0.138405E+01   0.123373E+00   0.131198E+01   0.131198E+01
   0.150112E+01   0.131548E+01   0.123220E+00   0.129996E+01   0.129996E+01
   0.150586E+01   0.119499E+01   0.125757E+00   0.128808E+01   0.128808E+01
   0.151060E+01   0.123921E+01   0.129240E+00   0.127634E+01   0.127634E+01
   0.151534E+01   0.130112E+01   0.131127E+00   0.126474E+01   0.126474E+01
   0.152009E+01   0.132868E+01   0.133306E+00   0.125327E+01   0.125327E+01
   0.152483E+01   0.122768E+01   0.134073E+00   0.124193E+01   0.124193E+01
   0.152957E+01   0.132934E+01   0.135212E+00   0.123073E+01   0.123073E+01
   0.153432E+01   0.126559E+01   0.131752E+00   0.121966E+01   0.121966E+01
   0.153906E+01   0.125677E+01   0.129847E+00   0.120872E+01   0.120872E+01
   0.154380E+01   0.130418E+01   0.128896E+00   0.119791E+01   0.119791E+01
   0.154855E+01   0.123859E+01   0.126747E+00   0.118723E+01   0.118723E+01
   0.155329E+01   0.109964E+01   0.125659E+00   0.117668E+01   0.117668E+01
   0.155803E+01   0.126561E+01   0.124599E+00   0.116625E+01   0.116625E+01
   0.156277E+01   0.104219E+01   0.123389E+00   0.115595E+01   0.115595E+01
   0.156752E+01   0.117735E+01   0.122022E+00   0.114577E+01   0.114577E+01
   0.157226E+01   0.103960E+01   0.121353E+00   0.113571E+01   0.113571E+01
   0.157700E+01   0.102022E+01   0.120776E+00   0.112577E+01   0.112577E+01
   0.158175E+01   0.112477E+01   0.120523E+00   0.111596E+01   0.111596E+01
   0.158649E+01   0.101461E+01   0.120596E+00   0.110626E+01   0.110626E+01
   0.159123E+01   0.116222E+01   0.120707E+00   0.109668E+01   0.109668E+01
   0.159597E+01   0.108496E+01   0.121063E+00   0.108722E+01   0.108722E+01
   0.160072E+01   0.112544E+01   0.120982E+00   0.107788E+01   0.107788E+01
   0.160546E+01   0.102975E+01   0.120908E+00   0.106864E+01   0.106864E+01
   0.161020E+01   0.100796E+01   0.120537E+00   0.105953E+01   0.105953E+01
   0.161495E+01   0.109842E+01   0.120371E+00   0.105052E+01   0.105052E+01
   0.161969E+01   0.976260E+00   0.120186E+00   0.104163E+01   0.104163E+01
   0.162443E+01   0.985201E+00   0.120001E+00   0.103284E+01   0.103284E+01
   0.162917E+01   0.103062E+01   0.120131E+00   0.102417E+01   0.102417E+01
   0.163392E+01   0.954767E+00   0.119537E+00   0.101560E+01   0.101560E+01
   0.163866E+01   0.102464E+01   0.119515E+00   0.100715E+01   0.100715E+01
   0.164340E+01   0.882523E+00   0.119201E+00   0.998794E+00   0.998794E+00
   0.164815E+01   0.109501E+01   0.119445E+00   0.990547E+00   0.990547E+00
   0.165289E+01   0.111316E+01   0.118993E+00   0.982404E+00   0.982404E+00
   0.165763E+01   0.934365E+00   0.118610E+00   0.974367E+00   0.974367E+00
   0.166237E+01   0.990873E+00   0.118374E+00   0.966430E+00   0.966430E+00
   0.166712E+01   0.101160E+01   0.118149E+00   0.958594E+00   0.958594E+00
   0.167186E+01   0.108055E+01   0.117938E+00   0.950858E+00   0.950858E+00
   0.167660E+01   0.116588E+01   0.118090E+00   0.943221E+00   0.943221E+00
   0.168135E+01   0.102751E+01   0.118119E+00   0.935683E+00   0.935683E+00
   0.168609E+01   0.784186E+00   0.117441E+00   0.928241E+00   0.928241E+00
   0.169083E+01   0.950203E+00   0.117233E+00   0.920897E+00   0.920897E+00
   0.169557E+01   0.871218E+00   0.117352E+00   0.913647E+00   0.913647E+00
   0.170032E+01   0.871004E+00   0.117089E+00   0.906492E+00   0.906492E+00
   0.170506E+01   0.801411E+00   0.116881E+00   0.899428E+00   0.899428E+00
   0.170980E+01   0.942172E+00   0.116667E+00   0.892456E+00   0.892456E+00
   0.171455E+01   0.900579E+00   0.116690E+00   0.885576E+00   0.885576E+00
   0.171929E+01   0.104813E+01   0.116541E+00   0.878786E+00   0.878786E+00
   0.172403E+01   0.969977E+00   0.116199E+00   0.872087E+00   0.872087E+00
   0.172877E+01   0.673029E+00   0.115718E+00   0.865474E+00   0.865474E+00
   0.173352E+01   0.827267E+00   0.115876E+00   0.858948E+00   0.858948E+00
   0.173826E+01   0.851543E+00   0.115535E+00   0.852507E+00   0.852507E+00
   0.174300E+01   0.780255E+00   0.115446E+00   0.846152E+00   0.846152E+00
   0.174775E+01   0.791726E+00   0.115485E+00   0.839881E+00   0.839881E+00
   0.175249E+01   0.827129E+00   0.115004E+00   0.833693E+00   0.833693E+00
   0.175723E+01   0.768668E+00   0.115127E+00   0.827586E+00   0.827586E+00
   0.176197E+01   0.912919E+00   0.115078E+00   0.821562E+00   0.821562E+00
   0.176672E+01   0.789402E+00   0.114655E+00   0.815616E+00   0.815616E+00
   0.177146E+01   0.904557E+00   0.114841E+00   0.809749E+00   0.809749E+00
   0.177620E+01   0.891070E+00   0.114310E+00   0.803960E+00   0.803960E+00
   0.178095E+01   0.881167E+00   0.114376E+00   0.798248E+00   0.798248E+00
   0.178569E+01   0.740641E+00   0.113913E+00   0.792611E+00   0.792611E+00
   0.179043E+01   0.926589E+00   0.113979E+00   0.787049E+00   0.787049E+00
   0.179517E+01   0.816661E+00   0.113949E+00   0.781562E+00   0.781562E+00
   0.179992E+01   0.860039E+00   0.113491E+00   0.776147E+00   0.776147E+00
   0.180466E+01   0.682467E+00   0.113444E+00   0.770803E+00   0.770803E+00
   0.180940E+01   0.707656E+00   0.113374E+00   0.765530E+00   0.765530E+00
   0.181415E+01   0.704576E+00   0.113216E+00   0.760327E+00   0.760327E+00
   0.181889E+01   0.660263E+00   0.112837E+00   0.755192E+00   0.755192E+00
   0.182363E+01   0.826321E+00   0.112757E+00   0.750124E+00   0.750124E+00
   0.182838E+01   0.733214E+00   0.112560E+00   0.745123E+00   0.745123E+00
   0.183312E+01   0.758363E+00   0.112378E+00   0.740189E+00   0.740189E+00
   0.183786E+01   0.711771E+00   0.112544E+00   0.735318E+00   0.735318E+00
   0.184260E+01   0.667006E+00   0.112740E+00   0.730511E+00   0.730511E+00
   0.184735E+01   0.709184E+00   0.112299E+00   0.725766E+00   0.725766E+00
   0.185209E+01   0.768102E+00   0.112097E+00   0.721083E+00   0.721083E+00
   0.185683E+01   0.706370E+00   0.111677E+00   0.716460E+00   0.716460E+00
   0.186157E+01   0.631658E+00   0.111714E+00   0.711897E+00   0.711897E+00
   0.186632E+01   0.606677E+00   0.111800E+00   0.707393E+00   0.707393E+00
   0.187106E+01   0.713321E+00   0.111366E+00   0.702945E+00   0.702945E+00
   0.187580E+01   0.619547E+00   0.111283E+00   0.698554E+00   0.698554E+00
   0.188055E+01   0.755579E+00   0.111236E+00   0.694218E+00   0.694218E+00
   0.188529E+01   0.713072E+00   0.111015E+00   0.689937E+00   0.689937E+00
   0.189003E+01   0.703273E+00   0.110928E+00   0.685709E+00   0.685709E+00
   0.189478E+01   0.644154E+00   0.110701E+00   0.681533E+00   0.681533E+00
   0.189952E+01   0.612144E+00   0.110527E+00   0.677410E+00   0.677410E+00
   0.190426E+01   0.692422E+00   0.110590E+00   0.673336E+00   0.673336E+00
   0.190900E+01   0.772666E+00   0.110188E+00   0.669312E+00   0.669312E+00
   0.191375E+01   0.747678E+00   0.110317E+00   0.665337E+00   0.665337E+00
   0.191849E+01   0.710960E+00   0.110331E+00   0.661409E+00   0.661409E+00
   0.192323E+01   0.663486E+00   0.110070E+00   0.657528E+00   0.657528E+00
   0.192797E+01   0.668979E+00   0.110072E+00   0.653692E+00   0.653692E+00
   0.193272E+01   0.672985E+00   0.109744E+00   0.649902E+00   0.649902E+00
   0.193746E+01   0.706436E+00   0.109249E+00   0.646156E+00   0.646156E+00
   0.194220E+01   0.750212E+00   0.109155E+00   0.642452E+00   0.642452E+00
   0.194695E+01   0.604524E+00   0.108570E+00   0.638790E+00   0.638790E+00
   0.195169E+01   0.710901E+00   0.108635E+00   0.635169E+00   0.635169E+00
   0.195643E+01   0.593094E+00   0.108373E+00   0.631588E+00   0.631588E+00
   0.196117E+01   0.464102E+00   0.108385E+00   0.628047E+00   0.628047E+00
   0.196592E+01   0.532637E+00   0.108157E+00   0.624544E+00   0.624544E+00
   0.197066E+01   0.610842E+00   0.108008E+00   0.621080E+00   0.621080E+00
   0.197540E+01   0.616997E+00   0.108051E+00   0.617651E+00   0.617651E+00
   0.198015E+01   0.626599E+00   0.108126E+00   0.614259E+00   0.614259E+00
   0.198489E+01   0.577879E+00   0.108020E+00   0.610901E+00   0.610901E+00
   0.198963E+01   0.609459E+00   0.108277E+00   0.607578E+00   0.607578E+00
   0.199438E+01   0.518828E+00   0.107979E+00   0.604288E+00   0.604288E+00
   0.199912E+01   0.649963E+00   0.107916E+00   0.601030E+00   0.601030E+00
   0.200386E+01   0.472918E+00   0.107719E+00   0.597805E+00   0.597805E+00
   0.200860E+01   0.596443E+00   0.107859E+00   0.594611E+00   0.594611E+00
   0.201335E+01   0.536121E+00   0.108931E+00   0.591446E+00   0.591446E+00
   0.201809E+01   0.539569E+00   0.111827E+00   0.588311E+00   0.588311E+00
   0.202283E+01   0.714474E+00   0.113749E+00   0.585205E+00   0.585205E+00
   0.202758E+01   0.607222E+00   0.115080E+00   0.582127E+00   0.582127E+00
   0.203232E+01   0.655513E+00   0.116157E+00   0.579077E+00   0.579077E+00
   0.203706E+01   0.546130E+00   0.116977E+00   0.576053E+00   0.576053E+00
   0.204180E+01   0.558773E+00   0.118087E+00   0.573055E+00   0.573055E+00
   0.204655E+01   0.537024E+00   0.118644E+00   0.570083E+00   0.570083E+00
   0.205129E+01   0.602165E+00   0.118870E+00   0.567135E+00   0.567135E+00
   0.205603E+01   0.584844E+00   0.119470E+00   0.564211E+00   0.564211E+00
   0.206078E+01   0.526595E+00   0.119470E+00   0.561310E+00   0.561310E+00
   0.206552E+01   0.447891E+00   0.119432E+00   0.558432E+00   0.558432E+00
   0.207026E+01   0.670354E+00   0.120048E+00   0.555576E+00   0.555576E+00
   0.207500E+01   0.579027E+00   0.120090E+00   0.552743E+00   0.552743E+00
   0.207975E+01   0.602176E+00   0.117865E+00   0.549930E+00   0.549930E+00
   0.208449E+01   0.543818E+00   0.114814E+00   0.547137E+00   0.547137E+00
   0.208923E+01   0.626784E+00   0.113337E+00   0.544364E+00   0.544364E+00
   0.209397E+01   0.567398E+00   0.111827E+00   0.541611E+00   0.541611E+00
   0.209872E+01   0.569893E+00   0.110620E+00   0.538877E+00   0.538877E+00
   0.210346E+01   0.517748E+00   0.110087E+00   0.536161E+00   0.536161E+00
   0.210820E+01   0.590317E+00   0.109085E+00   0.533463E+00   0.533463E+00
   0.211295E+01   0.405615E+00   0.108956E+00   0.530784E+00   0.530784E+00
   0.211769E+01   0.326437E+00   0.108555E+00   0.528121E+00   0.528121E+00
   0.212243E+01   0.492014E+00   0.108196E+00   0.525475E+00   0.525475E+00
   0.212717E+01   0.493003E+00   0.108107E+00   0.522845E+00   0.522845E+00
   0.213192E+01   0.590719E+00   0.107718E+00   0.520231E+00   0.520231E+00
   0.213666E+01   0.395068E+00   0.107589E+00   0.517632E+00   0.517632E+00
   0.214140E+01   0.483888E+00   0.107583E+00   0.515049E+00   0.515049E+00
   0.214615E+01   0.588981E+00   0.107166E+00   0.512482E+00   0.512482E+00
   0.215089E+01   0.512257E+00   0.107118E+00   0.509928E+00   0.509928E+00
   0.215563E+01   0.580273E+00   0.107171E+00   0.507389E+00   0.507389E+00
   0.216038E+01   0.463949E+00   0.106655E+00   0.504864E+00   0.504864E+00
   0.216512E+01   0.430784E+00   0.106532E+00   0.502352E+00   0.502352E+00
   0.216986E+01   0.460015E+00   0.106368E+00   0.499855E+00   0.499855E+00
   0.217460E+01   0.499893E+00   0.106003E+00   0.497370E+00   0.497370E+00
   0.217935E+01   0.486450E+00   0.105848E+00   0.494899E+00   0.494899E+00
   0.218409E+01   0.557999E+00   0.105743E+00   0.492441E+00   0.492441E+00
   0.218883E+01   0.519177E+00   0.105926E+00   0.489995E+00   0.489995E+00
   0.219358E+01   0.444842E+00   0.105766E+00   0.487562E+00   0.487562E+00
   0.219832E+01   0.355383E+00   0.105381E+00   0.485141E+00   0.485141E+00
   0.220306E+01   0.456404E+00   0.105275E+00   0.482733E+00   0.482733E+00
   0.220780E+01   0.601935E+00   0.105333E+00   0.480337E+00   0.480337E+00
   0.221255E+01   0.654759E+00   0.104942E+00   0.477952E+00   0.477952E+00
   0.221729E+01   0.509146E+00   0.104843E+00   0.475581E+00   0.475581E+00
   0.222203E+01   0.472101E+00   0.104746E+00   0.473221E+00   0.473221E+00
   0.222677E+01   0.537501E+00   0.104666E+00   0.470873E+00   0.470873E+00
   0.223152E+01   0.458728E+00   0.104334E+00   0.468536E+00   0.468536E+00
   0.223626E+01   0.288883E+00   0.104234E+00   0.466212E+00   0.466212E+00
   0.224100E+01   0.340858E+00   0.104334E+00   0.463899E+00   0.463899E+00
   0.224575E+01   0.576833E+00   0.103981E+00   0.461598E+00   0.461598E+00
   0.225049E+01   0.423243E+00   0.103837E+00   0.459309E+00   0.459309E+00
   0.225523E+01   0.449925E+00   0.103660E+00   0.457033E+00   0.457033E+00
   0.225997E+01   0.420778E+00   0.103562E+00   0.454768E+00   0.454768E+00
   0.226472E+01   0.440890E+00   0.103269E+00   0.452515E+00   0.452515E+00
   0.226946E+01   0.547489E+00   0.103344E+00   0.450275E+00   0.450275E+00
   0.227420E+01   0.449739E+00   0.103368E+00   0.448045E+00   0.448045E+00
   0.227895E+01   0.527141E+00   0.103245E+00   0.445829E+00   0.445829E+00
   0.228369E+01   0.375042E+00   0.103051E+00   0.443624E+00   0.443624E+00
   0.228843E+01   0.276981E+00   0.102949E+00   0.441433E+00   0.441433E+00
   0.229318E+01   0.402034E+00   0.102828E+00   0.439254E+00   0.439254E+00
   0.229792E+01   0.554465E+00   0.102594E+00   0.437088E+00   0.437088E+00
   0.230266E+01   0.542385E+00   0.102502E+00   0.434935E+00   0.434935E+00
   0.230740E+01   0.494433E+00   0.102249E+00   0.432795E+00   0.432795E+00
   0.231215E+01   0.481410E+00   0.102092E+00   0.430668E+00   0.430668E+00
   0.231689E+01   0.450090E+00   0.101994E+00   0.428554E+00   0.428554E+00
   0.232163E+01   0.578112E+00   0.101877E+00   0.426455E+00   0.426455E+00
   0.232638E+01   0.372461E+00   0.101873E+00   0.424369E+00   0.424369E+00
   0.233112E+01   0.485097E+00   0.101702E+00   0.422297E+00   0.422297E+00
   0.233586E+01   0.433456E+00   0.101803E+00   0.420239E+00   0.420239E+00
   0.234060E+01   0.412247E+00   0.101470E+00   0.418196E+00   0.418196E+00
   0.234535E+01   0.540038E+00   0.101414E+00   0.416168E+00   0.416168E+00
   0.235009E+01   0.463109E+00   0.101219E+00   0.414154E+00   0.414154E+00
   0.235483E+01   0.253556E+00   0.101088E+00   0.412156E+00   0.412156E+00
   0.235957E+01   0.446434E+00   0.101311E+00   0.410174E+00   0.410174E+00
   0.236432E+01   0.400691E+00   0.101010E+00   0.408206E+00   0.408206E+00
   0.236906E+01   0.390152E+00   0.101109E+00   0.406255E+00   0.406255E+00
   0.237380E+01   0.320942E+00   0.100709E+00   0.404320E+00   0.404320E+00
   0.237855E+01   0.454534E+00   0.100868E+00   0.402402E+00   0.402402E+00
   0.238329E+01   0.237226E+00   0.100341E+00   0.400501E+00   0.400501E+00
   0.238803E+01   0.391611E+00   0.100493E+00   0.398615E+00   0.398615E+00
   0.239277E+01   0.279797E+00   0.100376E+00   0.396748E+00   0.396748E+00
   0.239752E+01   0.448685E+00   0.100143E+00   0.394898E+00   0.394898E+00
   0.240226E+01   0.359112E+00   0.100308E+00   0.393066E+00   0.393066E+00
   0.240700E+01   0.495631E+00   0.999788E-01   0.391252E+00   0.391252E+00
   0.241175E+01   0.445697E+00   0.100189E+00   0.389457E+00   0.389457E+00
   0.241649E+01   0.363295E+00   0.997732E-01   0.387680E+00   0.387680E+00
   0.242123E+01   0.453575E+00   0.995114E-01   0.385922E+00   0.385922E+00
   0.242598E+01   0.318130E+00   0.995164E-01   0.384183E+00   0.384183E+00
   0.243072E+01   0.395147E+00   0.993026E-01   0.382464E+00   0.382464E+00
   0.243546E+01   0.372444E+00   0.994212E-01   0.380765E+00   0.380765E+00
   0.244020E+01   0.388737E+00   0.991808E-01   0.379086E+00   0.379086E+00
   0.244495E+01   0.414731E+00   0.990649E-01   0.377427E+00   0.377427E+00
   0.244969E+01   0.410457E+00   0.988941E-01   0.375789E+00   0.375789E+00
   0.245443E+01   0.309168E+00   0.990240E-01   0.374171E+00   0.374171E+00
   0.245918E+01   0.253129E+00   0.990063E-01   0.372575E+00   0.372575E+00
   0.246392E+01   0.340806E+00   0.987616E-01   0.371000E+00   0.371000E+00
   0.246866E+01   0.466951E+00   0.988628E-01   0.369447E+00   0.369447E+00
   0.247340E+01   0.371933E+00   0.985378E-01   0.367916E+00   0.367916E+00
   0.247815E+01   0.418219E+00   0.983190E-01   0.366407E+00   0.366407E+00
   0.248289E+01   0.332437E+00   0.983450E-01   0.364920E+00   0.364920E+00
   0.248763E+01   0.363622E+00   0.981327E-01   0.363456E+00   0.363456E+00
   0.249238E+01   0.242356E+00   0.981359E-01   0.362015E+00   0.362015E+00
   0.249712E+01   0.301995E+00   0.980918E-01   0.360598E+00   0.360598E+00
   0.250186E+01   0.338253E+00   0.980640E-01   0.359203E+00   0.359203E+00
   0.250660E+01   0.300532E+00   0.980044E-01   0.357832E+00   0.357832E+00
   0.251135E+01   0.298697E+00   0.978215E-01   0.356484E+00   0.356484E+00
   0.251609E+01   0.358048E+00   0.977803E-01   0.355161E+00   0.355161E+00
   0.252083E+01   0.429234E+00   0.979478E-01   0.353862E+00   0.353862E+00
   0.252558E+01   0.315914E+00   0.971975E-01   0.352587E+00   0.352587E+00
   0.253032E+01   0.232315E+00   0.968667E-01   0.351336E+00   0.351336E+00
   0.253506E+01   0.352278E+00   0.971004E-01   0.350110E+00   0.350110E+00
   0.253980E+01   0.299456E+00   0.969273E-01   0.348909E+00   0.348909E+00
   0.254455E+01   0.501998E+00   0.970407E-01   0.347733E+00   0.347733E+00
   0.254929E+01   0.451764E+00   0.966342E-01   0.346582E+00   0.346582E+00
   0.255403E+01   0.428867E+00   0.966849E-01   0.345456E+00   0.345456E+00
   0.255878E+01   0.425867E+00   0.965285E-01   0.344356E+00   0.344356E+00
   0.256352E+01   0.294716E+00   0.961635E-01   0.343281E+00   0.343281E+00
   0.256826E+01   0.345465E+00   0.964519E-01   0.342231E+00   0.342231E+00
   0.257300E+01   0.237050E+00   0.963839E-01   0.341207E+00   0.341207E+00
   0.257775E+01   0.286270E+00   0.963180E-01   0.340209E+00   0.340209E+00
   0.258249E+01   0.385952E+00   0.964625E-01   0.339236E+00   0.339236E+00
   0.258723E+01   0.264709E+00   0.964737E-01   0.338289E+00   0.338289E+00
   0.259198E+01   0.339342E+00   0.961124E-01   0.337368E+00   0.337368E+00
   0.259672E+01   0.403209E+00   0.962032E-01   0.336473E+00   0.336473E+00
   0.260146E+01   0.356829E+00   0.959546E-01   0.335604E+00   0.335604E+00
   0.260620E+01   0.434248E+00   0.959026E-01   0.334760E+00   0.334760E+00
   0.261095E+01   0.318426E+00   0.961445E-01   0.333942E+00   0.333942E+00
   0.261569E+01   0.365434E+00   0.956913E-01   0.333151E+00   0.333151E+00
   0.262043E+01   0.299765E+00   0.957411E-01   0.332385E+00   0.332385E+00
   0.262518E+01   0.371006E+00   0.957838E-01   0.331645E+00   0.331645E+00
   0.262992E+01   0.430706E+00   0.957190E-01   0.330930E+00   0.330930E+00
   0.263466E+01   0.252260E+00   0.953936E-01   0.330242E+00   0.330242E+00
   0.263940E+01   0.394338E+00   0.954274E-01   0.329579E+00   0.329579E+00
   0.264415E+01   0.244875E+00   0.951935E-01   0.328941E+00   0.328941E+00
   0.264889E+01   0.286238E+00   0.949959E-01   0.328328E+00   0.328328E+00
   0.265363E+01   0.366752E+00   0.952184E-01   0.327741E+00   0.327741E+00
   0.265838E+01   0.323532E+00   0.949512E-01   0.327179E+00   0.327179E+00
   0.266312E+01   0.389031E+00   0.950971E-01   0.326642E+00   0.326642E+00
   0.266786E+01   0.392717E+00   0.947958E-01   0.326130E+00   0.326130E+00
   0.267260E+01   0.424948E+00   0.947935E-01   0.325642E+00   0.325642E+00
   0.267735E+01   0.333065E+00   0.947856E-01   0.325179E+00   0.325179E+00
   0.268209E+01   0.311724E+00   0.946747E-01   0.324740E+00   0.324740E+00
   0.268683E+01   0.278356E+00   0.943156E-01   0.324325E+00   0.324325E+00
   0.269158E+01   0.294203E+00   0.946272E-01   0.323934E+00   0.323934E+00
   0.269632E+01   0.253377E+00   0.945022E-01   0.323567E+00   0.323567E+00
   0.270106E+01   0.403826E+00   0.942023E-01   0.323223E+00   0.323223E+00
   0.270580E+01   0.316311E+00   0.940655E-01   0.322902E+00   0.322902E+00
   0.271055E+01   0.382440E+00   0.941227E-01   0.322604E+00   0.322604E+00
   0.271529E+01   0.408362E+00   0.942971E-01   0.322329E+00   0.322329E+00
   0.272003E+01   0.303422E+00   0.939536E-01   0.322076E+00   0.322076E+00
   0.272478E+01   0.366350E+00   0.938469E-01   0.321845E+00   0.321845E+00
   0.272952E+01   0.366457E+00   0.938701E-01   0.321636E+00   0.321636E+00
   0.273426E+01   0.224490E+00   0.935191E-01   0.321448E+00   0.321448E+00
   0.273901E+01   0.323607E+00   0.935462E-01   0.321281E+00   0.321281E+00
   0.274375E+01   0.371656E+00   0.934989E-01   0.321135E+00   0.321135E+00
   0.274849E+01   0.365636E+00   0.933331E-01   0.321009E+00   0.321009E+00
   0.275323E+01   0.321105E+00   0.933809E-01   0.320904E+00   0.320904E+00
   0.275798E+01   0.311165E+00   0.931975E-01   0.320818E+00   0.320818E+00
   0.276272E+01   0.340217E+00   0.931472E-01   0.320751E+00   0.320751E+00
   0.276746E+01   0.270519E+00   0.930941E-01   0.320703E+00   0.320703E+00
   0.277221E+01   0.212738E+00   0.930252E-01   0.320674E+00   0.320674E+00
   0.277695E+01   0.278019E+00   0.930475E-01   0.320662E+00   0.320662E+00
   0.278169E+01   0.359672E+00   0.930648E-01   0.320669E+00   0.320669E+00
   0.278643E+01   0.257014E+00   0.927254E-01   0.320693E+00   0.320693E+00
   0.279118E+01   0.217428E+00   0.925902E-01   0.320733E+00   0.320733E+00
   0.279592E+01   0.343778E+00   0.925892E-01   0.320790E+00   0.320790E+00
   0.280066E+01   0.310962E+00   0.924304E-01   0.320863E+00   0.320863E+00
   0.280540E+01   0.273017E+00   0.924564E-01   0.320951E+00   0.320951E+00
   0.281015E+01   0.275668E+00   0.924056E-01   0.321054E+00   0.321054E+00
   0.281489E+01   0.294822E+00   0.926366E-01   0.321172E+00   0.321172E+00
   0.281963E+01   0.290153E+00   0.946192E-01   0.321304E+00   0.321304E+00
   0.282438E+01   0.263885E+00   0.960254E-01   0.321450E+00   0.321450E+00
   0.282912E+01   0.261574E+00   0.972214E-01   0.321609E+00   0.321609E+00
   0.283386E+01   0.336949E+00   0.983106E-01   0.321781E+00   0.321781E+00
   0.283860E+01   0.299221E+00   0.989956E-01   0.321963E+00   0.321963E+00
   0.284335E+01   0.234208E+00   0.992653E-01   0.322159E+00   0.322159E+00
   0.284809E+01   0.207981E+00   0.998201E-01   0.322365E+00   0.322365E+00
   0.285283E+01   0.346150E+00   0.100236E+00   0.322582E+00   0.322582E+00
   0.285758E+01   0.382095E+00   0.100243E+00   0.322809E+00   0.322809E+00
   0.286232E+01   0.288118E+00   0.100689E+00   0.323046E+00   0.323046E+00
   0.286706E+01   0.208001E+00   0.100862E+00   0.323292E+00   0.323292E+00
   0.287181E+01   0.229711E+00   0.101059E+00   0.323546E+00   0.323546E+00
   0.287655E+01   0.274706E+00   0.101305E+00   0.323809E+00   0.323809E+00
   0.288129E+01   0.489299E+00   0.101187E+00   0.324079E+00   0.324079E+00
   0.288603E+01   0.248766E+00   0.983236E-01   0.324356E+00   0.324356E+00
   0.289078E+01   0.250570E+00   0.969103E-01   0.324639E+00   0.324639E+00
   0.289552E+01   0.486250E+00   0.960856E-01   0.324929E+00   0.324929E+00
   0.290026E+01   0.300793E+00   0.949780E-01   0.325224E+00   0.325224E+00
   0.290501E+01   0.310169E+00   0.943890E-01   0.325524E+00   0.325524E+00
   0.290975E+01   0.373226E+00   0.941113E-01   0.325828E+00   0.325828E+00
   0.291449E+01   0.398770E+00   0.939151E-01   0.326136E+00   0.326136E+00
   0.291923E+01   0.284831E+00   0.936500E-01   0.326448E+00   0.326448E+00
   0.292398E+01   0.220597E+00   0.931485E-01   0.326762E+00   0.326762E+00
   0.292872E+01   0.279463E+00   0.930973E-01   0.327079E+00   0.327079E+00
   0.293346E+01   0.339669E+00   0.928952E-01   0.327398E+00   0.327398E+00
   0.293820E+01   0.449227E+00   0.929294E-01   0.327717E+00   0.327717E+00
   0.294295E+01   0.384481E+00   0.927099E-01   0.328038E+00   0.328038E+00
   0.294769E+01   0.369095E+00   0.928881E-01   0.328359E+00   0.328359E+00
   0.295243E+01   0.321795E+00   0.926054E-01   0.328679E+00   0.328679E+00
   0.295718E+01   0.339750E+00   0.925106E-01   0.328999E+00   0.328999E+00
   0.296192E+01   0.293021E+00   0.925496E-01   0.329317E+00   0.329317E+00
   0.296666E+01   0.280933E+00   0.920541E-01   0.329634E+00   0.329634E+00
   0.297140E+01   0.332554E+00   0.918230E-01   0.329948E+00   0.329948E+00
   0.297615E+01   0.421425E+00   0.920107E-01   0.330260E+00   0.330260E+00
   0.298089E+01   0.389393E+00   0.918893E-01   0.330569E+00   0.330569E+00
   0.298563E+01   0.397492E+00   0.919015E-01   0.330873E+00   0.330873E+00
   0.299038E+01   0.353148E+00   0.916396E-01   0.331174E+00   0.331174E+00
   0.299512E+01   0.443200E+00   0.915524E-01   0.331470E+00   0.331470E+00
   0.299986E+01   0.365527E+00   0.914529E-01   0.331761E+00   0.331761E+00

           ####      Real Space Data                               ####

           Distance distribution  function of particle  


      R          P(R)      ERROR

  0.0000E+00  0.0000E+00  0.0000E+00
  0.3947E-01  0.1080E-01  0.1240E-02
  0.7894E-01  0.2113E-01  0.2280E-02
  0.1184E+00  0.3102E-01  0.3122E-02
  0.1579E+00  0.4045E-01  0.3770E-02
  0.1974E+00  0.4946E-01  0.4232E-02
  0.2368E+00  0.5806E-01  0.4516E-02
  0.2763E+00  0.6627E-01  0.4631E-02
  0.3158E+00  0.7412E-01  0.4591E-02
  0.3552E+00  0.8163E-01  0.4406E-02
  0.3947E+00  0.8884E-01  0.4093E-02
  0.4342E+00  0.9577E-01  0.3667E-02
  0.4737E+00  0.1025E+00  0.3148E-02
  0.5131E+00  0.1090E+00  0.2556E-02
  0.5526E+00  0.1153E+00  0.1925E-02
  0.5921E+00  0.1215E+00  0.1320E-02
  0.6315E+00  0.1276E+00  0.9374E-03
  0.6710E+00  0.1337E+00  0.1121E-02
  0.7105E+00  0.1397E+00  0.1708E-02
  0.7499E+00  0.1458E+00  0.2408E-02
  0.7894E+00  0.1519E+00  0.3122E-02
  0.8289E+00  0.1580E+00  0.3812E-02
  0.8684E+00  0.1643E+00  0.4455E-02
  0.9078E+00  0.1706E+00  0.5037E-02
  0.9473E+00  0.1771E+00  0.5546E-02
  0.9868E+00  0.1838E+00  0.5971E-02
  0.1026E+01  0.1906E+00  0.6305E-02
  0.1066E+01  0.1975E+00  0.6542E-02
  0.1105E+01  0.2046E+00  0.6679E-02
  0.1145E+01  0.2119E+00  0.6714E-02
  0.1184E+01  0.2193E+00  0.6646E-02
  0.1224E+01  0.2268E+00  0.6477E-02
  0.1263E+01  0.2344E+00  0.6212E-02
  0.1303E+01  0.2421E+00  0.5856E-02
  0.1342E+01  0.2499E+00  0.5416E-02
  0.1381E+01  0.2577E+00  0.4904E-02
  0.1421E+01  0.2656E+00  0.4332E-02
  0.1460E+01  0.2734E+00  0.3720E-02
  0.1500E+01  0.2811E+00  0.3095E-02
  0.1539E+01  0.2887E+00  0.2505E-02
  0.1579E+01  0.2962E+00  0.2035E-02
  0.1618E+01  0.3035E+00  0.1826E-02
  0.1658E+01  0.3106E+00  0.1980E-02
  0.1697E+01  0.3174E+00  0.2427E-02
  0.1737E+01  0.3239E+00  0.3024E-02
  0.1776E+01  0.3300E+00  0.3676E-02
  0.1816E+01  0.3358E+00  0.4331E-02
  0.1855E+01  0.3411E+00  0.4958E-02
  0.1895E+01  0.3460E+00  0.5537E-02
  0.1934E+01  0.3504E+00  0.6054E-02
  0.1974E+01  0.3543E+00  0.6498E-02
  0.2013E+01  0.3577E+00  0.6861E-02
  0.2052E+01  0.3606E+00  0.7135E-02
  0.2092E+01  0.3629E+00  0.7318E-02
  0.2131E+01  0.3646E+00  0.7405E-02
  0.2171E+01  0.3658E+00  0.7397E-02
  0.2210E+01  0.3664E+00  0.7296E-02
  0.2250E+01  0.3664E+00  0.7103E-02
  0.2289E+01  0.3659E+00  0.6826E-02
  0.2329E+01  0.3648E+00  0.6471E-02
  0.2368E+01  0.3633E+00  0.6049E-02
  0.2408E+01  0.3612E+00  0.5575E-02
  0.2447E+01  0.3586E+00  0.5066E-02
  0.2487E+01  0.3557E+00  0.4548E-02
  0.2526E+01  0.3523E+00  0.4054E-02
  0.2566E+01  0.3485E+00  0.3631E-02
  0.2605E+01  0.3444E+00  0.3337E-02
  0.2645E+01  0.3400E+00  0.3227E-02
  0.2684E+01  0.3354E+00  0.3328E-02
  0.2723E+01  0.3305E+00  0.3619E-02
  0.2763E+01  0.3255E+00  0.4045E-02
  0.2802E+01  0.3203E+00  0.4549E-02
  0.2842E+01  0.3150E+00  0.5085E-02
  0.2881E+01  0.3097E+00  0.5618E-02
  0.2921E+01  0.3044E+00  0.6122E-02
  0.2960E+01  0.2991E+00  0.6579E-02
  0.3000E+01  0.2939E+00  0.6975E-02
  0.3039E+01  0.2887E+00  0.7299E-02
  0.3079E+01  0.2837E+00  0.7545E-02
  0.3118E+01  0.2787E+00  0.7706E-02
  0.3158E+01  0.2740E+00  0.7781E-02
  0.3197E+01  0.2694E+00  0.7769E-02
  0.3237E+01  0.2650E+00  0.7671E-02
  0.3276E+01  0.2608E+00  0.7492E-02
  0.3316E+01  0.2568E+00  0.7239E-02
  0.3355E+01  0.2530E+00  0.6921E-02
  0.3394E+01  0.2494E+00  0.6550E-02
  0.3434E+01  0.2460E+00  0.6144E-02
  0.3473E+01  0.2428E+00  0.5725E-02
  0.3513E+01  0.2397E+00  0.5318E-02
  0.3552E+01  0.2368E+00  0.4957E-02
  0.3592E+01  0.2340E+00  0.4680E-02
  0.3631E+01  0.2313E+00  0.4523E-02
  0.3671E+01  0.2287E+00  0.4511E-02
  0.3710E+01  0.2262E+00  0.4649E-02
  0.3750E+01  0.2237E+00  0.4922E-02
  0.3789E+01  0.2212E+00  0.5296E-02
  0.3829E+01  0.2187E+00  0.5735E-02
  0.3868E+01  0.2162E+00  0.6205E-02
  0.3908E+01  0.2135E+00  0.6677E-02
  0.3947E+01  0.2108E+00  0.7128E-02
  0.3987E+01  0.2080E+00  0.7539E-02
  0.4026E+01  0.2051E+00  0.7896E-02
  0.4066E+01  0.2019E+00  0.8188E-02
  0.4105E+01  0.1987E+00  0.8406E-02
  0.4144E+01  0.1952E+00  0.8546E-02
  0.4184E+01  0.1916E+00  0.8604E-02
  0.4223E+01  0.1877E+00  0.8581E-02
  0.4263E+01  0.1837E+00  0.8479E-02
  0.4302E+01  0.1794E+00  0.8304E-02
  0.4342E+01  0.1750E+00  0.8062E-02
  0.4381E+01  0.1704E+00  0.7766E-02
  0.4421E+01  0.1656E+00  0.7431E-02
  0.4460E+01  0.1606E+00  0.7074E-02
  0.4500E+01  0.1555E+00  0.6719E-02
  0.4539E+01  0.1503E+00  0.6393E-02
  0.4579E+01  0.1450E+00  0.6127E-02
  0.4618E+01  0.1396E+00  0.5949E-02
  0.4658E+01  0.1342E+00  0.5884E-02
  0.4697E+01  0.1287E+00  0.5946E-02
  0.4737E+01  0.1232E+00  0.6133E-02
  0.4776E+01  0.1178E+00  0.6430E-02
  0.4815E+01  0.1125E+00  0.6812E-02
  0.4855E+01  0.1072E+00  0.7249E-02
  0.4894E+01  0.1021E+00  0.7715E-02
  0.4934E+01  0.9708E-01  0.8183E-02
  0.4973E+01  0.9227E-01  0.8631E-02
  0.5013E+01  0.8767E-01  0.9042E-02
  0.5052E+01  0.8330E-01  0.9401E-02
  0.5092E+01  0.7918E-01  0.9696E-02
  0.5131E+01  0.7531E-01  0.9920E-02
  0.5171E+01  0.7173E-01  0.1007E-01
  0.5210E+01  0.6844E-01  0.1013E-01
  0.5250E+01  0.6544E-01  0.1012E-01
  0.5289E+01  0.6274E-01  0.1002E-01
  0.5329E+01  0.6034E-01  0.9861E-02
  0.5368E+01  0.5824E-01  0.9633E-02
  0.5408E+01  0.5643E-01  0.9354E-02
  0.5447E+01  0.5490E-01  0.9040E-02
  0.5486E+01  0.5364E-01  0.8711E-02
  0.5526E+01  0.5263E-01  0.8389E-02
  0.5565E+01  0.5184E-01  0.8101E-02
  0.5605E+01  0.5127E-01  0.7874E-02
  0.5644E+01  0.5088E-01  0.7735E-02
  0.5684E+01  0.5065E-01  0.7704E-02
  0.5723E+01  0.5055E-01  0.7793E-02
  0.5763E+01  0.5056E-01  0.7999E-02
  0.5802E+01  0.5063E-01  0.8311E-02
  0.5842E+01  0.5075E-01  0.8708E-02
  0.5881E+01  0.5089E-01  0.9164E-02
  0.5921E+01  0.5101E-01  0.9652E-02
  0.5960E+01  0.5109E-01  0.1015E-01
  0.6000E+01  0.5110E-01  0.1062E-01
  0.6039E+01  0.5101E-01  0.1106E-01
  0.6079E+01  0.5082E-01  0.1144E-01
  0.6118E+01  0.5049E-01  0.1175E-01
  0.6157E+01  0.5001E-01  0.1197E-01
  0.6197E+01  0.4937E-01  0.1211E-01
  0.6236E+01  0.4856E-01  0.1214E-01
  0.6276E+01  0.4756E-01  0.1207E-01
  0.6315E+01  0.4639E-01  0.1189E-01
  0.6355E+01  0.4503E-01  0.1162E-01
  0.6394E+01  0.4349E-01  0.1125E-01
  0.6434E+01  0.4179E-01  0.1080E-01
  0.6473E+01  0.3992E-01  0.1029E-01
  0.6513E+01  0.3791E-01  0.9740E-02
  0.6552E+01  0.3577E-01  0.9183E-02
  0.6592E+01  0.3352E-01  0.8667E-02
  0.6631E+01  0.3118E-01  0.8244E-02
  0.6671E+01  0.2878E-01  0.7974E-02
  0.6710E+01  0.2634E-01  0.7910E-02
  0.6750E+01  0.2388E-01  0.8085E-02
  0.6789E+01  0.2144E-01  0.8497E-02
  0.6828E+01  0.1904E-01  0.9111E-02
  0.6868E+01  0.1670E-01  0.9873E-02
  0.6907E+01  0.1445E-01  0.1072E-01
  0.6947E+01  0.1232E-01  0.1159E-01
  0.6986E+01  0.1032E-01  0.1243E-01
  0.7026E+01  0.8469E-02  0.1317E-01
  0.7065E+01  0.6792E-02  0.1377E-01
  0.7105E+01  0.5296E-02  0.1418E-01
  0.7144E+01  0.3990E-02  0.1434E-01
  0.7184E+01  0.2880E-02  0.1420E-01
  0.7223E+01  0.1964E-02  0.1370E-01
  0.7263E+01  0.1240E-02  0.1279E-01
  0.7302E+01  0.6979E-03  0.1142E-01
  0.7342E+01  0.3238E-03  0.9514E-02
  0.7381E+01  0.9920E-04  0.7019E-02
  0.7421E+01  0.6299E-06  0.3870E-02
  0.7460E+01  0.0000E+00  0.0000E+00
