
           ####      G N O M             Version 5.0 (r13469)      ####
                                               Wed Dec 15 15:10:15 2021

           ####      Configuration                                 ####

    System Type:                   arbitrary monodisperse (job = 0)
    Minimum characteristic size:         0.0000
    Maximum characteristic size:         7.3800
    rad56:                               0.0000
    Force 0.0 at r = rmin:                  yes
    Force 0.0 at r = rmax:                  yes
    Initial alpha:                       0.0000
    Initial random seed:    1434650931285208778
    Points in real space:                   190

    Input  1:                      temp-inp.dat
    First data point used:                    1
    Last data point used:                   570
    Scaling coefficient:             0.1000E+01
    Experimental setup:            point collimation



           ####      Results                                       ####

    Parameter    DISCRP  OSCILL  STABIL  SYSDEV  POSITV  VALCEN  SMOOTH
    Weight        1.000   3.000   3.000   3.000   1.000   1.000   1.000
    Sigma         0.300   0.600   0.120   0.120   0.120   0.120   0.600
    Ideal         0.700   1.100   0.000   1.000   1.000   0.950   0.000
    Current       0.535   1.259   0.011   0.865   1.000   0.882   3.651
               --------------------------------------------------------
    Estimate      0.740   0.932   0.992   0.280   1.000   0.722   0.000

    Angular range:                       0.3012 to       2.9999
    Reciprocal space Rg:             0.2419E+01
    Reciprocal space I(0):           0.5036E+02

    Real space range:                    0.0000 to       7.3800
    Real space Rg:                   0.2429E+01 +-   0.5241E-02
    Real space I(0):                 0.5037E+02 +-   0.9587E-01

    Highest ALPHA (theor):           0.5641E+02
    Current ALPHA:                   0.1934E+01

    Total Estimate:                      0.6980 (a REASONABLE solution)



           ####      Experimental Data and Fit                     ####

      S          J EXP       ERROR       J REG       I REG

   0.000000E+00                                                0.503664E+02
   0.107561E-01                                                0.503549E+02
   0.215123E-01                                                0.503205E+02
   0.322684E-01                                                0.502633E+02
   0.430246E-01                                                0.501834E+02
   0.537807E-01                                                0.500809E+02
   0.645368E-01                                                0.499558E+02
   0.752930E-01                                                0.498085E+02
   0.860491E-01                                                0.496392E+02
   0.968053E-01                                                0.494480E+02
   0.107561E+00                                                0.492353E+02
   0.118318E+00                                                0.490015E+02
   0.129074E+00                                                0.487468E+02
   0.139830E+00                                                0.484717E+02
   0.150586E+00                                                0.481765E+02
   0.161342E+00                                                0.478617E+02
   0.172098E+00                                                0.475278E+02
   0.182854E+00                                                0.471753E+02
   0.193611E+00                                                0.468046E+02
   0.204367E+00                                                0.464164E+02
   0.215123E+00                                                0.460111E+02
   0.225879E+00                                                0.455894E+02
   0.236635E+00                                                0.451519E+02
   0.247391E+00                                                0.446992E+02
   0.258147E+00                                                0.442319E+02
   0.268903E+00                                                0.437507E+02
   0.279660E+00                                                0.432563E+02
   0.290416E+00                                                0.427492E+02
   0.301172E+00   0.426007E+02   0.213258E+00   0.422303E+02   0.422303E+02
   0.305915E+00   0.424850E+02   0.211162E+00   0.419979E+02   0.419979E+02
   0.310658E+00   0.418663E+02   0.208866E+00   0.417634E+02   0.417634E+02
   0.315400E+00   0.417526E+02   0.207150E+00   0.415268E+02   0.415268E+02
   0.320143E+00   0.411364E+02   0.204669E+00   0.412883E+02   0.412883E+02
   0.324886E+00   0.411260E+02   0.202942E+00   0.410478E+02   0.410478E+02
   0.329629E+00   0.406765E+02   0.201001E+00   0.408054E+02   0.408054E+02
   0.334372E+00   0.406195E+02   0.199459E+00   0.405612E+02   0.405612E+02
   0.339115E+00   0.403336E+02   0.199782E+00   0.403153E+02   0.403153E+02
   0.343858E+00   0.403743E+02   0.202249E+00   0.400677E+02   0.400677E+02
   0.348601E+00   0.402701E+02   0.207049E+00   0.398184E+02   0.398184E+02
   0.353343E+00   0.395081E+02   0.210224E+00   0.395676E+02   0.395676E+02
   0.358086E+00   0.393543E+02   0.212614E+00   0.393154E+02   0.393154E+02
   0.362829E+00   0.391774E+02   0.214067E+00   0.390616E+02   0.390616E+02
   0.367572E+00   0.389121E+02   0.215231E+00   0.388065E+02   0.388065E+02
   0.372315E+00   0.384226E+02   0.216590E+00   0.385501E+02   0.385501E+02
   0.377058E+00   0.382537E+02   0.217746E+00   0.382924E+02   0.382924E+02
   0.381801E+00   0.381467E+02   0.218378E+00   0.380335E+02   0.380335E+02
   0.386543E+00   0.380525E+02   0.219245E+00   0.377735E+02   0.377735E+02
   0.391286E+00   0.373867E+02   0.219537E+00   0.375124E+02   0.375124E+02
   0.396029E+00   0.375422E+02   0.220328E+00   0.372503E+02   0.372503E+02
   0.400772E+00   0.372161E+02   0.220953E+00   0.369872E+02   0.369872E+02
   0.405515E+00   0.369894E+02   0.228580E+00   0.367233E+02   0.367233E+02
   0.410258E+00   0.364572E+02   0.233670E+00   0.364585E+02   0.364585E+02
   0.415001E+00   0.361293E+02   0.238442E+00   0.361930E+02   0.361930E+02
   0.419744E+00   0.359799E+02   0.242061E+00   0.359268E+02   0.359268E+02
   0.424486E+00   0.355790E+02   0.245132E+00   0.356599E+02   0.356599E+02
   0.429229E+00   0.347396E+02   0.247410E+00   0.353924E+02   0.353924E+02
   0.433972E+00   0.354953E+02   0.251903E+00   0.351244E+02   0.351244E+02
   0.438715E+00   0.349179E+02   0.255219E+00   0.348559E+02   0.348559E+02
   0.443458E+00   0.343409E+02   0.258437E+00   0.345870E+02   0.345870E+02
   0.448201E+00   0.341325E+02   0.261373E+00   0.343177E+02   0.343177E+02
   0.452944E+00   0.339957E+02   0.265511E+00   0.340482E+02   0.340482E+02
   0.457686E+00   0.334633E+02   0.267552E+00   0.337784E+02   0.337784E+02
   0.462429E+00   0.332675E+02   0.269754E+00   0.335084E+02   0.335084E+02
   0.467172E+00   0.334695E+02   0.268739E+00   0.332382E+02   0.332382E+02
   0.471915E+00   0.331854E+02   0.258399E+00   0.329680E+02   0.329680E+02
   0.476658E+00   0.329996E+02   0.252509E+00   0.326978E+02   0.326978E+02
   0.481401E+00   0.325195E+02   0.248809E+00   0.324276E+02   0.324276E+02
   0.486144E+00   0.321557E+02   0.246160E+00   0.321575E+02   0.321575E+02
   0.490887E+00   0.318353E+02   0.243111E+00   0.318875E+02   0.318875E+02
   0.495629E+00   0.316600E+02   0.240957E+00   0.316177E+02   0.316177E+02
   0.500372E+00   0.314067E+02   0.239176E+00   0.313482E+02   0.313482E+02
   0.505115E+00   0.307570E+02   0.237230E+00   0.310789E+02   0.310789E+02
   0.509858E+00   0.309884E+02   0.235540E+00   0.308100E+02   0.308100E+02
   0.514601E+00   0.306978E+02   0.233883E+00   0.305415E+02   0.305415E+02
   0.519344E+00   0.299632E+02   0.232571E+00   0.302734E+02   0.302734E+02
   0.524087E+00   0.298758E+02   0.231082E+00   0.300058E+02   0.300058E+02
   0.528829E+00   0.296535E+02   0.229482E+00   0.297387E+02   0.297387E+02
   0.533572E+00   0.292439E+02   0.227247E+00   0.294722E+02   0.294722E+02
   0.538315E+00   0.292190E+02   0.225722E+00   0.292064E+02   0.292064E+02
   0.543058E+00   0.288888E+02   0.223456E+00   0.289412E+02   0.289412E+02
   0.547801E+00   0.285169E+02   0.221743E+00   0.286767E+02   0.286767E+02
   0.552544E+00   0.282610E+02   0.219949E+00   0.284130E+02   0.284130E+02
   0.557287E+00   0.276528E+02   0.217691E+00   0.281501E+02   0.281501E+02
   0.562029E+00   0.276600E+02   0.216310E+00   0.278881E+02   0.278881E+02
   0.566772E+00   0.271289E+02   0.214649E+00   0.276269E+02   0.276269E+02
   0.571515E+00   0.271060E+02   0.212744E+00   0.273667E+02   0.273667E+02
   0.576258E+00   0.270056E+02   0.211695E+00   0.271074E+02   0.271074E+02
   0.581001E+00   0.267823E+02   0.210051E+00   0.268492E+02   0.268492E+02
   0.585744E+00   0.264297E+02   0.208790E+00   0.265920E+02   0.265920E+02
   0.590487E+00   0.262009E+02   0.208070E+00   0.263358E+02   0.263358E+02
   0.595230E+00   0.261523E+02   0.207674E+00   0.260808E+02   0.260808E+02
   0.599972E+00   0.258026E+02   0.206782E+00   0.258270E+02   0.258270E+02
   0.604715E+00   0.252982E+02   0.205728E+00   0.255743E+02   0.255743E+02
   0.609458E+00   0.249528E+02   0.204749E+00   0.253229E+02   0.253229E+02
   0.614201E+00   0.249545E+02   0.204137E+00   0.250727E+02   0.250727E+02
   0.618944E+00   0.245246E+02   0.203040E+00   0.248238E+02   0.248238E+02
   0.623687E+00   0.245059E+02   0.202345E+00   0.245762E+02   0.245762E+02
   0.628430E+00   0.242802E+02   0.201727E+00   0.243300E+02   0.243300E+02
   0.633173E+00   0.239038E+02   0.200871E+00   0.240851E+02   0.240851E+02
   0.637915E+00   0.233659E+02   0.199433E+00   0.238416E+02   0.238416E+02
   0.642658E+00   0.234930E+02   0.199474E+00   0.235996E+02   0.235996E+02
   0.647401E+00   0.231941E+02   0.198257E+00   0.233591E+02   0.233591E+02
   0.652144E+00   0.230284E+02   0.197501E+00   0.231200E+02   0.231200E+02
   0.656887E+00   0.229023E+02   0.196927E+00   0.228824E+02   0.228824E+02
   0.661630E+00   0.226441E+02   0.196156E+00   0.226464E+02   0.226464E+02
   0.666373E+00   0.222994E+02   0.195522E+00   0.224119E+02   0.224119E+02
   0.671115E+00   0.219380E+02   0.194613E+00   0.221791E+02   0.221791E+02
   0.675858E+00   0.217760E+02   0.193944E+00   0.219478E+02   0.219478E+02
   0.680601E+00   0.217048E+02   0.193270E+00   0.217181E+02   0.217181E+02
   0.685344E+00   0.215780E+02   0.192874E+00   0.214901E+02   0.214901E+02
   0.690087E+00   0.211196E+02   0.191531E+00   0.212637E+02   0.212637E+02
   0.694830E+00   0.207428E+02   0.190748E+00   0.210391E+02   0.210391E+02
   0.699573E+00   0.207495E+02   0.190668E+00   0.208161E+02   0.208161E+02
   0.704315E+00   0.208563E+02   0.189752E+00   0.205948E+02   0.205948E+02
   0.709058E+00   0.203244E+02   0.188915E+00   0.203753E+02   0.203753E+02
   0.713801E+00   0.201748E+02   0.188530E+00   0.201575E+02   0.201575E+02
   0.718544E+00   0.200624E+02   0.187537E+00   0.199414E+02   0.199414E+02
   0.723287E+00   0.198246E+02   0.187028E+00   0.197271E+02   0.197271E+02
   0.728030E+00   0.194978E+02   0.186281E+00   0.195146E+02   0.195146E+02
   0.732773E+00   0.192555E+02   0.185754E+00   0.193039E+02   0.193039E+02
   0.737515E+00   0.190307E+02   0.184953E+00   0.190950E+02   0.190950E+02
   0.742258E+00   0.189578E+02   0.184491E+00   0.188879E+02   0.188879E+02
   0.747001E+00   0.186408E+02   0.183522E+00   0.186827E+02   0.186827E+02
   0.751744E+00   0.185931E+02   0.183055E+00   0.184792E+02   0.184792E+02
   0.756487E+00   0.182872E+02   0.182175E+00   0.182776E+02   0.182776E+02
   0.761230E+00   0.181034E+02   0.181384E+00   0.180778E+02   0.180778E+02
   0.765973E+00   0.179298E+02   0.181076E+00   0.178799E+02   0.178799E+02
   0.770716E+00   0.177613E+02   0.180527E+00   0.176838E+02   0.176838E+02
   0.775459E+00   0.174770E+02   0.179849E+00   0.174896E+02   0.174896E+02
   0.780201E+00   0.173820E+02   0.179588E+00   0.172973E+02   0.172973E+02
   0.784944E+00   0.170344E+02   0.178672E+00   0.171068E+02   0.171068E+02
   0.789687E+00   0.170046E+02   0.178041E+00   0.169181E+02   0.169181E+02
   0.794430E+00   0.167263E+02   0.177473E+00   0.167314E+02   0.167314E+02
   0.799173E+00   0.166527E+02   0.176888E+00   0.165465E+02   0.165465E+02
   0.803916E+00   0.165948E+02   0.176342E+00   0.163634E+02   0.163634E+02
   0.808658E+00   0.161822E+02   0.175688E+00   0.161822E+02   0.161822E+02
   0.813401E+00   0.160992E+02   0.175175E+00   0.160029E+02   0.160029E+02
   0.818144E+00   0.159409E+02   0.174863E+00   0.158255E+02   0.158255E+02
   0.822887E+00   0.157641E+02   0.174086E+00   0.156499E+02   0.156499E+02
   0.827630E+00   0.152474E+02   0.173102E+00   0.154761E+02   0.154761E+02
   0.832373E+00   0.153105E+02   0.172524E+00   0.153043E+02   0.153043E+02
   0.837116E+00   0.150959E+02   0.172373E+00   0.151342E+02   0.151342E+02
   0.841859E+00   0.149290E+02   0.171913E+00   0.149660E+02   0.149660E+02
   0.846601E+00   0.149049E+02   0.171394E+00   0.147996E+02   0.147996E+02
   0.851344E+00   0.146976E+02   0.170700E+00   0.146351E+02   0.146351E+02
   0.856087E+00   0.142862E+02   0.169941E+00   0.144724E+02   0.144724E+02
   0.860830E+00   0.143211E+02   0.169608E+00   0.143115E+02   0.143115E+02
   0.865573E+00   0.143679E+02   0.169093E+00   0.141524E+02   0.141524E+02
   0.870316E+00   0.140979E+02   0.168353E+00   0.139951E+02   0.139951E+02
   0.875059E+00   0.137824E+02   0.167945E+00   0.138396E+02   0.138396E+02
   0.879802E+00   0.138449E+02   0.167658E+00   0.136859E+02   0.136859E+02
   0.884544E+00   0.136966E+02   0.166763E+00   0.135339E+02   0.135339E+02
   0.889287E+00   0.135526E+02   0.166422E+00   0.133837E+02   0.133837E+02
   0.894030E+00   0.135582E+02   0.165985E+00   0.132353E+02   0.132353E+02
   0.898773E+00   0.131819E+02   0.165252E+00   0.130886E+02   0.130886E+02
   0.903516E+00   0.128711E+02   0.164753E+00   0.129436E+02   0.129436E+02
   0.908259E+00   0.130129E+02   0.164517E+00   0.128003E+02   0.128003E+02
   0.913002E+00   0.129160E+02   0.164302E+00   0.126587E+02   0.126587E+02
   0.917744E+00   0.129834E+02   0.163817E+00   0.125189E+02   0.125189E+02
   0.922487E+00   0.125484E+02   0.163067E+00   0.123807E+02   0.123807E+02
   0.927230E+00   0.121705E+02   0.162719E+00   0.122441E+02   0.122441E+02
   0.931973E+00   0.120594E+02   0.161909E+00   0.121093E+02   0.121093E+02
   0.936716E+00   0.122146E+02   0.161545E+00   0.119760E+02   0.119760E+02
   0.941459E+00   0.122279E+02   0.161215E+00   0.118444E+02   0.118444E+02
   0.946202E+00   0.118725E+02   0.160622E+00   0.117144E+02   0.117144E+02
   0.950944E+00   0.114798E+02   0.159861E+00   0.115860E+02   0.115860E+02
   0.955687E+00   0.116642E+02   0.159717E+00   0.114592E+02   0.114592E+02
   0.960430E+00   0.114791E+02   0.159332E+00   0.113339E+02   0.113339E+02
   0.965173E+00   0.112529E+02   0.158912E+00   0.112102E+02   0.112102E+02
   0.969916E+00   0.110754E+02   0.158264E+00   0.110880E+02   0.110880E+02
   0.974659E+00   0.110415E+02   0.158034E+00   0.109673E+02   0.109673E+02
   0.979402E+00   0.109759E+02   0.157699E+00   0.108481E+02   0.108481E+02
   0.984144E+00   0.107004E+02   0.156853E+00   0.107305E+02   0.107305E+02
   0.988887E+00   0.105699E+02   0.156450E+00   0.106142E+02   0.106142E+02
   0.993630E+00   0.105577E+02   0.155970E+00   0.104995E+02   0.104995E+02
   0.998373E+00   0.106630E+02   0.156020E+00   0.103862E+02   0.103862E+02
   0.100312E+01   0.103285E+02   0.155312E+00   0.102743E+02   0.102743E+02
   0.100786E+01   0.101675E+02   0.154925E+00   0.101638E+02   0.101638E+02
   0.101260E+01   0.998206E+01   0.154469E+00   0.100547E+02   0.100547E+02
   0.101734E+01   0.100065E+02   0.154337E+00   0.994691E+01   0.994691E+01
   0.102209E+01   0.995157E+01   0.153756E+00   0.984055E+01   0.984055E+01
   0.102683E+01   0.962937E+01   0.153237E+00   0.973550E+01   0.973550E+01
   0.103157E+01   0.966910E+01   0.152892E+00   0.963176E+01   0.963176E+01
   0.103632E+01   0.962936E+01   0.152389E+00   0.952933E+01   0.952933E+01
   0.104106E+01   0.960811E+01   0.152194E+00   0.942819E+01   0.942819E+01
   0.104580E+01   0.958319E+01   0.151775E+00   0.932832E+01   0.932832E+01
   0.105055E+01   0.928760E+01   0.151491E+00   0.922969E+01   0.922969E+01
   0.105529E+01   0.912862E+01   0.150952E+00   0.913233E+01   0.913233E+01
   0.106003E+01   0.899750E+01   0.150561E+00   0.903615E+01   0.903615E+01
   0.106477E+01   0.905300E+01   0.150373E+00   0.894118E+01   0.894118E+01
   0.106952E+01   0.862811E+01   0.149710E+00   0.884740E+01   0.884740E+01
   0.107426E+01   0.885276E+01   0.149570E+00   0.875478E+01   0.875478E+01
   0.107900E+01   0.850563E+01   0.148894E+00   0.866331E+01   0.866331E+01
   0.108374E+01   0.865086E+01   0.148860E+00   0.857298E+01   0.857298E+01
   0.108849E+01   0.860330E+01   0.148613E+00   0.848376E+01   0.848376E+01
   0.109323E+01   0.848668E+01   0.147794E+00   0.839566E+01   0.839566E+01
   0.109797E+01   0.827616E+01   0.147732E+00   0.830863E+01   0.830863E+01
   0.110272E+01   0.827242E+01   0.147470E+00   0.822266E+01   0.822266E+01
   0.110746E+01   0.801802E+01   0.146961E+00   0.813775E+01   0.813775E+01
   0.111220E+01   0.794934E+01   0.146501E+00   0.805387E+01   0.805387E+01
   0.111695E+01   0.785805E+01   0.146186E+00   0.797101E+01   0.797101E+01
   0.112169E+01   0.787034E+01   0.145781E+00   0.788916E+01   0.788916E+01
   0.112643E+01   0.787945E+01   0.145773E+00   0.780831E+01   0.780831E+01
   0.113117E+01   0.775692E+01   0.145181E+00   0.772841E+01   0.772841E+01
   0.113592E+01   0.785399E+01   0.145157E+00   0.764947E+01   0.764947E+01
   0.114066E+01   0.758490E+01   0.144721E+00   0.757148E+01   0.757148E+01
   0.114540E+01   0.738195E+01   0.144417E+00   0.749441E+01   0.749441E+01
   0.115014E+01   0.754213E+01   0.144025E+00   0.741825E+01   0.741825E+01
   0.115489E+01   0.729897E+01   0.143525E+00   0.734299E+01   0.734299E+01
   0.115963E+01   0.709389E+01   0.143215E+00   0.726862E+01   0.726862E+01
   0.116437E+01   0.721922E+01   0.143315E+00   0.719512E+01   0.719512E+01
   0.116912E+01   0.709608E+01   0.142737E+00   0.712247E+01   0.712247E+01
   0.117386E+01   0.709779E+01   0.142617E+00   0.705065E+01   0.705065E+01
   0.117860E+01   0.692324E+01   0.142197E+00   0.697966E+01   0.697966E+01
   0.118335E+01   0.673089E+01   0.141771E+00   0.690949E+01   0.690949E+01
   0.118809E+01   0.675942E+01   0.141483E+00   0.684011E+01   0.684011E+01
   0.119283E+01   0.674351E+01   0.140936E+00   0.677152E+01   0.677152E+01
   0.119757E+01   0.662264E+01   0.140661E+00   0.670372E+01   0.670372E+01
   0.120232E+01   0.658289E+01   0.140627E+00   0.663667E+01   0.663667E+01
   0.120706E+01   0.655224E+01   0.141025E+00   0.657036E+01   0.657036E+01
   0.121180E+01   0.641139E+01   0.145399E+00   0.650479E+01   0.650479E+01
   0.121654E+01   0.633255E+01   0.148239E+00   0.643994E+01   0.643994E+01
   0.122129E+01   0.599078E+01   0.150084E+00   0.637580E+01   0.637580E+01
   0.122603E+01   0.619308E+01   0.152101E+00   0.631237E+01   0.631237E+01
   0.123077E+01   0.632410E+01   0.153693E+00   0.624962E+01   0.624962E+01
   0.123552E+01   0.633130E+01   0.155365E+00   0.618757E+01   0.618757E+01
   0.124026E+01   0.615220E+01   0.156499E+00   0.612616E+01   0.612616E+01
   0.124500E+01   0.596472E+01   0.157604E+00   0.606542E+01   0.606542E+01
   0.124975E+01   0.600572E+01   0.158758E+00   0.600532E+01   0.600532E+01
   0.125449E+01   0.610391E+01   0.160247E+00   0.594585E+01   0.594585E+01
   0.125923E+01   0.597741E+01   0.160884E+00   0.588701E+01   0.588701E+01
   0.126397E+01   0.585355E+01   0.160926E+00   0.582879E+01   0.582879E+01
   0.126872E+01   0.571324E+01   0.161065E+00   0.577118E+01   0.577118E+01
   0.127346E+01   0.565729E+01   0.158790E+00   0.571415E+01   0.571415E+01
   0.127820E+01   0.572185E+01   0.153130E+00   0.565772E+01   0.565772E+01
   0.128295E+01   0.547564E+01   0.150031E+00   0.560186E+01   0.560186E+01
   0.128769E+01   0.557632E+01   0.148032E+00   0.554657E+01   0.554657E+01
   0.129243E+01   0.554817E+01   0.146016E+00   0.549184E+01   0.549184E+01
   0.129717E+01   0.514523E+01   0.144029E+00   0.543766E+01   0.543766E+01
   0.130192E+01   0.532684E+01   0.142813E+00   0.538404E+01   0.538404E+01
   0.130666E+01   0.534953E+01   0.141886E+00   0.533095E+01   0.533095E+01
   0.131140E+01   0.516999E+01   0.140649E+00   0.527838E+01   0.527838E+01
   0.131614E+01   0.505001E+01   0.139708E+00   0.522634E+01   0.522634E+01
   0.132089E+01   0.523420E+01   0.139028E+00   0.517481E+01   0.517481E+01
   0.132563E+01   0.498173E+01   0.138411E+00   0.512378E+01   0.512378E+01
   0.133037E+01   0.473361E+01   0.137994E+00   0.507326E+01   0.507326E+01
   0.133512E+01   0.504245E+01   0.137843E+00   0.502323E+01   0.502323E+01
   0.133986E+01   0.503664E+01   0.137441E+00   0.497370E+01   0.497370E+01
   0.134460E+01   0.489040E+01   0.136998E+00   0.492464E+01   0.492464E+01
   0.134935E+01   0.481947E+01   0.136561E+00   0.487605E+01   0.487605E+01
   0.135409E+01   0.469111E+01   0.136335E+00   0.482793E+01   0.482793E+01
   0.135883E+01   0.456834E+01   0.136034E+00   0.478028E+01   0.478028E+01
   0.136357E+01   0.466749E+01   0.135396E+00   0.473308E+01   0.473308E+01
   0.136832E+01   0.459517E+01   0.135272E+00   0.468634E+01   0.468634E+01
   0.137306E+01   0.447465E+01   0.134792E+00   0.464005E+01   0.464005E+01
   0.137780E+01   0.451211E+01   0.134360E+00   0.459419E+01   0.459419E+01
   0.138254E+01   0.438622E+01   0.134135E+00   0.454877E+01   0.454877E+01
   0.138729E+01   0.430381E+01   0.134102E+00   0.450379E+01   0.450379E+01
   0.139203E+01   0.448131E+01   0.133944E+00   0.445923E+01   0.445923E+01
   0.139677E+01   0.440293E+01   0.133428E+00   0.441509E+01   0.441509E+01
   0.140152E+01   0.428257E+01   0.133032E+00   0.437138E+01   0.437138E+01
   0.140626E+01   0.434221E+01   0.132915E+00   0.432808E+01   0.432808E+01
   0.141100E+01   0.435033E+01   0.132564E+00   0.428520E+01   0.428520E+01
   0.141575E+01   0.421391E+01   0.132415E+00   0.424272E+01   0.424272E+01
   0.142049E+01   0.398685E+01   0.131890E+00   0.420064E+01   0.420064E+01
   0.142523E+01   0.414163E+01   0.131844E+00   0.415896E+01   0.415896E+01
   0.142997E+01   0.425953E+01   0.131489E+00   0.411768E+01   0.411768E+01
   0.143472E+01   0.408711E+01   0.131180E+00   0.407679E+01   0.407679E+01
   0.143946E+01   0.404929E+01   0.130925E+00   0.403629E+01   0.403629E+01
   0.144420E+01   0.396320E+01   0.130833E+00   0.399619E+01   0.399619E+01
   0.144894E+01   0.378752E+01   0.130403E+00   0.395646E+01   0.395646E+01
   0.145369E+01   0.383401E+01   0.130184E+00   0.391711E+01   0.391711E+01
   0.145843E+01   0.398032E+01   0.129938E+00   0.387815E+01   0.387815E+01
   0.146317E+01   0.384590E+01   0.129713E+00   0.383955E+01   0.383955E+01
   0.146792E+01   0.379435E+01   0.129625E+00   0.380133E+01   0.380133E+01
   0.147266E+01   0.376117E+01   0.129134E+00   0.376348E+01   0.376348E+01
   0.147740E+01   0.371375E+01   0.128981E+00   0.372601E+01   0.372601E+01
   0.148215E+01   0.354258E+01   0.128583E+00   0.368889E+01   0.368889E+01
   0.148689E+01   0.358544E+01   0.128465E+00   0.365214E+01   0.365214E+01
   0.149163E+01   0.350576E+01   0.128186E+00   0.361574E+01   0.361574E+01
   0.149637E+01   0.362504E+01   0.128091E+00   0.357971E+01   0.357971E+01
   0.150112E+01   0.377949E+01   0.128041E+00   0.354403E+01   0.354403E+01
   0.150586E+01   0.367268E+01   0.130699E+00   0.350871E+01   0.350871E+01
   0.151060E+01   0.341369E+01   0.134083E+00   0.347373E+01   0.347373E+01
   0.151534E+01   0.347780E+01   0.136094E+00   0.343912E+01   0.343912E+01
   0.152009E+01   0.338385E+01   0.137592E+00   0.340484E+01   0.340484E+01
   0.152483E+01   0.340776E+01   0.139299E+00   0.337092E+01   0.337092E+01
   0.152957E+01   0.333511E+01   0.140362E+00   0.333733E+01   0.333733E+01
   0.153432E+01   0.339944E+01   0.136795E+00   0.330409E+01   0.330409E+01
   0.153906E+01   0.331199E+01   0.134502E+00   0.327119E+01   0.327119E+01
   0.154380E+01   0.317125E+01   0.132826E+00   0.323863E+01   0.323863E+01
   0.154855E+01   0.337695E+01   0.131318E+00   0.320642E+01   0.320642E+01
   0.155329E+01   0.336422E+01   0.130437E+00   0.317453E+01   0.317453E+01
   0.155803E+01   0.308705E+01   0.129097E+00   0.314297E+01   0.314297E+01
   0.156277E+01   0.327093E+01   0.127780E+00   0.311175E+01   0.311175E+01
   0.156752E+01   0.322217E+01   0.126575E+00   0.308086E+01   0.308086E+01
   0.157226E+01   0.304501E+01   0.125669E+00   0.305029E+01   0.305029E+01
   0.157700E+01   0.306132E+01   0.125131E+00   0.302006E+01   0.302006E+01
   0.158175E+01   0.298337E+01   0.124794E+00   0.299015E+01   0.299015E+01
   0.158649E+01   0.303078E+01   0.124764E+00   0.296056E+01   0.296056E+01
   0.159123E+01   0.277853E+01   0.124851E+00   0.293130E+01   0.293130E+01
   0.159597E+01   0.277455E+01   0.124952E+00   0.290235E+01   0.290235E+01
   0.160072E+01   0.279440E+01   0.124990E+00   0.287372E+01   0.287372E+01
   0.160546E+01   0.285782E+01   0.124635E+00   0.284541E+01   0.284541E+01
   0.161020E+01   0.279963E+01   0.124386E+00   0.281741E+01   0.281741E+01
   0.161495E+01   0.291461E+01   0.124459E+00   0.278973E+01   0.278973E+01
   0.161969E+01   0.294092E+01   0.124283E+00   0.276236E+01   0.276236E+01
   0.162443E+01   0.266028E+01   0.123794E+00   0.273529E+01   0.273529E+01
   0.162917E+01   0.277756E+01   0.123597E+00   0.270854E+01   0.270854E+01
   0.163392E+01   0.269476E+01   0.123394E+00   0.268209E+01   0.268209E+01
   0.163866E+01   0.277073E+01   0.123153E+00   0.265594E+01   0.265594E+01
   0.164340E+01   0.257444E+01   0.122869E+00   0.263010E+01   0.263010E+01
   0.164815E+01   0.271034E+01   0.123007E+00   0.260455E+01   0.260455E+01
   0.165289E+01   0.260937E+01   0.122607E+00   0.257930E+01   0.257930E+01
   0.165763E+01   0.250240E+01   0.122473E+00   0.255436E+01   0.255436E+01
   0.166237E+01   0.264624E+01   0.122079E+00   0.252970E+01   0.252970E+01
   0.166712E+01   0.251069E+01   0.121817E+00   0.250534E+01   0.250534E+01
   0.167186E+01   0.264006E+01   0.121783E+00   0.248126E+01   0.248126E+01
   0.167660E+01   0.253285E+01   0.121862E+00   0.245747E+01   0.245747E+01
   0.168135E+01   0.251579E+01   0.121391E+00   0.243397E+01   0.243397E+01
   0.168609E+01   0.249594E+01   0.121109E+00   0.241075E+01   0.241075E+01
   0.169083E+01   0.228089E+01   0.120729E+00   0.238782E+01   0.238782E+01
   0.169557E+01   0.245245E+01   0.120805E+00   0.236516E+01   0.236516E+01
   0.170032E+01   0.248405E+01   0.120646E+00   0.234279E+01   0.234279E+01
   0.170506E+01   0.242721E+01   0.120526E+00   0.232068E+01   0.232068E+01
   0.170980E+01   0.235717E+01   0.120266E+00   0.229884E+01   0.229884E+01
   0.171455E+01   0.231367E+01   0.119964E+00   0.227728E+01   0.227728E+01
   0.171929E+01   0.212022E+01   0.119650E+00   0.225598E+01   0.225598E+01
   0.172403E+01   0.219510E+01   0.119645E+00   0.223495E+01   0.223495E+01
   0.172877E+01   0.241345E+01   0.119650E+00   0.221418E+01   0.221418E+01
   0.173352E+01   0.233528E+01   0.119218E+00   0.219367E+01   0.219367E+01
   0.173826E+01   0.217222E+01   0.118964E+00   0.217342E+01   0.217342E+01
   0.174300E+01   0.198303E+01   0.118445E+00   0.215342E+01   0.215342E+01
   0.174775E+01   0.202065E+01   0.118548E+00   0.213368E+01   0.213368E+01
   0.175249E+01   0.208484E+01   0.118561E+00   0.211418E+01   0.211418E+01
   0.175723E+01   0.214364E+01   0.118393E+00   0.209493E+01   0.209493E+01
   0.176197E+01   0.204342E+01   0.118238E+00   0.207593E+01   0.207593E+01
   0.176672E+01   0.213454E+01   0.117983E+00   0.205717E+01   0.205717E+01
   0.177146E+01   0.214293E+01   0.117926E+00   0.203864E+01   0.203864E+01
   0.177620E+01   0.199615E+01   0.117663E+00   0.202036E+01   0.202036E+01
   0.178095E+01   0.196269E+01   0.117374E+00   0.200230E+01   0.200230E+01
   0.178569E+01   0.194753E+01   0.117110E+00   0.198448E+01   0.198448E+01
   0.179043E+01   0.195141E+01   0.117029E+00   0.196688E+01   0.196688E+01
   0.179517E+01   0.182964E+01   0.116873E+00   0.194951E+01   0.194951E+01
   0.179992E+01   0.185956E+01   0.116712E+00   0.193236E+01   0.193236E+01
   0.180466E+01   0.193372E+01   0.116427E+00   0.191543E+01   0.191543E+01
   0.180940E+01   0.189769E+01   0.116511E+00   0.189871E+01   0.189871E+01
   0.181415E+01   0.191302E+01   0.116308E+00   0.188221E+01   0.188221E+01
   0.181889E+01   0.195502E+01   0.115995E+00   0.186591E+01   0.186591E+01
   0.182363E+01   0.197995E+01   0.115972E+00   0.184983E+01   0.184983E+01
   0.182838E+01   0.191114E+01   0.115630E+00   0.183394E+01   0.183394E+01
   0.183312E+01   0.185739E+01   0.115511E+00   0.181827E+01   0.181827E+01
   0.183786E+01   0.188306E+01   0.115525E+00   0.180278E+01   0.180278E+01
   0.184260E+01   0.196352E+01   0.115511E+00   0.178750E+01   0.178750E+01
   0.184735E+01   0.173614E+01   0.115140E+00   0.177240E+01   0.177240E+01
   0.185209E+01   0.176762E+01   0.115205E+00   0.175749E+01   0.175749E+01
   0.185683E+01   0.163543E+01   0.114828E+00   0.174277E+01   0.174277E+01
   0.186157E+01   0.177984E+01   0.114731E+00   0.172824E+01   0.172824E+01
   0.186632E+01   0.171842E+01   0.114708E+00   0.171388E+01   0.171388E+01
   0.187106E+01   0.178281E+01   0.114368E+00   0.169971E+01   0.169971E+01
   0.187580E+01   0.172060E+01   0.114346E+00   0.168570E+01   0.168570E+01
   0.188055E+01   0.165360E+01   0.114059E+00   0.167187E+01   0.167187E+01
   0.188529E+01   0.167296E+01   0.113869E+00   0.165820E+01   0.165820E+01
   0.189003E+01   0.166768E+01   0.113728E+00   0.164470E+01   0.164470E+01
   0.189478E+01   0.166092E+01   0.113530E+00   0.163136E+01   0.163136E+01
   0.189952E+01   0.163050E+01   0.113440E+00   0.161819E+01   0.161819E+01
   0.190426E+01   0.163232E+01   0.113351E+00   0.160516E+01   0.160516E+01
   0.190900E+01   0.158734E+01   0.113191E+00   0.159230E+01   0.159230E+01
   0.191375E+01   0.166850E+01   0.112980E+00   0.157958E+01   0.157958E+01
   0.191849E+01   0.162208E+01   0.112955E+00   0.156701E+01   0.156701E+01
   0.192323E+01   0.167052E+01   0.112835E+00   0.155459E+01   0.155459E+01
   0.192797E+01   0.163052E+01   0.112820E+00   0.154230E+01   0.154230E+01
   0.193272E+01   0.150595E+01   0.112283E+00   0.153016E+01   0.153016E+01
   0.193746E+01   0.143613E+01   0.112027E+00   0.151816E+01   0.151816E+01
   0.194220E+01   0.145115E+01   0.111584E+00   0.150629E+01   0.150629E+01
   0.194695E+01   0.136905E+01   0.111292E+00   0.149455E+01   0.149455E+01
   0.195169E+01   0.134736E+01   0.111046E+00   0.148294E+01   0.148294E+01
   0.195643E+01   0.142401E+01   0.110940E+00   0.147146E+01   0.147146E+01
   0.196117E+01   0.149864E+01   0.110821E+00   0.146010E+01   0.146010E+01
   0.196592E+01   0.135528E+01   0.110751E+00   0.144886E+01   0.144886E+01
   0.197066E+01   0.135922E+01   0.110653E+00   0.143774E+01   0.143774E+01
   0.197540E+01   0.139992E+01   0.110591E+00   0.142674E+01   0.142674E+01
   0.198015E+01   0.145246E+01   0.110682E+00   0.141585E+01   0.141585E+01
   0.198489E+01   0.145159E+01   0.110369E+00   0.140507E+01   0.140507E+01
   0.198963E+01   0.146597E+01   0.110716E+00   0.139440E+01   0.139440E+01
   0.199438E+01   0.133860E+01   0.110500E+00   0.138384E+01   0.138384E+01
   0.199912E+01   0.149328E+01   0.110423E+00   0.137338E+01   0.137338E+01
   0.200386E+01   0.137790E+01   0.110188E+00   0.136302E+01   0.136302E+01
   0.200860E+01   0.142192E+01   0.110137E+00   0.135277E+01   0.135277E+01
   0.201335E+01   0.149305E+01   0.111522E+00   0.134261E+01   0.134261E+01
   0.201809E+01   0.131129E+01   0.114307E+00   0.133255E+01   0.133255E+01
   0.202283E+01   0.123380E+01   0.115997E+00   0.132259E+01   0.132259E+01
   0.202758E+01   0.120342E+01   0.117473E+00   0.131272E+01   0.131272E+01
   0.203232E+01   0.120379E+01   0.118615E+00   0.130293E+01   0.130293E+01
   0.203706E+01   0.132398E+01   0.119735E+00   0.129324E+01   0.129324E+01
   0.204180E+01   0.141335E+01   0.120815E+00   0.128363E+01   0.128363E+01
   0.204655E+01   0.130747E+01   0.121277E+00   0.127411E+01   0.127411E+01
   0.205129E+01   0.107279E+01   0.121552E+00   0.126467E+01   0.126467E+01
   0.205603E+01   0.113209E+01   0.121938E+00   0.125532E+01   0.125532E+01
   0.206078E+01   0.112400E+01   0.122200E+00   0.124604E+01   0.124604E+01
   0.206552E+01   0.118107E+01   0.122397E+00   0.123685E+01   0.123685E+01
   0.207026E+01   0.129622E+01   0.122761E+00   0.122773E+01   0.122773E+01
   0.207500E+01   0.122702E+01   0.122969E+00   0.121869E+01   0.121869E+01
   0.207975E+01   0.111132E+01   0.120414E+00   0.120972E+01   0.120972E+01
   0.208449E+01   0.122600E+01   0.117509E+00   0.120082E+01   0.120082E+01
   0.208923E+01   0.123524E+01   0.115709E+00   0.119200E+01   0.119200E+01
   0.209397E+01   0.113810E+01   0.114377E+00   0.118325E+01   0.118325E+01
   0.209872E+01   0.103951E+01   0.113271E+00   0.117457E+01   0.117457E+01
   0.210346E+01   0.105725E+01   0.112270E+00   0.116596E+01   0.116596E+01
   0.210820E+01   0.107079E+01   0.111579E+00   0.115742E+01   0.115742E+01
   0.211295E+01   0.993866E+00   0.111264E+00   0.114894E+01   0.114894E+01
   0.211769E+01   0.955068E+00   0.110891E+00   0.114053E+01   0.114053E+01
   0.212243E+01   0.948846E+00   0.110691E+00   0.113219E+01   0.113219E+01
   0.212717E+01   0.109948E+01   0.110470E+00   0.112391E+01   0.112391E+01
   0.213192E+01   0.120040E+01   0.110235E+00   0.111569E+01   0.111569E+01
   0.213666E+01   0.111443E+01   0.109886E+00   0.110754E+01   0.110754E+01
   0.214140E+01   0.122551E+01   0.109839E+00   0.109945E+01   0.109945E+01
   0.214615E+01   0.101584E+01   0.109279E+00   0.109143E+01   0.109143E+01
   0.215089E+01   0.100108E+01   0.109336E+00   0.108346E+01   0.108346E+01
   0.215563E+01   0.105023E+01   0.109126E+00   0.107556E+01   0.107556E+01
   0.216038E+01   0.109294E+01   0.108960E+00   0.106772E+01   0.106772E+01
   0.216512E+01   0.100894E+01   0.108757E+00   0.105994E+01   0.105994E+01
   0.216986E+01   0.943460E+00   0.108619E+00   0.105222E+01   0.105222E+01
   0.217460E+01   0.987928E+00   0.108406E+00   0.104456E+01   0.104456E+01
   0.217935E+01   0.113219E+01   0.108257E+00   0.103695E+01   0.103695E+01
   0.218409E+01   0.996284E+00   0.108142E+00   0.102941E+01   0.102941E+01
   0.218883E+01   0.108578E+01   0.108086E+00   0.102193E+01   0.102193E+01
   0.219358E+01   0.106144E+01   0.107793E+00   0.101451E+01   0.101451E+01
   0.219832E+01   0.965317E+00   0.107644E+00   0.100715E+01   0.100715E+01
   0.220306E+01   0.943892E+00   0.107365E+00   0.999845E+00   0.999845E+00
   0.220780E+01   0.963711E+00   0.107269E+00   0.992601E+00   0.992601E+00
   0.221255E+01   0.842706E+00   0.106991E+00   0.985417E+00   0.985417E+00
   0.221729E+01   0.842664E+00   0.106875E+00   0.978294E+00   0.978294E+00
   0.222203E+01   0.896275E+00   0.106984E+00   0.971230E+00   0.971230E+00
   0.222677E+01   0.103497E+01   0.106630E+00   0.964226E+00   0.964226E+00
   0.223152E+01   0.845988E+00   0.106575E+00   0.957282E+00   0.957282E+00
   0.223626E+01   0.955102E+00   0.106439E+00   0.950398E+00   0.950398E+00
   0.224100E+01   0.100407E+01   0.106416E+00   0.943576E+00   0.943576E+00
   0.224575E+01   0.825123E+00   0.106003E+00   0.936815E+00   0.936815E+00
   0.225049E+01   0.954805E+00   0.105985E+00   0.930115E+00   0.930115E+00
   0.225523E+01   0.102177E+01   0.105776E+00   0.923478E+00   0.923478E+00
   0.225997E+01   0.931118E+00   0.105703E+00   0.916902E+00   0.916902E+00
   0.226472E+01   0.912827E+00   0.105515E+00   0.910388E+00   0.910388E+00
   0.226946E+01   0.908123E+00   0.105334E+00   0.903941E+00   0.903941E+00
   0.227420E+01   0.803193E+00   0.105118E+00   0.897551E+00   0.897551E+00
   0.227895E+01   0.100299E+01   0.105062E+00   0.891228E+00   0.891228E+00
   0.228369E+01   0.107064E+01   0.105169E+00   0.884969E+00   0.884969E+00
   0.228843E+01   0.858318E+00   0.104946E+00   0.878777E+00   0.878777E+00
   0.229318E+01   0.922598E+00   0.104832E+00   0.872648E+00   0.872648E+00
   0.229792E+01   0.713640E+00   0.104445E+00   0.866585E+00   0.866585E+00
   0.230266E+01   0.756793E+00   0.104356E+00   0.860589E+00   0.860589E+00
   0.230740E+01   0.821263E+00   0.104172E+00   0.854659E+00   0.854659E+00
   0.231215E+01   0.746471E+00   0.104181E+00   0.848796E+00   0.848796E+00
   0.231689E+01   0.886329E+00   0.104032E+00   0.843002E+00   0.843002E+00
   0.232163E+01   0.827482E+00   0.103862E+00   0.837277E+00   0.837277E+00
   0.232638E+01   0.835529E+00   0.103857E+00   0.831619E+00   0.831619E+00
   0.233112E+01   0.828501E+00   0.103730E+00   0.826031E+00   0.826031E+00
   0.233586E+01   0.750948E+00   0.103525E+00   0.820513E+00   0.820513E+00
   0.234060E+01   0.898757E+00   0.103456E+00   0.815065E+00   0.815065E+00
   0.234535E+01   0.795087E+00   0.103433E+00   0.809688E+00   0.809688E+00
   0.235009E+01   0.714069E+00   0.103353E+00   0.804383E+00   0.804383E+00
   0.235483E+01   0.700817E+00   0.103207E+00   0.799149E+00   0.799149E+00
   0.235957E+01   0.683229E+00   0.103109E+00   0.793989E+00   0.793989E+00
   0.236432E+01   0.738048E+00   0.102898E+00   0.788901E+00   0.788901E+00
   0.236906E+01   0.736219E+00   0.102908E+00   0.783886E+00   0.783886E+00
   0.237380E+01   0.836787E+00   0.102708E+00   0.778944E+00   0.778944E+00
   0.237855E+01   0.886686E+00   0.102700E+00   0.774077E+00   0.774077E+00
   0.238329E+01   0.732060E+00   0.102290E+00   0.769288E+00   0.769288E+00
   0.238803E+01   0.632264E+00   0.102319E+00   0.764566E+00   0.764566E+00
   0.239277E+01   0.736640E+00   0.102214E+00   0.759925E+00   0.759925E+00
   0.239752E+01   0.860463E+00   0.102221E+00   0.755358E+00   0.755358E+00
   0.240226E+01   0.846625E+00   0.102221E+00   0.750867E+00   0.750867E+00
   0.240700E+01   0.769898E+00   0.101984E+00   0.746452E+00   0.746452E+00
   0.241175E+01   0.602410E+00   0.101721E+00   0.742113E+00   0.742113E+00
   0.241649E+01   0.729507E+00   0.101670E+00   0.737851E+00   0.737851E+00
   0.242123E+01   0.797341E+00   0.101630E+00   0.733666E+00   0.733666E+00
   0.242598E+01   0.816163E+00   0.101628E+00   0.729559E+00   0.729559E+00
   0.243072E+01   0.722678E+00   0.101467E+00   0.725529E+00   0.725529E+00
   0.243546E+01   0.799805E+00   0.101300E+00   0.721576E+00   0.721576E+00
   0.244020E+01   0.762925E+00   0.101183E+00   0.717700E+00   0.717700E+00
   0.244495E+01   0.597684E+00   0.101039E+00   0.713902E+00   0.713902E+00
   0.244969E+01   0.625948E+00   0.100901E+00   0.710181E+00   0.710181E+00
   0.245443E+01   0.763536E+00   0.100939E+00   0.706538E+00   0.706538E+00
   0.245918E+01   0.848128E+00   0.100635E+00   0.702972E+00   0.702972E+00
   0.246392E+01   0.857433E+00   0.100686E+00   0.699485E+00   0.699485E+00
   0.246866E+01   0.772495E+00   0.100533E+00   0.696074E+00   0.696074E+00
   0.247340E+01   0.811761E+00   0.100394E+00   0.692741E+00   0.692741E+00
   0.247815E+01   0.713567E+00   0.100281E+00   0.689484E+00   0.689484E+00
   0.248289E+01   0.569397E+00   0.100074E+00   0.686304E+00   0.686304E+00
   0.248763E+01   0.782569E+00   0.999446E-01   0.683201E+00   0.683201E+00
   0.249238E+01   0.664598E+00   0.100039E+00   0.680173E+00   0.680173E+00
   0.249712E+01   0.686416E+00   0.999026E-01   0.677222E+00   0.677222E+00
   0.250186E+01   0.750003E+00   0.999097E-01   0.674347E+00   0.674347E+00
   0.250660E+01   0.763968E+00   0.998314E-01   0.671546E+00   0.671546E+00
   0.251135E+01   0.743617E+00   0.996207E-01   0.668820E+00   0.668820E+00
   0.251609E+01   0.670080E+00   0.994584E-01   0.666169E+00   0.666169E+00
   0.252083E+01   0.776402E+00   0.993778E-01   0.663591E+00   0.663591E+00
   0.252558E+01   0.777035E+00   0.990480E-01   0.661086E+00   0.661086E+00
   0.253032E+01   0.736502E+00   0.987557E-01   0.658653E+00   0.658653E+00
   0.253506E+01   0.665087E+00   0.987830E-01   0.656293E+00   0.656293E+00
   0.253980E+01   0.653972E+00   0.984980E-01   0.654004E+00   0.654004E+00
   0.254455E+01   0.529143E+00   0.986288E-01   0.651785E+00   0.651785E+00
   0.254929E+01   0.695872E+00   0.985261E-01   0.649635E+00   0.649635E+00
   0.255403E+01   0.677933E+00   0.984599E-01   0.647555E+00   0.647555E+00
   0.255878E+01   0.717670E+00   0.983145E-01   0.645543E+00   0.645543E+00
   0.256352E+01   0.713954E+00   0.982718E-01   0.643598E+00   0.643598E+00
   0.256826E+01   0.525173E+00   0.980750E-01   0.641719E+00   0.641719E+00
   0.257300E+01   0.519237E+00   0.982260E-01   0.639906E+00   0.639906E+00
   0.257775E+01   0.544351E+00   0.980651E-01   0.638157E+00   0.638157E+00
   0.258249E+01   0.545243E+00   0.980702E-01   0.636472E+00   0.636472E+00
   0.258723E+01   0.711136E+00   0.980334E-01   0.634849E+00   0.634849E+00
   0.259198E+01   0.546576E+00   0.979580E-01   0.633287E+00   0.633287E+00
   0.259672E+01   0.658366E+00   0.978842E-01   0.631785E+00   0.631785E+00
   0.260146E+01   0.581653E+00   0.976395E-01   0.630342E+00   0.630342E+00
   0.260620E+01   0.759873E+00   0.975804E-01   0.628957E+00   0.628957E+00
   0.261095E+01   0.682237E+00   0.976750E-01   0.627628E+00   0.627628E+00
   0.261569E+01   0.695552E+00   0.975347E-01   0.626357E+00   0.626357E+00
   0.262043E+01   0.653398E+00   0.974507E-01   0.625139E+00   0.625139E+00
   0.262518E+01   0.696192E+00   0.973081E-01   0.623973E+00   0.623973E+00
   0.262992E+01   0.525230E+00   0.971868E-01   0.622859E+00   0.622859E+00
   0.263466E+01   0.697360E+00   0.971933E-01   0.621796E+00   0.621796E+00
   0.263940E+01   0.644391E+00   0.971522E-01   0.620781E+00   0.620781E+00
   0.264415E+01   0.687263E+00   0.970663E-01   0.619814E+00   0.619814E+00
   0.264889E+01   0.598248E+00   0.968244E-01   0.618892E+00   0.618892E+00
   0.265363E+01   0.562550E+00   0.968502E-01   0.618016E+00   0.618016E+00
   0.265838E+01   0.605033E+00   0.967086E-01   0.617182E+00   0.617182E+00
   0.266312E+01   0.582075E+00   0.965556E-01   0.616390E+00   0.616390E+00
   0.266786E+01   0.532826E+00   0.965489E-01   0.615639E+00   0.615639E+00
   0.267260E+01   0.592585E+00   0.964628E-01   0.614926E+00   0.614926E+00
   0.267735E+01   0.706603E+00   0.963309E-01   0.614250E+00   0.614250E+00
   0.268209E+01   0.689675E+00   0.963635E-01   0.613610E+00   0.613610E+00
   0.268683E+01   0.696014E+00   0.962149E-01   0.613004E+00   0.613004E+00
   0.269158E+01   0.727645E+00   0.962177E-01   0.612431E+00   0.612431E+00
   0.269632E+01   0.604834E+00   0.961504E-01   0.611888E+00   0.611888E+00
   0.270106E+01   0.634412E+00   0.959208E-01   0.611375E+00   0.611375E+00
   0.270580E+01   0.608778E+00   0.959200E-01   0.610890E+00   0.610890E+00
   0.271055E+01   0.627746E+00   0.958382E-01   0.610431E+00   0.610431E+00
   0.271529E+01   0.632208E+00   0.957593E-01   0.609997E+00   0.609997E+00
   0.272003E+01   0.454731E+00   0.955077E-01   0.609586E+00   0.609586E+00
   0.272478E+01   0.547763E+00   0.954593E-01   0.609194E+00   0.609194E+00
   0.272952E+01   0.634275E+00   0.954443E-01   0.608825E+00   0.608825E+00
   0.273426E+01   0.466388E+00   0.953115E-01   0.608473E+00   0.608473E+00
   0.273901E+01   0.535993E+00   0.951866E-01   0.608137E+00   0.608137E+00
   0.274375E+01   0.699203E+00   0.951440E-01   0.607816E+00   0.607816E+00
   0.274849E+01   0.580263E+00   0.949585E-01   0.607509E+00   0.607509E+00
   0.275323E+01   0.552893E+00   0.951186E-01   0.607214E+00   0.607214E+00
   0.275798E+01   0.625388E+00   0.950072E-01   0.606928E+00   0.606928E+00
   0.276272E+01   0.707138E+00   0.948456E-01   0.606652E+00   0.606652E+00
   0.276746E+01   0.737448E+00   0.947326E-01   0.606382E+00   0.606382E+00
   0.277221E+01   0.599051E+00   0.946881E-01   0.606118E+00   0.606118E+00
   0.277695E+01   0.575521E+00   0.946872E-01   0.605858E+00   0.605858E+00
   0.278169E+01   0.573066E+00   0.945072E-01   0.605600E+00   0.605600E+00
   0.278643E+01   0.630330E+00   0.943907E-01   0.605343E+00   0.605343E+00
   0.279118E+01   0.638912E+00   0.943177E-01   0.605086E+00   0.605086E+00
   0.279592E+01   0.541342E+00   0.943009E-01   0.604826E+00   0.604826E+00
   0.280066E+01   0.567554E+00   0.941460E-01   0.604563E+00   0.604563E+00
   0.280540E+01   0.578830E+00   0.941490E-01   0.604295E+00   0.604295E+00
   0.281015E+01   0.520841E+00   0.940405E-01   0.604021E+00   0.604021E+00
   0.281489E+01   0.433333E+00   0.941496E-01   0.603738E+00   0.603738E+00
   0.281963E+01   0.621833E+00   0.960251E-01   0.603447E+00   0.603447E+00
   0.282438E+01   0.548261E+00   0.978659E-01   0.603145E+00   0.603145E+00
   0.282912E+01   0.556639E+00   0.991135E-01   0.602831E+00   0.602831E+00
   0.283386E+01   0.498934E+00   0.100035E+00   0.602507E+00   0.602507E+00
   0.283860E+01   0.629251E+00   0.100992E+00   0.602162E+00   0.602162E+00
   0.284335E+01   0.606719E+00   0.101297E+00   0.601806E+00   0.601806E+00
   0.284809E+01   0.549813E+00   0.101600E+00   0.601432E+00   0.601432E+00
   0.285283E+01   0.547335E+00   0.101839E+00   0.601040E+00   0.601040E+00
   0.285758E+01   0.445395E+00   0.102135E+00   0.600629E+00   0.600629E+00
   0.286232E+01   0.483879E+00   0.102425E+00   0.600198E+00   0.600198E+00
   0.286706E+01   0.535606E+00   0.102694E+00   0.599745E+00   0.599745E+00
   0.287181E+01   0.692273E+00   0.102952E+00   0.599269E+00   0.599269E+00
   0.287655E+01   0.528467E+00   0.103148E+00   0.598771E+00   0.598771E+00
   0.288129E+01   0.602142E+00   0.103005E+00   0.598248E+00   0.598248E+00
   0.288603E+01   0.555337E+00   0.100402E+00   0.597699E+00   0.597699E+00
   0.289078E+01   0.558145E+00   0.985299E-01   0.597124E+00   0.597124E+00
   0.289552E+01   0.617692E+00   0.973517E-01   0.596523E+00   0.596523E+00
   0.290026E+01   0.567023E+00   0.966832E-01   0.595893E+00   0.595893E+00
   0.290501E+01   0.646887E+00   0.961252E-01   0.595234E+00   0.595234E+00
   0.290975E+01   0.457611E+00   0.956797E-01   0.594546E+00   0.594546E+00
   0.291449E+01   0.635048E+00   0.955754E-01   0.593828E+00   0.593828E+00
   0.291923E+01   0.633356E+00   0.953770E-01   0.593079E+00   0.593079E+00
   0.292398E+01   0.589692E+00   0.950263E-01   0.592299E+00   0.592299E+00
   0.292872E+01   0.663713E+00   0.948948E-01   0.591486E+00   0.591486E+00
   0.293346E+01   0.696526E+00   0.946946E-01   0.590641E+00   0.590641E+00
   0.293820E+01   0.635865E+00   0.944511E-01   0.589762E+00   0.589762E+00
   0.294295E+01   0.525490E+00   0.941874E-01   0.588850E+00   0.588850E+00
   0.294769E+01   0.615193E+00   0.942281E-01   0.587905E+00   0.587905E+00
   0.295243E+01   0.625082E+00   0.941783E-01   0.586924E+00   0.586924E+00
   0.295718E+01   0.636816E+00   0.941308E-01   0.585909E+00   0.585909E+00
   0.296192E+01   0.575543E+00   0.938567E-01   0.584859E+00   0.584859E+00
   0.296666E+01   0.610601E+00   0.936933E-01   0.583774E+00   0.583774E+00
   0.297140E+01   0.610785E+00   0.935264E-01   0.582654E+00   0.582654E+00
   0.297615E+01   0.553478E+00   0.935374E-01   0.581498E+00   0.581498E+00
   0.298089E+01   0.606723E+00   0.932632E-01   0.580306E+00   0.580306E+00
   0.298563E+01   0.588278E+00   0.932731E-01   0.579078E+00   0.579078E+00
   0.299038E+01   0.640129E+00   0.931848E-01   0.577815E+00   0.577815E+00
   0.299512E+01   0.614097E+00   0.931222E-01   0.576515E+00   0.576515E+00
   0.299986E+01   0.807221E+00   0.929882E-01   0.575180E+00   0.575180E+00

           ####      Real Space Data                               ####

           Distance distribution  function of particle  


      R          P(R)      ERROR

  0.0000E+00  0.0000E+00  0.0000E+00
  0.3905E-01  0.1562E-01  0.6603E-03
  0.7810E-01  0.3193E-01  0.1219E-02
  0.1171E+00  0.4893E-01  0.1678E-02
  0.1562E+00  0.6661E-01  0.2039E-02
  0.1952E+00  0.8495E-01  0.2305E-02
  0.2343E+00  0.1040E+00  0.2481E-02
  0.2733E+00  0.1236E+00  0.2571E-02
  0.3124E+00  0.1439E+00  0.2582E-02
  0.3514E+00  0.1648E+00  0.2519E-02
  0.3905E+00  0.1862E+00  0.2390E-02
  0.4295E+00  0.2082E+00  0.2203E-02
  0.4686E+00  0.2308E+00  0.1969E-02
  0.5076E+00  0.2538E+00  0.1699E-02
  0.5467E+00  0.2773E+00  0.1408E-02
  0.5857E+00  0.3013E+00  0.1124E-02
  0.6248E+00  0.3256E+00  0.8942E-03
  0.6638E+00  0.3503E+00  0.8033E-03
  0.7029E+00  0.3752E+00  0.9098E-03
  0.7419E+00  0.4005E+00  0.1162E-02
  0.7810E+00  0.4260E+00  0.1479E-02
  0.8200E+00  0.4516E+00  0.1816E-02
  0.8590E+00  0.4774E+00  0.2148E-02
  0.8981E+00  0.5032E+00  0.2463E-02
  0.9371E+00  0.5290E+00  0.2750E-02
  0.9762E+00  0.5549E+00  0.3002E-02
  0.1015E+01  0.5806E+00  0.3216E-02
  0.1054E+01  0.6062E+00  0.3386E-02
  0.1093E+01  0.6316E+00  0.3510E-02
  0.1132E+01  0.6567E+00  0.3587E-02
  0.1171E+01  0.6816E+00  0.3616E-02
  0.1210E+01  0.7060E+00  0.3596E-02
  0.1250E+01  0.7301E+00  0.3531E-02
  0.1289E+01  0.7537E+00  0.3421E-02
  0.1328E+01  0.7768E+00  0.3272E-02
  0.1367E+01  0.7993E+00  0.3087E-02
  0.1406E+01  0.8211E+00  0.2874E-02
  0.1445E+01  0.8423E+00  0.2642E-02
  0.1484E+01  0.8628E+00  0.2401E-02
  0.1523E+01  0.8825E+00  0.2169E-02
  0.1562E+01  0.9014E+00  0.1965E-02
  0.1601E+01  0.9195E+00  0.1816E-02
  0.1640E+01  0.9366E+00  0.1746E-02
  0.1679E+01  0.9529E+00  0.1771E-02
  0.1718E+01  0.9682E+00  0.1889E-02
  0.1757E+01  0.9825E+00  0.2079E-02
  0.1796E+01  0.9958E+00  0.2315E-02
  0.1835E+01  0.1008E+01  0.2576E-02
  0.1874E+01  0.1019E+01  0.2843E-02
  0.1913E+01  0.1029E+01  0.3102E-02
  0.1952E+01  0.1039E+01  0.3342E-02
  0.1991E+01  0.1047E+01  0.3558E-02
  0.2030E+01  0.1054E+01  0.3741E-02
  0.2070E+01  0.1059E+01  0.3889E-02
  0.2109E+01  0.1064E+01  0.3999E-02
  0.2148E+01  0.1068E+01  0.4068E-02
  0.2187E+01  0.1071E+01  0.4095E-02
  0.2226E+01  0.1072E+01  0.4082E-02
  0.2265E+01  0.1073E+01  0.4030E-02
  0.2304E+01  0.1073E+01  0.3942E-02
  0.2343E+01  0.1071E+01  0.3822E-02
  0.2382E+01  0.1069E+01  0.3675E-02
  0.2421E+01  0.1066E+01  0.3509E-02
  0.2460E+01  0.1062E+01  0.3333E-02
  0.2499E+01  0.1057E+01  0.3158E-02
  0.2538E+01  0.1052E+01  0.2996E-02
  0.2577E+01  0.1045E+01  0.2863E-02
  0.2616E+01  0.1038E+01  0.2772E-02
  0.2655E+01  0.1031E+01  0.2737E-02
  0.2694E+01  0.1022E+01  0.2763E-02
  0.2733E+01  0.1013E+01  0.2850E-02
  0.2772E+01  0.1004E+01  0.2991E-02
  0.2811E+01  0.9942E+00  0.3173E-02
  0.2850E+01  0.9840E+00  0.3383E-02
  0.2890E+01  0.9734E+00  0.3608E-02
  0.2929E+01  0.9625E+00  0.3834E-02
  0.2968E+01  0.9513E+00  0.4053E-02
  0.3007E+01  0.9399E+00  0.4256E-02
  0.3046E+01  0.9284E+00  0.4436E-02
  0.3085E+01  0.9166E+00  0.4588E-02
  0.3124E+01  0.9048E+00  0.4707E-02
  0.3163E+01  0.8929E+00  0.4792E-02
  0.3202E+01  0.8810E+00  0.4840E-02
  0.3241E+01  0.8691E+00  0.4852E-02
  0.3280E+01  0.8573E+00  0.4828E-02
  0.3319E+01  0.8455E+00  0.4771E-02
  0.3358E+01  0.8338E+00  0.4684E-02
  0.3397E+01  0.8222E+00  0.4571E-02
  0.3436E+01  0.8108E+00  0.4439E-02
  0.3475E+01  0.7995E+00  0.4295E-02
  0.3514E+01  0.7884E+00  0.4147E-02
  0.3553E+01  0.7775E+00  0.4005E-02
  0.3592E+01  0.7668E+00  0.3881E-02
  0.3631E+01  0.7563E+00  0.3784E-02
  0.3670E+01  0.7460E+00  0.3724E-02
  0.3710E+01  0.7359E+00  0.3708E-02
  0.3749E+01  0.7260E+00  0.3739E-02
  0.3788E+01  0.7163E+00  0.3818E-02
  0.3827E+01  0.7068E+00  0.3937E-02
  0.3866E+01  0.6975E+00  0.4091E-02
  0.3905E+01  0.6883E+00  0.4269E-02
  0.3944E+01  0.6794E+00  0.4461E-02
  0.3983E+01  0.6705E+00  0.4657E-02
  0.4022E+01  0.6619E+00  0.4849E-02
  0.4061E+01  0.6533E+00  0.5029E-02
  0.4100E+01  0.6448E+00  0.5191E-02
  0.4139E+01  0.6364E+00  0.5330E-02
  0.4178E+01  0.6281E+00  0.5443E-02
  0.4217E+01  0.6199E+00  0.5527E-02
  0.4256E+01  0.6116E+00  0.5581E-02
  0.4295E+01  0.6034E+00  0.5605E-02
  0.4334E+01  0.5952E+00  0.5600E-02
  0.4373E+01  0.5869E+00  0.5569E-02
  0.4412E+01  0.5786E+00  0.5516E-02
  0.4451E+01  0.5702E+00  0.5445E-02
  0.4490E+01  0.5618E+00  0.5361E-02
  0.4530E+01  0.5533E+00  0.5272E-02
  0.4569E+01  0.5446E+00  0.5184E-02
  0.4608E+01  0.5359E+00  0.5104E-02
  0.4647E+01  0.5270E+00  0.5041E-02
  0.4686E+01  0.5180E+00  0.4999E-02
  0.4725E+01  0.5088E+00  0.4985E-02
  0.4764E+01  0.4995E+00  0.5000E-02
  0.4803E+01  0.4901E+00  0.5047E-02
  0.4842E+01  0.4805E+00  0.5123E-02
  0.4881E+01  0.4707E+00  0.5224E-02
  0.4920E+01  0.4609E+00  0.5345E-02
  0.4959E+01  0.4508E+00  0.5481E-02
  0.4998E+01  0.4407E+00  0.5624E-02
  0.5037E+01  0.4304E+00  0.5767E-02
  0.5076E+01  0.4200E+00  0.5906E-02
  0.5115E+01  0.4096E+00  0.6033E-02
  0.5154E+01  0.3990E+00  0.6146E-02
  0.5193E+01  0.3884E+00  0.6240E-02
  0.5232E+01  0.3778E+00  0.6314E-02
  0.5271E+01  0.3671E+00  0.6367E-02
  0.5310E+01  0.3564E+00  0.6399E-02
  0.5350E+01  0.3458E+00  0.6412E-02
  0.5389E+01  0.3352E+00  0.6408E-02
  0.5428E+01  0.3248E+00  0.6391E-02
  0.5467E+01  0.3144E+00  0.6365E-02
  0.5506E+01  0.3042E+00  0.6335E-02
  0.5545E+01  0.2941E+00  0.6308E-02
  0.5584E+01  0.2843E+00  0.6288E-02
  0.5623E+01  0.2747E+00  0.6281E-02
  0.5662E+01  0.2653E+00  0.6291E-02
  0.5701E+01  0.2562E+00  0.6320E-02
  0.5740E+01  0.2475E+00  0.6371E-02
  0.5779E+01  0.2390E+00  0.6442E-02
  0.5818E+01  0.2310E+00  0.6531E-02
  0.5857E+01  0.2233E+00  0.6635E-02
  0.5896E+01  0.2161E+00  0.6747E-02
  0.5935E+01  0.2093E+00  0.6863E-02
  0.5974E+01  0.2029E+00  0.6976E-02
  0.6013E+01  0.1970E+00  0.7079E-02
  0.6052E+01  0.1916E+00  0.7167E-02
  0.6091E+01  0.1866E+00  0.7234E-02
  0.6130E+01  0.1822E+00  0.7276E-02
  0.6170E+01  0.1782E+00  0.7291E-02
  0.6209E+01  0.1746E+00  0.7276E-02
  0.6248E+01  0.1715E+00  0.7232E-02
  0.6287E+01  0.1689E+00  0.7162E-02
  0.6326E+01  0.1667E+00  0.7068E-02
  0.6365E+01  0.1648E+00  0.6958E-02
  0.6404E+01  0.1633E+00  0.6840E-02
  0.6443E+01  0.1621E+00  0.6724E-02
  0.6482E+01  0.1612E+00  0.6623E-02
  0.6521E+01  0.1604E+00  0.6549E-02
  0.6560E+01  0.1598E+00  0.6515E-02
  0.6599E+01  0.1593E+00  0.6530E-02
  0.6638E+01  0.1588E+00  0.6601E-02
  0.6677E+01  0.1582E+00  0.6729E-02
  0.6716E+01  0.1574E+00  0.6910E-02
  0.6755E+01  0.1563E+00  0.7134E-02
  0.6794E+01  0.1549E+00  0.7385E-02
  0.6833E+01  0.1530E+00  0.7645E-02
  0.6872E+01  0.1504E+00  0.7894E-02
  0.6911E+01  0.1472E+00  0.8110E-02
  0.6950E+01  0.1430E+00  0.8272E-02
  0.6990E+01  0.1379E+00  0.8355E-02
  0.7029E+01  0.1317E+00  0.8339E-02
  0.7068E+01  0.1242E+00  0.8199E-02
  0.7107E+01  0.1153E+00  0.7915E-02
  0.7146E+01  0.1048E+00  0.7462E-02
  0.7185E+01  0.9259E-01  0.6820E-02
  0.7224E+01  0.7848E-01  0.5967E-02
  0.7263E+01  0.6233E-01  0.4879E-02
  0.7302E+01  0.4398E-01  0.3537E-02
  0.7341E+01  0.2325E-01  0.1917E-02
  0.7380E+01  0.0000E+00  0.0000E+00
