
           ####      G N O M             Version 5.0 (r13469)      ####
                                               Wed Dec 15 15:11:21 2021

           ####      Configuration                                 ####

    System Type:                   arbitrary monodisperse (job = 0)
    Minimum characteristic size:         0.0000
    Maximum characteristic size:         6.1500
    rad56:                               0.0000
    Force 0.0 at r = rmin:                  yes
    Force 0.0 at r = rmax:                  yes
    Initial alpha:                       0.0000
    Initial random seed:    1438966199648269338
    Points in real space:                   190

    Input  1:                      temp-inp.dat
    First data point used:                    1
    Last data point used:                   570
    Scaling coefficient:             0.1000E+01
    Experimental setup:            point collimation



           ####      Results                                       ####

    Parameter    DISCRP  OSCILL  STABIL  SYSDEV  POSITV  VALCEN  SMOOTH
    Weight        1.000   3.000   3.000   3.000   1.000   1.000   1.000
    Sigma         0.300   0.600   0.120   0.120   0.120   0.120   0.600
    Ideal         0.700   1.100   0.000   1.000   1.000   0.950   0.000
    Current       0.720   1.169   0.013   0.619   1.000   0.895   3.228
               --------------------------------------------------------
    Estimate      0.996   0.987   0.989   0.000   1.000   0.810   0.000

    Angular range:                       0.3012 to       2.9999
    Reciprocal space Rg:             0.2136E+01
    Reciprocal space I(0):           0.3918E+02

    Real space range:                    0.0000 to       6.1500
    Real space Rg:                   0.2141E+01 +-   0.3176E-02
    Real space I(0):                 0.3918E+02 +-   0.5930E-01

    Highest ALPHA (theor):           0.3025E+02
    Current ALPHA:                   0.1252E+02

    Total Estimate:                      0.6717 (a REASONABLE solution)



           ####      Experimental Data and Fit                     ####

      S          J EXP       ERROR       J REG       I REG

   0.000000E+00                                                0.391797E+02
   0.107561E-01                                                0.391728E+02
   0.215123E-01                                                0.391520E+02
   0.322684E-01                                                0.391174E+02
   0.430246E-01                                                0.390690E+02
   0.537807E-01                                                0.390069E+02
   0.645368E-01                                                0.389311E+02
   0.752930E-01                                                0.388418E+02
   0.860491E-01                                                0.387390E+02
   0.968053E-01                                                0.386228E+02
   0.107561E+00                                                0.384934E+02
   0.118318E+00                                                0.383509E+02
   0.129074E+00                                                0.381956E+02
   0.139830E+00                                                0.380275E+02
   0.150586E+00                                                0.378468E+02
   0.161342E+00                                                0.376538E+02
   0.172098E+00                                                0.374486E+02
   0.182854E+00                                                0.372315E+02
   0.193611E+00                                                0.370028E+02
   0.204367E+00                                                0.367627E+02
   0.215123E+00                                                0.365114E+02
   0.225879E+00                                                0.362492E+02
   0.236635E+00                                                0.359765E+02
   0.247391E+00                                                0.356934E+02
   0.258147E+00                                                0.354004E+02
   0.268903E+00                                                0.350977E+02
   0.279660E+00                                                0.347856E+02
   0.290416E+00                                                0.344645E+02
   0.301172E+00   0.345613E+02   0.206970E+00   0.341348E+02   0.341348E+02
   0.305915E+00   0.340360E+02   0.204728E+00   0.339867E+02   0.339867E+02
   0.310658E+00   0.341005E+02   0.203119E+00   0.338370E+02   0.338370E+02
   0.315400E+00   0.341482E+02   0.201468E+00   0.336858E+02   0.336858E+02
   0.320143E+00   0.341668E+02   0.199443E+00   0.335330E+02   0.335330E+02
   0.324886E+00   0.338123E+02   0.197701E+00   0.333788E+02   0.333788E+02
   0.329629E+00   0.334942E+02   0.195979E+00   0.332230E+02   0.332230E+02
   0.334372E+00   0.333895E+02   0.194455E+00   0.330659E+02   0.330659E+02
   0.339115E+00   0.333517E+02   0.194669E+00   0.329073E+02   0.329073E+02
   0.343858E+00   0.328713E+02   0.196865E+00   0.327473E+02   0.327473E+02
   0.348601E+00   0.325779E+02   0.201225E+00   0.325860E+02   0.325860E+02
   0.353343E+00   0.326642E+02   0.204704E+00   0.324234E+02   0.324234E+02
   0.358086E+00   0.328630E+02   0.207435E+00   0.322595E+02   0.322595E+02
   0.362829E+00   0.325016E+02   0.208951E+00   0.320944E+02   0.320944E+02
   0.367572E+00   0.321173E+02   0.210273E+00   0.319280E+02   0.319280E+02
   0.372315E+00   0.320957E+02   0.211094E+00   0.317605E+02   0.317605E+02
   0.377058E+00   0.320965E+02   0.212602E+00   0.315918E+02   0.315918E+02
   0.381801E+00   0.315006E+02   0.213050E+00   0.314220E+02   0.314220E+02
   0.386543E+00   0.311855E+02   0.214031E+00   0.312511E+02   0.312511E+02
   0.391286E+00   0.309170E+02   0.214780E+00   0.310791E+02   0.310791E+02
   0.396029E+00   0.308477E+02   0.215236E+00   0.309062E+02   0.309062E+02
   0.400772E+00   0.312018E+02   0.216336E+00   0.307322E+02   0.307322E+02
   0.405515E+00   0.307129E+02   0.223452E+00   0.305573E+02   0.305573E+02
   0.410258E+00   0.304627E+02   0.228803E+00   0.303814E+02   0.303814E+02
   0.415001E+00   0.302728E+02   0.233646E+00   0.302047E+02   0.302047E+02
   0.419744E+00   0.300670E+02   0.237080E+00   0.300271E+02   0.300271E+02
   0.424486E+00   0.297113E+02   0.239953E+00   0.298486E+02   0.298486E+02
   0.429229E+00   0.297188E+02   0.243607E+00   0.296694E+02   0.296694E+02
   0.433972E+00   0.294741E+02   0.246524E+00   0.294894E+02   0.294894E+02
   0.438715E+00   0.293830E+02   0.250247E+00   0.293087E+02   0.293087E+02
   0.443458E+00   0.295674E+02   0.253658E+00   0.291273E+02   0.291273E+02
   0.448201E+00   0.288631E+02   0.257146E+00   0.289452E+02   0.289452E+02
   0.452944E+00   0.287896E+02   0.261339E+00   0.287625E+02   0.287625E+02
   0.457686E+00   0.285049E+02   0.263362E+00   0.285792E+02   0.285792E+02
   0.462429E+00   0.284918E+02   0.265478E+00   0.283953E+02   0.283953E+02
   0.467172E+00   0.282577E+02   0.264490E+00   0.282109E+02   0.282109E+02
   0.471915E+00   0.280671E+02   0.253856E+00   0.280260E+02   0.280260E+02
   0.476658E+00   0.275375E+02   0.247877E+00   0.278406E+02   0.278406E+02
   0.481401E+00   0.272312E+02   0.244506E+00   0.276548E+02   0.276548E+02
   0.486144E+00   0.274512E+02   0.242181E+00   0.274686E+02   0.274686E+02
   0.490887E+00   0.272892E+02   0.239850E+00   0.272820E+02   0.272820E+02
   0.495629E+00   0.269879E+02   0.237382E+00   0.270950E+02   0.270950E+02
   0.500372E+00   0.269222E+02   0.235600E+00   0.269077E+02   0.269077E+02
   0.505115E+00   0.268129E+02   0.234128E+00   0.267202E+02   0.267202E+02
   0.509858E+00   0.265296E+02   0.232962E+00   0.265324E+02   0.265324E+02
   0.514601E+00   0.266658E+02   0.231707E+00   0.263444E+02   0.263444E+02
   0.519344E+00   0.259244E+02   0.229518E+00   0.261562E+02   0.261562E+02
   0.524087E+00   0.257046E+02   0.228098E+00   0.259678E+02   0.259678E+02
   0.528829E+00   0.256337E+02   0.227178E+00   0.257793E+02   0.257793E+02
   0.533572E+00   0.252183E+02   0.225212E+00   0.255907E+02   0.255907E+02
   0.538315E+00   0.252907E+02   0.223504E+00   0.254021E+02   0.254021E+02
   0.543058E+00   0.253675E+02   0.222423E+00   0.252134E+02   0.252134E+02
   0.547801E+00   0.249945E+02   0.219984E+00   0.250247E+02   0.250247E+02
   0.552544E+00   0.246848E+02   0.218121E+00   0.248360E+02   0.248360E+02
   0.557287E+00   0.244447E+02   0.216205E+00   0.246474E+02   0.246474E+02
   0.562029E+00   0.244854E+02   0.215013E+00   0.244588E+02   0.244588E+02
   0.566772E+00   0.241883E+02   0.213228E+00   0.242704E+02   0.242704E+02
   0.571515E+00   0.237293E+02   0.211151E+00   0.240820E+02   0.240820E+02
   0.576258E+00   0.237015E+02   0.209882E+00   0.238939E+02   0.238939E+02
   0.581001E+00   0.238488E+02   0.208752E+00   0.237059E+02   0.237059E+02
   0.585744E+00   0.234653E+02   0.207845E+00   0.235181E+02   0.235181E+02
   0.590487E+00   0.229210E+02   0.206550E+00   0.233306E+02   0.233306E+02
   0.595230E+00   0.228409E+02   0.206274E+00   0.231434E+02   0.231434E+02
   0.599972E+00   0.227197E+02   0.205470E+00   0.229564E+02   0.229564E+02
   0.604715E+00   0.225185E+02   0.204744E+00   0.227698E+02   0.227698E+02
   0.609458E+00   0.223928E+02   0.203516E+00   0.225835E+02   0.225835E+02
   0.614201E+00   0.219888E+02   0.203051E+00   0.223976E+02   0.223976E+02
   0.618944E+00   0.220689E+02   0.202243E+00   0.222121E+02   0.222121E+02
   0.623687E+00   0.219316E+02   0.201802E+00   0.220271E+02   0.220271E+02
   0.628430E+00   0.216564E+02   0.200924E+00   0.218424E+02   0.218424E+02
   0.633173E+00   0.215748E+02   0.200125E+00   0.216583E+02   0.216583E+02
   0.637915E+00   0.211182E+02   0.199283E+00   0.214746E+02   0.214746E+02
   0.642658E+00   0.210283E+02   0.198546E+00   0.212915E+02   0.212915E+02
   0.647401E+00   0.209316E+02   0.197854E+00   0.211088E+02   0.211088E+02
   0.652144E+00   0.208161E+02   0.197365E+00   0.209268E+02   0.209268E+02
   0.656887E+00   0.204719E+02   0.196789E+00   0.207453E+02   0.207453E+02
   0.661630E+00   0.201001E+02   0.195816E+00   0.205645E+02   0.205645E+02
   0.666373E+00   0.203195E+02   0.194878E+00   0.203843E+02   0.203843E+02
   0.671115E+00   0.198328E+02   0.194529E+00   0.202047E+02   0.202047E+02
   0.675858E+00   0.196000E+02   0.193850E+00   0.200258E+02   0.200258E+02
   0.680601E+00   0.198121E+02   0.193207E+00   0.198476E+02   0.198476E+02
   0.685344E+00   0.192888E+02   0.192727E+00   0.196701E+02   0.196701E+02
   0.690087E+00   0.192837E+02   0.192283E+00   0.194934E+02   0.194934E+02
   0.694830E+00   0.192030E+02   0.191350E+00   0.193174E+02   0.193174E+02
   0.699573E+00   0.188170E+02   0.190381E+00   0.191421E+02   0.191421E+02
   0.704315E+00   0.188711E+02   0.189824E+00   0.189677E+02   0.189677E+02
   0.709058E+00   0.185857E+02   0.189288E+00   0.187940E+02   0.187940E+02
   0.713801E+00   0.183802E+02   0.188906E+00   0.186212E+02   0.186212E+02
   0.718544E+00   0.184914E+02   0.188012E+00   0.184492E+02   0.184492E+02
   0.723287E+00   0.181654E+02   0.187306E+00   0.182781E+02   0.182781E+02
   0.728030E+00   0.179629E+02   0.186671E+00   0.181079E+02   0.181079E+02
   0.732773E+00   0.178822E+02   0.186515E+00   0.179385E+02   0.179385E+02
   0.737515E+00   0.175702E+02   0.185769E+00   0.177700E+02   0.177700E+02
   0.742258E+00   0.173830E+02   0.184850E+00   0.176025E+02   0.176025E+02
   0.747001E+00   0.172766E+02   0.184202E+00   0.174359E+02   0.174359E+02
   0.751744E+00   0.169820E+02   0.183486E+00   0.172703E+02   0.172703E+02
   0.756487E+00   0.167338E+02   0.182772E+00   0.171056E+02   0.171056E+02
   0.761230E+00   0.166839E+02   0.182295E+00   0.169419E+02   0.169419E+02
   0.765973E+00   0.163271E+02   0.181512E+00   0.167792E+02   0.167792E+02
   0.770716E+00   0.164094E+02   0.181366E+00   0.166175E+02   0.166175E+02
   0.775459E+00   0.165420E+02   0.180854E+00   0.164568E+02   0.164568E+02
   0.780201E+00   0.163428E+02   0.180585E+00   0.162971E+02   0.162971E+02
   0.784944E+00   0.162027E+02   0.180131E+00   0.161385E+02   0.161385E+02
   0.789687E+00   0.161525E+02   0.179271E+00   0.159809E+02   0.159809E+02
   0.794430E+00   0.156883E+02   0.178388E+00   0.158244E+02   0.158244E+02
   0.799173E+00   0.157251E+02   0.178079E+00   0.156689E+02   0.156689E+02
   0.803916E+00   0.153849E+02   0.177277E+00   0.155145E+02   0.155145E+02
   0.808658E+00   0.151746E+02   0.176786E+00   0.153612E+02   0.153612E+02
   0.813401E+00   0.150863E+02   0.176247E+00   0.152091E+02   0.152091E+02
   0.818144E+00   0.150728E+02   0.175807E+00   0.150580E+02   0.150580E+02
   0.822887E+00   0.146476E+02   0.175101E+00   0.149080E+02   0.149080E+02
   0.827630E+00   0.146960E+02   0.174611E+00   0.147592E+02   0.147592E+02
   0.832373E+00   0.145623E+02   0.173881E+00   0.146115E+02   0.146115E+02
   0.837116E+00   0.143970E+02   0.173597E+00   0.144649E+02   0.144649E+02
   0.841859E+00   0.144076E+02   0.172844E+00   0.143195E+02   0.143195E+02
   0.846601E+00   0.140454E+02   0.172512E+00   0.141752E+02   0.141752E+02
   0.851344E+00   0.141352E+02   0.172069E+00   0.140321E+02   0.140321E+02
   0.856087E+00   0.139085E+02   0.171728E+00   0.138901E+02   0.138901E+02
   0.860830E+00   0.138461E+02   0.171091E+00   0.137493E+02   0.137493E+02
   0.865573E+00   0.135948E+02   0.170421E+00   0.136097E+02   0.136097E+02
   0.870316E+00   0.134909E+02   0.170102E+00   0.134712E+02   0.134712E+02
   0.875059E+00   0.133380E+02   0.169770E+00   0.133339E+02   0.133339E+02
   0.879802E+00   0.132647E+02   0.169354E+00   0.131978E+02   0.131978E+02
   0.884544E+00   0.131281E+02   0.168967E+00   0.130629E+02   0.130629E+02
   0.889287E+00   0.132098E+02   0.168255E+00   0.129292E+02   0.129292E+02
   0.894030E+00   0.128704E+02   0.167709E+00   0.127967E+02   0.127967E+02
   0.898773E+00   0.127154E+02   0.167168E+00   0.126653E+02   0.126653E+02
   0.903516E+00   0.124729E+02   0.166486E+00   0.125352E+02   0.125352E+02
   0.908259E+00   0.124685E+02   0.166080E+00   0.124062E+02   0.124062E+02
   0.913002E+00   0.123842E+02   0.165888E+00   0.122785E+02   0.122785E+02
   0.917744E+00   0.121342E+02   0.165268E+00   0.121519E+02   0.121519E+02
   0.922487E+00   0.121310E+02   0.164717E+00   0.120265E+02   0.120265E+02
   0.927230E+00   0.120443E+02   0.164304E+00   0.119024E+02   0.119024E+02
   0.931973E+00   0.119034E+02   0.163914E+00   0.117794E+02   0.117794E+02
   0.936716E+00   0.116761E+02   0.163250E+00   0.116576E+02   0.116576E+02
   0.941459E+00   0.116473E+02   0.163167E+00   0.115370E+02   0.115370E+02
   0.946202E+00   0.116207E+02   0.162829E+00   0.114176E+02   0.114176E+02
   0.950944E+00   0.113515E+02   0.162120E+00   0.112994E+02   0.112994E+02
   0.955687E+00   0.113295E+02   0.161727E+00   0.111824E+02   0.111824E+02
   0.960430E+00   0.114142E+02   0.161206E+00   0.110666E+02   0.110666E+02
   0.965173E+00   0.110712E+02   0.160900E+00   0.109520E+02   0.109520E+02
   0.969916E+00   0.108257E+02   0.160312E+00   0.108385E+02   0.108385E+02
   0.974659E+00   0.106795E+02   0.159700E+00   0.107262E+02   0.107262E+02
   0.979402E+00   0.108304E+02   0.159405E+00   0.106151E+02   0.106151E+02
   0.984144E+00   0.105453E+02   0.159065E+00   0.105052E+02   0.105052E+02
   0.988887E+00   0.104874E+02   0.158684E+00   0.103964E+02   0.103964E+02
   0.993630E+00   0.103829E+02   0.158098E+00   0.102888E+02   0.102888E+02
   0.998373E+00   0.102289E+02   0.157967E+00   0.101823E+02   0.101823E+02
   0.100312E+01   0.100104E+02   0.157134E+00   0.100770E+02   0.100770E+02
   0.100786E+01   0.101952E+02   0.156746E+00   0.997286E+01   0.997286E+01
   0.101260E+01   0.100285E+02   0.156334E+00   0.986984E+01   0.986984E+01
   0.101734E+01   0.983531E+01   0.156003E+00   0.976796E+01   0.976796E+01
   0.102209E+01   0.964634E+01   0.155420E+00   0.966723E+01   0.966723E+01
   0.102683E+01   0.950935E+01   0.155424E+00   0.956761E+01   0.956761E+01
   0.103157E+01   0.973443E+01   0.155058E+00   0.946910E+01   0.946910E+01
   0.103632E+01   0.948402E+01   0.154634E+00   0.937170E+01   0.937170E+01
   0.104106E+01   0.944610E+01   0.154435E+00   0.927541E+01   0.927541E+01
   0.104580E+01   0.934985E+01   0.153675E+00   0.918022E+01   0.918022E+01
   0.105055E+01   0.900247E+01   0.153390E+00   0.908612E+01   0.908612E+01
   0.105529E+01   0.910802E+01   0.152870E+00   0.899312E+01   0.899312E+01
   0.106003E+01   0.909553E+01   0.152602E+00   0.890118E+01   0.890118E+01
   0.106477E+01   0.891286E+01   0.152338E+00   0.881031E+01   0.881031E+01
   0.106952E+01   0.882596E+01   0.152103E+00   0.872050E+01   0.872050E+01
   0.107426E+01   0.874140E+01   0.151631E+00   0.863174E+01   0.863174E+01
   0.107900E+01   0.892939E+01   0.151204E+00   0.854402E+01   0.854402E+01
   0.108374E+01   0.880161E+01   0.150913E+00   0.845735E+01   0.845735E+01
   0.108849E+01   0.873278E+01   0.150705E+00   0.837169E+01   0.837169E+01
   0.109323E+01   0.842631E+01   0.150213E+00   0.828708E+01   0.828708E+01
   0.109797E+01   0.839316E+01   0.149763E+00   0.820346E+01   0.820346E+01
   0.110272E+01   0.810326E+01   0.149542E+00   0.812084E+01   0.812084E+01
   0.110746E+01   0.822152E+01   0.149098E+00   0.803921E+01   0.803921E+01
   0.111220E+01   0.810714E+01   0.148778E+00   0.795856E+01   0.795856E+01
   0.111695E+01   0.798905E+01   0.148307E+00   0.787889E+01   0.787889E+01
   0.112169E+01   0.791988E+01   0.148174E+00   0.780018E+01   0.780018E+01
   0.112643E+01   0.780736E+01   0.147663E+00   0.772245E+01   0.772245E+01
   0.113117E+01   0.756218E+01   0.147481E+00   0.764564E+01   0.764564E+01
   0.113592E+01   0.760727E+01   0.147105E+00   0.756977E+01   0.756977E+01
   0.114066E+01   0.769692E+01   0.146771E+00   0.749482E+01   0.749482E+01
   0.114540E+01   0.757941E+01   0.146474E+00   0.742079E+01   0.742079E+01
   0.115014E+01   0.759190E+01   0.146373E+00   0.734767E+01   0.734767E+01
   0.115489E+01   0.743683E+01   0.146019E+00   0.727544E+01   0.727544E+01
   0.115963E+01   0.744059E+01   0.145427E+00   0.720410E+01   0.720410E+01
   0.116437E+01   0.723327E+01   0.145082E+00   0.713365E+01   0.713365E+01
   0.116912E+01   0.707251E+01   0.144835E+00   0.706405E+01   0.706405E+01
   0.117386E+01   0.716972E+01   0.144513E+00   0.699530E+01   0.699530E+01
   0.117860E+01   0.719281E+01   0.144267E+00   0.692740E+01   0.692740E+01
   0.118335E+01   0.698941E+01   0.143921E+00   0.686033E+01   0.686033E+01
   0.118809E+01   0.702359E+01   0.143825E+00   0.679409E+01   0.679409E+01
   0.119283E+01   0.675500E+01   0.143292E+00   0.672866E+01   0.672866E+01
   0.119757E+01   0.695438E+01   0.143043E+00   0.666405E+01   0.666405E+01
   0.120232E+01   0.685295E+01   0.142906E+00   0.660021E+01   0.660021E+01
   0.120706E+01   0.684197E+01   0.143276E+00   0.653716E+01   0.653716E+01
   0.121180E+01   0.679808E+01   0.147848E+00   0.647489E+01   0.647489E+01
   0.121654E+01   0.642225E+01   0.150630E+00   0.641337E+01   0.641337E+01
   0.122129E+01   0.659518E+01   0.152855E+00   0.635260E+01   0.635260E+01
   0.122603E+01   0.642409E+01   0.154524E+00   0.629258E+01   0.629258E+01
   0.123077E+01   0.652810E+01   0.156238E+00   0.623328E+01   0.623328E+01
   0.123552E+01   0.631458E+01   0.157349E+00   0.617472E+01   0.617472E+01
   0.124026E+01   0.620439E+01   0.159062E+00   0.611685E+01   0.611685E+01
   0.124500E+01   0.622742E+01   0.160105E+00   0.605969E+01   0.605969E+01
   0.124975E+01   0.598025E+01   0.161148E+00   0.600321E+01   0.600321E+01
   0.125449E+01   0.614821E+01   0.162502E+00   0.594741E+01   0.594741E+01
   0.125923E+01   0.630597E+01   0.163436E+00   0.589227E+01   0.589227E+01
   0.126397E+01   0.583774E+01   0.163248E+00   0.583780E+01   0.583780E+01
   0.126872E+01   0.606080E+01   0.163786E+00   0.578398E+01   0.578398E+01
   0.127346E+01   0.584452E+01   0.161650E+00   0.573079E+01   0.573079E+01
   0.127820E+01   0.562847E+01   0.155446E+00   0.567823E+01   0.567823E+01
   0.128295E+01   0.544208E+01   0.152067E+00   0.562628E+01   0.562628E+01
   0.128769E+01   0.556613E+01   0.150338E+00   0.557494E+01   0.557494E+01
   0.129243E+01   0.543922E+01   0.148308E+00   0.552420E+01   0.552420E+01
   0.129717E+01   0.540040E+01   0.146399E+00   0.547405E+01   0.547405E+01
   0.130192E+01   0.554887E+01   0.145338E+00   0.542448E+01   0.542448E+01
   0.130666E+01   0.544660E+01   0.144152E+00   0.537547E+01   0.537547E+01
   0.131140E+01   0.550807E+01   0.142969E+00   0.532702E+01   0.532702E+01
   0.131614E+01   0.540787E+01   0.142022E+00   0.527912E+01   0.527912E+01
   0.132089E+01   0.519877E+01   0.141337E+00   0.523176E+01   0.523176E+01
   0.132563E+01   0.511752E+01   0.140703E+00   0.518492E+01   0.518492E+01
   0.133037E+01   0.517399E+01   0.140314E+00   0.513861E+01   0.513861E+01
   0.133512E+01   0.507529E+01   0.139923E+00   0.509281E+01   0.509281E+01
   0.133986E+01   0.492877E+01   0.139385E+00   0.504752E+01   0.504752E+01
   0.134460E+01   0.489683E+01   0.138986E+00   0.500272E+01   0.500272E+01
   0.134935E+01   0.479984E+01   0.138565E+00   0.495840E+01   0.495840E+01
   0.135409E+01   0.487584E+01   0.138209E+00   0.491455E+01   0.491455E+01
   0.135883E+01   0.482256E+01   0.137888E+00   0.487117E+01   0.487117E+01
   0.136357E+01   0.481193E+01   0.137519E+00   0.482825E+01   0.482825E+01
   0.136832E+01   0.474889E+01   0.137139E+00   0.478578E+01   0.478578E+01
   0.137306E+01   0.483600E+01   0.137101E+00   0.474376E+01   0.474376E+01
   0.137780E+01   0.480827E+01   0.136771E+00   0.470217E+01   0.470217E+01
   0.138254E+01   0.475187E+01   0.136353E+00   0.466100E+01   0.466100E+01
   0.138729E+01   0.447266E+01   0.135877E+00   0.462025E+01   0.462025E+01
   0.139203E+01   0.456485E+01   0.135839E+00   0.457990E+01   0.457990E+01
   0.139677E+01   0.453866E+01   0.135468E+00   0.453996E+01   0.453996E+01
   0.140152E+01   0.464935E+01   0.135401E+00   0.450042E+01   0.450042E+01
   0.140626E+01   0.451349E+01   0.134961E+00   0.446126E+01   0.446126E+01
   0.141100E+01   0.437055E+01   0.134791E+00   0.442248E+01   0.442248E+01
   0.141575E+01   0.431132E+01   0.134297E+00   0.438407E+01   0.438407E+01
   0.142049E+01   0.435146E+01   0.134011E+00   0.434603E+01   0.434603E+01
   0.142523E+01   0.420815E+01   0.133831E+00   0.430834E+01   0.430834E+01
   0.142997E+01   0.432788E+01   0.133492E+00   0.427100E+01   0.427100E+01
   0.143472E+01   0.424379E+01   0.133207E+00   0.423401E+01   0.423401E+01
   0.143946E+01   0.427564E+01   0.132888E+00   0.419735E+01   0.419735E+01
   0.144420E+01   0.427861E+01   0.132807E+00   0.416104E+01   0.416104E+01
   0.144894E+01   0.398935E+01   0.132447E+00   0.412504E+01   0.412504E+01
   0.145369E+01   0.394747E+01   0.132089E+00   0.408936E+01   0.408936E+01
   0.145843E+01   0.392119E+01   0.131716E+00   0.405399E+01   0.405399E+01
   0.146317E+01   0.393101E+01   0.131810E+00   0.401892E+01   0.401892E+01
   0.146792E+01   0.387386E+01   0.131588E+00   0.398416E+01   0.398416E+01
   0.147266E+01   0.392465E+01   0.131374E+00   0.394969E+01   0.394969E+01
   0.147740E+01   0.380439E+01   0.130925E+00   0.391552E+01   0.391552E+01
   0.148215E+01   0.373371E+01   0.130780E+00   0.388163E+01   0.388163E+01
   0.148689E+01   0.371627E+01   0.130517E+00   0.384802E+01   0.384802E+01
   0.149163E+01   0.375240E+01   0.130211E+00   0.381467E+01   0.381467E+01
   0.149637E+01   0.368415E+01   0.130067E+00   0.378160E+01   0.378160E+01
   0.150112E+01   0.369797E+01   0.130163E+00   0.374879E+01   0.374879E+01
   0.150586E+01   0.365174E+01   0.132730E+00   0.371624E+01   0.371624E+01
   0.151060E+01   0.376100E+01   0.136215E+00   0.368395E+01   0.368395E+01
   0.151534E+01   0.364262E+01   0.138180E+00   0.365191E+01   0.365191E+01
   0.152009E+01   0.375091E+01   0.140152E+00   0.362011E+01   0.362011E+01
   0.152483E+01   0.353503E+01   0.141482E+00   0.358855E+01   0.358855E+01
   0.152957E+01   0.351181E+01   0.142476E+00   0.355723E+01   0.355723E+01
   0.153432E+01   0.351083E+01   0.138919E+00   0.352614E+01   0.352614E+01
   0.153906E+01   0.338253E+01   0.136425E+00   0.349528E+01   0.349528E+01
   0.154380E+01   0.335680E+01   0.135132E+00   0.346465E+01   0.346465E+01
   0.154855E+01   0.344608E+01   0.133330E+00   0.343424E+01   0.343424E+01
   0.155329E+01   0.350625E+01   0.132220E+00   0.340405E+01   0.340405E+01
   0.155803E+01   0.332836E+01   0.131058E+00   0.337407E+01   0.337407E+01
   0.156277E+01   0.331822E+01   0.129596E+00   0.334431E+01   0.334431E+01
   0.156752E+01   0.326014E+01   0.128310E+00   0.331475E+01   0.331475E+01
   0.157226E+01   0.336390E+01   0.127528E+00   0.328540E+01   0.328540E+01
   0.157700E+01   0.320211E+01   0.126852E+00   0.325626E+01   0.325626E+01
   0.158175E+01   0.318005E+01   0.126634E+00   0.322731E+01   0.322731E+01
   0.158649E+01   0.302849E+01   0.126560E+00   0.319857E+01   0.319857E+01
   0.159123E+01   0.306518E+01   0.126709E+00   0.317002E+01   0.317002E+01
   0.159597E+01   0.306487E+01   0.126948E+00   0.314166E+01   0.314166E+01
   0.160072E+01   0.304744E+01   0.126978E+00   0.311350E+01   0.311350E+01
   0.160546E+01   0.290134E+01   0.126794E+00   0.308552E+01   0.308552E+01
   0.161020E+01   0.287118E+01   0.126494E+00   0.305773E+01   0.305773E+01
   0.161495E+01   0.294591E+01   0.126185E+00   0.303012E+01   0.303012E+01
   0.161969E+01   0.285488E+01   0.126018E+00   0.300270E+01   0.300270E+01
   0.162443E+01   0.284381E+01   0.125864E+00   0.297546E+01   0.297546E+01
   0.162917E+01   0.290207E+01   0.125699E+00   0.294840E+01   0.294840E+01
   0.163392E+01   0.269517E+01   0.125176E+00   0.292151E+01   0.292151E+01
   0.163866E+01   0.280474E+01   0.125068E+00   0.289480E+01   0.289480E+01
   0.164340E+01   0.279108E+01   0.124889E+00   0.286827E+01   0.286827E+01
   0.164815E+01   0.290911E+01   0.124769E+00   0.284191E+01   0.284191E+01
   0.165289E+01   0.278662E+01   0.124381E+00   0.281573E+01   0.281573E+01
   0.165763E+01   0.254712E+01   0.124130E+00   0.278972E+01   0.278972E+01
   0.166237E+01   0.268437E+01   0.123971E+00   0.276387E+01   0.276387E+01
   0.166712E+01   0.276923E+01   0.123878E+00   0.273820E+01   0.273820E+01
   0.167186E+01   0.252000E+01   0.123623E+00   0.271269E+01   0.271269E+01
   0.167660E+01   0.268109E+01   0.123504E+00   0.268735E+01   0.268735E+01
   0.168135E+01   0.254473E+01   0.123225E+00   0.266218E+01   0.266218E+01
   0.168609E+01   0.260947E+01   0.122811E+00   0.263718E+01   0.263718E+01
   0.169083E+01   0.246788E+01   0.122575E+00   0.261235E+01   0.261235E+01
   0.169557E+01   0.245173E+01   0.122466E+00   0.258768E+01   0.258768E+01
   0.170032E+01   0.251631E+01   0.122353E+00   0.256318E+01   0.256318E+01
   0.170506E+01   0.242121E+01   0.122176E+00   0.253883E+01   0.253883E+01
   0.170980E+01   0.247413E+01   0.122016E+00   0.251466E+01   0.251466E+01
   0.171455E+01   0.247506E+01   0.122019E+00   0.249065E+01   0.249065E+01
   0.171929E+01   0.246262E+01   0.121713E+00   0.246680E+01   0.246680E+01
   0.172403E+01   0.233390E+01   0.121491E+00   0.244312E+01   0.244312E+01
   0.172877E+01   0.240713E+01   0.121148E+00   0.241961E+01   0.241961E+01
   0.173352E+01   0.226142E+01   0.120993E+00   0.239625E+01   0.239625E+01
   0.173826E+01   0.233682E+01   0.120910E+00   0.237307E+01   0.237307E+01
   0.174300E+01   0.228438E+01   0.120681E+00   0.235004E+01   0.235004E+01
   0.174775E+01   0.216804E+01   0.120546E+00   0.232718E+01   0.232718E+01
   0.175249E+01   0.231120E+01   0.120225E+00   0.230449E+01   0.230449E+01
   0.175723E+01   0.233337E+01   0.120070E+00   0.228196E+01   0.228196E+01
   0.176197E+01   0.220324E+01   0.119863E+00   0.225960E+01   0.225960E+01
   0.176672E+01   0.217527E+01   0.119666E+00   0.223740E+01   0.223740E+01
   0.177146E+01   0.218715E+01   0.119594E+00   0.221537E+01   0.221537E+01
   0.177620E+01   0.203813E+01   0.119362E+00   0.219350E+01   0.219350E+01
   0.178095E+01   0.198755E+01   0.119198E+00   0.217181E+01   0.217181E+01
   0.178569E+01   0.210931E+01   0.118995E+00   0.215028E+01   0.215028E+01
   0.179043E+01   0.197440E+01   0.118741E+00   0.212891E+01   0.212891E+01
   0.179517E+01   0.208052E+01   0.118613E+00   0.210772E+01   0.210772E+01
   0.179992E+01   0.215392E+01   0.118587E+00   0.208669E+01   0.208669E+01
   0.180466E+01   0.207104E+01   0.118437E+00   0.206584E+01   0.206584E+01
   0.180940E+01   0.213325E+01   0.118221E+00   0.204515E+01   0.204515E+01
   0.181415E+01   0.201556E+01   0.118133E+00   0.202463E+01   0.202463E+01
   0.181889E+01   0.204239E+01   0.117877E+00   0.200429E+01   0.200429E+01
   0.182363E+01   0.213298E+01   0.117639E+00   0.198411E+01   0.198411E+01
   0.182838E+01   0.190983E+01   0.117555E+00   0.196411E+01   0.196411E+01
   0.183312E+01   0.190213E+01   0.117366E+00   0.194428E+01   0.194428E+01
   0.183786E+01   0.183596E+01   0.117189E+00   0.192463E+01   0.192463E+01
   0.184260E+01   0.178761E+01   0.117021E+00   0.190515E+01   0.190515E+01
   0.184735E+01   0.182917E+01   0.116895E+00   0.188584E+01   0.188584E+01
   0.185209E+01   0.182435E+01   0.116806E+00   0.186670E+01   0.186670E+01
   0.185683E+01   0.177012E+01   0.116358E+00   0.184775E+01   0.184775E+01
   0.186157E+01   0.169538E+01   0.116303E+00   0.182896E+01   0.182896E+01
   0.186632E+01   0.181175E+01   0.116257E+00   0.181036E+01   0.181036E+01
   0.187106E+01   0.168529E+01   0.115941E+00   0.179194E+01   0.179194E+01
   0.187580E+01   0.172888E+01   0.115927E+00   0.177368E+01   0.177368E+01
   0.188055E+01   0.165482E+01   0.115707E+00   0.175561E+01   0.175561E+01
   0.188529E+01   0.168343E+01   0.115377E+00   0.173772E+01   0.173772E+01
   0.189003E+01   0.176993E+01   0.115414E+00   0.172001E+01   0.172001E+01
   0.189478E+01   0.173973E+01   0.115210E+00   0.170247E+01   0.170247E+01
   0.189952E+01   0.159162E+01   0.114984E+00   0.168513E+01   0.168513E+01
   0.190426E+01   0.173789E+01   0.115247E+00   0.166795E+01   0.166795E+01
   0.190900E+01   0.172625E+01   0.114853E+00   0.165096E+01   0.165096E+01
   0.191375E+01   0.164447E+01   0.114599E+00   0.163415E+01   0.163415E+01
   0.191849E+01   0.175972E+01   0.114639E+00   0.161753E+01   0.161753E+01
   0.192323E+01   0.159087E+01   0.114321E+00   0.160108E+01   0.160108E+01
   0.192797E+01   0.147124E+01   0.114297E+00   0.158482E+01   0.158482E+01
   0.193272E+01   0.148642E+01   0.113969E+00   0.156874E+01   0.156874E+01
   0.193746E+01   0.164219E+01   0.113588E+00   0.155285E+01   0.155285E+01
   0.194220E+01   0.162279E+01   0.113274E+00   0.153714E+01   0.153714E+01
   0.194695E+01   0.152193E+01   0.112938E+00   0.152161E+01   0.152161E+01
   0.195169E+01   0.141837E+01   0.112832E+00   0.150627E+01   0.150627E+01
   0.195643E+01   0.144588E+01   0.112711E+00   0.149111E+01   0.149111E+01
   0.196117E+01   0.150198E+01   0.112473E+00   0.147613E+01   0.147613E+01
   0.196592E+01   0.132413E+01   0.112348E+00   0.146134E+01   0.146134E+01
   0.197066E+01   0.141433E+01   0.112255E+00   0.144674E+01   0.144674E+01
   0.197540E+01   0.137450E+01   0.112062E+00   0.143232E+01   0.143232E+01
   0.198015E+01   0.153087E+01   0.112264E+00   0.141808E+01   0.141808E+01
   0.198489E+01   0.149094E+01   0.112128E+00   0.140403E+01   0.140403E+01
   0.198963E+01   0.143375E+01   0.112245E+00   0.139016E+01   0.139016E+01
   0.199438E+01   0.142127E+01   0.112258E+00   0.137648E+01   0.137648E+01
   0.199912E+01   0.139693E+01   0.112116E+00   0.136298E+01   0.136298E+01
   0.200386E+01   0.149125E+01   0.111846E+00   0.134966E+01   0.134966E+01
   0.200860E+01   0.143212E+01   0.111883E+00   0.133653E+01   0.133653E+01
   0.201335E+01   0.140460E+01   0.112883E+00   0.132358E+01   0.132358E+01
   0.201809E+01   0.141491E+01   0.116022E+00   0.131081E+01   0.131081E+01
   0.202283E+01   0.136934E+01   0.117868E+00   0.129823E+01   0.129823E+01
   0.202758E+01   0.123461E+01   0.119267E+00   0.128583E+01   0.128583E+01
   0.203232E+01   0.122559E+01   0.120595E+00   0.127360E+01   0.127360E+01
   0.203706E+01   0.128029E+01   0.121415E+00   0.126157E+01   0.126157E+01
   0.204180E+01   0.131661E+01   0.122584E+00   0.124971E+01   0.124971E+01
   0.204655E+01   0.130525E+01   0.123158E+00   0.123803E+01   0.123803E+01
   0.205129E+01   0.117530E+01   0.123427E+00   0.122653E+01   0.122653E+01
   0.205603E+01   0.115130E+01   0.123737E+00   0.121521E+01   0.121521E+01
   0.206078E+01   0.124458E+01   0.123853E+00   0.120407E+01   0.120407E+01
   0.206552E+01   0.108542E+01   0.124032E+00   0.119310E+01   0.119310E+01
   0.207026E+01   0.125805E+01   0.124366E+00   0.118231E+01   0.118231E+01
   0.207500E+01   0.128749E+01   0.124800E+00   0.117170E+01   0.117170E+01
   0.207975E+01   0.134041E+01   0.122297E+00   0.116126E+01   0.116126E+01
   0.208449E+01   0.113707E+01   0.118971E+00   0.115099E+01   0.115099E+01
   0.208923E+01   0.118061E+01   0.117325E+00   0.114090E+01   0.114090E+01
   0.209397E+01   0.112908E+01   0.115882E+00   0.113098E+01   0.113098E+01
   0.209872E+01   0.103672E+01   0.114631E+00   0.112123E+01   0.112123E+01
   0.210346E+01   0.103877E+01   0.113859E+00   0.111165E+01   0.111165E+01
   0.210820E+01   0.121926E+01   0.113248E+00   0.110223E+01   0.110223E+01
   0.211295E+01   0.110562E+01   0.112794E+00   0.109299E+01   0.109299E+01
   0.211769E+01   0.114071E+01   0.112679E+00   0.108391E+01   0.108391E+01
   0.212243E+01   0.117843E+01   0.112237E+00   0.107500E+01   0.107500E+01
   0.212717E+01   0.104793E+01   0.112051E+00   0.106624E+01   0.106624E+01
   0.213192E+01   0.117653E+01   0.112006E+00   0.105765E+01   0.105765E+01
   0.213666E+01   0.115753E+01   0.111599E+00   0.104922E+01   0.104922E+01
   0.214140E+01   0.107517E+01   0.111301E+00   0.104095E+01   0.104095E+01
   0.214615E+01   0.117376E+01   0.111009E+00   0.103284E+01   0.103284E+01
   0.215089E+01   0.101194E+01   0.110954E+00   0.102489E+01   0.102489E+01
   0.215563E+01   0.112025E+01   0.110622E+00   0.101709E+01   0.101709E+01
   0.216038E+01   0.942640E+00   0.110424E+00   0.100944E+01   0.100944E+01
   0.216512E+01   0.977465E+00   0.110268E+00   0.100194E+01   0.100194E+01
   0.216986E+01   0.929692E+00   0.110053E+00   0.994594E+00   0.994594E+00
   0.217460E+01   0.104851E+01   0.109830E+00   0.987395E+00   0.987395E+00
   0.217935E+01   0.108888E+01   0.109716E+00   0.980343E+00   0.980343E+00
   0.218409E+01   0.109816E+01   0.109718E+00   0.973438E+00   0.973438E+00
   0.218883E+01   0.105816E+01   0.109546E+00   0.966674E+00   0.966674E+00
   0.219358E+01   0.961148E+00   0.109269E+00   0.960051E+00   0.960051E+00
   0.219832E+01   0.100873E+01   0.109217E+00   0.953568E+00   0.953568E+00
   0.220306E+01   0.927714E+00   0.108851E+00   0.947222E+00   0.947222E+00
   0.220780E+01   0.908876E+00   0.108908E+00   0.941012E+00   0.941012E+00
   0.221255E+01   0.809741E+00   0.108602E+00   0.934936E+00   0.934936E+00
   0.221729E+01   0.846202E+00   0.108442E+00   0.928993E+00   0.928993E+00
   0.222203E+01   0.917789E+00   0.108399E+00   0.923179E+00   0.923179E+00
   0.222677E+01   0.882874E+00   0.108260E+00   0.917493E+00   0.917493E+00
   0.223152E+01   0.991847E+00   0.108174E+00   0.911933E+00   0.911933E+00
   0.223626E+01   0.953500E+00   0.107984E+00   0.906497E+00   0.906497E+00
   0.224100E+01   0.985951E+00   0.107829E+00   0.901183E+00   0.901183E+00
   0.224575E+01   0.102204E+01   0.107569E+00   0.895989E+00   0.895989E+00
   0.225049E+01   0.937183E+00   0.107518E+00   0.890913E+00   0.890913E+00
   0.225523E+01   0.876560E+00   0.107355E+00   0.885954E+00   0.885954E+00
   0.225997E+01   0.923839E+00   0.107195E+00   0.881108E+00   0.881108E+00
   0.226472E+01   0.904333E+00   0.107061E+00   0.876373E+00   0.876373E+00
   0.226946E+01   0.797473E+00   0.106881E+00   0.871750E+00   0.871750E+00
   0.227420E+01   0.816817E+00   0.106784E+00   0.867230E+00   0.867230E+00
   0.227895E+01   0.901103E+00   0.106750E+00   0.862817E+00   0.862817E+00
   0.228369E+01   0.961557E+00   0.106606E+00   0.858508E+00   0.858508E+00
   0.228843E+01   0.900731E+00   0.106436E+00   0.854301E+00   0.854301E+00
   0.229318E+01   0.900970E+00   0.106319E+00   0.850191E+00   0.850191E+00
   0.229792E+01   0.933928E+00   0.106068E+00   0.846178E+00   0.846178E+00
   0.230266E+01   0.853002E+00   0.105989E+00   0.842260E+00   0.842260E+00
   0.230740E+01   0.892395E+00   0.105866E+00   0.838433E+00   0.838433E+00
   0.231215E+01   0.837247E+00   0.105645E+00   0.834697E+00   0.834697E+00
   0.231689E+01   0.747554E+00   0.105517E+00   0.831049E+00   0.831049E+00
   0.232163E+01   0.987527E+00   0.105552E+00   0.827488E+00   0.827488E+00
   0.232638E+01   0.911087E+00   0.105451E+00   0.824009E+00   0.824009E+00
   0.233112E+01   0.662213E+00   0.105167E+00   0.820611E+00   0.820611E+00
   0.233586E+01   0.811173E+00   0.105132E+00   0.817293E+00   0.817293E+00
   0.234060E+01   0.872546E+00   0.105044E+00   0.814052E+00   0.814052E+00
   0.234535E+01   0.942302E+00   0.104796E+00   0.810885E+00   0.810885E+00
   0.235009E+01   0.819711E+00   0.104890E+00   0.807792E+00   0.807792E+00
   0.235483E+01   0.737424E+00   0.104598E+00   0.804768E+00   0.804768E+00
   0.235957E+01   0.627482E+00   0.104382E+00   0.801814E+00   0.801814E+00
   0.236432E+01   0.717748E+00   0.104392E+00   0.798926E+00   0.798926E+00
   0.236906E+01   0.762142E+00   0.104383E+00   0.796102E+00   0.796102E+00
   0.237380E+01   0.716906E+00   0.104103E+00   0.793339E+00   0.793339E+00
   0.237855E+01   0.900865E+00   0.104126E+00   0.790637E+00   0.790637E+00
   0.238329E+01   0.825628E+00   0.103829E+00   0.787992E+00   0.787992E+00
   0.238803E+01   0.825290E+00   0.103902E+00   0.785403E+00   0.785403E+00
   0.239277E+01   0.724422E+00   0.103638E+00   0.782869E+00   0.782869E+00
   0.239752E+01   0.677286E+00   0.103540E+00   0.780385E+00   0.780385E+00
   0.240226E+01   0.785030E+00   0.103491E+00   0.777951E+00   0.777951E+00
   0.240700E+01   0.686331E+00   0.103375E+00   0.775565E+00   0.775565E+00
   0.241175E+01   0.825037E+00   0.103424E+00   0.773225E+00   0.773225E+00
   0.241649E+01   0.815924E+00   0.103160E+00   0.770928E+00   0.770928E+00
   0.242123E+01   0.781226E+00   0.103116E+00   0.768672E+00   0.768672E+00
   0.242598E+01   0.849552E+00   0.102980E+00   0.766457E+00   0.766457E+00
   0.243072E+01   0.642868E+00   0.102802E+00   0.764280E+00   0.764280E+00
   0.243546E+01   0.767802E+00   0.102795E+00   0.762138E+00   0.762138E+00
   0.244020E+01   0.727720E+00   0.102642E+00   0.760031E+00   0.760031E+00
   0.244495E+01   0.690590E+00   0.102501E+00   0.757956E+00   0.757956E+00
   0.244969E+01   0.776075E+00   0.102364E+00   0.755911E+00   0.755911E+00
   0.245443E+01   0.651893E+00   0.102313E+00   0.753896E+00   0.753896E+00
   0.245918E+01   0.545436E+00   0.102209E+00   0.751907E+00   0.751907E+00
   0.246392E+01   0.852175E+00   0.102268E+00   0.749944E+00   0.749944E+00
   0.246866E+01   0.826111E+00   0.101994E+00   0.748004E+00   0.748004E+00
   0.247340E+01   0.741950E+00   0.101792E+00   0.746085E+00   0.746085E+00
   0.247815E+01   0.697519E+00   0.101832E+00   0.744188E+00   0.744188E+00
   0.248289E+01   0.655074E+00   0.101618E+00   0.742309E+00   0.742309E+00
   0.248763E+01   0.646458E+00   0.101455E+00   0.740446E+00   0.740446E+00
   0.249238E+01   0.641218E+00   0.101413E+00   0.738600E+00   0.738600E+00
   0.249712E+01   0.710111E+00   0.101514E+00   0.736767E+00   0.736767E+00
   0.250186E+01   0.617371E+00   0.101298E+00   0.734948E+00   0.734948E+00
   0.250660E+01   0.557603E+00   0.101123E+00   0.733139E+00   0.733139E+00
   0.251135E+01   0.530185E+00   0.101062E+00   0.731340E+00   0.731340E+00
   0.251609E+01   0.609989E+00   0.100944E+00   0.729549E+00   0.729549E+00
   0.252083E+01   0.675044E+00   0.100603E+00   0.727765E+00   0.727765E+00
   0.252558E+01   0.843589E+00   0.100471E+00   0.725987E+00   0.725987E+00
   0.253032E+01   0.599289E+00   0.100171E+00   0.724213E+00   0.724213E+00
   0.253506E+01   0.753272E+00   0.100225E+00   0.722443E+00   0.722443E+00
   0.253980E+01   0.785126E+00   0.100119E+00   0.720675E+00   0.720675E+00
   0.254455E+01   0.720646E+00   0.999460E-01   0.718907E+00   0.718907E+00
   0.254929E+01   0.544776E+00   0.997570E-01   0.717138E+00   0.717138E+00
   0.255403E+01   0.785810E+00   0.997802E-01   0.715369E+00   0.715369E+00
   0.255878E+01   0.706235E+00   0.997362E-01   0.713596E+00   0.713596E+00
   0.256352E+01   0.609469E+00   0.996008E-01   0.711821E+00   0.711821E+00
   0.256826E+01   0.632156E+00   0.995597E-01   0.710041E+00   0.710041E+00
   0.257300E+01   0.655695E+00   0.995444E-01   0.708255E+00   0.708255E+00
   0.257775E+01   0.591893E+00   0.994994E-01   0.706463E+00   0.706463E+00
   0.258249E+01   0.563395E+00   0.995710E-01   0.704664E+00   0.704664E+00
   0.258723E+01   0.622965E+00   0.994125E-01   0.702856E+00   0.702856E+00
   0.259198E+01   0.584708E+00   0.993893E-01   0.701040E+00   0.701040E+00
   0.259672E+01   0.597549E+00   0.993131E-01   0.699214E+00   0.699214E+00
   0.260146E+01   0.632382E+00   0.992549E-01   0.697377E+00   0.697377E+00
   0.260620E+01   0.612083E+00   0.991448E-01   0.695530E+00   0.695530E+00
   0.261095E+01   0.569150E+00   0.989269E-01   0.693670E+00   0.693670E+00
   0.261569E+01   0.750881E+00   0.989825E-01   0.691799E+00   0.691799E+00
   0.262043E+01   0.693402E+00   0.989416E-01   0.689915E+00   0.689915E+00
   0.262518E+01   0.715002E+00   0.985637E-01   0.688017E+00   0.688017E+00
   0.262992E+01   0.681584E+00   0.986881E-01   0.686105E+00   0.686105E+00
   0.263466E+01   0.812983E+00   0.986572E-01   0.684178E+00   0.684178E+00
   0.263940E+01   0.654030E+00   0.985026E-01   0.682237E+00   0.682237E+00
   0.264415E+01   0.687983E+00   0.983002E-01   0.680281E+00   0.680281E+00
   0.264889E+01   0.694010E+00   0.981796E-01   0.678309E+00   0.678309E+00
   0.265363E+01   0.666693E+00   0.982930E-01   0.676320E+00   0.676320E+00
   0.265838E+01   0.543135E+00   0.979623E-01   0.674316E+00   0.674316E+00
   0.266312E+01   0.456692E+00   0.979106E-01   0.672295E+00   0.672295E+00
   0.266786E+01   0.673408E+00   0.979788E-01   0.670257E+00   0.670257E+00
   0.267260E+01   0.692281E+00   0.979175E-01   0.668202E+00   0.668202E+00
   0.267735E+01   0.593285E+00   0.977441E-01   0.666131E+00   0.666131E+00
   0.268209E+01   0.673487E+00   0.977232E-01   0.664041E+00   0.664041E+00
   0.268683E+01   0.686769E+00   0.976896E-01   0.661935E+00   0.661935E+00
   0.269158E+01   0.552473E+00   0.976310E-01   0.659811E+00   0.659811E+00
   0.269632E+01   0.570595E+00   0.974501E-01   0.657670E+00   0.657670E+00
   0.270106E+01   0.429986E+00   0.972375E-01   0.655511E+00   0.655511E+00
   0.270580E+01   0.446299E+00   0.972299E-01   0.653334E+00   0.653334E+00
   0.271055E+01   0.623279E+00   0.970927E-01   0.651141E+00   0.651141E+00
   0.271529E+01   0.607371E+00   0.972248E-01   0.648931E+00   0.648931E+00
   0.272003E+01   0.556385E+00   0.968610E-01   0.646702E+00   0.646702E+00
   0.272478E+01   0.691707E+00   0.969336E-01   0.644458E+00   0.644458E+00
   0.272952E+01   0.489902E+00   0.968291E-01   0.642196E+00   0.642196E+00
   0.273426E+01   0.628592E+00   0.967660E-01   0.639918E+00   0.639918E+00
   0.273901E+01   0.546108E+00   0.967455E-01   0.637623E+00   0.637623E+00
   0.274375E+01   0.526228E+00   0.965829E-01   0.635312E+00   0.635312E+00
   0.274849E+01   0.562000E+00   0.964363E-01   0.632986E+00   0.632986E+00
   0.275323E+01   0.658035E+00   0.963323E-01   0.630643E+00   0.630643E+00
   0.275798E+01   0.684029E+00   0.964016E-01   0.628286E+00   0.628286E+00
   0.276272E+01   0.621595E+00   0.961497E-01   0.625914E+00   0.625914E+00
   0.276746E+01   0.514516E+00   0.961247E-01   0.623527E+00   0.623527E+00
   0.277221E+01   0.576574E+00   0.960158E-01   0.621126E+00   0.621126E+00
   0.277695E+01   0.503722E+00   0.959700E-01   0.618711E+00   0.618711E+00
   0.278169E+01   0.644451E+00   0.959332E-01   0.616284E+00   0.616284E+00
   0.278643E+01   0.745924E+00   0.958959E-01   0.613843E+00   0.613843E+00
   0.279118E+01   0.578706E+00   0.956962E-01   0.611390E+00   0.611390E+00
   0.279592E+01   0.560648E+00   0.956820E-01   0.608926E+00   0.608926E+00
   0.280066E+01   0.576508E+00   0.956287E-01   0.606450E+00   0.606450E+00
   0.280540E+01   0.506537E+00   0.954547E-01   0.603963E+00   0.603963E+00
   0.281015E+01   0.517277E+00   0.954024E-01   0.601466E+00   0.601466E+00
   0.281489E+01   0.696962E+00   0.956905E-01   0.598960E+00   0.598960E+00
   0.281963E+01   0.507183E+00   0.973990E-01   0.596444E+00   0.596444E+00
   0.282438E+01   0.547033E+00   0.993451E-01   0.593920E+00   0.593920E+00
   0.282912E+01   0.564941E+00   0.100550E+00   0.591388E+00   0.591388E+00
   0.283386E+01   0.776409E+00   0.101643E+00   0.588850E+00   0.588850E+00
   0.283860E+01   0.817744E+00   0.102492E+00   0.586302E+00   0.586302E+00
   0.284335E+01   0.626769E+00   0.102681E+00   0.583751E+00   0.583751E+00
   0.284809E+01   0.689690E+00   0.103025E+00   0.581193E+00   0.581193E+00
   0.285283E+01   0.594273E+00   0.103278E+00   0.578632E+00   0.578632E+00
   0.285758E+01   0.721661E+00   0.103644E+00   0.576066E+00   0.576066E+00
   0.286232E+01   0.670433E+00   0.103902E+00   0.573497E+00   0.573497E+00
   0.286706E+01   0.610750E+00   0.104210E+00   0.570925E+00   0.570925E+00
   0.287181E+01   0.626499E+00   0.104387E+00   0.568351E+00   0.568351E+00
   0.287655E+01   0.487688E+00   0.104453E+00   0.565776E+00   0.565776E+00
   0.288129E+01   0.491746E+00   0.104229E+00   0.563200E+00   0.563200E+00
   0.288603E+01   0.578923E+00   0.101586E+00   0.560625E+00   0.560625E+00
   0.289078E+01   0.642568E+00   0.100079E+00   0.558050E+00   0.558050E+00
   0.289552E+01   0.632191E+00   0.990133E-01   0.555477E+00   0.555477E+00
   0.290026E+01   0.643391E+00   0.979698E-01   0.552906E+00   0.552906E+00
   0.290501E+01   0.551149E+00   0.973928E-01   0.550338E+00   0.550338E+00
   0.290975E+01   0.582496E+00   0.969976E-01   0.547774E+00   0.547774E+00
   0.291449E+01   0.519168E+00   0.968587E-01   0.545214E+00   0.545214E+00
   0.291923E+01   0.569327E+00   0.967436E-01   0.542660E+00   0.542660E+00
   0.292398E+01   0.640944E+00   0.965600E-01   0.540111E+00   0.540111E+00
   0.292872E+01   0.559642E+00   0.961979E-01   0.537569E+00   0.537569E+00
   0.293346E+01   0.465002E+00   0.960231E-01   0.535034E+00   0.535034E+00
   0.293820E+01   0.548912E+00   0.960012E-01   0.532507E+00   0.532507E+00
   0.294295E+01   0.617651E+00   0.958483E-01   0.529989E+00   0.529989E+00
   0.294769E+01   0.592854E+00   0.956682E-01   0.527481E+00   0.527481E+00
   0.295243E+01   0.504444E+00   0.955467E-01   0.524981E+00   0.524981E+00
   0.295718E+01   0.623288E+00   0.954570E-01   0.522494E+00   0.522494E+00
   0.296192E+01   0.559978E+00   0.952906E-01   0.520017E+00   0.520017E+00
   0.296666E+01   0.774543E+00   0.951064E-01   0.517553E+00   0.517553E+00
   0.297140E+01   0.618369E+00   0.949652E-01   0.515101E+00   0.515101E+00
   0.297615E+01   0.472767E+00   0.948199E-01   0.512663E+00   0.512663E+00
   0.298089E+01   0.554780E+00   0.948302E-01   0.510239E+00   0.510239E+00
   0.298563E+01   0.490213E+00   0.946907E-01   0.507829E+00   0.507829E+00
   0.299038E+01   0.595733E+00   0.945201E-01   0.505436E+00   0.505436E+00
   0.299512E+01   0.575691E+00   0.944412E-01   0.503057E+00   0.503057E+00
   0.299986E+01   0.712287E+00   0.942663E-01   0.500696E+00   0.500696E+00

           ####      Real Space Data                               ####

           Distance distribution  function of particle  


      R          P(R)      ERROR

  0.0000E+00  0.0000E+00  0.0000E+00
  0.3254E-01  0.1232E-01  0.3016E-03
  0.6508E-01  0.2516E-01  0.5683E-03
  0.9762E-01  0.3851E-01  0.8003E-03
  0.1302E+00  0.5237E-01  0.9982E-03
  0.1627E+00  0.6673E-01  0.1163E-02
  0.1952E+00  0.8158E-01  0.1295E-02
  0.2278E+00  0.9691E-01  0.1395E-02
  0.2603E+00  0.1127E+00  0.1466E-02
  0.2929E+00  0.1290E+00  0.1508E-02
  0.3254E+00  0.1457E+00  0.1522E-02
  0.3579E+00  0.1628E+00  0.1512E-02
  0.3905E+00  0.1804E+00  0.1478E-02
  0.4230E+00  0.1983E+00  0.1424E-02
  0.4556E+00  0.2166E+00  0.1351E-02
  0.4881E+00  0.2352E+00  0.1262E-02
  0.5206E+00  0.2542E+00  0.1162E-02
  0.5532E+00  0.2734E+00  0.1054E-02
  0.5857E+00  0.2929E+00  0.9439E-03
  0.6183E+00  0.3127E+00  0.8391E-03
  0.6508E+00  0.3326E+00  0.7497E-03
  0.6833E+00  0.3528E+00  0.6890E-03
  0.7159E+00  0.3730E+00  0.6698E-03
  0.7484E+00  0.3934E+00  0.6984E-03
  0.7810E+00  0.4139E+00  0.7700E-03
  0.8135E+00  0.4345E+00  0.8732E-03
  0.8460E+00  0.4550E+00  0.9958E-03
  0.8786E+00  0.4755E+00  0.1128E-02
  0.9111E+00  0.4960E+00  0.1265E-02
  0.9437E+00  0.5164E+00  0.1399E-02
  0.9762E+00  0.5367E+00  0.1529E-02
  0.1009E+01  0.5568E+00  0.1652E-02
  0.1041E+01  0.5767E+00  0.1765E-02
  0.1074E+01  0.5963E+00  0.1867E-02
  0.1106E+01  0.6158E+00  0.1957E-02
  0.1139E+01  0.6349E+00  0.2034E-02
  0.1171E+01  0.6537E+00  0.2097E-02
  0.1204E+01  0.6721E+00  0.2147E-02
  0.1237E+01  0.6901E+00  0.2182E-02
  0.1269E+01  0.7077E+00  0.2204E-02
  0.1302E+01  0.7248E+00  0.2212E-02
  0.1334E+01  0.7415E+00  0.2208E-02
  0.1367E+01  0.7576E+00  0.2191E-02
  0.1399E+01  0.7732E+00  0.2164E-02
  0.1432E+01  0.7882E+00  0.2127E-02
  0.1464E+01  0.8026E+00  0.2083E-02
  0.1497E+01  0.8164E+00  0.2033E-02
  0.1529E+01  0.8296E+00  0.1979E-02
  0.1562E+01  0.8421E+00  0.1924E-02
  0.1594E+01  0.8539E+00  0.1870E-02
  0.1627E+01  0.8650E+00  0.1821E-02
  0.1660E+01  0.8754E+00  0.1780E-02
  0.1692E+01  0.8851E+00  0.1748E-02
  0.1725E+01  0.8941E+00  0.1729E-02
  0.1757E+01  0.9023E+00  0.1723E-02
  0.1790E+01  0.9098E+00  0.1733E-02
  0.1822E+01  0.9165E+00  0.1757E-02
  0.1855E+01  0.9225E+00  0.1795E-02
  0.1887E+01  0.9277E+00  0.1846E-02
  0.1920E+01  0.9322E+00  0.1906E-02
  0.1952E+01  0.9359E+00  0.1974E-02
  0.1985E+01  0.9389E+00  0.2047E-02
  0.2017E+01  0.9411E+00  0.2122E-02
  0.2050E+01  0.9426E+00  0.2197E-02
  0.2083E+01  0.9434E+00  0.2271E-02
  0.2115E+01  0.9435E+00  0.2341E-02
  0.2148E+01  0.9429E+00  0.2406E-02
  0.2180E+01  0.9416E+00  0.2464E-02
  0.2213E+01  0.9396E+00  0.2514E-02
  0.2245E+01  0.9370E+00  0.2557E-02
  0.2278E+01  0.9338E+00  0.2591E-02
  0.2310E+01  0.9300E+00  0.2616E-02
  0.2343E+01  0.9256E+00  0.2632E-02
  0.2375E+01  0.9206E+00  0.2639E-02
  0.2408E+01  0.9152E+00  0.2638E-02
  0.2440E+01  0.9092E+00  0.2629E-02
  0.2473E+01  0.9027E+00  0.2613E-02
  0.2506E+01  0.8958E+00  0.2591E-02
  0.2538E+01  0.8884E+00  0.2565E-02
  0.2571E+01  0.8807E+00  0.2536E-02
  0.2603E+01  0.8726E+00  0.2505E-02
  0.2636E+01  0.8641E+00  0.2474E-02
  0.2668E+01  0.8553E+00  0.2445E-02
  0.2701E+01  0.8463E+00  0.2419E-02
  0.2733E+01  0.8369E+00  0.2398E-02
  0.2766E+01  0.8274E+00  0.2384E-02
  0.2798E+01  0.8176E+00  0.2377E-02
  0.2831E+01  0.8077E+00  0.2379E-02
  0.2863E+01  0.7976E+00  0.2390E-02
  0.2896E+01  0.7873E+00  0.2410E-02
  0.2929E+01  0.7770E+00  0.2439E-02
  0.2961E+01  0.7666E+00  0.2477E-02
  0.2994E+01  0.7561E+00  0.2522E-02
  0.3026E+01  0.7456E+00  0.2572E-02
  0.3059E+01  0.7351E+00  0.2628E-02
  0.3091E+01  0.7245E+00  0.2687E-02
  0.3124E+01  0.7140E+00  0.2747E-02
  0.3156E+01  0.7036E+00  0.2808E-02
  0.3189E+01  0.6931E+00  0.2868E-02
  0.3221E+01  0.6828E+00  0.2926E-02
  0.3254E+01  0.6725E+00  0.2981E-02
  0.3287E+01  0.6623E+00  0.3031E-02
  0.3319E+01  0.6522E+00  0.3077E-02
  0.3352E+01  0.6423E+00  0.3117E-02
  0.3384E+01  0.6324E+00  0.3152E-02
  0.3417E+01  0.6227E+00  0.3180E-02
  0.3449E+01  0.6131E+00  0.3202E-02
  0.3482E+01  0.6037E+00  0.3218E-02
  0.3514E+01  0.5944E+00  0.3229E-02
  0.3547E+01  0.5852E+00  0.3233E-02
  0.3579E+01  0.5762E+00  0.3233E-02
  0.3612E+01  0.5674E+00  0.3228E-02
  0.3644E+01  0.5586E+00  0.3219E-02
  0.3677E+01  0.5501E+00  0.3207E-02
  0.3710E+01  0.5417E+00  0.3192E-02
  0.3742E+01  0.5334E+00  0.3176E-02
  0.3775E+01  0.5253E+00  0.3159E-02
  0.3807E+01  0.5173E+00  0.3142E-02
  0.3840E+01  0.5095E+00  0.3125E-02
  0.3872E+01  0.5018E+00  0.3110E-02
  0.3905E+01  0.4942E+00  0.3097E-02
  0.3937E+01  0.4868E+00  0.3087E-02
  0.3970E+01  0.4794E+00  0.3080E-02
  0.4002E+01  0.4722E+00  0.3075E-02
  0.4035E+01  0.4652E+00  0.3074E-02
  0.4067E+01  0.4582E+00  0.3076E-02
  0.4100E+01  0.4513E+00  0.3081E-02
  0.4133E+01  0.4446E+00  0.3089E-02
  0.4165E+01  0.4379E+00  0.3099E-02
  0.4198E+01  0.4314E+00  0.3111E-02
  0.4230E+01  0.4249E+00  0.3125E-02
  0.4263E+01  0.4185E+00  0.3139E-02
  0.4295E+01  0.4122E+00  0.3154E-02
  0.4328E+01  0.4060E+00  0.3170E-02
  0.4360E+01  0.3999E+00  0.3184E-02
  0.4393E+01  0.3939E+00  0.3198E-02
  0.4425E+01  0.3879E+00  0.3212E-02
  0.4458E+01  0.3821E+00  0.3224E-02
  0.4490E+01  0.3763E+00  0.3234E-02
  0.4523E+01  0.3705E+00  0.3244E-02
  0.4556E+01  0.3649E+00  0.3252E-02
  0.4588E+01  0.3593E+00  0.3260E-02
  0.4621E+01  0.3538E+00  0.3267E-02
  0.4653E+01  0.3484E+00  0.3274E-02
  0.4686E+01  0.3430E+00  0.3281E-02
  0.4718E+01  0.3377E+00  0.3288E-02
  0.4751E+01  0.3324E+00  0.3297E-02
  0.4783E+01  0.3273E+00  0.3309E-02
  0.4816E+01  0.3221E+00  0.3322E-02
  0.4848E+01  0.3171E+00  0.3340E-02
  0.4881E+01  0.3121E+00  0.3361E-02
  0.4913E+01  0.3071E+00  0.3386E-02
  0.4946E+01  0.3021E+00  0.3416E-02
  0.4979E+01  0.2973E+00  0.3452E-02
  0.5011E+01  0.2924E+00  0.3493E-02
  0.5044E+01  0.2875E+00  0.3540E-02
  0.5076E+01  0.2827E+00  0.3592E-02
  0.5109E+01  0.2778E+00  0.3650E-02
  0.5141E+01  0.2730E+00  0.3712E-02
  0.5174E+01  0.2681E+00  0.3779E-02
  0.5206E+01  0.2632E+00  0.3850E-02
  0.5239E+01  0.2582E+00  0.3924E-02
  0.5271E+01  0.2532E+00  0.4000E-02
  0.5304E+01  0.2480E+00  0.4077E-02
  0.5337E+01  0.2428E+00  0.4153E-02
  0.5369E+01  0.2374E+00  0.4227E-02
  0.5402E+01  0.2319E+00  0.4297E-02
  0.5434E+01  0.2263E+00  0.4362E-02
  0.5467E+01  0.2204E+00  0.4421E-02
  0.5499E+01  0.2143E+00  0.4470E-02
  0.5532E+01  0.2080E+00  0.4509E-02
  0.5564E+01  0.2014E+00  0.4534E-02
  0.5597E+01  0.1944E+00  0.4544E-02
  0.5629E+01  0.1872E+00  0.4537E-02
  0.5662E+01  0.1796E+00  0.4510E-02
  0.5694E+01  0.1716E+00  0.4461E-02
  0.5727E+01  0.1632E+00  0.4388E-02
  0.5760E+01  0.1543E+00  0.4287E-02
  0.5792E+01  0.1450E+00  0.4156E-02
  0.5825E+01  0.1351E+00  0.3993E-02
  0.5857E+01  0.1246E+00  0.3795E-02
  0.5890E+01  0.1136E+00  0.3559E-02
  0.5922E+01  0.1019E+00  0.3283E-02
  0.5955E+01  0.8963E-01  0.2963E-02
  0.5987E+01  0.7662E-01  0.2598E-02
  0.6020E+01  0.6288E-01  0.2185E-02
  0.6052E+01  0.4838E-01  0.1721E-02
  0.6085E+01  0.3309E-01  0.1204E-02
  0.6117E+01  0.1697E-01  0.6310E-03
  0.6150E+01  0.0000E+00  0.0000E+00
