
           ####      G N O M             Version 5.0 (r13469)      ####
                                               Wed Dec 15 15:11:00 2021

           ####      Configuration                                 ####

    System Type:                   arbitrary monodisperse (job = 0)
    Minimum characteristic size:         0.0000
    Maximum characteristic size:         7.6800
    rad56:                               0.0000
    Force 0.0 at r = rmin:                  yes
    Force 0.0 at r = rmax:                  yes
    Initial alpha:                       0.0000
    Initial random seed:    1437572537522598496
    Points in real space:                   190

    Input  1:                      temp-inp.dat
    First data point used:                    1
    Last data point used:                   570
    Scaling coefficient:             0.1000E+01
    Experimental setup:            point collimation



           ####      Results                                       ####

    Parameter    DISCRP  OSCILL  STABIL  SYSDEV  POSITV  VALCEN  SMOOTH
    Weight        1.000   3.000   3.000   3.000   1.000   1.000   1.000
    Sigma         0.300   0.600   0.120   0.120   0.120   0.120   0.600
    Ideal         0.700   1.100   0.000   1.000   1.000   0.950   0.000
    Current       0.482   1.367   0.006   0.865   1.000   0.855   1.901
               --------------------------------------------------------
    Estimate      0.590   0.821   0.998   0.280   1.000   0.534   0.000

    Angular range:                       0.3012 to       2.9999
    Reciprocal space Rg:             0.2339E+01
    Reciprocal space I(0):           0.5558E+02

    Real space range:                    0.0000 to       7.6800
    Real space Rg:                   0.2350E+01 +-   0.6521E-02
    Real space I(0):                 0.5559E+02 +-   0.1089E+00

    Highest ALPHA (theor):           0.7027E+02
    Current ALPHA:                   0.3643E+01

    Total Estimate:                      0.6478 (a REASONABLE solution)



           ####      Experimental Data and Fit                     ####

      S          J EXP       ERROR       J REG       I REG

   0.000000E+00                                                0.555896E+02
   0.107561E-01                                                0.555777E+02
   0.215123E-01                                                0.555422E+02
   0.322684E-01                                                0.554831E+02
   0.430246E-01                                                0.554005E+02
   0.537807E-01                                                0.552944E+02
   0.645368E-01                                                0.551652E+02
   0.752930E-01                                                0.550128E+02
   0.860491E-01                                                0.548377E+02
   0.968053E-01                                                0.546400E+02
   0.107561E+00                                                0.544201E+02
   0.118318E+00                                                0.541782E+02
   0.129074E+00                                                0.539148E+02
   0.139830E+00                                                0.536302E+02
   0.150586E+00                                                0.533248E+02
   0.161342E+00                                                0.529991E+02
   0.172098E+00                                                0.526535E+02
   0.182854E+00                                                0.522886E+02
   0.193611E+00                                                0.519049E+02
   0.204367E+00                                                0.515029E+02
   0.215123E+00                                                0.510833E+02
   0.225879E+00                                                0.506465E+02
   0.236635E+00                                                0.501932E+02
   0.247391E+00                                                0.497240E+02
   0.258147E+00                                                0.492397E+02
   0.268903E+00                                                0.487408E+02
   0.279660E+00                                                0.482280E+02
   0.290416E+00                                                0.477020E+02
   0.301172E+00   0.474211E+02   0.219935E+00   0.471635E+02   0.471635E+02
   0.305915E+00   0.470585E+02   0.217669E+00   0.469222E+02   0.469222E+02
   0.310658E+00   0.467234E+02   0.215316E+00   0.466787E+02   0.466787E+02
   0.315400E+00   0.463822E+02   0.213265E+00   0.464331E+02   0.464331E+02
   0.320143E+00   0.457895E+02   0.211438E+00   0.461854E+02   0.461854E+02
   0.324886E+00   0.462131E+02   0.209719E+00   0.459356E+02   0.459356E+02
   0.329629E+00   0.457551E+02   0.207634E+00   0.456838E+02   0.456838E+02
   0.334372E+00   0.453047E+02   0.205724E+00   0.454301E+02   0.454301E+02
   0.339115E+00   0.453783E+02   0.206542E+00   0.451745E+02   0.451745E+02
   0.343858E+00   0.451376E+02   0.208970E+00   0.449171E+02   0.449171E+02
   0.348601E+00   0.448638E+02   0.213647E+00   0.446580E+02   0.446580E+02
   0.353343E+00   0.446453E+02   0.217257E+00   0.443972E+02   0.443972E+02
   0.358086E+00   0.442192E+02   0.218958E+00   0.441348E+02   0.441348E+02
   0.362829E+00   0.437428E+02   0.220835E+00   0.438709E+02   0.438709E+02
   0.367572E+00   0.432222E+02   0.221619E+00   0.436054E+02   0.436054E+02
   0.372315E+00   0.433346E+02   0.223656E+00   0.433386E+02   0.433386E+02
   0.377058E+00   0.429849E+02   0.224493E+00   0.430704E+02   0.430704E+02
   0.381801E+00   0.426047E+02   0.225226E+00   0.428008E+02   0.428008E+02
   0.386543E+00   0.426611E+02   0.225816E+00   0.425300E+02   0.425300E+02
   0.391286E+00   0.422565E+02   0.226512E+00   0.422581E+02   0.422581E+02
   0.396029E+00   0.420910E+02   0.227500E+00   0.419850E+02   0.419850E+02
   0.400772E+00   0.418898E+02   0.228295E+00   0.417109E+02   0.417109E+02
   0.405515E+00   0.415299E+02   0.235926E+00   0.414358E+02   0.414358E+02
   0.410258E+00   0.414493E+02   0.241099E+00   0.411597E+02   0.411597E+02
   0.415001E+00   0.409572E+02   0.246263E+00   0.408828E+02   0.408828E+02
   0.419744E+00   0.405194E+02   0.249250E+00   0.406050E+02   0.406050E+02
   0.424486E+00   0.404627E+02   0.253046E+00   0.403265E+02   0.403265E+02
   0.429229E+00   0.400149E+02   0.255856E+00   0.400473E+02   0.400473E+02
   0.433972E+00   0.397506E+02   0.259768E+00   0.397674E+02   0.397674E+02
   0.438715E+00   0.393430E+02   0.263312E+00   0.394870E+02   0.394870E+02
   0.443458E+00   0.391456E+02   0.267011E+00   0.392061E+02   0.392061E+02
   0.448201E+00   0.389256E+02   0.270388E+00   0.389247E+02   0.389247E+02
   0.452944E+00   0.387266E+02   0.274812E+00   0.386429E+02   0.386429E+02
   0.457686E+00   0.384903E+02   0.277518E+00   0.383607E+02   0.383607E+02
   0.462429E+00   0.380709E+02   0.279235E+00   0.380783E+02   0.380783E+02
   0.467172E+00   0.378054E+02   0.277263E+00   0.377956E+02   0.377956E+02
   0.471915E+00   0.380995E+02   0.267237E+00   0.375127E+02   0.375127E+02
   0.476658E+00   0.372050E+02   0.260524E+00   0.372297E+02   0.372297E+02
   0.481401E+00   0.368769E+02   0.256373E+00   0.369467E+02   0.369467E+02
   0.486144E+00   0.364154E+02   0.253791E+00   0.366636E+02   0.366636E+02
   0.490887E+00   0.364202E+02   0.251426E+00   0.363805E+02   0.363805E+02
   0.495629E+00   0.362295E+02   0.249557E+00   0.360976E+02   0.360976E+02
   0.500372E+00   0.353876E+02   0.246518E+00   0.358147E+02   0.358147E+02
   0.505115E+00   0.352484E+02   0.245122E+00   0.355321E+02   0.355321E+02
   0.509858E+00   0.354922E+02   0.243431E+00   0.352497E+02   0.352497E+02
   0.514601E+00   0.352646E+02   0.242010E+00   0.349676E+02   0.349676E+02
   0.519344E+00   0.349303E+02   0.240465E+00   0.346858E+02   0.346858E+02
   0.524087E+00   0.345510E+02   0.238738E+00   0.344045E+02   0.344045E+02
   0.528829E+00   0.340339E+02   0.236813E+00   0.341235E+02   0.341235E+02
   0.533572E+00   0.339054E+02   0.235941E+00   0.338430E+02   0.338430E+02
   0.538315E+00   0.334458E+02   0.233387E+00   0.335631E+02   0.335631E+02
   0.543058E+00   0.332459E+02   0.231469E+00   0.332837E+02   0.332837E+02
   0.547801E+00   0.327411E+02   0.228889E+00   0.330050E+02   0.330050E+02
   0.552544E+00   0.322896E+02   0.226880E+00   0.327269E+02   0.327269E+02
   0.557287E+00   0.322823E+02   0.225689E+00   0.324495E+02   0.324495E+02
   0.562029E+00   0.319806E+02   0.223857E+00   0.321729E+02   0.321729E+02
   0.566772E+00   0.314507E+02   0.221528E+00   0.318971E+02   0.318971E+02
   0.571515E+00   0.317945E+02   0.220374E+00   0.316220E+02   0.316220E+02
   0.576258E+00   0.311211E+02   0.218339E+00   0.313479E+02   0.313479E+02
   0.581001E+00   0.312461E+02   0.217687E+00   0.310747E+02   0.310747E+02
   0.585744E+00   0.305703E+02   0.215802E+00   0.308024E+02   0.308024E+02
   0.590487E+00   0.304166E+02   0.215183E+00   0.305311E+02   0.305311E+02
   0.595230E+00   0.299112E+02   0.214166E+00   0.302608E+02   0.302608E+02
   0.599972E+00   0.304182E+02   0.213940E+00   0.299915E+02   0.299915E+02
   0.604715E+00   0.298095E+02   0.212983E+00   0.297234E+02   0.297234E+02
   0.609458E+00   0.292340E+02   0.211355E+00   0.294564E+02   0.294564E+02
   0.614201E+00   0.289359E+02   0.210707E+00   0.291905E+02   0.291905E+02
   0.618944E+00   0.288902E+02   0.210005E+00   0.289258E+02   0.289258E+02
   0.623687E+00   0.287401E+02   0.209141E+00   0.286624E+02   0.286624E+02
   0.628430E+00   0.283203E+02   0.208106E+00   0.284002E+02   0.284002E+02
   0.633173E+00   0.281097E+02   0.207716E+00   0.281393E+02   0.281393E+02
   0.637915E+00   0.279262E+02   0.206614E+00   0.278797E+02   0.278797E+02
   0.642658E+00   0.273160E+02   0.205620E+00   0.276214E+02   0.276214E+02
   0.647401E+00   0.270464E+02   0.204809E+00   0.273645E+02   0.273645E+02
   0.652144E+00   0.270217E+02   0.204633E+00   0.271090E+02   0.271090E+02
   0.656887E+00   0.265989E+02   0.203588E+00   0.268549E+02   0.268549E+02
   0.661630E+00   0.266424E+02   0.203024E+00   0.266022E+02   0.266022E+02
   0.666373E+00   0.263111E+02   0.201774E+00   0.263510E+02   0.263510E+02
   0.671115E+00   0.261887E+02   0.201130E+00   0.261013E+02   0.261013E+02
   0.675858E+00   0.259367E+02   0.200592E+00   0.258531E+02   0.258531E+02
   0.680601E+00   0.255179E+02   0.199724E+00   0.256064E+02   0.256064E+02
   0.685344E+00   0.251481E+02   0.198883E+00   0.253613E+02   0.253613E+02
   0.690087E+00   0.248571E+02   0.197635E+00   0.251178E+02   0.251178E+02
   0.694830E+00   0.251709E+02   0.197420E+00   0.248758E+02   0.248758E+02
   0.699573E+00   0.246469E+02   0.196524E+00   0.246354E+02   0.246354E+02
   0.704315E+00   0.243700E+02   0.196047E+00   0.243967E+02   0.243967E+02
   0.709058E+00   0.241993E+02   0.195100E+00   0.241596E+02   0.241596E+02
   0.713801E+00   0.238379E+02   0.194272E+00   0.239242E+02   0.239242E+02
   0.718544E+00   0.237562E+02   0.193830E+00   0.236904E+02   0.236904E+02
   0.723287E+00   0.235959E+02   0.193023E+00   0.234583E+02   0.234583E+02
   0.728030E+00   0.232737E+02   0.192248E+00   0.232279E+02   0.232279E+02
   0.732773E+00   0.231182E+02   0.191557E+00   0.229992E+02   0.229992E+02
   0.737515E+00   0.231185E+02   0.190983E+00   0.227722E+02   0.227722E+02
   0.742258E+00   0.226896E+02   0.190549E+00   0.225469E+02   0.225469E+02
   0.747001E+00   0.221594E+02   0.189251E+00   0.223234E+02   0.223234E+02
   0.751744E+00   0.221420E+02   0.188813E+00   0.221016E+02   0.221016E+02
   0.756487E+00   0.217552E+02   0.187631E+00   0.218816E+02   0.218816E+02
   0.761230E+00   0.216292E+02   0.187390E+00   0.216633E+02   0.216633E+02
   0.765973E+00   0.213878E+02   0.186781E+00   0.214468E+02   0.214468E+02
   0.770716E+00   0.211515E+02   0.186186E+00   0.212321E+02   0.212321E+02
   0.775459E+00   0.210140E+02   0.185843E+00   0.210191E+02   0.210191E+02
   0.780201E+00   0.208652E+02   0.185286E+00   0.208080E+02   0.208080E+02
   0.784944E+00   0.207098E+02   0.184412E+00   0.205986E+02   0.205986E+02
   0.789687E+00   0.203716E+02   0.183778E+00   0.203910E+02   0.203910E+02
   0.794430E+00   0.203473E+02   0.183293E+00   0.201852E+02   0.201852E+02
   0.799173E+00   0.199637E+02   0.182247E+00   0.199812E+02   0.199812E+02
   0.803916E+00   0.198693E+02   0.181878E+00   0.197790E+02   0.197790E+02
   0.808658E+00   0.194703E+02   0.180833E+00   0.195786E+02   0.195786E+02
   0.813401E+00   0.198167E+02   0.180748E+00   0.193799E+02   0.193799E+02
   0.818144E+00   0.195755E+02   0.180181E+00   0.191831E+02   0.191831E+02
   0.822887E+00   0.191786E+02   0.179716E+00   0.189881E+02   0.189881E+02
   0.827630E+00   0.188180E+02   0.179095E+00   0.187948E+02   0.187948E+02
   0.832373E+00   0.186248E+02   0.177991E+00   0.186033E+02   0.186033E+02
   0.837116E+00   0.184919E+02   0.177804E+00   0.184137E+02   0.184137E+02
   0.841859E+00   0.182696E+02   0.177471E+00   0.182258E+02   0.182258E+02
   0.846601E+00   0.180179E+02   0.177101E+00   0.180396E+02   0.180396E+02
   0.851344E+00   0.178281E+02   0.175693E+00   0.178553E+02   0.178553E+02
   0.856087E+00   0.177697E+02   0.175632E+00   0.176727E+02   0.176727E+02
   0.860830E+00   0.174115E+02   0.174540E+00   0.174919E+02   0.174919E+02
   0.865573E+00   0.174699E+02   0.174312E+00   0.173128E+02   0.173128E+02
   0.870316E+00   0.172225E+02   0.173768E+00   0.171355E+02   0.171355E+02
   0.875059E+00   0.171101E+02   0.173574E+00   0.169600E+02   0.169600E+02
   0.879802E+00   0.168033E+02   0.172733E+00   0.167861E+02   0.167861E+02
   0.884544E+00   0.166189E+02   0.172495E+00   0.166140E+02   0.166140E+02
   0.889287E+00   0.164952E+02   0.171132E+00   0.164436E+02   0.164436E+02
   0.894030E+00   0.159710E+02   0.170534E+00   0.162750E+02   0.162750E+02
   0.898773E+00   0.160360E+02   0.170517E+00   0.161080E+02   0.161080E+02
   0.903516E+00   0.159461E+02   0.169704E+00   0.159427E+02   0.159427E+02
   0.908259E+00   0.158215E+02   0.168853E+00   0.157791E+02   0.157791E+02
   0.913002E+00   0.155934E+02   0.168752E+00   0.156172E+02   0.156172E+02
   0.917744E+00   0.154351E+02   0.168024E+00   0.154569E+02   0.154569E+02
   0.922487E+00   0.153263E+02   0.167884E+00   0.152983E+02   0.152983E+02
   0.927230E+00   0.151304E+02   0.167271E+00   0.151413E+02   0.151413E+02
   0.931973E+00   0.150876E+02   0.166800E+00   0.149859E+02   0.149859E+02
   0.936716E+00   0.148828E+02   0.166145E+00   0.148322E+02   0.148322E+02
   0.941459E+00   0.146371E+02   0.165167E+00   0.146801E+02   0.146801E+02
   0.946202E+00   0.145632E+02   0.165268E+00   0.145295E+02   0.145295E+02
   0.950944E+00   0.144968E+02   0.164837E+00   0.143806E+02   0.143806E+02
   0.955687E+00   0.143654E+02   0.164561E+00   0.142332E+02   0.142332E+02
   0.960430E+00   0.142055E+02   0.163831E+00   0.140873E+02   0.140873E+02
   0.965173E+00   0.141249E+02   0.163072E+00   0.139431E+02   0.139431E+02
   0.969916E+00   0.137993E+02   0.162726E+00   0.138003E+02   0.138003E+02
   0.974659E+00   0.137174E+02   0.162569E+00   0.136590E+02   0.136590E+02
   0.979402E+00   0.135206E+02   0.161903E+00   0.135193E+02   0.135193E+02
   0.984144E+00   0.133569E+02   0.161611E+00   0.133810E+02   0.133810E+02
   0.988887E+00   0.134132E+02   0.160856E+00   0.132443E+02   0.132443E+02
   0.993630E+00   0.132531E+02   0.160561E+00   0.131089E+02   0.131089E+02
   0.998373E+00   0.131696E+02   0.160150E+00   0.129751E+02   0.129751E+02
   0.100312E+01   0.128084E+02   0.159574E+00   0.128426E+02   0.128426E+02
   0.100786E+01   0.125960E+02   0.159131E+00   0.127116E+02   0.127116E+02
   0.101260E+01   0.124337E+02   0.158704E+00   0.125820E+02   0.125820E+02
   0.101734E+01   0.124590E+02   0.158211E+00   0.124538E+02   0.124538E+02
   0.102209E+01   0.123334E+02   0.157917E+00   0.123269E+02   0.123269E+02
   0.102683E+01   0.121353E+02   0.157609E+00   0.122015E+02   0.122015E+02
   0.103157E+01   0.120822E+02   0.157157E+00   0.120773E+02   0.120773E+02
   0.103632E+01   0.119700E+02   0.156599E+00   0.119545E+02   0.119545E+02
   0.104106E+01   0.116793E+02   0.156240E+00   0.118330E+02   0.118330E+02
   0.104580E+01   0.118339E+02   0.156035E+00   0.117128E+02   0.117128E+02
   0.105055E+01   0.118248E+02   0.155614E+00   0.115940E+02   0.115940E+02
   0.105529E+01   0.114273E+02   0.154803E+00   0.114764E+02   0.114764E+02
   0.106003E+01   0.114284E+02   0.154483E+00   0.113600E+02   0.113600E+02
   0.106477E+01   0.113194E+02   0.153742E+00   0.112449E+02   0.112449E+02
   0.106952E+01   0.110590E+02   0.153764E+00   0.111310E+02   0.111310E+02
   0.107426E+01   0.108717E+02   0.153405E+00   0.110184E+02   0.110184E+02
   0.107900E+01   0.110125E+02   0.152825E+00   0.109069E+02   0.109069E+02
   0.108374E+01   0.109459E+02   0.152683E+00   0.107966E+02   0.107966E+02
   0.108849E+01   0.107613E+02   0.152334E+00   0.106875E+02   0.106875E+02
   0.109323E+01   0.105352E+02   0.151596E+00   0.105796E+02   0.105796E+02
   0.109797E+01   0.105931E+02   0.151581E+00   0.104728E+02   0.104728E+02
   0.110272E+01   0.105184E+02   0.151104E+00   0.103672E+02   0.103672E+02
   0.110746E+01   0.103240E+02   0.150487E+00   0.102627E+02   0.102627E+02
   0.111220E+01   0.102337E+02   0.150379E+00   0.101592E+02   0.101592E+02
   0.111695E+01   0.101014E+02   0.149911E+00   0.100569E+02   0.100569E+02
   0.112169E+01   0.100068E+02   0.149823E+00   0.995566E+01   0.995566E+01
   0.112643E+01   0.989344E+01   0.148857E+00   0.985549E+01   0.985549E+01
   0.113117E+01   0.975384E+01   0.148414E+00   0.975635E+01   0.975635E+01
   0.113592E+01   0.945438E+01   0.148066E+00   0.965826E+01   0.965826E+01
   0.114066E+01   0.958866E+01   0.147766E+00   0.956119E+01   0.956119E+01
   0.114540E+01   0.951044E+01   0.147832E+00   0.946513E+01   0.946513E+01
   0.115014E+01   0.936263E+01   0.147292E+00   0.937007E+01   0.937007E+01
   0.115489E+01   0.920678E+01   0.146939E+00   0.927601E+01   0.927601E+01
   0.115963E+01   0.900139E+01   0.146317E+00   0.918291E+01   0.918291E+01
   0.116437E+01   0.908537E+01   0.146139E+00   0.909080E+01   0.909080E+01
   0.116912E+01   0.908456E+01   0.145912E+00   0.899963E+01   0.899963E+01
   0.117386E+01   0.884925E+01   0.145606E+00   0.890939E+01   0.890939E+01
   0.117860E+01   0.869869E+01   0.145520E+00   0.882008E+01   0.882008E+01
   0.118335E+01   0.878541E+01   0.145316E+00   0.873168E+01   0.873168E+01
   0.118809E+01   0.852594E+01   0.144810E+00   0.864419E+01   0.864419E+01
   0.119283E+01   0.856389E+01   0.144275E+00   0.855760E+01   0.855760E+01
   0.119757E+01   0.832551E+01   0.143802E+00   0.847190E+01   0.847190E+01
   0.120232E+01   0.836026E+01   0.143705E+00   0.838706E+01   0.838706E+01
   0.120706E+01   0.835444E+01   0.144387E+00   0.830308E+01   0.830308E+01
   0.121180E+01   0.828631E+01   0.148715E+00   0.821994E+01   0.821994E+01
   0.121654E+01   0.812644E+01   0.151891E+00   0.813765E+01   0.813765E+01
   0.122129E+01   0.806955E+01   0.153395E+00   0.805619E+01   0.805619E+01
   0.122603E+01   0.793351E+01   0.155378E+00   0.797554E+01   0.797554E+01
   0.123077E+01   0.771820E+01   0.156765E+00   0.789570E+01   0.789570E+01
   0.123552E+01   0.774429E+01   0.158438E+00   0.781668E+01   0.781668E+01
   0.124026E+01   0.780467E+01   0.160037E+00   0.773844E+01   0.773844E+01
   0.124500E+01   0.774793E+01   0.161015E+00   0.766097E+01   0.766097E+01
   0.124975E+01   0.761188E+01   0.162196E+00   0.758428E+01   0.758428E+01
   0.125449E+01   0.748786E+01   0.163765E+00   0.750834E+01   0.750834E+01
   0.125923E+01   0.744974E+01   0.163989E+00   0.743316E+01   0.743316E+01
   0.126397E+01   0.739936E+01   0.163812E+00   0.735873E+01   0.735873E+01
   0.126872E+01   0.707660E+01   0.164114E+00   0.728505E+01   0.728505E+01
   0.127346E+01   0.711661E+01   0.162128E+00   0.721208E+01   0.721208E+01
   0.127820E+01   0.699068E+01   0.156161E+00   0.713982E+01   0.713982E+01
   0.128295E+01   0.705059E+01   0.153046E+00   0.706828E+01   0.706828E+01
   0.128769E+01   0.716265E+01   0.151030E+00   0.699745E+01   0.699745E+01
   0.129243E+01   0.673569E+01   0.148600E+00   0.692731E+01   0.692731E+01
   0.129717E+01   0.686003E+01   0.147428E+00   0.685786E+01   0.685786E+01
   0.130192E+01   0.681884E+01   0.145921E+00   0.678910E+01   0.678910E+01
   0.130666E+01   0.675270E+01   0.144886E+00   0.672100E+01   0.672100E+01
   0.131140E+01   0.652336E+01   0.143366E+00   0.665357E+01   0.665357E+01
   0.131614E+01   0.639064E+01   0.142119E+00   0.658680E+01   0.658680E+01
   0.132089E+01   0.661460E+01   0.141981E+00   0.652069E+01   0.652069E+01
   0.132563E+01   0.632348E+01   0.140861E+00   0.645522E+01   0.645522E+01
   0.133037E+01   0.649170E+01   0.140580E+00   0.639039E+01   0.639039E+01
   0.133512E+01   0.639219E+01   0.140438E+00   0.632619E+01   0.632619E+01
   0.133986E+01   0.645679E+01   0.140039E+00   0.626263E+01   0.626263E+01
   0.134460E+01   0.634060E+01   0.139534E+00   0.619969E+01   0.619969E+01
   0.134935E+01   0.600843E+01   0.138793E+00   0.613735E+01   0.613735E+01
   0.135409E+01   0.612525E+01   0.138971E+00   0.607563E+01   0.607563E+01
   0.135883E+01   0.603222E+01   0.138450E+00   0.601451E+01   0.601451E+01
   0.136357E+01   0.593213E+01   0.138089E+00   0.595399E+01   0.595399E+01
   0.136832E+01   0.580669E+01   0.137516E+00   0.589407E+01   0.589407E+01
   0.137306E+01   0.615611E+01   0.137303E+00   0.583474E+01   0.583474E+01
   0.137780E+01   0.596935E+01   0.136935E+00   0.577598E+01   0.577598E+01
   0.138254E+01   0.554100E+01   0.136469E+00   0.571780E+01   0.571780E+01
   0.138729E+01   0.559635E+01   0.136297E+00   0.566020E+01   0.566020E+01
   0.139203E+01   0.544561E+01   0.135819E+00   0.560316E+01   0.560316E+01
   0.139677E+01   0.536709E+01   0.135565E+00   0.554668E+01   0.554668E+01
   0.140152E+01   0.544458E+01   0.135494E+00   0.549076E+01   0.549076E+01
   0.140626E+01   0.517082E+01   0.134875E+00   0.543540E+01   0.543540E+01
   0.141100E+01   0.536836E+01   0.134857E+00   0.538060E+01   0.538060E+01
   0.141575E+01   0.520225E+01   0.134606E+00   0.532632E+01   0.532632E+01
   0.142049E+01   0.517654E+01   0.134179E+00   0.527259E+01   0.527259E+01
   0.142523E+01   0.521355E+01   0.134098E+00   0.521940E+01   0.521940E+01
   0.142997E+01   0.514815E+01   0.133465E+00   0.516674E+01   0.516674E+01
   0.143472E+01   0.512353E+01   0.133174E+00   0.511460E+01   0.511460E+01
   0.143946E+01   0.512974E+01   0.132928E+00   0.506299E+01   0.506299E+01
   0.144420E+01   0.500223E+01   0.132842E+00   0.501191E+01   0.501191E+01
   0.144894E+01   0.503630E+01   0.132752E+00   0.496133E+01   0.496133E+01
   0.145369E+01   0.498681E+01   0.132630E+00   0.491127E+01   0.491127E+01
   0.145843E+01   0.475868E+01   0.132080E+00   0.486171E+01   0.486171E+01
   0.146317E+01   0.474077E+01   0.131884E+00   0.481266E+01   0.481266E+01
   0.146792E+01   0.469871E+01   0.131332E+00   0.476411E+01   0.476411E+01
   0.147266E+01   0.467039E+01   0.131177E+00   0.471606E+01   0.471606E+01
   0.147740E+01   0.459562E+01   0.130765E+00   0.466851E+01   0.466851E+01
   0.148215E+01   0.461178E+01   0.130569E+00   0.462144E+01   0.462144E+01
   0.148689E+01   0.470602E+01   0.130438E+00   0.457485E+01   0.457485E+01
   0.149163E+01   0.462679E+01   0.130286E+00   0.452875E+01   0.452875E+01
   0.149637E+01   0.465643E+01   0.130057E+00   0.448313E+01   0.448313E+01
   0.150112E+01   0.434663E+01   0.129986E+00   0.443799E+01   0.443799E+01
   0.150586E+01   0.435874E+01   0.132276E+00   0.439332E+01   0.439332E+01
   0.151060E+01   0.418241E+01   0.135895E+00   0.434911E+01   0.434911E+01
   0.151534E+01   0.419625E+01   0.137913E+00   0.430538E+01   0.430538E+01
   0.152009E+01   0.441350E+01   0.140045E+00   0.426211E+01   0.426211E+01
   0.152483E+01   0.434599E+01   0.141042E+00   0.421929E+01   0.421929E+01
   0.152957E+01   0.405046E+01   0.141841E+00   0.417694E+01   0.417694E+01
   0.153432E+01   0.411750E+01   0.138447E+00   0.413503E+01   0.413503E+01
   0.153906E+01   0.404949E+01   0.136391E+00   0.409357E+01   0.409357E+01
   0.154380E+01   0.416984E+01   0.135141E+00   0.405256E+01   0.405256E+01
   0.154855E+01   0.401458E+01   0.133044E+00   0.401200E+01   0.401200E+01
   0.155329E+01   0.407859E+01   0.132449E+00   0.397187E+01   0.397187E+01
   0.155803E+01   0.377931E+01   0.130935E+00   0.393218E+01   0.393218E+01
   0.156277E+01   0.383519E+01   0.129696E+00   0.389292E+01   0.389292E+01
   0.156752E+01   0.374809E+01   0.128100E+00   0.385410E+01   0.385410E+01
   0.157226E+01   0.372571E+01   0.127364E+00   0.381569E+01   0.381569E+01
   0.157700E+01   0.369259E+01   0.126507E+00   0.377772E+01   0.377772E+01
   0.158175E+01   0.382735E+01   0.126215E+00   0.374016E+01   0.374016E+01
   0.158649E+01   0.369478E+01   0.126290E+00   0.370302E+01   0.370302E+01
   0.159123E+01   0.391821E+01   0.126493E+00   0.366630E+01   0.366630E+01
   0.159597E+01   0.367536E+01   0.126866E+00   0.362998E+01   0.362998E+01
   0.160072E+01   0.347218E+01   0.126754E+00   0.359407E+01   0.359407E+01
   0.160546E+01   0.353901E+01   0.126469E+00   0.355856E+01   0.355856E+01
   0.161020E+01   0.341763E+01   0.125950E+00   0.352345E+01   0.352345E+01
   0.161495E+01   0.357339E+01   0.125897E+00   0.348875E+01   0.348875E+01
   0.161969E+01   0.357788E+01   0.125541E+00   0.345444E+01   0.345444E+01
   0.162443E+01   0.357880E+01   0.125706E+00   0.342051E+01   0.342051E+01
   0.162917E+01   0.345419E+01   0.125547E+00   0.338697E+01   0.338697E+01
   0.163392E+01   0.334729E+01   0.124890E+00   0.335382E+01   0.335382E+01
   0.163866E+01   0.335158E+01   0.124994E+00   0.332104E+01   0.332104E+01
   0.164340E+01   0.333429E+01   0.124646E+00   0.328865E+01   0.328865E+01
   0.164815E+01   0.341245E+01   0.124788E+00   0.325662E+01   0.325662E+01
   0.165289E+01   0.353305E+01   0.124563E+00   0.322497E+01   0.322497E+01
   0.165763E+01   0.311744E+01   0.124006E+00   0.319369E+01   0.319369E+01
   0.166237E+01   0.302055E+01   0.123547E+00   0.316276E+01   0.316276E+01
   0.166712E+01   0.318646E+01   0.123378E+00   0.313220E+01   0.313220E+01
   0.167186E+01   0.315165E+01   0.123160E+00   0.310199E+01   0.310199E+01
   0.167660E+01   0.302449E+01   0.122978E+00   0.307214E+01   0.307214E+01
   0.168135E+01   0.300614E+01   0.123294E+00   0.304263E+01   0.304263E+01
   0.168609E+01   0.315301E+01   0.122558E+00   0.301347E+01   0.301347E+01
   0.169083E+01   0.309747E+01   0.122423E+00   0.298465E+01   0.298465E+01
   0.169557E+01   0.310922E+01   0.122718E+00   0.295617E+01   0.295617E+01
   0.170032E+01   0.304276E+01   0.122263E+00   0.292803E+01   0.292803E+01
   0.170506E+01   0.296321E+01   0.122029E+00   0.290021E+01   0.290021E+01
   0.170980E+01   0.290305E+01   0.121606E+00   0.287273E+01   0.287273E+01
   0.171455E+01   0.273064E+01   0.121319E+00   0.284556E+01   0.284556E+01
   0.171929E+01   0.261454E+01   0.121143E+00   0.281872E+01   0.281872E+01
   0.172403E+01   0.280128E+01   0.121065E+00   0.279220E+01   0.279220E+01
   0.172877E+01   0.277084E+01   0.120746E+00   0.276599E+01   0.276599E+01
   0.173352E+01   0.260939E+01   0.120528E+00   0.274009E+01   0.274009E+01
   0.173826E+01   0.259919E+01   0.120241E+00   0.271449E+01   0.271449E+01
   0.174300E+01   0.262785E+01   0.120253E+00   0.268920E+01   0.268920E+01
   0.174775E+01   0.260232E+01   0.120354E+00   0.266420E+01   0.266420E+01
   0.175249E+01   0.268224E+01   0.119810E+00   0.263950E+01   0.263950E+01
   0.175723E+01   0.264061E+01   0.119877E+00   0.261509E+01   0.261509E+01
   0.176197E+01   0.267177E+01   0.119545E+00   0.259098E+01   0.259098E+01
   0.176672E+01   0.261623E+01   0.119174E+00   0.256714E+01   0.256714E+01
   0.177146E+01   0.253014E+01   0.119254E+00   0.254359E+01   0.254359E+01
   0.177620E+01   0.260720E+01   0.118903E+00   0.252031E+01   0.252031E+01
   0.178095E+01   0.246244E+01   0.118793E+00   0.249731E+01   0.249731E+01
   0.178569E+01   0.255888E+01   0.118383E+00   0.247457E+01   0.247457E+01
   0.179043E+01   0.247562E+01   0.118451E+00   0.245210E+01   0.245210E+01
   0.179517E+01   0.236198E+01   0.118143E+00   0.242990E+01   0.242990E+01
   0.179992E+01   0.248801E+01   0.117990E+00   0.240796E+01   0.240796E+01
   0.180466E+01   0.228071E+01   0.117620E+00   0.238627E+01   0.238627E+01
   0.180940E+01   0.227207E+01   0.117504E+00   0.236483E+01   0.236483E+01
   0.181415E+01   0.232995E+01   0.117782E+00   0.234364E+01   0.234364E+01
   0.181889E+01   0.237794E+01   0.117366E+00   0.232270E+01   0.232270E+01
   0.182363E+01   0.227158E+01   0.117162E+00   0.230199E+01   0.230199E+01
   0.182838E+01   0.214675E+01   0.117015E+00   0.228153E+01   0.228153E+01
   0.183312E+01   0.228720E+01   0.116972E+00   0.226131E+01   0.226131E+01
   0.183786E+01   0.221547E+01   0.116575E+00   0.224131E+01   0.224131E+01
   0.184260E+01   0.237628E+01   0.116916E+00   0.222154E+01   0.222154E+01
   0.184735E+01   0.240554E+01   0.116599E+00   0.220200E+01   0.220200E+01
   0.185209E+01   0.234397E+01   0.116469E+00   0.218267E+01   0.218267E+01
   0.185683E+01   0.207885E+01   0.115844E+00   0.216357E+01   0.216357E+01
   0.186157E+01   0.205998E+01   0.116116E+00   0.214468E+01   0.214468E+01
   0.186632E+01   0.219096E+01   0.115978E+00   0.212601E+01   0.212601E+01
   0.187106E+01   0.193985E+01   0.115333E+00   0.210754E+01   0.210754E+01
   0.187580E+01   0.197952E+01   0.115092E+00   0.208928E+01   0.208928E+01
   0.188055E+01   0.220563E+01   0.115061E+00   0.207122E+01   0.207122E+01
   0.188529E+01   0.194206E+01   0.115004E+00   0.205336E+01   0.205336E+01
   0.189003E+01   0.194078E+01   0.114771E+00   0.203569E+01   0.203569E+01
   0.189478E+01   0.204118E+01   0.114746E+00   0.201822E+01   0.201822E+01
   0.189952E+01   0.205041E+01   0.114627E+00   0.200094E+01   0.200094E+01
   0.190426E+01   0.199455E+01   0.114611E+00   0.198385E+01   0.198385E+01
   0.190900E+01   0.204056E+01   0.114301E+00   0.196694E+01   0.196694E+01
   0.191375E+01   0.210430E+01   0.114377E+00   0.195022E+01   0.195022E+01
   0.191849E+01   0.203490E+01   0.114120E+00   0.193367E+01   0.193367E+01
   0.192323E+01   0.191791E+01   0.113890E+00   0.191730E+01   0.191730E+01
   0.192797E+01   0.190422E+01   0.113897E+00   0.190110E+01   0.190110E+01
   0.193272E+01   0.193462E+01   0.113527E+00   0.188508E+01   0.188508E+01
   0.193746E+01   0.184214E+01   0.113044E+00   0.186922E+01   0.186922E+01
   0.194220E+01   0.175547E+01   0.112834E+00   0.185353E+01   0.185353E+01
   0.194695E+01   0.173168E+01   0.112335E+00   0.183800E+01   0.183800E+01
   0.195169E+01   0.171852E+01   0.112159E+00   0.182264E+01   0.182264E+01
   0.195643E+01   0.180222E+01   0.112187E+00   0.180743E+01   0.180743E+01
   0.196117E+01   0.186074E+01   0.112059E+00   0.179238E+01   0.179238E+01
   0.196592E+01   0.188182E+01   0.111989E+00   0.177749E+01   0.177749E+01
   0.197066E+01   0.189643E+01   0.111723E+00   0.176275E+01   0.176275E+01
   0.197540E+01   0.174829E+01   0.111523E+00   0.174815E+01   0.174815E+01
   0.198015E+01   0.170408E+01   0.111698E+00   0.173371E+01   0.173371E+01
   0.198489E+01   0.171309E+01   0.111635E+00   0.171941E+01   0.171941E+01
   0.198963E+01   0.163024E+01   0.111700E+00   0.170525E+01   0.170525E+01
   0.199438E+01   0.172974E+01   0.111507E+00   0.169124E+01   0.169124E+01
   0.199912E+01   0.177936E+01   0.111322E+00   0.167737E+01   0.167737E+01
   0.200386E+01   0.166600E+01   0.111339E+00   0.166363E+01   0.166363E+01
   0.200860E+01   0.155717E+01   0.111343E+00   0.165004E+01   0.165004E+01
   0.201335E+01   0.159271E+01   0.112515E+00   0.163657E+01   0.163657E+01
   0.201809E+01   0.155112E+01   0.115474E+00   0.162324E+01   0.162324E+01
   0.202283E+01   0.149662E+01   0.117240E+00   0.161004E+01   0.161004E+01
   0.202758E+01   0.152448E+01   0.118756E+00   0.159698E+01   0.159698E+01
   0.203232E+01   0.156130E+01   0.119946E+00   0.158404E+01   0.158404E+01
   0.203706E+01   0.163483E+01   0.120774E+00   0.157122E+01   0.157122E+01
   0.204180E+01   0.139462E+01   0.121818E+00   0.155854E+01   0.155854E+01
   0.204655E+01   0.153160E+01   0.122528E+00   0.154598E+01   0.154598E+01
   0.205129E+01   0.143923E+01   0.122712E+00   0.153354E+01   0.153354E+01
   0.205603E+01   0.168897E+01   0.123271E+00   0.152122E+01   0.152122E+01
   0.206078E+01   0.160106E+01   0.123322E+00   0.150903E+01   0.150903E+01
   0.206552E+01   0.141088E+01   0.123441E+00   0.149695E+01   0.149695E+01
   0.207026E+01   0.154512E+01   0.124043E+00   0.148499E+01   0.148499E+01
   0.207500E+01   0.144729E+01   0.123922E+00   0.147316E+01   0.147316E+01
   0.207975E+01   0.141110E+01   0.121513E+00   0.146144E+01   0.146144E+01
   0.208449E+01   0.141376E+01   0.118436E+00   0.144983E+01   0.144983E+01
   0.208923E+01   0.145804E+01   0.116867E+00   0.143834E+01   0.143834E+01
   0.209397E+01   0.143869E+01   0.115351E+00   0.142696E+01   0.142696E+01
   0.209872E+01   0.138282E+01   0.114130E+00   0.141569E+01   0.141569E+01
   0.210346E+01   0.139127E+01   0.113476E+00   0.140454E+01   0.140454E+01
   0.210820E+01   0.139351E+01   0.112409E+00   0.139350E+01   0.139350E+01
   0.211295E+01   0.118569E+01   0.112286E+00   0.138258E+01   0.138258E+01
   0.211769E+01   0.132364E+01   0.112000E+00   0.137176E+01   0.137176E+01
   0.212243E+01   0.135071E+01   0.111644E+00   0.136105E+01   0.136105E+01
   0.212717E+01   0.145083E+01   0.111473E+00   0.135045E+01   0.135045E+01
   0.213192E+01   0.139697E+01   0.111043E+00   0.133996E+01   0.133996E+01
   0.213666E+01   0.137917E+01   0.111003E+00   0.132958E+01   0.132958E+01
   0.214140E+01   0.121617E+01   0.110849E+00   0.131931E+01   0.131931E+01
   0.214615E+01   0.129031E+01   0.110522E+00   0.130915E+01   0.130915E+01
   0.215089E+01   0.121320E+01   0.110342E+00   0.129909E+01   0.129909E+01
   0.215563E+01   0.128233E+01   0.110002E+00   0.128914E+01   0.128914E+01
   0.216038E+01   0.127034E+01   0.109726E+00   0.127930E+01   0.127930E+01
   0.216512E+01   0.131837E+01   0.109703E+00   0.126956E+01   0.126956E+01
   0.216986E+01   0.124698E+01   0.109622E+00   0.125993E+01   0.125993E+01
   0.217460E+01   0.118100E+01   0.109208E+00   0.125041E+01   0.125041E+01
   0.217935E+01   0.118864E+01   0.108956E+00   0.124099E+01   0.124099E+01
   0.218409E+01   0.125938E+01   0.108837E+00   0.123168E+01   0.123168E+01
   0.218883E+01   0.997517E+00   0.109052E+00   0.122247E+01   0.122247E+01
   0.219358E+01   0.108090E+01   0.108927E+00   0.121337E+01   0.121337E+01
   0.219832E+01   0.104528E+01   0.108457E+00   0.120437E+01   0.120437E+01
   0.220306E+01   0.125321E+01   0.108315E+00   0.119548E+01   0.119548E+01
   0.220780E+01   0.115904E+01   0.108408E+00   0.118669E+01   0.118669E+01
   0.221255E+01   0.126294E+01   0.108024E+00   0.117801E+01   0.117801E+01
   0.221729E+01   0.110849E+01   0.107943E+00   0.116944E+01   0.116944E+01
   0.222203E+01   0.110059E+01   0.107830E+00   0.116096E+01   0.116096E+01
   0.222677E+01   0.118995E+01   0.107803E+00   0.115260E+01   0.115260E+01
   0.223152E+01   0.119703E+01   0.107556E+00   0.114433E+01   0.114433E+01
   0.223626E+01   0.106899E+01   0.107358E+00   0.113618E+01   0.113618E+01
   0.224100E+01   0.104636E+01   0.107237E+00   0.112812E+01   0.112812E+01
   0.224575E+01   0.970810E+00   0.106707E+00   0.112017E+01   0.112017E+01
   0.225049E+01   0.114631E+01   0.106815E+00   0.111233E+01   0.111233E+01
   0.225523E+01   0.106569E+01   0.106576E+00   0.110459E+01   0.110459E+01
   0.225997E+01   0.109710E+01   0.106632E+00   0.109696E+01   0.109696E+01
   0.226472E+01   0.119192E+01   0.106369E+00   0.108943E+01   0.108943E+01
   0.226946E+01   0.107463E+01   0.106415E+00   0.108201E+01   0.108201E+01
   0.227420E+01   0.119110E+01   0.106287E+00   0.107468E+01   0.107468E+01
   0.227895E+01   0.117424E+01   0.106289E+00   0.106746E+01   0.106746E+01
   0.228369E+01   0.972995E+00   0.106027E+00   0.106035E+01   0.106035E+01
   0.228843E+01   0.920065E+00   0.105853E+00   0.105334E+01   0.105334E+01
   0.229318E+01   0.106586E+01   0.105838E+00   0.104644E+01   0.104644E+01
   0.229792E+01   0.106912E+01   0.105516E+00   0.103964E+01   0.103964E+01
   0.230266E+01   0.102459E+01   0.105383E+00   0.103294E+01   0.103294E+01
   0.230740E+01   0.947623E+00   0.105148E+00   0.102635E+01   0.102635E+01
   0.231215E+01   0.104245E+01   0.105054E+00   0.101986E+01   0.101986E+01
   0.231689E+01   0.979563E+00   0.104951E+00   0.101347E+01   0.101347E+01
   0.232163E+01   0.984860E+00   0.104810E+00   0.100719E+01   0.100719E+01
   0.232638E+01   0.105522E+01   0.104693E+00   0.100101E+01   0.100101E+01
   0.233112E+01   0.898985E+00   0.104542E+00   0.994937E+00   0.994937E+00
   0.233586E+01   0.113011E+01   0.104735E+00   0.988963E+00   0.988963E+00
   0.234060E+01   0.101104E+01   0.104502E+00   0.983091E+00   0.983091E+00
   0.234535E+01   0.960109E+00   0.104313E+00   0.977321E+00   0.977321E+00
   0.235009E+01   0.842168E+00   0.103992E+00   0.971653E+00   0.971653E+00
   0.235483E+01   0.102808E+01   0.103866E+00   0.966086E+00   0.966086E+00
   0.235957E+01   0.102788E+01   0.104040E+00   0.960621E+00   0.960621E+00
   0.236432E+01   0.969520E+00   0.103733E+00   0.955256E+00   0.955256E+00
   0.236906E+01   0.889370E+00   0.104033E+00   0.949991E+00   0.949991E+00
   0.237380E+01   0.810019E+00   0.103401E+00   0.944825E+00   0.944825E+00
   0.237855E+01   0.107481E+01   0.103713E+00   0.939759E+00   0.939759E+00
   0.238329E+01   0.980596E+00   0.103240E+00   0.934796E+00   0.934796E+00
   0.238803E+01   0.909619E+00   0.103292E+00   0.929922E+00   0.929922E+00
   0.239277E+01   0.881084E+00   0.103183E+00   0.925151E+00   0.925151E+00
   0.239752E+01   0.877893E+00   0.102833E+00   0.920476E+00   0.920476E+00
   0.240226E+01   0.855253E+00   0.103143E+00   0.915897E+00   0.915897E+00
   0.240700E+01   0.901150E+00   0.102684E+00   0.911414E+00   0.911414E+00
   0.241175E+01   0.852063E+00   0.102936E+00   0.907026E+00   0.907026E+00
   0.241649E+01   0.891736E+00   0.102656E+00   0.902732E+00   0.902732E+00
   0.242123E+01   0.836197E+00   0.102458E+00   0.898532E+00   0.898532E+00
   0.242598E+01   0.994943E+00   0.102358E+00   0.894424E+00   0.894424E+00
   0.243072E+01   0.904272E+00   0.102059E+00   0.890409E+00   0.890409E+00
   0.243546E+01   0.892882E+00   0.102141E+00   0.886484E+00   0.886484E+00
   0.244020E+01   0.885659E+00   0.102020E+00   0.882649E+00   0.882649E+00
   0.244495E+01   0.890706E+00   0.101877E+00   0.878904E+00   0.878904E+00
   0.244969E+01   0.878298E+00   0.101648E+00   0.875246E+00   0.875246E+00
   0.245443E+01   0.862988E+00   0.101694E+00   0.871676E+00   0.871676E+00
   0.245918E+01   0.847821E+00   0.101631E+00   0.868192E+00   0.868192E+00
   0.246392E+01   0.749115E+00   0.101401E+00   0.864794E+00   0.864794E+00
   0.246866E+01   0.870976E+00   0.101550E+00   0.861479E+00   0.861479E+00
   0.247340E+01   0.961184E+00   0.101307E+00   0.858247E+00   0.858247E+00
   0.247815E+01   0.958990E+00   0.101049E+00   0.855097E+00   0.855097E+00
   0.248289E+01   0.772395E+00   0.100845E+00   0.852028E+00   0.852028E+00
   0.248763E+01   0.819354E+00   0.100753E+00   0.849038E+00   0.849038E+00
   0.249238E+01   0.862191E+00   0.100874E+00   0.846125E+00   0.846125E+00
   0.249712E+01   0.763799E+00   0.100769E+00   0.843292E+00   0.843292E+00
   0.250186E+01   0.817558E+00   0.100804E+00   0.840532E+00   0.840532E+00
   0.250660E+01   0.892150E+00   0.100718E+00   0.837847E+00   0.837847E+00
   0.251135E+01   0.912919E+00   0.100499E+00   0.835235E+00   0.835235E+00
   0.251609E+01   0.786739E+00   0.100368E+00   0.832695E+00   0.832695E+00
   0.252083E+01   0.785832E+00   0.100428E+00   0.830224E+00   0.830224E+00
   0.252558E+01   0.816346E+00   0.999258E-01   0.827823E+00   0.827823E+00
   0.253032E+01   0.808321E+00   0.994548E-01   0.825488E+00   0.825488E+00
   0.253506E+01   0.778333E+00   0.996634E-01   0.823221E+00   0.823221E+00
   0.253980E+01   0.927858E+00   0.995870E-01   0.821017E+00   0.821017E+00
   0.254455E+01   0.863907E+00   0.996203E-01   0.818875E+00   0.818875E+00
   0.254929E+01   0.894231E+00   0.993129E-01   0.816795E+00   0.816795E+00
   0.255403E+01   0.904078E+00   0.993268E-01   0.814775E+00   0.814775E+00
   0.255878E+01   0.732559E+00   0.990998E-01   0.812814E+00   0.812814E+00
   0.256352E+01   0.797714E+00   0.989740E-01   0.810908E+00   0.810908E+00
   0.256826E+01   0.779737E+00   0.991892E-01   0.809059E+00   0.809059E+00
   0.257300E+01   0.820363E+00   0.990165E-01   0.807262E+00   0.807262E+00
   0.257775E+01   0.815722E+00   0.990644E-01   0.805517E+00   0.805517E+00
   0.258249E+01   0.852891E+00   0.991139E-01   0.803822E+00   0.803822E+00
   0.258723E+01   0.645789E+00   0.989106E-01   0.802175E+00   0.802175E+00
   0.259198E+01   0.863789E+00   0.987637E-01   0.800576E+00   0.800576E+00
   0.259672E+01   0.928301E+00   0.987913E-01   0.799021E+00   0.799021E+00
   0.260146E+01   0.722713E+00   0.983981E-01   0.797510E+00   0.797510E+00
   0.260620E+01   0.737984E+00   0.984164E-01   0.796039E+00   0.796039E+00
   0.261095E+01   0.759954E+00   0.987580E-01   0.794610E+00   0.794610E+00
   0.261569E+01   0.813493E+00   0.981904E-01   0.793222E+00   0.793222E+00
   0.262043E+01   0.764197E+00   0.983110E-01   0.791868E+00   0.791868E+00
   0.262518E+01   0.911010E+00   0.983341E-01   0.790549E+00   0.790549E+00
   0.262992E+01   0.945735E+00   0.983537E-01   0.789263E+00   0.789263E+00
   0.263466E+01   0.795859E+00   0.980424E-01   0.788009E+00   0.788009E+00
   0.263940E+01   0.904007E+00   0.980700E-01   0.786785E+00   0.786785E+00
   0.264415E+01   0.759670E+00   0.978291E-01   0.785589E+00   0.785589E+00
   0.264889E+01   0.689622E+00   0.975583E-01   0.784419E+00   0.784419E+00
   0.265363E+01   0.724682E+00   0.977364E-01   0.783275E+00   0.783275E+00
   0.265838E+01   0.711630E+00   0.976752E-01   0.782153E+00   0.782153E+00
   0.266312E+01   0.736939E+00   0.977106E-01   0.781053E+00   0.781053E+00
   0.266786E+01   0.776233E+00   0.971527E-01   0.779973E+00   0.779973E+00
   0.267260E+01   0.895508E+00   0.972282E-01   0.778911E+00   0.778911E+00
   0.267735E+01   0.860989E+00   0.972426E-01   0.777866E+00   0.777866E+00
   0.268209E+01   0.899955E+00   0.973404E-01   0.776836E+00   0.776836E+00
   0.268683E+01   0.850556E+00   0.970266E-01   0.775819E+00   0.775819E+00
   0.269158E+01   0.639339E+00   0.970401E-01   0.774813E+00   0.774813E+00
   0.269632E+01   0.697851E+00   0.971116E-01   0.773818E+00   0.773818E+00
   0.270106E+01   0.838744E+00   0.966873E-01   0.772831E+00   0.772831E+00
   0.270580E+01   0.775041E+00   0.965883E-01   0.771852E+00   0.771852E+00
   0.271055E+01   0.688594E+00   0.965310E-01   0.770878E+00   0.770878E+00
   0.271529E+01   0.905781E+00   0.969450E-01   0.769908E+00   0.769908E+00
   0.272003E+01   0.752829E+00   0.964221E-01   0.768943E+00   0.768943E+00
   0.272478E+01   0.780589E+00   0.964487E-01   0.767973E+00   0.767973E+00
   0.272952E+01   0.681683E+00   0.963927E-01   0.767008E+00   0.767008E+00
   0.273426E+01   0.840982E+00   0.961281E-01   0.766040E+00   0.766040E+00
   0.273901E+01   0.907707E+00   0.961050E-01   0.765069E+00   0.765069E+00
   0.274375E+01   0.770143E+00   0.960554E-01   0.764094E+00   0.764094E+00
   0.274849E+01   0.692691E+00   0.958962E-01   0.763113E+00   0.763113E+00
   0.275323E+01   0.713246E+00   0.960121E-01   0.762125E+00   0.762125E+00
   0.275798E+01   0.768673E+00   0.957266E-01   0.761128E+00   0.761128E+00
   0.276272E+01   0.758195E+00   0.956126E-01   0.760122E+00   0.760122E+00
   0.276746E+01   0.739986E+00   0.955419E-01   0.759106E+00   0.759106E+00
   0.277221E+01   0.744477E+00   0.954579E-01   0.758078E+00   0.758078E+00
   0.277695E+01   0.714654E+00   0.954962E-01   0.757036E+00   0.757036E+00
   0.278169E+01   0.661324E+00   0.954292E-01   0.755981E+00   0.755981E+00
   0.278643E+01   0.748272E+00   0.952076E-01   0.754911E+00   0.754911E+00
   0.279118E+01   0.827916E+00   0.950411E-01   0.753825E+00   0.753825E+00
   0.279592E+01   0.748305E+00   0.952314E-01   0.752721E+00   0.752721E+00
   0.280066E+01   0.673819E+00   0.950284E-01   0.751600E+00   0.751600E+00
   0.280540E+01   0.687847E+00   0.948775E-01   0.750460E+00   0.750460E+00
   0.281015E+01   0.824073E+00   0.950058E-01   0.749300E+00   0.749300E+00
   0.281489E+01   0.690733E+00   0.950044E-01   0.748119E+00   0.748119E+00
   0.281963E+01   0.620220E+00   0.970159E-01   0.746917E+00   0.746917E+00
   0.282438E+01   0.599657E+00   0.988092E-01   0.745693E+00   0.745693E+00
   0.282912E+01   0.809132E+00   0.999475E-01   0.744446E+00   0.744446E+00
   0.283386E+01   0.769432E+00   0.101067E+00   0.743179E+00   0.743179E+00
   0.283860E+01   0.699186E+00   0.101783E+00   0.741880E+00   0.741880E+00
   0.284335E+01   0.766999E+00   0.102144E+00   0.740562E+00   0.740562E+00
   0.284809E+01   0.632832E+00   0.102652E+00   0.739217E+00   0.739217E+00
   0.285283E+01   0.769271E+00   0.102821E+00   0.737847E+00   0.737847E+00
   0.285758E+01   0.776496E+00   0.102981E+00   0.736450E+00   0.736450E+00
   0.286232E+01   0.702847E+00   0.103325E+00   0.735027E+00   0.735027E+00
   0.286706E+01   0.896503E+00   0.103600E+00   0.733576E+00   0.733576E+00
   0.287181E+01   0.898823E+00   0.103806E+00   0.732098E+00   0.732098E+00
   0.287655E+01   0.924746E+00   0.103984E+00   0.730592E+00   0.730592E+00
   0.288129E+01   0.742927E+00   0.103697E+00   0.729059E+00   0.729059E+00
   0.288603E+01   0.655919E+00   0.100918E+00   0.727497E+00   0.727497E+00
   0.289078E+01   0.717982E+00   0.994847E-01   0.725906E+00   0.725906E+00
   0.289552E+01   0.727364E+00   0.983665E-01   0.724288E+00   0.724288E+00
   0.290026E+01   0.686961E+00   0.975339E-01   0.722641E+00   0.722641E+00
   0.290501E+01   0.601772E+00   0.967690E-01   0.720964E+00   0.720964E+00
   0.290975E+01   0.673226E+00   0.966072E-01   0.719259E+00   0.719259E+00
   0.291449E+01   0.662027E+00   0.962645E-01   0.717526E+00   0.717526E+00
   0.291923E+01   0.601311E+00   0.960254E-01   0.715764E+00   0.715764E+00
   0.292398E+01   0.765577E+00   0.958465E-01   0.713973E+00   0.713973E+00
   0.292872E+01   0.649068E+00   0.956414E-01   0.712154E+00   0.712154E+00
   0.293346E+01   0.642989E+00   0.954431E-01   0.710306E+00   0.710306E+00
   0.293820E+01   0.646920E+00   0.952424E-01   0.708431E+00   0.708431E+00
   0.294295E+01   0.750465E+00   0.950700E-01   0.706527E+00   0.706527E+00
   0.294769E+01   0.749183E+00   0.951991E-01   0.704597E+00   0.704597E+00
   0.295243E+01   0.835661E+00   0.949906E-01   0.702638E+00   0.702638E+00
   0.295718E+01   0.769126E+00   0.950514E-01   0.700653E+00   0.700653E+00
   0.296192E+01   0.604866E+00   0.948471E-01   0.698642E+00   0.698642E+00
   0.296666E+01   0.772298E+00   0.944708E-01   0.696604E+00   0.696604E+00
   0.297140E+01   0.793780E+00   0.943741E-01   0.694540E+00   0.694540E+00
   0.297615E+01   0.679794E+00   0.943243E-01   0.692452E+00   0.692452E+00
   0.298089E+01   0.674882E+00   0.943351E-01   0.690339E+00   0.690339E+00
   0.298563E+01   0.639221E+00   0.941404E-01   0.688201E+00   0.688201E+00
   0.299038E+01   0.750165E+00   0.939170E-01   0.686041E+00   0.686041E+00
   0.299512E+01   0.722271E+00   0.939385E-01   0.683857E+00   0.683857E+00
   0.299986E+01   0.812254E+00   0.937721E-01   0.681650E+00   0.681650E+00

           ####      Real Space Data                               ####

           Distance distribution  function of particle  


      R          P(R)      ERROR

  0.0000E+00  0.0000E+00  0.0000E+00
  0.4063E-01  0.1972E-01  0.5467E-03
  0.8127E-01  0.4038E-01  0.1006E-02
  0.1219E+00  0.6197E-01  0.1379E-02
  0.1625E+00  0.8447E-01  0.1668E-02
  0.2032E+00  0.1079E+00  0.1876E-02
  0.2438E+00  0.1322E+00  0.2007E-02
  0.2844E+00  0.1573E+00  0.2065E-02
  0.3251E+00  0.1833E+00  0.2056E-02
  0.3657E+00  0.2101E+00  0.1986E-02
  0.4063E+00  0.2376E+00  0.1863E-02
  0.4470E+00  0.2659E+00  0.1695E-02
  0.4876E+00  0.2948E+00  0.1493E-02
  0.5283E+00  0.3243E+00  0.1271E-02
  0.5689E+00  0.3545E+00  0.1050E-02
  0.6095E+00  0.3851E+00  0.8703E-03
  0.6502E+00  0.4162E+00  0.7893E-03
  0.6908E+00  0.4477E+00  0.8534E-03
  0.7314E+00  0.4795E+00  0.1041E-02
  0.7721E+00  0.5116E+00  0.1295E-02
  0.8127E+00  0.5439E+00  0.1575E-02
  0.8533E+00  0.5763E+00  0.1858E-02
  0.8940E+00  0.6088E+00  0.2130E-02
  0.9346E+00  0.6413E+00  0.2381E-02
  0.9752E+00  0.6736E+00  0.2604E-02
  0.1016E+01  0.7058E+00  0.2795E-02
  0.1057E+01  0.7377E+00  0.2950E-02
  0.1097E+01  0.7693E+00  0.3065E-02
  0.1138E+01  0.8004E+00  0.3139E-02
  0.1178E+01  0.8311E+00  0.3172E-02
  0.1219E+01  0.8612E+00  0.3163E-02
  0.1260E+01  0.8907E+00  0.3113E-02
  0.1300E+01  0.9194E+00  0.3026E-02
  0.1341E+01  0.9474E+00  0.2903E-02
  0.1382E+01  0.9744E+00  0.2751E-02
  0.1422E+01  0.1001E+01  0.2574E-02
  0.1463E+01  0.1026E+01  0.2381E-02
  0.1503E+01  0.1050E+01  0.2183E-02
  0.1544E+01  0.1073E+01  0.1994E-02
  0.1585E+01  0.1095E+01  0.1831E-02
  0.1625E+01  0.1115E+01  0.1714E-02
  0.1666E+01  0.1134E+01  0.1664E-02
  0.1707E+01  0.1152E+01  0.1690E-02
  0.1747E+01  0.1169E+01  0.1791E-02
  0.1788E+01  0.1184E+01  0.1952E-02
  0.1829E+01  0.1198E+01  0.2151E-02
  0.1869E+01  0.1211E+01  0.2372E-02
  0.1910E+01  0.1221E+01  0.2599E-02
  0.1950E+01  0.1231E+01  0.2820E-02
  0.1991E+01  0.1239E+01  0.3026E-02
  0.2032E+01  0.1245E+01  0.3210E-02
  0.2072E+01  0.1250E+01  0.3368E-02
  0.2113E+01  0.1254E+01  0.3495E-02
  0.2154E+01  0.1256E+01  0.3589E-02
  0.2194E+01  0.1257E+01  0.3649E-02
  0.2235E+01  0.1256E+01  0.3674E-02
  0.2276E+01  0.1254E+01  0.3665E-02
  0.2316E+01  0.1251E+01  0.3624E-02
  0.2357E+01  0.1246E+01  0.3553E-02
  0.2397E+01  0.1240E+01  0.3457E-02
  0.2438E+01  0.1233E+01  0.3340E-02
  0.2479E+01  0.1225E+01  0.3209E-02
  0.2519E+01  0.1216E+01  0.3072E-02
  0.2560E+01  0.1206E+01  0.2937E-02
  0.2601E+01  0.1195E+01  0.2815E-02
  0.2641E+01  0.1183E+01  0.2716E-02
  0.2682E+01  0.1170E+01  0.2651E-02
  0.2723E+01  0.1156E+01  0.2626E-02
  0.2763E+01  0.1142E+01  0.2644E-02
  0.2804E+01  0.1127E+01  0.2706E-02
  0.2844E+01  0.1111E+01  0.2805E-02
  0.2885E+01  0.1095E+01  0.2934E-02
  0.2926E+01  0.1079E+01  0.3081E-02
  0.2966E+01  0.1062E+01  0.3238E-02
  0.3007E+01  0.1045E+01  0.3396E-02
  0.3048E+01  0.1028E+01  0.3546E-02
  0.3088E+01  0.1011E+01  0.3682E-02
  0.3129E+01  0.9937E+00  0.3800E-02
  0.3170E+01  0.9764E+00  0.3896E-02
  0.3210E+01  0.9591E+00  0.3967E-02
  0.3251E+01  0.9418E+00  0.4012E-02
  0.3291E+01  0.9247E+00  0.4031E-02
  0.3332E+01  0.9078E+00  0.4026E-02
  0.3373E+01  0.8911E+00  0.3999E-02
  0.3413E+01  0.8747E+00  0.3954E-02
  0.3454E+01  0.8585E+00  0.3894E-02
  0.3495E+01  0.8426E+00  0.3827E-02
  0.3535E+01  0.8271E+00  0.3758E-02
  0.3576E+01  0.8119E+00  0.3696E-02
  0.3617E+01  0.7971E+00  0.3647E-02
  0.3657E+01  0.7827E+00  0.3620E-02
  0.3698E+01  0.7686E+00  0.3619E-02
  0.3738E+01  0.7549E+00  0.3649E-02
  0.3779E+01  0.7416E+00  0.3711E-02
  0.3820E+01  0.7287E+00  0.3804E-02
  0.3860E+01  0.7161E+00  0.3924E-02
  0.3901E+01  0.7039E+00  0.4064E-02
  0.3942E+01  0.6920E+00  0.4219E-02
  0.3982E+01  0.6804E+00  0.4380E-02
  0.4023E+01  0.6691E+00  0.4541E-02
  0.4063E+01  0.6581E+00  0.4696E-02
  0.4104E+01  0.6474E+00  0.4838E-02
  0.4145E+01  0.6368E+00  0.4963E-02
  0.4185E+01  0.6265E+00  0.5066E-02
  0.4226E+01  0.6164E+00  0.5145E-02
  0.4267E+01  0.6064E+00  0.5198E-02
  0.4307E+01  0.5965E+00  0.5223E-02
  0.4348E+01  0.5867E+00  0.5222E-02
  0.4389E+01  0.5770E+00  0.5197E-02
  0.4429E+01  0.5674E+00  0.5148E-02
  0.4470E+01  0.5577E+00  0.5081E-02
  0.4510E+01  0.5481E+00  0.5000E-02
  0.4551E+01  0.5384E+00  0.4911E-02
  0.4592E+01  0.5287E+00  0.4821E-02
  0.4632E+01  0.5190E+00  0.4737E-02
  0.4673E+01  0.5092E+00  0.4667E-02
  0.4714E+01  0.4993E+00  0.4619E-02
  0.4754E+01  0.4893E+00  0.4598E-02
  0.4795E+01  0.4792E+00  0.4609E-02
  0.4836E+01  0.4690E+00  0.4653E-02
  0.4876E+01  0.4587E+00  0.4731E-02
  0.4917E+01  0.4483E+00  0.4839E-02
  0.4957E+01  0.4378E+00  0.4972E-02
  0.4998E+01  0.4272E+00  0.5123E-02
  0.5039E+01  0.4165E+00  0.5286E-02
  0.5079E+01  0.4058E+00  0.5451E-02
  0.5120E+01  0.3950E+00  0.5613E-02
  0.5161E+01  0.3841E+00  0.5764E-02
  0.5201E+01  0.3732E+00  0.5899E-02
  0.5242E+01  0.3623E+00  0.6013E-02
  0.5283E+01  0.3515E+00  0.6101E-02
  0.5323E+01  0.3406E+00  0.6163E-02
  0.5364E+01  0.3298E+00  0.6195E-02
  0.5404E+01  0.3191E+00  0.6198E-02
  0.5445E+01  0.3085E+00  0.6172E-02
  0.5486E+01  0.2980E+00  0.6121E-02
  0.5526E+01  0.2877E+00  0.6047E-02
  0.5567E+01  0.2776E+00  0.5955E-02
  0.5608E+01  0.2677E+00  0.5851E-02
  0.5648E+01  0.2580E+00  0.5741E-02
  0.5689E+01  0.2486E+00  0.5634E-02
  0.5730E+01  0.2394E+00  0.5538E-02
  0.5770E+01  0.2306E+00  0.5460E-02
  0.5811E+01  0.2220E+00  0.5408E-02
  0.5851E+01  0.2139E+00  0.5388E-02
  0.5892E+01  0.2060E+00  0.5404E-02
  0.5933E+01  0.1986E+00  0.5456E-02
  0.5973E+01  0.1915E+00  0.5544E-02
  0.6014E+01  0.1849E+00  0.5663E-02
  0.6055E+01  0.1786E+00  0.5807E-02
  0.6095E+01  0.1728E+00  0.5969E-02
  0.6136E+01  0.1673E+00  0.6139E-02
  0.6177E+01  0.1623E+00  0.6311E-02
  0.6217E+01  0.1576E+00  0.6477E-02
  0.6258E+01  0.1534E+00  0.6630E-02
  0.6298E+01  0.1495E+00  0.6765E-02
  0.6339E+01  0.1460E+00  0.6878E-02
  0.6380E+01  0.1429E+00  0.6965E-02
  0.6420E+01  0.1401E+00  0.7026E-02
  0.6461E+01  0.1376E+00  0.7061E-02
  0.6502E+01  0.1354E+00  0.7071E-02
  0.6542E+01  0.1334E+00  0.7061E-02
  0.6583E+01  0.1317E+00  0.7035E-02
  0.6623E+01  0.1301E+00  0.7000E-02
  0.6664E+01  0.1287E+00  0.6963E-02
  0.6705E+01  0.1274E+00  0.6933E-02
  0.6745E+01  0.1262E+00  0.6918E-02
  0.6786E+01  0.1250E+00  0.6926E-02
  0.6827E+01  0.1237E+00  0.6963E-02
  0.6867E+01  0.1224E+00  0.7033E-02
  0.6908E+01  0.1210E+00  0.7136E-02
  0.6949E+01  0.1194E+00  0.7269E-02
  0.6989E+01  0.1176E+00  0.7426E-02
  0.7030E+01  0.1155E+00  0.7598E-02
  0.7070E+01  0.1130E+00  0.7771E-02
  0.7111E+01  0.1102E+00  0.7933E-02
  0.7152E+01  0.1069E+00  0.8068E-02
  0.7192E+01  0.1031E+00  0.8159E-02
  0.7233E+01  0.9880E-01  0.8191E-02
  0.7274E+01  0.9386E-01  0.8146E-02
  0.7314E+01  0.8827E-01  0.8008E-02
  0.7355E+01  0.8195E-01  0.7760E-02
  0.7396E+01  0.7488E-01  0.7387E-02
  0.7436E+01  0.6699E-01  0.6873E-02
  0.7477E+01  0.5823E-01  0.6202E-02
  0.7517E+01  0.4857E-01  0.5360E-02
  0.7558E+01  0.3796E-01  0.4332E-02
  0.7599E+01  0.2635E-01  0.3104E-02
  0.7639E+01  0.1371E-01  0.1665E-02
  0.7680E+01  0.0000E+00  0.0000E+00
