
           ####      G N O M             Version 5.0 (r13469)      ####
                                               Wed Dec 15 15:09:38 2021

           ####      Configuration                                 ####

    System Type:                   arbitrary monodisperse (job = 0)
    Minimum characteristic size:         0.0000
    Maximum characteristic size:         6.7500
    rad56:                               0.0000
    Force 0.0 at r = rmin:                  yes
    Force 0.0 at r = rmax:                  yes
    Initial alpha:                       0.0000
    Initial random seed:    1432235811720407980
    Points in real space:                   190

    Input  1:                      temp-inp.dat
    First data point used:                    1
    Last data point used:                   570
    Scaling coefficient:             0.1000E+01
    Experimental setup:            point collimation



           ####      Results                                       ####

    Parameter    DISCRP  OSCILL  STABIL  SYSDEV  POSITV  VALCEN  SMOOTH
    Weight        1.000   3.000   3.000   3.000   1.000   1.000   1.000
    Sigma         0.300   0.600   0.120   0.120   0.120   0.120   0.600
    Ideal         0.700   1.100   0.000   1.000   1.000   0.950   0.000
    Current       0.731   1.202   0.014   0.626   1.000   0.897   2.612
               --------------------------------------------------------
    Estimate      0.990   0.972   0.987   0.000   1.000   0.826   0.000

    Angular range:                       0.3012 to       2.9999
    Reciprocal space Rg:             0.2278E+01
    Reciprocal space I(0):           0.4436E+02

    Real space range:                    0.0000 to       6.7500
    Real space Rg:                   0.2284E+01 +-   0.3948E-02
    Real space I(0):                 0.4436E+02 +-   0.7622E-01

    Highest ALPHA (theor):           0.4274E+02
    Current ALPHA:                   0.1514E+02

    Total Estimate:                      0.6684 (a REASONABLE solution)



           ####      Experimental Data and Fit                     ####

      S          J EXP       ERROR       J REG       I REG

   0.000000E+00                                                0.443647E+02
   0.107561E-01                                                0.443558E+02
   0.215123E-01                                                0.443290E+02
   0.322684E-01                                                0.442844E+02
   0.430246E-01                                                0.442221E+02
   0.537807E-01                                                0.441421E+02
   0.645368E-01                                                0.440446E+02
   0.752930E-01                                                0.439296E+02
   0.860491E-01                                                0.437974E+02
   0.968053E-01                                                0.436480E+02
   0.107561E+00                                                0.434817E+02
   0.118318E+00                                                0.432987E+02
   0.129074E+00                                                0.430992E+02
   0.139830E+00                                                0.428835E+02
   0.150586E+00                                                0.426519E+02
   0.161342E+00                                                0.424047E+02
   0.172098E+00                                                0.421421E+02
   0.182854E+00                                                0.418645E+02
   0.193611E+00                                                0.415723E+02
   0.204367E+00                                                0.412657E+02
   0.215123E+00                                                0.409453E+02
   0.225879E+00                                                0.406114E+02
   0.236635E+00                                                0.402644E+02
   0.247391E+00                                                0.399048E+02
   0.258147E+00                                                0.395329E+02
   0.268903E+00                                                0.391493E+02
   0.279660E+00                                                0.387543E+02
   0.290416E+00                                                0.383486E+02
   0.301172E+00   0.381748E+02   0.206350E+00   0.379324E+02   0.379324E+02
   0.305915E+00   0.382815E+02   0.204814E+00   0.377457E+02   0.377457E+02
   0.310658E+00   0.378842E+02   0.202524E+00   0.375572E+02   0.375572E+02
   0.315400E+00   0.377062E+02   0.200639E+00   0.373668E+02   0.373668E+02
   0.320143E+00   0.375728E+02   0.198911E+00   0.371747E+02   0.371747E+02
   0.324886E+00   0.375326E+02   0.197378E+00   0.369808E+02   0.369808E+02
   0.329629E+00   0.372070E+02   0.195354E+00   0.367852E+02   0.367852E+02
   0.334372E+00   0.370280E+02   0.193763E+00   0.365879E+02   0.365879E+02
   0.339115E+00   0.366464E+02   0.193918E+00   0.363890E+02   0.363890E+02
   0.343858E+00   0.367034E+02   0.196281E+00   0.361885E+02   0.361885E+02
   0.348601E+00   0.364975E+02   0.201326E+00   0.359866E+02   0.359866E+02
   0.353343E+00   0.360241E+02   0.204436E+00   0.357831E+02   0.357831E+02
   0.358086E+00   0.359326E+02   0.206474E+00   0.355782E+02   0.355782E+02
   0.362829E+00   0.355197E+02   0.207979E+00   0.353719E+02   0.353719E+02
   0.367572E+00   0.352279E+02   0.209125E+00   0.351642E+02   0.351642E+02
   0.372315E+00   0.347895E+02   0.210334E+00   0.349552E+02   0.349552E+02
   0.377058E+00   0.348212E+02   0.211645E+00   0.347450E+02   0.347450E+02
   0.381801E+00   0.345715E+02   0.212051E+00   0.345336E+02   0.345336E+02
   0.386543E+00   0.341393E+02   0.212562E+00   0.343210E+02   0.343210E+02
   0.391286E+00   0.341894E+02   0.213214E+00   0.341072E+02   0.341072E+02
   0.396029E+00   0.335851E+02   0.213551E+00   0.338924E+02   0.338924E+02
   0.400772E+00   0.340289E+02   0.215154E+00   0.336765E+02   0.336765E+02
   0.405515E+00   0.336760E+02   0.222431E+00   0.334597E+02   0.334597E+02
   0.410258E+00   0.330925E+02   0.227155E+00   0.332419E+02   0.332419E+02
   0.415001E+00   0.329730E+02   0.231860E+00   0.330231E+02   0.330231E+02
   0.419744E+00   0.329566E+02   0.235142E+00   0.328036E+02   0.328036E+02
   0.424486E+00   0.328319E+02   0.238714E+00   0.325832E+02   0.325832E+02
   0.429229E+00   0.322037E+02   0.241293E+00   0.323620E+02   0.323620E+02
   0.433972E+00   0.322892E+02   0.244800E+00   0.321402E+02   0.321402E+02
   0.438715E+00   0.319160E+02   0.248305E+00   0.319176E+02   0.319176E+02
   0.443458E+00   0.317338E+02   0.252231E+00   0.316944E+02   0.316944E+02
   0.448201E+00   0.312913E+02   0.254930E+00   0.314706E+02   0.314706E+02
   0.452944E+00   0.311793E+02   0.258818E+00   0.312462E+02   0.312462E+02
   0.457686E+00   0.306362E+02   0.261025E+00   0.310214E+02   0.310214E+02
   0.462429E+00   0.306515E+02   0.262833E+00   0.307961E+02   0.307961E+02
   0.467172E+00   0.308353E+02   0.262208E+00   0.305703E+02   0.305703E+02
   0.471915E+00   0.305365E+02   0.251764E+00   0.303442E+02   0.303442E+02
   0.476658E+00   0.304167E+02   0.246365E+00   0.301177E+02   0.301177E+02
   0.481401E+00   0.298710E+02   0.242196E+00   0.298910E+02   0.298910E+02
   0.486144E+00   0.297612E+02   0.239850E+00   0.296640E+02   0.296640E+02
   0.490887E+00   0.292620E+02   0.237169E+00   0.294367E+02   0.294367E+02
   0.495629E+00   0.291766E+02   0.235285E+00   0.292093E+02   0.292093E+02
   0.500372E+00   0.292061E+02   0.233640E+00   0.289818E+02   0.289818E+02
   0.505115E+00   0.284387E+02   0.231389E+00   0.287542E+02   0.287542E+02
   0.509858E+00   0.284223E+02   0.229812E+00   0.285265E+02   0.285265E+02
   0.514601E+00   0.282647E+02   0.228399E+00   0.282989E+02   0.282989E+02
   0.519344E+00   0.274170E+02   0.227172E+00   0.280712E+02   0.280712E+02
   0.524087E+00   0.276211E+02   0.225644E+00   0.278437E+02   0.278437E+02
   0.528829E+00   0.272384E+02   0.224293E+00   0.276162E+02   0.276162E+02
   0.533572E+00   0.271932E+02   0.222750E+00   0.273889E+02   0.273889E+02
   0.538315E+00   0.270508E+02   0.221016E+00   0.271618E+02   0.271618E+02
   0.543058E+00   0.266041E+02   0.218426E+00   0.269349E+02   0.269349E+02
   0.547801E+00   0.266391E+02   0.216707E+00   0.267082E+02   0.267082E+02
   0.552544E+00   0.261956E+02   0.214888E+00   0.264819E+02   0.264819E+02
   0.557287E+00   0.258958E+02   0.213460E+00   0.262559E+02   0.262559E+02
   0.562029E+00   0.257510E+02   0.211889E+00   0.260302E+02   0.260302E+02
   0.566772E+00   0.254841E+02   0.209952E+00   0.258050E+02   0.258050E+02
   0.571515E+00   0.252018E+02   0.208475E+00   0.255802E+02   0.255802E+02
   0.576258E+00   0.250215E+02   0.207179E+00   0.253559E+02   0.253559E+02
   0.581001E+00   0.247585E+02   0.205436E+00   0.251321E+02   0.251321E+02
   0.585744E+00   0.247276E+02   0.204505E+00   0.249088E+02   0.249088E+02
   0.590487E+00   0.245968E+02   0.204092E+00   0.246861E+02   0.246861E+02
   0.595230E+00   0.240933E+02   0.202933E+00   0.244640E+02   0.244640E+02
   0.599972E+00   0.238634E+02   0.202622E+00   0.242425E+02   0.242425E+02
   0.604715E+00   0.239663E+02   0.201876E+00   0.240217E+02   0.240217E+02
   0.609458E+00   0.234481E+02   0.200593E+00   0.238017E+02   0.238017E+02
   0.614201E+00   0.232853E+02   0.200083E+00   0.235823E+02   0.235823E+02
   0.618944E+00   0.231013E+02   0.199059E+00   0.233637E+02   0.233637E+02
   0.623687E+00   0.229774E+02   0.198403E+00   0.231459E+02   0.231459E+02
   0.628430E+00   0.227380E+02   0.197495E+00   0.229289E+02   0.229289E+02
   0.633173E+00   0.224966E+02   0.197257E+00   0.227128E+02   0.227128E+02
   0.637915E+00   0.222088E+02   0.196524E+00   0.224975E+02   0.224975E+02
   0.642658E+00   0.218485E+02   0.195461E+00   0.222832E+02   0.222832E+02
   0.647401E+00   0.218041E+02   0.194748E+00   0.220697E+02   0.220697E+02
   0.652144E+00   0.217088E+02   0.194366E+00   0.218573E+02   0.218573E+02
   0.656887E+00   0.214305E+02   0.193644E+00   0.216458E+02   0.216458E+02
   0.661630E+00   0.213760E+02   0.192934E+00   0.214353E+02   0.214353E+02
   0.666373E+00   0.210709E+02   0.191931E+00   0.212258E+02   0.212258E+02
   0.671115E+00   0.208530E+02   0.191218E+00   0.210174E+02   0.210174E+02
   0.675858E+00   0.206025E+02   0.190336E+00   0.208100E+02   0.208100E+02
   0.680601E+00   0.203336E+02   0.189607E+00   0.206038E+02   0.206038E+02
   0.685344E+00   0.203442E+02   0.189029E+00   0.203987E+02   0.203987E+02
   0.690087E+00   0.199958E+02   0.188545E+00   0.201947E+02   0.201947E+02
   0.694830E+00   0.199486E+02   0.187836E+00   0.199919E+02   0.199919E+02
   0.699573E+00   0.195749E+02   0.186923E+00   0.197902E+02   0.197902E+02
   0.704315E+00   0.195031E+02   0.186327E+00   0.195898E+02   0.195898E+02
   0.709058E+00   0.193126E+02   0.185714E+00   0.193906E+02   0.193906E+02
   0.713801E+00   0.191337E+02   0.185047E+00   0.191926E+02   0.191926E+02
   0.718544E+00   0.190756E+02   0.184691E+00   0.189958E+02   0.189958E+02
   0.723287E+00   0.184832E+02   0.183721E+00   0.188004E+02   0.188004E+02
   0.728030E+00   0.184578E+02   0.182948E+00   0.186062E+02   0.186062E+02
   0.732773E+00   0.181860E+02   0.182781E+00   0.184133E+02   0.184133E+02
   0.737515E+00   0.182024E+02   0.182150E+00   0.182218E+02   0.182218E+02
   0.742258E+00   0.181009E+02   0.181776E+00   0.180315E+02   0.180315E+02
   0.747001E+00   0.181324E+02   0.180813E+00   0.178427E+02   0.178427E+02
   0.751744E+00   0.179039E+02   0.180555E+00   0.176552E+02   0.176552E+02
   0.756487E+00   0.175736E+02   0.179514E+00   0.174690E+02   0.174690E+02
   0.761230E+00   0.174132E+02   0.178749E+00   0.172842E+02   0.172842E+02
   0.765973E+00   0.171551E+02   0.178278E+00   0.171009E+02   0.171009E+02
   0.770716E+00   0.171377E+02   0.178035E+00   0.169189E+02   0.169189E+02
   0.775459E+00   0.167782E+02   0.177459E+00   0.167384E+02   0.167384E+02
   0.780201E+00   0.167128E+02   0.177126E+00   0.165593E+02   0.165593E+02
   0.784944E+00   0.165668E+02   0.176267E+00   0.163816E+02   0.163816E+02
   0.789687E+00   0.161345E+02   0.175216E+00   0.162054E+02   0.162054E+02
   0.794430E+00   0.158307E+02   0.174630E+00   0.160306E+02   0.160306E+02
   0.799173E+00   0.157749E+02   0.173981E+00   0.158573E+02   0.158573E+02
   0.803916E+00   0.158274E+02   0.173661E+00   0.156855E+02   0.156855E+02
   0.808658E+00   0.157365E+02   0.173090E+00   0.155151E+02   0.155151E+02
   0.813401E+00   0.156094E+02   0.172782E+00   0.153463E+02   0.153463E+02
   0.818144E+00   0.151220E+02   0.172446E+00   0.151789E+02   0.151789E+02
   0.822887E+00   0.148382E+02   0.171598E+00   0.150130E+02   0.150130E+02
   0.827630E+00   0.149737E+02   0.171202E+00   0.148486E+02   0.148486E+02
   0.832373E+00   0.147052E+02   0.169910E+00   0.146857E+02   0.146857E+02
   0.837116E+00   0.144812E+02   0.169940E+00   0.145242E+02   0.145242E+02
   0.841859E+00   0.143590E+02   0.169318E+00   0.143643E+02   0.143643E+02
   0.846601E+00   0.140631E+02   0.168767E+00   0.142060E+02   0.142060E+02
   0.851344E+00   0.139317E+02   0.168101E+00   0.140491E+02   0.140491E+02
   0.856087E+00   0.140405E+02   0.168111E+00   0.138937E+02   0.138937E+02
   0.860830E+00   0.139664E+02   0.167269E+00   0.137399E+02   0.137399E+02
   0.865573E+00   0.137843E+02   0.166900E+00   0.135875E+02   0.135875E+02
   0.870316E+00   0.134492E+02   0.165873E+00   0.134367E+02   0.134367E+02
   0.875059E+00   0.133295E+02   0.165802E+00   0.132874E+02   0.132874E+02
   0.879802E+00   0.132540E+02   0.165145E+00   0.131395E+02   0.131395E+02
   0.884544E+00   0.129520E+02   0.164783E+00   0.129932E+02   0.129932E+02
   0.889287E+00   0.130949E+02   0.164086E+00   0.128484E+02   0.128484E+02
   0.894030E+00   0.129565E+02   0.163738E+00   0.127051E+02   0.127051E+02
   0.898773E+00   0.128693E+02   0.163454E+00   0.125633E+02   0.125633E+02
   0.903516E+00   0.124757E+02   0.162433E+00   0.124231E+02   0.124231E+02
   0.908259E+00   0.123232E+02   0.162008E+00   0.122842E+02   0.122842E+02
   0.913002E+00   0.120452E+02   0.161788E+00   0.121469E+02   0.121469E+02
   0.917744E+00   0.120126E+02   0.161066E+00   0.120111E+02   0.120111E+02
   0.922487E+00   0.119033E+02   0.160673E+00   0.118768E+02   0.118768E+02
   0.927230E+00   0.117296E+02   0.160654E+00   0.117439E+02   0.117439E+02
   0.931973E+00   0.115283E+02   0.159846E+00   0.116125E+02   0.116125E+02
   0.936716E+00   0.114783E+02   0.159442E+00   0.114826E+02   0.114826E+02
   0.941459E+00   0.114648E+02   0.159020E+00   0.113541E+02   0.113541E+02
   0.946202E+00   0.113331E+02   0.158661E+00   0.112270E+02   0.112270E+02
   0.950944E+00   0.114580E+02   0.158267E+00   0.111015E+02   0.111015E+02
   0.955687E+00   0.111521E+02   0.157974E+00   0.109773E+02   0.109773E+02
   0.960430E+00   0.110817E+02   0.156847E+00   0.108546E+02   0.108546E+02
   0.965173E+00   0.110460E+02   0.156561E+00   0.107333E+02   0.107333E+02
   0.969916E+00   0.109048E+02   0.156325E+00   0.106134E+02   0.106134E+02
   0.974659E+00   0.106797E+02   0.155898E+00   0.104949E+02   0.104949E+02
   0.979402E+00   0.105073E+02   0.155517E+00   0.103778E+02   0.103778E+02
   0.984144E+00   0.104855E+02   0.155086E+00   0.102621E+02   0.102621E+02
   0.988887E+00   0.102875E+02   0.154601E+00   0.101477E+02   0.101477E+02
   0.993630E+00   0.994797E+01   0.154225E+00   0.100348E+02   0.100348E+02
   0.998373E+00   0.984666E+01   0.154137E+00   0.992316E+01   0.992316E+01
   0.100312E+01   0.998300E+01   0.153552E+00   0.981289E+01   0.981289E+01
   0.100786E+01   0.100249E+02   0.153183E+00   0.970395E+01   0.970395E+01
   0.101260E+01   0.996059E+01   0.152625E+00   0.959634E+01   0.959634E+01
   0.101734E+01   0.977702E+01   0.152280E+00   0.949003E+01   0.949003E+01
   0.102209E+01   0.968830E+01   0.151769E+00   0.938506E+01   0.938506E+01
   0.102683E+01   0.919535E+01   0.151597E+00   0.928135E+01   0.928135E+01
   0.103157E+01   0.927159E+01   0.151078E+00   0.917892E+01   0.917892E+01
   0.103632E+01   0.919027E+01   0.150726E+00   0.907776E+01   0.907776E+01
   0.104106E+01   0.918274E+01   0.150497E+00   0.897785E+01   0.897785E+01
   0.104580E+01   0.891956E+01   0.149918E+00   0.887919E+01   0.887919E+01
   0.105055E+01   0.897845E+01   0.149666E+00   0.878176E+01   0.878176E+01
   0.105529E+01   0.889761E+01   0.149145E+00   0.868557E+01   0.868557E+01
   0.106003E+01   0.883804E+01   0.148851E+00   0.859057E+01   0.859057E+01
   0.106477E+01   0.889058E+01   0.148481E+00   0.849676E+01   0.849676E+01
   0.106952E+01   0.848856E+01   0.147846E+00   0.840413E+01   0.840413E+01
   0.107426E+01   0.819787E+01   0.147756E+00   0.831267E+01   0.831267E+01
   0.107900E+01   0.830315E+01   0.147225E+00   0.822237E+01   0.822237E+01
   0.108374E+01   0.796510E+01   0.147067E+00   0.813321E+01   0.813321E+01
   0.108849E+01   0.795268E+01   0.146498E+00   0.804518E+01   0.804518E+01
   0.109323E+01   0.819564E+01   0.146069E+00   0.795828E+01   0.795828E+01
   0.109797E+01   0.802492E+01   0.146055E+00   0.787247E+01   0.787247E+01
   0.110272E+01   0.804727E+01   0.145719E+00   0.778775E+01   0.778775E+01
   0.110746E+01   0.787132E+01   0.145120E+00   0.770411E+01   0.770411E+01
   0.111220E+01   0.778004E+01   0.145003E+00   0.762153E+01   0.762153E+01
   0.111695E+01   0.755038E+01   0.144647E+00   0.754001E+01   0.754001E+01
   0.112169E+01   0.755869E+01   0.144391E+00   0.745951E+01   0.745951E+01
   0.112643E+01   0.770349E+01   0.143946E+00   0.738006E+01   0.738006E+01
   0.113117E+01   0.738422E+01   0.143621E+00   0.730160E+01   0.730160E+01
   0.113592E+01   0.750110E+01   0.143385E+00   0.722414E+01   0.722414E+01
   0.114066E+01   0.731119E+01   0.142860E+00   0.714766E+01   0.714766E+01
   0.114540E+01   0.725711E+01   0.142843E+00   0.707215E+01   0.707215E+01
   0.115014E+01   0.711384E+01   0.142158E+00   0.699760E+01   0.699760E+01
   0.115489E+01   0.706353E+01   0.141941E+00   0.692399E+01   0.692399E+01
   0.115963E+01   0.680485E+01   0.141609E+00   0.685131E+01   0.685131E+01
   0.116437E+01   0.661471E+01   0.141294E+00   0.677956E+01   0.677956E+01
   0.116912E+01   0.678464E+01   0.140960E+00   0.670869E+01   0.670869E+01
   0.117386E+01   0.654926E+01   0.140695E+00   0.663872E+01   0.663872E+01
   0.117860E+01   0.651140E+01   0.140319E+00   0.656962E+01   0.656962E+01
   0.118335E+01   0.662811E+01   0.140244E+00   0.650139E+01   0.650139E+01
   0.118809E+01   0.651574E+01   0.139824E+00   0.643400E+01   0.643400E+01
   0.119283E+01   0.655497E+01   0.139419E+00   0.636745E+01   0.636745E+01
   0.119757E+01   0.659041E+01   0.139191E+00   0.630174E+01   0.630174E+01
   0.120232E+01   0.647802E+01   0.139069E+00   0.623683E+01   0.623683E+01
   0.120706E+01   0.638704E+01   0.139651E+00   0.617271E+01   0.617271E+01
   0.121180E+01   0.620524E+01   0.143874E+00   0.610938E+01   0.610938E+01
   0.121654E+01   0.621455E+01   0.146623E+00   0.604682E+01   0.604682E+01
   0.122129E+01   0.612234E+01   0.148526E+00   0.598502E+01   0.598502E+01
   0.122603E+01   0.601846E+01   0.150376E+00   0.592397E+01   0.592397E+01
   0.123077E+01   0.583213E+01   0.151999E+00   0.586365E+01   0.586365E+01
   0.123552E+01   0.564054E+01   0.153351E+00   0.580407E+01   0.580407E+01
   0.124026E+01   0.567791E+01   0.154642E+00   0.574519E+01   0.574519E+01
   0.124500E+01   0.578800E+01   0.155800E+00   0.568700E+01   0.568700E+01
   0.124975E+01   0.537172E+01   0.156569E+00   0.562951E+01   0.562951E+01
   0.125449E+01   0.535329E+01   0.158102E+00   0.557269E+01   0.557269E+01
   0.125923E+01   0.560494E+01   0.158878E+00   0.551653E+01   0.551653E+01
   0.126397E+01   0.545493E+01   0.159059E+00   0.546103E+01   0.546103E+01
   0.126872E+01   0.552150E+01   0.159154E+00   0.540618E+01   0.540618E+01
   0.127346E+01   0.538923E+01   0.157068E+00   0.535194E+01   0.535194E+01
   0.127820E+01   0.531903E+01   0.151499E+00   0.529833E+01   0.529833E+01
   0.128295E+01   0.521886E+01   0.148427E+00   0.524533E+01   0.524533E+01
   0.128769E+01   0.506000E+01   0.146071E+00   0.519292E+01   0.519292E+01
   0.129243E+01   0.512390E+01   0.144226E+00   0.514110E+01   0.514110E+01
   0.129717E+01   0.507268E+01   0.142934E+00   0.508986E+01   0.508986E+01
   0.130192E+01   0.509186E+01   0.141174E+00   0.503919E+01   0.503919E+01
   0.130666E+01   0.494493E+01   0.140120E+00   0.498907E+01   0.498907E+01
   0.131140E+01   0.501768E+01   0.139015E+00   0.493949E+01   0.493949E+01
   0.131614E+01   0.495593E+01   0.138039E+00   0.489046E+01   0.489046E+01
   0.132089E+01   0.482238E+01   0.137346E+00   0.484195E+01   0.484195E+01
   0.132563E+01   0.460208E+01   0.136860E+00   0.479395E+01   0.479395E+01
   0.133037E+01   0.477391E+01   0.136461E+00   0.474647E+01   0.474647E+01
   0.133512E+01   0.480127E+01   0.135964E+00   0.469949E+01   0.469949E+01
   0.133986E+01   0.476611E+01   0.135641E+00   0.465300E+01   0.465300E+01
   0.134460E+01   0.453428E+01   0.135113E+00   0.460699E+01   0.460699E+01
   0.134935E+01   0.471840E+01   0.134896E+00   0.456145E+01   0.456145E+01
   0.135409E+01   0.450006E+01   0.134599E+00   0.451637E+01   0.451637E+01
   0.135883E+01   0.461500E+01   0.134221E+00   0.447176E+01   0.447176E+01
   0.136357E+01   0.424776E+01   0.133963E+00   0.442759E+01   0.442759E+01
   0.136832E+01   0.435047E+01   0.133725E+00   0.438386E+01   0.438386E+01
   0.137306E+01   0.425237E+01   0.133428E+00   0.434057E+01   0.434057E+01
   0.137780E+01   0.417544E+01   0.133045E+00   0.429770E+01   0.429770E+01
   0.138254E+01   0.411341E+01   0.132609E+00   0.425525E+01   0.425525E+01
   0.138729E+01   0.425101E+01   0.132436E+00   0.421321E+01   0.421321E+01
   0.139203E+01   0.403310E+01   0.131923E+00   0.417157E+01   0.417157E+01
   0.139677E+01   0.408626E+01   0.131776E+00   0.413033E+01   0.413033E+01
   0.140152E+01   0.385615E+01   0.131496E+00   0.408948E+01   0.408948E+01
   0.140626E+01   0.389763E+01   0.131137E+00   0.404902E+01   0.404902E+01
   0.141100E+01   0.383943E+01   0.131029E+00   0.400894E+01   0.400894E+01
   0.141575E+01   0.397942E+01   0.130823E+00   0.396922E+01   0.396922E+01
   0.142049E+01   0.394999E+01   0.130465E+00   0.392987E+01   0.392987E+01
   0.142523E+01   0.386416E+01   0.130163E+00   0.389088E+01   0.389088E+01
   0.142997E+01   0.375433E+01   0.129645E+00   0.385225E+01   0.385225E+01
   0.143472E+01   0.384071E+01   0.129627E+00   0.381396E+01   0.381396E+01
   0.143946E+01   0.374912E+01   0.129270E+00   0.377602E+01   0.377602E+01
   0.144420E+01   0.374117E+01   0.129238E+00   0.373842E+01   0.373842E+01
   0.144894E+01   0.360306E+01   0.129053E+00   0.370115E+01   0.370115E+01
   0.145369E+01   0.364853E+01   0.128779E+00   0.366420E+01   0.366420E+01
   0.145843E+01   0.331793E+01   0.128455E+00   0.362758E+01   0.362758E+01
   0.146317E+01   0.352816E+01   0.128303E+00   0.359128E+01   0.359128E+01
   0.146792E+01   0.343916E+01   0.127818E+00   0.355530E+01   0.355530E+01
   0.147266E+01   0.334519E+01   0.127488E+00   0.351962E+01   0.351962E+01
   0.147740E+01   0.319874E+01   0.127162E+00   0.348426E+01   0.348426E+01
   0.148215E+01   0.311110E+01   0.127004E+00   0.344920E+01   0.344920E+01
   0.148689E+01   0.336718E+01   0.126871E+00   0.341443E+01   0.341443E+01
   0.149163E+01   0.332806E+01   0.126711E+00   0.337996E+01   0.337996E+01
   0.149637E+01   0.327962E+01   0.126490E+00   0.334578E+01   0.334578E+01
   0.150112E+01   0.322497E+01   0.126436E+00   0.331189E+01   0.331189E+01
   0.150586E+01   0.322695E+01   0.128960E+00   0.327828E+01   0.327828E+01
   0.151060E+01   0.323841E+01   0.132211E+00   0.324496E+01   0.324496E+01
   0.151534E+01   0.322239E+01   0.134389E+00   0.321192E+01   0.321192E+01
   0.152009E+01   0.304508E+01   0.136069E+00   0.317916E+01   0.317916E+01
   0.152483E+01   0.318236E+01   0.137529E+00   0.314666E+01   0.314666E+01
   0.152957E+01   0.284083E+01   0.138465E+00   0.311444E+01   0.311444E+01
   0.153432E+01   0.297213E+01   0.135003E+00   0.308248E+01   0.308248E+01
   0.153906E+01   0.301140E+01   0.132843E+00   0.305080E+01   0.305080E+01
   0.154380E+01   0.297356E+01   0.131376E+00   0.301937E+01   0.301937E+01
   0.154855E+01   0.292956E+01   0.129757E+00   0.298822E+01   0.298822E+01
   0.155329E+01   0.292429E+01   0.128788E+00   0.295731E+01   0.295731E+01
   0.155803E+01   0.279630E+01   0.127365E+00   0.292667E+01   0.292667E+01
   0.156277E+01   0.267896E+01   0.126152E+00   0.289628E+01   0.289628E+01
   0.156752E+01   0.272052E+01   0.124916E+00   0.286614E+01   0.286614E+01
   0.157226E+01   0.274449E+01   0.124065E+00   0.283626E+01   0.283626E+01
   0.157700E+01   0.273688E+01   0.123473E+00   0.280663E+01   0.280663E+01
   0.158175E+01   0.263800E+01   0.123262E+00   0.277725E+01   0.277725E+01
   0.158649E+01   0.254858E+01   0.123387E+00   0.274812E+01   0.274812E+01
   0.159123E+01   0.244427E+01   0.123333E+00   0.271924E+01   0.271924E+01
   0.159597E+01   0.254737E+01   0.123547E+00   0.269060E+01   0.269060E+01
   0.160072E+01   0.257270E+01   0.123660E+00   0.266220E+01   0.266220E+01
   0.160546E+01   0.258219E+01   0.123408E+00   0.263405E+01   0.263405E+01
   0.161020E+01   0.235801E+01   0.122811E+00   0.260614E+01   0.260614E+01
   0.161495E+01   0.254445E+01   0.122710E+00   0.257847E+01   0.257847E+01
   0.161969E+01   0.252707E+01   0.122627E+00   0.255105E+01   0.255105E+01
   0.162443E+01   0.240640E+01   0.122353E+00   0.252386E+01   0.252386E+01
   0.162917E+01   0.247636E+01   0.122232E+00   0.249691E+01   0.249691E+01
   0.163392E+01   0.244940E+01   0.121904E+00   0.247020E+01   0.247020E+01
   0.163866E+01   0.231276E+01   0.121721E+00   0.244372E+01   0.244372E+01
   0.164340E+01   0.235731E+01   0.121712E+00   0.241749E+01   0.241749E+01
   0.164815E+01   0.238035E+01   0.121538E+00   0.239149E+01   0.239149E+01
   0.165289E+01   0.228357E+01   0.120964E+00   0.236572E+01   0.236572E+01
   0.165763E+01   0.233821E+01   0.120862E+00   0.234020E+01   0.234020E+01
   0.166237E+01   0.215249E+01   0.120655E+00   0.231491E+01   0.231491E+01
   0.166712E+01   0.231138E+01   0.120569E+00   0.228985E+01   0.228985E+01
   0.167186E+01   0.230465E+01   0.120203E+00   0.226502E+01   0.226502E+01
   0.167660E+01   0.230119E+01   0.120163E+00   0.224043E+01   0.224043E+01
   0.168135E+01   0.212424E+01   0.120173E+00   0.221608E+01   0.221608E+01
   0.168609E+01   0.211502E+01   0.119665E+00   0.219195E+01   0.219195E+01
   0.169083E+01   0.201807E+01   0.119418E+00   0.216807E+01   0.216807E+01
   0.169557E+01   0.211671E+01   0.119280E+00   0.214441E+01   0.214441E+01
   0.170032E+01   0.193334E+01   0.119014E+00   0.212099E+01   0.212099E+01
   0.170506E+01   0.204826E+01   0.118990E+00   0.209779E+01   0.209779E+01
   0.170980E+01   0.206277E+01   0.118909E+00   0.207483E+01   0.207483E+01
   0.171455E+01   0.196518E+01   0.118452E+00   0.205210E+01   0.205210E+01
   0.171929E+01   0.197799E+01   0.118343E+00   0.202960E+01   0.202960E+01
   0.172403E+01   0.209689E+01   0.118318E+00   0.200734E+01   0.200734E+01
   0.172877E+01   0.209632E+01   0.117943E+00   0.198530E+01   0.198530E+01
   0.173352E+01   0.197855E+01   0.117726E+00   0.196350E+01   0.196350E+01
   0.173826E+01   0.199248E+01   0.117564E+00   0.194192E+01   0.194192E+01
   0.174300E+01   0.197842E+01   0.117556E+00   0.192058E+01   0.192058E+01
   0.174775E+01   0.189317E+01   0.117474E+00   0.189946E+01   0.189946E+01
   0.175249E+01   0.181656E+01   0.116872E+00   0.187858E+01   0.187858E+01
   0.175723E+01   0.181695E+01   0.117005E+00   0.185792E+01   0.185792E+01
   0.176197E+01   0.177926E+01   0.116740E+00   0.183750E+01   0.183750E+01
   0.176672E+01   0.190637E+01   0.116563E+00   0.181731E+01   0.181731E+01
   0.177146E+01   0.185015E+01   0.116449E+00   0.179734E+01   0.179734E+01
   0.177620E+01   0.187040E+01   0.116275E+00   0.177760E+01   0.177760E+01
   0.178095E+01   0.200024E+01   0.116100E+00   0.175809E+01   0.175809E+01
   0.178569E+01   0.168203E+01   0.115733E+00   0.173880E+01   0.173880E+01
   0.179043E+01   0.169213E+01   0.115656E+00   0.171975E+01   0.171975E+01
   0.179517E+01   0.184361E+01   0.115575E+00   0.170092E+01   0.170092E+01
   0.179992E+01   0.178372E+01   0.115297E+00   0.168232E+01   0.168232E+01
   0.180466E+01   0.175132E+01   0.115145E+00   0.166394E+01   0.166394E+01
   0.180940E+01   0.175268E+01   0.115035E+00   0.164579E+01   0.164579E+01
   0.181415E+01   0.153877E+01   0.114919E+00   0.162786E+01   0.162786E+01
   0.181889E+01   0.158757E+01   0.114636E+00   0.161016E+01   0.161016E+01
   0.182363E+01   0.151422E+01   0.114461E+00   0.159268E+01   0.159268E+01
   0.182838E+01   0.159175E+01   0.114424E+00   0.157542E+01   0.157542E+01
   0.183312E+01   0.157998E+01   0.114365E+00   0.155839E+01   0.155839E+01
   0.183786E+01   0.161706E+01   0.114263E+00   0.154158E+01   0.154158E+01
   0.184260E+01   0.154041E+01   0.114082E+00   0.152499E+01   0.152499E+01
   0.184735E+01   0.160372E+01   0.113801E+00   0.150861E+01   0.150861E+01
   0.185209E+01   0.162792E+01   0.113664E+00   0.149246E+01   0.149246E+01
   0.185683E+01   0.149540E+01   0.113416E+00   0.147653E+01   0.147653E+01
   0.186157E+01   0.156483E+01   0.113340E+00   0.146081E+01   0.146081E+01
   0.186632E+01   0.156329E+01   0.113276E+00   0.144531E+01   0.144531E+01
   0.187106E+01   0.154067E+01   0.113213E+00   0.143003E+01   0.143003E+01
   0.187580E+01   0.156108E+01   0.112844E+00   0.141496E+01   0.141496E+01
   0.188055E+01   0.140533E+01   0.112840E+00   0.140010E+01   0.140010E+01
   0.188529E+01   0.131545E+01   0.112676E+00   0.138545E+01   0.138545E+01
   0.189003E+01   0.141536E+01   0.112544E+00   0.137102E+01   0.137102E+01
   0.189478E+01   0.150414E+01   0.112269E+00   0.135680E+01   0.135680E+01
   0.189952E+01   0.145891E+01   0.112180E+00   0.134278E+01   0.134278E+01
   0.190426E+01   0.125932E+01   0.112032E+00   0.132898E+01   0.132898E+01
   0.190900E+01   0.141780E+01   0.111808E+00   0.131537E+01   0.131537E+01
   0.191375E+01   0.123438E+01   0.111685E+00   0.130198E+01   0.130198E+01
   0.191849E+01   0.129943E+01   0.111588E+00   0.128878E+01   0.128878E+01
   0.192323E+01   0.124609E+01   0.111391E+00   0.127579E+01   0.127579E+01
   0.192797E+01   0.143151E+01   0.111450E+00   0.126300E+01   0.126300E+01
   0.193272E+01   0.126814E+01   0.111110E+00   0.125041E+01   0.125041E+01
   0.193746E+01   0.119226E+01   0.110714E+00   0.123802E+01   0.123802E+01
   0.194220E+01   0.114524E+01   0.110305E+00   0.122582E+01   0.122582E+01
   0.194695E+01   0.123484E+01   0.110085E+00   0.121382E+01   0.121382E+01
   0.195169E+01   0.124215E+01   0.109943E+00   0.120201E+01   0.120201E+01
   0.195643E+01   0.139561E+01   0.109710E+00   0.119039E+01   0.119039E+01
   0.196117E+01   0.115091E+01   0.109551E+00   0.117895E+01   0.117895E+01
   0.196592E+01   0.123770E+01   0.109415E+00   0.116771E+01   0.116771E+01
   0.197066E+01   0.119963E+01   0.109388E+00   0.115665E+01   0.115665E+01
   0.197540E+01   0.135067E+01   0.109468E+00   0.114578E+01   0.114578E+01
   0.198015E+01   0.117365E+01   0.109293E+00   0.113509E+01   0.113509E+01
   0.198489E+01   0.128998E+01   0.109275E+00   0.112457E+01   0.112457E+01
   0.198963E+01   0.997373E+00   0.109406E+00   0.111424E+01   0.111424E+01
   0.199438E+01   0.104387E+01   0.109238E+00   0.110408E+01   0.110408E+01
   0.199912E+01   0.123236E+01   0.109141E+00   0.109409E+01   0.109409E+01
   0.200386E+01   0.110471E+01   0.109066E+00   0.108428E+01   0.108428E+01
   0.200860E+01   0.102252E+01   0.109070E+00   0.107464E+01   0.107464E+01
   0.201335E+01   0.131882E+01   0.110235E+00   0.106516E+01   0.106516E+01
   0.201809E+01   0.112020E+01   0.113101E+00   0.105585E+01   0.105585E+01
   0.202283E+01   0.111737E+01   0.114835E+00   0.104670E+01   0.104670E+01
   0.202758E+01   0.109432E+01   0.116375E+00   0.103772E+01   0.103772E+01
   0.203232E+01   0.111487E+01   0.117506E+00   0.102889E+01   0.102889E+01
   0.203706E+01   0.114903E+01   0.118443E+00   0.102022E+01   0.102022E+01
   0.204180E+01   0.111340E+01   0.119332E+00   0.101171E+01   0.101171E+01
   0.204655E+01   0.930579E+00   0.119859E+00   0.100335E+01   0.100335E+01
   0.205129E+01   0.101646E+01   0.120229E+00   0.995138E+00   0.995138E+00
   0.205603E+01   0.110819E+01   0.120745E+00   0.987074E+00   0.987074E+00
   0.206078E+01   0.111466E+01   0.120926E+00   0.979155E+00   0.979155E+00
   0.206552E+01   0.105846E+01   0.121038E+00   0.971380E+00   0.971380E+00
   0.207026E+01   0.114355E+01   0.121325E+00   0.963746E+00   0.963746E+00
   0.207500E+01   0.935576E+00   0.121497E+00   0.956252E+00   0.956252E+00
   0.207975E+01   0.100176E+01   0.118993E+00   0.948893E+00   0.948893E+00
   0.208449E+01   0.900378E+00   0.116044E+00   0.941667E+00   0.941667E+00
   0.208923E+01   0.859651E+00   0.114486E+00   0.934573E+00   0.934573E+00
   0.209397E+01   0.846490E+00   0.113088E+00   0.927608E+00   0.927608E+00
   0.209872E+01   0.755381E+00   0.111887E+00   0.920770E+00   0.920770E+00
   0.210346E+01   0.805224E+00   0.110890E+00   0.914056E+00   0.914056E+00
   0.210820E+01   0.878882E+00   0.110220E+00   0.907464E+00   0.907464E+00
   0.211295E+01   0.920217E+00   0.110054E+00   0.900993E+00   0.900993E+00
   0.211769E+01   0.859301E+00   0.109767E+00   0.894638E+00   0.894638E+00
   0.212243E+01   0.887928E+00   0.109319E+00   0.888398E+00   0.888398E+00
   0.212717E+01   0.930496E+00   0.109194E+00   0.882270E+00   0.882270E+00
   0.213192E+01   0.904968E+00   0.108966E+00   0.876252E+00   0.876252E+00
   0.213666E+01   0.882543E+00   0.108766E+00   0.870342E+00   0.870342E+00
   0.214140E+01   0.886447E+00   0.108700E+00   0.864537E+00   0.864537E+00
   0.214615E+01   0.648975E+00   0.108218E+00   0.858836E+00   0.858836E+00
   0.215089E+01   0.910393E+00   0.108093E+00   0.853235E+00   0.853235E+00
   0.215563E+01   0.829923E+00   0.107953E+00   0.847733E+00   0.847733E+00
   0.216038E+01   0.849401E+00   0.107796E+00   0.842324E+00   0.842324E+00
   0.216512E+01   0.822410E+00   0.107576E+00   0.837011E+00   0.837011E+00
   0.216986E+01   0.836598E+00   0.107476E+00   0.831788E+00   0.831788E+00
   0.217460E+01   0.814867E+00   0.107145E+00   0.826655E+00   0.826655E+00
   0.217935E+01   0.892061E+00   0.107017E+00   0.821608E+00   0.821608E+00
   0.218409E+01   0.841112E+00   0.106893E+00   0.816647E+00   0.816647E+00
   0.218883E+01   0.766048E+00   0.106883E+00   0.811767E+00   0.811767E+00
   0.219358E+01   0.953636E+00   0.106740E+00   0.806966E+00   0.806966E+00
   0.219832E+01   0.659436E+00   0.106247E+00   0.802244E+00   0.802244E+00
   0.220306E+01   0.735918E+00   0.106286E+00   0.797597E+00   0.797597E+00
   0.220780E+01   0.701217E+00   0.106039E+00   0.793024E+00   0.793024E+00
   0.221255E+01   0.762183E+00   0.105845E+00   0.788522E+00   0.788522E+00
   0.221729E+01   0.908588E+00   0.105854E+00   0.784091E+00   0.784091E+00
   0.222203E+01   0.716850E+00   0.105676E+00   0.779725E+00   0.779725E+00
   0.222677E+01   0.723627E+00   0.105561E+00   0.775425E+00   0.775425E+00
   0.223152E+01   0.692539E+00   0.105305E+00   0.771187E+00   0.771187E+00
   0.223626E+01   0.770505E+00   0.105306E+00   0.767011E+00   0.767011E+00
   0.224100E+01   0.788425E+00   0.105214E+00   0.762894E+00   0.762894E+00
   0.224575E+01   0.564646E+00   0.104843E+00   0.758835E+00   0.758835E+00
   0.225049E+01   0.700126E+00   0.104797E+00   0.754830E+00   0.754830E+00
   0.225523E+01   0.764170E+00   0.104739E+00   0.750880E+00   0.750880E+00
   0.225997E+01   0.729156E+00   0.104514E+00   0.746981E+00   0.746981E+00
   0.226472E+01   0.647839E+00   0.104333E+00   0.743131E+00   0.743131E+00
   0.226946E+01   0.731368E+00   0.104255E+00   0.739332E+00   0.739332E+00
   0.227420E+01   0.638250E+00   0.104186E+00   0.735574E+00   0.735574E+00
   0.227895E+01   0.652705E+00   0.104106E+00   0.731864E+00   0.731864E+00
   0.228369E+01   0.775381E+00   0.103881E+00   0.728196E+00   0.728196E+00
   0.228843E+01   0.736179E+00   0.103800E+00   0.724571E+00   0.724571E+00
   0.229318E+01   0.709302E+00   0.103687E+00   0.720984E+00   0.720984E+00
   0.229792E+01   0.664450E+00   0.103602E+00   0.717436E+00   0.717436E+00
   0.230266E+01   0.624581E+00   0.103509E+00   0.713924E+00   0.713924E+00
   0.230740E+01   0.676749E+00   0.103184E+00   0.710448E+00   0.710448E+00
   0.231215E+01   0.584250E+00   0.103043E+00   0.707005E+00   0.707005E+00
   0.231689E+01   0.581520E+00   0.103038E+00   0.703595E+00   0.703595E+00
   0.232163E+01   0.639100E+00   0.102870E+00   0.700217E+00   0.700217E+00
   0.232638E+01   0.637771E+00   0.102715E+00   0.696867E+00   0.696867E+00
   0.233112E+01   0.681883E+00   0.102715E+00   0.693546E+00   0.693546E+00
   0.233586E+01   0.690479E+00   0.102686E+00   0.690252E+00   0.690252E+00
   0.234060E+01   0.678603E+00   0.102428E+00   0.686985E+00   0.686985E+00
   0.234535E+01   0.484439E+00   0.102228E+00   0.683742E+00   0.683742E+00
   0.235009E+01   0.438597E+00   0.102011E+00   0.680523E+00   0.680523E+00
   0.235483E+01   0.549781E+00   0.102029E+00   0.677326E+00   0.677326E+00
   0.235957E+01   0.607214E+00   0.102067E+00   0.674152E+00   0.674152E+00
   0.236432E+01   0.660126E+00   0.101974E+00   0.670998E+00   0.670998E+00
   0.236906E+01   0.663803E+00   0.101867E+00   0.667864E+00   0.667864E+00
   0.237380E+01   0.656538E+00   0.101557E+00   0.664748E+00   0.664748E+00
   0.237855E+01   0.577209E+00   0.101699E+00   0.661651E+00   0.661651E+00
   0.238329E+01   0.619278E+00   0.101289E+00   0.658572E+00   0.658572E+00
   0.238803E+01   0.487466E+00   0.101309E+00   0.655506E+00   0.655506E+00
   0.239277E+01   0.532716E+00   0.101018E+00   0.652458E+00   0.652458E+00
   0.239752E+01   0.476023E+00   0.100912E+00   0.649424E+00   0.649424E+00
   0.240226E+01   0.544534E+00   0.101078E+00   0.646405E+00   0.646405E+00
   0.240700E+01   0.499287E+00   0.100716E+00   0.643399E+00   0.643399E+00
   0.241175E+01   0.543491E+00   0.100835E+00   0.640406E+00   0.640406E+00
   0.241649E+01   0.466291E+00   0.100651E+00   0.637425E+00   0.637425E+00
   0.242123E+01   0.635263E+00   0.100466E+00   0.634457E+00   0.634457E+00
   0.242598E+01   0.568875E+00   0.100288E+00   0.631499E+00   0.631499E+00
   0.243072E+01   0.529029E+00   0.100269E+00   0.628554E+00   0.628554E+00
   0.243546E+01   0.566769E+00   0.100144E+00   0.625618E+00   0.625618E+00
   0.244020E+01   0.626097E+00   0.100046E+00   0.622693E+00   0.622693E+00
   0.244495E+01   0.659189E+00   0.999225E-01   0.619777E+00   0.619777E+00
   0.244969E+01   0.545432E+00   0.998691E-01   0.616871E+00   0.616871E+00
   0.245443E+01   0.429578E+00   0.996544E-01   0.613975E+00   0.613975E+00
   0.245918E+01   0.510089E+00   0.996372E-01   0.611087E+00   0.611087E+00
   0.246392E+01   0.545346E+00   0.993810E-01   0.608209E+00   0.608209E+00
   0.246866E+01   0.520224E+00   0.995378E-01   0.605339E+00   0.605339E+00
   0.247340E+01   0.562336E+00   0.993448E-01   0.602478E+00   0.602478E+00
   0.247815E+01   0.445357E+00   0.992170E-01   0.599625E+00   0.599625E+00
   0.248289E+01   0.437304E+00   0.990814E-01   0.596781E+00   0.596781E+00
   0.248763E+01   0.572831E+00   0.990718E-01   0.593945E+00   0.593945E+00
   0.249238E+01   0.470357E+00   0.989881E-01   0.591118E+00   0.591118E+00
   0.249712E+01   0.467912E+00   0.987996E-01   0.588299E+00   0.588299E+00
   0.250186E+01   0.568363E+00   0.989116E-01   0.585489E+00   0.585489E+00
   0.250660E+01   0.567914E+00   0.987571E-01   0.582687E+00   0.582687E+00
   0.251135E+01   0.437923E+00   0.985537E-01   0.579894E+00   0.579894E+00
   0.251609E+01   0.521202E+00   0.984245E-01   0.577110E+00   0.577110E+00
   0.252083E+01   0.581466E+00   0.983507E-01   0.574334E+00   0.574334E+00
   0.252558E+01   0.629773E+00   0.978074E-01   0.571568E+00   0.571568E+00
   0.253032E+01   0.510518E+00   0.976113E-01   0.568810E+00   0.568810E+00
   0.253506E+01   0.390973E+00   0.976803E-01   0.566063E+00   0.566063E+00
   0.253980E+01   0.514361E+00   0.974850E-01   0.563326E+00   0.563326E+00
   0.254455E+01   0.606690E+00   0.975764E-01   0.560598E+00   0.560598E+00
   0.254929E+01   0.611015E+00   0.973900E-01   0.557880E+00   0.557880E+00
   0.255403E+01   0.574127E+00   0.974783E-01   0.555173E+00   0.555173E+00
   0.255878E+01   0.465704E+00   0.972584E-01   0.552477E+00   0.552477E+00
   0.256352E+01   0.495366E+00   0.971273E-01   0.549793E+00   0.549793E+00
   0.256826E+01   0.585103E+00   0.972777E-01   0.547120E+00   0.547120E+00
   0.257300E+01   0.501518E+00   0.971455E-01   0.544459E+00   0.544459E+00
   0.257775E+01   0.615060E+00   0.972429E-01   0.541810E+00   0.541810E+00
   0.258249E+01   0.536780E+00   0.973212E-01   0.539174E+00   0.539174E+00
   0.258723E+01   0.569562E+00   0.970166E-01   0.536551E+00   0.536551E+00
   0.259198E+01   0.509662E+00   0.968443E-01   0.533941E+00   0.533941E+00
   0.259672E+01   0.493822E+00   0.969462E-01   0.531345E+00   0.531345E+00
   0.260146E+01   0.607304E+00   0.968204E-01   0.528764E+00   0.528764E+00
   0.260620E+01   0.500234E+00   0.967395E-01   0.526197E+00   0.526197E+00
   0.261095E+01   0.501672E+00   0.967723E-01   0.523646E+00   0.523646E+00
   0.261569E+01   0.406437E+00   0.964428E-01   0.521111E+00   0.521111E+00
   0.262043E+01   0.552907E+00   0.964301E-01   0.518592E+00   0.518592E+00
   0.262518E+01   0.531014E+00   0.964231E-01   0.516089E+00   0.516089E+00
   0.262992E+01   0.405642E+00   0.962749E-01   0.513604E+00   0.513604E+00
   0.263466E+01   0.583992E+00   0.962042E-01   0.511136E+00   0.511136E+00
   0.263940E+01   0.432884E+00   0.961262E-01   0.508686E+00   0.508686E+00
   0.264415E+01   0.453056E+00   0.959096E-01   0.506255E+00   0.506255E+00
   0.264889E+01   0.588363E+00   0.959316E-01   0.503842E+00   0.503842E+00
   0.265363E+01   0.420838E+00   0.959065E-01   0.501449E+00   0.501449E+00
   0.265838E+01   0.546417E+00   0.958148E-01   0.499076E+00   0.499076E+00
   0.266312E+01   0.505763E+00   0.957960E-01   0.496723E+00   0.496723E+00
   0.266786E+01   0.387135E+00   0.954068E-01   0.494390E+00   0.494390E+00
   0.267260E+01   0.476644E+00   0.953343E-01   0.492080E+00   0.492080E+00
   0.267735E+01   0.465791E+00   0.953751E-01   0.489791E+00   0.489791E+00
   0.268209E+01   0.502950E+00   0.954228E-01   0.487524E+00   0.487524E+00
   0.268683E+01   0.458605E+00   0.952677E-01   0.485280E+00   0.485280E+00
   0.269158E+01   0.469211E+00   0.952693E-01   0.483059E+00   0.483059E+00
   0.269632E+01   0.531507E+00   0.951585E-01   0.480861E+00   0.480861E+00
   0.270106E+01   0.450468E+00   0.949120E-01   0.478687E+00   0.478687E+00
   0.270580E+01   0.424808E+00   0.947738E-01   0.476537E+00   0.476537E+00
   0.271055E+01   0.616008E+00   0.947632E-01   0.474413E+00   0.474413E+00
   0.271529E+01   0.558651E+00   0.948129E-01   0.472313E+00   0.472313E+00
   0.272003E+01   0.513889E+00   0.946797E-01   0.470238E+00   0.470238E+00
   0.272478E+01   0.402416E+00   0.945172E-01   0.468190E+00   0.468190E+00
   0.272952E+01   0.364378E+00   0.943513E-01   0.466169E+00   0.466169E+00
   0.273426E+01   0.488649E+00   0.942203E-01   0.464173E+00   0.464173E+00
   0.273901E+01   0.463937E+00   0.942715E-01   0.462204E+00   0.462204E+00
   0.274375E+01   0.666733E+00   0.942204E-01   0.460263E+00   0.460263E+00
   0.274849E+01   0.519700E+00   0.941324E-01   0.458349E+00   0.458349E+00
   0.275323E+01   0.585900E+00   0.941772E-01   0.456462E+00   0.456462E+00
   0.275798E+01   0.555786E+00   0.939283E-01   0.454604E+00   0.454604E+00
   0.276272E+01   0.449771E+00   0.938096E-01   0.452774E+00   0.452774E+00
   0.276746E+01   0.389964E+00   0.937225E-01   0.450972E+00   0.450972E+00
   0.277221E+01   0.389032E+00   0.936647E-01   0.449200E+00   0.449200E+00
   0.277695E+01   0.438900E+00   0.935697E-01   0.447456E+00   0.447456E+00
   0.278169E+01   0.443249E+00   0.935516E-01   0.445741E+00   0.445741E+00
   0.278643E+01   0.470181E+00   0.934751E-01   0.444056E+00   0.444056E+00
   0.279118E+01   0.450209E+00   0.933171E-01   0.442400E+00   0.442400E+00
   0.279592E+01   0.416582E+00   0.933449E-01   0.440773E+00   0.440773E+00
   0.280066E+01   0.406673E+00   0.931583E-01   0.439177E+00   0.439177E+00
   0.280540E+01   0.470262E+00   0.932799E-01   0.437610E+00   0.437610E+00
   0.281015E+01   0.404973E+00   0.931838E-01   0.436073E+00   0.436073E+00
   0.281489E+01   0.418715E+00   0.932939E-01   0.434566E+00   0.434566E+00
   0.281963E+01   0.525845E+00   0.952223E-01   0.433089E+00   0.433089E+00
   0.282438E+01   0.453900E+00   0.969100E-01   0.431641E+00   0.431641E+00
   0.282912E+01   0.417370E+00   0.979458E-01   0.430224E+00   0.430224E+00
   0.283386E+01   0.416699E+00   0.990384E-01   0.428839E+00   0.428839E+00
   0.283860E+01   0.369305E+00   0.998510E-01   0.427479E+00   0.427479E+00
   0.284335E+01   0.447142E+00   0.100113E+00   0.426152E+00   0.426152E+00
   0.284809E+01   0.610551E+00   0.100647E+00   0.424854E+00   0.424854E+00
   0.285283E+01   0.588741E+00   0.100893E+00   0.423586E+00   0.423586E+00
   0.285758E+01   0.509339E+00   0.101145E+00   0.422347E+00   0.422347E+00
   0.286232E+01   0.519985E+00   0.101440E+00   0.421138E+00   0.421138E+00
   0.286706E+01   0.440011E+00   0.101577E+00   0.419958E+00   0.419958E+00
   0.287181E+01   0.544578E+00   0.101872E+00   0.418807E+00   0.418807E+00
   0.287655E+01   0.503552E+00   0.102035E+00   0.417685E+00   0.417685E+00
   0.288129E+01   0.427428E+00   0.101792E+00   0.416591E+00   0.416591E+00
   0.288603E+01   0.446464E+00   0.993033E-01   0.415527E+00   0.415527E+00
   0.289078E+01   0.499306E+00   0.975782E-01   0.414489E+00   0.414489E+00
   0.289552E+01   0.488764E+00   0.963874E-01   0.413480E+00   0.413480E+00
   0.290026E+01   0.460441E+00   0.955776E-01   0.412499E+00   0.412499E+00
   0.290501E+01   0.335302E+00   0.949487E-01   0.411545E+00   0.411545E+00
   0.290975E+01   0.429333E+00   0.947338E-01   0.410617E+00   0.410617E+00
   0.291449E+01   0.398146E+00   0.945454E-01   0.409717E+00   0.409717E+00
   0.291923E+01   0.362907E+00   0.944099E-01   0.408842E+00   0.408842E+00
   0.292398E+01   0.417461E+00   0.940665E-01   0.407994E+00   0.407994E+00
   0.292872E+01   0.409759E+00   0.938758E-01   0.407170E+00   0.407170E+00
   0.293346E+01   0.329326E+00   0.937224E-01   0.406372E+00   0.406372E+00
   0.293820E+01   0.391972E+00   0.936635E-01   0.405598E+00   0.405598E+00
   0.294295E+01   0.476020E+00   0.934177E-01   0.404849E+00   0.404849E+00
   0.294769E+01   0.385840E+00   0.933586E-01   0.404123E+00   0.404123E+00
   0.295243E+01   0.538603E+00   0.932898E-01   0.403420E+00   0.403420E+00
   0.295718E+01   0.446902E+00   0.931622E-01   0.402740E+00   0.402740E+00
   0.296192E+01   0.443275E+00   0.930301E-01   0.402082E+00   0.402082E+00
   0.296666E+01   0.517990E+00   0.928042E-01   0.401446E+00   0.401446E+00
   0.297140E+01   0.388836E+00   0.926571E-01   0.400831E+00   0.400831E+00
   0.297615E+01   0.399940E+00   0.925988E-01   0.400236E+00   0.400236E+00
   0.298089E+01   0.393070E+00   0.924713E-01   0.399662E+00   0.399662E+00
   0.298563E+01   0.391455E+00   0.925311E-01   0.399107E+00   0.399107E+00
   0.299038E+01   0.483523E+00   0.922075E-01   0.398571E+00   0.398571E+00
   0.299512E+01   0.415069E+00   0.921151E-01   0.398053E+00   0.398053E+00
   0.299986E+01   0.556622E+00   0.920195E-01   0.397552E+00   0.397552E+00

           ####      Real Space Data                               ####

           Distance distribution  function of particle  


      R          P(R)      ERROR

  0.0000E+00  0.0000E+00  0.0000E+00
  0.3571E-01  0.1135E-01  0.2963E-03
  0.7143E-01  0.2342E-01  0.5535E-03
  0.1071E+00  0.3620E-01  0.7720E-03
  0.1429E+00  0.4971E-01  0.9525E-03
  0.1786E+00  0.6392E-01  0.1096E-02
  0.2143E+00  0.7882E-01  0.1204E-02
  0.2500E+00  0.9441E-01  0.1277E-02
  0.2857E+00  0.1107E+00  0.1318E-02
  0.3214E+00  0.1276E+00  0.1329E-02
  0.3571E+00  0.1451E+00  0.1312E-02
  0.3929E+00  0.1632E+00  0.1270E-02
  0.4286E+00  0.1820E+00  0.1205E-02
  0.4643E+00  0.2012E+00  0.1122E-02
  0.5000E+00  0.2211E+00  0.1025E-02
  0.5357E+00  0.2414E+00  0.9199E-03
  0.5714E+00  0.2621E+00  0.8149E-03
  0.6071E+00  0.2834E+00  0.7213E-03
  0.6429E+00  0.3050E+00  0.6547E-03
  0.6786E+00  0.3269E+00  0.6322E-03
  0.7143E+00  0.3492E+00  0.6636E-03
  0.7500E+00  0.3718E+00  0.7441E-03
  0.7857E+00  0.3946E+00  0.8596E-03
  0.8214E+00  0.4176E+00  0.9957E-03
  0.8571E+00  0.4408E+00  0.1142E-02
  0.8929E+00  0.4641E+00  0.1290E-02
  0.9286E+00  0.4874E+00  0.1435E-02
  0.9643E+00  0.5107E+00  0.1573E-02
  0.1000E+01  0.5341E+00  0.1701E-02
  0.1036E+01  0.5573E+00  0.1816E-02
  0.1071E+01  0.5804E+00  0.1918E-02
  0.1107E+01  0.6034E+00  0.2004E-02
  0.1143E+01  0.6261E+00  0.2073E-02
  0.1179E+01  0.6485E+00  0.2125E-02
  0.1214E+01  0.6707E+00  0.2160E-02
  0.1250E+01  0.6924E+00  0.2176E-02
  0.1286E+01  0.7138E+00  0.2175E-02
  0.1321E+01  0.7347E+00  0.2158E-02
  0.1357E+01  0.7551E+00  0.2124E-02
  0.1393E+01  0.7750E+00  0.2076E-02
  0.1429E+01  0.7943E+00  0.2014E-02
  0.1464E+01  0.8130E+00  0.1942E-02
  0.1500E+01  0.8310E+00  0.1863E-02
  0.1536E+01  0.8484E+00  0.1778E-02
  0.1571E+01  0.8650E+00  0.1692E-02
  0.1607E+01  0.8808E+00  0.1610E-02
  0.1643E+01  0.8959E+00  0.1537E-02
  0.1679E+01  0.9101E+00  0.1479E-02
  0.1714E+01  0.9235E+00  0.1440E-02
  0.1750E+01  0.9361E+00  0.1425E-02
  0.1786E+01  0.9477E+00  0.1436E-02
  0.1821E+01  0.9585E+00  0.1474E-02
  0.1857E+01  0.9683E+00  0.1535E-02
  0.1893E+01  0.9773E+00  0.1617E-02
  0.1929E+01  0.9853E+00  0.1714E-02
  0.1964E+01  0.9924E+00  0.1821E-02
  0.2000E+01  0.9985E+00  0.1933E-02
  0.2036E+01  0.1004E+01  0.2047E-02
  0.2071E+01  0.1008E+01  0.2158E-02
  0.2107E+01  0.1011E+01  0.2264E-02
  0.2143E+01  0.1014E+01  0.2363E-02
  0.2179E+01  0.1015E+01  0.2452E-02
  0.2214E+01  0.1016E+01  0.2530E-02
  0.2250E+01  0.1016E+01  0.2596E-02
  0.2286E+01  0.1015E+01  0.2649E-02
  0.2321E+01  0.1013E+01  0.2688E-02
  0.2357E+01  0.1010E+01  0.2713E-02
  0.2393E+01  0.1007E+01  0.2725E-02
  0.2429E+01  0.1003E+01  0.2723E-02
  0.2464E+01  0.9981E+00  0.2708E-02
  0.2500E+01  0.9926E+00  0.2682E-02
  0.2536E+01  0.9865E+00  0.2646E-02
  0.2571E+01  0.9797E+00  0.2601E-02
  0.2607E+01  0.9724E+00  0.2549E-02
  0.2643E+01  0.9646E+00  0.2491E-02
  0.2679E+01  0.9563E+00  0.2431E-02
  0.2714E+01  0.9475E+00  0.2372E-02
  0.2750E+01  0.9383E+00  0.2314E-02
  0.2786E+01  0.9288E+00  0.2263E-02
  0.2821E+01  0.9189E+00  0.2219E-02
  0.2857E+01  0.9087E+00  0.2186E-02
  0.2893E+01  0.8983E+00  0.2165E-02
  0.2929E+01  0.8876E+00  0.2158E-02
  0.2964E+01  0.8768E+00  0.2166E-02
  0.3000E+01  0.8657E+00  0.2188E-02
  0.3036E+01  0.8546E+00  0.2224E-02
  0.3071E+01  0.8434E+00  0.2271E-02
  0.3107E+01  0.8322E+00  0.2328E-02
  0.3143E+01  0.8209E+00  0.2393E-02
  0.3179E+01  0.8096E+00  0.2463E-02
  0.3214E+01  0.7983E+00  0.2535E-02
  0.3250E+01  0.7871E+00  0.2609E-02
  0.3286E+01  0.7759E+00  0.2681E-02
  0.3321E+01  0.7648E+00  0.2751E-02
  0.3357E+01  0.7538E+00  0.2816E-02
  0.3393E+01  0.7430E+00  0.2877E-02
  0.3429E+01  0.7322E+00  0.2931E-02
  0.3464E+01  0.7216E+00  0.2978E-02
  0.3500E+01  0.7111E+00  0.3019E-02
  0.3536E+01  0.7008E+00  0.3052E-02
  0.3571E+01  0.6907E+00  0.3079E-02
  0.3607E+01  0.6807E+00  0.3100E-02
  0.3643E+01  0.6708E+00  0.3114E-02
  0.3679E+01  0.6611E+00  0.3123E-02
  0.3714E+01  0.6516E+00  0.3127E-02
  0.3750E+01  0.6422E+00  0.3128E-02
  0.3786E+01  0.6329E+00  0.3125E-02
  0.3821E+01  0.6238E+00  0.3121E-02
  0.3857E+01  0.6148E+00  0.3117E-02
  0.3893E+01  0.6059E+00  0.3112E-02
  0.3929E+01  0.5971E+00  0.3108E-02
  0.3964E+01  0.5885E+00  0.3106E-02
  0.4000E+01  0.5799E+00  0.3107E-02
  0.4036E+01  0.5713E+00  0.3110E-02
  0.4071E+01  0.5629E+00  0.3116E-02
  0.4107E+01  0.5545E+00  0.3125E-02
  0.4143E+01  0.5461E+00  0.3138E-02
  0.4179E+01  0.5378E+00  0.3154E-02
  0.4214E+01  0.5295E+00  0.3173E-02
  0.4250E+01  0.5212E+00  0.3194E-02
  0.4286E+01  0.5130E+00  0.3217E-02
  0.4321E+01  0.5047E+00  0.3242E-02
  0.4357E+01  0.4964E+00  0.3268E-02
  0.4393E+01  0.4881E+00  0.3294E-02
  0.4429E+01  0.4798E+00  0.3320E-02
  0.4464E+01  0.4715E+00  0.3345E-02
  0.4500E+01  0.4631E+00  0.3370E-02
  0.4536E+01  0.4548E+00  0.3393E-02
  0.4571E+01  0.4464E+00  0.3415E-02
  0.4607E+01  0.4380E+00  0.3436E-02
  0.4643E+01  0.4296E+00  0.3455E-02
  0.4679E+01  0.4212E+00  0.3472E-02
  0.4714E+01  0.4128E+00  0.3487E-02
  0.4750E+01  0.4043E+00  0.3500E-02
  0.4786E+01  0.3960E+00  0.3512E-02
  0.4821E+01  0.3876E+00  0.3522E-02
  0.4857E+01  0.3793E+00  0.3530E-02
  0.4893E+01  0.3710E+00  0.3537E-02
  0.4929E+01  0.3627E+00  0.3542E-02
  0.4964E+01  0.3546E+00  0.3546E-02
  0.5000E+01  0.3465E+00  0.3549E-02
  0.5036E+01  0.3385E+00  0.3551E-02
  0.5071E+01  0.3306E+00  0.3552E-02
  0.5107E+01  0.3228E+00  0.3553E-02
  0.5143E+01  0.3152E+00  0.3553E-02
  0.5179E+01  0.3077E+00  0.3553E-02
  0.5214E+01  0.3003E+00  0.3554E-02
  0.5250E+01  0.2931E+00  0.3555E-02
  0.5286E+01  0.2861E+00  0.3558E-02
  0.5321E+01  0.2792E+00  0.3564E-02
  0.5357E+01  0.2725E+00  0.3572E-02
  0.5393E+01  0.2660E+00  0.3584E-02
  0.5429E+01  0.2597E+00  0.3601E-02
  0.5464E+01  0.2536E+00  0.3623E-02
  0.5500E+01  0.2477E+00  0.3651E-02
  0.5536E+01  0.2419E+00  0.3687E-02
  0.5571E+01  0.2364E+00  0.3730E-02
  0.5607E+01  0.2310E+00  0.3780E-02
  0.5643E+01  0.2257E+00  0.3839E-02
  0.5679E+01  0.2207E+00  0.3906E-02
  0.5714E+01  0.2157E+00  0.3980E-02
  0.5750E+01  0.2109E+00  0.4061E-02
  0.5786E+01  0.2062E+00  0.4146E-02
  0.5821E+01  0.2015E+00  0.4236E-02
  0.5857E+01  0.1970E+00  0.4328E-02
  0.5893E+01  0.1924E+00  0.4420E-02
  0.5929E+01  0.1879E+00  0.4510E-02
  0.5964E+01  0.1833E+00  0.4596E-02
  0.6000E+01  0.1787E+00  0.4674E-02
  0.6036E+01  0.1740E+00  0.4743E-02
  0.6071E+01  0.1692E+00  0.4800E-02
  0.6107E+01  0.1642E+00  0.4841E-02
  0.6143E+01  0.1590E+00  0.4864E-02
  0.6179E+01  0.1536E+00  0.4867E-02
  0.6214E+01  0.1479E+00  0.4846E-02
  0.6250E+01  0.1418E+00  0.4798E-02
  0.6286E+01  0.1355E+00  0.4722E-02
  0.6321E+01  0.1287E+00  0.4613E-02
  0.6357E+01  0.1214E+00  0.4471E-02
  0.6393E+01  0.1137E+00  0.4291E-02
  0.6429E+01  0.1054E+00  0.4072E-02
  0.6464E+01  0.9656E-01  0.3812E-02
  0.6500E+01  0.8709E-01  0.3508E-02
  0.6536E+01  0.7696E-01  0.3158E-02
  0.6571E+01  0.6612E-01  0.2760E-02
  0.6607E+01  0.5453E-01  0.2313E-02
  0.6643E+01  0.4217E-01  0.1815E-02
  0.6679E+01  0.2898E-01  0.1264E-02
  0.6714E+01  0.1493E-01  0.6597E-03
  0.6750E+01  0.0000E+00  0.0000E+00
