
           ####      G N O M             Version 5.0 (r13469)      ####
                                               Wed Dec 15 15:10:14 2021

           ####      Configuration                                 ####

    System Type:                   arbitrary monodisperse (job = 0)
    Minimum characteristic size:         0.0000
    Maximum characteristic size:         8.6200
    rad56:                               0.0000
    Force 0.0 at r = rmin:                  yes
    Force 0.0 at r = rmax:                  yes
    Initial alpha:                       0.0000
    Initial random seed:    1434543411907800744
    Points in real space:                   190

    Input  1:                      temp-inp.dat
    First data point used:                    1
    Last data point used:                   570
    Scaling coefficient:             0.1000E+01
    Experimental setup:            point collimation



           ####      Results                                       ####

    Parameter    DISCRP  OSCILL  STABIL  SYSDEV  POSITV  VALCEN  SMOOTH
    Weight        1.000   3.000   3.000   3.000   1.000   1.000   1.000
    Sigma         0.300   0.600   0.120   0.120   0.120   0.120   0.600
    Ideal         0.700   1.100   0.000   1.000   1.000   0.950   0.000
    Current       0.421   1.529   0.012   0.960   1.000   0.810   0.993
               --------------------------------------------------------
    Estimate      0.422   0.600   0.991   1.000   1.000   0.257   0.065

    Angular range:                       0.3012 to       2.9999
    Reciprocal space Rg:             0.2384E+01
    Reciprocal space I(0):           0.4033E+02

    Real space range:                    0.0000 to       8.6200
    Real space Rg:                   0.2396E+01 +-   0.1533E-01
    Real space I(0):                 0.4033E+02 +-   0.1257E+00

    Highest ALPHA (theor):           0.4269E+02
    Current ALPHA:                   0.8984E-01

    Total Estimate:                      0.7320 (a REASONABLE solution)



           ####      Experimental Data and Fit                     ####

      S          J EXP       ERROR       J REG       I REG

   0.000000E+00                                                0.403311E+02
   0.107561E-01                                                0.403221E+02
   0.215123E-01                                                0.402954E+02
   0.322684E-01                                                0.402508E+02
   0.430246E-01                                                0.401885E+02
   0.537807E-01                                                0.401086E+02
   0.645368E-01                                                0.400112E+02
   0.752930E-01                                                0.398964E+02
   0.860491E-01                                                0.397645E+02
   0.968053E-01                                                0.396156E+02
   0.107561E+00                                                0.394501E+02
   0.118318E+00                                                0.392681E+02
   0.129074E+00                                                0.390699E+02
   0.139830E+00                                                0.388560E+02
   0.150586E+00                                                0.386265E+02
   0.161342E+00                                                0.383819E+02
   0.172098E+00                                                0.381225E+02
   0.182854E+00                                                0.378487E+02
   0.193611E+00                                                0.375611E+02
   0.204367E+00                                                0.372599E+02
   0.215123E+00                                                0.369457E+02
   0.225879E+00                                                0.366189E+02
   0.236635E+00                                                0.362800E+02
   0.247391E+00                                                0.359295E+02
   0.258147E+00                                                0.355680E+02
   0.268903E+00                                                0.351958E+02
   0.279660E+00                                                0.348137E+02
   0.290416E+00                                                0.344220E+02
   0.301172E+00   0.339860E+02   0.203788E+00   0.340215E+02   0.340215E+02
   0.305915E+00   0.339990E+02   0.202008E+00   0.338421E+02   0.338421E+02
   0.310658E+00   0.335086E+02   0.200024E+00   0.336612E+02   0.336612E+02
   0.315400E+00   0.333111E+02   0.198237E+00   0.334787E+02   0.334787E+02
   0.320143E+00   0.332420E+02   0.196349E+00   0.332948E+02   0.332948E+02
   0.324886E+00   0.328430E+02   0.194520E+00   0.331094E+02   0.331094E+02
   0.329629E+00   0.330900E+02   0.193096E+00   0.329226E+02   0.329226E+02
   0.334372E+00   0.326608E+02   0.191170E+00   0.327344E+02   0.327344E+02
   0.339115E+00   0.326595E+02   0.191933E+00   0.325450E+02   0.325450E+02
   0.343858E+00   0.325637E+02   0.194224E+00   0.323543E+02   0.323543E+02
   0.348601E+00   0.320810E+02   0.198363E+00   0.321624E+02   0.321624E+02
   0.353343E+00   0.319875E+02   0.201708E+00   0.319693E+02   0.319693E+02
   0.358086E+00   0.316643E+02   0.203682E+00   0.317752E+02   0.317752E+02
   0.362829E+00   0.314291E+02   0.205340E+00   0.315799E+02   0.315799E+02
   0.367572E+00   0.314030E+02   0.206832E+00   0.313837E+02   0.313837E+02
   0.372315E+00   0.310714E+02   0.207863E+00   0.311865E+02   0.311865E+02
   0.377058E+00   0.310125E+02   0.209297E+00   0.309883E+02   0.309883E+02
   0.381801E+00   0.307893E+02   0.209544E+00   0.307893E+02   0.307893E+02
   0.386543E+00   0.306683E+02   0.210371E+00   0.305895E+02   0.305895E+02
   0.391286E+00   0.302432E+02   0.211139E+00   0.303889E+02   0.303889E+02
   0.396029E+00   0.299542E+02   0.211145E+00   0.301875E+02   0.301875E+02
   0.400772E+00   0.303732E+02   0.212937E+00   0.299855E+02   0.299855E+02
   0.405515E+00   0.301478E+02   0.220255E+00   0.297828E+02   0.297828E+02
   0.410258E+00   0.297092E+02   0.225059E+00   0.295795E+02   0.295795E+02
   0.415001E+00   0.294629E+02   0.229677E+00   0.293757E+02   0.293757E+02
   0.419744E+00   0.290124E+02   0.232442E+00   0.291713E+02   0.291713E+02
   0.424486E+00   0.289703E+02   0.236247E+00   0.289665E+02   0.289665E+02
   0.429229E+00   0.289139E+02   0.239467E+00   0.287613E+02   0.287613E+02
   0.433972E+00   0.286511E+02   0.242730E+00   0.285557E+02   0.285557E+02
   0.438715E+00   0.278279E+02   0.245591E+00   0.283498E+02   0.283498E+02
   0.443458E+00   0.278022E+02   0.248575E+00   0.281436E+02   0.281436E+02
   0.448201E+00   0.279997E+02   0.252426E+00   0.279371E+02   0.279371E+02
   0.452944E+00   0.280609E+02   0.256731E+00   0.277304E+02   0.277304E+02
   0.457686E+00   0.273605E+02   0.258517E+00   0.275236E+02   0.275236E+02
   0.462429E+00   0.269533E+02   0.260108E+00   0.273167E+02   0.273167E+02
   0.467172E+00   0.271452E+02   0.259488E+00   0.271096E+02   0.271096E+02
   0.471915E+00   0.270145E+02   0.249504E+00   0.269025E+02   0.269025E+02
   0.476658E+00   0.270169E+02   0.244256E+00   0.266955E+02   0.266955E+02
   0.481401E+00   0.263474E+02   0.240449E+00   0.264884E+02   0.264884E+02
   0.486144E+00   0.264294E+02   0.237764E+00   0.262815E+02   0.262815E+02
   0.490887E+00   0.262100E+02   0.235492E+00   0.260746E+02   0.260746E+02
   0.495629E+00   0.260636E+02   0.233086E+00   0.258679E+02   0.258679E+02
   0.500372E+00   0.256385E+02   0.231071E+00   0.256614E+02   0.256614E+02
   0.505115E+00   0.253456E+02   0.229468E+00   0.254552E+02   0.254552E+02
   0.509858E+00   0.255912E+02   0.228414E+00   0.252492E+02   0.252492E+02
   0.514601E+00   0.251260E+02   0.226732E+00   0.250435E+02   0.250435E+02
   0.519344E+00   0.246637E+02   0.225441E+00   0.248381E+02   0.248381E+02
   0.524087E+00   0.247068E+02   0.223946E+00   0.246331E+02   0.246331E+02
   0.528829E+00   0.243042E+02   0.222232E+00   0.244285E+02   0.244285E+02
   0.533572E+00   0.245647E+02   0.220840E+00   0.242243E+02   0.242243E+02
   0.538315E+00   0.242853E+02   0.218762E+00   0.240206E+02   0.240206E+02
   0.543058E+00   0.239234E+02   0.216790E+00   0.238174E+02   0.238174E+02
   0.547801E+00   0.235443E+02   0.215315E+00   0.236147E+02   0.236147E+02
   0.552544E+00   0.231195E+02   0.213120E+00   0.234125E+02   0.234125E+02
   0.557287E+00   0.231944E+02   0.211909E+00   0.232110E+02   0.232110E+02
   0.562029E+00   0.230191E+02   0.210212E+00   0.230101E+02   0.230101E+02
   0.566772E+00   0.227595E+02   0.208655E+00   0.228098E+02   0.228098E+02
   0.571515E+00   0.222886E+02   0.206713E+00   0.226102E+02   0.226102E+02
   0.576258E+00   0.221909E+02   0.205266E+00   0.224113E+02   0.224113E+02
   0.581001E+00   0.225291E+02   0.204702E+00   0.222132E+02   0.222132E+02
   0.585744E+00   0.220818E+02   0.203202E+00   0.220158E+02   0.220158E+02
   0.590487E+00   0.218029E+02   0.202736E+00   0.218191E+02   0.218191E+02
   0.595230E+00   0.215748E+02   0.201534E+00   0.216233E+02   0.216233E+02
   0.599972E+00   0.213725E+02   0.201289E+00   0.214283E+02   0.214283E+02
   0.604715E+00   0.212043E+02   0.200623E+00   0.212342E+02   0.212342E+02
   0.609458E+00   0.211088E+02   0.199981E+00   0.210409E+02   0.210409E+02
   0.614201E+00   0.210845E+02   0.199193E+00   0.208485E+02   0.208485E+02
   0.618944E+00   0.205656E+02   0.197801E+00   0.206571E+02   0.206571E+02
   0.623687E+00   0.204127E+02   0.197430E+00   0.204666E+02   0.204666E+02
   0.628430E+00   0.204982E+02   0.196899E+00   0.202770E+02   0.202770E+02
   0.633173E+00   0.203822E+02   0.196323E+00   0.200884E+02   0.200884E+02
   0.637915E+00   0.199718E+02   0.195337E+00   0.199009E+02   0.199009E+02
   0.642658E+00   0.196607E+02   0.194451E+00   0.197143E+02   0.197143E+02
   0.647401E+00   0.194214E+02   0.193652E+00   0.195288E+02   0.195288E+02
   0.652144E+00   0.193034E+02   0.193129E+00   0.193443E+02   0.193443E+02
   0.656887E+00   0.192454E+02   0.192705E+00   0.191609E+02   0.191609E+02
   0.661630E+00   0.188498E+02   0.191718E+00   0.189785E+02   0.189785E+02
   0.666373E+00   0.187634E+02   0.191003E+00   0.187973E+02   0.187973E+02
   0.671115E+00   0.187598E+02   0.190531E+00   0.186172E+02   0.186172E+02
   0.675858E+00   0.187577E+02   0.190274E+00   0.184381E+02   0.184381E+02
   0.680601E+00   0.183140E+02   0.189170E+00   0.182603E+02   0.182603E+02
   0.685344E+00   0.181747E+02   0.188651E+00   0.180836E+02   0.180836E+02
   0.690087E+00   0.177481E+02   0.187676E+00   0.179080E+02   0.179080E+02
   0.694830E+00   0.176245E+02   0.186873E+00   0.177336E+02   0.177336E+02
   0.699573E+00   0.175677E+02   0.186501E+00   0.175604E+02   0.175604E+02
   0.704315E+00   0.175556E+02   0.185843E+00   0.173884E+02   0.173884E+02
   0.709058E+00   0.172899E+02   0.185470E+00   0.172176E+02   0.172176E+02
   0.713801E+00   0.167860E+02   0.184282E+00   0.170480E+02   0.170480E+02
   0.718544E+00   0.167803E+02   0.183352E+00   0.168796E+02   0.168796E+02
   0.723287E+00   0.165680E+02   0.182953E+00   0.167124E+02   0.167124E+02
   0.728030E+00   0.164288E+02   0.182645E+00   0.165465E+02   0.165465E+02
   0.732773E+00   0.164762E+02   0.182162E+00   0.163818E+02   0.163818E+02
   0.737515E+00   0.160822E+02   0.181533E+00   0.162184E+02   0.162184E+02
   0.742258E+00   0.158398E+02   0.180825E+00   0.160562E+02   0.160562E+02
   0.747001E+00   0.156910E+02   0.180148E+00   0.158953E+02   0.158953E+02
   0.751744E+00   0.158611E+02   0.179595E+00   0.157356E+02   0.157356E+02
   0.756487E+00   0.156236E+02   0.179085E+00   0.155773E+02   0.155773E+02
   0.761230E+00   0.153213E+02   0.178304E+00   0.154201E+02   0.154201E+02
   0.765973E+00   0.151861E+02   0.178120E+00   0.152643E+02   0.152643E+02
   0.770716E+00   0.150586E+02   0.177587E+00   0.151097E+02   0.151097E+02
   0.775459E+00   0.150129E+02   0.177004E+00   0.149564E+02   0.149564E+02
   0.780201E+00   0.149917E+02   0.176665E+00   0.148044E+02   0.148044E+02
   0.784944E+00   0.144640E+02   0.175884E+00   0.146537E+02   0.146537E+02
   0.789687E+00   0.144262E+02   0.174942E+00   0.145042E+02   0.145042E+02
   0.794430E+00   0.144321E+02   0.174648E+00   0.143561E+02   0.143561E+02
   0.799173E+00   0.140582E+02   0.173867E+00   0.142092E+02   0.142092E+02
   0.803916E+00   0.140691E+02   0.173245E+00   0.140636E+02   0.140636E+02
   0.808658E+00   0.140099E+02   0.173036E+00   0.139193E+02   0.139193E+02
   0.813401E+00   0.138482E+02   0.172518E+00   0.137762E+02   0.137762E+02
   0.818144E+00   0.136768E+02   0.172007E+00   0.136345E+02   0.136345E+02
   0.822887E+00   0.136253E+02   0.171370E+00   0.134940E+02   0.134940E+02
   0.827630E+00   0.132081E+02   0.170977E+00   0.133548E+02   0.133548E+02
   0.832373E+00   0.132600E+02   0.170213E+00   0.132169E+02   0.132169E+02
   0.837116E+00   0.129262E+02   0.170096E+00   0.130802E+02   0.130802E+02
   0.841859E+00   0.128186E+02   0.169406E+00   0.129448E+02   0.129448E+02
   0.846601E+00   0.126945E+02   0.168695E+00   0.128107E+02   0.128107E+02
   0.851344E+00   0.129511E+02   0.168526E+00   0.126778E+02   0.126778E+02
   0.856087E+00   0.125204E+02   0.167849E+00   0.125462E+02   0.125462E+02
   0.860830E+00   0.121885E+02   0.167271E+00   0.124158E+02   0.124158E+02
   0.865573E+00   0.122285E+02   0.166734E+00   0.122867E+02   0.122867E+02
   0.870316E+00   0.121318E+02   0.166056E+00   0.121588E+02   0.121588E+02
   0.875059E+00   0.120009E+02   0.165655E+00   0.120322E+02   0.120322E+02
   0.879802E+00   0.116535E+02   0.164926E+00   0.119068E+02   0.119068E+02
   0.884544E+00   0.118636E+02   0.164860E+00   0.117826E+02   0.117826E+02
   0.889287E+00   0.116385E+02   0.164077E+00   0.116597E+02   0.116597E+02
   0.894030E+00   0.117701E+02   0.163863E+00   0.115379E+02   0.115379E+02
   0.898773E+00   0.115656E+02   0.163316E+00   0.114174E+02   0.114174E+02
   0.903516E+00   0.110871E+02   0.162921E+00   0.112980E+02   0.112980E+02
   0.908259E+00   0.112530E+02   0.162456E+00   0.111799E+02   0.111799E+02
   0.913002E+00   0.109925E+02   0.161952E+00   0.110629E+02   0.110629E+02
   0.917744E+00   0.108602E+02   0.161662E+00   0.109471E+02   0.109471E+02
   0.922487E+00   0.106458E+02   0.161146E+00   0.108325E+02   0.108325E+02
   0.927230E+00   0.105766E+02   0.160765E+00   0.107191E+02   0.107191E+02
   0.931973E+00   0.108288E+02   0.160275E+00   0.106068E+02   0.106068E+02
   0.936716E+00   0.105847E+02   0.159899E+00   0.104957E+02   0.104957E+02
   0.941459E+00   0.103810E+02   0.159468E+00   0.103857E+02   0.103857E+02
   0.946202E+00   0.102583E+02   0.158836E+00   0.102769E+02   0.102769E+02
   0.950944E+00   0.101109E+02   0.158479E+00   0.101691E+02   0.101691E+02
   0.955687E+00   0.101223E+02   0.157717E+00   0.100625E+02   0.100625E+02
   0.960430E+00   0.100753E+02   0.157806E+00   0.995703E+01   0.995703E+01
   0.965173E+00   0.992428E+01   0.157352E+00   0.985264E+01   0.985264E+01
   0.969916E+00   0.972605E+01   0.156893E+00   0.974934E+01   0.974934E+01
   0.974659E+00   0.969547E+01   0.156500E+00   0.964713E+01   0.964713E+01
   0.979402E+00   0.963732E+01   0.156099E+00   0.954600E+01   0.954600E+01
   0.984144E+00   0.963842E+01   0.155542E+00   0.944593E+01   0.944593E+01
   0.988887E+00   0.931741E+01   0.155231E+00   0.934692E+01   0.934692E+01
   0.993630E+00   0.943474E+01   0.154882E+00   0.924897E+01   0.924897E+01
   0.998373E+00   0.920395E+01   0.154529E+00   0.915206E+01   0.915206E+01
   0.100312E+01   0.903298E+01   0.154060E+00   0.905618E+01   0.905618E+01
   0.100786E+01   0.900815E+01   0.153800E+00   0.896132E+01   0.896132E+01
   0.101260E+01   0.875096E+01   0.153322E+00   0.886748E+01   0.886748E+01
   0.101734E+01   0.884097E+01   0.153090E+00   0.877465E+01   0.877465E+01
   0.102209E+01   0.876924E+01   0.152511E+00   0.868283E+01   0.868283E+01
   0.102683E+01   0.858034E+01   0.152069E+00   0.859199E+01   0.859199E+01
   0.103157E+01   0.870902E+01   0.151850E+00   0.850212E+01   0.850212E+01
   0.103632E+01   0.833214E+01   0.151017E+00   0.841323E+01   0.841323E+01
   0.104106E+01   0.839112E+01   0.150990E+00   0.832530E+01   0.832530E+01
   0.104580E+01   0.823649E+01   0.150360E+00   0.823832E+01   0.823832E+01
   0.105055E+01   0.809135E+01   0.150066E+00   0.815229E+01   0.815229E+01
   0.105529E+01   0.803809E+01   0.149627E+00   0.806721E+01   0.806721E+01
   0.106003E+01   0.785792E+01   0.149546E+00   0.798304E+01   0.798304E+01
   0.106477E+01   0.779877E+01   0.149192E+00   0.789979E+01   0.789979E+01
   0.106952E+01   0.779743E+01   0.149020E+00   0.781744E+01   0.781744E+01
   0.107426E+01   0.784159E+01   0.148462E+00   0.773600E+01   0.773600E+01
   0.107900E+01   0.770669E+01   0.148127E+00   0.765545E+01   0.765545E+01
   0.108374E+01   0.765672E+01   0.147993E+00   0.757578E+01   0.757578E+01
   0.108849E+01   0.756100E+01   0.147619E+00   0.749698E+01   0.749698E+01
   0.109323E+01   0.725230E+01   0.146902E+00   0.741907E+01   0.741907E+01
   0.109797E+01   0.726535E+01   0.146597E+00   0.734200E+01   0.734200E+01
   0.110272E+01   0.727234E+01   0.146610E+00   0.726577E+01   0.726577E+01
   0.110746E+01   0.724268E+01   0.146147E+00   0.719039E+01   0.719039E+01
   0.111220E+01   0.712688E+01   0.145910E+00   0.711583E+01   0.711583E+01
   0.111695E+01   0.699651E+01   0.145519E+00   0.704210E+01   0.704210E+01
   0.112169E+01   0.694860E+01   0.144963E+00   0.696918E+01   0.696918E+01
   0.112643E+01   0.690290E+01   0.144679E+00   0.689708E+01   0.689708E+01
   0.113117E+01   0.683550E+01   0.144185E+00   0.682577E+01   0.682577E+01
   0.113592E+01   0.672135E+01   0.143898E+00   0.675524E+01   0.675524E+01
   0.114066E+01   0.687605E+01   0.143842E+00   0.668549E+01   0.668549E+01
   0.114540E+01   0.662822E+01   0.143575E+00   0.661652E+01   0.661652E+01
   0.115014E+01   0.650042E+01   0.143044E+00   0.654831E+01   0.654831E+01
   0.115489E+01   0.646560E+01   0.142694E+00   0.648086E+01   0.648086E+01
   0.115963E+01   0.632671E+01   0.142522E+00   0.641415E+01   0.641415E+01
   0.116437E+01   0.622338E+01   0.142385E+00   0.634821E+01   0.634821E+01
   0.116912E+01   0.618533E+01   0.141963E+00   0.628297E+01   0.628297E+01
   0.117386E+01   0.624667E+01   0.141895E+00   0.621847E+01   0.621847E+01
   0.117860E+01   0.611024E+01   0.141316E+00   0.615468E+01   0.615468E+01
   0.118335E+01   0.611703E+01   0.141124E+00   0.609160E+01   0.609160E+01
   0.118809E+01   0.601364E+01   0.140871E+00   0.602923E+01   0.602923E+01
   0.119283E+01   0.602389E+01   0.140516E+00   0.596754E+01   0.596754E+01
   0.119757E+01   0.610418E+01   0.140279E+00   0.590656E+01   0.590656E+01
   0.120232E+01   0.610214E+01   0.140373E+00   0.584625E+01   0.584625E+01
   0.120706E+01   0.574143E+01   0.140497E+00   0.578660E+01   0.578660E+01
   0.121180E+01   0.573679E+01   0.144898E+00   0.572762E+01   0.572762E+01
   0.121654E+01   0.583702E+01   0.147539E+00   0.566930E+01   0.566930E+01
   0.122129E+01   0.570781E+01   0.149560E+00   0.561163E+01   0.561163E+01
   0.122603E+01   0.560156E+01   0.151489E+00   0.555461E+01   0.555461E+01
   0.123077E+01   0.543828E+01   0.152977E+00   0.549822E+01   0.549822E+01
   0.123552E+01   0.552235E+01   0.154511E+00   0.544247E+01   0.544247E+01
   0.124026E+01   0.539006E+01   0.155639E+00   0.538733E+01   0.538733E+01
   0.124500E+01   0.519401E+01   0.156759E+00   0.533281E+01   0.533281E+01
   0.124975E+01   0.521626E+01   0.158148E+00   0.527889E+01   0.527889E+01
   0.125449E+01   0.532701E+01   0.159366E+00   0.522558E+01   0.522558E+01
   0.125923E+01   0.511445E+01   0.159879E+00   0.517287E+01   0.517287E+01
   0.126397E+01   0.502012E+01   0.160442E+00   0.512074E+01   0.512074E+01
   0.126872E+01   0.485738E+01   0.160252E+00   0.506921E+01   0.506921E+01
   0.127346E+01   0.492127E+01   0.158278E+00   0.501824E+01   0.501824E+01
   0.127820E+01   0.508049E+01   0.152743E+00   0.496784E+01   0.496784E+01
   0.128295E+01   0.486134E+01   0.149390E+00   0.491801E+01   0.491801E+01
   0.128769E+01   0.487447E+01   0.147341E+00   0.486873E+01   0.486873E+01
   0.129243E+01   0.466869E+01   0.145565E+00   0.482000E+01   0.482000E+01
   0.129717E+01   0.487208E+01   0.143863E+00   0.477182E+01   0.477182E+01
   0.130192E+01   0.480756E+01   0.142533E+00   0.472419E+01   0.472419E+01
   0.130666E+01   0.478931E+01   0.141504E+00   0.467707E+01   0.467707E+01
   0.131140E+01   0.467906E+01   0.140371E+00   0.463049E+01   0.463049E+01
   0.131614E+01   0.447959E+01   0.139203E+00   0.458442E+01   0.458442E+01
   0.132089E+01   0.457886E+01   0.138480E+00   0.453887E+01   0.453887E+01
   0.132563E+01   0.459934E+01   0.138248E+00   0.449383E+01   0.449383E+01
   0.133037E+01   0.454272E+01   0.137839E+00   0.444929E+01   0.444929E+01
   0.133512E+01   0.454753E+01   0.137387E+00   0.440524E+01   0.440524E+01
   0.133986E+01   0.436597E+01   0.137044E+00   0.436170E+01   0.436170E+01
   0.134460E+01   0.411064E+01   0.136365E+00   0.431863E+01   0.431863E+01
   0.134935E+01   0.420299E+01   0.136281E+00   0.427604E+01   0.427604E+01
   0.135409E+01   0.405533E+01   0.135839E+00   0.423393E+01   0.423393E+01
   0.135883E+01   0.397346E+01   0.135487E+00   0.419228E+01   0.419228E+01
   0.136357E+01   0.409814E+01   0.135092E+00   0.415110E+01   0.415110E+01
   0.136832E+01   0.400862E+01   0.134610E+00   0.411037E+01   0.411037E+01
   0.137306E+01   0.413030E+01   0.134416E+00   0.407011E+01   0.407011E+01
   0.137780E+01   0.402269E+01   0.134203E+00   0.403028E+01   0.403028E+01
   0.138254E+01   0.387282E+01   0.133780E+00   0.399090E+01   0.399090E+01
   0.138729E+01   0.385906E+01   0.133689E+00   0.395195E+01   0.395195E+01
   0.139203E+01   0.387491E+01   0.133162E+00   0.391343E+01   0.391343E+01
   0.139677E+01   0.388095E+01   0.133052E+00   0.387534E+01   0.387534E+01
   0.140152E+01   0.397106E+01   0.132867E+00   0.383767E+01   0.383767E+01
   0.140626E+01   0.375564E+01   0.132551E+00   0.380041E+01   0.380041E+01
   0.141100E+01   0.375020E+01   0.132351E+00   0.376358E+01   0.376358E+01
   0.141575E+01   0.358229E+01   0.132024E+00   0.372714E+01   0.372714E+01
   0.142049E+01   0.350477E+01   0.131557E+00   0.369110E+01   0.369110E+01
   0.142523E+01   0.369256E+01   0.131555E+00   0.365545E+01   0.365545E+01
   0.142997E+01   0.379241E+01   0.131178E+00   0.362020E+01   0.362020E+01
   0.143472E+01   0.362342E+01   0.130864E+00   0.358533E+01   0.358533E+01
   0.143946E+01   0.347073E+01   0.130537E+00   0.355084E+01   0.355084E+01
   0.144420E+01   0.353415E+01   0.130581E+00   0.351674E+01   0.351674E+01
   0.144894E+01   0.347470E+01   0.130439E+00   0.348300E+01   0.348300E+01
   0.145369E+01   0.359412E+01   0.130033E+00   0.344963E+01   0.344963E+01
   0.145843E+01   0.340486E+01   0.129534E+00   0.341661E+01   0.341661E+01
   0.146317E+01   0.342423E+01   0.129429E+00   0.338396E+01   0.338396E+01
   0.146792E+01   0.332373E+01   0.129229E+00   0.335166E+01   0.335166E+01
   0.147266E+01   0.336003E+01   0.129006E+00   0.331970E+01   0.331970E+01
   0.147740E+01   0.322907E+01   0.128649E+00   0.328810E+01   0.328810E+01
   0.148215E+01   0.330717E+01   0.128517E+00   0.325683E+01   0.325683E+01
   0.148689E+01   0.317617E+01   0.128297E+00   0.322590E+01   0.322590E+01
   0.149163E+01   0.336790E+01   0.128250E+00   0.319530E+01   0.319530E+01
   0.149637E+01   0.319637E+01   0.128105E+00   0.316502E+01   0.316502E+01
   0.150112E+01   0.326432E+01   0.127979E+00   0.313506E+01   0.313506E+01
   0.150586E+01   0.313075E+01   0.130375E+00   0.310542E+01   0.310542E+01
   0.151060E+01   0.309874E+01   0.133758E+00   0.307610E+01   0.307610E+01
   0.151534E+01   0.313275E+01   0.135996E+00   0.304709E+01   0.304709E+01
   0.152009E+01   0.319754E+01   0.137674E+00   0.301838E+01   0.301838E+01
   0.152483E+01   0.287231E+01   0.138837E+00   0.298997E+01   0.298997E+01
   0.152957E+01   0.283006E+01   0.140142E+00   0.296186E+01   0.296186E+01
   0.153432E+01   0.296371E+01   0.136805E+00   0.293404E+01   0.293404E+01
   0.153906E+01   0.302397E+01   0.134315E+00   0.290651E+01   0.290651E+01
   0.154380E+01   0.274914E+01   0.132707E+00   0.287926E+01   0.287926E+01
   0.154855E+01   0.298564E+01   0.131157E+00   0.285231E+01   0.285231E+01
   0.155329E+01   0.282865E+01   0.129930E+00   0.282562E+01   0.282562E+01
   0.155803E+01   0.272196E+01   0.128749E+00   0.279921E+01   0.279921E+01
   0.156277E+01   0.281922E+01   0.127586E+00   0.277307E+01   0.277307E+01
   0.156752E+01   0.265416E+01   0.126339E+00   0.274719E+01   0.274719E+01
   0.157226E+01   0.261692E+01   0.125375E+00   0.272158E+01   0.272158E+01
   0.157700E+01   0.261750E+01   0.125017E+00   0.269623E+01   0.269623E+01
   0.158175E+01   0.272705E+01   0.124614E+00   0.267113E+01   0.267113E+01
   0.158649E+01   0.268591E+01   0.124579E+00   0.264630E+01   0.264630E+01
   0.159123E+01   0.257297E+01   0.124917E+00   0.262170E+01   0.262170E+01
   0.159597E+01   0.255463E+01   0.124915E+00   0.259735E+01   0.259735E+01
   0.160072E+01   0.244725E+01   0.124861E+00   0.257324E+01   0.257324E+01
   0.160546E+01   0.258822E+01   0.124707E+00   0.254938E+01   0.254938E+01
   0.161020E+01   0.254341E+01   0.124255E+00   0.252575E+01   0.252575E+01
   0.161495E+01   0.252625E+01   0.124296E+00   0.250235E+01   0.250235E+01
   0.161969E+01   0.241946E+01   0.124080E+00   0.247918E+01   0.247918E+01
   0.162443E+01   0.228240E+01   0.123573E+00   0.245624E+01   0.245624E+01
   0.162917E+01   0.241408E+01   0.123427E+00   0.243352E+01   0.243352E+01
   0.163392E+01   0.243064E+01   0.123132E+00   0.241102E+01   0.241102E+01
   0.163866E+01   0.256595E+01   0.123170E+00   0.238874E+01   0.238874E+01
   0.164340E+01   0.253564E+01   0.123049E+00   0.236667E+01   0.236667E+01
   0.164815E+01   0.233827E+01   0.122770E+00   0.234482E+01   0.234482E+01
   0.165289E+01   0.238978E+01   0.122517E+00   0.232317E+01   0.232317E+01
   0.165763E+01   0.230384E+01   0.122379E+00   0.230174E+01   0.230174E+01
   0.166237E+01   0.225560E+01   0.121967E+00   0.228050E+01   0.228050E+01
   0.166712E+01   0.222502E+01   0.121785E+00   0.225947E+01   0.225947E+01
   0.167186E+01   0.210874E+01   0.121569E+00   0.223864E+01   0.223864E+01
   0.167660E+01   0.217202E+01   0.121352E+00   0.221800E+01   0.221800E+01
   0.168135E+01   0.202877E+01   0.121021E+00   0.219755E+01   0.219755E+01
   0.168609E+01   0.218315E+01   0.120954E+00   0.217730E+01   0.217730E+01
   0.169083E+01   0.208505E+01   0.120883E+00   0.215724E+01   0.215724E+01
   0.169557E+01   0.211697E+01   0.120626E+00   0.213737E+01   0.213737E+01
   0.170032E+01   0.220236E+01   0.120495E+00   0.211768E+01   0.211768E+01
   0.170506E+01   0.216219E+01   0.120376E+00   0.209816E+01   0.209816E+01
   0.170980E+01   0.197281E+01   0.120022E+00   0.207884E+01   0.207884E+01
   0.171455E+01   0.216652E+01   0.119940E+00   0.205968E+01   0.205968E+01
   0.171929E+01   0.205451E+01   0.119665E+00   0.204071E+01   0.204071E+01
   0.172403E+01   0.199244E+01   0.119564E+00   0.202192E+01   0.202192E+01
   0.172877E+01   0.208395E+01   0.119350E+00   0.200329E+01   0.200329E+01
   0.173352E+01   0.202947E+01   0.119049E+00   0.198483E+01   0.198483E+01
   0.173826E+01   0.187356E+01   0.118957E+00   0.196654E+01   0.196654E+01
   0.174300E+01   0.210727E+01   0.118946E+00   0.194842E+01   0.194842E+01
   0.174775E+01   0.195626E+01   0.118601E+00   0.193047E+01   0.193047E+01
   0.175249E+01   0.182091E+01   0.118401E+00   0.191268E+01   0.191268E+01
   0.175723E+01   0.181166E+01   0.118125E+00   0.189505E+01   0.189505E+01
   0.176197E+01   0.194956E+01   0.118055E+00   0.187758E+01   0.187758E+01
   0.176672E+01   0.187426E+01   0.117980E+00   0.186027E+01   0.186027E+01
   0.177146E+01   0.187578E+01   0.117875E+00   0.184312E+01   0.184312E+01
   0.177620E+01   0.181792E+01   0.117685E+00   0.182612E+01   0.182612E+01
   0.178095E+01   0.198703E+01   0.117621E+00   0.180928E+01   0.180928E+01
   0.178569E+01   0.200381E+01   0.117512E+00   0.179260E+01   0.179260E+01
   0.179043E+01   0.182712E+01   0.117236E+00   0.177606E+01   0.177606E+01
   0.179517E+01   0.172981E+01   0.117021E+00   0.175968E+01   0.175968E+01
   0.179992E+01   0.184510E+01   0.116785E+00   0.174345E+01   0.174345E+01
   0.180466E+01   0.180973E+01   0.116360E+00   0.172736E+01   0.172736E+01
   0.180940E+01   0.158413E+01   0.116355E+00   0.171142E+01   0.171142E+01
   0.181415E+01   0.150893E+01   0.116188E+00   0.169563E+01   0.169563E+01
   0.181889E+01   0.172242E+01   0.116051E+00   0.167998E+01   0.167998E+01
   0.182363E+01   0.174566E+01   0.115917E+00   0.166448E+01   0.166448E+01
   0.182838E+01   0.177009E+01   0.115941E+00   0.164912E+01   0.164912E+01
   0.183312E+01   0.167717E+01   0.115493E+00   0.163391E+01   0.163391E+01
   0.183786E+01   0.166619E+01   0.115413E+00   0.161883E+01   0.161883E+01
   0.184260E+01   0.161066E+01   0.115306E+00   0.160390E+01   0.160390E+01
   0.184735E+01   0.155409E+01   0.115120E+00   0.158910E+01   0.158910E+01
   0.185209E+01   0.141341E+01   0.114979E+00   0.157444E+01   0.157444E+01
   0.185683E+01   0.151436E+01   0.114849E+00   0.155993E+01   0.155993E+01
   0.186157E+01   0.131138E+01   0.114580E+00   0.154555E+01   0.154555E+01
   0.186632E+01   0.162625E+01   0.114495E+00   0.153131E+01   0.153131E+01
   0.187106E+01   0.151189E+01   0.114404E+00   0.151720E+01   0.151720E+01
   0.187580E+01   0.138620E+01   0.114104E+00   0.150323E+01   0.150323E+01
   0.188055E+01   0.139262E+01   0.113982E+00   0.148939E+01   0.148939E+01
   0.188529E+01   0.149952E+01   0.113910E+00   0.147569E+01   0.147569E+01
   0.189003E+01   0.148172E+01   0.113661E+00   0.146212E+01   0.146212E+01
   0.189478E+01   0.154565E+01   0.113543E+00   0.144868E+01   0.144868E+01
   0.189952E+01   0.139183E+01   0.113416E+00   0.143538E+01   0.143538E+01
   0.190426E+01   0.147222E+01   0.113371E+00   0.142221E+01   0.142221E+01
   0.190900E+01   0.158469E+01   0.113294E+00   0.140916E+01   0.140916E+01
   0.191375E+01   0.146329E+01   0.113008E+00   0.139625E+01   0.139625E+01
   0.191849E+01   0.139771E+01   0.112905E+00   0.138347E+01   0.138347E+01
   0.192323E+01   0.140721E+01   0.112793E+00   0.137082E+01   0.137082E+01
   0.192797E+01   0.134539E+01   0.112511E+00   0.135830E+01   0.135830E+01
   0.193272E+01   0.148376E+01   0.112319E+00   0.134591E+01   0.134591E+01
   0.193746E+01   0.129781E+01   0.112015E+00   0.133365E+01   0.133365E+01
   0.194220E+01   0.126445E+01   0.111647E+00   0.132151E+01   0.132151E+01
   0.194695E+01   0.123514E+01   0.111320E+00   0.130951E+01   0.130951E+01
   0.195169E+01   0.126186E+01   0.111304E+00   0.129762E+01   0.129762E+01
   0.195643E+01   0.125079E+01   0.110922E+00   0.128587E+01   0.128587E+01
   0.196117E+01   0.121024E+01   0.110837E+00   0.127424E+01   0.127424E+01
   0.196592E+01   0.127302E+01   0.110725E+00   0.126274E+01   0.126274E+01
   0.197066E+01   0.117739E+01   0.110694E+00   0.125136E+01   0.125136E+01
   0.197540E+01   0.115042E+01   0.110535E+00   0.124011E+01   0.124011E+01
   0.198015E+01   0.111854E+01   0.110442E+00   0.122898E+01   0.122898E+01
   0.198489E+01   0.125333E+01   0.110456E+00   0.121798E+01   0.121798E+01
   0.198963E+01   0.119000E+01   0.110748E+00   0.120710E+01   0.120710E+01
   0.199438E+01   0.115843E+01   0.110693E+00   0.119635E+01   0.119635E+01
   0.199912E+01   0.105903E+01   0.110257E+00   0.118571E+01   0.118571E+01
   0.200386E+01   0.119878E+01   0.110378E+00   0.117520E+01   0.117520E+01
   0.200860E+01   0.130017E+01   0.110276E+00   0.116481E+01   0.116481E+01
   0.201335E+01   0.124317E+01   0.111378E+00   0.115455E+01   0.115455E+01
   0.201809E+01   0.121429E+01   0.114399E+00   0.114440E+01   0.114440E+01
   0.202283E+01   0.120750E+01   0.116184E+00   0.113437E+01   0.113437E+01
   0.202758E+01   0.115710E+01   0.117709E+00   0.112446E+01   0.112446E+01
   0.203232E+01   0.104291E+01   0.118580E+00   0.111468E+01   0.111468E+01
   0.203706E+01   0.113806E+01   0.119834E+00   0.110501E+01   0.110501E+01
   0.204180E+01   0.119227E+01   0.120865E+00   0.109546E+01   0.109546E+01
   0.204655E+01   0.977021E+00   0.121185E+00   0.108603E+01   0.108603E+01
   0.205129E+01   0.117600E+01   0.121821E+00   0.107672E+01   0.107672E+01
   0.205603E+01   0.108935E+01   0.122056E+00   0.106752E+01   0.106752E+01
   0.206078E+01   0.108423E+01   0.122193E+00   0.105844E+01   0.105844E+01
   0.206552E+01   0.898032E+00   0.122359E+00   0.104947E+01   0.104947E+01
   0.207026E+01   0.932810E+00   0.122750E+00   0.104062E+01   0.104062E+01
   0.207500E+01   0.105686E+01   0.123113E+00   0.103189E+01   0.103189E+01
   0.207975E+01   0.109929E+01   0.120573E+00   0.102327E+01   0.102327E+01
   0.208449E+01   0.913789E+00   0.117345E+00   0.101476E+01   0.101476E+01
   0.208923E+01   0.941689E+00   0.115616E+00   0.100636E+01   0.100636E+01
   0.209397E+01   0.963088E+00   0.114327E+00   0.998074E+00   0.998074E+00
   0.209872E+01   0.805987E+00   0.113269E+00   0.989901E+00   0.989901E+00
   0.210346E+01   0.102509E+01   0.112396E+00   0.981836E+00   0.981836E+00
   0.210820E+01   0.874906E+00   0.111523E+00   0.973882E+00   0.973882E+00
   0.211295E+01   0.977427E+00   0.111380E+00   0.966038E+00   0.966038E+00
   0.211769E+01   0.848857E+00   0.111142E+00   0.958301E+00   0.958301E+00
   0.212243E+01   0.880321E+00   0.110736E+00   0.950670E+00   0.950670E+00
   0.212717E+01   0.828499E+00   0.110469E+00   0.943146E+00   0.943146E+00
   0.213192E+01   0.932864E+00   0.110228E+00   0.935727E+00   0.935727E+00
   0.213666E+01   0.106789E+01   0.110011E+00   0.928413E+00   0.928413E+00
   0.214140E+01   0.959494E+00   0.109832E+00   0.921203E+00   0.921203E+00
   0.214615E+01   0.990728E+00   0.109530E+00   0.914097E+00   0.914097E+00
   0.215089E+01   0.868452E+00   0.109350E+00   0.907091E+00   0.907091E+00
   0.215563E+01   0.882521E+00   0.109201E+00   0.900187E+00   0.900187E+00
   0.216038E+01   0.950746E+00   0.108942E+00   0.893382E+00   0.893382E+00
   0.216512E+01   0.100603E+01   0.108870E+00   0.886677E+00   0.886677E+00
   0.216986E+01   0.952936E+00   0.108564E+00   0.880069E+00   0.880069E+00
   0.217460E+01   0.918647E+00   0.108364E+00   0.873559E+00   0.873559E+00
   0.217935E+01   0.907102E+00   0.108090E+00   0.867145E+00   0.867145E+00
   0.218409E+01   0.894157E+00   0.108047E+00   0.860827E+00   0.860827E+00
   0.218883E+01   0.994271E+00   0.108064E+00   0.854602E+00   0.854602E+00
   0.219358E+01   0.925716E+00   0.107799E+00   0.848470E+00   0.848470E+00
   0.219832E+01   0.921412E+00   0.107724E+00   0.842429E+00   0.842429E+00
   0.220306E+01   0.940389E+00   0.107414E+00   0.836480E+00   0.836480E+00
   0.220780E+01   0.788250E+00   0.107403E+00   0.830620E+00   0.830620E+00
   0.221255E+01   0.745742E+00   0.107201E+00   0.824850E+00   0.824850E+00
   0.221729E+01   0.748752E+00   0.106981E+00   0.819166E+00   0.819166E+00
   0.222203E+01   0.822147E+00   0.106955E+00   0.813569E+00   0.813569E+00
   0.222677E+01   0.831063E+00   0.106759E+00   0.808056E+00   0.808056E+00
   0.223152E+01   0.768503E+00   0.106650E+00   0.802628E+00   0.802628E+00
   0.223626E+01   0.891141E+00   0.106487E+00   0.797283E+00   0.797283E+00
   0.224100E+01   0.870742E+00   0.106358E+00   0.792019E+00   0.792019E+00
   0.224575E+01   0.754508E+00   0.106038E+00   0.786836E+00   0.786836E+00
   0.225049E+01   0.679613E+00   0.105976E+00   0.781732E+00   0.781732E+00
   0.225523E+01   0.763582E+00   0.105856E+00   0.776707E+00   0.776707E+00
   0.225997E+01   0.674570E+00   0.105782E+00   0.771758E+00   0.771758E+00
   0.226472E+01   0.692487E+00   0.105501E+00   0.766885E+00   0.766885E+00
   0.226946E+01   0.771874E+00   0.105469E+00   0.762089E+00   0.762089E+00
   0.227420E+01   0.868648E+00   0.105467E+00   0.757362E+00   0.757362E+00
   0.227895E+01   0.747547E+00   0.105090E+00   0.752709E+00   0.752709E+00
   0.228369E+01   0.731392E+00   0.104945E+00   0.748128E+00   0.748128E+00
   0.228843E+01   0.654016E+00   0.104968E+00   0.743617E+00   0.743617E+00
   0.229318E+01   0.796578E+00   0.104875E+00   0.739173E+00   0.739173E+00
   0.229792E+01   0.895660E+00   0.104804E+00   0.734797E+00   0.734797E+00
   0.230266E+01   0.729939E+00   0.104539E+00   0.730487E+00   0.730487E+00
   0.230740E+01   0.707726E+00   0.104277E+00   0.726243E+00   0.726243E+00
   0.231215E+01   0.731283E+00   0.104331E+00   0.722062E+00   0.722062E+00
   0.231689E+01   0.656789E+00   0.104149E+00   0.717944E+00   0.717944E+00
   0.232163E+01   0.674127E+00   0.104022E+00   0.713888E+00   0.713888E+00
   0.232638E+01   0.587722E+00   0.103870E+00   0.709891E+00   0.709891E+00
   0.233112E+01   0.670014E+00   0.103703E+00   0.705955E+00   0.705955E+00
   0.233586E+01   0.732667E+00   0.103676E+00   0.702076E+00   0.702076E+00
   0.234060E+01   0.571457E+00   0.103435E+00   0.698254E+00   0.698254E+00
   0.234535E+01   0.615788E+00   0.103420E+00   0.694488E+00   0.694488E+00
   0.235009E+01   0.733931E+00   0.103434E+00   0.690776E+00   0.690776E+00
   0.235483E+01   0.662091E+00   0.103213E+00   0.687118E+00   0.687118E+00
   0.235957E+01   0.595470E+00   0.103040E+00   0.683514E+00   0.683514E+00
   0.236432E+01   0.582847E+00   0.102882E+00   0.679960E+00   0.679960E+00
   0.236906E+01   0.722062E+00   0.102899E+00   0.676457E+00   0.676457E+00
   0.237380E+01   0.629936E+00   0.102766E+00   0.673003E+00   0.673003E+00
   0.237855E+01   0.629098E+00   0.102623E+00   0.669597E+00   0.669597E+00
   0.238329E+01   0.558715E+00   0.102567E+00   0.666244E+00   0.666244E+00
   0.238803E+01   0.614651E+00   0.102435E+00   0.662929E+00   0.662929E+00
   0.239277E+01   0.712936E+00   0.102321E+00   0.659664E+00   0.659664E+00
   0.239752E+01   0.654244E+00   0.102246E+00   0.656442E+00   0.656442E+00
   0.240226E+01   0.541392E+00   0.102122E+00   0.653265E+00   0.653265E+00
   0.240700E+01   0.708103E+00   0.102000E+00   0.650130E+00   0.650130E+00
   0.241175E+01   0.583738E+00   0.101886E+00   0.647037E+00   0.647037E+00
   0.241649E+01   0.666249E+00   0.101819E+00   0.643985E+00   0.643985E+00
   0.242123E+01   0.731771E+00   0.101681E+00   0.640973E+00   0.640973E+00
   0.242598E+01   0.801780E+00   0.101630E+00   0.638001E+00   0.638001E+00
   0.243072E+01   0.655789E+00   0.101594E+00   0.635068E+00   0.635068E+00
   0.243546E+01   0.718467E+00   0.101317E+00   0.632172E+00   0.632172E+00
   0.244020E+01   0.679311E+00   0.101244E+00   0.629313E+00   0.629313E+00
   0.244495E+01   0.660296E+00   0.101235E+00   0.626490E+00   0.626490E+00
   0.244969E+01   0.681579E+00   0.101159E+00   0.623704E+00   0.623704E+00
   0.245443E+01   0.699010E+00   0.100969E+00   0.620952E+00   0.620952E+00
   0.245918E+01   0.592407E+00   0.100736E+00   0.618235E+00   0.618235E+00
   0.246392E+01   0.635133E+00   0.100748E+00   0.615552E+00   0.615552E+00
   0.246866E+01   0.558833E+00   0.100657E+00   0.612902E+00   0.612902E+00
   0.247340E+01   0.614386E+00   0.100501E+00   0.610284E+00   0.610284E+00
   0.247815E+01   0.504830E+00   0.100328E+00   0.607699E+00   0.607699E+00
   0.248289E+01   0.660973E+00   0.100322E+00   0.605145E+00   0.605145E+00
   0.248763E+01   0.704486E+00   0.100213E+00   0.602622E+00   0.602622E+00
   0.249238E+01   0.530464E+00   0.100013E+00   0.600128E+00   0.600128E+00
   0.249712E+01   0.554643E+00   0.999941E-01   0.597672E+00   0.597672E+00
   0.250186E+01   0.538987E+00   0.998170E-01   0.595237E+00   0.595237E+00
   0.250660E+01   0.675690E+00   0.997883E-01   0.592834E+00   0.592834E+00
   0.251135E+01   0.737454E+00   0.997014E-01   0.590460E+00   0.590460E+00
   0.251609E+01   0.536520E+00   0.994541E-01   0.588116E+00   0.588116E+00
   0.252083E+01   0.632295E+00   0.993449E-01   0.585799E+00   0.585799E+00
   0.252558E+01   0.671520E+00   0.990813E-01   0.583511E+00   0.583511E+00
   0.253032E+01   0.717155E+00   0.987818E-01   0.581251E+00   0.581251E+00
   0.253506E+01   0.587316E+00   0.988616E-01   0.579018E+00   0.579018E+00
   0.253980E+01   0.644054E+00   0.987100E-01   0.576813E+00   0.576813E+00
   0.254455E+01   0.515204E+00   0.985989E-01   0.574635E+00   0.574635E+00
   0.254929E+01   0.536426E+00   0.984886E-01   0.572484E+00   0.572484E+00
   0.255403E+01   0.557908E+00   0.985983E-01   0.570360E+00   0.570360E+00
   0.255878E+01   0.621776E+00   0.983291E-01   0.568263E+00   0.568263E+00
   0.256352E+01   0.651129E+00   0.982168E-01   0.566193E+00   0.566193E+00
   0.256826E+01   0.563840E+00   0.981113E-01   0.564149E+00   0.564149E+00
   0.257300E+01   0.511576E+00   0.982585E-01   0.562132E+00   0.562132E+00
   0.257775E+01   0.534759E+00   0.983783E-01   0.560141E+00   0.560141E+00
   0.258249E+01   0.547639E+00   0.982317E-01   0.558176E+00   0.558176E+00
   0.258723E+01   0.653550E+00   0.981326E-01   0.556238E+00   0.556238E+00
   0.259198E+01   0.503928E+00   0.980763E-01   0.554327E+00   0.554327E+00
   0.259672E+01   0.473574E+00   0.979378E-01   0.552442E+00   0.552442E+00
   0.260146E+01   0.528280E+00   0.978617E-01   0.550584E+00   0.550584E+00
   0.260620E+01   0.658519E+00   0.977444E-01   0.548752E+00   0.548752E+00
   0.261095E+01   0.544660E+00   0.976784E-01   0.546947E+00   0.546947E+00
   0.261569E+01   0.539051E+00   0.977319E-01   0.545169E+00   0.545169E+00
   0.262043E+01   0.513980E+00   0.975440E-01   0.543417E+00   0.543417E+00
   0.262518E+01   0.597548E+00   0.974599E-01   0.541692E+00   0.541692E+00
   0.262992E+01   0.360774E+00   0.972088E-01   0.539995E+00   0.539995E+00
   0.263466E+01   0.641928E+00   0.972426E-01   0.538325E+00   0.538325E+00
   0.263940E+01   0.518825E+00   0.972448E-01   0.536682E+00   0.536682E+00
   0.264415E+01   0.563374E+00   0.970920E-01   0.535066E+00   0.535066E+00
   0.264889E+01   0.496102E+00   0.970158E-01   0.533478E+00   0.533478E+00
   0.265363E+01   0.613517E+00   0.969376E-01   0.531918E+00   0.531918E+00
   0.265838E+01   0.505502E+00   0.967636E-01   0.530386E+00   0.530386E+00
   0.266312E+01   0.498524E+00   0.966605E-01   0.528882E+00   0.528882E+00
   0.266786E+01   0.469192E+00   0.966331E-01   0.527406E+00   0.527406E+00
   0.267260E+01   0.438211E+00   0.965355E-01   0.525959E+00   0.525959E+00
   0.267735E+01   0.470168E+00   0.963617E-01   0.524540E+00   0.524540E+00
   0.268209E+01   0.522918E+00   0.963820E-01   0.523150E+00   0.523150E+00
   0.268683E+01   0.615229E+00   0.963683E-01   0.521789E+00   0.521789E+00
   0.269158E+01   0.527083E+00   0.962516E-01   0.520457E+00   0.520457E+00
   0.269632E+01   0.480202E+00   0.960498E-01   0.519155E+00   0.519155E+00
   0.270106E+01   0.432378E+00   0.959955E-01   0.517882E+00   0.517882E+00
   0.270580E+01   0.468331E+00   0.959077E-01   0.516638E+00   0.516638E+00
   0.271055E+01   0.292957E+00   0.956612E-01   0.515425E+00   0.515425E+00
   0.271529E+01   0.531549E+00   0.957626E-01   0.514241E+00   0.514241E+00
   0.272003E+01   0.547624E+00   0.957182E-01   0.513092E+00   0.513092E+00
   0.272478E+01   0.413000E+00   0.955498E-01   0.511963E+00   0.511963E+00
   0.272952E+01   0.547527E+00   0.955937E-01   0.510872E+00   0.510872E+00
   0.273426E+01   0.429622E+00   0.954369E-01   0.509810E+00   0.509810E+00
   0.273901E+01   0.562372E+00   0.953288E-01   0.508778E+00   0.508778E+00
   0.274375E+01   0.353266E+00   0.950980E-01   0.507777E+00   0.507777E+00
   0.274849E+01   0.607216E+00   0.953061E-01   0.506807E+00   0.506807E+00
   0.275323E+01   0.482873E+00   0.951118E-01   0.505868E+00   0.505868E+00
   0.275798E+01   0.546201E+00   0.950172E-01   0.504959E+00   0.504959E+00
   0.276272E+01   0.672415E+00   0.949593E-01   0.504082E+00   0.504082E+00
   0.276746E+01   0.525556E+00   0.947882E-01   0.503236E+00   0.503236E+00
   0.277221E+01   0.587797E+00   0.949119E-01   0.502421E+00   0.502421E+00
   0.277695E+01   0.373372E+00   0.947017E-01   0.501637E+00   0.501637E+00
   0.278169E+01   0.533340E+00   0.944939E-01   0.500884E+00   0.500884E+00
   0.278643E+01   0.475668E+00   0.945016E-01   0.500162E+00   0.500162E+00
   0.279118E+01   0.487625E+00   0.944030E-01   0.499471E+00   0.499471E+00
   0.279592E+01   0.424704E+00   0.944015E-01   0.498811E+00   0.498811E+00
   0.280066E+01   0.492176E+00   0.942923E-01   0.498182E+00   0.498182E+00
   0.280540E+01   0.620922E+00   0.943485E-01   0.497583E+00   0.497583E+00
   0.281015E+01   0.566681E+00   0.942705E-01   0.497015E+00   0.497015E+00
   0.281489E+01   0.339571E+00   0.942528E-01   0.496478E+00   0.496478E+00
   0.281963E+01   0.357405E+00   0.960697E-01   0.495971E+00   0.495971E+00
   0.282438E+01   0.535695E+00   0.980128E-01   0.495494E+00   0.495494E+00
   0.282912E+01   0.480321E+00   0.992435E-01   0.495047E+00   0.495047E+00
   0.283386E+01   0.537827E+00   0.100227E+00   0.494631E+00   0.494631E+00
   0.283860E+01   0.536329E+00   0.101038E+00   0.494240E+00   0.494240E+00
   0.284335E+01   0.439078E+00   0.101351E+00   0.493883E+00   0.493883E+00
   0.284809E+01   0.423389E+00   0.101595E+00   0.493553E+00   0.493553E+00
   0.285283E+01   0.534424E+00   0.101990E+00   0.493252E+00   0.493252E+00
   0.285758E+01   0.537983E+00   0.102314E+00   0.492978E+00   0.492978E+00
   0.286232E+01   0.492109E+00   0.102432E+00   0.492733E+00   0.492733E+00
   0.286706E+01   0.575783E+00   0.102884E+00   0.492516E+00   0.492516E+00
   0.287181E+01   0.599448E+00   0.103065E+00   0.492325E+00   0.492325E+00
   0.287655E+01   0.434772E+00   0.103211E+00   0.492161E+00   0.492161E+00
   0.288129E+01   0.584589E+00   0.103070E+00   0.492023E+00   0.492023E+00
   0.288603E+01   0.523324E+00   0.100317E+00   0.491911E+00   0.491911E+00
   0.289078E+01   0.483125E+00   0.987041E-01   0.491824E+00   0.491824E+00
   0.289552E+01   0.562310E+00   0.975635E-01   0.491762E+00   0.491762E+00
   0.290026E+01   0.335521E+00   0.967113E-01   0.491724E+00   0.491724E+00
   0.290501E+01   0.565886E+00   0.962041E-01   0.491709E+00   0.491709E+00
   0.290975E+01   0.416711E+00   0.958341E-01   0.491718E+00   0.491718E+00
   0.291449E+01   0.427242E+00   0.955871E-01   0.491749E+00   0.491749E+00
   0.291923E+01   0.472521E+00   0.953845E-01   0.491801E+00   0.491801E+00
   0.292398E+01   0.508306E+00   0.952667E-01   0.491875E+00   0.491875E+00
   0.292872E+01   0.473461E+00   0.948266E-01   0.491969E+00   0.491969E+00
   0.293346E+01   0.559872E+00   0.947283E-01   0.492083E+00   0.492083E+00
   0.293820E+01   0.593480E+00   0.945798E-01   0.492216E+00   0.492216E+00
   0.294295E+01   0.461504E+00   0.943092E-01   0.492368E+00   0.492368E+00
   0.294769E+01   0.546546E+00   0.942604E-01   0.492537E+00   0.492537E+00
   0.295243E+01   0.450854E+00   0.942749E-01   0.492722E+00   0.492722E+00
   0.295718E+01   0.467502E+00   0.941255E-01   0.492925E+00   0.492925E+00
   0.296192E+01   0.556522E+00   0.938753E-01   0.493142E+00   0.493142E+00
   0.296666E+01   0.528775E+00   0.939030E-01   0.493373E+00   0.493373E+00
   0.297140E+01   0.508019E+00   0.937670E-01   0.493618E+00   0.493618E+00
   0.297615E+01   0.421779E+00   0.935686E-01   0.493876E+00   0.493876E+00
   0.298089E+01   0.621149E+00   0.934685E-01   0.494146E+00   0.494146E+00
   0.298563E+01   0.426458E+00   0.933175E-01   0.494427E+00   0.494427E+00
   0.299038E+01   0.457865E+00   0.932106E-01   0.494718E+00   0.494718E+00
   0.299512E+01   0.485701E+00   0.932070E-01   0.495019E+00   0.495019E+00
   0.299986E+01   0.557756E+00   0.929410E-01   0.495327E+00   0.495327E+00

           ####      Real Space Data                               ####

           Distance distribution  function of particle  


      R          P(R)      ERROR

  0.0000E+00  0.0000E+00  0.0000E+00
  0.4561E-01  0.1897E-01  0.1893E-02
  0.9122E-01  0.3814E-01  0.3422E-02
  0.1368E+00  0.5751E-01  0.4593E-02
  0.1824E+00  0.7710E-01  0.5419E-02
  0.2280E+00  0.9691E-01  0.5916E-02
  0.2737E+00  0.1170E+00  0.6104E-02
  0.3193E+00  0.1373E+00  0.6008E-02
  0.3649E+00  0.1578E+00  0.5655E-02
  0.4105E+00  0.1787E+00  0.5077E-02
  0.4561E+00  0.1999E+00  0.4309E-02
  0.5017E+00  0.2213E+00  0.3390E-02
  0.5473E+00  0.2432E+00  0.2372E-02
  0.5929E+00  0.2653E+00  0.1364E-02
  0.6385E+00  0.2878E+00  0.8981E-03
  0.6841E+00  0.3106E+00  0.1662E-02
  0.7297E+00  0.3338E+00  0.2774E-02
  0.7753E+00  0.3574E+00  0.3904E-02
  0.8210E+00  0.3812E+00  0.4978E-02
  0.8666E+00  0.4053E+00  0.5958E-02
  0.9122E+00  0.4297E+00  0.6814E-02
  0.9578E+00  0.4544E+00  0.7524E-02
  0.1003E+01  0.4792E+00  0.8073E-02
  0.1049E+01  0.5041E+00  0.8446E-02
  0.1095E+01  0.5291E+00  0.8636E-02
  0.1140E+01  0.5541E+00  0.8640E-02
  0.1186E+01  0.5789E+00  0.8458E-02
  0.1231E+01  0.6036E+00  0.8096E-02
  0.1277E+01  0.6281E+00  0.7564E-02
  0.1323E+01  0.6521E+00  0.6879E-02
  0.1368E+01  0.6757E+00  0.6059E-02
  0.1414E+01  0.6987E+00  0.5135E-02
  0.1459E+01  0.7211E+00  0.4147E-02
  0.1505E+01  0.7426E+00  0.3165E-02
  0.1551E+01  0.7633E+00  0.2342E-02
  0.1596E+01  0.7829E+00  0.2006E-02
  0.1642E+01  0.8015E+00  0.2410E-02
  0.1688E+01  0.8189E+00  0.3274E-02
  0.1733E+01  0.8349E+00  0.4289E-02
  0.1779E+01  0.8497E+00  0.5314E-02
  0.1824E+01  0.8629E+00  0.6282E-02
  0.1870E+01  0.8747E+00  0.7153E-02
  0.1916E+01  0.8849E+00  0.7901E-02
  0.1961E+01  0.8935E+00  0.8504E-02
  0.2007E+01  0.9005E+00  0.8948E-02
  0.2052E+01  0.9058E+00  0.9223E-02
  0.2098E+01  0.9095E+00  0.9323E-02
  0.2144E+01  0.9116E+00  0.9246E-02
  0.2189E+01  0.9120E+00  0.8996E-02
  0.2235E+01  0.9108E+00  0.8581E-02
  0.2280E+01  0.9081E+00  0.8015E-02
  0.2326E+01  0.9040E+00  0.7315E-02
  0.2372E+01  0.8984E+00  0.6510E-02
  0.2417E+01  0.8916E+00  0.5638E-02
  0.2463E+01  0.8835E+00  0.4755E-02
  0.2508E+01  0.8743E+00  0.3958E-02
  0.2554E+01  0.8641E+00  0.3396E-02
  0.2600E+01  0.8530E+00  0.3258E-02
  0.2645E+01  0.8411E+00  0.3608E-02
  0.2691E+01  0.8285E+00  0.4313E-02
  0.2737E+01  0.8154E+00  0.5193E-02
  0.2782E+01  0.8019E+00  0.6123E-02
  0.2828E+01  0.7881E+00  0.7026E-02
  0.2873E+01  0.7742E+00  0.7853E-02
  0.2919E+01  0.7601E+00  0.8571E-02
  0.2965E+01  0.7461E+00  0.9156E-02
  0.3010E+01  0.7322E+00  0.9591E-02
  0.3056E+01  0.7185E+00  0.9865E-02
  0.3101E+01  0.7051E+00  0.9970E-02
  0.3147E+01  0.6921E+00  0.9906E-02
  0.3193E+01  0.6795E+00  0.9675E-02
  0.3238E+01  0.6674E+00  0.9286E-02
  0.3284E+01  0.6557E+00  0.8755E-02
  0.3329E+01  0.6446E+00  0.8101E-02
  0.3375E+01  0.6339E+00  0.7355E-02
  0.3421E+01  0.6238E+00  0.6558E-02
  0.3466E+01  0.6142E+00  0.5768E-02
  0.3512E+01  0.6051E+00  0.5070E-02
  0.3557E+01  0.5964E+00  0.4578E-02
  0.3603E+01  0.5881E+00  0.4410E-02
  0.3649E+01  0.5801E+00  0.4619E-02
  0.3694E+01  0.5725E+00  0.5150E-02
  0.3740E+01  0.5651E+00  0.5885E-02
  0.3786E+01  0.5579E+00  0.6714E-02
  0.3831E+01  0.5507E+00  0.7555E-02
  0.3877E+01  0.5437E+00  0.8350E-02
  0.3922E+01  0.5366E+00  0.9060E-02
  0.3968E+01  0.5294E+00  0.9656E-02
  0.4014E+01  0.5221E+00  0.1012E-01
  0.4059E+01  0.5145E+00  0.1043E-01
  0.4105E+01  0.5068E+00  0.1059E-01
  0.4150E+01  0.4987E+00  0.1058E-01
  0.4196E+01  0.4903E+00  0.1043E-01
  0.4242E+01  0.4816E+00  0.1013E-01
  0.4287E+01  0.4725E+00  0.9694E-02
  0.4333E+01  0.4630E+00  0.9154E-02
  0.4378E+01  0.4532E+00  0.8535E-02
  0.4424E+01  0.4429E+00  0.7879E-02
  0.4470E+01  0.4324E+00  0.7237E-02
  0.4515E+01  0.4215E+00  0.6674E-02
  0.4561E+01  0.4103E+00  0.6263E-02
  0.4606E+01  0.3988E+00  0.6072E-02
  0.4652E+01  0.3872E+00  0.6139E-02
  0.4698E+01  0.3754E+00  0.6451E-02
  0.4743E+01  0.3635E+00  0.6954E-02
  0.4789E+01  0.3516E+00  0.7576E-02
  0.4834E+01  0.3397E+00  0.8249E-02
  0.4880E+01  0.3279E+00  0.8916E-02
  0.4926E+01  0.3163E+00  0.9533E-02
  0.4971E+01  0.3049E+00  0.1007E-01
  0.5017E+01  0.2937E+00  0.1050E-01
  0.5063E+01  0.2829E+00  0.1081E-01
  0.5108E+01  0.2725E+00  0.1099E-01
  0.5154E+01  0.2625E+00  0.1104E-01
  0.5199E+01  0.2529E+00  0.1097E-01
  0.5245E+01  0.2439E+00  0.1078E-01
  0.5291E+01  0.2354E+00  0.1050E-01
  0.5336E+01  0.2273E+00  0.1015E-01
  0.5382E+01  0.2199E+00  0.9750E-02
  0.5427E+01  0.2129E+00  0.9350E-02
  0.5473E+01  0.2064E+00  0.8988E-02
  0.5519E+01  0.2005E+00  0.8704E-02
  0.5564E+01  0.1950E+00  0.8539E-02
  0.5610E+01  0.1899E+00  0.8515E-02
  0.5655E+01  0.1852E+00  0.8641E-02
  0.5701E+01  0.1808E+00  0.8904E-02
  0.5747E+01  0.1767E+00  0.9275E-02
  0.5792E+01  0.1728E+00  0.9717E-02
  0.5838E+01  0.1691E+00  0.1019E-01
  0.5883E+01  0.1656E+00  0.1066E-01
  0.5929E+01  0.1620E+00  0.1110E-01
  0.5975E+01  0.1585E+00  0.1147E-01
  0.6020E+01  0.1549E+00  0.1178E-01
  0.6066E+01  0.1513E+00  0.1200E-01
  0.6112E+01  0.1474E+00  0.1213E-01
  0.6157E+01  0.1434E+00  0.1218E-01
  0.6203E+01  0.1392E+00  0.1216E-01
  0.6248E+01  0.1348E+00  0.1208E-01
  0.6294E+01  0.1301E+00  0.1195E-01
  0.6340E+01  0.1252E+00  0.1180E-01
  0.6385E+01  0.1200E+00  0.1166E-01
  0.6431E+01  0.1146E+00  0.1153E-01
  0.6476E+01  0.1090E+00  0.1145E-01
  0.6522E+01  0.1032E+00  0.1143E-01
  0.6568E+01  0.9730E-01  0.1146E-01
  0.6613E+01  0.9129E-01  0.1155E-01
  0.6659E+01  0.8524E-01  0.1170E-01
  0.6704E+01  0.7920E-01  0.1189E-01
  0.6750E+01  0.7323E-01  0.1210E-01
  0.6796E+01  0.6741E-01  0.1232E-01
  0.6841E+01  0.6178E-01  0.1254E-01
  0.6887E+01  0.5641E-01  0.1274E-01
  0.6932E+01  0.5137E-01  0.1293E-01
  0.6978E+01  0.4671E-01  0.1311E-01
  0.7024E+01  0.4248E-01  0.1328E-01
  0.7069E+01  0.3873E-01  0.1345E-01
  0.7115E+01  0.3550E-01  0.1364E-01
  0.7161E+01  0.3281E-01  0.1386E-01
  0.7206E+01  0.3069E-01  0.1411E-01
  0.7252E+01  0.2913E-01  0.1440E-01
  0.7297E+01  0.2815E-01  0.1472E-01
  0.7343E+01  0.2772E-01  0.1506E-01
  0.7389E+01  0.2781E-01  0.1540E-01
  0.7434E+01  0.2839E-01  0.1570E-01
  0.7480E+01  0.2941E-01  0.1595E-01
  0.7525E+01  0.3080E-01  0.1612E-01
  0.7571E+01  0.3249E-01  0.1616E-01
  0.7617E+01  0.3440E-01  0.1608E-01
  0.7662E+01  0.3645E-01  0.1585E-01
  0.7708E+01  0.3855E-01  0.1549E-01
  0.7753E+01  0.4058E-01  0.1501E-01
  0.7799E+01  0.4247E-01  0.1448E-01
  0.7845E+01  0.4411E-01  0.1397E-01
  0.7890E+01  0.4541E-01  0.1360E-01
  0.7936E+01  0.4628E-01  0.1350E-01
  0.7981E+01  0.4665E-01  0.1379E-01
  0.8027E+01  0.4646E-01  0.1454E-01
  0.8073E+01  0.4564E-01  0.1570E-01
  0.8118E+01  0.4417E-01  0.1718E-01
  0.8164E+01  0.4204E-01  0.1881E-01
  0.8210E+01  0.3925E-01  0.2042E-01
  0.8255E+01  0.3585E-01  0.2181E-01
  0.8301E+01  0.3188E-01  0.2279E-01
  0.8346E+01  0.2745E-01  0.2315E-01
  0.8392E+01  0.2267E-01  0.2270E-01
  0.8438E+01  0.1769E-01  0.2119E-01
  0.8483E+01  0.1270E-01  0.1842E-01
  0.8529E+01  0.7921E-02  0.1412E-01
  0.8574E+01  0.3592E-02  0.8071E-02
  0.8620E+01  0.0000E+00  0.0000E+00
