
           ####      G N O M             Version 5.0 (r13469)      ####
                                               Wed Dec 15 15:10:09 2021

           ####      Configuration                                 ####

    System Type:                   arbitrary monodisperse (job = 0)
    Minimum characteristic size:         0.0000
    Maximum characteristic size:         6.7200
    rad56:                               0.0000
    Force 0.0 at r = rmin:                  yes
    Force 0.0 at r = rmax:                  yes
    Initial alpha:                       0.0000
    Initial random seed:    1434225632051211842
    Points in real space:                   190

    Input  1:                      temp-inp.dat
    First data point used:                    1
    Last data point used:                   570
    Scaling coefficient:             0.1000E+01
    Experimental setup:            point collimation



           ####      Results                                       ####

    Parameter    DISCRP  OSCILL  STABIL  SYSDEV  POSITV  VALCEN  SMOOTH
    Weight        1.000   3.000   3.000   3.000   1.000   1.000   1.000
    Sigma         0.300   0.600   0.120   0.120   0.120   0.120   0.600
    Ideal         0.700   1.100   0.000   1.000   1.000   0.950   0.000
    Current       0.437   1.279   0.012   0.896   1.000   0.883   2.967
               --------------------------------------------------------
    Estimate      0.465   0.915   0.989   0.474   1.000   0.735   0.000

    Angular range:                       0.3012 to       2.9999
    Reciprocal space Rg:             0.2160E+01
    Reciprocal space I(0):           0.2139E+02

    Real space range:                    0.0000 to       6.7200
    Real space Rg:                   0.2169E+01 +-   0.1009E-01
    Real space I(0):                 0.2139E+02 +-   0.7153E-01

    Highest ALPHA (theor):           0.1054E+02
    Current ALPHA:                   0.5071E+00

    Total Estimate:                      0.7180 (a REASONABLE solution)



           ####      Experimental Data and Fit                     ####

      S          J EXP       ERROR       J REG       I REG

   0.000000E+00                                                0.213904E+02
   0.107561E-01                                                0.213865E+02
   0.215123E-01                                                0.213749E+02
   0.322684E-01                                                0.213555E+02
   0.430246E-01                                                0.213284E+02
   0.537807E-01                                                0.212936E+02
   0.645368E-01                                                0.212512E+02
   0.752930E-01                                                0.212012E+02
   0.860491E-01                                                0.211437E+02
   0.968053E-01                                                0.210787E+02
   0.107561E+00                                                0.210063E+02
   0.118318E+00                                                0.209266E+02
   0.129074E+00                                                0.208398E+02
   0.139830E+00                                                0.207458E+02
   0.150586E+00                                                0.206449E+02
   0.161342E+00                                                0.205371E+02
   0.172098E+00                                                0.204226E+02
   0.182854E+00                                                0.203016E+02
   0.193611E+00                                                0.201740E+02
   0.204367E+00                                                0.200402E+02
   0.215123E+00                                                0.199003E+02
   0.225879E+00                                                0.197544E+02
   0.236635E+00                                                0.196027E+02
   0.247391E+00                                                0.194453E+02
   0.258147E+00                                                0.192826E+02
   0.268903E+00                                                0.191145E+02
   0.279660E+00                                                0.189415E+02
   0.290416E+00                                                0.187635E+02
   0.301172E+00   0.186940E+02   0.184884E+00   0.185809E+02   0.185809E+02
   0.305915E+00   0.186346E+02   0.183438E+00   0.184989E+02   0.184989E+02
   0.310658E+00   0.183512E+02   0.181093E+00   0.184161E+02   0.184161E+02
   0.315400E+00   0.181757E+02   0.179696E+00   0.183325E+02   0.183325E+02
   0.320143E+00   0.180783E+02   0.178453E+00   0.182480E+02   0.182480E+02
   0.324886E+00   0.183220E+02   0.176674E+00   0.181628E+02   0.181628E+02
   0.329629E+00   0.181251E+02   0.175055E+00   0.180767E+02   0.180767E+02
   0.334372E+00   0.179497E+02   0.173924E+00   0.179899E+02   0.179899E+02
   0.339115E+00   0.179957E+02   0.174590E+00   0.179024E+02   0.179024E+02
   0.343858E+00   0.180716E+02   0.176463E+00   0.178141E+02   0.178141E+02
   0.348601E+00   0.177982E+02   0.180771E+00   0.177252E+02   0.177252E+02
   0.353343E+00   0.177295E+02   0.183915E+00   0.176355E+02   0.176355E+02
   0.358086E+00   0.175869E+02   0.185439E+00   0.175452E+02   0.175452E+02
   0.362829E+00   0.173252E+02   0.186878E+00   0.174542E+02   0.174542E+02
   0.367572E+00   0.174884E+02   0.188488E+00   0.173626E+02   0.173626E+02
   0.372315E+00   0.172819E+02   0.189843E+00   0.172704E+02   0.172704E+02
   0.377058E+00   0.171148E+02   0.190459E+00   0.171776E+02   0.171776E+02
   0.381801E+00   0.173171E+02   0.191815E+00   0.170842E+02   0.170842E+02
   0.386543E+00   0.168117E+02   0.192159E+00   0.169902E+02   0.169902E+02
   0.391286E+00   0.169668E+02   0.192626E+00   0.168957E+02   0.168957E+02
   0.396029E+00   0.166317E+02   0.192922E+00   0.168007E+02   0.168007E+02
   0.400772E+00   0.169528E+02   0.194440E+00   0.167052E+02   0.167052E+02
   0.405515E+00   0.168071E+02   0.201327E+00   0.166092E+02   0.166092E+02
   0.410258E+00   0.166982E+02   0.205997E+00   0.165127E+02   0.165127E+02
   0.415001E+00   0.164862E+02   0.210700E+00   0.164158E+02   0.164158E+02
   0.419744E+00   0.161990E+02   0.213092E+00   0.163185E+02   0.163185E+02
   0.424486E+00   0.159632E+02   0.216181E+00   0.162207E+02   0.162207E+02
   0.429229E+00   0.160223E+02   0.218735E+00   0.161226E+02   0.161226E+02
   0.433972E+00   0.156484E+02   0.222208E+00   0.160241E+02   0.160241E+02
   0.438715E+00   0.159272E+02   0.225426E+00   0.159252E+02   0.159252E+02
   0.443458E+00   0.157528E+02   0.229039E+00   0.158260E+02   0.158260E+02
   0.448201E+00   0.158254E+02   0.232125E+00   0.157265E+02   0.157265E+02
   0.452944E+00   0.155414E+02   0.236023E+00   0.156267E+02   0.156267E+02
   0.457686E+00   0.155774E+02   0.238599E+00   0.155266E+02   0.155266E+02
   0.462429E+00   0.151304E+02   0.239291E+00   0.154263E+02   0.154263E+02
   0.467172E+00   0.154169E+02   0.238871E+00   0.153257E+02   0.153257E+02
   0.471915E+00   0.154147E+02   0.229668E+00   0.152249E+02   0.152249E+02
   0.476658E+00   0.151764E+02   0.224896E+00   0.151238E+02   0.151238E+02
   0.481401E+00   0.152241E+02   0.221975E+00   0.150226E+02   0.150226E+02
   0.486144E+00   0.150579E+02   0.219951E+00   0.149212E+02   0.149212E+02
   0.490887E+00   0.150022E+02   0.217097E+00   0.148197E+02   0.148197E+02
   0.495629E+00   0.148441E+02   0.215614E+00   0.147180E+02   0.147180E+02
   0.500372E+00   0.144836E+02   0.213329E+00   0.146162E+02   0.146162E+02
   0.505115E+00   0.143911E+02   0.212345E+00   0.145143E+02   0.145143E+02
   0.509858E+00   0.146058E+02   0.211151E+00   0.144123E+02   0.144123E+02
   0.514601E+00   0.144009E+02   0.209346E+00   0.143102E+02   0.143102E+02
   0.519344E+00   0.142587E+02   0.208434E+00   0.142081E+02   0.142081E+02
   0.524087E+00   0.138307E+02   0.207073E+00   0.141059E+02   0.141059E+02
   0.528829E+00   0.139658E+02   0.206290E+00   0.140038E+02   0.140038E+02
   0.533572E+00   0.138914E+02   0.205196E+00   0.139016E+02   0.139016E+02
   0.538315E+00   0.138407E+02   0.203645E+00   0.137994E+02   0.137994E+02
   0.543058E+00   0.137082E+02   0.202031E+00   0.136973E+02   0.136973E+02
   0.547801E+00   0.133519E+02   0.200131E+00   0.135952E+02   0.135952E+02
   0.552544E+00   0.132274E+02   0.198417E+00   0.134932E+02   0.134932E+02
   0.557287E+00   0.132657E+02   0.197617E+00   0.133913E+02   0.133913E+02
   0.562029E+00   0.132476E+02   0.195781E+00   0.132894E+02   0.132894E+02
   0.566772E+00   0.131266E+02   0.194158E+00   0.131877E+02   0.131877E+02
   0.571515E+00   0.130356E+02   0.193109E+00   0.130860E+02   0.130860E+02
   0.576258E+00   0.127289E+02   0.191370E+00   0.129845E+02   0.129845E+02
   0.581001E+00   0.128455E+02   0.190952E+00   0.128832E+02   0.128832E+02
   0.585744E+00   0.128919E+02   0.189925E+00   0.127820E+02   0.127820E+02
   0.590487E+00   0.128395E+02   0.188999E+00   0.126810E+02   0.126810E+02
   0.595230E+00   0.126212E+02   0.188671E+00   0.125802E+02   0.125802E+02
   0.599972E+00   0.124741E+02   0.188165E+00   0.124797E+02   0.124797E+02
   0.604715E+00   0.123882E+02   0.187353E+00   0.123793E+02   0.123793E+02
   0.609458E+00   0.122905E+02   0.186595E+00   0.122792E+02   0.122792E+02
   0.614201E+00   0.119423E+02   0.186021E+00   0.121793E+02   0.121793E+02
   0.618944E+00   0.119684E+02   0.185279E+00   0.120797E+02   0.120797E+02
   0.623687E+00   0.118145E+02   0.184655E+00   0.119803E+02   0.119803E+02
   0.628430E+00   0.118657E+02   0.184399E+00   0.118813E+02   0.118813E+02
   0.633173E+00   0.118607E+02   0.184061E+00   0.117825E+02   0.117825E+02
   0.637915E+00   0.118771E+02   0.183576E+00   0.116841E+02   0.116841E+02
   0.642658E+00   0.116567E+02   0.182551E+00   0.115859E+02   0.115859E+02
   0.647401E+00   0.112934E+02   0.181573E+00   0.114882E+02   0.114882E+02
   0.652144E+00   0.112844E+02   0.181374E+00   0.113907E+02   0.113907E+02
   0.656887E+00   0.113302E+02   0.181299E+00   0.112936E+02   0.112936E+02
   0.661630E+00   0.110090E+02   0.180252E+00   0.111969E+02   0.111969E+02
   0.666373E+00   0.109225E+02   0.179777E+00   0.111006E+02   0.111006E+02
   0.671115E+00   0.111398E+02   0.179373E+00   0.110046E+02   0.110046E+02
   0.675858E+00   0.109335E+02   0.178583E+00   0.109091E+02   0.109091E+02
   0.680601E+00   0.109636E+02   0.178451E+00   0.108139E+02   0.108139E+02
   0.685344E+00   0.107072E+02   0.177702E+00   0.107192E+02   0.107192E+02
   0.690087E+00   0.108449E+02   0.177167E+00   0.106249E+02   0.106249E+02
   0.694830E+00   0.102643E+02   0.176812E+00   0.105311E+02   0.105311E+02
   0.699573E+00   0.103281E+02   0.176266E+00   0.104377E+02   0.104377E+02
   0.704315E+00   0.103184E+02   0.175812E+00   0.103448E+02   0.103448E+02
   0.709058E+00   0.988784E+01   0.174724E+00   0.102523E+02   0.102523E+02
   0.713801E+00   0.100077E+02   0.174768E+00   0.101603E+02   0.101603E+02
   0.718544E+00   0.101010E+02   0.173901E+00   0.100688E+02   0.100688E+02
   0.723287E+00   0.101524E+02   0.173741E+00   0.997774E+01   0.997774E+01
   0.728030E+00   0.992809E+01   0.173199E+00   0.988720E+01   0.988720E+01
   0.732773E+00   0.970774E+01   0.172912E+00   0.979718E+01   0.979718E+01
   0.737515E+00   0.973262E+01   0.172235E+00   0.970766E+01   0.970766E+01
   0.742258E+00   0.100056E+02   0.172035E+00   0.961867E+01   0.961867E+01
   0.747001E+00   0.957512E+01   0.171084E+00   0.953020E+01   0.953020E+01
   0.751744E+00   0.955892E+01   0.170615E+00   0.944227E+01   0.944227E+01
   0.756487E+00   0.922776E+01   0.169751E+00   0.935487E+01   0.935487E+01
   0.761230E+00   0.924666E+01   0.169756E+00   0.926802E+01   0.926802E+01
   0.765973E+00   0.914061E+01   0.169099E+00   0.918171E+01   0.918171E+01
   0.770716E+00   0.906091E+01   0.168299E+00   0.909597E+01   0.909597E+01
   0.775459E+00   0.896295E+01   0.168160E+00   0.901078E+01   0.901078E+01
   0.780201E+00   0.890965E+01   0.168280E+00   0.892617E+01   0.892617E+01
   0.784944E+00   0.894747E+01   0.167848E+00   0.884212E+01   0.884212E+01
   0.789687E+00   0.897331E+01   0.167392E+00   0.875865E+01   0.875865E+01
   0.794430E+00   0.876120E+01   0.166906E+00   0.867576E+01   0.867576E+01
   0.799173E+00   0.864647E+01   0.165912E+00   0.859345E+01   0.859345E+01
   0.803916E+00   0.855738E+01   0.165528E+00   0.851174E+01   0.851174E+01
   0.808658E+00   0.852331E+01   0.165231E+00   0.843061E+01   0.843061E+01
   0.813401E+00   0.842646E+01   0.164411E+00   0.835008E+01   0.835008E+01
   0.818144E+00   0.818133E+01   0.164485E+00   0.827015E+01   0.827015E+01
   0.822887E+00   0.806628E+01   0.164231E+00   0.819082E+01   0.819082E+01
   0.827630E+00   0.800527E+01   0.163926E+00   0.811209E+01   0.811209E+01
   0.832373E+00   0.789977E+01   0.162673E+00   0.803398E+01   0.803398E+01
   0.837116E+00   0.769612E+01   0.162734E+00   0.795647E+01   0.795647E+01
   0.841859E+00   0.781725E+01   0.162363E+00   0.787957E+01   0.787957E+01
   0.846601E+00   0.781795E+01   0.162466E+00   0.780329E+01   0.780329E+01
   0.851344E+00   0.775096E+01   0.161402E+00   0.772762E+01   0.772762E+01
   0.856087E+00   0.757499E+01   0.161050E+00   0.765257E+01   0.765257E+01
   0.860830E+00   0.771893E+01   0.160423E+00   0.757814E+01   0.757814E+01
   0.865573E+00   0.772183E+01   0.160313E+00   0.750432E+01   0.750432E+01
   0.870316E+00   0.736856E+01   0.159790E+00   0.743113E+01   0.743113E+01
   0.875059E+00   0.719408E+01   0.159615E+00   0.735856E+01   0.735856E+01
   0.879802E+00   0.735722E+01   0.159021E+00   0.728661E+01   0.728661E+01
   0.884544E+00   0.710234E+01   0.158851E+00   0.721529E+01   0.721529E+01
   0.889287E+00   0.692221E+01   0.157712E+00   0.714458E+01   0.714458E+01
   0.894030E+00   0.707273E+01   0.157621E+00   0.707450E+01   0.707450E+01
   0.898773E+00   0.695036E+01   0.157270E+00   0.700504E+01   0.700504E+01
   0.903516E+00   0.697473E+01   0.156631E+00   0.693620E+01   0.693620E+01
   0.908259E+00   0.705588E+01   0.156141E+00   0.686799E+01   0.686799E+01
   0.913002E+00   0.707475E+01   0.156210E+00   0.680039E+01   0.680039E+01
   0.917744E+00   0.695315E+01   0.155511E+00   0.673342E+01   0.673342E+01
   0.922487E+00   0.691070E+01   0.155333E+00   0.666706E+01   0.666706E+01
   0.927230E+00   0.643057E+01   0.154905E+00   0.660132E+01   0.660132E+01
   0.931973E+00   0.652916E+01   0.154634E+00   0.653620E+01   0.653620E+01
   0.936716E+00   0.634019E+01   0.154436E+00   0.647170E+01   0.647170E+01
   0.941459E+00   0.654128E+01   0.153902E+00   0.640780E+01   0.640780E+01
   0.946202E+00   0.654276E+01   0.153568E+00   0.634452E+01   0.634452E+01
   0.950944E+00   0.635827E+01   0.153166E+00   0.628185E+01   0.628185E+01
   0.955687E+00   0.605043E+01   0.153079E+00   0.621979E+01   0.621979E+01
   0.960430E+00   0.611938E+01   0.152466E+00   0.615833E+01   0.615833E+01
   0.965173E+00   0.578514E+01   0.151871E+00   0.609747E+01   0.609747E+01
   0.969916E+00   0.572699E+01   0.151618E+00   0.603722E+01   0.603722E+01
   0.974659E+00   0.597316E+01   0.151384E+00   0.597756E+01   0.597756E+01
   0.979402E+00   0.589439E+01   0.150793E+00   0.591850E+01   0.591850E+01
   0.984144E+00   0.593155E+01   0.150729E+00   0.586003E+01   0.586003E+01
   0.988887E+00   0.593623E+01   0.150422E+00   0.580215E+01   0.580215E+01
   0.993630E+00   0.578594E+01   0.149934E+00   0.574486E+01   0.574486E+01
   0.998373E+00   0.571889E+01   0.149854E+00   0.568815E+01   0.568815E+01
   0.100312E+01   0.575941E+01   0.149417E+00   0.563202E+01   0.563202E+01
   0.100786E+01   0.549056E+01   0.149335E+00   0.557647E+01   0.557647E+01
   0.101260E+01   0.545209E+01   0.148575E+00   0.552149E+01   0.552149E+01
   0.101734E+01   0.543291E+01   0.148391E+00   0.546708E+01   0.546708E+01
   0.102209E+01   0.544795E+01   0.148036E+00   0.541325E+01   0.541325E+01
   0.102683E+01   0.538988E+01   0.147698E+00   0.535996E+01   0.535996E+01
   0.103157E+01   0.544800E+01   0.147587E+00   0.530724E+01   0.530724E+01
   0.103632E+01   0.530358E+01   0.147128E+00   0.525507E+01   0.525507E+01
   0.104106E+01   0.532253E+01   0.146969E+00   0.520345E+01   0.520345E+01
   0.104580E+01   0.525251E+01   0.146545E+00   0.515238E+01   0.515238E+01
   0.105055E+01   0.497831E+01   0.146238E+00   0.510185E+01   0.510185E+01
   0.105529E+01   0.506838E+01   0.145482E+00   0.505187E+01   0.505187E+01
   0.106003E+01   0.523641E+01   0.145311E+00   0.500241E+01   0.500241E+01
   0.106477E+01   0.509458E+01   0.144888E+00   0.495348E+01   0.495348E+01
   0.106952E+01   0.489607E+01   0.145151E+00   0.490507E+01   0.490507E+01
   0.107426E+01   0.494854E+01   0.145028E+00   0.485719E+01   0.485719E+01
   0.107900E+01   0.487447E+01   0.144302E+00   0.480982E+01   0.480982E+01
   0.108374E+01   0.491204E+01   0.144027E+00   0.476296E+01   0.476296E+01
   0.108849E+01   0.472783E+01   0.143566E+00   0.471661E+01   0.471661E+01
   0.109323E+01   0.473194E+01   0.143006E+00   0.467077E+01   0.467077E+01
   0.109797E+01   0.454235E+01   0.143052E+00   0.462542E+01   0.462542E+01
   0.110272E+01   0.457126E+01   0.143013E+00   0.458056E+01   0.458056E+01
   0.110746E+01   0.463256E+01   0.142444E+00   0.453619E+01   0.453619E+01
   0.111220E+01   0.448640E+01   0.141787E+00   0.449230E+01   0.449230E+01
   0.111695E+01   0.457616E+01   0.141871E+00   0.444889E+01   0.444889E+01
   0.112169E+01   0.449629E+01   0.141845E+00   0.440595E+01   0.440595E+01
   0.112643E+01   0.433087E+01   0.141368E+00   0.436349E+01   0.436349E+01
   0.113117E+01   0.434285E+01   0.140974E+00   0.432148E+01   0.432148E+01
   0.113592E+01   0.430969E+01   0.140699E+00   0.427993E+01   0.427993E+01
   0.114066E+01   0.401508E+01   0.140214E+00   0.423884E+01   0.423884E+01
   0.114540E+01   0.393661E+01   0.140285E+00   0.419819E+01   0.419819E+01
   0.115014E+01   0.413656E+01   0.139780E+00   0.415799E+01   0.415799E+01
   0.115489E+01   0.402622E+01   0.139592E+00   0.411823E+01   0.411823E+01
   0.115963E+01   0.412689E+01   0.139107E+00   0.407890E+01   0.407890E+01
   0.116437E+01   0.403111E+01   0.139116E+00   0.404000E+01   0.404000E+01
   0.116912E+01   0.418769E+01   0.138959E+00   0.400152E+01   0.400152E+01
   0.117386E+01   0.401541E+01   0.138658E+00   0.396346E+01   0.396346E+01
   0.117860E+01   0.390522E+01   0.138275E+00   0.392582E+01   0.392582E+01
   0.118335E+01   0.374243E+01   0.138003E+00   0.388858E+01   0.388858E+01
   0.118809E+01   0.380951E+01   0.137918E+00   0.385175E+01   0.385175E+01
   0.119283E+01   0.380334E+01   0.137431E+00   0.381531E+01   0.381531E+01
   0.119757E+01   0.373073E+01   0.137318E+00   0.377928E+01   0.377928E+01
   0.120232E+01   0.377040E+01   0.137113E+00   0.374363E+01   0.374363E+01
   0.120706E+01   0.383653E+01   0.137637E+00   0.370836E+01   0.370836E+01
   0.121180E+01   0.377679E+01   0.142110E+00   0.367347E+01   0.367347E+01
   0.121654E+01   0.357264E+01   0.145183E+00   0.363896E+01   0.363896E+01
   0.122129E+01   0.376085E+01   0.146414E+00   0.360481E+01   0.360481E+01
   0.122603E+01   0.367772E+01   0.148943E+00   0.357104E+01   0.357104E+01
   0.123077E+01   0.372036E+01   0.150028E+00   0.353762E+01   0.353762E+01
   0.123552E+01   0.360585E+01   0.151757E+00   0.350456E+01   0.350456E+01
   0.124026E+01   0.326686E+01   0.152749E+00   0.347185E+01   0.347185E+01
   0.124500E+01   0.332792E+01   0.153947E+00   0.343948E+01   0.343948E+01
   0.124975E+01   0.341056E+01   0.155216E+00   0.340746E+01   0.340746E+01
   0.125449E+01   0.348956E+01   0.156464E+00   0.337577E+01   0.337577E+01
   0.125923E+01   0.320133E+01   0.157201E+00   0.334441E+01   0.334441E+01
   0.126397E+01   0.338102E+01   0.157254E+00   0.331338E+01   0.331338E+01
   0.126872E+01   0.319468E+01   0.157375E+00   0.328269E+01   0.328269E+01
   0.127346E+01   0.321288E+01   0.155436E+00   0.325230E+01   0.325230E+01
   0.127820E+01   0.329587E+01   0.149786E+00   0.322223E+01   0.322223E+01
   0.128295E+01   0.335872E+01   0.146831E+00   0.319247E+01   0.319247E+01
   0.128769E+01   0.328770E+01   0.145110E+00   0.316301E+01   0.316301E+01
   0.129243E+01   0.323837E+01   0.143041E+00   0.313386E+01   0.313386E+01
   0.129717E+01   0.296914E+01   0.141734E+00   0.310501E+01   0.310501E+01
   0.130192E+01   0.319492E+01   0.140222E+00   0.307645E+01   0.307645E+01
   0.130666E+01   0.301269E+01   0.139376E+00   0.304818E+01   0.304818E+01
   0.131140E+01   0.307103E+01   0.137967E+00   0.302019E+01   0.302019E+01
   0.131614E+01   0.298762E+01   0.136848E+00   0.299249E+01   0.299249E+01
   0.132089E+01   0.281818E+01   0.136629E+00   0.296506E+01   0.296506E+01
   0.132563E+01   0.288964E+01   0.135669E+00   0.293790E+01   0.293790E+01
   0.133037E+01   0.261017E+01   0.135092E+00   0.291102E+01   0.291102E+01
   0.133512E+01   0.283893E+01   0.135116E+00   0.288440E+01   0.288440E+01
   0.133986E+01   0.293939E+01   0.134902E+00   0.285805E+01   0.285805E+01
   0.134460E+01   0.288313E+01   0.134500E+00   0.283195E+01   0.283195E+01
   0.134935E+01   0.279009E+01   0.134055E+00   0.280611E+01   0.280611E+01
   0.135409E+01   0.281134E+01   0.133850E+00   0.278052E+01   0.278052E+01
   0.135883E+01   0.284847E+01   0.133403E+00   0.275518E+01   0.275518E+01
   0.136357E+01   0.278591E+01   0.133209E+00   0.273008E+01   0.273008E+01
   0.136832E+01   0.278868E+01   0.132934E+00   0.270523E+01   0.270523E+01
   0.137306E+01   0.258373E+01   0.132090E+00   0.268061E+01   0.268061E+01
   0.137780E+01   0.257473E+01   0.132185E+00   0.265623E+01   0.265623E+01
   0.138254E+01   0.279229E+01   0.131852E+00   0.263208E+01   0.263208E+01
   0.138729E+01   0.257721E+01   0.131755E+00   0.260816E+01   0.260816E+01
   0.139203E+01   0.254169E+01   0.131130E+00   0.258446E+01   0.258446E+01
   0.139677E+01   0.253794E+01   0.131189E+00   0.256099E+01   0.256099E+01
   0.140152E+01   0.251044E+01   0.130991E+00   0.253773E+01   0.253773E+01
   0.140626E+01   0.249955E+01   0.130555E+00   0.251469E+01   0.251469E+01
   0.141100E+01   0.253475E+01   0.130524E+00   0.249188E+01   0.249188E+01
   0.141575E+01   0.247878E+01   0.130150E+00   0.246926E+01   0.246926E+01
   0.142049E+01   0.240069E+01   0.129888E+00   0.244686E+01   0.244686E+01
   0.142523E+01   0.233933E+01   0.130075E+00   0.242466E+01   0.242466E+01
   0.142997E+01   0.254870E+01   0.129650E+00   0.240266E+01   0.240266E+01
   0.143472E+01   0.232197E+01   0.129049E+00   0.238087E+01   0.238087E+01
   0.143946E+01   0.231635E+01   0.128732E+00   0.235927E+01   0.235927E+01
   0.144420E+01   0.241432E+01   0.128767E+00   0.233787E+01   0.233787E+01
   0.144894E+01   0.223024E+01   0.128667E+00   0.231667E+01   0.231667E+01
   0.145369E+01   0.221093E+01   0.128703E+00   0.229565E+01   0.229565E+01
   0.145843E+01   0.227814E+01   0.128277E+00   0.227482E+01   0.227482E+01
   0.146317E+01   0.219023E+01   0.128186E+00   0.225418E+01   0.225418E+01
   0.146792E+01   0.227291E+01   0.127546E+00   0.223372E+01   0.223372E+01
   0.147266E+01   0.208666E+01   0.127368E+00   0.221344E+01   0.221344E+01
   0.147740E+01   0.223493E+01   0.127054E+00   0.219335E+01   0.219335E+01
   0.148215E+01   0.221555E+01   0.126932E+00   0.217344E+01   0.217344E+01
   0.148689E+01   0.211501E+01   0.126482E+00   0.215370E+01   0.215370E+01
   0.149163E+01   0.209156E+01   0.126300E+00   0.213413E+01   0.213413E+01
   0.149637E+01   0.205746E+01   0.126530E+00   0.211474E+01   0.211474E+01
   0.150112E+01   0.206846E+01   0.126312E+00   0.209551E+01   0.209551E+01
   0.150586E+01   0.201834E+01   0.128718E+00   0.207646E+01   0.207646E+01
   0.151060E+01   0.192301E+01   0.132242E+00   0.205757E+01   0.205757E+01
   0.151534E+01   0.216405E+01   0.134268E+00   0.203886E+01   0.203886E+01
   0.152009E+01   0.213817E+01   0.136261E+00   0.202030E+01   0.202030E+01
   0.152483E+01   0.188672E+01   0.137084E+00   0.200190E+01   0.200190E+01
   0.152957E+01   0.176324E+01   0.138003E+00   0.198367E+01   0.198367E+01
   0.153432E+01   0.210254E+01   0.135065E+00   0.196559E+01   0.196559E+01
   0.153906E+01   0.200008E+01   0.132834E+00   0.194768E+01   0.194768E+01
   0.154380E+01   0.187360E+01   0.131884E+00   0.192992E+01   0.192992E+01
   0.154855E+01   0.183488E+01   0.129741E+00   0.191232E+01   0.191232E+01
   0.155329E+01   0.185131E+01   0.128638E+00   0.189487E+01   0.189487E+01
   0.155803E+01   0.183400E+01   0.127597E+00   0.187757E+01   0.187757E+01
   0.156277E+01   0.180097E+01   0.126418E+00   0.186042E+01   0.186042E+01
   0.156752E+01   0.190989E+01   0.124779E+00   0.184342E+01   0.184342E+01
   0.157226E+01   0.181673E+01   0.124263E+00   0.182657E+01   0.182657E+01
   0.157700E+01   0.173368E+01   0.123451E+00   0.180987E+01   0.180987E+01
   0.158175E+01   0.174470E+01   0.123312E+00   0.179332E+01   0.179332E+01
   0.158649E+01   0.176483E+01   0.123629E+00   0.177691E+01   0.177691E+01
   0.159123E+01   0.178758E+01   0.123463E+00   0.176065E+01   0.176065E+01
   0.159597E+01   0.182098E+01   0.123611E+00   0.174453E+01   0.174453E+01
   0.160072E+01   0.172525E+01   0.123520E+00   0.172855E+01   0.172855E+01
   0.160546E+01   0.165885E+01   0.123508E+00   0.171271E+01   0.171271E+01
   0.161020E+01   0.151687E+01   0.122951E+00   0.169702E+01   0.169702E+01
   0.161495E+01   0.170753E+01   0.122983E+00   0.168146E+01   0.168146E+01
   0.161969E+01   0.166252E+01   0.122804E+00   0.166605E+01   0.166605E+01
   0.162443E+01   0.165808E+01   0.122820E+00   0.165077E+01   0.165077E+01
   0.162917E+01   0.154390E+01   0.122783E+00   0.163563E+01   0.163563E+01
   0.163392E+01   0.145066E+01   0.121955E+00   0.162062E+01   0.162062E+01
   0.163866E+01   0.149801E+01   0.121940E+00   0.160575E+01   0.160575E+01
   0.164340E+01   0.162577E+01   0.121682E+00   0.159101E+01   0.159101E+01
   0.164815E+01   0.149438E+01   0.122130E+00   0.157641E+01   0.157641E+01
   0.165289E+01   0.162418E+01   0.121834E+00   0.156194E+01   0.156194E+01
   0.165763E+01   0.152446E+01   0.121207E+00   0.154761E+01   0.154761E+01
   0.166237E+01   0.156658E+01   0.120901E+00   0.153341E+01   0.153341E+01
   0.166712E+01   0.158898E+01   0.120771E+00   0.151933E+01   0.151933E+01
   0.167186E+01   0.165345E+01   0.120648E+00   0.150539E+01   0.150539E+01
   0.167660E+01   0.151049E+01   0.120573E+00   0.149158E+01   0.149158E+01
   0.168135E+01   0.145516E+01   0.120641E+00   0.147789E+01   0.147789E+01
   0.168609E+01   0.159067E+01   0.119802E+00   0.146434E+01   0.146434E+01
   0.169083E+01   0.147699E+01   0.119715E+00   0.145091E+01   0.145091E+01
   0.169557E+01   0.155887E+01   0.120009E+00   0.143761E+01   0.143761E+01
   0.170032E+01   0.138056E+01   0.119374E+00   0.142444E+01   0.142444E+01
   0.170506E+01   0.129134E+01   0.119340E+00   0.141139E+01   0.141139E+01
   0.170980E+01   0.137730E+01   0.119064E+00   0.139847E+01   0.139847E+01
   0.171455E+01   0.154474E+01   0.119039E+00   0.138567E+01   0.138567E+01
   0.171929E+01   0.133895E+01   0.118831E+00   0.137300E+01   0.137300E+01
   0.172403E+01   0.148707E+01   0.118809E+00   0.136045E+01   0.136045E+01
   0.172877E+01   0.114600E+01   0.118294E+00   0.134803E+01   0.134803E+01
   0.173352E+01   0.128326E+01   0.118137E+00   0.133572E+01   0.133572E+01
   0.173826E+01   0.140702E+01   0.118061E+00   0.132354E+01   0.132354E+01
   0.174300E+01   0.133909E+01   0.117876E+00   0.131148E+01   0.131148E+01
   0.174775E+01   0.121350E+01   0.117875E+00   0.129954E+01   0.129954E+01
   0.175249E+01   0.127274E+01   0.117229E+00   0.128772E+01   0.128772E+01
   0.175723E+01   0.123937E+01   0.117793E+00   0.127602E+01   0.127602E+01
   0.176197E+01   0.128118E+01   0.117435E+00   0.126445E+01   0.126445E+01
   0.176672E+01   0.125939E+01   0.116951E+00   0.125299E+01   0.125299E+01
   0.177146E+01   0.112408E+01   0.117119E+00   0.124164E+01   0.124164E+01
   0.177620E+01   0.108317E+01   0.116761E+00   0.123042E+01   0.123042E+01
   0.178095E+01   0.115373E+01   0.116883E+00   0.121931E+01   0.121931E+01
   0.178569E+01   0.120969E+01   0.116272E+00   0.120832E+01   0.120832E+01
   0.179043E+01   0.114665E+01   0.116115E+00   0.119744E+01   0.119744E+01
   0.179517E+01   0.119736E+01   0.116096E+00   0.118669E+01   0.118669E+01
   0.179992E+01   0.119392E+01   0.115817E+00   0.117604E+01   0.117604E+01
   0.180466E+01   0.122076E+01   0.115699E+00   0.116551E+01   0.116551E+01
   0.180940E+01   0.119594E+01   0.115382E+00   0.115509E+01   0.115509E+01
   0.181415E+01   0.121300E+01   0.115831E+00   0.114479E+01   0.114479E+01
   0.181889E+01   0.117654E+01   0.115109E+00   0.113459E+01   0.113459E+01
   0.182363E+01   0.119423E+01   0.115122E+00   0.112451E+01   0.112451E+01
   0.182838E+01   0.115937E+01   0.114780E+00   0.111454E+01   0.111454E+01
   0.183312E+01   0.103803E+01   0.114501E+00   0.110469E+01   0.110469E+01
   0.183786E+01   0.947971E+00   0.114620E+00   0.109494E+01   0.109494E+01
   0.184260E+01   0.110453E+01   0.114797E+00   0.108530E+01   0.108530E+01
   0.184735E+01   0.111398E+01   0.114412E+00   0.107577E+01   0.107577E+01
   0.185209E+01   0.114561E+01   0.114320E+00   0.106635E+01   0.106635E+01
   0.185683E+01   0.119970E+01   0.113885E+00   0.105703E+01   0.105703E+01
   0.186157E+01   0.104069E+01   0.113937E+00   0.104782E+01   0.104782E+01
   0.186632E+01   0.108930E+01   0.113981E+00   0.103872E+01   0.103872E+01
   0.187106E+01   0.992914E+00   0.113498E+00   0.102973E+01   0.102973E+01
   0.187580E+01   0.118042E+01   0.113314E+00   0.102084E+01   0.102084E+01
   0.188055E+01   0.118915E+01   0.113443E+00   0.101205E+01   0.101205E+01
   0.188529E+01   0.103089E+01   0.113190E+00   0.100337E+01   0.100337E+01
   0.189003E+01   0.106853E+01   0.112946E+00   0.994784E+00   0.994784E+00
   0.189478E+01   0.948816E+00   0.112554E+00   0.986304E+00   0.986304E+00
   0.189952E+01   0.109246E+01   0.112744E+00   0.977928E+00   0.977928E+00
   0.190426E+01   0.966553E+00   0.112605E+00   0.969650E+00   0.969650E+00
   0.190900E+01   0.936768E+00   0.112325E+00   0.961473E+00   0.961473E+00
   0.191375E+01   0.963133E+00   0.112254E+00   0.953394E+00   0.953394E+00
   0.191849E+01   0.107362E+01   0.112241E+00   0.945414E+00   0.945414E+00
   0.192323E+01   0.877227E+00   0.112048E+00   0.937531E+00   0.937531E+00
   0.192797E+01   0.859053E+00   0.112140E+00   0.929744E+00   0.929744E+00
   0.193272E+01   0.996063E+00   0.111714E+00   0.922054E+00   0.922054E+00
   0.193746E+01   0.103367E+01   0.111283E+00   0.914461E+00   0.914461E+00
   0.194220E+01   0.874270E+00   0.111168E+00   0.906961E+00   0.906961E+00
   0.194695E+01   0.701484E+00   0.110557E+00   0.899554E+00   0.899554E+00
   0.195169E+01   0.836952E+00   0.110586E+00   0.892240E+00   0.892240E+00
   0.195643E+01   0.103134E+01   0.110530E+00   0.885018E+00   0.885018E+00
   0.196117E+01   0.828468E+00   0.110229E+00   0.877887E+00   0.877887E+00
   0.196592E+01   0.767485E+00   0.110303E+00   0.870846E+00   0.870846E+00
   0.197066E+01   0.842769E+00   0.110051E+00   0.863897E+00   0.863897E+00
   0.197540E+01   0.923700E+00   0.109981E+00   0.857035E+00   0.857035E+00
   0.198015E+01   0.920907E+00   0.110029E+00   0.850260E+00   0.850260E+00
   0.198489E+01   0.932623E+00   0.110000E+00   0.843572E+00   0.843572E+00
   0.198963E+01   0.859934E+00   0.110184E+00   0.836971E+00   0.836971E+00
   0.199438E+01   0.714658E+00   0.109716E+00   0.830455E+00   0.830455E+00
   0.199912E+01   0.910151E+00   0.109791E+00   0.824023E+00   0.824023E+00
   0.200386E+01   0.711328E+00   0.109649E+00   0.817674E+00   0.817674E+00
   0.200860E+01   0.835086E+00   0.109736E+00   0.811410E+00   0.811410E+00
   0.201335E+01   0.930939E+00   0.110767E+00   0.805226E+00   0.805226E+00
   0.201809E+01   0.844084E+00   0.113712E+00   0.799123E+00   0.799123E+00
   0.202283E+01   0.860240E+00   0.115822E+00   0.793099E+00   0.793099E+00
   0.202758E+01   0.884114E+00   0.117309E+00   0.787155E+00   0.787155E+00
   0.203232E+01   0.731670E+00   0.118141E+00   0.781289E+00   0.781289E+00
   0.203706E+01   0.751499E+00   0.119108E+00   0.775500E+00   0.775500E+00
   0.204180E+01   0.674831E+00   0.120185E+00   0.769789E+00   0.769789E+00
   0.204655E+01   0.819894E+00   0.120831E+00   0.764152E+00   0.764152E+00
   0.205129E+01   0.788065E+00   0.120900E+00   0.758589E+00   0.758589E+00
   0.205603E+01   0.634194E+00   0.121461E+00   0.753101E+00   0.753101E+00
   0.206078E+01   0.864287E+00   0.121928E+00   0.747685E+00   0.747685E+00
   0.206552E+01   0.690609E+00   0.121798E+00   0.742340E+00   0.742340E+00
   0.207026E+01   0.777791E+00   0.122161E+00   0.737067E+00   0.737067E+00
   0.207500E+01   0.847791E+00   0.122268E+00   0.731865E+00   0.731865E+00
   0.207975E+01   0.697413E+00   0.120001E+00   0.726731E+00   0.726731E+00
   0.208449E+01   0.647331E+00   0.116930E+00   0.721665E+00   0.721665E+00
   0.208923E+01   0.786059E+00   0.115362E+00   0.716666E+00   0.716666E+00
   0.209397E+01   0.711730E+00   0.113780E+00   0.711734E+00   0.711734E+00
   0.209872E+01   0.792104E+00   0.112628E+00   0.706868E+00   0.706868E+00
   0.210346E+01   0.775248E+00   0.112037E+00   0.702065E+00   0.702065E+00
   0.210820E+01   0.634860E+00   0.111055E+00   0.697327E+00   0.697327E+00
   0.211295E+01   0.602302E+00   0.110881E+00   0.692653E+00   0.692653E+00
   0.211769E+01   0.754600E+00   0.110570E+00   0.688039E+00   0.688039E+00
   0.212243E+01   0.566880E+00   0.110185E+00   0.683487E+00   0.683487E+00
   0.212717E+01   0.667078E+00   0.110028E+00   0.678995E+00   0.678995E+00
   0.213192E+01   0.710629E+00   0.109555E+00   0.674562E+00   0.674562E+00
   0.213666E+01   0.672911E+00   0.109392E+00   0.670187E+00   0.670187E+00
   0.214140E+01   0.793126E+00   0.109366E+00   0.665871E+00   0.665871E+00
   0.214615E+01   0.643299E+00   0.108931E+00   0.661612E+00   0.661612E+00
   0.215089E+01   0.562087E+00   0.108939E+00   0.657407E+00   0.657407E+00
   0.215563E+01   0.647156E+00   0.108556E+00   0.653259E+00   0.653259E+00
   0.216038E+01   0.612626E+00   0.108452E+00   0.649164E+00   0.649164E+00
   0.216512E+01   0.655880E+00   0.108328E+00   0.645122E+00   0.645122E+00
   0.216986E+01   0.487150E+00   0.108137E+00   0.641134E+00   0.641134E+00
   0.217460E+01   0.697109E+00   0.107834E+00   0.637197E+00   0.637197E+00
   0.217935E+01   0.535781E+00   0.107708E+00   0.633311E+00   0.633311E+00
   0.218409E+01   0.569454E+00   0.107548E+00   0.629476E+00   0.629476E+00
   0.218883E+01   0.683682E+00   0.107778E+00   0.625689E+00   0.625689E+00
   0.219358E+01   0.751440E+00   0.107585E+00   0.621952E+00   0.621952E+00
   0.219832E+01   0.591268E+00   0.107231E+00   0.618262E+00   0.618262E+00
   0.220306E+01   0.571307E+00   0.107173E+00   0.614619E+00   0.614619E+00
   0.220780E+01   0.485559E+00   0.107099E+00   0.611022E+00   0.611022E+00
   0.221255E+01   0.676421E+00   0.106603E+00   0.607471E+00   0.607471E+00
   0.221729E+01   0.728586E+00   0.106693E+00   0.603966E+00   0.603966E+00
   0.222203E+01   0.592852E+00   0.106418E+00   0.600504E+00   0.600504E+00
   0.222677E+01   0.549227E+00   0.106497E+00   0.597086E+00   0.597086E+00
   0.223152E+01   0.498138E+00   0.106114E+00   0.593711E+00   0.593711E+00
   0.223626E+01   0.627927E+00   0.106098E+00   0.590377E+00   0.590377E+00
   0.224100E+01   0.684135E+00   0.106113E+00   0.587085E+00   0.587085E+00
   0.224575E+01   0.513903E+00   0.105744E+00   0.583833E+00   0.583833E+00
   0.225049E+01   0.494740E+00   0.105732E+00   0.580622E+00   0.580622E+00
   0.225523E+01   0.516955E+00   0.105526E+00   0.577451E+00   0.577451E+00
   0.225997E+01   0.587643E+00   0.105378E+00   0.574318E+00   0.574318E+00
   0.226472E+01   0.571294E+00   0.105001E+00   0.571223E+00   0.571223E+00
   0.226946E+01   0.593815E+00   0.105190E+00   0.568167E+00   0.568167E+00
   0.227420E+01   0.576243E+00   0.105086E+00   0.565146E+00   0.565146E+00
   0.227895E+01   0.542375E+00   0.105186E+00   0.562162E+00   0.562162E+00
   0.228369E+01   0.480441E+00   0.104920E+00   0.559214E+00   0.559214E+00
   0.228843E+01   0.448626E+00   0.104787E+00   0.556302E+00   0.556302E+00
   0.229318E+01   0.557636E+00   0.104491E+00   0.553424E+00   0.553424E+00
   0.229792E+01   0.626497E+00   0.104412E+00   0.550580E+00   0.550580E+00
   0.230266E+01   0.607502E+00   0.104341E+00   0.547770E+00   0.547770E+00
   0.230740E+01   0.456178E+00   0.103914E+00   0.544993E+00   0.544993E+00
   0.231215E+01   0.611502E+00   0.103957E+00   0.542249E+00   0.542249E+00
   0.231689E+01   0.608285E+00   0.103876E+00   0.539537E+00   0.539537E+00
   0.232163E+01   0.354958E+00   0.103529E+00   0.536857E+00   0.536857E+00
   0.232638E+01   0.544261E+00   0.103634E+00   0.534208E+00   0.534208E+00
   0.233112E+01   0.577386E+00   0.103602E+00   0.531590E+00   0.531590E+00
   0.233586E+01   0.616452E+00   0.103558E+00   0.529002E+00   0.529002E+00
   0.234060E+01   0.583307E+00   0.103234E+00   0.526445E+00   0.526445E+00
   0.234535E+01   0.552436E+00   0.103001E+00   0.523917E+00   0.523917E+00
   0.235009E+01   0.747682E+00   0.102985E+00   0.521418E+00   0.521418E+00
   0.235483E+01   0.385131E+00   0.102685E+00   0.518947E+00   0.518947E+00
   0.235957E+01   0.388370E+00   0.103020E+00   0.516506E+00   0.516506E+00
   0.236432E+01   0.365921E+00   0.102792E+00   0.514092E+00   0.514092E+00
   0.236906E+01   0.434753E+00   0.103042E+00   0.511706E+00   0.511706E+00
   0.237380E+01   0.478293E+00   0.102557E+00   0.509348E+00   0.509348E+00
   0.237855E+01   0.581772E+00   0.102609E+00   0.507016E+00   0.507016E+00
   0.238329E+01   0.589700E+00   0.102072E+00   0.504712E+00   0.504712E+00
   0.238803E+01   0.415109E+00   0.102207E+00   0.502433E+00   0.502433E+00
   0.239277E+01   0.524940E+00   0.102215E+00   0.500181E+00   0.500181E+00
   0.239752E+01   0.524691E+00   0.101864E+00   0.497954E+00   0.497954E+00
   0.240226E+01   0.480840E+00   0.102044E+00   0.495753E+00   0.495753E+00
   0.240700E+01   0.398011E+00   0.101542E+00   0.493577E+00   0.493577E+00
   0.241175E+01   0.444814E+00   0.101894E+00   0.491427E+00   0.491427E+00
   0.241649E+01   0.468133E+00   0.101542E+00   0.489301E+00   0.489301E+00
   0.242123E+01   0.495864E+00   0.101293E+00   0.487200E+00   0.487200E+00
   0.242598E+01   0.411798E+00   0.101157E+00   0.485123E+00   0.485123E+00
   0.243072E+01   0.514140E+00   0.101047E+00   0.483070E+00   0.483070E+00
   0.243546E+01   0.307933E+00   0.101088E+00   0.481041E+00   0.481041E+00
   0.244020E+01   0.426994E+00   0.100846E+00   0.479036E+00   0.479036E+00
   0.244495E+01   0.355466E+00   0.100742E+00   0.477055E+00   0.477055E+00
   0.244969E+01   0.492275E+00   0.100663E+00   0.475096E+00   0.475096E+00
   0.245443E+01   0.384723E+00   0.100569E+00   0.473161E+00   0.473161E+00
   0.245918E+01   0.370955E+00   0.100539E+00   0.471249E+00   0.471249E+00
   0.246392E+01   0.300918E+00   0.100315E+00   0.469360E+00   0.469360E+00
   0.246866E+01   0.450438E+00   0.100561E+00   0.467494E+00   0.467494E+00
   0.247340E+01   0.651711E+00   0.100276E+00   0.465650E+00   0.465650E+00
   0.247815E+01   0.588811E+00   0.100222E+00   0.463829E+00   0.463829E+00
   0.248289E+01   0.438463E+00   0.998162E-01   0.462029E+00   0.462029E+00
   0.248763E+01   0.465427E+00   0.998121E-01   0.460252E+00   0.460252E+00
   0.249238E+01   0.413699E+00   0.998767E-01   0.458497E+00   0.458497E+00
   0.249712E+01   0.324552E+00   0.997116E-01   0.456764E+00   0.456764E+00
   0.250186E+01   0.555476E+00   0.998474E-01   0.455054E+00   0.455054E+00
   0.250660E+01   0.376284E+00   0.995503E-01   0.453364E+00   0.453364E+00
   0.251135E+01   0.485777E+00   0.993178E-01   0.451696E+00   0.451696E+00
   0.251609E+01   0.539281E+00   0.993942E-01   0.450050E+00   0.450050E+00
   0.252083E+01   0.412910E+00   0.995420E-01   0.448425E+00   0.448425E+00
   0.252558E+01   0.426898E+00   0.989265E-01   0.446822E+00   0.446822E+00
   0.253032E+01   0.555163E+00   0.985089E-01   0.445240E+00   0.445240E+00
   0.253506E+01   0.425887E+00   0.987481E-01   0.443679E+00   0.443679E+00
   0.253980E+01   0.328016E+00   0.985702E-01   0.442139E+00   0.442139E+00
   0.254455E+01   0.429461E+00   0.985326E-01   0.440620E+00   0.440620E+00
   0.254929E+01   0.486025E+00   0.981885E-01   0.439122E+00   0.439122E+00
   0.255403E+01   0.513618E+00   0.985180E-01   0.437645E+00   0.437645E+00
   0.255878E+01   0.476408E+00   0.983266E-01   0.436189E+00   0.436189E+00
   0.256352E+01   0.530893E+00   0.979624E-01   0.434754E+00   0.434754E+00
   0.256826E+01   0.463140E+00   0.981480E-01   0.433339E+00   0.433339E+00
   0.257300E+01   0.314538E+00   0.978911E-01   0.431945E+00   0.431945E+00
   0.257775E+01   0.440729E+00   0.978307E-01   0.430571E+00   0.430571E+00
   0.258249E+01   0.348075E+00   0.980140E-01   0.429218E+00   0.429218E+00
   0.258723E+01   0.380749E+00   0.980624E-01   0.427886E+00   0.427886E+00
   0.259198E+01   0.476968E+00   0.977993E-01   0.426573E+00   0.426573E+00
   0.259672E+01   0.584708E+00   0.978415E-01   0.425281E+00   0.425281E+00
   0.260146E+01   0.480968E+00   0.975053E-01   0.424009E+00   0.424009E+00
   0.260620E+01   0.415611E+00   0.974611E-01   0.422757E+00   0.422757E+00
   0.261095E+01   0.452956E+00   0.977591E-01   0.421526E+00   0.421526E+00
   0.261569E+01   0.345149E+00   0.972592E-01   0.420314E+00   0.420314E+00
   0.262043E+01   0.472240E+00   0.973274E-01   0.419123E+00   0.419123E+00
   0.262518E+01   0.459143E+00   0.973041E-01   0.417951E+00   0.417951E+00
   0.262992E+01   0.553843E+00   0.974748E-01   0.416798E+00   0.416798E+00
   0.263466E+01   0.377707E+00   0.971565E-01   0.415666E+00   0.415666E+00
   0.263940E+01   0.357855E+00   0.970000E-01   0.414553E+00   0.414553E+00
   0.264415E+01   0.295842E+00   0.967868E-01   0.413460E+00   0.413460E+00
   0.264889E+01   0.291198E+00   0.965304E-01   0.412385E+00   0.412385E+00
   0.265363E+01   0.199375E+00   0.966818E-01   0.411331E+00   0.411331E+00
   0.265838E+01   0.454460E+00   0.964406E-01   0.410295E+00   0.410295E+00
   0.266312E+01   0.403218E+00   0.966894E-01   0.409278E+00   0.409278E+00
   0.266786E+01   0.486376E+00   0.963732E-01   0.408281E+00   0.408281E+00
   0.267260E+01   0.539791E+00   0.962801E-01   0.407302E+00   0.407302E+00
   0.267735E+01   0.517130E+00   0.962692E-01   0.406342E+00   0.406342E+00
   0.268209E+01   0.483287E+00   0.963319E-01   0.405401E+00   0.405401E+00
   0.268683E+01   0.493577E+00   0.960036E-01   0.404478E+00   0.404478E+00
   0.269158E+01   0.433841E+00   0.961919E-01   0.403573E+00   0.403573E+00
   0.269632E+01   0.247017E+00   0.961212E-01   0.402687E+00   0.402687E+00
   0.270106E+01   0.333090E+00   0.956522E-01   0.401818E+00   0.401818E+00
   0.270580E+01   0.444928E+00   0.956115E-01   0.400968E+00   0.400968E+00
   0.271055E+01   0.238094E+00   0.954646E-01   0.400135E+00   0.400135E+00
   0.271529E+01   0.365049E+00   0.960395E-01   0.399320E+00   0.399320E+00
   0.272003E+01   0.432106E+00   0.954840E-01   0.398522E+00   0.398522E+00
   0.272478E+01   0.474243E+00   0.954506E-01   0.397742E+00   0.397742E+00
   0.272952E+01   0.491042E+00   0.954506E-01   0.396978E+00   0.396978E+00
   0.273426E+01   0.448900E+00   0.950114E-01   0.396232E+00   0.396232E+00
   0.273901E+01   0.359120E+00   0.949811E-01   0.395502E+00   0.395502E+00
   0.274375E+01   0.375401E+00   0.949410E-01   0.394789E+00   0.394789E+00
   0.274849E+01   0.413639E+00   0.948383E-01   0.394092E+00   0.394092E+00
   0.275323E+01   0.438908E+00   0.950870E-01   0.393411E+00   0.393411E+00
   0.275798E+01   0.484118E+00   0.949582E-01   0.392746E+00   0.392746E+00
   0.276272E+01   0.456032E+00   0.948078E-01   0.392096E+00   0.392096E+00
   0.276746E+01   0.411694E+00   0.946113E-01   0.391462E+00   0.391462E+00
   0.277221E+01   0.392798E+00   0.944889E-01   0.390843E+00   0.390843E+00
   0.277695E+01   0.363997E+00   0.944447E-01   0.390239E+00   0.390239E+00
   0.278169E+01   0.421959E+00   0.945269E-01   0.389650E+00   0.389650E+00
   0.278643E+01   0.352962E+00   0.943455E-01   0.389075E+00   0.389075E+00
   0.279118E+01   0.278524E+00   0.940280E-01   0.388514E+00   0.388514E+00
   0.279592E+01   0.317446E+00   0.940848E-01   0.387967E+00   0.387967E+00
   0.280066E+01   0.358630E+00   0.939981E-01   0.387434E+00   0.387434E+00
   0.280540E+01   0.429549E+00   0.940439E-01   0.386914E+00   0.386914E+00
   0.281015E+01   0.323866E+00   0.940372E-01   0.386407E+00   0.386407E+00
   0.281489E+01   0.430616E+00   0.942130E-01   0.385913E+00   0.385913E+00
   0.281963E+01   0.325125E+00   0.962210E-01   0.385432E+00   0.385432E+00
   0.282438E+01   0.365276E+00   0.976135E-01   0.384962E+00   0.384962E+00
   0.282912E+01   0.397709E+00   0.989658E-01   0.384505E+00   0.384505E+00
   0.283386E+01   0.340615E+00   0.100042E+00   0.384060E+00   0.384060E+00
   0.283860E+01   0.397425E+00   0.100610E+00   0.383624E+00   0.383624E+00
   0.284335E+01   0.418837E+00   0.100935E+00   0.383200E+00   0.383200E+00
   0.284809E+01   0.523977E+00   0.101577E+00   0.382787E+00   0.382787E+00
   0.285283E+01   0.553794E+00   0.101778E+00   0.382384E+00   0.382384E+00
   0.285758E+01   0.337445E+00   0.101837E+00   0.381990E+00   0.381990E+00
   0.286232E+01   0.304007E+00   0.102331E+00   0.381607E+00   0.381607E+00
   0.286706E+01   0.443290E+00   0.102680E+00   0.381232E+00   0.381232E+00
   0.287181E+01   0.271664E+00   0.102819E+00   0.380867E+00   0.380867E+00
   0.287655E+01   0.361705E+00   0.103063E+00   0.380510E+00   0.380510E+00
   0.288129E+01   0.373217E+00   0.102649E+00   0.380161E+00   0.380161E+00
   0.288603E+01   0.397816E+00   0.999885E-01   0.379820E+00   0.379820E+00
   0.289078E+01   0.328649E+00   0.983508E-01   0.379487E+00   0.379487E+00
   0.289552E+01   0.234337E+00   0.973825E-01   0.379160E+00   0.379160E+00
   0.290026E+01   0.380837E+00   0.966401E-01   0.378840E+00   0.378840E+00
   0.290501E+01   0.476756E+00   0.959687E-01   0.378527E+00   0.378527E+00
   0.290975E+01   0.334643E+00   0.956431E-01   0.378219E+00   0.378219E+00
   0.291449E+01   0.498178E+00   0.953894E-01   0.377917E+00   0.377917E+00
   0.291923E+01   0.521401E+00   0.952005E-01   0.377620E+00   0.377620E+00
   0.292398E+01   0.281995E+00   0.948005E-01   0.377328E+00   0.377328E+00
   0.292872E+01   0.428679E+00   0.946901E-01   0.377040E+00   0.377040E+00
   0.293346E+01   0.420014E+00   0.944978E-01   0.376757E+00   0.376757E+00
   0.293820E+01   0.413431E+00   0.942956E-01   0.376477E+00   0.376477E+00
   0.294295E+01   0.360519E+00   0.941567E-01   0.376200E+00   0.376200E+00
   0.294769E+01   0.431824E+00   0.943709E-01   0.375926E+00   0.375926E+00
   0.295243E+01   0.388769E+00   0.940020E-01   0.375654E+00   0.375654E+00
   0.295718E+01   0.365938E+00   0.941007E-01   0.375385E+00   0.375385E+00
   0.296192E+01   0.436213E+00   0.941319E-01   0.375117E+00   0.375117E+00
   0.296666E+01   0.294158E+00   0.934640E-01   0.374850E+00   0.374850E+00
   0.297140E+01   0.271973E+00   0.932365E-01   0.374584E+00   0.374584E+00
   0.297615E+01   0.452201E+00   0.935554E-01   0.374319E+00   0.374319E+00
   0.298089E+01   0.371328E+00   0.935857E-01   0.374054E+00   0.374054E+00
   0.298563E+01   0.435340E+00   0.934627E-01   0.373789E+00   0.373789E+00
   0.299038E+01   0.356629E+00   0.929992E-01   0.373523E+00   0.373523E+00
   0.299512E+01   0.344886E+00   0.929945E-01   0.373255E+00   0.373255E+00
   0.299986E+01   0.332242E+00   0.928075E-01   0.372987E+00   0.372987E+00

           ####      Real Space Data                               ####

           Distance distribution  function of particle  


      R          P(R)      ERROR

  0.0000E+00  0.0000E+00  0.0000E+00
  0.3556E-01  0.9973E-02  0.5538E-03
  0.7111E-01  0.1999E-01  0.1030E-02
  0.1067E+00  0.3006E-01  0.1431E-02
  0.1422E+00  0.4018E-01  0.1756E-02
  0.1778E+00  0.5035E-01  0.2009E-02
  0.2133E+00  0.6057E-01  0.2192E-02
  0.2489E+00  0.7084E-01  0.2308E-02
  0.2844E+00  0.8116E-01  0.2360E-02
  0.3200E+00  0.9154E-01  0.2352E-02
  0.3556E+00  0.1020E+00  0.2290E-02
  0.3911E+00  0.1124E+00  0.2179E-02
  0.4267E+00  0.1230E+00  0.2024E-02
  0.4622E+00  0.1336E+00  0.1832E-02
  0.4978E+00  0.1442E+00  0.1611E-02
  0.5333E+00  0.1549E+00  0.1373E-02
  0.5689E+00  0.1656E+00  0.1133E-02
  0.6044E+00  0.1764E+00  0.9191E-03
  0.6400E+00  0.1872E+00  0.7809E-03
  0.6756E+00  0.1981E+00  0.7784E-03
  0.7111E+00  0.2090E+00  0.9197E-03
  0.7467E+00  0.2199E+00  0.1152E-02
  0.7822E+00  0.2309E+00  0.1426E-02
  0.8178E+00  0.2419E+00  0.1714E-02
  0.8533E+00  0.2529E+00  0.1999E-02
  0.8889E+00  0.2638E+00  0.2272E-02
  0.9244E+00  0.2748E+00  0.2526E-02
  0.9600E+00  0.2858E+00  0.2755E-02
  0.9956E+00  0.2967E+00  0.2957E-02
  0.1031E+01  0.3076E+00  0.3128E-02
  0.1067E+01  0.3184E+00  0.3265E-02
  0.1102E+01  0.3292E+00  0.3367E-02
  0.1138E+01  0.3398E+00  0.3434E-02
  0.1173E+01  0.3504E+00  0.3463E-02
  0.1209E+01  0.3608E+00  0.3457E-02
  0.1244E+01  0.3710E+00  0.3416E-02
  0.1280E+01  0.3811E+00  0.3341E-02
  0.1316E+01  0.3910E+00  0.3235E-02
  0.1351E+01  0.4007E+00  0.3102E-02
  0.1387E+01  0.4102E+00  0.2945E-02
  0.1422E+01  0.4194E+00  0.2769E-02
  0.1458E+01  0.4284E+00  0.2582E-02
  0.1493E+01  0.4370E+00  0.2392E-02
  0.1529E+01  0.4454E+00  0.2210E-02
  0.1564E+01  0.4534E+00  0.2049E-02
  0.1600E+01  0.4610E+00  0.1923E-02
  0.1636E+01  0.4683E+00  0.1848E-02
  0.1671E+01  0.4751E+00  0.1836E-02
  0.1707E+01  0.4816E+00  0.1888E-02
  0.1742E+01  0.4876E+00  0.1999E-02
  0.1778E+01  0.4931E+00  0.2156E-02
  0.1813E+01  0.4982E+00  0.2344E-02
  0.1849E+01  0.5028E+00  0.2549E-02
  0.1884E+01  0.5069E+00  0.2759E-02
  0.1920E+01  0.5105E+00  0.2966E-02
  0.1956E+01  0.5135E+00  0.3161E-02
  0.1991E+01  0.5161E+00  0.3340E-02
  0.2027E+01  0.5181E+00  0.3496E-02
  0.2062E+01  0.5196E+00  0.3628E-02
  0.2098E+01  0.5205E+00  0.3732E-02
  0.2133E+01  0.5209E+00  0.3807E-02
  0.2169E+01  0.5208E+00  0.3851E-02
  0.2204E+01  0.5202E+00  0.3865E-02
  0.2240E+01  0.5190E+00  0.3849E-02
  0.2276E+01  0.5173E+00  0.3803E-02
  0.2311E+01  0.5152E+00  0.3731E-02
  0.2347E+01  0.5125E+00  0.3635E-02
  0.2382E+01  0.5094E+00  0.3518E-02
  0.2418E+01  0.5058E+00  0.3387E-02
  0.2453E+01  0.5018E+00  0.3246E-02
  0.2489E+01  0.4974E+00  0.3104E-02
  0.2524E+01  0.4926E+00  0.2968E-02
  0.2560E+01  0.4874E+00  0.2848E-02
  0.2596E+01  0.4819E+00  0.2755E-02
  0.2631E+01  0.4760E+00  0.2697E-02
  0.2667E+01  0.4699E+00  0.2683E-02
  0.2702E+01  0.4635E+00  0.2715E-02
  0.2738E+01  0.4569E+00  0.2794E-02
  0.2773E+01  0.4501E+00  0.2913E-02
  0.2809E+01  0.4431E+00  0.3066E-02
  0.2844E+01  0.4360E+00  0.3244E-02
  0.2880E+01  0.4288E+00  0.3436E-02
  0.2916E+01  0.4215E+00  0.3635E-02
  0.2951E+01  0.4141E+00  0.3832E-02
  0.2987E+01  0.4067E+00  0.4022E-02
  0.3022E+01  0.3993E+00  0.4197E-02
  0.3058E+01  0.3920E+00  0.4355E-02
  0.3093E+01  0.3846E+00  0.4490E-02
  0.3129E+01  0.3774E+00  0.4600E-02
  0.3164E+01  0.3703E+00  0.4682E-02
  0.3200E+01  0.3632E+00  0.4736E-02
  0.3236E+01  0.3564E+00  0.4760E-02
  0.3271E+01  0.3496E+00  0.4755E-02
  0.3307E+01  0.3431E+00  0.4720E-02
  0.3342E+01  0.3367E+00  0.4658E-02
  0.3378E+01  0.3305E+00  0.4571E-02
  0.3413E+01  0.3245E+00  0.4462E-02
  0.3449E+01  0.3187E+00  0.4333E-02
  0.3484E+01  0.3131E+00  0.4192E-02
  0.3520E+01  0.3077E+00  0.4042E-02
  0.3556E+01  0.3026E+00  0.3891E-02
  0.3591E+01  0.2976E+00  0.3746E-02
  0.3627E+01  0.2929E+00  0.3616E-02
  0.3662E+01  0.2883E+00  0.3510E-02
  0.3698E+01  0.2840E+00  0.3434E-02
  0.3733E+01  0.2798E+00  0.3396E-02
  0.3769E+01  0.2758E+00  0.3399E-02
  0.3804E+01  0.2719E+00  0.3446E-02
  0.3840E+01  0.2682E+00  0.3532E-02
  0.3876E+01  0.2647E+00  0.3654E-02
  0.3911E+01  0.2612E+00  0.3804E-02
  0.3947E+01  0.2578E+00  0.3974E-02
  0.3982E+01  0.2546E+00  0.4155E-02
  0.4018E+01  0.2513E+00  0.4341E-02
  0.4053E+01  0.2482E+00  0.4525E-02
  0.4089E+01  0.2450E+00  0.4699E-02
  0.4124E+01  0.2419E+00  0.4861E-02
  0.4160E+01  0.2388E+00  0.5005E-02
  0.4196E+01  0.2356E+00  0.5127E-02
  0.4231E+01  0.2324E+00  0.5227E-02
  0.4267E+01  0.2292E+00  0.5301E-02
  0.4302E+01  0.2259E+00  0.5350E-02
  0.4338E+01  0.2225E+00  0.5372E-02
  0.4373E+01  0.2190E+00  0.5370E-02
  0.4409E+01  0.2155E+00  0.5343E-02
  0.4444E+01  0.2118E+00  0.5295E-02
  0.4480E+01  0.2080E+00  0.5229E-02
  0.4516E+01  0.2041E+00  0.5148E-02
  0.4551E+01  0.2001E+00  0.5057E-02
  0.4587E+01  0.1960E+00  0.4961E-02
  0.4622E+01  0.1917E+00  0.4866E-02
  0.4658E+01  0.1874E+00  0.4778E-02
  0.4693E+01  0.1829E+00  0.4705E-02
  0.4729E+01  0.1784E+00  0.4652E-02
  0.4764E+01  0.1737E+00  0.4624E-02
  0.4800E+01  0.1690E+00  0.4626E-02
  0.4836E+01  0.1642E+00  0.4660E-02
  0.4871E+01  0.1593E+00  0.4727E-02
  0.4907E+01  0.1544E+00  0.4825E-02
  0.4942E+01  0.1495E+00  0.4951E-02
  0.4978E+01  0.1445E+00  0.5099E-02
  0.5013E+01  0.1396E+00  0.5265E-02
  0.5049E+01  0.1347E+00  0.5441E-02
  0.5084E+01  0.1299E+00  0.5622E-02
  0.5120E+01  0.1251E+00  0.5802E-02
  0.5156E+01  0.1204E+00  0.5976E-02
  0.5191E+01  0.1158E+00  0.6137E-02
  0.5227E+01  0.1113E+00  0.6281E-02
  0.5262E+01  0.1070E+00  0.6406E-02
  0.5298E+01  0.1029E+00  0.6507E-02
  0.5333E+01  0.9887E-01  0.6582E-02
  0.5369E+01  0.9507E-01  0.6629E-02
  0.5404E+01  0.9148E-01  0.6647E-02
  0.5440E+01  0.8811E-01  0.6637E-02
  0.5476E+01  0.8496E-01  0.6598E-02
  0.5511E+01  0.8205E-01  0.6533E-02
  0.5547E+01  0.7938E-01  0.6443E-02
  0.5582E+01  0.7695E-01  0.6333E-02
  0.5618E+01  0.7477E-01  0.6207E-02
  0.5653E+01  0.7282E-01  0.6070E-02
  0.5689E+01  0.7112E-01  0.5931E-02
  0.5724E+01  0.6964E-01  0.5798E-02
  0.5760E+01  0.6838E-01  0.5678E-02
  0.5796E+01  0.6733E-01  0.5584E-02
  0.5831E+01  0.6646E-01  0.5523E-02
  0.5867E+01  0.6576E-01  0.5505E-02
  0.5902E+01  0.6520E-01  0.5536E-02
  0.5938E+01  0.6476E-01  0.5618E-02
  0.5973E+01  0.6440E-01  0.5751E-02
  0.6009E+01  0.6410E-01  0.5931E-02
  0.6044E+01  0.6382E-01  0.6150E-02
  0.6080E+01  0.6352E-01  0.6398E-02
  0.6116E+01  0.6316E-01  0.6662E-02
  0.6151E+01  0.6270E-01  0.6929E-02
  0.6187E+01  0.6209E-01  0.7185E-02
  0.6222E+01  0.6128E-01  0.7418E-02
  0.6258E+01  0.6023E-01  0.7612E-02
  0.6293E+01  0.5889E-01  0.7753E-02
  0.6329E+01  0.5720E-01  0.7827E-02
  0.6364E+01  0.5510E-01  0.7820E-02
  0.6400E+01  0.5255E-01  0.7717E-02
  0.6436E+01  0.4949E-01  0.7504E-02
  0.6471E+01  0.4586E-01  0.7166E-02
  0.6507E+01  0.4161E-01  0.6687E-02
  0.6542E+01  0.3669E-01  0.6052E-02
  0.6578E+01  0.3103E-01  0.5247E-02
  0.6613E+01  0.2458E-01  0.4255E-02
  0.6649E+01  0.1730E-01  0.3060E-02
  0.6684E+01  0.9119E-02  0.1647E-02
  0.6720E+01  0.0000E+00  0.0000E+00
