
           ####      G N O M             Version 5.0 (r13469)      ####
                                               Wed Dec 15 15:09:30 2021

           ####      Configuration                                 ####

    System Type:                   arbitrary monodisperse (job = 0)
    Minimum characteristic size:         0.0000
    Maximum characteristic size:         9.3200
    rad56:                               0.0000
    Force 0.0 at r = rmin:                  yes
    Force 0.0 at r = rmax:                  yes
    Initial alpha:                       0.0000
    Initial random seed:    1431706909310987009
    Points in real space:                   190

    Input  1:                      temp-inp.dat
    First data point used:                    1
    Last data point used:                   570
    Scaling coefficient:             0.1000E+01
    Experimental setup:            point collimation



           ####      Results                                       ####

    Parameter    DISCRP  OSCILL  STABIL  SYSDEV  POSITV  VALCEN  SMOOTH
    Weight        1.000   3.000   3.000   3.000   1.000   1.000   1.000
    Sigma         0.300   0.600   0.120   0.120   0.120   0.120   0.600
    Ideal         0.700   1.100   0.000   1.000   1.000   0.950   0.000
    Current       0.421   1.692   0.004   0.935   1.000   0.773   0.192
               --------------------------------------------------------
    Estimate      0.420   0.378   0.999   0.746   1.000   0.112   0.902

    Angular range:                       0.3012 to       2.9999
    Reciprocal space Rg:             0.2392E+01
    Reciprocal space I(0):           0.5722E+02

    Real space range:                    0.0000 to       9.3200
    Real space Rg:                   0.2405E+01 +-   0.1785E-01
    Real space I(0):                 0.5722E+02 +-   0.1895E+00

    Highest ALPHA (theor):           0.9264E+02
    Current ALPHA:                   0.6183E-01

    Total Estimate:                      0.6771 (a REASONABLE solution)



           ####      Experimental Data and Fit                     ####

      S          J EXP       ERROR       J REG       I REG

   0.000000E+00                                                0.572228E+02
   0.107561E-01                                                0.572100E+02
   0.215123E-01                                                0.571717E+02
   0.322684E-01                                                0.571080E+02
   0.430246E-01                                                0.570190E+02
   0.537807E-01                                                0.569048E+02
   0.645368E-01                                                0.567656E+02
   0.752930E-01                                                0.566016E+02
   0.860491E-01                                                0.564132E+02
   0.968053E-01                                                0.562007E+02
   0.107561E+00                                                0.559643E+02
   0.118318E+00                                                0.557046E+02
   0.129074E+00                                                0.554218E+02
   0.139830E+00                                                0.551166E+02
   0.150586E+00                                                0.547893E+02
   0.161342E+00                                                0.544406E+02
   0.172098E+00                                                0.540710E+02
   0.182854E+00                                                0.536810E+02
   0.193611E+00                                                0.532714E+02
   0.204367E+00                                                0.528427E+02
   0.215123E+00                                                0.523956E+02
   0.225879E+00                                                0.519308E+02
   0.236635E+00                                                0.514491E+02
   0.247391E+00                                                0.509512E+02
   0.258147E+00                                                0.504377E+02
   0.268903E+00                                                0.499095E+02
   0.279660E+00                                                0.493673E+02
   0.290416E+00                                                0.488120E+02
   0.301172E+00   0.484122E+02   0.217055E+00   0.482443E+02   0.482443E+02
   0.305915E+00   0.480100E+02   0.214737E+00   0.479902E+02   0.479902E+02
   0.310658E+00   0.479233E+02   0.212742E+00   0.477339E+02   0.477339E+02
   0.315400E+00   0.474449E+02   0.210775E+00   0.474755E+02   0.474755E+02
   0.320143E+00   0.469494E+02   0.208954E+00   0.472151E+02   0.472151E+02
   0.324886E+00   0.468543E+02   0.206729E+00   0.469527E+02   0.469527E+02
   0.329629E+00   0.464077E+02   0.204625E+00   0.466884E+02   0.466884E+02
   0.334372E+00   0.464506E+02   0.203171E+00   0.464222E+02   0.464222E+02
   0.339115E+00   0.464050E+02   0.203417E+00   0.461542E+02   0.461542E+02
   0.343858E+00   0.462431E+02   0.206133E+00   0.458846E+02   0.458846E+02
   0.348601E+00   0.456214E+02   0.210708E+00   0.456133E+02   0.456133E+02
   0.353343E+00   0.452442E+02   0.214130E+00   0.453404E+02   0.453404E+02
   0.358086E+00   0.449035E+02   0.215816E+00   0.450660E+02   0.450660E+02
   0.362829E+00   0.446813E+02   0.217741E+00   0.447902E+02   0.447902E+02
   0.367572E+00   0.446312E+02   0.219579E+00   0.445130E+02   0.445130E+02
   0.372315E+00   0.443399E+02   0.220997E+00   0.442345E+02   0.442345E+02
   0.377058E+00   0.440224E+02   0.221689E+00   0.439548E+02   0.439548E+02
   0.381801E+00   0.433656E+02   0.222391E+00   0.436739E+02   0.436739E+02
   0.386543E+00   0.433415E+02   0.223081E+00   0.433919E+02   0.433919E+02
   0.391286E+00   0.430957E+02   0.223599E+00   0.431088E+02   0.431088E+02
   0.396029E+00   0.425778E+02   0.223517E+00   0.428248E+02   0.428248E+02
   0.400772E+00   0.425021E+02   0.225267E+00   0.425399E+02   0.425399E+02
   0.405515E+00   0.422395E+02   0.232856E+00   0.422541E+02   0.422541E+02
   0.410258E+00   0.418778E+02   0.237965E+00   0.419676E+02   0.419676E+02
   0.415001E+00   0.420590E+02   0.243605E+00   0.416803E+02   0.416803E+02
   0.419744E+00   0.418415E+02   0.246807E+00   0.413923E+02   0.413923E+02
   0.424486E+00   0.413738E+02   0.250236E+00   0.411038E+02   0.411038E+02
   0.429229E+00   0.403776E+02   0.252330E+00   0.408147E+02   0.408147E+02
   0.433972E+00   0.402803E+02   0.256252E+00   0.405252E+02   0.405252E+02
   0.438715E+00   0.403360E+02   0.259764E+00   0.402352E+02   0.402352E+02
   0.443458E+00   0.399098E+02   0.263701E+00   0.399449E+02   0.399449E+02
   0.448201E+00   0.394680E+02   0.266746E+00   0.396543E+02   0.396543E+02
   0.452944E+00   0.393515E+02   0.271090E+00   0.393635E+02   0.393635E+02
   0.457686E+00   0.392917E+02   0.273161E+00   0.390725E+02   0.390725E+02
   0.462429E+00   0.386728E+02   0.273987E+00   0.387813E+02   0.387813E+02
   0.467172E+00   0.383586E+02   0.273349E+00   0.384901E+02   0.384901E+02
   0.471915E+00   0.386213E+02   0.263210E+00   0.381989E+02   0.381989E+02
   0.476658E+00   0.383085E+02   0.257392E+00   0.379077E+02   0.379077E+02
   0.481401E+00   0.375405E+02   0.253156E+00   0.376166E+02   0.376166E+02
   0.486144E+00   0.372837E+02   0.250535E+00   0.373257E+02   0.373257E+02
   0.490887E+00   0.369449E+02   0.247475E+00   0.370349E+02   0.370349E+02
   0.495629E+00   0.370400E+02   0.245920E+00   0.367444E+02   0.367444E+02
   0.500372E+00   0.365334E+02   0.243578E+00   0.364542E+02   0.364542E+02
   0.505115E+00   0.360400E+02   0.241721E+00   0.361644E+02   0.361644E+02
   0.509858E+00   0.359288E+02   0.240078E+00   0.358749E+02   0.358749E+02
   0.514601E+00   0.357322E+02   0.238348E+00   0.355859E+02   0.355859E+02
   0.519344E+00   0.352267E+02   0.237305E+00   0.352974E+02   0.352974E+02
   0.524087E+00   0.347233E+02   0.235117E+00   0.350094E+02   0.350094E+02
   0.528829E+00   0.347054E+02   0.234119E+00   0.347220E+02   0.347220E+02
   0.533572E+00   0.346279E+02   0.232972E+00   0.344352E+02   0.344352E+02
   0.538315E+00   0.343276E+02   0.230531E+00   0.341491E+02   0.341491E+02
   0.543058E+00   0.338176E+02   0.228127E+00   0.338637E+02   0.338637E+02
   0.547801E+00   0.333782E+02   0.225870E+00   0.335791E+02   0.335791E+02
   0.552544E+00   0.331778E+02   0.224182E+00   0.332952E+02   0.332952E+02
   0.557287E+00   0.328941E+02   0.222763E+00   0.330121E+02   0.330121E+02
   0.562029E+00   0.324749E+02   0.220398E+00   0.327300E+02   0.327300E+02
   0.566772E+00   0.321125E+02   0.218129E+00   0.324487E+02   0.324487E+02
   0.571515E+00   0.321936E+02   0.217054E+00   0.321684E+02   0.321684E+02
   0.576258E+00   0.318716E+02   0.215600E+00   0.318890E+02   0.318890E+02
   0.581001E+00   0.318448E+02   0.214611E+00   0.316106E+02   0.316106E+02
   0.585744E+00   0.315113E+02   0.213166E+00   0.313333E+02   0.313333E+02
   0.590487E+00   0.311124E+02   0.212294E+00   0.310571E+02   0.310571E+02
   0.595230E+00   0.306833E+02   0.211081E+00   0.307820E+02   0.307820E+02
   0.599972E+00   0.305868E+02   0.210499E+00   0.305080E+02   0.305080E+02
   0.604715E+00   0.303024E+02   0.209672E+00   0.302351E+02   0.302351E+02
   0.609458E+00   0.300488E+02   0.208447E+00   0.299635E+02   0.299635E+02
   0.614201E+00   0.298397E+02   0.207898E+00   0.296931E+02   0.296931E+02
   0.618944E+00   0.293818E+02   0.206555E+00   0.294239E+02   0.294239E+02
   0.623687E+00   0.293757E+02   0.206151E+00   0.291560E+02   0.291560E+02
   0.628430E+00   0.288973E+02   0.205381E+00   0.288894E+02   0.288894E+02
   0.633173E+00   0.286142E+02   0.204989E+00   0.286242E+02   0.286242E+02
   0.637915E+00   0.283973E+02   0.203781E+00   0.283602E+02   0.283602E+02
   0.642658E+00   0.281991E+02   0.202624E+00   0.280977E+02   0.280977E+02
   0.647401E+00   0.277197E+02   0.201800E+00   0.278365E+02   0.278365E+02
   0.652144E+00   0.274949E+02   0.201471E+00   0.275767E+02   0.275767E+02
   0.656887E+00   0.271173E+02   0.200756E+00   0.273184E+02   0.273184E+02
   0.661630E+00   0.269615E+02   0.200049E+00   0.270615E+02   0.270615E+02
   0.666373E+00   0.268618E+02   0.198777E+00   0.268061E+02   0.268061E+02
   0.671115E+00   0.263267E+02   0.198198E+00   0.265521E+02   0.265521E+02
   0.675858E+00   0.262728E+02   0.197403E+00   0.262997E+02   0.262997E+02
   0.680601E+00   0.257758E+02   0.196425E+00   0.260488E+02   0.260488E+02
   0.685344E+00   0.257053E+02   0.195796E+00   0.257993E+02   0.257993E+02
   0.690087E+00   0.254758E+02   0.195110E+00   0.255515E+02   0.255515E+02
   0.694830E+00   0.254572E+02   0.194428E+00   0.253052E+02   0.253052E+02
   0.699573E+00   0.249232E+02   0.193693E+00   0.250604E+02   0.250604E+02
   0.704315E+00   0.251422E+02   0.193134E+00   0.248173E+02   0.248173E+02
   0.709058E+00   0.246045E+02   0.192166E+00   0.245757E+02   0.245757E+02
   0.713801E+00   0.244842E+02   0.191641E+00   0.243357E+02   0.243357E+02
   0.718544E+00   0.242388E+02   0.191062E+00   0.240973E+02   0.240973E+02
   0.723287E+00   0.240561E+02   0.190249E+00   0.238606E+02   0.238606E+02
   0.728030E+00   0.234645E+02   0.189568E+00   0.236254E+02   0.236254E+02
   0.732773E+00   0.232185E+02   0.188845E+00   0.233919E+02   0.233919E+02
   0.737515E+00   0.229509E+02   0.187852E+00   0.231601E+02   0.231601E+02
   0.742258E+00   0.226041E+02   0.186830E+00   0.229298E+02   0.229298E+02
   0.747001E+00   0.226166E+02   0.186562E+00   0.227013E+02   0.227013E+02
   0.751744E+00   0.224399E+02   0.185765E+00   0.224743E+02   0.224743E+02
   0.756487E+00   0.221711E+02   0.184982E+00   0.222491E+02   0.222491E+02
   0.761230E+00   0.219525E+02   0.184563E+00   0.220255E+02   0.220255E+02
   0.765973E+00   0.216978E+02   0.183879E+00   0.218035E+02   0.218035E+02
   0.770716E+00   0.216984E+02   0.183266E+00   0.215833E+02   0.215833E+02
   0.775459E+00   0.212981E+02   0.182572E+00   0.213646E+02   0.213646E+02
   0.780201E+00   0.212500E+02   0.182700E+00   0.211477E+02   0.211477E+02
   0.784944E+00   0.209387E+02   0.181615E+00   0.209324E+02   0.209324E+02
   0.789687E+00   0.207454E+02   0.180971E+00   0.207188E+02   0.207188E+02
   0.794430E+00   0.207209E+02   0.180578E+00   0.205069E+02   0.205069E+02
   0.799173E+00   0.204001E+02   0.179669E+00   0.202966E+02   0.202966E+02
   0.803916E+00   0.203646E+02   0.179203E+00   0.200880E+02   0.200880E+02
   0.808658E+00   0.198795E+02   0.178082E+00   0.198811E+02   0.198811E+02
   0.813401E+00   0.198040E+02   0.177616E+00   0.196758E+02   0.196758E+02
   0.818144E+00   0.194454E+02   0.177303E+00   0.194722E+02   0.194722E+02
   0.822887E+00   0.195077E+02   0.177078E+00   0.192703E+02   0.192703E+02
   0.827630E+00   0.192076E+02   0.176151E+00   0.190700E+02   0.190700E+02
   0.832373E+00   0.187699E+02   0.174758E+00   0.188713E+02   0.188713E+02
   0.837116E+00   0.188585E+02   0.174701E+00   0.186743E+02   0.186743E+02
   0.841859E+00   0.184967E+02   0.174193E+00   0.184789E+02   0.184789E+02
   0.846601E+00   0.182207E+02   0.174424E+00   0.182852E+02   0.182852E+02
   0.851344E+00   0.182455E+02   0.173143E+00   0.180931E+02   0.180931E+02
   0.856087E+00   0.178270E+02   0.173056E+00   0.179027E+02   0.179027E+02
   0.860830E+00   0.176910E+02   0.171898E+00   0.177138E+02   0.177138E+02
   0.865573E+00   0.177084E+02   0.171722E+00   0.175266E+02   0.175266E+02
   0.870316E+00   0.175163E+02   0.171021E+00   0.173410E+02   0.173410E+02
   0.875059E+00   0.171875E+02   0.170651E+00   0.171570E+02   0.171570E+02
   0.879802E+00   0.170013E+02   0.169787E+00   0.169745E+02   0.169745E+02
   0.884544E+00   0.168734E+02   0.169427E+00   0.167937E+02   0.167937E+02
   0.889287E+00   0.166750E+02   0.168461E+00   0.166145E+02   0.166145E+02
   0.894030E+00   0.163457E+02   0.167835E+00   0.164368E+02   0.164368E+02
   0.898773E+00   0.162976E+02   0.167406E+00   0.162607E+02   0.162607E+02
   0.903516E+00   0.159110E+02   0.166445E+00   0.160862E+02   0.160862E+02
   0.908259E+00   0.158428E+02   0.165830E+00   0.159132E+02   0.159132E+02
   0.913002E+00   0.155505E+02   0.165570E+00   0.157418E+02   0.157418E+02
   0.917744E+00   0.155288E+02   0.165239E+00   0.155719E+02   0.155719E+02
   0.922487E+00   0.153743E+02   0.164771E+00   0.154035E+02   0.154035E+02
   0.927230E+00   0.152015E+02   0.164283E+00   0.152366E+02   0.152366E+02
   0.931973E+00   0.151736E+02   0.163969E+00   0.150713E+02   0.150713E+02
   0.936716E+00   0.146828E+02   0.163325E+00   0.149075E+02   0.149075E+02
   0.941459E+00   0.147987E+02   0.162615E+00   0.147451E+02   0.147451E+02
   0.946202E+00   0.145486E+02   0.162022E+00   0.145843E+02   0.145843E+02
   0.950944E+00   0.145312E+02   0.161891E+00   0.144249E+02   0.144249E+02
   0.955687E+00   0.142864E+02   0.161725E+00   0.142670E+02   0.142670E+02
   0.960430E+00   0.140337E+02   0.161016E+00   0.141106E+02   0.141106E+02
   0.965173E+00   0.137144E+02   0.160069E+00   0.139556E+02   0.139556E+02
   0.969916E+00   0.136357E+02   0.159778E+00   0.138020E+02   0.138020E+02
   0.974659E+00   0.138158E+02   0.159600E+00   0.136499E+02   0.136499E+02
   0.979402E+00   0.133864E+02   0.159041E+00   0.134992E+02   0.134992E+02
   0.984144E+00   0.132923E+02   0.158270E+00   0.133500E+02   0.133500E+02
   0.988887E+00   0.131057E+02   0.157878E+00   0.132021E+02   0.132021E+02
   0.993630E+00   0.130335E+02   0.157483E+00   0.130556E+02   0.130556E+02
   0.998373E+00   0.129060E+02   0.157324E+00   0.129106E+02   0.129106E+02
   0.100312E+01   0.127868E+02   0.156666E+00   0.127669E+02   0.127669E+02
   0.100786E+01   0.126136E+02   0.156440E+00   0.126245E+02   0.126245E+02
   0.101260E+01   0.125144E+02   0.155554E+00   0.124836E+02   0.124836E+02
   0.101734E+01   0.123206E+02   0.155756E+00   0.123439E+02   0.123439E+02
   0.102209E+01   0.123440E+02   0.155018E+00   0.122057E+02   0.122057E+02
   0.102683E+01   0.120002E+02   0.154432E+00   0.120687E+02   0.120687E+02
   0.103157E+01   0.118593E+02   0.153972E+00   0.119331E+02   0.119331E+02
   0.103632E+01   0.119851E+02   0.153899E+00   0.117988E+02   0.117988E+02
   0.104106E+01   0.117046E+02   0.153297E+00   0.116658E+02   0.116658E+02
   0.104580E+01   0.115854E+02   0.152861E+00   0.115341E+02   0.115341E+02
   0.105055E+01   0.114406E+02   0.152359E+00   0.114037E+02   0.114037E+02
   0.105529E+01   0.111880E+02   0.151393E+00   0.112746E+02   0.112746E+02
   0.106003E+01   0.111036E+02   0.151196E+00   0.111467E+02   0.111467E+02
   0.106477E+01   0.110714E+02   0.150809E+00   0.110201E+02   0.110201E+02
   0.106952E+01   0.106945E+02   0.150729E+00   0.108948E+02   0.108948E+02
   0.107426E+01   0.108223E+02   0.150614E+00   0.107707E+02   0.107707E+02
   0.107900E+01   0.104215E+02   0.149317E+00   0.106478E+02   0.106478E+02
   0.108374E+01   0.104043E+02   0.149469E+00   0.105262E+02   0.105262E+02
   0.108849E+01   0.106171E+02   0.149113E+00   0.104058E+02   0.104058E+02
   0.109323E+01   0.103943E+02   0.148443E+00   0.102866E+02   0.102866E+02
   0.109797E+01   0.103047E+02   0.148490E+00   0.101686E+02   0.101686E+02
   0.110272E+01   0.980996E+01   0.147995E+00   0.100517E+02   0.100517E+02
   0.110746E+01   0.990165E+01   0.147623E+00   0.993612E+01   0.993612E+01
   0.111220E+01   0.982176E+01   0.146837E+00   0.982166E+01   0.982166E+01
   0.111695E+01   0.943109E+01   0.146500E+00   0.970837E+01   0.970837E+01
   0.112169E+01   0.963347E+01   0.146639E+00   0.959624E+01   0.959624E+01
   0.112643E+01   0.948620E+01   0.145845E+00   0.948529E+01   0.948529E+01
   0.113117E+01   0.940640E+01   0.145541E+00   0.937546E+01   0.937546E+01
   0.113592E+01   0.941024E+01   0.145286E+00   0.926675E+01   0.926675E+01
   0.114066E+01   0.899941E+01   0.144927E+00   0.915918E+01   0.915918E+01
   0.114540E+01   0.924800E+01   0.145151E+00   0.905273E+01   0.905273E+01
   0.115014E+01   0.918310E+01   0.144390E+00   0.894738E+01   0.894738E+01
   0.115489E+01   0.884873E+01   0.143884E+00   0.884314E+01   0.884314E+01
   0.115963E+01   0.882115E+01   0.143534E+00   0.874000E+01   0.874000E+01
   0.116437E+01   0.872523E+01   0.143158E+00   0.863796E+01   0.863796E+01
   0.116912E+01   0.864048E+01   0.142731E+00   0.853698E+01   0.853698E+01
   0.117386E+01   0.842968E+01   0.142261E+00   0.843707E+01   0.843707E+01
   0.117860E+01   0.846634E+01   0.142001E+00   0.833822E+01   0.833822E+01
   0.118335E+01   0.816101E+01   0.141853E+00   0.824043E+01   0.824043E+01
   0.118809E+01   0.822481E+01   0.142010E+00   0.814369E+01   0.814369E+01
   0.119283E+01   0.822044E+01   0.141170E+00   0.804798E+01   0.804798E+01
   0.119757E+01   0.807927E+01   0.140799E+00   0.795333E+01   0.795333E+01
   0.120232E+01   0.780287E+01   0.140406E+00   0.785969E+01   0.785969E+01
   0.120706E+01   0.787474E+01   0.140967E+00   0.776706E+01   0.776706E+01
   0.121180E+01   0.753984E+01   0.145255E+00   0.767544E+01   0.767544E+01
   0.121654E+01   0.758713E+01   0.148366E+00   0.758482E+01   0.758482E+01
   0.122129E+01   0.746478E+01   0.149867E+00   0.749520E+01   0.749520E+01
   0.122603E+01   0.724714E+01   0.152137E+00   0.740657E+01   0.740657E+01
   0.123077E+01   0.713902E+01   0.153459E+00   0.731891E+01   0.731891E+01
   0.123552E+01   0.711317E+01   0.154940E+00   0.723225E+01   0.723225E+01
   0.124026E+01   0.722450E+01   0.156187E+00   0.714653E+01   0.714653E+01
   0.124500E+01   0.719614E+01   0.157192E+00   0.706177E+01   0.706177E+01
   0.124975E+01   0.705136E+01   0.158468E+00   0.697796E+01   0.697796E+01
   0.125449E+01   0.686267E+01   0.159922E+00   0.689509E+01   0.689509E+01
   0.125923E+01   0.677357E+01   0.160517E+00   0.681316E+01   0.681316E+01
   0.126397E+01   0.663598E+01   0.160019E+00   0.673216E+01   0.673216E+01
   0.126872E+01   0.635429E+01   0.160412E+00   0.665209E+01   0.665209E+01
   0.127346E+01   0.648676E+01   0.158080E+00   0.657292E+01   0.657292E+01
   0.127820E+01   0.656616E+01   0.152461E+00   0.649465E+01   0.649465E+01
   0.128295E+01   0.650985E+01   0.149538E+00   0.641729E+01   0.641729E+01
   0.128769E+01   0.633158E+01   0.147468E+00   0.634081E+01   0.634081E+01
   0.129243E+01   0.638168E+01   0.145743E+00   0.626522E+01   0.626522E+01
   0.129717E+01   0.614626E+01   0.144206E+00   0.619050E+01   0.619050E+01
   0.130192E+01   0.617334E+01   0.142546E+00   0.611667E+01   0.611667E+01
   0.130666E+01   0.610284E+01   0.141407E+00   0.604368E+01   0.604368E+01
   0.131140E+01   0.580571E+01   0.139927E+00   0.597155E+01   0.597155E+01
   0.131614E+01   0.587607E+01   0.139095E+00   0.590027E+01   0.590027E+01
   0.132089E+01   0.586254E+01   0.138855E+00   0.582982E+01   0.582982E+01
   0.132563E+01   0.575760E+01   0.137734E+00   0.576021E+01   0.576021E+01
   0.133037E+01   0.567774E+01   0.137202E+00   0.569142E+01   0.569142E+01
   0.133512E+01   0.562609E+01   0.137003E+00   0.562346E+01   0.562346E+01
   0.133986E+01   0.547701E+01   0.136546E+00   0.555631E+01   0.555631E+01
   0.134460E+01   0.542713E+01   0.136107E+00   0.548995E+01   0.548995E+01
   0.134935E+01   0.550178E+01   0.135711E+00   0.542439E+01   0.542439E+01
   0.135409E+01   0.525568E+01   0.135520E+00   0.535962E+01   0.535962E+01
   0.135883E+01   0.518473E+01   0.135296E+00   0.529563E+01   0.529563E+01
   0.136357E+01   0.524350E+01   0.134819E+00   0.523241E+01   0.523241E+01
   0.136832E+01   0.523897E+01   0.134414E+00   0.516996E+01   0.516996E+01
   0.137306E+01   0.515062E+01   0.133489E+00   0.510828E+01   0.510828E+01
   0.137780E+01   0.513299E+01   0.133496E+00   0.504734E+01   0.504734E+01
   0.138254E+01   0.494966E+01   0.133247E+00   0.498714E+01   0.498714E+01
   0.138729E+01   0.495690E+01   0.132868E+00   0.492768E+01   0.492768E+01
   0.139203E+01   0.504413E+01   0.132624E+00   0.486895E+01   0.486895E+01
   0.139677E+01   0.483946E+01   0.132540E+00   0.481094E+01   0.481094E+01
   0.140152E+01   0.483136E+01   0.132275E+00   0.475364E+01   0.475364E+01
   0.140626E+01   0.466379E+01   0.131789E+00   0.469706E+01   0.469706E+01
   0.141100E+01   0.460747E+01   0.131563E+00   0.464118E+01   0.464118E+01
   0.141575E+01   0.454376E+01   0.131362E+00   0.458599E+01   0.458599E+01
   0.142049E+01   0.437632E+01   0.130708E+00   0.453148E+01   0.453148E+01
   0.142523E+01   0.453340E+01   0.130943E+00   0.447765E+01   0.447765E+01
   0.142997E+01   0.444072E+01   0.130486E+00   0.442449E+01   0.442449E+01
   0.143472E+01   0.420345E+01   0.129937E+00   0.437199E+01   0.437199E+01
   0.143946E+01   0.424350E+01   0.129686E+00   0.432015E+01   0.432015E+01
   0.144420E+01   0.411373E+01   0.129532E+00   0.426897E+01   0.426897E+01
   0.144894E+01   0.437416E+01   0.129294E+00   0.421842E+01   0.421842E+01
   0.145369E+01   0.430353E+01   0.129452E+00   0.416851E+01   0.416851E+01
   0.145843E+01   0.406331E+01   0.128913E+00   0.411922E+01   0.411922E+01
   0.146317E+01   0.413620E+01   0.128810E+00   0.407055E+01   0.407055E+01
   0.146792E+01   0.400800E+01   0.128205E+00   0.402250E+01   0.402250E+01
   0.147266E+01   0.382131E+01   0.127767E+00   0.397505E+01   0.397505E+01
   0.147740E+01   0.381889E+01   0.127743E+00   0.392821E+01   0.392821E+01
   0.148215E+01   0.384005E+01   0.127402E+00   0.388195E+01   0.388195E+01
   0.148689E+01   0.386875E+01   0.127066E+00   0.383628E+01   0.383628E+01
   0.149163E+01   0.383301E+01   0.126892E+00   0.379118E+01   0.379118E+01
   0.149637E+01   0.388852E+01   0.126851E+00   0.374665E+01   0.374665E+01
   0.150112E+01   0.378752E+01   0.126819E+00   0.370269E+01   0.370269E+01
   0.150586E+01   0.357746E+01   0.128977E+00   0.365929E+01   0.365929E+01
   0.151060E+01   0.378083E+01   0.132845E+00   0.361643E+01   0.361643E+01
   0.151534E+01   0.357854E+01   0.134707E+00   0.357412E+01   0.357412E+01
   0.152009E+01   0.345021E+01   0.136734E+00   0.353234E+01   0.353234E+01
   0.152483E+01   0.358552E+01   0.137620E+00   0.349110E+01   0.349110E+01
   0.152957E+01   0.338800E+01   0.138392E+00   0.345037E+01   0.345037E+01
   0.153432E+01   0.348562E+01   0.135343E+00   0.341016E+01   0.341016E+01
   0.153906E+01   0.332041E+01   0.133083E+00   0.337045E+01   0.337045E+01
   0.154380E+01   0.333385E+01   0.131898E+00   0.333125E+01   0.333125E+01
   0.154855E+01   0.338004E+01   0.129998E+00   0.329256E+01   0.329256E+01
   0.155329E+01   0.327826E+01   0.128859E+00   0.325434E+01   0.325434E+01
   0.155803E+01   0.326542E+01   0.127552E+00   0.321661E+01   0.321661E+01
   0.156277E+01   0.320664E+01   0.126472E+00   0.317936E+01   0.317936E+01
   0.156752E+01   0.318785E+01   0.124775E+00   0.314257E+01   0.314257E+01
   0.157226E+01   0.313694E+01   0.124147E+00   0.310625E+01   0.310625E+01
   0.157700E+01   0.301596E+01   0.123463E+00   0.307039E+01   0.307039E+01
   0.158175E+01   0.293593E+01   0.123376E+00   0.303498E+01   0.303498E+01
   0.158649E+01   0.314756E+01   0.123602E+00   0.300002E+01   0.300002E+01
   0.159123E+01   0.304566E+01   0.123626E+00   0.296549E+01   0.296549E+01
   0.159597E+01   0.306290E+01   0.123902E+00   0.293140E+01   0.293140E+01
   0.160072E+01   0.277701E+01   0.123761E+00   0.289773E+01   0.289773E+01
   0.160546E+01   0.286599E+01   0.123576E+00   0.286449E+01   0.286449E+01
   0.161020E+01   0.276362E+01   0.123099E+00   0.283166E+01   0.283166E+01
   0.161495E+01   0.279262E+01   0.122629E+00   0.279924E+01   0.279924E+01
   0.161969E+01   0.270877E+01   0.122737E+00   0.276724E+01   0.276724E+01
   0.162443E+01   0.261560E+01   0.122579E+00   0.273562E+01   0.273562E+01
   0.162917E+01   0.262856E+01   0.122727E+00   0.270440E+01   0.270440E+01
   0.163392E+01   0.266594E+01   0.122143E+00   0.267357E+01   0.267357E+01
   0.163866E+01   0.274787E+01   0.122039E+00   0.264312E+01   0.264312E+01
   0.164340E+01   0.265020E+01   0.121387E+00   0.261305E+01   0.261305E+01
   0.164815E+01   0.259391E+01   0.121623E+00   0.258336E+01   0.258336E+01
   0.165289E+01   0.253089E+01   0.121323E+00   0.255403E+01   0.255403E+01
   0.165763E+01   0.251130E+01   0.121077E+00   0.252507E+01   0.252507E+01
   0.166237E+01   0.267631E+01   0.120681E+00   0.249646E+01   0.249646E+01
   0.166712E+01   0.255074E+01   0.120537E+00   0.246820E+01   0.246820E+01
   0.167186E+01   0.248343E+01   0.120219E+00   0.244029E+01   0.244029E+01
   0.167660E+01   0.246948E+01   0.120163E+00   0.241273E+01   0.241273E+01
   0.168135E+01   0.241016E+01   0.120439E+00   0.238550E+01   0.238550E+01
   0.168609E+01   0.238627E+01   0.119632E+00   0.235861E+01   0.235861E+01
   0.169083E+01   0.227648E+01   0.119219E+00   0.233206E+01   0.233206E+01
   0.169557E+01   0.223621E+01   0.119266E+00   0.230582E+01   0.230582E+01
   0.170032E+01   0.213707E+01   0.119002E+00   0.227991E+01   0.227991E+01
   0.170506E+01   0.220294E+01   0.118983E+00   0.225431E+01   0.225431E+01
   0.170980E+01   0.213014E+01   0.118765E+00   0.222902E+01   0.222902E+01
   0.171455E+01   0.200752E+01   0.118583E+00   0.220405E+01   0.220405E+01
   0.171929E+01   0.226232E+01   0.118456E+00   0.217938E+01   0.217938E+01
   0.172403E+01   0.214072E+01   0.118203E+00   0.215501E+01   0.215501E+01
   0.172877E+01   0.219977E+01   0.117821E+00   0.213094E+01   0.213094E+01
   0.173352E+01   0.210377E+01   0.117815E+00   0.210716E+01   0.210716E+01
   0.173826E+01   0.212959E+01   0.117622E+00   0.208367E+01   0.208367E+01
   0.174300E+01   0.200094E+01   0.117457E+00   0.206047E+01   0.206047E+01
   0.174775E+01   0.213681E+01   0.117548E+00   0.203755E+01   0.203755E+01
   0.175249E+01   0.199111E+01   0.116833E+00   0.201491E+01   0.201491E+01
   0.175723E+01   0.196989E+01   0.117265E+00   0.199255E+01   0.199255E+01
   0.176197E+01   0.181638E+01   0.116522E+00   0.197046E+01   0.197046E+01
   0.176672E+01   0.173659E+01   0.116174E+00   0.194864E+01   0.194864E+01
   0.177146E+01   0.180409E+01   0.116438E+00   0.192708E+01   0.192708E+01
   0.177620E+01   0.183139E+01   0.115821E+00   0.190579E+01   0.190579E+01
   0.178095E+01   0.190906E+01   0.116017E+00   0.188476E+01   0.188476E+01
   0.178569E+01   0.187852E+01   0.115700E+00   0.186398E+01   0.186398E+01
   0.179043E+01   0.168848E+01   0.115598E+00   0.184346E+01   0.184346E+01
   0.179517E+01   0.170397E+01   0.115723E+00   0.182320E+01   0.182320E+01
   0.179992E+01   0.182332E+01   0.115249E+00   0.180318E+01   0.180318E+01
   0.180466E+01   0.175209E+01   0.114915E+00   0.178340E+01   0.178340E+01
   0.180940E+01   0.185129E+01   0.114822E+00   0.176387E+01   0.176387E+01
   0.181415E+01   0.174511E+01   0.115113E+00   0.174458E+01   0.174458E+01
   0.181889E+01   0.184617E+01   0.114517E+00   0.172553E+01   0.172553E+01
   0.182363E+01   0.187100E+01   0.114451E+00   0.170672E+01   0.170672E+01
   0.182838E+01   0.172294E+01   0.114130E+00   0.168813E+01   0.168813E+01
   0.183312E+01   0.171147E+01   0.113980E+00   0.166979E+01   0.166979E+01
   0.183786E+01   0.165006E+01   0.114064E+00   0.165166E+01   0.165166E+01
   0.184260E+01   0.164281E+01   0.114320E+00   0.163377E+01   0.163377E+01
   0.184735E+01   0.161161E+01   0.113902E+00   0.161610E+01   0.161610E+01
   0.185209E+01   0.157266E+01   0.113607E+00   0.159865E+01   0.159865E+01
   0.185683E+01   0.164051E+01   0.113190E+00   0.158142E+01   0.158142E+01
   0.186157E+01   0.164898E+01   0.113282E+00   0.156441E+01   0.156441E+01
   0.186632E+01   0.160452E+01   0.113381E+00   0.154761E+01   0.154761E+01
   0.187106E+01   0.148620E+01   0.112754E+00   0.153103E+01   0.153103E+01
   0.187580E+01   0.160526E+01   0.112531E+00   0.151466E+01   0.151466E+01
   0.188055E+01   0.162716E+01   0.112571E+00   0.149850E+01   0.149850E+01
   0.188529E+01   0.147775E+01   0.112349E+00   0.148255E+01   0.148255E+01
   0.189003E+01   0.148558E+01   0.112167E+00   0.146680E+01   0.146680E+01
   0.189478E+01   0.141905E+01   0.112005E+00   0.145126E+01   0.145126E+01
   0.189952E+01   0.152827E+01   0.111910E+00   0.143592E+01   0.143592E+01
   0.190426E+01   0.127883E+01   0.111777E+00   0.142078E+01   0.142078E+01
   0.190900E+01   0.141858E+01   0.111366E+00   0.140584E+01   0.140584E+01
   0.191375E+01   0.133438E+01   0.111687E+00   0.139109E+01   0.139109E+01
   0.191849E+01   0.142424E+01   0.111872E+00   0.137654E+01   0.137654E+01
   0.192323E+01   0.132857E+01   0.111533E+00   0.136219E+01   0.136219E+01
   0.192797E+01   0.145647E+01   0.111475E+00   0.134801E+01   0.134801E+01
   0.193272E+01   0.146035E+01   0.110889E+00   0.133405E+01   0.133405E+01
   0.193746E+01   0.148999E+01   0.110627E+00   0.132026E+01   0.132026E+01
   0.194220E+01   0.127476E+01   0.110234E+00   0.130666E+01   0.130666E+01
   0.194695E+01   0.118947E+01   0.109748E+00   0.129325E+01   0.129325E+01
   0.195169E+01   0.139600E+01   0.109644E+00   0.128002E+01   0.128002E+01
   0.195643E+01   0.135464E+01   0.109571E+00   0.126697E+01   0.126697E+01
   0.196117E+01   0.126128E+01   0.109555E+00   0.125410E+01   0.125410E+01
   0.196592E+01   0.124125E+01   0.109612E+00   0.124141E+01   0.124141E+01
   0.197066E+01   0.119801E+01   0.109239E+00   0.122890E+01   0.122890E+01
   0.197540E+01   0.126138E+01   0.109174E+00   0.121656E+01   0.121656E+01
   0.198015E+01   0.119549E+01   0.109143E+00   0.120439E+01   0.120439E+01
   0.198489E+01   0.117008E+01   0.109026E+00   0.119240E+01   0.119240E+01
   0.198963E+01   0.138143E+01   0.109238E+00   0.118058E+01   0.118058E+01
   0.199438E+01   0.121128E+01   0.108939E+00   0.116892E+01   0.116892E+01
   0.199912E+01   0.101414E+01   0.108953E+00   0.115743E+01   0.115743E+01
   0.200386E+01   0.117258E+01   0.108850E+00   0.114611E+01   0.114611E+01
   0.200860E+01   0.119979E+01   0.108866E+00   0.113496E+01   0.113496E+01
   0.201335E+01   0.121349E+01   0.109863E+00   0.112396E+01   0.112396E+01
   0.201809E+01   0.935588E+00   0.112800E+00   0.111313E+01   0.111313E+01
   0.202283E+01   0.106475E+01   0.114746E+00   0.110245E+01   0.110245E+01
   0.202758E+01   0.115868E+01   0.116123E+00   0.109194E+01   0.109194E+01
   0.203232E+01   0.921843E+00   0.117165E+00   0.108157E+01   0.108157E+01
   0.203706E+01   0.104212E+01   0.117859E+00   0.107137E+01   0.107137E+01
   0.204180E+01   0.764269E+00   0.119017E+00   0.106131E+01   0.106131E+01
   0.204655E+01   0.103644E+01   0.119829E+00   0.105141E+01   0.105141E+01
   0.205129E+01   0.893110E+00   0.119954E+00   0.104165E+01   0.104165E+01
   0.205603E+01   0.845320E+00   0.120246E+00   0.103205E+01   0.103205E+01
   0.206078E+01   0.852355E+00   0.120403E+00   0.102258E+01   0.102258E+01
   0.206552E+01   0.960411E+00   0.120825E+00   0.101327E+01   0.101327E+01
   0.207026E+01   0.110256E+01   0.121187E+00   0.100409E+01   0.100409E+01
   0.207500E+01   0.100829E+01   0.121234E+00   0.995060E+00   0.995060E+00
   0.207975E+01   0.968720E+00   0.118857E+00   0.986165E+00   0.986165E+00
   0.208449E+01   0.103314E+01   0.115870E+00   0.977407E+00   0.977407E+00
   0.208923E+01   0.103694E+01   0.114329E+00   0.968784E+00   0.968784E+00
   0.209397E+01   0.954456E+00   0.112869E+00   0.960296E+00   0.960296E+00
   0.209872E+01   0.100254E+01   0.111597E+00   0.951940E+00   0.951940E+00
   0.210346E+01   0.930763E+00   0.111092E+00   0.943714E+00   0.943714E+00
   0.210820E+01   0.805116E+00   0.109893E+00   0.935617E+00   0.935617E+00
   0.211295E+01   0.950402E+00   0.109837E+00   0.927648E+00   0.927648E+00
   0.211769E+01   0.862237E+00   0.109492E+00   0.919804E+00   0.919804E+00
   0.212243E+01   0.857807E+00   0.109158E+00   0.912081E+00   0.912081E+00
   0.212717E+01   0.849589E+00   0.109060E+00   0.904480E+00   0.904480E+00
   0.213192E+01   0.980070E+00   0.108717E+00   0.897000E+00   0.897000E+00
   0.213666E+01   0.930842E+00   0.108417E+00   0.889637E+00   0.889637E+00
   0.214140E+01   0.943604E+00   0.108339E+00   0.882391E+00   0.882391E+00
   0.214615E+01   0.762930E+00   0.107974E+00   0.875261E+00   0.875261E+00
   0.215089E+01   0.873796E+00   0.108061E+00   0.868241E+00   0.868241E+00
   0.215563E+01   0.922910E+00   0.107884E+00   0.861333E+00   0.861333E+00
   0.216038E+01   0.905315E+00   0.107501E+00   0.854534E+00   0.854534E+00
   0.216512E+01   0.102227E+01   0.107389E+00   0.847842E+00   0.847842E+00
   0.216986E+01   0.900186E+00   0.107255E+00   0.841255E+00   0.841255E+00
   0.217460E+01   0.805590E+00   0.106756E+00   0.834773E+00   0.834773E+00
   0.217935E+01   0.598009E+00   0.106488E+00   0.828392E+00   0.828392E+00
   0.218409E+01   0.700066E+00   0.106626E+00   0.822112E+00   0.822112E+00
   0.218883E+01   0.697479E+00   0.106770E+00   0.815930E+00   0.815930E+00
   0.219358E+01   0.759733E+00   0.106573E+00   0.809844E+00   0.809844E+00
   0.219832E+01   0.723686E+00   0.105965E+00   0.803854E+00   0.803854E+00
   0.220306E+01   0.847632E+00   0.106030E+00   0.797956E+00   0.797956E+00
   0.220780E+01   0.861921E+00   0.106268E+00   0.792150E+00   0.792150E+00
   0.221255E+01   0.771319E+00   0.105476E+00   0.786436E+00   0.786436E+00
   0.221729E+01   0.757091E+00   0.105534E+00   0.780807E+00   0.780807E+00
   0.222203E+01   0.807552E+00   0.105469E+00   0.775265E+00   0.775265E+00
   0.222677E+01   0.812185E+00   0.105455E+00   0.769807E+00   0.769807E+00
   0.223152E+01   0.835855E+00   0.105261E+00   0.764432E+00   0.764432E+00
   0.223626E+01   0.824812E+00   0.105097E+00   0.759139E+00   0.759139E+00
   0.224100E+01   0.681131E+00   0.105125E+00   0.753926E+00   0.753926E+00
   0.224575E+01   0.831200E+00   0.104697E+00   0.748790E+00   0.748790E+00
   0.225049E+01   0.889849E+00   0.104500E+00   0.743731E+00   0.743731E+00
   0.225523E+01   0.859210E+00   0.104252E+00   0.738748E+00   0.738748E+00
   0.225997E+01   0.723384E+00   0.104408E+00   0.733837E+00   0.733837E+00
   0.226472E+01   0.758934E+00   0.104199E+00   0.728997E+00   0.728997E+00
   0.226946E+01   0.882113E+00   0.104170E+00   0.724230E+00   0.724230E+00
   0.227420E+01   0.906594E+00   0.104244E+00   0.719528E+00   0.719528E+00
   0.227895E+01   0.792766E+00   0.104218E+00   0.714895E+00   0.714895E+00
   0.228369E+01   0.742237E+00   0.103887E+00   0.710328E+00   0.710328E+00
   0.228843E+01   0.705025E+00   0.103623E+00   0.705827E+00   0.705827E+00
   0.229318E+01   0.708099E+00   0.103431E+00   0.701387E+00   0.701387E+00
   0.229792E+01   0.560000E+00   0.103261E+00   0.697009E+00   0.697009E+00
   0.230266E+01   0.679340E+00   0.103220E+00   0.692692E+00   0.692692E+00
   0.230740E+01   0.745798E+00   0.103025E+00   0.688433E+00   0.688433E+00
   0.231215E+01   0.701671E+00   0.102882E+00   0.684233E+00   0.684233E+00
   0.231689E+01   0.640255E+00   0.102718E+00   0.680089E+00   0.680089E+00
   0.232163E+01   0.689590E+00   0.102732E+00   0.676001E+00   0.676001E+00
   0.232638E+01   0.635530E+00   0.102518E+00   0.671966E+00   0.671966E+00
   0.233112E+01   0.579206E+00   0.102262E+00   0.667985E+00   0.667985E+00
   0.233586E+01   0.660062E+00   0.102579E+00   0.664055E+00   0.664055E+00
   0.234060E+01   0.699856E+00   0.102292E+00   0.660177E+00   0.660177E+00
   0.234535E+01   0.586452E+00   0.102022E+00   0.656348E+00   0.656348E+00
   0.235009E+01   0.554351E+00   0.101955E+00   0.652568E+00   0.652568E+00
   0.235483E+01   0.612724E+00   0.101820E+00   0.648836E+00   0.648836E+00
   0.235957E+01   0.702772E+00   0.102066E+00   0.645151E+00   0.645151E+00
   0.236432E+01   0.595830E+00   0.101744E+00   0.641512E+00   0.641512E+00
   0.236906E+01   0.649635E+00   0.102130E+00   0.637918E+00   0.637918E+00
   0.237380E+01   0.588615E+00   0.101472E+00   0.634368E+00   0.634368E+00
   0.237855E+01   0.673831E+00   0.101703E+00   0.630860E+00   0.630860E+00
   0.238329E+01   0.535720E+00   0.101098E+00   0.627403E+00   0.627403E+00
   0.238803E+01   0.567682E+00   0.101116E+00   0.623976E+00   0.623976E+00
   0.239277E+01   0.595969E+00   0.101137E+00   0.620597E+00   0.620597E+00
   0.239752E+01   0.665234E+00   0.100725E+00   0.617257E+00   0.617257E+00
   0.240226E+01   0.575166E+00   0.100950E+00   0.613958E+00   0.613958E+00
   0.240700E+01   0.576287E+00   0.100462E+00   0.610697E+00   0.610697E+00
   0.241175E+01   0.534395E+00   0.100942E+00   0.607476E+00   0.607476E+00
   0.241649E+01   0.689166E+00   0.100674E+00   0.604294E+00   0.604294E+00
   0.242123E+01   0.570051E+00   0.100261E+00   0.601149E+00   0.601149E+00
   0.242598E+01   0.654913E+00   0.100266E+00   0.598042E+00   0.598042E+00
   0.243072E+01   0.668520E+00   0.100088E+00   0.594972E+00   0.594972E+00
   0.243546E+01   0.653690E+00   0.100147E+00   0.591939E+00   0.591939E+00
   0.244020E+01   0.569611E+00   0.998817E-01   0.588942E+00   0.588942E+00
   0.244495E+01   0.576558E+00   0.998511E-01   0.585981E+00   0.585981E+00
   0.244969E+01   0.700360E+00   0.995216E-01   0.583056E+00   0.583056E+00
   0.245443E+01   0.584375E+00   0.996837E-01   0.580167E+00   0.580167E+00
   0.245918E+01   0.569057E+00   0.995352E-01   0.577312E+00   0.577312E+00
   0.246392E+01   0.420824E+00   0.993442E-01   0.574494E+00   0.574494E+00
   0.246866E+01   0.518870E+00   0.995805E-01   0.571710E+00   0.571710E+00
   0.247340E+01   0.637844E+00   0.992972E-01   0.568961E+00   0.568961E+00
   0.247815E+01   0.485185E+00   0.992043E-01   0.566247E+00   0.566247E+00
   0.248289E+01   0.510539E+00   0.988707E-01   0.563567E+00   0.563567E+00
   0.248763E+01   0.655604E+00   0.988409E-01   0.560922E+00   0.560922E+00
   0.249238E+01   0.497679E+00   0.990298E-01   0.558308E+00   0.558308E+00
   0.249712E+01   0.488156E+00   0.987974E-01   0.555743E+00   0.555743E+00
   0.250186E+01   0.552795E+00   0.989436E-01   0.553196E+00   0.553196E+00
   0.250660E+01   0.721126E+00   0.988298E-01   0.550689E+00   0.550689E+00
   0.251135E+01   0.583037E+00   0.984801E-01   0.548218E+00   0.548218E+00
   0.251609E+01   0.483911E+00   0.982510E-01   0.545781E+00   0.545781E+00
   0.252083E+01   0.452226E+00   0.986608E-01   0.543379E+00   0.543379E+00
   0.252558E+01   0.651417E+00   0.978449E-01   0.541013E+00   0.541013E+00
   0.253032E+01   0.517762E+00   0.974482E-01   0.538682E+00   0.538682E+00
   0.253506E+01   0.636510E+00   0.977158E-01   0.536386E+00   0.536386E+00
   0.253980E+01   0.479171E+00   0.975469E-01   0.534126E+00   0.534126E+00
   0.254455E+01   0.451086E+00   0.975939E-01   0.531901E+00   0.531901E+00
   0.254929E+01   0.469846E+00   0.972247E-01   0.529712E+00   0.529712E+00
   0.255403E+01   0.527753E+00   0.973295E-01   0.527560E+00   0.527560E+00
   0.255878E+01   0.468870E+00   0.972996E-01   0.525443E+00   0.525443E+00
   0.256352E+01   0.563255E+00   0.968680E-01   0.523364E+00   0.523364E+00
   0.256826E+01   0.544440E+00   0.971222E-01   0.521321E+00   0.521321E+00
   0.257300E+01   0.634651E+00   0.969785E-01   0.519315E+00   0.519315E+00
   0.257775E+01   0.481509E+00   0.968925E-01   0.517347E+00   0.517347E+00
   0.258249E+01   0.506011E+00   0.971340E-01   0.515415E+00   0.515415E+00
   0.258723E+01   0.367515E+00   0.970761E-01   0.513522E+00   0.513522E+00
   0.259198E+01   0.335935E+00   0.967779E-01   0.511666E+00   0.511666E+00
   0.259672E+01   0.425624E+00   0.968255E-01   0.509849E+00   0.509849E+00
   0.260146E+01   0.597676E+00   0.964790E-01   0.508070E+00   0.508070E+00
   0.260620E+01   0.554205E+00   0.963924E-01   0.506332E+00   0.506332E+00
   0.261095E+01   0.453350E+00   0.967208E-01   0.504632E+00   0.504632E+00
   0.261569E+01   0.514226E+00   0.963091E-01   0.502967E+00   0.502967E+00
   0.262043E+01   0.468247E+00   0.963399E-01   0.501344E+00   0.501344E+00
   0.262518E+01   0.562973E+00   0.962557E-01   0.499761E+00   0.499761E+00
   0.262992E+01   0.484781E+00   0.963627E-01   0.498217E+00   0.498217E+00
   0.263466E+01   0.597083E+00   0.959983E-01   0.496714E+00   0.496714E+00
   0.263940E+01   0.503029E+00   0.959986E-01   0.495251E+00   0.495251E+00
   0.264415E+01   0.429637E+00   0.957411E-01   0.493827E+00   0.493827E+00
   0.264889E+01   0.505872E+00   0.956294E-01   0.492445E+00   0.492445E+00
   0.265363E+01   0.653107E+00   0.958517E-01   0.491103E+00   0.491103E+00
   0.265838E+01   0.701573E+00   0.955305E-01   0.489801E+00   0.489801E+00
   0.266312E+01   0.496258E+00   0.957538E-01   0.488540E+00   0.488540E+00
   0.266786E+01   0.504607E+00   0.951479E-01   0.487320E+00   0.487320E+00
   0.267260E+01   0.657331E+00   0.953312E-01   0.486141E+00   0.486141E+00
   0.267735E+01   0.433447E+00   0.954071E-01   0.485003E+00   0.485003E+00
   0.268209E+01   0.389485E+00   0.953606E-01   0.483906E+00   0.483906E+00
   0.268683E+01   0.427125E+00   0.950429E-01   0.482850E+00   0.482850E+00
   0.269158E+01   0.532699E+00   0.952105E-01   0.481835E+00   0.481835E+00
   0.269632E+01   0.500175E+00   0.952847E-01   0.480861E+00   0.480861E+00
   0.270106E+01   0.511123E+00   0.947020E-01   0.479928E+00   0.479928E+00
   0.270580E+01   0.479035E+00   0.946159E-01   0.479035E+00   0.479035E+00
   0.271055E+01   0.485255E+00   0.946237E-01   0.478184E+00   0.478184E+00
   0.271529E+01   0.359603E+00   0.949333E-01   0.477373E+00   0.477373E+00
   0.272003E+01   0.447560E+00   0.946634E-01   0.476608E+00   0.476608E+00
   0.272478E+01   0.484918E+00   0.944794E-01   0.475869E+00   0.475869E+00
   0.272952E+01   0.588220E+00   0.945535E-01   0.475181E+00   0.475181E+00
   0.273426E+01   0.458770E+00   0.940477E-01   0.474530E+00   0.474530E+00
   0.273901E+01   0.391139E+00   0.939938E-01   0.473918E+00   0.473918E+00
   0.274375E+01   0.457577E+00   0.941264E-01   0.473346E+00   0.473346E+00
   0.274849E+01   0.524526E+00   0.940023E-01   0.472813E+00   0.472813E+00
   0.275323E+01   0.464649E+00   0.940261E-01   0.472318E+00   0.472318E+00
   0.275798E+01   0.561837E+00   0.938414E-01   0.471861E+00   0.471861E+00
   0.276272E+01   0.496379E+00   0.936571E-01   0.471442E+00   0.471442E+00
   0.276746E+01   0.325122E+00   0.934889E-01   0.471060E+00   0.471060E+00
   0.277221E+01   0.449598E+00   0.934749E-01   0.470715E+00   0.470715E+00
   0.277695E+01   0.524038E+00   0.935570E-01   0.470406E+00   0.470406E+00
   0.278169E+01   0.499053E+00   0.936195E-01   0.470133E+00   0.470133E+00
   0.278643E+01   0.540330E+00   0.932516E-01   0.469895E+00   0.469895E+00
   0.279118E+01   0.507715E+00   0.930397E-01   0.469692E+00   0.469692E+00
   0.279592E+01   0.475909E+00   0.930441E-01   0.469523E+00   0.469523E+00
   0.280066E+01   0.389310E+00   0.930763E-01   0.469388E+00   0.469388E+00
   0.280540E+01   0.424448E+00   0.930238E-01   0.469285E+00   0.469285E+00
   0.281015E+01   0.348154E+00   0.930400E-01   0.469214E+00   0.469214E+00
   0.281489E+01   0.473997E+00   0.932376E-01   0.469174E+00   0.469174E+00
   0.281963E+01   0.462216E+00   0.953881E-01   0.469165E+00   0.469165E+00
   0.282438E+01   0.415130E+00   0.967347E-01   0.469186E+00   0.469186E+00
   0.282912E+01   0.569325E+00   0.978910E-01   0.469236E+00   0.469236E+00
   0.283386E+01   0.579587E+00   0.989670E-01   0.469316E+00   0.469316E+00
   0.283860E+01   0.420345E+00   0.995974E-01   0.469417E+00   0.469417E+00
   0.284335E+01   0.263193E+00   0.999846E-01   0.469553E+00   0.469553E+00
   0.284809E+01   0.418976E+00   0.100527E+00   0.469711E+00   0.469711E+00
   0.285283E+01   0.322699E+00   0.100673E+00   0.469893E+00   0.469893E+00
   0.285758E+01   0.489327E+00   0.100840E+00   0.470100E+00   0.470100E+00
   0.286232E+01   0.400990E+00   0.101378E+00   0.470329E+00   0.470329E+00
   0.286706E+01   0.363677E+00   0.101439E+00   0.470580E+00   0.470580E+00
   0.287181E+01   0.487356E+00   0.101746E+00   0.470853E+00   0.470853E+00
   0.287655E+01   0.435598E+00   0.101914E+00   0.471145E+00   0.471145E+00
   0.288129E+01   0.446884E+00   0.101579E+00   0.471456E+00   0.471456E+00
   0.288603E+01   0.485226E+00   0.991249E-01   0.471785E+00   0.471785E+00
   0.289078E+01   0.511666E+00   0.975204E-01   0.472131E+00   0.472131E+00
   0.289552E+01   0.571551E+00   0.965812E-01   0.472493E+00   0.472493E+00
   0.290026E+01   0.633634E+00   0.957566E-01   0.472869E+00   0.472869E+00
   0.290501E+01   0.487566E+00   0.948265E-01   0.473260E+00   0.473260E+00
   0.290975E+01   0.454686E+00   0.946641E-01   0.473662E+00   0.473662E+00
   0.291449E+01   0.456812E+00   0.944279E-01   0.474077E+00   0.474077E+00
   0.291923E+01   0.361245E+00   0.941160E-01   0.474501E+00   0.474501E+00
   0.292398E+01   0.394680E+00   0.937772E-01   0.474935E+00   0.474935E+00
   0.292872E+01   0.586225E+00   0.937340E-01   0.475377E+00   0.475377E+00
   0.293346E+01   0.579339E+00   0.936942E-01   0.475826E+00   0.475826E+00
   0.293820E+01   0.527441E+00   0.935140E-01   0.476281E+00   0.476281E+00
   0.294295E+01   0.559180E+00   0.933804E-01   0.476740E+00   0.476740E+00
   0.294769E+01   0.495533E+00   0.933899E-01   0.477204E+00   0.477204E+00
   0.295243E+01   0.471825E+00   0.929942E-01   0.477667E+00   0.477667E+00
   0.295718E+01   0.457300E+00   0.932211E-01   0.478136E+00   0.478136E+00
   0.296192E+01   0.510252E+00   0.931611E-01   0.478603E+00   0.478603E+00
   0.296666E+01   0.476352E+00   0.925358E-01   0.479070E+00   0.479070E+00
   0.297140E+01   0.559719E+00   0.924221E-01   0.479534E+00   0.479534E+00
   0.297615E+01   0.514265E+00   0.924507E-01   0.479995E+00   0.479995E+00
   0.298089E+01   0.439468E+00   0.924355E-01   0.480452E+00   0.480452E+00
   0.298563E+01   0.488859E+00   0.924688E-01   0.480904E+00   0.480904E+00
   0.299038E+01   0.350062E+00   0.920575E-01   0.481349E+00   0.481349E+00
   0.299512E+01   0.465146E+00   0.920832E-01   0.481787E+00   0.481787E+00
   0.299986E+01   0.523460E+00   0.917783E-01   0.482216E+00   0.482216E+00

           ####      Real Space Data                               ####

           Distance distribution  function of particle  


      R          P(R)      ERROR

  0.0000E+00  0.0000E+00  0.0000E+00
  0.4931E-01  0.1991E-01  0.2894E-02
  0.9862E-01  0.4118E-01  0.5176E-02
  0.1479E+00  0.6379E-01  0.6860E-02
  0.1972E+00  0.8774E-01  0.7970E-02
  0.2466E+00  0.1130E+00  0.8538E-02
  0.2959E+00  0.1397E+00  0.8603E-02
  0.3452E+00  0.1676E+00  0.8213E-02
  0.3945E+00  0.1968E+00  0.7422E-02
  0.4438E+00  0.2274E+00  0.6291E-02
  0.4931E+00  0.2591E+00  0.4887E-02
  0.5424E+00  0.2921E+00  0.3293E-02
  0.5917E+00  0.3263E+00  0.1673E-02
  0.6411E+00  0.3616E+00  0.1156E-02
  0.6904E+00  0.3980E+00  0.2670E-02
  0.7397E+00  0.4353E+00  0.4462E-02
  0.7890E+00  0.4736E+00  0.6207E-02
  0.8383E+00  0.5128E+00  0.7819E-02
  0.8876E+00  0.5526E+00  0.9242E-02
  0.9369E+00  0.5931E+00  0.1043E-01
  0.9862E+00  0.6341E+00  0.1135E-01
  0.1036E+01  0.6754E+00  0.1199E-01
  0.1085E+01  0.7170E+00  0.1231E-01
  0.1134E+01  0.7586E+00  0.1231E-01
  0.1183E+01  0.8001E+00  0.1200E-01
  0.1233E+01  0.8413E+00  0.1139E-01
  0.1282E+01  0.8820E+00  0.1049E-01
  0.1331E+01  0.9222E+00  0.9338E-02
  0.1381E+01  0.9614E+00  0.7965E-02
  0.1430E+01  0.9997E+00  0.6428E-02
  0.1479E+01  0.1037E+01  0.4811E-02
  0.1529E+01  0.1072E+01  0.3291E-02
  0.1578E+01  0.1106E+01  0.2388E-02
  0.1627E+01  0.1139E+01  0.2895E-02
  0.1677E+01  0.1169E+01  0.4324E-02
  0.1726E+01  0.1197E+01  0.5978E-02
  0.1775E+01  0.1223E+01  0.7611E-02
  0.1825E+01  0.1247E+01  0.9119E-02
  0.1874E+01  0.1268E+01  0.1044E-01
  0.1923E+01  0.1287E+01  0.1154E-01
  0.1972E+01  0.1303E+01  0.1238E-01
  0.2022E+01  0.1317E+01  0.1293E-01
  0.2071E+01  0.1327E+01  0.1319E-01
  0.2120E+01  0.1335E+01  0.1314E-01
  0.2170E+01  0.1341E+01  0.1280E-01
  0.2219E+01  0.1343E+01  0.1217E-01
  0.2268E+01  0.1343E+01  0.1128E-01
  0.2318E+01  0.1341E+01  0.1015E-01
  0.2367E+01  0.1336E+01  0.8825E-02
  0.2416E+01  0.1329E+01  0.7381E-02
  0.2466E+01  0.1319E+01  0.5919E-02
  0.2515E+01  0.1308E+01  0.4635E-02
  0.2564E+01  0.1294E+01  0.3901E-02
  0.2614E+01  0.1279E+01  0.4113E-02
  0.2663E+01  0.1262E+01  0.5150E-02
  0.2712E+01  0.1244E+01  0.6574E-02
  0.2761E+01  0.1225E+01  0.8094E-02
  0.2811E+01  0.1204E+01  0.9559E-02
  0.2860E+01  0.1183E+01  0.1088E-01
  0.2909E+01  0.1161E+01  0.1201E-01
  0.2959E+01  0.1139E+01  0.1290E-01
  0.3008E+01  0.1116E+01  0.1353E-01
  0.3057E+01  0.1093E+01  0.1388E-01
  0.3107E+01  0.1070E+01  0.1393E-01
  0.3156E+01  0.1047E+01  0.1370E-01
  0.3205E+01  0.1024E+01  0.1319E-01
  0.3255E+01  0.1002E+01  0.1243E-01
  0.3304E+01  0.9796E+00  0.1145E-01
  0.3353E+01  0.9579E+00  0.1030E-01
  0.3403E+01  0.9366E+00  0.9048E-02
  0.3452E+01  0.9158E+00  0.7812E-02
  0.3501E+01  0.8955E+00  0.6752E-02
  0.3550E+01  0.8758E+00  0.6097E-02
  0.3600E+01  0.8565E+00  0.6057E-02
  0.3649E+01  0.8378E+00  0.6660E-02
  0.3698E+01  0.8195E+00  0.7719E-02
  0.3748E+01  0.8016E+00  0.9006E-02
  0.3797E+01  0.7840E+00  0.1035E-01
  0.3846E+01  0.7668E+00  0.1163E-01
  0.3896E+01  0.7499E+00  0.1276E-01
  0.3945E+01  0.7332E+00  0.1370E-01
  0.3994E+01  0.7166E+00  0.1441E-01
  0.4044E+01  0.7001E+00  0.1486E-01
  0.4093E+01  0.6837E+00  0.1504E-01
  0.4142E+01  0.6672E+00  0.1494E-01
  0.4192E+01  0.6507E+00  0.1457E-01
  0.4241E+01  0.6342E+00  0.1396E-01
  0.4290E+01  0.6175E+00  0.1313E-01
  0.4339E+01  0.6008E+00  0.1213E-01
  0.4389E+01  0.5839E+00  0.1102E-01
  0.4438E+01  0.5670E+00  0.9896E-02
  0.4487E+01  0.5499E+00  0.8869E-02
  0.4537E+01  0.5328E+00  0.8094E-02
  0.4586E+01  0.5157E+00  0.7727E-02
  0.4635E+01  0.4986E+00  0.7857E-02
  0.4685E+01  0.4815E+00  0.8448E-02
  0.4734E+01  0.4645E+00  0.9363E-02
  0.4783E+01  0.4478E+00  0.1044E-01
  0.4833E+01  0.4312E+00  0.1155E-01
  0.4882E+01  0.4150E+00  0.1260E-01
  0.4931E+01  0.3991E+00  0.1350E-01
  0.4981E+01  0.3836E+00  0.1421E-01
  0.5030E+01  0.3686E+00  0.1471E-01
  0.5079E+01  0.3542E+00  0.1496E-01
  0.5128E+01  0.3403E+00  0.1496E-01
  0.5178E+01  0.3271E+00  0.1473E-01
  0.5227E+01  0.3145E+00  0.1427E-01
  0.5276E+01  0.3026E+00  0.1363E-01
  0.5326E+01  0.2914E+00  0.1285E-01
  0.5375E+01  0.2810E+00  0.1200E-01
  0.5424E+01  0.2712E+00  0.1116E-01
  0.5474E+01  0.2622E+00  0.1045E-01
  0.5523E+01  0.2538E+00  0.9963E-02
  0.5572E+01  0.2461E+00  0.9809E-02
  0.5622E+01  0.2390E+00  0.1003E-01
  0.5671E+01  0.2325E+00  0.1058E-01
  0.5720E+01  0.2265E+00  0.1139E-01
  0.5770E+01  0.2209E+00  0.1234E-01
  0.5819E+01  0.2158E+00  0.1333E-01
  0.5868E+01  0.2109E+00  0.1427E-01
  0.5917E+01  0.2063E+00  0.1511E-01
  0.5967E+01  0.2019E+00  0.1578E-01
  0.6016E+01  0.1976E+00  0.1626E-01
  0.6065E+01  0.1934E+00  0.1653E-01
  0.6115E+01  0.1892E+00  0.1658E-01
  0.6164E+01  0.1849E+00  0.1641E-01
  0.6213E+01  0.1805E+00  0.1605E-01
  0.6263E+01  0.1759E+00  0.1552E-01
  0.6312E+01  0.1712E+00  0.1487E-01
  0.6361E+01  0.1663E+00  0.1415E-01
  0.6411E+01  0.1612E+00  0.1344E-01
  0.6460E+01  0.1558E+00  0.1281E-01
  0.6509E+01  0.1502E+00  0.1233E-01
  0.6559E+01  0.1445E+00  0.1208E-01
  0.6608E+01  0.1385E+00  0.1210E-01
  0.6657E+01  0.1324E+00  0.1238E-01
  0.6706E+01  0.1262E+00  0.1288E-01
  0.6756E+01  0.1200E+00  0.1355E-01
  0.6805E+01  0.1137E+00  0.1430E-01
  0.6854E+01  0.1075E+00  0.1508E-01
  0.6904E+01  0.1013E+00  0.1582E-01
  0.6953E+01  0.9535E-01  0.1648E-01
  0.7002E+01  0.8957E-01  0.1704E-01
  0.7052E+01  0.8405E-01  0.1748E-01
  0.7101E+01  0.7884E-01  0.1780E-01
  0.7150E+01  0.7399E-01  0.1799E-01
  0.7200E+01  0.6954E-01  0.1808E-01
  0.7249E+01  0.6551E-01  0.1808E-01
  0.7298E+01  0.6193E-01  0.1801E-01
  0.7348E+01  0.5882E-01  0.1789E-01
  0.7397E+01  0.5619E-01  0.1775E-01
  0.7446E+01  0.5403E-01  0.1759E-01
  0.7495E+01  0.5233E-01  0.1744E-01
  0.7545E+01  0.5106E-01  0.1730E-01
  0.7594E+01  0.5020E-01  0.1718E-01
  0.7643E+01  0.4971E-01  0.1709E-01
  0.7693E+01  0.4954E-01  0.1702E-01
  0.7742E+01  0.4963E-01  0.1699E-01
  0.7791E+01  0.4994E-01  0.1702E-01
  0.7841E+01  0.5039E-01  0.1711E-01
  0.7890E+01  0.5093E-01  0.1730E-01
  0.7939E+01  0.5148E-01  0.1759E-01
  0.7989E+01  0.5199E-01  0.1800E-01
  0.8038E+01  0.5239E-01  0.1853E-01
  0.8087E+01  0.5262E-01  0.1916E-01
  0.8137E+01  0.5263E-01  0.1984E-01
  0.8186E+01  0.5237E-01  0.2052E-01
  0.8235E+01  0.5181E-01  0.2114E-01
  0.8284E+01  0.5091E-01  0.2163E-01
  0.8334E+01  0.4965E-01  0.2193E-01
  0.8383E+01  0.4804E-01  0.2196E-01
  0.8432E+01  0.4606E-01  0.2168E-01
  0.8482E+01  0.4373E-01  0.2108E-01
  0.8531E+01  0.4108E-01  0.2018E-01
  0.8580E+01  0.3814E-01  0.1905E-01
  0.8630E+01  0.3495E-01  0.1786E-01
  0.8679E+01  0.3156E-01  0.1687E-01
  0.8728E+01  0.2805E-01  0.1644E-01
  0.8778E+01  0.2446E-01  0.1690E-01
  0.8827E+01  0.2089E-01  0.1836E-01
  0.8876E+01  0.1738E-01  0.2062E-01
  0.8926E+01  0.1403E-01  0.2331E-01
  0.8975E+01  0.1091E-01  0.2594E-01
  0.9024E+01  0.8072E-02  0.2805E-01
  0.9073E+01  0.5590E-02  0.2914E-01
  0.9123E+01  0.3518E-02  0.2870E-01
  0.9172E+01  0.1898E-02  0.2618E-01
  0.9221E+01  0.7619E-03  0.2100E-01
  0.9271E+01  0.1286E-03  0.1250E-01
  0.9320E+01  0.0000E+00  0.0000E+00
