
           ####      G N O M             Version 5.0 (r13469)      ####
                                               Wed Dec 15 15:11:40 2021

           ####      Configuration                                 ####

    System Type:                   arbitrary monodisperse (job = 0)
    Minimum characteristic size:         0.0000
    Maximum characteristic size:         7.2900
    rad56:                               0.0000
    Force 0.0 at r = rmin:                  yes
    Force 0.0 at r = rmax:                  yes
    Initial alpha:                       0.0000
    Initial random seed:    1440238833840960948
    Points in real space:                   190

    Input  1:                      temp-inp.dat
    First data point used:                    1
    Last data point used:                   570
    Scaling coefficient:             0.1000E+01
    Experimental setup:            point collimation



           ####      Results                                       ####

    Parameter    DISCRP  OSCILL  STABIL  SYSDEV  POSITV  VALCEN  SMOOTH
    Weight        1.000   3.000   3.000   3.000   1.000   1.000   1.000
    Sigma         0.300   0.600   0.120   0.120   0.120   0.120   0.600
    Ideal         0.700   1.100   0.000   1.000   1.000   0.950   0.000
    Current       0.467   1.321   0.007   0.893   1.000   0.861   2.731
               --------------------------------------------------------
    Estimate      0.546   0.873   0.996   0.450   1.000   0.578   0.000

    Angular range:                       0.3012 to       2.9999
    Reciprocal space Rg:             0.2280E+01
    Reciprocal space I(0):           0.5848E+02

    Real space range:                    0.0000 to       7.2900
    Real space Rg:                   0.2292E+01 +-   0.5007E-02
    Real space I(0):                 0.5849E+02 +-   0.9377E-01

    Highest ALPHA (theor):           0.7255E+02
    Current ALPHA:                   0.2468E+01

    Total Estimate:                      0.6986 (a REASONABLE solution)



           ####      Experimental Data and Fit                     ####

      S          J EXP       ERROR       J REG       I REG

   0.000000E+00                                                0.584888E+02
   0.107561E-01                                                0.584769E+02
   0.215123E-01                                                0.584414E+02
   0.322684E-01                                                0.583822E+02
   0.430246E-01                                                0.582995E+02
   0.537807E-01                                                0.581934E+02
   0.645368E-01                                                0.580640E+02
   0.752930E-01                                                0.579115E+02
   0.860491E-01                                                0.577361E+02
   0.968053E-01                                                0.575381E+02
   0.107561E+00                                                0.573177E+02
   0.118318E+00                                                0.570754E+02
   0.129074E+00                                                0.568113E+02
   0.139830E+00                                                0.565259E+02
   0.150586E+00                                                0.562196E+02
   0.161342E+00                                                0.558928E+02
   0.172098E+00                                                0.555459E+02
   0.182854E+00                                                0.551795E+02
   0.193611E+00                                                0.547940E+02
   0.204367E+00                                                0.543900E+02
   0.215123E+00                                                0.539679E+02
   0.225879E+00                                                0.535285E+02
   0.236635E+00                                                0.530722E+02
   0.247391E+00                                                0.525997E+02
   0.258147E+00                                                0.521116E+02
   0.268903E+00                                                0.516085E+02
   0.279660E+00                                                0.510911E+02
   0.290416E+00                                                0.505601E+02
   0.301172E+00   0.503649E+02   0.224821E+00   0.500160E+02   0.500160E+02
   0.305915E+00   0.500560E+02   0.222548E+00   0.497722E+02   0.497722E+02
   0.310658E+00   0.497619E+02   0.219836E+00   0.495260E+02   0.495260E+02
   0.315400E+00   0.490982E+02   0.218074E+00   0.492776E+02   0.492776E+02
   0.320143E+00   0.491084E+02   0.216307E+00   0.490269E+02   0.490269E+02
   0.324886E+00   0.489483E+02   0.214104E+00   0.487741E+02   0.487741E+02
   0.329629E+00   0.487090E+02   0.212326E+00   0.485192E+02   0.485192E+02
   0.334372E+00   0.481964E+02   0.210501E+00   0.482623E+02   0.482623E+02
   0.339115E+00   0.480781E+02   0.210810E+00   0.480034E+02   0.480034E+02
   0.343858E+00   0.481214E+02   0.213497E+00   0.477426E+02   0.477426E+02
   0.348601E+00   0.478137E+02   0.218626E+00   0.474800E+02   0.474800E+02
   0.353343E+00   0.472770E+02   0.221989E+00   0.472155E+02   0.472155E+02
   0.358086E+00   0.469099E+02   0.223868E+00   0.469494E+02   0.469494E+02
   0.362829E+00   0.467023E+02   0.225824E+00   0.466815E+02   0.466815E+02
   0.367572E+00   0.464262E+02   0.227200E+00   0.464121E+02   0.464121E+02
   0.372315E+00   0.463615E+02   0.229127E+00   0.461411E+02   0.461411E+02
   0.377058E+00   0.463689E+02   0.230236E+00   0.458686E+02   0.458686E+02
   0.381801E+00   0.458060E+02   0.230916E+00   0.455947E+02   0.455947E+02
   0.386543E+00   0.453905E+02   0.231174E+00   0.453195E+02   0.453195E+02
   0.391286E+00   0.448720E+02   0.231885E+00   0.450429E+02   0.450429E+02
   0.396029E+00   0.445916E+02   0.232317E+00   0.447651E+02   0.447651E+02
   0.400772E+00   0.445159E+02   0.233806E+00   0.444862E+02   0.444862E+02
   0.405515E+00   0.444113E+02   0.241541E+00   0.442061E+02   0.442061E+02
   0.410258E+00   0.437188E+02   0.246502E+00   0.439249E+02   0.439249E+02
   0.415001E+00   0.438525E+02   0.252079E+00   0.436428E+02   0.436428E+02
   0.419744E+00   0.430929E+02   0.255036E+00   0.433597E+02   0.433597E+02
   0.424486E+00   0.432508E+02   0.259693E+00   0.430757E+02   0.430757E+02
   0.429229E+00   0.426637E+02   0.262269E+00   0.427909E+02   0.427909E+02
   0.433972E+00   0.421768E+02   0.265804E+00   0.425054E+02   0.425054E+02
   0.438715E+00   0.419430E+02   0.269159E+00   0.422191E+02   0.422191E+02
   0.443458E+00   0.419689E+02   0.272895E+00   0.419322E+02   0.419322E+02
   0.448201E+00   0.414848E+02   0.276623E+00   0.416447E+02   0.416447E+02
   0.452944E+00   0.411910E+02   0.280541E+00   0.413567E+02   0.413567E+02
   0.457686E+00   0.408865E+02   0.283145E+00   0.410682E+02   0.410682E+02
   0.462429E+00   0.406649E+02   0.284805E+00   0.407793E+02   0.407793E+02
   0.467172E+00   0.403108E+02   0.283499E+00   0.404900E+02   0.404900E+02
   0.471915E+00   0.406051E+02   0.273417E+00   0.402004E+02   0.402004E+02
   0.476658E+00   0.398940E+02   0.266746E+00   0.399106E+02   0.399106E+02
   0.481401E+00   0.396919E+02   0.262743E+00   0.396206E+02   0.396206E+02
   0.486144E+00   0.394640E+02   0.260179E+00   0.393304E+02   0.393304E+02
   0.490887E+00   0.389623E+02   0.256696E+00   0.390402E+02   0.390402E+02
   0.495629E+00   0.386301E+02   0.254683E+00   0.387499E+02   0.387499E+02
   0.500372E+00   0.381886E+02   0.252449E+00   0.384597E+02   0.384597E+02
   0.505115E+00   0.382087E+02   0.250705E+00   0.381695E+02   0.381695E+02
   0.509858E+00   0.379308E+02   0.249177E+00   0.378794E+02   0.378794E+02
   0.514601E+00   0.373637E+02   0.247130E+00   0.375895E+02   0.375895E+02
   0.519344E+00   0.368889E+02   0.245832E+00   0.372999E+02   0.372999E+02
   0.524087E+00   0.364549E+02   0.243512E+00   0.370105E+02   0.370105E+02
   0.528829E+00   0.365634E+02   0.242474E+00   0.367214E+02   0.367214E+02
   0.533572E+00   0.360365E+02   0.241129E+00   0.364327E+02   0.364327E+02
   0.538315E+00   0.359228E+02   0.238803E+00   0.361444E+02   0.361444E+02
   0.543058E+00   0.355701E+02   0.236548E+00   0.358566E+02   0.358566E+02
   0.547801E+00   0.353305E+02   0.234472E+00   0.355693E+02   0.355693E+02
   0.552544E+00   0.350771E+02   0.232551E+00   0.352826E+02   0.352826E+02
   0.557287E+00   0.350175E+02   0.231063E+00   0.349964E+02   0.349964E+02
   0.562029E+00   0.347166E+02   0.228788E+00   0.347109E+02   0.347109E+02
   0.566772E+00   0.341785E+02   0.226596E+00   0.344261E+02   0.344261E+02
   0.571515E+00   0.343961E+02   0.225705E+00   0.341420E+02   0.341420E+02
   0.576258E+00   0.338239E+02   0.223825E+00   0.338587E+02   0.338587E+02
   0.581001E+00   0.332749E+02   0.222248E+00   0.335762E+02   0.335762E+02
   0.585744E+00   0.331533E+02   0.220904E+00   0.332946E+02   0.332946E+02
   0.590487E+00   0.331890E+02   0.220592E+00   0.330139E+02   0.330139E+02
   0.595230E+00   0.327010E+02   0.219350E+00   0.327341E+02   0.327341E+02
   0.599972E+00   0.325337E+02   0.218543E+00   0.324553E+02   0.324553E+02
   0.604715E+00   0.321537E+02   0.217619E+00   0.321774E+02   0.321774E+02
   0.609458E+00   0.318872E+02   0.216351E+00   0.319007E+02   0.319007E+02
   0.614201E+00   0.314038E+02   0.215900E+00   0.316250E+02   0.316250E+02
   0.618944E+00   0.313906E+02   0.215332E+00   0.313504E+02   0.313504E+02
   0.623687E+00   0.310100E+02   0.213893E+00   0.310770E+02   0.310770E+02
   0.628430E+00   0.307714E+02   0.213474E+00   0.308047E+02   0.308047E+02
   0.633173E+00   0.305683E+02   0.212597E+00   0.305337E+02   0.305337E+02
   0.637915E+00   0.302219E+02   0.211845E+00   0.302639E+02   0.302639E+02
   0.642658E+00   0.297707E+02   0.210501E+00   0.299954E+02   0.299954E+02
   0.647401E+00   0.297540E+02   0.209825E+00   0.297282E+02   0.297282E+02
   0.652144E+00   0.293973E+02   0.209250E+00   0.294624E+02   0.294624E+02
   0.656887E+00   0.290764E+02   0.208191E+00   0.291979E+02   0.291979E+02
   0.661630E+00   0.287152E+02   0.207746E+00   0.289348E+02   0.289348E+02
   0.666373E+00   0.287689E+02   0.206340E+00   0.286731E+02   0.286731E+02
   0.671115E+00   0.282972E+02   0.205647E+00   0.284128E+02   0.284128E+02
   0.675858E+00   0.279795E+02   0.204620E+00   0.281540E+02   0.281540E+02
   0.680601E+00   0.279566E+02   0.204277E+00   0.278967E+02   0.278967E+02
   0.685344E+00   0.276054E+02   0.203676E+00   0.276410E+02   0.276410E+02
   0.690087E+00   0.269787E+02   0.202306E+00   0.273867E+02   0.273867E+02
   0.694830E+00   0.266285E+02   0.201784E+00   0.271340E+02   0.271340E+02
   0.699573E+00   0.265886E+02   0.201016E+00   0.268829E+02   0.268829E+02
   0.704315E+00   0.265622E+02   0.200592E+00   0.266334E+02   0.266334E+02
   0.709058E+00   0.264772E+02   0.199754E+00   0.263856E+02   0.263856E+02
   0.713801E+00   0.261796E+02   0.199047E+00   0.261393E+02   0.261393E+02
   0.718544E+00   0.260659E+02   0.198470E+00   0.258947E+02   0.258947E+02
   0.723287E+00   0.256792E+02   0.197614E+00   0.256518E+02   0.256518E+02
   0.728030E+00   0.254412E+02   0.196737E+00   0.254105E+02   0.254105E+02
   0.732773E+00   0.252703E+02   0.196144E+00   0.251710E+02   0.251710E+02
   0.737515E+00   0.248315E+02   0.195210E+00   0.249331E+02   0.249331E+02
   0.742258E+00   0.246656E+02   0.194930E+00   0.246970E+02   0.246970E+02
   0.747001E+00   0.244400E+02   0.193987E+00   0.244627E+02   0.244627E+02
   0.751744E+00   0.241756E+02   0.192975E+00   0.242300E+02   0.242300E+02
   0.756487E+00   0.237659E+02   0.192037E+00   0.239992E+02   0.239992E+02
   0.761230E+00   0.238642E+02   0.191626E+00   0.237701E+02   0.237701E+02
   0.765973E+00   0.234262E+02   0.191107E+00   0.235428E+02   0.235428E+02
   0.770716E+00   0.234348E+02   0.190511E+00   0.233173E+02   0.233173E+02
   0.775459E+00   0.232383E+02   0.190232E+00   0.230935E+02   0.230935E+02
   0.780201E+00   0.230565E+02   0.189774E+00   0.228716E+02   0.228716E+02
   0.784944E+00   0.228197E+02   0.189064E+00   0.226515E+02   0.226515E+02
   0.789687E+00   0.224759E+02   0.187961E+00   0.224332E+02   0.224332E+02
   0.794430E+00   0.222181E+02   0.187552E+00   0.222168E+02   0.222168E+02
   0.799173E+00   0.218762E+02   0.186317E+00   0.220021E+02   0.220021E+02
   0.803916E+00   0.217596E+02   0.186022E+00   0.217893E+02   0.217893E+02
   0.808658E+00   0.213432E+02   0.184988E+00   0.215783E+02   0.215783E+02
   0.813401E+00   0.216464E+02   0.184605E+00   0.213692E+02   0.213692E+02
   0.818144E+00   0.211880E+02   0.184301E+00   0.211619E+02   0.211619E+02
   0.822887E+00   0.210907E+02   0.183702E+00   0.209564E+02   0.209564E+02
   0.827630E+00   0.208489E+02   0.182824E+00   0.207528E+02   0.207528E+02
   0.832373E+00   0.208169E+02   0.181874E+00   0.205510E+02   0.205510E+02
   0.837116E+00   0.207142E+02   0.181747E+00   0.203510E+02   0.203510E+02
   0.841859E+00   0.204243E+02   0.181154E+00   0.201529E+02   0.201529E+02
   0.846601E+00   0.201672E+02   0.181097E+00   0.199566E+02   0.199566E+02
   0.851344E+00   0.199148E+02   0.179953E+00   0.197621E+02   0.197621E+02
   0.856087E+00   0.196553E+02   0.179706E+00   0.195695E+02   0.195695E+02
   0.860830E+00   0.194555E+02   0.178603E+00   0.193787E+02   0.193787E+02
   0.865573E+00   0.192519E+02   0.178257E+00   0.191897E+02   0.191897E+02
   0.870316E+00   0.192131E+02   0.177413E+00   0.190025E+02   0.190025E+02
   0.875059E+00   0.190297E+02   0.177313E+00   0.188171E+02   0.188171E+02
   0.879802E+00   0.187287E+02   0.176342E+00   0.186336E+02   0.186336E+02
   0.884544E+00   0.185704E+02   0.176180E+00   0.184518E+02   0.184518E+02
   0.889287E+00   0.182872E+02   0.175152E+00   0.182718E+02   0.182718E+02
   0.894030E+00   0.181196E+02   0.174695E+00   0.180936E+02   0.180936E+02
   0.898773E+00   0.180338E+02   0.174242E+00   0.179172E+02   0.179172E+02
   0.903516E+00   0.179336E+02   0.173422E+00   0.177426E+02   0.177426E+02
   0.908259E+00   0.176151E+02   0.172570E+00   0.175697E+02   0.175697E+02
   0.913002E+00   0.175358E+02   0.172434E+00   0.173985E+02   0.173985E+02
   0.917744E+00   0.172233E+02   0.172054E+00   0.172291E+02   0.172291E+02
   0.922487E+00   0.170286E+02   0.171518E+00   0.170615E+02   0.170615E+02
   0.927230E+00   0.167514E+02   0.170597E+00   0.168955E+02   0.168955E+02
   0.931973E+00   0.169640E+02   0.170479E+00   0.167313E+02   0.167313E+02
   0.936716E+00   0.164667E+02   0.169813E+00   0.165687E+02   0.165687E+02
   0.941459E+00   0.165790E+02   0.169356E+00   0.164079E+02   0.164079E+02
   0.946202E+00   0.162134E+02   0.168664E+00   0.162487E+02   0.162487E+02
   0.950944E+00   0.163172E+02   0.168555E+00   0.160912E+02   0.160912E+02
   0.955687E+00   0.160787E+02   0.167943E+00   0.159354E+02   0.159354E+02
   0.960430E+00   0.160575E+02   0.167560E+00   0.157812E+02   0.157812E+02
   0.965173E+00   0.157950E+02   0.166921E+00   0.156286E+02   0.156286E+02
   0.969916E+00   0.155061E+02   0.166437E+00   0.154776E+02   0.154776E+02
   0.974659E+00   0.154320E+02   0.165940E+00   0.153282E+02   0.153282E+02
   0.979402E+00   0.151671E+02   0.165238E+00   0.151805E+02   0.151805E+02
   0.984144E+00   0.149807E+02   0.164917E+00   0.150343E+02   0.150343E+02
   0.988887E+00   0.148730E+02   0.164125E+00   0.148896E+02   0.148896E+02
   0.993630E+00   0.147347E+02   0.163773E+00   0.147466E+02   0.147466E+02
   0.998373E+00   0.146560E+02   0.163712E+00   0.146050E+02   0.146050E+02
   0.100312E+01   0.145412E+02   0.163021E+00   0.144650E+02   0.144650E+02
   0.100786E+01   0.143872E+02   0.162847E+00   0.143265E+02   0.143265E+02
   0.101260E+01   0.140857E+02   0.161945E+00   0.141894E+02   0.141894E+02
   0.101734E+01   0.140434E+02   0.161774E+00   0.140539E+02   0.140539E+02
   0.102209E+01   0.140062E+02   0.161484E+00   0.139198E+02   0.139198E+02
   0.102683E+01   0.138826E+02   0.160901E+00   0.137872E+02   0.137872E+02
   0.103157E+01   0.137009E+02   0.160475E+00   0.136559E+02   0.136559E+02
   0.103632E+01   0.136556E+02   0.160084E+00   0.135261E+02   0.135261E+02
   0.104106E+01   0.134001E+02   0.159486E+00   0.133977E+02   0.133977E+02
   0.104580E+01   0.133096E+02   0.159036E+00   0.132707E+02   0.132707E+02
   0.105055E+01   0.129270E+02   0.158633E+00   0.131451E+02   0.131451E+02
   0.105529E+01   0.129125E+02   0.158001E+00   0.130208E+02   0.130208E+02
   0.106003E+01   0.128425E+02   0.157595E+00   0.128979E+02   0.128979E+02
   0.106477E+01   0.128768E+02   0.157137E+00   0.127763E+02   0.127763E+02
   0.106952E+01   0.127641E+02   0.157608E+00   0.126560E+02   0.126560E+02
   0.107426E+01   0.123530E+02   0.157019E+00   0.125370E+02   0.125370E+02
   0.107900E+01   0.124093E+02   0.156172E+00   0.124193E+02   0.124193E+02
   0.108374E+01   0.124271E+02   0.155927E+00   0.123028E+02   0.123028E+02
   0.108849E+01   0.121250E+02   0.154952E+00   0.121876E+02   0.121876E+02
   0.109323E+01   0.119524E+02   0.154221E+00   0.120736E+02   0.120736E+02
   0.109797E+01   0.118888E+02   0.154658E+00   0.119609E+02   0.119609E+02
   0.110272E+01   0.118166E+02   0.154260E+00   0.118493E+02   0.118493E+02
   0.110746E+01   0.117307E+02   0.153803E+00   0.117389E+02   0.117389E+02
   0.111220E+01   0.118026E+02   0.153450E+00   0.116297E+02   0.116297E+02
   0.111695E+01   0.114421E+02   0.153169E+00   0.115217E+02   0.115217E+02
   0.112169E+01   0.114339E+02   0.153127E+00   0.114148E+02   0.114148E+02
   0.112643E+01   0.110786E+02   0.151833E+00   0.113091E+02   0.113091E+02
   0.113117E+01   0.112552E+02   0.151803E+00   0.112044E+02   0.112044E+02
   0.113592E+01   0.113128E+02   0.151418E+00   0.111008E+02   0.111008E+02
   0.114066E+01   0.109570E+02   0.151105E+00   0.109984E+02   0.109984E+02
   0.114540E+01   0.107761E+02   0.150863E+00   0.108970E+02   0.108970E+02
   0.115014E+01   0.107215E+02   0.150280E+00   0.107966E+02   0.107966E+02
   0.115489E+01   0.107260E+02   0.149882E+00   0.106973E+02   0.106973E+02
   0.115963E+01   0.104193E+02   0.149432E+00   0.105990E+02   0.105990E+02
   0.116437E+01   0.103382E+02   0.149351E+00   0.105018E+02   0.105018E+02
   0.116912E+01   0.103625E+02   0.149000E+00   0.104055E+02   0.104055E+02
   0.117386E+01   0.101239E+02   0.148854E+00   0.103102E+02   0.103102E+02
   0.117860E+01   0.102252E+02   0.148182E+00   0.102159E+02   0.102159E+02
   0.118335E+01   0.100379E+02   0.147923E+00   0.101226E+02   0.101226E+02
   0.118809E+01   0.100294E+02   0.147892E+00   0.100302E+02   0.100302E+02
   0.119283E+01   0.996343E+01   0.147073E+00   0.993871E+01   0.993871E+01
   0.119757E+01   0.976858E+01   0.146629E+00   0.984818E+01   0.984818E+01
   0.120232E+01   0.100339E+02   0.146939E+00   0.975854E+01   0.975854E+01
   0.120706E+01   0.965516E+01   0.147150E+00   0.966979E+01   0.966979E+01
   0.121180E+01   0.954642E+01   0.151987E+00   0.958192E+01   0.958192E+01
   0.121654E+01   0.946550E+01   0.154881E+00   0.949492E+01   0.949492E+01
   0.122129E+01   0.953423E+01   0.156573E+00   0.940878E+01   0.940878E+01
   0.122603E+01   0.955534E+01   0.158966E+00   0.932349E+01   0.932349E+01
   0.123077E+01   0.933044E+01   0.160127E+00   0.923903E+01   0.923903E+01
   0.123552E+01   0.894283E+01   0.161629E+00   0.915542E+01   0.915542E+01
   0.124026E+01   0.925851E+01   0.163317E+00   0.907259E+01   0.907259E+01
   0.124500E+01   0.891828E+01   0.164309E+00   0.899057E+01   0.899057E+01
   0.124975E+01   0.898817E+01   0.165546E+00   0.890934E+01   0.890934E+01
   0.125449E+01   0.903311E+01   0.167015E+00   0.882889E+01   0.882889E+01
   0.125923E+01   0.864942E+01   0.167474E+00   0.874920E+01   0.874920E+01
   0.126397E+01   0.833128E+01   0.167174E+00   0.867028E+01   0.867028E+01
   0.126872E+01   0.834931E+01   0.167509E+00   0.859212E+01   0.859212E+01
   0.127346E+01   0.845790E+01   0.165010E+00   0.851468E+01   0.851468E+01
   0.127820E+01   0.845132E+01   0.159376E+00   0.843797E+01   0.843797E+01
   0.128295E+01   0.844239E+01   0.156102E+00   0.836198E+01   0.836198E+01
   0.128769E+01   0.818912E+01   0.153949E+00   0.828670E+01   0.828670E+01
   0.129243E+01   0.847617E+01   0.151824E+00   0.821212E+01   0.821212E+01
   0.129717E+01   0.821716E+01   0.150394E+00   0.813824E+01   0.813824E+01
   0.130192E+01   0.803375E+01   0.148543E+00   0.806505E+01   0.806505E+01
   0.130666E+01   0.798573E+01   0.147736E+00   0.799252E+01   0.799252E+01
   0.131140E+01   0.792445E+01   0.146479E+00   0.792066E+01   0.792066E+01
   0.131614E+01   0.764441E+01   0.145181E+00   0.784946E+01   0.784946E+01
   0.132089E+01   0.754436E+01   0.144695E+00   0.777891E+01   0.777891E+01
   0.132563E+01   0.783537E+01   0.144095E+00   0.770900E+01   0.770900E+01
   0.133037E+01   0.764466E+01   0.143354E+00   0.763972E+01   0.763972E+01
   0.133512E+01   0.749328E+01   0.142993E+00   0.757107E+01   0.757107E+01
   0.133986E+01   0.753362E+01   0.142621E+00   0.750306E+01   0.750306E+01
   0.134460E+01   0.738523E+01   0.142255E+00   0.743564E+01   0.743564E+01
   0.134935E+01   0.749874E+01   0.141841E+00   0.736884E+01   0.736884E+01
   0.135409E+01   0.720181E+01   0.141709E+00   0.730263E+01   0.730263E+01
   0.135883E+01   0.714499E+01   0.141046E+00   0.723701E+01   0.723701E+01
   0.136357E+01   0.734278E+01   0.140900E+00   0.717199E+01   0.717199E+01
   0.136832E+01   0.701191E+01   0.140497E+00   0.710754E+01   0.710754E+01
   0.137306E+01   0.700324E+01   0.139662E+00   0.704368E+01   0.704368E+01
   0.137780E+01   0.684688E+01   0.139508E+00   0.698037E+01   0.698037E+01
   0.138254E+01   0.682687E+01   0.139145E+00   0.691763E+01   0.691763E+01
   0.138729E+01   0.691060E+01   0.138888E+00   0.685545E+01   0.685545E+01
   0.139203E+01   0.682883E+01   0.138408E+00   0.679382E+01   0.679382E+01
   0.139677E+01   0.665478E+01   0.138209E+00   0.673273E+01   0.673273E+01
   0.140152E+01   0.642610E+01   0.137807E+00   0.667219E+01   0.667219E+01
   0.140626E+01   0.661999E+01   0.137795E+00   0.661218E+01   0.661218E+01
   0.141100E+01   0.638021E+01   0.137388E+00   0.655272E+01   0.655272E+01
   0.141575E+01   0.647332E+01   0.136851E+00   0.649377E+01   0.649377E+01
   0.142049E+01   0.644867E+01   0.136683E+00   0.643534E+01   0.643534E+01
   0.142523E+01   0.649915E+01   0.136757E+00   0.637744E+01   0.637744E+01
   0.142997E+01   0.638397E+01   0.136107E+00   0.632004E+01   0.632004E+01
   0.143472E+01   0.628591E+01   0.135781E+00   0.626316E+01   0.626316E+01
   0.143946E+01   0.611060E+01   0.135304E+00   0.620678E+01   0.620678E+01
   0.144420E+01   0.615112E+01   0.135471E+00   0.615092E+01   0.615092E+01
   0.144894E+01   0.608997E+01   0.135320E+00   0.609554E+01   0.609554E+01
   0.145369E+01   0.606507E+01   0.135062E+00   0.604065E+01   0.604065E+01
   0.145843E+01   0.587270E+01   0.134659E+00   0.598626E+01   0.598626E+01
   0.146317E+01   0.588852E+01   0.134448E+00   0.593235E+01   0.593235E+01
   0.146792E+01   0.584784E+01   0.133867E+00   0.587893E+01   0.587893E+01
   0.147266E+01   0.594699E+01   0.133964E+00   0.582598E+01   0.582598E+01
   0.147740E+01   0.584438E+01   0.133377E+00   0.577353E+01   0.577353E+01
   0.148215E+01   0.555273E+01   0.133064E+00   0.572153E+01   0.572153E+01
   0.148689E+01   0.551087E+01   0.132641E+00   0.567001E+01   0.567001E+01
   0.149163E+01   0.552522E+01   0.132535E+00   0.561896E+01   0.561896E+01
   0.149637E+01   0.552560E+01   0.132542E+00   0.556837E+01   0.556837E+01
   0.150112E+01   0.556558E+01   0.132246E+00   0.551824E+01   0.551824E+01
   0.150586E+01   0.554568E+01   0.134811E+00   0.546857E+01   0.546857E+01
   0.151060E+01   0.520574E+01   0.138482E+00   0.541935E+01   0.541935E+01
   0.151534E+01   0.542368E+01   0.140502E+00   0.537060E+01   0.537060E+01
   0.152009E+01   0.537943E+01   0.142926E+00   0.532229E+01   0.532229E+01
   0.152483E+01   0.534977E+01   0.143520E+00   0.527443E+01   0.527443E+01
   0.152957E+01   0.526748E+01   0.144711E+00   0.522702E+01   0.522702E+01
   0.153432E+01   0.521132E+01   0.141214E+00   0.518005E+01   0.518005E+01
   0.153906E+01   0.507149E+01   0.138853E+00   0.513352E+01   0.513352E+01
   0.154380E+01   0.497199E+01   0.137416E+00   0.508742E+01   0.508742E+01
   0.154855E+01   0.492742E+01   0.135550E+00   0.504178E+01   0.504178E+01
   0.155329E+01   0.517987E+01   0.134397E+00   0.499656E+01   0.499656E+01
   0.155803E+01   0.487869E+01   0.133135E+00   0.495177E+01   0.495177E+01
   0.156277E+01   0.478225E+01   0.131891E+00   0.490740E+01   0.490740E+01
   0.156752E+01   0.479150E+01   0.130179E+00   0.486347E+01   0.486347E+01
   0.157226E+01   0.496984E+01   0.129820E+00   0.481996E+01   0.481996E+01
   0.157700E+01   0.472486E+01   0.129009E+00   0.477687E+01   0.477687E+01
   0.158175E+01   0.464236E+01   0.128590E+00   0.473421E+01   0.473421E+01
   0.158649E+01   0.473004E+01   0.128844E+00   0.469197E+01   0.469197E+01
   0.159123E+01   0.455168E+01   0.128730E+00   0.465014E+01   0.465014E+01
   0.159597E+01   0.470037E+01   0.129130E+00   0.460872E+01   0.460872E+01
   0.160072E+01   0.461295E+01   0.128942E+00   0.456771E+01   0.456771E+01
   0.160546E+01   0.446559E+01   0.128765E+00   0.452711E+01   0.452711E+01
   0.161020E+01   0.456280E+01   0.128615E+00   0.448692E+01   0.448692E+01
   0.161495E+01   0.443600E+01   0.128029E+00   0.444714E+01   0.444714E+01
   0.161969E+01   0.440127E+01   0.127690E+00   0.440777E+01   0.440777E+01
   0.162443E+01   0.435198E+01   0.127833E+00   0.436878E+01   0.436878E+01
   0.162917E+01   0.432159E+01   0.127863E+00   0.433020E+01   0.433020E+01
   0.163392E+01   0.433042E+01   0.127333E+00   0.429202E+01   0.429202E+01
   0.163866E+01   0.429495E+01   0.127200E+00   0.425423E+01   0.425423E+01
   0.164340E+01   0.438609E+01   0.126717E+00   0.421683E+01   0.421683E+01
   0.164815E+01   0.441639E+01   0.127261E+00   0.417982E+01   0.417982E+01
   0.165289E+01   0.413335E+01   0.126730E+00   0.414320E+01   0.414320E+01
   0.165763E+01   0.418916E+01   0.126286E+00   0.410697E+01   0.410697E+01
   0.166237E+01   0.412606E+01   0.125863E+00   0.407111E+01   0.407111E+01
   0.166712E+01   0.391516E+01   0.125752E+00   0.403564E+01   0.403564E+01
   0.167186E+01   0.397018E+01   0.125395E+00   0.400055E+01   0.400055E+01
   0.167660E+01   0.392789E+01   0.125211E+00   0.396583E+01   0.396583E+01
   0.168135E+01   0.407664E+01   0.125565E+00   0.393149E+01   0.393149E+01
   0.168609E+01   0.377740E+01   0.124724E+00   0.389751E+01   0.389751E+01
   0.169083E+01   0.405702E+01   0.124350E+00   0.386392E+01   0.386392E+01
   0.169557E+01   0.395848E+01   0.124671E+00   0.383068E+01   0.383068E+01
   0.170032E+01   0.377048E+01   0.124284E+00   0.379781E+01   0.379781E+01
   0.170506E+01   0.376082E+01   0.124016E+00   0.376529E+01   0.376529E+01
   0.170980E+01   0.396435E+01   0.123806E+00   0.373314E+01   0.373314E+01
   0.171455E+01   0.369056E+01   0.123696E+00   0.370134E+01   0.370134E+01
   0.171929E+01   0.370798E+01   0.123380E+00   0.366990E+01   0.366990E+01
   0.172403E+01   0.360262E+01   0.123178E+00   0.363882E+01   0.363882E+01
   0.172877E+01   0.366465E+01   0.122704E+00   0.360807E+01   0.360807E+01
   0.173352E+01   0.366374E+01   0.122864E+00   0.357768E+01   0.357768E+01
   0.173826E+01   0.356276E+01   0.122486E+00   0.354762E+01   0.354762E+01
   0.174300E+01   0.344544E+01   0.122291E+00   0.351791E+01   0.351791E+01
   0.174775E+01   0.347645E+01   0.122415E+00   0.348853E+01   0.348853E+01
   0.175249E+01   0.346987E+01   0.121702E+00   0.345949E+01   0.345949E+01
   0.175723E+01   0.329476E+01   0.122041E+00   0.343078E+01   0.343078E+01
   0.176197E+01   0.347018E+01   0.121603E+00   0.340241E+01   0.340241E+01
   0.176672E+01   0.336268E+01   0.121036E+00   0.337435E+01   0.337435E+01
   0.177146E+01   0.344983E+01   0.121100E+00   0.334662E+01   0.334662E+01
   0.177620E+01   0.328350E+01   0.120720E+00   0.331921E+01   0.331921E+01
   0.178095E+01   0.333614E+01   0.120826E+00   0.329212E+01   0.329212E+01
   0.178569E+01   0.315098E+01   0.120362E+00   0.326534E+01   0.326534E+01
   0.179043E+01   0.327929E+01   0.120423E+00   0.323888E+01   0.323888E+01
   0.179517E+01   0.326257E+01   0.120506E+00   0.321273E+01   0.321273E+01
   0.179992E+01   0.324198E+01   0.119889E+00   0.318688E+01   0.318688E+01
   0.180466E+01   0.320971E+01   0.119791E+00   0.316133E+01   0.316133E+01
   0.180940E+01   0.315306E+01   0.119580E+00   0.313608E+01   0.313608E+01
   0.181415E+01   0.324495E+01   0.119802E+00   0.311112E+01   0.311112E+01
   0.181889E+01   0.316840E+01   0.119233E+00   0.308646E+01   0.308646E+01
   0.182363E+01   0.305230E+01   0.118885E+00   0.306209E+01   0.306209E+01
   0.182838E+01   0.313225E+01   0.118764E+00   0.303801E+01   0.303801E+01
   0.183312E+01   0.314507E+01   0.118703E+00   0.301422E+01   0.301422E+01
   0.183786E+01   0.305533E+01   0.118604E+00   0.299070E+01   0.299070E+01
   0.184260E+01   0.303646E+01   0.118840E+00   0.296746E+01   0.296746E+01
   0.184735E+01   0.293223E+01   0.118344E+00   0.294449E+01   0.294449E+01
   0.185209E+01   0.274992E+01   0.118026E+00   0.292179E+01   0.292179E+01
   0.185683E+01   0.272736E+01   0.117757E+00   0.289937E+01   0.289937E+01
   0.186157E+01   0.286035E+01   0.117830E+00   0.287720E+01   0.287720E+01
   0.186632E+01   0.278170E+01   0.117793E+00   0.285530E+01   0.285530E+01
   0.187106E+01   0.281130E+01   0.117293E+00   0.283366E+01   0.283366E+01
   0.187580E+01   0.291955E+01   0.116940E+00   0.281227E+01   0.281227E+01
   0.188055E+01   0.277704E+01   0.117008E+00   0.279113E+01   0.279113E+01
   0.188529E+01   0.290614E+01   0.116818E+00   0.277024E+01   0.277024E+01
   0.189003E+01   0.274664E+01   0.116544E+00   0.274960E+01   0.274960E+01
   0.189478E+01   0.274424E+01   0.116378E+00   0.272920E+01   0.272920E+01
   0.189952E+01   0.272580E+01   0.116348E+00   0.270904E+01   0.270904E+01
   0.190426E+01   0.270434E+01   0.116132E+00   0.268911E+01   0.268911E+01
   0.190900E+01   0.276840E+01   0.115881E+00   0.266942E+01   0.266942E+01
   0.191375E+01   0.274912E+01   0.115987E+00   0.264995E+01   0.264995E+01
   0.191849E+01   0.274056E+01   0.115884E+00   0.263071E+01   0.263071E+01
   0.192323E+01   0.265188E+01   0.115717E+00   0.261170E+01   0.261170E+01
   0.192797E+01   0.253177E+01   0.115859E+00   0.259290E+01   0.259290E+01
   0.193272E+01   0.253893E+01   0.115343E+00   0.257432E+01   0.257432E+01
   0.193746E+01   0.265994E+01   0.114963E+00   0.255596E+01   0.255596E+01
   0.194220E+01   0.242111E+01   0.114707E+00   0.253780E+01   0.253780E+01
   0.194695E+01   0.252534E+01   0.114208E+00   0.251985E+01   0.251985E+01
   0.195169E+01   0.250101E+01   0.114085E+00   0.250211E+01   0.250211E+01
   0.195643E+01   0.240648E+01   0.113785E+00   0.248457E+01   0.248457E+01
   0.196117E+01   0.252318E+01   0.113871E+00   0.246722E+01   0.246722E+01
   0.196592E+01   0.244913E+01   0.113771E+00   0.245007E+01   0.245007E+01
   0.197066E+01   0.227918E+01   0.113296E+00   0.243312E+01   0.243312E+01
   0.197540E+01   0.247429E+01   0.113455E+00   0.241635E+01   0.241635E+01
   0.198015E+01   0.250155E+01   0.113461E+00   0.239977E+01   0.239977E+01
   0.198489E+01   0.234620E+01   0.113381E+00   0.238337E+01   0.238337E+01
   0.198963E+01   0.226684E+01   0.113435E+00   0.236716E+01   0.236716E+01
   0.199438E+01   0.238619E+01   0.113255E+00   0.235112E+01   0.235112E+01
   0.199912E+01   0.220917E+01   0.113025E+00   0.233526E+01   0.233526E+01
   0.200386E+01   0.225670E+01   0.112918E+00   0.231957E+01   0.231957E+01
   0.200860E+01   0.226553E+01   0.113139E+00   0.230405E+01   0.230405E+01
   0.201335E+01   0.222700E+01   0.114126E+00   0.228870E+01   0.228870E+01
   0.201809E+01   0.217629E+01   0.117104E+00   0.227351E+01   0.227351E+01
   0.202283E+01   0.219976E+01   0.119334E+00   0.225849E+01   0.225849E+01
   0.202758E+01   0.217793E+01   0.120718E+00   0.224362E+01   0.224362E+01
   0.203232E+01   0.217333E+01   0.121906E+00   0.222892E+01   0.222892E+01
   0.203706E+01   0.223476E+01   0.122676E+00   0.221437E+01   0.221437E+01
   0.204180E+01   0.216677E+01   0.123730E+00   0.219997E+01   0.219997E+01
   0.204655E+01   0.216832E+01   0.124241E+00   0.218572E+01   0.218572E+01
   0.205129E+01   0.226683E+01   0.124567E+00   0.217162E+01   0.217162E+01
   0.205603E+01   0.213309E+01   0.125055E+00   0.215766E+01   0.215766E+01
   0.206078E+01   0.219055E+01   0.125285E+00   0.214385E+01   0.214385E+01
   0.206552E+01   0.226695E+01   0.125349E+00   0.213018E+01   0.213018E+01
   0.207026E+01   0.214540E+01   0.125745E+00   0.211665E+01   0.211665E+01
   0.207500E+01   0.207414E+01   0.125944E+00   0.210326E+01   0.210326E+01
   0.207975E+01   0.203997E+01   0.123486E+00   0.209000E+01   0.209000E+01
   0.208449E+01   0.218944E+01   0.120332E+00   0.207687E+01   0.207687E+01
   0.208923E+01   0.190869E+01   0.118601E+00   0.206388E+01   0.206388E+01
   0.209397E+01   0.195940E+01   0.117102E+00   0.205102E+01   0.205102E+01
   0.209872E+01   0.197240E+01   0.115756E+00   0.203828E+01   0.203828E+01
   0.210346E+01   0.187268E+01   0.115287E+00   0.202567E+01   0.202567E+01
   0.210820E+01   0.201067E+01   0.113867E+00   0.201319E+01   0.201319E+01
   0.211295E+01   0.202666E+01   0.114016E+00   0.200083E+01   0.200083E+01
   0.211769E+01   0.201613E+01   0.113714E+00   0.198858E+01   0.198858E+01
   0.212243E+01   0.196904E+01   0.113251E+00   0.197646E+01   0.197646E+01
   0.212717E+01   0.204027E+01   0.113218E+00   0.196446E+01   0.196446E+01
   0.213192E+01   0.198805E+01   0.112847E+00   0.195257E+01   0.195257E+01
   0.213666E+01   0.197163E+01   0.112475E+00   0.194080E+01   0.194080E+01
   0.214140E+01   0.199089E+01   0.112611E+00   0.192914E+01   0.192914E+01
   0.214615E+01   0.187990E+01   0.111995E+00   0.191760E+01   0.191760E+01
   0.215089E+01   0.181437E+01   0.111962E+00   0.190617E+01   0.190617E+01
   0.215563E+01   0.185850E+01   0.111724E+00   0.189485E+01   0.189485E+01
   0.216038E+01   0.186628E+01   0.111551E+00   0.188363E+01   0.188363E+01
   0.216512E+01   0.184283E+01   0.111327E+00   0.187253E+01   0.187253E+01
   0.216986E+01   0.169215E+01   0.111227E+00   0.186153E+01   0.186153E+01
   0.217460E+01   0.181307E+01   0.110663E+00   0.185064E+01   0.185064E+01
   0.217935E+01   0.186211E+01   0.110515E+00   0.183985E+01   0.183985E+01
   0.218409E+01   0.184709E+01   0.110463E+00   0.182917E+01   0.182917E+01
   0.218883E+01   0.180803E+01   0.110859E+00   0.181859E+01   0.181859E+01
   0.219358E+01   0.164997E+01   0.110609E+00   0.180812E+01   0.180812E+01
   0.219832E+01   0.165580E+01   0.110062E+00   0.179774E+01   0.179774E+01
   0.220306E+01   0.178748E+01   0.109943E+00   0.178747E+01   0.178747E+01
   0.220780E+01   0.174256E+01   0.110115E+00   0.177729E+01   0.177729E+01
   0.221255E+01   0.166341E+01   0.109490E+00   0.176722E+01   0.176722E+01
   0.221729E+01   0.180933E+01   0.109419E+00   0.175725E+01   0.175725E+01
   0.222203E+01   0.196436E+01   0.109434E+00   0.174737E+01   0.174737E+01
   0.222677E+01   0.162702E+01   0.109401E+00   0.173759E+01   0.173759E+01
   0.223152E+01   0.160717E+01   0.108975E+00   0.172791E+01   0.172791E+01
   0.223626E+01   0.169954E+01   0.108969E+00   0.171833E+01   0.171833E+01
   0.224100E+01   0.167126E+01   0.108987E+00   0.170884E+01   0.170884E+01
   0.224575E+01   0.170273E+01   0.108408E+00   0.169945E+01   0.169945E+01
   0.225049E+01   0.176846E+01   0.108403E+00   0.169016E+01   0.169016E+01
   0.225523E+01   0.164084E+01   0.108132E+00   0.168096E+01   0.168096E+01
   0.225997E+01   0.166504E+01   0.108105E+00   0.167185E+01   0.167185E+01
   0.226472E+01   0.163427E+01   0.107815E+00   0.166284E+01   0.166284E+01
   0.226946E+01   0.182004E+01   0.107859E+00   0.165393E+01   0.165393E+01
   0.227420E+01   0.155569E+01   0.107886E+00   0.164511E+01   0.164511E+01
   0.227895E+01   0.177466E+01   0.107904E+00   0.163638E+01   0.163638E+01
   0.228369E+01   0.160386E+01   0.107620E+00   0.162775E+01   0.162775E+01
   0.228843E+01   0.153043E+01   0.107421E+00   0.161921E+01   0.161921E+01
   0.229318E+01   0.140663E+01   0.107043E+00   0.161077E+01   0.161077E+01
   0.229792E+01   0.161605E+01   0.106936E+00   0.160242E+01   0.160242E+01
   0.230266E+01   0.155008E+01   0.107100E+00   0.159416E+01   0.159416E+01
   0.230740E+01   0.167766E+01   0.106711E+00   0.158599E+01   0.158599E+01
   0.231215E+01   0.154654E+01   0.106458E+00   0.157792E+01   0.157792E+01
   0.231689E+01   0.153467E+01   0.106597E+00   0.156994E+01   0.156994E+01
   0.232163E+01   0.160942E+01   0.106386E+00   0.156206E+01   0.156206E+01
   0.232638E+01   0.157751E+01   0.106327E+00   0.155427E+01   0.155427E+01
   0.233112E+01   0.160481E+01   0.106136E+00   0.154657E+01   0.154657E+01
   0.233586E+01   0.149157E+01   0.106117E+00   0.153896E+01   0.153896E+01
   0.234060E+01   0.137778E+01   0.105897E+00   0.153145E+01   0.153145E+01
   0.234535E+01   0.145692E+01   0.105722E+00   0.152403E+01   0.152403E+01
   0.235009E+01   0.152933E+01   0.105477E+00   0.151670E+01   0.151670E+01
   0.235483E+01   0.141900E+01   0.105348E+00   0.150947E+01   0.150947E+01
   0.235957E+01   0.158373E+01   0.105636E+00   0.150233E+01   0.150233E+01
   0.236432E+01   0.150825E+01   0.105274E+00   0.149528E+01   0.149528E+01
   0.236906E+01   0.152504E+01   0.105705E+00   0.148833E+01   0.148833E+01
   0.237380E+01   0.140752E+01   0.105021E+00   0.148147E+01   0.148147E+01
   0.237855E+01   0.157098E+01   0.105169E+00   0.147470E+01   0.147470E+01
   0.238329E+01   0.143576E+01   0.104689E+00   0.146802E+01   0.146802E+01
   0.238803E+01   0.147436E+01   0.104784E+00   0.146144E+01   0.146144E+01
   0.239277E+01   0.145007E+01   0.104511E+00   0.145495E+01   0.145495E+01
   0.239752E+01   0.152102E+01   0.104341E+00   0.144855E+01   0.144855E+01
   0.240226E+01   0.155086E+01   0.104549E+00   0.144224E+01   0.144224E+01
   0.240700E+01   0.135853E+01   0.103946E+00   0.143603E+01   0.143603E+01
   0.241175E+01   0.154432E+01   0.104388E+00   0.142991E+01   0.142991E+01
   0.241649E+01   0.143416E+01   0.104233E+00   0.142388E+01   0.142388E+01
   0.242123E+01   0.136951E+01   0.103873E+00   0.141795E+01   0.141795E+01
   0.242598E+01   0.140797E+01   0.103647E+00   0.141210E+01   0.141210E+01
   0.243072E+01   0.149493E+01   0.103623E+00   0.140635E+01   0.140635E+01
   0.243546E+01   0.139403E+01   0.103610E+00   0.140069E+01   0.140069E+01
   0.244020E+01   0.146241E+01   0.103368E+00   0.139512E+01   0.139512E+01
   0.244495E+01   0.131755E+01   0.103260E+00   0.138964E+01   0.138964E+01
   0.244969E+01   0.124676E+01   0.102966E+00   0.138426E+01   0.138426E+01
   0.245443E+01   0.132261E+01   0.103096E+00   0.137896E+01   0.137896E+01
   0.245918E+01   0.138716E+01   0.103119E+00   0.137376E+01   0.137376E+01
   0.246392E+01   0.146910E+01   0.102865E+00   0.136864E+01   0.136864E+01
   0.246866E+01   0.137532E+01   0.103172E+00   0.136362E+01   0.136362E+01
   0.247340E+01   0.125621E+01   0.102682E+00   0.135868E+01   0.135868E+01
   0.247815E+01   0.123868E+01   0.102567E+00   0.135384E+01   0.135384E+01
   0.248289E+01   0.128526E+01   0.102135E+00   0.134908E+01   0.134908E+01
   0.248763E+01   0.131032E+01   0.102051E+00   0.134441E+01   0.134441E+01
   0.249238E+01   0.116748E+01   0.102255E+00   0.133982E+01   0.133982E+01
   0.249712E+01   0.142145E+01   0.102348E+00   0.133533E+01   0.133533E+01
   0.250186E+01   0.143148E+01   0.102304E+00   0.133092E+01   0.133092E+01
   0.250660E+01   0.129668E+01   0.102274E+00   0.132660E+01   0.132660E+01
   0.251135E+01   0.127255E+01   0.101758E+00   0.132236E+01   0.132236E+01
   0.251609E+01   0.133827E+01   0.101840E+00   0.131821E+01   0.131821E+01
   0.252083E+01   0.126999E+01   0.102016E+00   0.131415E+01   0.131415E+01
   0.252558E+01   0.127356E+01   0.101225E+00   0.131016E+01   0.131016E+01
   0.253032E+01   0.124197E+01   0.100896E+00   0.130626E+01   0.130626E+01
   0.253506E+01   0.142921E+01   0.101118E+00   0.130244E+01   0.130244E+01
   0.253980E+01   0.138433E+01   0.101077E+00   0.129871E+01   0.129871E+01
   0.254455E+01   0.130465E+01   0.101101E+00   0.129505E+01   0.129505E+01
   0.254929E+01   0.139070E+01   0.100537E+00   0.129147E+01   0.129147E+01
   0.255403E+01   0.129509E+01   0.100888E+00   0.128797E+01   0.128797E+01
   0.255878E+01   0.127853E+01   0.100683E+00   0.128455E+01   0.128455E+01
   0.256352E+01   0.125216E+01   0.100256E+00   0.128121E+01   0.128121E+01
   0.256826E+01   0.139900E+01   0.100611E+00   0.127794E+01   0.127794E+01
   0.257300E+01   0.129504E+01   0.100235E+00   0.127475E+01   0.127475E+01
   0.257775E+01   0.133118E+01   0.100374E+00   0.127163E+01   0.127163E+01
   0.258249E+01   0.129297E+01   0.100390E+00   0.126858E+01   0.126858E+01
   0.258723E+01   0.128282E+01   0.100251E+00   0.126561E+01   0.126561E+01
   0.259198E+01   0.121963E+01   0.100064E+00   0.126271E+01   0.126271E+01
   0.259672E+01   0.128185E+01   0.100197E+00   0.125987E+01   0.125987E+01
   0.260146E+01   0.120633E+01   0.998703E-01   0.125711E+01   0.125711E+01
   0.260620E+01   0.123828E+01   0.996918E-01   0.125441E+01   0.125441E+01
   0.261095E+01   0.121925E+01   0.100163E+00   0.125178E+01   0.125178E+01
   0.261569E+01   0.128841E+01   0.996970E-01   0.124921E+01   0.124921E+01
   0.262043E+01   0.121984E+01   0.996258E-01   0.124671E+01   0.124671E+01
   0.262518E+01   0.133956E+01   0.997133E-01   0.124427E+01   0.124427E+01
   0.262992E+01   0.128013E+01   0.996848E-01   0.124188E+01   0.124188E+01
   0.263466E+01   0.127866E+01   0.993870E-01   0.123956E+01   0.123956E+01
   0.263940E+01   0.126427E+01   0.994472E-01   0.123730E+01   0.123730E+01
   0.264415E+01   0.127076E+01   0.991370E-01   0.123509E+01   0.123509E+01
   0.264889E+01   0.129851E+01   0.990526E-01   0.123294E+01   0.123294E+01
   0.265363E+01   0.131040E+01   0.992620E-01   0.123084E+01   0.123084E+01
   0.265838E+01   0.124548E+01   0.988478E-01   0.122879E+01   0.122879E+01
   0.266312E+01   0.128787E+01   0.990169E-01   0.122680E+01   0.122680E+01
   0.266786E+01   0.133101E+01   0.986897E-01   0.122485E+01   0.122485E+01
   0.267260E+01   0.125878E+01   0.985050E-01   0.122295E+01   0.122295E+01
   0.267735E+01   0.114906E+01   0.985576E-01   0.122110E+01   0.122110E+01
   0.268209E+01   0.123115E+01   0.986620E-01   0.121929E+01   0.121929E+01
   0.268683E+01   0.118020E+01   0.981262E-01   0.121753E+01   0.121753E+01
   0.269158E+01   0.136487E+01   0.983675E-01   0.121580E+01   0.121580E+01
   0.269632E+01   0.117396E+01   0.984965E-01   0.121412E+01   0.121412E+01
   0.270106E+01   0.118305E+01   0.979328E-01   0.121247E+01   0.121247E+01
   0.270580E+01   0.128409E+01   0.980362E-01   0.121086E+01   0.121086E+01
   0.271055E+01   0.127087E+01   0.979259E-01   0.120929E+01   0.120929E+01
   0.271529E+01   0.117820E+01   0.981247E-01   0.120774E+01   0.120774E+01
   0.272003E+01   0.120421E+01   0.976980E-01   0.120624E+01   0.120624E+01
   0.272478E+01   0.125185E+01   0.978439E-01   0.120475E+01   0.120475E+01
   0.272952E+01   0.117975E+01   0.977456E-01   0.120330E+01   0.120330E+01
   0.273426E+01   0.112751E+01   0.972552E-01   0.120188E+01   0.120188E+01
   0.273901E+01   0.118020E+01   0.972920E-01   0.120047E+01   0.120047E+01
   0.274375E+01   0.113180E+01   0.973477E-01   0.119910E+01   0.119910E+01
   0.274849E+01   0.117529E+01   0.971674E-01   0.119774E+01   0.119774E+01
   0.275323E+01   0.110467E+01   0.972110E-01   0.119640E+01   0.119640E+01
   0.275798E+01   0.117224E+01   0.970599E-01   0.119509E+01   0.119509E+01
   0.276272E+01   0.124466E+01   0.968646E-01   0.119378E+01   0.119378E+01
   0.276746E+01   0.118259E+01   0.967364E-01   0.119250E+01   0.119250E+01
   0.277221E+01   0.119695E+01   0.967104E-01   0.119122E+01   0.119122E+01
   0.277695E+01   0.118171E+01   0.967723E-01   0.118996E+01   0.118996E+01
   0.278169E+01   0.108916E+01   0.965872E-01   0.118871E+01   0.118871E+01
   0.278643E+01   0.107764E+01   0.963416E-01   0.118746E+01   0.118746E+01
   0.279118E+01   0.114133E+01   0.961901E-01   0.118622E+01   0.118622E+01
   0.279592E+01   0.124992E+01   0.963325E-01   0.118499E+01   0.118499E+01
   0.280066E+01   0.113228E+01   0.961612E-01   0.118376E+01   0.118376E+01
   0.280540E+01   0.110322E+01   0.962137E-01   0.118253E+01   0.118253E+01
   0.281015E+01   0.113003E+01   0.961666E-01   0.118130E+01   0.118130E+01
   0.281489E+01   0.111933E+01   0.962101E-01   0.118007E+01   0.118007E+01
   0.281963E+01   0.109517E+01   0.985009E-01   0.117884E+01   0.117884E+01
   0.282438E+01   0.106965E+01   0.999532E-01   0.117760E+01   0.117760E+01
   0.282912E+01   0.134415E+01   0.101245E+00   0.117636E+01   0.117636E+01
   0.283386E+01   0.135521E+01   0.102450E+00   0.117512E+01   0.117512E+01
   0.283860E+01   0.115924E+01   0.103106E+00   0.117385E+01   0.117385E+01
   0.284335E+01   0.123374E+01   0.103369E+00   0.117258E+01   0.117258E+01
   0.284809E+01   0.115465E+01   0.103889E+00   0.117130E+01   0.117130E+01
   0.285283E+01   0.996832E+00   0.104149E+00   0.117001E+01   0.117001E+01
   0.285758E+01   0.120899E+01   0.104244E+00   0.116870E+01   0.116870E+01
   0.286232E+01   0.123322E+01   0.104723E+00   0.116738E+01   0.116738E+01
   0.286706E+01   0.105384E+01   0.104855E+00   0.116604E+01   0.116604E+01
   0.287181E+01   0.126794E+01   0.105201E+00   0.116468E+01   0.116468E+01
   0.287655E+01   0.117658E+01   0.105350E+00   0.116330E+01   0.116330E+01
   0.288129E+01   0.116473E+01   0.105119E+00   0.116190E+01   0.116190E+01
   0.288603E+01   0.102810E+01   0.102442E+00   0.116048E+01   0.116048E+01
   0.289078E+01   0.103410E+01   0.100735E+00   0.115903E+01   0.115903E+01
   0.289552E+01   0.112678E+01   0.995819E-01   0.115756E+01   0.115756E+01
   0.290026E+01   0.114905E+01   0.988257E-01   0.115607E+01   0.115607E+01
   0.290501E+01   0.115557E+01   0.980314E-01   0.115455E+01   0.115455E+01
   0.290975E+01   0.113618E+01   0.978488E-01   0.115300E+01   0.115300E+01
   0.291449E+01   0.114251E+01   0.977112E-01   0.115142E+01   0.115142E+01
   0.291923E+01   0.124063E+01   0.975407E-01   0.114982E+01   0.114982E+01
   0.292398E+01   0.106453E+01   0.969681E-01   0.114818E+01   0.114818E+01
   0.292872E+01   0.106910E+01   0.967079E-01   0.114652E+01   0.114652E+01
   0.293346E+01   0.112536E+01   0.967043E-01   0.114482E+01   0.114482E+01
   0.293820E+01   0.116284E+01   0.966296E-01   0.114309E+01   0.114309E+01
   0.294295E+01   0.132524E+01   0.964997E-01   0.114133E+01   0.114133E+01
   0.294769E+01   0.117344E+01   0.965167E-01   0.113953E+01   0.113953E+01
   0.295243E+01   0.124406E+01   0.963623E-01   0.113770E+01   0.113770E+01
   0.295718E+01   0.124298E+01   0.963937E-01   0.113583E+01   0.113583E+01
   0.296192E+01   0.119572E+01   0.964068E-01   0.113393E+01   0.113393E+01
   0.296666E+01   0.120185E+01   0.956138E-01   0.113199E+01   0.113199E+01
   0.297140E+01   0.113024E+01   0.954366E-01   0.113001E+01   0.113001E+01
   0.297615E+01   0.985816E+00   0.956454E-01   0.112800E+01   0.112800E+01
   0.298089E+01   0.108050E+01   0.955668E-01   0.112595E+01   0.112595E+01
   0.298563E+01   0.117177E+01   0.955706E-01   0.112386E+01   0.112386E+01
   0.299038E+01   0.127908E+01   0.951657E-01   0.112173E+01   0.112173E+01
   0.299512E+01   0.117244E+01   0.951093E-01   0.111957E+01   0.111957E+01
   0.299986E+01   0.113240E+01   0.950325E-01   0.111736E+01   0.111736E+01

           ####      Real Space Data                               ####

           Distance distribution  function of particle  


      R          P(R)      ERROR

  0.0000E+00  0.0000E+00  0.0000E+00
  0.3857E-01  0.3039E-01  0.6874E-03
  0.7714E-01  0.6076E-01  0.1269E-02
  0.1157E+00  0.9113E-01  0.1747E-02
  0.1543E+00  0.1215E+00  0.2122E-02
  0.1929E+00  0.1518E+00  0.2399E-02
  0.2314E+00  0.1822E+00  0.2582E-02
  0.2700E+00  0.2125E+00  0.2675E-02
  0.3086E+00  0.2429E+00  0.2685E-02
  0.3471E+00  0.2732E+00  0.2618E-02
  0.3857E+00  0.3035E+00  0.2482E-02
  0.4243E+00  0.3339E+00  0.2285E-02
  0.4629E+00  0.3642E+00  0.2038E-02
  0.5014E+00  0.3945E+00  0.1753E-02
  0.5400E+00  0.4248E+00  0.1446E-02
  0.5786E+00  0.4551E+00  0.1147E-02
  0.6171E+00  0.4854E+00  0.9081E-03
  0.6557E+00  0.5157E+00  0.8252E-03
  0.6943E+00  0.5459E+00  0.9571E-03
  0.7329E+00  0.5761E+00  0.1239E-02
  0.7714E+00  0.6062E+00  0.1585E-02
  0.8100E+00  0.6362E+00  0.1951E-02
  0.8486E+00  0.6661E+00  0.2311E-02
  0.8871E+00  0.6959E+00  0.2653E-02
  0.9257E+00  0.7256E+00  0.2966E-02
  0.9643E+00  0.7550E+00  0.3245E-02
  0.1003E+01  0.7843E+00  0.3482E-02
  0.1041E+01  0.8133E+00  0.3675E-02
  0.1080E+01  0.8420E+00  0.3821E-02
  0.1119E+01  0.8704E+00  0.3917E-02
  0.1157E+01  0.8984E+00  0.3963E-02
  0.1196E+01  0.9261E+00  0.3959E-02
  0.1234E+01  0.9532E+00  0.3907E-02
  0.1273E+01  0.9799E+00  0.3809E-02
  0.1311E+01  0.1006E+01  0.3668E-02
  0.1350E+01  0.1031E+01  0.3491E-02
  0.1389E+01  0.1056E+01  0.3282E-02
  0.1427E+01  0.1080E+01  0.3053E-02
  0.1466E+01  0.1104E+01  0.2813E-02
  0.1504E+01  0.1126E+01  0.2577E-02
  0.1543E+01  0.1148E+01  0.2364E-02
  0.1581E+01  0.1168E+01  0.2197E-02
  0.1620E+01  0.1188E+01  0.2098E-02
  0.1659E+01  0.1206E+01  0.2085E-02
  0.1697E+01  0.1224E+01  0.2162E-02
  0.1736E+01  0.1240E+01  0.2317E-02
  0.1774E+01  0.1255E+01  0.2530E-02
  0.1813E+01  0.1269E+01  0.2777E-02
  0.1851E+01  0.1281E+01  0.3039E-02
  0.1890E+01  0.1292E+01  0.3300E-02
  0.1929E+01  0.1302E+01  0.3548E-02
  0.1967E+01  0.1311E+01  0.3774E-02
  0.2006E+01  0.1318E+01  0.3970E-02
  0.2044E+01  0.1324E+01  0.4130E-02
  0.2083E+01  0.1328E+01  0.4250E-02
  0.2121E+01  0.1331E+01  0.4328E-02
  0.2160E+01  0.1332E+01  0.4363E-02
  0.2199E+01  0.1332E+01  0.4353E-02
  0.2237E+01  0.1331E+01  0.4300E-02
  0.2276E+01  0.1328E+01  0.4205E-02
  0.2314E+01  0.1324E+01  0.4072E-02
  0.2353E+01  0.1318E+01  0.3905E-02
  0.2391E+01  0.1312E+01  0.3711E-02
  0.2430E+01  0.1304E+01  0.3497E-02
  0.2469E+01  0.1294E+01  0.3275E-02
  0.2507E+01  0.1284E+01  0.3057E-02
  0.2546E+01  0.1273E+01  0.2860E-02
  0.2584E+01  0.1260E+01  0.2700E-02
  0.2623E+01  0.1247E+01  0.2598E-02
  0.2661E+01  0.1233E+01  0.2566E-02
  0.2700E+01  0.1218E+01  0.2613E-02
  0.2739E+01  0.1202E+01  0.2734E-02
  0.2777E+01  0.1185E+01  0.2914E-02
  0.2816E+01  0.1168E+01  0.3138E-02
  0.2854E+01  0.1151E+01  0.3387E-02
  0.2893E+01  0.1133E+01  0.3646E-02
  0.2931E+01  0.1115E+01  0.3901E-02
  0.2970E+01  0.1096E+01  0.4142E-02
  0.3009E+01  0.1077E+01  0.4360E-02
  0.3047E+01  0.1058E+01  0.4550E-02
  0.3086E+01  0.1039E+01  0.4705E-02
  0.3124E+01  0.1020E+01  0.4823E-02
  0.3163E+01  0.1001E+01  0.4901E-02
  0.3201E+01  0.9827E+00  0.4938E-02
  0.3240E+01  0.9642E+00  0.4935E-02
  0.3279E+01  0.9460E+00  0.4893E-02
  0.3317E+01  0.9281E+00  0.4814E-02
  0.3356E+01  0.9105E+00  0.4703E-02
  0.3394E+01  0.8933E+00  0.4566E-02
  0.3433E+01  0.8766E+00  0.4410E-02
  0.3471E+01  0.8603E+00  0.4243E-02
  0.3510E+01  0.8446E+00  0.4076E-02
  0.3549E+01  0.8293E+00  0.3920E-02
  0.3587E+01  0.8145E+00  0.3788E-02
  0.3626E+01  0.8003E+00  0.3692E-02
  0.3664E+01  0.7866E+00  0.3643E-02
  0.3703E+01  0.7734E+00  0.3647E-02
  0.3741E+01  0.7607E+00  0.3706E-02
  0.3780E+01  0.7486E+00  0.3815E-02
  0.3819E+01  0.7369E+00  0.3967E-02
  0.3857E+01  0.7256E+00  0.4150E-02
  0.3896E+01  0.7148E+00  0.4352E-02
  0.3934E+01  0.7044E+00  0.4562E-02
  0.3973E+01  0.6944E+00  0.4768E-02
  0.4011E+01  0.6848E+00  0.4961E-02
  0.4050E+01  0.6754E+00  0.5133E-02
  0.4089E+01  0.6663E+00  0.5277E-02
  0.4127E+01  0.6574E+00  0.5390E-02
  0.4166E+01  0.6487E+00  0.5467E-02
  0.4204E+01  0.6401E+00  0.5506E-02
  0.4243E+01  0.6317E+00  0.5507E-02
  0.4281E+01  0.6233E+00  0.5471E-02
  0.4320E+01  0.6149E+00  0.5400E-02
  0.4359E+01  0.6065E+00  0.5298E-02
  0.4397E+01  0.5981E+00  0.5171E-02
  0.4436E+01  0.5895E+00  0.5027E-02
  0.4474E+01  0.5809E+00  0.4875E-02
  0.4513E+01  0.5721E+00  0.4727E-02
  0.4551E+01  0.5632E+00  0.4595E-02
  0.4590E+01  0.5540E+00  0.4493E-02
  0.4629E+01  0.5447E+00  0.4434E-02
  0.4667E+01  0.5351E+00  0.4428E-02
  0.4706E+01  0.5253E+00  0.4482E-02
  0.4744E+01  0.5152E+00  0.4597E-02
  0.4783E+01  0.5049E+00  0.4769E-02
  0.4821E+01  0.4944E+00  0.4990E-02
  0.4860E+01  0.4836E+00  0.5248E-02
  0.4899E+01  0.4726E+00  0.5530E-02
  0.4937E+01  0.4614E+00  0.5826E-02
  0.4976E+01  0.4500E+00  0.6122E-02
  0.5014E+01  0.4384E+00  0.6410E-02
  0.5053E+01  0.4267E+00  0.6680E-02
  0.5091E+01  0.4148E+00  0.6925E-02
  0.5130E+01  0.4028E+00  0.7139E-02
  0.5169E+01  0.3908E+00  0.7317E-02
  0.5207E+01  0.3788E+00  0.7457E-02
  0.5246E+01  0.3667E+00  0.7556E-02
  0.5284E+01  0.3547E+00  0.7615E-02
  0.5323E+01  0.3428E+00  0.7634E-02
  0.5361E+01  0.3310E+00  0.7616E-02
  0.5400E+01  0.3194E+00  0.7565E-02
  0.5439E+01  0.3079E+00  0.7484E-02
  0.5477E+01  0.2968E+00  0.7382E-02
  0.5516E+01  0.2859E+00  0.7264E-02
  0.5554E+01  0.2753E+00  0.7140E-02
  0.5593E+01  0.2651E+00  0.7017E-02
  0.5631E+01  0.2552E+00  0.6905E-02
  0.5670E+01  0.2458E+00  0.6813E-02
  0.5709E+01  0.2368E+00  0.6747E-02
  0.5747E+01  0.2283E+00  0.6713E-02
  0.5786E+01  0.2203E+00  0.6714E-02
  0.5824E+01  0.2128E+00  0.6750E-02
  0.5863E+01  0.2058E+00  0.6819E-02
  0.5901E+01  0.1994E+00  0.6915E-02
  0.5940E+01  0.1935E+00  0.7032E-02
  0.5979E+01  0.1882E+00  0.7162E-02
  0.6017E+01  0.1834E+00  0.7296E-02
  0.6056E+01  0.1791E+00  0.7428E-02
  0.6094E+01  0.1753E+00  0.7549E-02
  0.6133E+01  0.1721E+00  0.7655E-02
  0.6171E+01  0.1693E+00  0.7741E-02
  0.6210E+01  0.1669E+00  0.7805E-02
  0.6249E+01  0.1650E+00  0.7847E-02
  0.6287E+01  0.1634E+00  0.7868E-02
  0.6326E+01  0.1621E+00  0.7871E-02
  0.6364E+01  0.1610E+00  0.7863E-02
  0.6403E+01  0.1602E+00  0.7851E-02
  0.6441E+01  0.1595E+00  0.7842E-02
  0.6480E+01  0.1589E+00  0.7845E-02
  0.6519E+01  0.1583E+00  0.7869E-02
  0.6557E+01  0.1576E+00  0.7920E-02
  0.6596E+01  0.1568E+00  0.8002E-02
  0.6634E+01  0.1557E+00  0.8115E-02
  0.6673E+01  0.1542E+00  0.8255E-02
  0.6711E+01  0.1524E+00  0.8415E-02
  0.6750E+01  0.1500E+00  0.8581E-02
  0.6789E+01  0.1469E+00  0.8738E-02
  0.6827E+01  0.1432E+00  0.8869E-02
  0.6866E+01  0.1385E+00  0.8951E-02
  0.6904E+01  0.1330E+00  0.8963E-02
  0.6943E+01  0.1263E+00  0.8881E-02
  0.6981E+01  0.1185E+00  0.8683E-02
  0.7020E+01  0.1094E+00  0.8343E-02
  0.7059E+01  0.9894E-01  0.7838E-02
  0.7097E+01  0.8692E-01  0.7144E-02
  0.7136E+01  0.7326E-01  0.6236E-02
  0.7174E+01  0.5785E-01  0.5090E-02
  0.7213E+01  0.4058E-01  0.3684E-02
  0.7251E+01  0.2134E-01  0.1995E-02
  0.7290E+01  0.0000E+00  0.0000E+00
