
           ####      G N O M             Version 5.0 (r13469)      ####
                                               Wed Dec 15 15:09:35 2021

           ####      Configuration                                 ####

    System Type:                   arbitrary monodisperse (job = 0)
    Minimum characteristic size:         0.0000
    Maximum characteristic size:         7.8600
    rad56:                               0.0000
    Force 0.0 at r = rmin:                  yes
    Force 0.0 at r = rmax:                  yes
    Initial alpha:                       0.0000
    Initial random seed:    1432019977384766312
    Points in real space:                   190

    Input  1:                      temp-inp.dat
    First data point used:                    1
    Last data point used:                   570
    Scaling coefficient:             0.1000E+01
    Experimental setup:            point collimation



           ####      Results                                       ####

    Parameter    DISCRP  OSCILL  STABIL  SYSDEV  POSITV  VALCEN  SMOOTH
    Weight        1.000   3.000   3.000   3.000   1.000   1.000   1.000
    Sigma         0.300   0.600   0.120   0.120   0.120   0.120   0.600
    Ideal         0.700   1.100   0.000   1.000   1.000   0.950   0.000
    Current       0.478   1.420   0.008   0.893   1.000   0.838   0.548
               --------------------------------------------------------
    Estimate      0.578   0.753   0.996   0.450   1.000   0.420   0.434

    Angular range:                       0.3012 to       2.9999
    Reciprocal space Rg:             0.2269E+01
    Reciprocal space I(0):           0.3533E+02

    Real space range:                    0.0000 to       7.8600
    Real space Rg:                   0.2279E+01 +-   0.8825E-02
    Real space I(0):                 0.3533E+02 +-   0.8796E-01

    Highest ALPHA (theor):           0.3205E+02
    Current ALPHA:                   0.1152E+02

    Total Estimate:                      0.6944 (a REASONABLE solution)



           ####      Experimental Data and Fit                     ####

      S          J EXP       ERROR       J REG       I REG

   0.000000E+00                                                0.353312E+02
   0.107561E-01                                                0.353241E+02
   0.215123E-01                                                0.353029E+02
   0.322684E-01                                                0.352676E+02
   0.430246E-01                                                0.352182E+02
   0.537807E-01                                                0.351548E+02
   0.645368E-01                                                0.350775E+02
   0.752930E-01                                                0.349864E+02
   0.860491E-01                                                0.348817E+02
   0.968053E-01                                                0.347634E+02
   0.107561E+00                                                0.346318E+02
   0.118318E+00                                                0.344869E+02
   0.129074E+00                                                0.343292E+02
   0.139830E+00                                                0.341586E+02
   0.150586E+00                                                0.339755E+02
   0.161342E+00                                                0.337802E+02
   0.172098E+00                                                0.335728E+02
   0.182854E+00                                                0.333537E+02
   0.193611E+00                                                0.331231E+02
   0.204367E+00                                                0.328814E+02
   0.215123E+00                                                0.326290E+02
   0.225879E+00                                                0.323660E+02
   0.236635E+00                                                0.320929E+02
   0.247391E+00                                                0.318100E+02
   0.258147E+00                                                0.315177E+02
   0.268903E+00                                                0.312163E+02
   0.279660E+00                                                0.309063E+02
   0.290416E+00                                                0.305880E+02
   0.301172E+00   0.305047E+02   0.198369E+00   0.302619E+02   0.302619E+02
   0.305915E+00   0.300522E+02   0.196325E+00   0.301156E+02   0.301156E+02
   0.310658E+00   0.299226E+02   0.194635E+00   0.299680E+02   0.299680E+02
   0.315400E+00   0.297298E+02   0.192745E+00   0.298190E+02   0.298190E+02
   0.320143E+00   0.295608E+02   0.190562E+00   0.296686E+02   0.296686E+02
   0.324886E+00   0.296551E+02   0.189105E+00   0.295169E+02   0.295169E+02
   0.329629E+00   0.292840E+02   0.187293E+00   0.293640E+02   0.293640E+02
   0.334372E+00   0.289877E+02   0.185738E+00   0.292098E+02   0.292098E+02
   0.339115E+00   0.289532E+02   0.186383E+00   0.290543E+02   0.290543E+02
   0.343858E+00   0.292916E+02   0.189075E+00   0.288978E+02   0.288978E+02
   0.348601E+00   0.288533E+02   0.193066E+00   0.287400E+02   0.287400E+02
   0.353343E+00   0.285119E+02   0.196018E+00   0.285812E+02   0.285812E+02
   0.358086E+00   0.287016E+02   0.198389E+00   0.284213E+02   0.284213E+02
   0.362829E+00   0.281059E+02   0.199969E+00   0.282604E+02   0.282604E+02
   0.367572E+00   0.280039E+02   0.201319E+00   0.280985E+02   0.280985E+02
   0.372315E+00   0.279364E+02   0.202497E+00   0.279356E+02   0.279356E+02
   0.377058E+00   0.279446E+02   0.203684E+00   0.277718E+02   0.277718E+02
   0.381801E+00   0.276016E+02   0.204694E+00   0.276071E+02   0.276071E+02
   0.386543E+00   0.271733E+02   0.204801E+00   0.274416E+02   0.274416E+02
   0.391286E+00   0.273274E+02   0.205851E+00   0.272753E+02   0.272753E+02
   0.396029E+00   0.272895E+02   0.206346E+00   0.271081E+02   0.271081E+02
   0.400772E+00   0.270794E+02   0.207500E+00   0.269403E+02   0.269403E+02
   0.405515E+00   0.266486E+02   0.214202E+00   0.267717E+02   0.267717E+02
   0.410258E+00   0.266368E+02   0.219590E+00   0.266025E+02   0.266025E+02
   0.415001E+00   0.266113E+02   0.223813E+00   0.264326E+02   0.264326E+02
   0.419744E+00   0.261316E+02   0.226617E+00   0.262621E+02   0.262621E+02
   0.424486E+00   0.259014E+02   0.229922E+00   0.260910E+02   0.260910E+02
   0.429229E+00   0.258956E+02   0.233377E+00   0.259194E+02   0.259194E+02
   0.433972E+00   0.257905E+02   0.236988E+00   0.257474E+02   0.257474E+02
   0.438715E+00   0.254186E+02   0.239875E+00   0.255748E+02   0.255748E+02
   0.443458E+00   0.253990E+02   0.242956E+00   0.254018E+02   0.254018E+02
   0.448201E+00   0.255055E+02   0.246893E+00   0.252285E+02   0.252285E+02
   0.452944E+00   0.252724E+02   0.250926E+00   0.250547E+02   0.250547E+02
   0.457686E+00   0.250515E+02   0.253452E+00   0.248807E+02   0.248807E+02
   0.462429E+00   0.249961E+02   0.254909E+00   0.247063E+02   0.247063E+02
   0.467172E+00   0.247494E+02   0.253373E+00   0.245317E+02   0.245317E+02
   0.471915E+00   0.238978E+02   0.243217E+00   0.243568E+02   0.243568E+02
   0.476658E+00   0.240956E+02   0.237913E+00   0.241818E+02   0.241818E+02
   0.481401E+00   0.240103E+02   0.235125E+00   0.240066E+02   0.240066E+02
   0.486144E+00   0.238310E+02   0.232305E+00   0.238312E+02   0.238312E+02
   0.490887E+00   0.237966E+02   0.230029E+00   0.236558E+02   0.236558E+02
   0.495629E+00   0.236693E+02   0.227845E+00   0.234803E+02   0.234803E+02
   0.500372E+00   0.233579E+02   0.226436E+00   0.233047E+02   0.233047E+02
   0.505115E+00   0.234131E+02   0.224820E+00   0.231292E+02   0.231292E+02
   0.509858E+00   0.231265E+02   0.223328E+00   0.229536E+02   0.229536E+02
   0.514601E+00   0.228021E+02   0.221535E+00   0.227782E+02   0.227782E+02
   0.519344E+00   0.225484E+02   0.220397E+00   0.226028E+02   0.226028E+02
   0.524087E+00   0.219950E+02   0.218312E+00   0.224275E+02   0.224275E+02
   0.528829E+00   0.223204E+02   0.217740E+00   0.222524E+02   0.222524E+02
   0.533572E+00   0.219387E+02   0.216236E+00   0.220774E+02   0.220774E+02
   0.538315E+00   0.217829E+02   0.214173E+00   0.219026E+02   0.219026E+02
   0.543058E+00   0.214892E+02   0.212378E+00   0.217281E+02   0.217281E+02
   0.547801E+00   0.217514E+02   0.210830E+00   0.215538E+02   0.215538E+02
   0.552544E+00   0.213305E+02   0.208886E+00   0.213798E+02   0.213798E+02
   0.557287E+00   0.212947E+02   0.207784E+00   0.212061E+02   0.212061E+02
   0.562029E+00   0.211550E+02   0.206033E+00   0.210328E+02   0.210328E+02
   0.566772E+00   0.207150E+02   0.204428E+00   0.208598E+02   0.208598E+02
   0.571515E+00   0.205043E+02   0.202958E+00   0.206872E+02   0.206872E+02
   0.576258E+00   0.204647E+02   0.201756E+00   0.205150E+02   0.205150E+02
   0.581001E+00   0.205223E+02   0.200694E+00   0.203432E+02   0.203432E+02
   0.585744E+00   0.202958E+02   0.199490E+00   0.201719E+02   0.201719E+02
   0.590487E+00   0.198165E+02   0.198270E+00   0.200011E+02   0.200011E+02
   0.595230E+00   0.197131E+02   0.197639E+00   0.198307E+02   0.198307E+02
   0.599972E+00   0.197503E+02   0.197294E+00   0.196610E+02   0.196610E+02
   0.604715E+00   0.194593E+02   0.196441E+00   0.194917E+02   0.194917E+02
   0.609458E+00   0.191574E+02   0.195776E+00   0.193231E+02   0.193231E+02
   0.614201E+00   0.192274E+02   0.195200E+00   0.191550E+02   0.191550E+02
   0.618944E+00   0.192120E+02   0.194556E+00   0.189876E+02   0.189876E+02
   0.623687E+00   0.189778E+02   0.193737E+00   0.188208E+02   0.188208E+02
   0.628430E+00   0.187175E+02   0.192883E+00   0.186546E+02   0.186546E+02
   0.633173E+00   0.183267E+02   0.192238E+00   0.184891E+02   0.184891E+02
   0.637915E+00   0.182789E+02   0.191333E+00   0.183243E+02   0.183243E+02
   0.642658E+00   0.180384E+02   0.190958E+00   0.181603E+02   0.181603E+02
   0.647401E+00   0.178472E+02   0.189975E+00   0.179969E+02   0.179969E+02
   0.652144E+00   0.177722E+02   0.189611E+00   0.178344E+02   0.178344E+02
   0.656887E+00   0.178614E+02   0.189070E+00   0.176725E+02   0.176725E+02
   0.661630E+00   0.176711E+02   0.188536E+00   0.175115E+02   0.175115E+02
   0.666373E+00   0.173423E+02   0.187721E+00   0.173513E+02   0.173513E+02
   0.671115E+00   0.172449E+02   0.186967E+00   0.171919E+02   0.171919E+02
   0.675858E+00   0.170837E+02   0.186742E+00   0.170333E+02   0.170333E+02
   0.680601E+00   0.172297E+02   0.186072E+00   0.168756E+02   0.168756E+02
   0.685344E+00   0.168414E+02   0.185564E+00   0.167187E+02   0.167187E+02
   0.690087E+00   0.167112E+02   0.184884E+00   0.165627E+02   0.165627E+02
   0.694830E+00   0.163099E+02   0.183955E+00   0.164076E+02   0.164076E+02
   0.699573E+00   0.161825E+02   0.183529E+00   0.162533E+02   0.162533E+02
   0.704315E+00   0.162434E+02   0.182926E+00   0.161000E+02   0.161000E+02
   0.709058E+00   0.159243E+02   0.182142E+00   0.159477E+02   0.159477E+02
   0.713801E+00   0.157723E+02   0.181755E+00   0.157962E+02   0.157962E+02
   0.718544E+00   0.157491E+02   0.181034E+00   0.156457E+02   0.156457E+02
   0.723287E+00   0.157980E+02   0.180523E+00   0.154962E+02   0.154962E+02
   0.728030E+00   0.152665E+02   0.179750E+00   0.153476E+02   0.153476E+02
   0.732773E+00   0.150249E+02   0.179134E+00   0.152000E+02   0.152000E+02
   0.737515E+00   0.149987E+02   0.178617E+00   0.150534E+02   0.150534E+02
   0.742258E+00   0.150266E+02   0.178258E+00   0.149078E+02   0.149078E+02
   0.747001E+00   0.148769E+02   0.177147E+00   0.147632E+02   0.147632E+02
   0.751744E+00   0.148236E+02   0.176934E+00   0.146197E+02   0.146197E+02
   0.756487E+00   0.147357E+02   0.176452E+00   0.144771E+02   0.144771E+02
   0.761230E+00   0.143429E+02   0.175748E+00   0.143355E+02   0.143355E+02
   0.765973E+00   0.142041E+02   0.175145E+00   0.141950E+02   0.141950E+02
   0.770716E+00   0.141355E+02   0.174680E+00   0.140556E+02   0.140556E+02
   0.775459E+00   0.140314E+02   0.174023E+00   0.139172E+02   0.139172E+02
   0.780201E+00   0.139284E+02   0.174037E+00   0.137798E+02   0.137798E+02
   0.784944E+00   0.136276E+02   0.173404E+00   0.136435E+02   0.136435E+02
   0.789687E+00   0.137038E+02   0.172434E+00   0.135082E+02   0.135082E+02
   0.794430E+00   0.136479E+02   0.172015E+00   0.133740E+02   0.133740E+02
   0.799173E+00   0.132272E+02   0.171438E+00   0.132409E+02   0.132409E+02
   0.803916E+00   0.128413E+02   0.170644E+00   0.131088E+02   0.131088E+02
   0.808658E+00   0.131038E+02   0.170714E+00   0.129779E+02   0.129779E+02
   0.813401E+00   0.130070E+02   0.170387E+00   0.128480E+02   0.128480E+02
   0.818144E+00   0.130614E+02   0.170206E+00   0.127191E+02   0.127191E+02
   0.822887E+00   0.128349E+02   0.169179E+00   0.125914E+02   0.125914E+02
   0.827630E+00   0.125114E+02   0.168451E+00   0.124647E+02   0.124647E+02
   0.832373E+00   0.124760E+02   0.168141E+00   0.123392E+02   0.123392E+02
   0.837116E+00   0.123051E+02   0.167513E+00   0.122147E+02   0.122147E+02
   0.841859E+00   0.118879E+02   0.166798E+00   0.120912E+02   0.120912E+02
   0.846601E+00   0.119083E+02   0.166588E+00   0.119689E+02   0.119689E+02
   0.851344E+00   0.120672E+02   0.166433E+00   0.118477E+02   0.118477E+02
   0.856087E+00   0.119062E+02   0.165681E+00   0.117275E+02   0.117275E+02
   0.860830E+00   0.116348E+02   0.164960E+00   0.116084E+02   0.116084E+02
   0.865573E+00   0.114754E+02   0.164432E+00   0.114904E+02   0.114904E+02
   0.870316E+00   0.112219E+02   0.164001E+00   0.113735E+02   0.113735E+02
   0.875059E+00   0.115114E+02   0.163970E+00   0.112577E+02   0.112577E+02
   0.879802E+00   0.112134E+02   0.163297E+00   0.111429E+02   0.111429E+02
   0.884544E+00   0.109963E+02   0.162393E+00   0.110292E+02   0.110292E+02
   0.889287E+00   0.109503E+02   0.162369E+00   0.109166E+02   0.109166E+02
   0.894030E+00   0.106874E+02   0.161862E+00   0.108051E+02   0.108051E+02
   0.898773E+00   0.106810E+02   0.161325E+00   0.106946E+02   0.106946E+02
   0.903516E+00   0.104933E+02   0.160635E+00   0.105852E+02   0.105852E+02
   0.908259E+00   0.104515E+02   0.160441E+00   0.104768E+02   0.104768E+02
   0.913002E+00   0.105257E+02   0.159970E+00   0.103695E+02   0.103695E+02
   0.917744E+00   0.102350E+02   0.159452E+00   0.102632E+02   0.102632E+02
   0.922487E+00   0.999364E+01   0.159079E+00   0.101580E+02   0.101580E+02
   0.927230E+00   0.102771E+02   0.158855E+00   0.100538E+02   0.100538E+02
   0.931973E+00   0.990970E+01   0.158424E+00   0.995065E+01   0.995065E+01
   0.936716E+00   0.100015E+02   0.158148E+00   0.984854E+01   0.984854E+01
   0.941459E+00   0.987787E+01   0.157612E+00   0.974744E+01   0.974744E+01
   0.946202E+00   0.956843E+01   0.157098E+00   0.964737E+01   0.964737E+01
   0.950944E+00   0.964076E+01   0.156902E+00   0.954831E+01   0.954831E+01
   0.955687E+00   0.957192E+01   0.156156E+00   0.945026E+01   0.945026E+01
   0.960430E+00   0.921790E+01   0.155698E+00   0.935321E+01   0.935321E+01
   0.965173E+00   0.931228E+01   0.155421E+00   0.925715E+01   0.925715E+01
   0.969916E+00   0.929525E+01   0.155134E+00   0.916208E+01   0.916208E+01
   0.974659E+00   0.922834E+01   0.154699E+00   0.906800E+01   0.906800E+01
   0.979402E+00   0.899476E+01   0.154326E+00   0.897489E+01   0.897489E+01
   0.984144E+00   0.901298E+01   0.153802E+00   0.888275E+01   0.888275E+01
   0.988887E+00   0.890142E+01   0.153345E+00   0.879157E+01   0.879157E+01
   0.993630E+00   0.875623E+01   0.153192E+00   0.870135E+01   0.870135E+01
   0.998373E+00   0.870939E+01   0.152816E+00   0.861208E+01   0.861208E+01
   0.100312E+01   0.856618E+01   0.152343E+00   0.852375E+01   0.852375E+01
   0.100786E+01   0.848693E+01   0.151794E+00   0.843634E+01   0.843634E+01
   0.101260E+01   0.815872E+01   0.151407E+00   0.834987E+01   0.834987E+01
   0.101734E+01   0.837886E+01   0.151246E+00   0.826431E+01   0.826431E+01
   0.102209E+01   0.816641E+01   0.150911E+00   0.817968E+01   0.817968E+01
   0.102683E+01   0.791052E+01   0.150175E+00   0.809594E+01   0.809594E+01
   0.103157E+01   0.802344E+01   0.150194E+00   0.801309E+01   0.801309E+01
   0.103632E+01   0.793095E+01   0.149803E+00   0.793112E+01   0.793112E+01
   0.104106E+01   0.801437E+01   0.149309E+00   0.785004E+01   0.785004E+01
   0.104580E+01   0.802260E+01   0.149129E+00   0.776983E+01   0.776983E+01
   0.105055E+01   0.765889E+01   0.148674E+00   0.769048E+01   0.769048E+01
   0.105529E+01   0.766119E+01   0.148248E+00   0.761200E+01   0.761200E+01
   0.106003E+01   0.757398E+01   0.147847E+00   0.753436E+01   0.753436E+01
   0.106477E+01   0.764970E+01   0.147579E+00   0.745755E+01   0.745755E+01
   0.106952E+01   0.745135E+01   0.147140E+00   0.738157E+01   0.738157E+01
   0.107426E+01   0.743911E+01   0.146832E+00   0.730642E+01   0.730642E+01
   0.107900E+01   0.731120E+01   0.146561E+00   0.723208E+01   0.723208E+01
   0.108374E+01   0.715444E+01   0.146598E+00   0.715854E+01   0.715854E+01
   0.108849E+01   0.726016E+01   0.146205E+00   0.708580E+01   0.708580E+01
   0.109323E+01   0.718675E+01   0.145621E+00   0.701387E+01   0.701387E+01
   0.109797E+01   0.696268E+01   0.145242E+00   0.694270E+01   0.694270E+01
   0.110272E+01   0.680993E+01   0.145011E+00   0.687230E+01   0.687230E+01
   0.110746E+01   0.677953E+01   0.144742E+00   0.680267E+01   0.680267E+01
   0.111220E+01   0.669725E+01   0.144349E+00   0.673379E+01   0.673379E+01
   0.111695E+01   0.636855E+01   0.144070E+00   0.666566E+01   0.666566E+01
   0.112169E+01   0.668692E+01   0.143544E+00   0.659827E+01   0.659827E+01
   0.112643E+01   0.669421E+01   0.143232E+00   0.653162E+01   0.653162E+01
   0.113117E+01   0.645683E+01   0.143020E+00   0.646569E+01   0.646569E+01
   0.113592E+01   0.648042E+01   0.142835E+00   0.640046E+01   0.640046E+01
   0.114066E+01   0.629476E+01   0.142384E+00   0.633595E+01   0.633595E+01
   0.114540E+01   0.630341E+01   0.141742E+00   0.627213E+01   0.627213E+01
   0.115014E+01   0.654684E+01   0.141847E+00   0.620900E+01   0.620900E+01
   0.115489E+01   0.613784E+01   0.141214E+00   0.614656E+01   0.614656E+01
   0.115963E+01   0.607975E+01   0.141109E+00   0.608478E+01   0.608478E+01
   0.116437E+01   0.594581E+01   0.140638E+00   0.602369E+01   0.602369E+01
   0.116912E+01   0.603290E+01   0.140414E+00   0.596324E+01   0.596324E+01
   0.117386E+01   0.592802E+01   0.140197E+00   0.590345E+01   0.590345E+01
   0.117860E+01   0.597716E+01   0.139941E+00   0.584429E+01   0.584429E+01
   0.118335E+01   0.575069E+01   0.139582E+00   0.578577E+01   0.578577E+01
   0.118809E+01   0.565897E+01   0.139254E+00   0.572788E+01   0.572788E+01
   0.119283E+01   0.562454E+01   0.138860E+00   0.567061E+01   0.567061E+01
   0.119757E+01   0.571298E+01   0.139000E+00   0.561396E+01   0.561396E+01
   0.120232E+01   0.541172E+01   0.138752E+00   0.555790E+01   0.555790E+01
   0.120706E+01   0.549233E+01   0.139119E+00   0.550244E+01   0.550244E+01
   0.121180E+01   0.547776E+01   0.143325E+00   0.544758E+01   0.544758E+01
   0.121654E+01   0.557618E+01   0.146238E+00   0.539329E+01   0.539329E+01
   0.122129E+01   0.537148E+01   0.148324E+00   0.533958E+01   0.533958E+01
   0.122603E+01   0.510831E+01   0.149993E+00   0.528644E+01   0.528644E+01
   0.123077E+01   0.525450E+01   0.151870E+00   0.523386E+01   0.523386E+01
   0.123552E+01   0.519095E+01   0.153338E+00   0.518184E+01   0.518184E+01
   0.124026E+01   0.519579E+01   0.154607E+00   0.513036E+01   0.513036E+01
   0.124500E+01   0.507840E+01   0.155550E+00   0.507942E+01   0.507942E+01
   0.124975E+01   0.509261E+01   0.156633E+00   0.502902E+01   0.502902E+01
   0.125449E+01   0.494155E+01   0.157813E+00   0.497915E+01   0.497915E+01
   0.125923E+01   0.481068E+01   0.158330E+00   0.492979E+01   0.492979E+01
   0.126397E+01   0.491359E+01   0.158580E+00   0.488095E+01   0.488095E+01
   0.126872E+01   0.480482E+01   0.159086E+00   0.483263E+01   0.483263E+01
   0.127346E+01   0.486852E+01   0.156932E+00   0.478480E+01   0.478480E+01
   0.127820E+01   0.466921E+01   0.151544E+00   0.473747E+01   0.473747E+01
   0.128295E+01   0.467997E+01   0.148105E+00   0.469062E+01   0.469062E+01
   0.128769E+01   0.464103E+01   0.145835E+00   0.464426E+01   0.464426E+01
   0.129243E+01   0.460342E+01   0.144311E+00   0.459838E+01   0.459838E+01
   0.129717E+01   0.446197E+01   0.142630E+00   0.455297E+01   0.455297E+01
   0.130192E+01   0.434288E+01   0.141239E+00   0.450803E+01   0.450803E+01
   0.130666E+01   0.445848E+01   0.140202E+00   0.446355E+01   0.446355E+01
   0.131140E+01   0.437139E+01   0.138694E+00   0.441952E+01   0.441952E+01
   0.131614E+01   0.443861E+01   0.138127E+00   0.437594E+01   0.437594E+01
   0.132089E+01   0.426338E+01   0.137147E+00   0.433281E+01   0.433281E+01
   0.132563E+01   0.445120E+01   0.136681E+00   0.429011E+01   0.429011E+01
   0.133037E+01   0.433172E+01   0.136282E+00   0.424785E+01   0.424785E+01
   0.133512E+01   0.417920E+01   0.135863E+00   0.420602E+01   0.420602E+01
   0.133986E+01   0.417342E+01   0.135655E+00   0.416462E+01   0.416462E+01
   0.134460E+01   0.407649E+01   0.135294E+00   0.412362E+01   0.412362E+01
   0.134935E+01   0.424262E+01   0.134701E+00   0.408305E+01   0.408305E+01
   0.135409E+01   0.396646E+01   0.134408E+00   0.404288E+01   0.404288E+01
   0.135883E+01   0.364543E+01   0.134228E+00   0.400311E+01   0.400311E+01
   0.136357E+01   0.393743E+01   0.133877E+00   0.396375E+01   0.396375E+01
   0.136832E+01   0.400074E+01   0.133565E+00   0.392478E+01   0.392478E+01
   0.137306E+01   0.405191E+01   0.133642E+00   0.388621E+01   0.388621E+01
   0.137780E+01   0.389229E+01   0.133133E+00   0.384802E+01   0.384802E+01
   0.138254E+01   0.374533E+01   0.132757E+00   0.381020E+01   0.381020E+01
   0.138729E+01   0.388085E+01   0.132564E+00   0.377277E+01   0.377277E+01
   0.139203E+01   0.397251E+01   0.132212E+00   0.373571E+01   0.373571E+01
   0.139677E+01   0.374905E+01   0.131752E+00   0.369902E+01   0.369902E+01
   0.140152E+01   0.353550E+01   0.131472E+00   0.366270E+01   0.366270E+01
   0.140626E+01   0.349322E+01   0.131263E+00   0.362673E+01   0.362673E+01
   0.141100E+01   0.370822E+01   0.131100E+00   0.359113E+01   0.359113E+01
   0.141575E+01   0.334487E+01   0.130634E+00   0.355588E+01   0.355588E+01
   0.142049E+01   0.348117E+01   0.130351E+00   0.352098E+01   0.352098E+01
   0.142523E+01   0.360536E+01   0.130355E+00   0.348642E+01   0.348642E+01
   0.142997E+01   0.359979E+01   0.129957E+00   0.345221E+01   0.345221E+01
   0.143472E+01   0.317577E+01   0.129707E+00   0.341833E+01   0.341833E+01
   0.143946E+01   0.330160E+01   0.129601E+00   0.338480E+01   0.338480E+01
   0.144420E+01   0.335482E+01   0.129211E+00   0.335160E+01   0.335160E+01
   0.144894E+01   0.323678E+01   0.128835E+00   0.331872E+01   0.331872E+01
   0.145369E+01   0.318214E+01   0.128757E+00   0.328617E+01   0.328617E+01
   0.145843E+01   0.331571E+01   0.128515E+00   0.325394E+01   0.325394E+01
   0.146317E+01   0.324290E+01   0.128245E+00   0.322203E+01   0.322203E+01
   0.146792E+01   0.322144E+01   0.128026E+00   0.319044E+01   0.319044E+01
   0.147266E+01   0.310489E+01   0.127516E+00   0.315915E+01   0.315915E+01
   0.147740E+01   0.312988E+01   0.127527E+00   0.312819E+01   0.312819E+01
   0.148215E+01   0.300901E+01   0.127135E+00   0.309753E+01   0.309753E+01
   0.148689E+01   0.297683E+01   0.127123E+00   0.306717E+01   0.306717E+01
   0.149163E+01   0.294028E+01   0.127048E+00   0.303711E+01   0.303711E+01
   0.149637E+01   0.299076E+01   0.126737E+00   0.300735E+01   0.300735E+01
   0.150112E+01   0.303030E+01   0.126759E+00   0.297789E+01   0.297789E+01
   0.150586E+01   0.310357E+01   0.129266E+00   0.294872E+01   0.294872E+01
   0.151060E+01   0.303844E+01   0.132660E+00   0.291984E+01   0.291984E+01
   0.151534E+01   0.295781E+01   0.134797E+00   0.289126E+01   0.289126E+01
   0.152009E+01   0.292325E+01   0.136453E+00   0.286295E+01   0.286295E+01
   0.152483E+01   0.279088E+01   0.137815E+00   0.283492E+01   0.283492E+01
   0.152957E+01   0.283662E+01   0.139010E+00   0.280718E+01   0.280718E+01
   0.153432E+01   0.273733E+01   0.135576E+00   0.277971E+01   0.277971E+01
   0.153906E+01   0.267057E+01   0.133445E+00   0.275252E+01   0.275252E+01
   0.154380E+01   0.280235E+01   0.131563E+00   0.272560E+01   0.272560E+01
   0.154855E+01   0.265207E+01   0.130036E+00   0.269896E+01   0.269896E+01
   0.155329E+01   0.259467E+01   0.128908E+00   0.267258E+01   0.267258E+01
   0.155803E+01   0.272424E+01   0.127777E+00   0.264646E+01   0.264646E+01
   0.156277E+01   0.277314E+01   0.126206E+00   0.262061E+01   0.262061E+01
   0.156752E+01   0.260650E+01   0.125063E+00   0.259502E+01   0.259502E+01
   0.157226E+01   0.263421E+01   0.124413E+00   0.256969E+01   0.256969E+01
   0.157700E+01   0.265835E+01   0.123827E+00   0.254461E+01   0.254461E+01
   0.158175E+01   0.259603E+01   0.123520E+00   0.251979E+01   0.251979E+01
   0.158649E+01   0.254407E+01   0.123345E+00   0.249522E+01   0.249522E+01
   0.159123E+01   0.247877E+01   0.123675E+00   0.247090E+01   0.247090E+01
   0.159597E+01   0.233417E+01   0.123638E+00   0.244683E+01   0.244683E+01
   0.160072E+01   0.255072E+01   0.123766E+00   0.242300E+01   0.242300E+01
   0.160546E+01   0.233346E+01   0.123510E+00   0.239942E+01   0.239942E+01
   0.161020E+01   0.227872E+01   0.123286E+00   0.237608E+01   0.237608E+01
   0.161495E+01   0.240441E+01   0.123151E+00   0.235298E+01   0.235298E+01
   0.161969E+01   0.227144E+01   0.122967E+00   0.233012E+01   0.233012E+01
   0.162443E+01   0.235728E+01   0.122897E+00   0.230749E+01   0.230749E+01
   0.162917E+01   0.232606E+01   0.122474E+00   0.228509E+01   0.228509E+01
   0.163392E+01   0.230719E+01   0.122156E+00   0.226293E+01   0.226293E+01
   0.163866E+01   0.223899E+01   0.122192E+00   0.224099E+01   0.224099E+01
   0.164340E+01   0.223322E+01   0.121910E+00   0.221929E+01   0.221929E+01
   0.164815E+01   0.222174E+01   0.121714E+00   0.219780E+01   0.219780E+01
   0.165289E+01   0.210976E+01   0.121461E+00   0.217655E+01   0.217655E+01
   0.165763E+01   0.220461E+01   0.121219E+00   0.215551E+01   0.215551E+01
   0.166237E+01   0.222766E+01   0.121092E+00   0.213470E+01   0.213470E+01
   0.166712E+01   0.219162E+01   0.120818E+00   0.211410E+01   0.211410E+01
   0.167186E+01   0.195384E+01   0.120423E+00   0.209371E+01   0.209371E+01
   0.167660E+01   0.202373E+01   0.120243E+00   0.207355E+01   0.207355E+01
   0.168135E+01   0.201360E+01   0.120267E+00   0.205359E+01   0.205359E+01
   0.168609E+01   0.199221E+01   0.119886E+00   0.203384E+01   0.203384E+01
   0.169083E+01   0.201207E+01   0.119735E+00   0.201431E+01   0.201431E+01
   0.169557E+01   0.195706E+01   0.119533E+00   0.199498E+01   0.199498E+01
   0.170032E+01   0.205422E+01   0.119409E+00   0.197585E+01   0.197585E+01
   0.170506E+01   0.179916E+01   0.119233E+00   0.195693E+01   0.195693E+01
   0.170980E+01   0.189735E+01   0.119215E+00   0.193820E+01   0.193820E+01
   0.171455E+01   0.194946E+01   0.119013E+00   0.191968E+01   0.191968E+01
   0.171929E+01   0.200258E+01   0.118676E+00   0.190135E+01   0.190135E+01
   0.172403E+01   0.194713E+01   0.118613E+00   0.188323E+01   0.188323E+01
   0.172877E+01   0.177383E+01   0.118341E+00   0.186529E+01   0.186529E+01
   0.173352E+01   0.189768E+01   0.118055E+00   0.184755E+01   0.184755E+01
   0.173826E+01   0.184860E+01   0.117825E+00   0.182999E+01   0.182999E+01
   0.174300E+01   0.171312E+01   0.117712E+00   0.181263E+01   0.181263E+01
   0.174775E+01   0.176560E+01   0.117710E+00   0.179545E+01   0.179545E+01
   0.175249E+01   0.186358E+01   0.117585E+00   0.177846E+01   0.177846E+01
   0.175723E+01   0.177895E+01   0.117254E+00   0.176165E+01   0.176165E+01
   0.176197E+01   0.177304E+01   0.117085E+00   0.174502E+01   0.174502E+01
   0.176672E+01   0.159743E+01   0.116807E+00   0.172857E+01   0.172857E+01
   0.177146E+01   0.172998E+01   0.116703E+00   0.171230E+01   0.171230E+01
   0.177620E+01   0.176367E+01   0.116512E+00   0.169620E+01   0.169620E+01
   0.178095E+01   0.171005E+01   0.116545E+00   0.168028E+01   0.168028E+01
   0.178569E+01   0.171517E+01   0.116164E+00   0.166454E+01   0.166454E+01
   0.179043E+01   0.157066E+01   0.116010E+00   0.164896E+01   0.164896E+01
   0.179517E+01   0.172391E+01   0.115905E+00   0.163355E+01   0.163355E+01
   0.179992E+01   0.161091E+01   0.115667E+00   0.161832E+01   0.161832E+01
   0.180466E+01   0.163466E+01   0.115540E+00   0.160324E+01   0.160324E+01
   0.180940E+01   0.154871E+01   0.115557E+00   0.158833E+01   0.158833E+01
   0.181415E+01   0.153223E+01   0.115206E+00   0.157359E+01   0.157359E+01
   0.181889E+01   0.152491E+01   0.115056E+00   0.155900E+01   0.155900E+01
   0.182363E+01   0.147028E+01   0.114879E+00   0.154457E+01   0.154457E+01
   0.182838E+01   0.152947E+01   0.114915E+00   0.153030E+01   0.153030E+01
   0.183312E+01   0.155173E+01   0.114687E+00   0.151619E+01   0.151619E+01
   0.183786E+01   0.161545E+01   0.114543E+00   0.150224E+01   0.150224E+01
   0.184260E+01   0.130672E+01   0.114253E+00   0.148843E+01   0.148843E+01
   0.184735E+01   0.143942E+01   0.114226E+00   0.147478E+01   0.147478E+01
   0.185209E+01   0.145532E+01   0.114073E+00   0.146127E+01   0.146127E+01
   0.185683E+01   0.137363E+01   0.113838E+00   0.144791E+01   0.144791E+01
   0.186157E+01   0.145872E+01   0.113838E+00   0.143470E+01   0.143470E+01
   0.186632E+01   0.138319E+01   0.113500E+00   0.142164E+01   0.142164E+01
   0.187106E+01   0.153654E+01   0.113456E+00   0.140872E+01   0.140872E+01
   0.187580E+01   0.139684E+01   0.113308E+00   0.139593E+01   0.139593E+01
   0.188055E+01   0.142724E+01   0.113125E+00   0.138329E+01   0.138329E+01
   0.188529E+01   0.135166E+01   0.113007E+00   0.137079E+01   0.137079E+01
   0.189003E+01   0.137454E+01   0.112896E+00   0.135842E+01   0.135842E+01
   0.189478E+01   0.133322E+01   0.112540E+00   0.134619E+01   0.134619E+01
   0.189952E+01   0.135767E+01   0.112390E+00   0.133410E+01   0.133410E+01
   0.190426E+01   0.142754E+01   0.112422E+00   0.132213E+01   0.132213E+01
   0.190900E+01   0.137563E+01   0.112115E+00   0.131030E+01   0.131030E+01
   0.191375E+01   0.118681E+01   0.111871E+00   0.129860E+01   0.129860E+01
   0.191849E+01   0.126562E+01   0.111914E+00   0.128702E+01   0.128702E+01
   0.192323E+01   0.122900E+01   0.111809E+00   0.127557E+01   0.127557E+01
   0.192797E+01   0.123205E+01   0.111541E+00   0.126425E+01   0.126425E+01
   0.193272E+01   0.125006E+01   0.111455E+00   0.125305E+01   0.125305E+01
   0.193746E+01   0.125162E+01   0.111189E+00   0.124198E+01   0.124198E+01
   0.194220E+01   0.112041E+01   0.110818E+00   0.123102E+01   0.123102E+01
   0.194695E+01   0.115942E+01   0.110381E+00   0.122019E+01   0.122019E+01
   0.195169E+01   0.118293E+01   0.110267E+00   0.120947E+01   0.120947E+01
   0.195643E+01   0.128361E+01   0.110103E+00   0.119887E+01   0.119887E+01
   0.196117E+01   0.119680E+01   0.110011E+00   0.118838E+01   0.118838E+01
   0.196592E+01   0.102380E+01   0.109875E+00   0.117801E+01   0.117801E+01
   0.197066E+01   0.111784E+01   0.109730E+00   0.116776E+01   0.116776E+01
   0.197540E+01   0.105481E+01   0.109679E+00   0.115761E+01   0.115761E+01
   0.198015E+01   0.103972E+01   0.109666E+00   0.114758E+01   0.114758E+01
   0.198489E+01   0.986834E+00   0.109660E+00   0.113765E+01   0.113765E+01
   0.198963E+01   0.117610E+01   0.109705E+00   0.112783E+01   0.112783E+01
   0.199438E+01   0.110788E+01   0.109666E+00   0.111812E+01   0.111812E+01
   0.199912E+01   0.117803E+01   0.109570E+00   0.110852E+01   0.110852E+01
   0.200386E+01   0.103401E+01   0.109351E+00   0.109902E+01   0.109902E+01
   0.200860E+01   0.985313E+00   0.109383E+00   0.108963E+01   0.108963E+01
   0.201335E+01   0.100964E+01   0.110264E+00   0.108033E+01   0.108033E+01
   0.201809E+01   0.101257E+01   0.113332E+00   0.107114E+01   0.107114E+01
   0.202283E+01   0.109529E+01   0.115168E+00   0.106205E+01   0.106205E+01
   0.202758E+01   0.109586E+01   0.116621E+00   0.105305E+01   0.105305E+01
   0.203232E+01   0.103390E+01   0.117885E+00   0.104416E+01   0.104416E+01
   0.203706E+01   0.112045E+01   0.118900E+00   0.103536E+01   0.103536E+01
   0.204180E+01   0.102901E+01   0.119891E+00   0.102666E+01   0.102666E+01
   0.204655E+01   0.880580E+00   0.120185E+00   0.101805E+01   0.101805E+01
   0.205129E+01   0.950458E+00   0.120536E+00   0.100954E+01   0.100954E+01
   0.205603E+01   0.102705E+01   0.121023E+00   0.100112E+01   0.100112E+01
   0.206078E+01   0.103250E+01   0.121377E+00   0.992790E+00   0.992790E+00
   0.206552E+01   0.943553E+00   0.121405E+00   0.984552E+00   0.984552E+00
   0.207026E+01   0.976415E+00   0.121594E+00   0.976404E+00   0.976404E+00
   0.207500E+01   0.889506E+00   0.121924E+00   0.968347E+00   0.968347E+00
   0.207975E+01   0.866620E+00   0.119538E+00   0.960377E+00   0.960377E+00
   0.208449E+01   0.932214E+00   0.116455E+00   0.952493E+00   0.952493E+00
   0.208923E+01   0.107345E+01   0.114822E+00   0.944696E+00   0.944696E+00
   0.209397E+01   0.860247E+00   0.113448E+00   0.936985E+00   0.936985E+00
   0.209872E+01   0.917646E+00   0.112323E+00   0.929360E+00   0.929360E+00
   0.210346E+01   0.906026E+00   0.111388E+00   0.921817E+00   0.921817E+00
   0.210820E+01   0.956765E+00   0.110666E+00   0.914358E+00   0.914358E+00
   0.211295E+01   0.957136E+00   0.110369E+00   0.906983E+00   0.906983E+00
   0.211769E+01   0.912828E+00   0.110045E+00   0.899688E+00   0.899688E+00
   0.212243E+01   0.750710E+00   0.109869E+00   0.892473E+00   0.892473E+00
   0.212717E+01   0.864688E+00   0.109572E+00   0.885339E+00   0.885339E+00
   0.213192E+01   0.847321E+00   0.109274E+00   0.878284E+00   0.878284E+00
   0.213666E+01   0.767990E+00   0.109163E+00   0.871308E+00   0.871308E+00
   0.214140E+01   0.905427E+00   0.108988E+00   0.864410E+00   0.864410E+00
   0.214615E+01   0.779027E+00   0.108628E+00   0.857590E+00   0.857590E+00
   0.215089E+01   0.931103E+00   0.108549E+00   0.850845E+00   0.850845E+00
   0.215563E+01   0.775649E+00   0.108270E+00   0.844178E+00   0.844178E+00
   0.216038E+01   0.563918E+00   0.108020E+00   0.837584E+00   0.837584E+00
   0.216512E+01   0.707485E+00   0.107899E+00   0.831065E+00   0.831065E+00
   0.216986E+01   0.690462E+00   0.107695E+00   0.824620E+00   0.824620E+00
   0.217460E+01   0.826220E+00   0.107516E+00   0.818249E+00   0.818249E+00
   0.217935E+01   0.865165E+00   0.107488E+00   0.811951E+00   0.811951E+00
   0.218409E+01   0.699128E+00   0.107146E+00   0.805725E+00   0.805725E+00
   0.218883E+01   0.803837E+00   0.107089E+00   0.799571E+00   0.799571E+00
   0.219358E+01   0.617113E+00   0.106895E+00   0.793487E+00   0.793487E+00
   0.219832E+01   0.683130E+00   0.106725E+00   0.787474E+00   0.787474E+00
   0.220306E+01   0.734804E+00   0.106680E+00   0.781530E+00   0.781530E+00
   0.220780E+01   0.675757E+00   0.106414E+00   0.775656E+00   0.775656E+00
   0.221255E+01   0.663356E+00   0.106348E+00   0.769851E+00   0.769851E+00
   0.221729E+01   0.741213E+00   0.106120E+00   0.764115E+00   0.764115E+00
   0.222203E+01   0.763756E+00   0.106092E+00   0.758446E+00   0.758446E+00
   0.222677E+01   0.716872E+00   0.105842E+00   0.752844E+00   0.752844E+00
   0.223152E+01   0.595457E+00   0.105553E+00   0.747309E+00   0.747309E+00
   0.223626E+01   0.729630E+00   0.105481E+00   0.741840E+00   0.741840E+00
   0.224100E+01   0.719258E+00   0.105445E+00   0.736437E+00   0.736437E+00
   0.224575E+01   0.703869E+00   0.105209E+00   0.731099E+00   0.731099E+00
   0.225049E+01   0.780797E+00   0.105108E+00   0.725825E+00   0.725825E+00
   0.225523E+01   0.786207E+00   0.105090E+00   0.720618E+00   0.720618E+00
   0.225997E+01   0.775730E+00   0.104898E+00   0.715473E+00   0.715473E+00
   0.226472E+01   0.742297E+00   0.104688E+00   0.710391E+00   0.710391E+00
   0.226946E+01   0.672284E+00   0.104582E+00   0.705374E+00   0.705374E+00
   0.227420E+01   0.627731E+00   0.104442E+00   0.700416E+00   0.700416E+00
   0.227895E+01   0.609929E+00   0.104162E+00   0.695522E+00   0.695522E+00
   0.228369E+01   0.631707E+00   0.104177E+00   0.690689E+00   0.690689E+00
   0.228843E+01   0.631331E+00   0.104120E+00   0.685919E+00   0.685919E+00
   0.229318E+01   0.748499E+00   0.104046E+00   0.681208E+00   0.681208E+00
   0.229792E+01   0.728996E+00   0.103825E+00   0.676557E+00   0.676557E+00
   0.230266E+01   0.695810E+00   0.103667E+00   0.671967E+00   0.671967E+00
   0.230740E+01   0.571621E+00   0.103418E+00   0.667435E+00   0.667435E+00
   0.231215E+01   0.651669E+00   0.103403E+00   0.662962E+00   0.662962E+00
   0.231689E+01   0.628266E+00   0.103308E+00   0.658548E+00   0.658548E+00
   0.232163E+01   0.499080E+00   0.103197E+00   0.654193E+00   0.654193E+00
   0.232638E+01   0.569007E+00   0.102994E+00   0.649894E+00   0.649894E+00
   0.233112E+01   0.652417E+00   0.102873E+00   0.645653E+00   0.645653E+00
   0.233586E+01   0.637681E+00   0.102935E+00   0.641468E+00   0.641468E+00
   0.234060E+01   0.699867E+00   0.102852E+00   0.637340E+00   0.637340E+00
   0.234535E+01   0.687753E+00   0.102581E+00   0.633267E+00   0.633267E+00
   0.235009E+01   0.658380E+00   0.102526E+00   0.629250E+00   0.629250E+00
   0.235483E+01   0.532570E+00   0.102453E+00   0.625288E+00   0.625288E+00
   0.235957E+01   0.515026E+00   0.102403E+00   0.621381E+00   0.621381E+00
   0.236432E+01   0.427123E+00   0.102091E+00   0.617527E+00   0.617527E+00
   0.236906E+01   0.674416E+00   0.102176E+00   0.613727E+00   0.613727E+00
   0.237380E+01   0.709504E+00   0.102102E+00   0.609980E+00   0.609980E+00
   0.237855E+01   0.570607E+00   0.101773E+00   0.606285E+00   0.606285E+00
   0.238329E+01   0.534293E+00   0.101631E+00   0.602647E+00   0.602647E+00
   0.238803E+01   0.469805E+00   0.101529E+00   0.599053E+00   0.599053E+00
   0.239277E+01   0.463280E+00   0.101497E+00   0.595515E+00   0.595515E+00
   0.239752E+01   0.484284E+00   0.101367E+00   0.592027E+00   0.592027E+00
   0.240226E+01   0.451397E+00   0.101173E+00   0.588589E+00   0.588589E+00
   0.240700E+01   0.572366E+00   0.101097E+00   0.585201E+00   0.585201E+00
   0.241175E+01   0.605274E+00   0.101051E+00   0.581863E+00   0.581863E+00
   0.241649E+01   0.619722E+00   0.101014E+00   0.578573E+00   0.578573E+00
   0.242123E+01   0.606728E+00   0.100764E+00   0.575332E+00   0.575332E+00
   0.242598E+01   0.506816E+00   0.100669E+00   0.572139E+00   0.572139E+00
   0.243072E+01   0.654283E+00   0.100660E+00   0.568994E+00   0.568994E+00
   0.243546E+01   0.438831E+00   0.100524E+00   0.565895E+00   0.565895E+00
   0.244020E+01   0.500773E+00   0.100506E+00   0.562843E+00   0.562843E+00
   0.244495E+01   0.377133E+00   0.100332E+00   0.559837E+00   0.559837E+00
   0.244969E+01   0.518653E+00   0.100229E+00   0.556876E+00   0.556876E+00
   0.245443E+01   0.574256E+00   0.100071E+00   0.553960E+00   0.553960E+00
   0.245918E+01   0.478548E+00   0.100017E+00   0.551088E+00   0.551088E+00
   0.246392E+01   0.504691E+00   0.998959E-01   0.548261E+00   0.548261E+00
   0.246866E+01   0.569951E+00   0.998701E-01   0.545477E+00   0.545477E+00
   0.247340E+01   0.465866E+00   0.997992E-01   0.542735E+00   0.542735E+00
   0.247815E+01   0.385961E+00   0.996111E-01   0.540036E+00   0.540036E+00
   0.248289E+01   0.564081E+00   0.995287E-01   0.537379E+00   0.537379E+00
   0.248763E+01   0.553877E+00   0.992179E-01   0.534762E+00   0.534762E+00
   0.249238E+01   0.478472E+00   0.991630E-01   0.532186E+00   0.532186E+00
   0.249712E+01   0.569600E+00   0.990438E-01   0.529652E+00   0.529652E+00
   0.250186E+01   0.620038E+00   0.990204E-01   0.527155E+00   0.527155E+00
   0.250660E+01   0.526948E+00   0.989252E-01   0.524698E+00   0.524698E+00
   0.251135E+01   0.476796E+00   0.989549E-01   0.522279E+00   0.522279E+00
   0.251609E+01   0.474560E+00   0.986578E-01   0.519898E+00   0.519898E+00
   0.252083E+01   0.543224E+00   0.985059E-01   0.517554E+00   0.517554E+00
   0.252558E+01   0.493903E+00   0.982179E-01   0.515246E+00   0.515246E+00
   0.253032E+01   0.409634E+00   0.979975E-01   0.512975E+00   0.512975E+00
   0.253506E+01   0.535077E+00   0.980083E-01   0.510740E+00   0.510740E+00
   0.253980E+01   0.557173E+00   0.979568E-01   0.508539E+00   0.508539E+00
   0.254455E+01   0.504687E+00   0.978209E-01   0.506372E+00   0.506372E+00
   0.254929E+01   0.552720E+00   0.977237E-01   0.504240E+00   0.504240E+00
   0.255403E+01   0.501544E+00   0.976381E-01   0.502140E+00   0.502140E+00
   0.255878E+01   0.509064E+00   0.975815E-01   0.500073E+00   0.500073E+00
   0.256352E+01   0.472810E+00   0.975128E-01   0.498037E+00   0.498037E+00
   0.256826E+01   0.557744E+00   0.975977E-01   0.496034E+00   0.496034E+00
   0.257300E+01   0.328272E+00   0.973881E-01   0.494060E+00   0.494060E+00
   0.257775E+01   0.380345E+00   0.973398E-01   0.492117E+00   0.492117E+00
   0.258249E+01   0.472897E+00   0.974036E-01   0.490203E+00   0.490203E+00
   0.258723E+01   0.582451E+00   0.972932E-01   0.488318E+00   0.488318E+00
   0.259198E+01   0.611179E+00   0.972954E-01   0.486461E+00   0.486461E+00
   0.259672E+01   0.467957E+00   0.972633E-01   0.484632E+00   0.484632E+00
   0.260146E+01   0.461694E+00   0.970549E-01   0.482830E+00   0.482830E+00
   0.260620E+01   0.460829E+00   0.971053E-01   0.481054E+00   0.481054E+00
   0.261095E+01   0.456642E+00   0.968771E-01   0.479304E+00   0.479304E+00
   0.261569E+01   0.483419E+00   0.967533E-01   0.477581E+00   0.477581E+00
   0.262043E+01   0.551269E+00   0.966794E-01   0.475881E+00   0.475881E+00
   0.262518E+01   0.497298E+00   0.967895E-01   0.474206E+00   0.474206E+00
   0.262992E+01   0.482935E+00   0.965792E-01   0.472553E+00   0.472553E+00
   0.263466E+01   0.451281E+00   0.964146E-01   0.470924E+00   0.470924E+00
   0.263940E+01   0.455402E+00   0.965486E-01   0.469317E+00   0.469317E+00
   0.264415E+01   0.310476E+00   0.962497E-01   0.467731E+00   0.467731E+00
   0.264889E+01   0.407762E+00   0.961324E-01   0.466166E+00   0.466166E+00
   0.265363E+01   0.488435E+00   0.961474E-01   0.464622E+00   0.464622E+00
   0.265838E+01   0.407374E+00   0.960590E-01   0.463098E+00   0.463098E+00
   0.266312E+01   0.385695E+00   0.958635E-01   0.461593E+00   0.461593E+00
   0.266786E+01   0.435469E+00   0.957383E-01   0.460106E+00   0.460106E+00
   0.267260E+01   0.453802E+00   0.957884E-01   0.458638E+00   0.458638E+00
   0.267735E+01   0.386220E+00   0.957812E-01   0.457188E+00   0.457188E+00
   0.268209E+01   0.409387E+00   0.956952E-01   0.455754E+00   0.455754E+00
   0.268683E+01   0.562044E+00   0.956271E-01   0.454336E+00   0.454336E+00
   0.269158E+01   0.439626E+00   0.954525E-01   0.452935E+00   0.452935E+00
   0.269632E+01   0.364923E+00   0.953378E-01   0.451549E+00   0.451549E+00
   0.270106E+01   0.468064E+00   0.952120E-01   0.450177E+00   0.450177E+00
   0.270580E+01   0.585078E+00   0.952638E-01   0.448820E+00   0.448820E+00
   0.271055E+01   0.480149E+00   0.951287E-01   0.447477E+00   0.447477E+00
   0.271529E+01   0.475816E+00   0.950404E-01   0.446147E+00   0.446147E+00
   0.272003E+01   0.473110E+00   0.949639E-01   0.444831E+00   0.444831E+00
   0.272478E+01   0.423028E+00   0.947406E-01   0.443523E+00   0.443523E+00
   0.272952E+01   0.411528E+00   0.947565E-01   0.442230E+00   0.442230E+00
   0.273426E+01   0.369204E+00   0.947173E-01   0.440947E+00   0.440947E+00
   0.273901E+01   0.411895E+00   0.945795E-01   0.439675E+00   0.439675E+00
   0.274375E+01   0.393269E+00   0.943988E-01   0.438414E+00   0.438414E+00
   0.274849E+01   0.282741E+00   0.943926E-01   0.437162E+00   0.437162E+00
   0.275323E+01   0.416531E+00   0.944040E-01   0.435919E+00   0.435919E+00
   0.275798E+01   0.463639E+00   0.941946E-01   0.434685E+00   0.434685E+00
   0.276272E+01   0.446457E+00   0.941842E-01   0.433459E+00   0.433459E+00
   0.276746E+01   0.464216E+00   0.941643E-01   0.432241E+00   0.432241E+00
   0.277221E+01   0.431841E+00   0.940634E-01   0.431030E+00   0.431030E+00
   0.277695E+01   0.299541E+00   0.939165E-01   0.429827E+00   0.429827E+00
   0.278169E+01   0.410625E+00   0.937922E-01   0.428631E+00   0.428631E+00
   0.278643E+01   0.273224E+00   0.937063E-01   0.427440E+00   0.427440E+00
   0.279118E+01   0.361599E+00   0.937528E-01   0.426255E+00   0.426255E+00
   0.279592E+01   0.303348E+00   0.936179E-01   0.425076E+00   0.425076E+00
   0.280066E+01   0.349344E+00   0.935587E-01   0.423902E+00   0.423902E+00
   0.280540E+01   0.424193E+00   0.934671E-01   0.422733E+00   0.422733E+00
   0.281015E+01   0.381109E+00   0.935614E-01   0.421568E+00   0.421568E+00
   0.281489E+01   0.427991E+00   0.936014E-01   0.420407E+00   0.420407E+00
   0.281963E+01   0.405029E+00   0.953897E-01   0.419250E+00   0.419250E+00
   0.282438E+01   0.544121E+00   0.972644E-01   0.418096E+00   0.418096E+00
   0.282912E+01   0.480336E+00   0.984075E-01   0.416946E+00   0.416946E+00
   0.283386E+01   0.510194E+00   0.992724E-01   0.415800E+00   0.415800E+00
   0.283860E+01   0.421129E+00   0.100047E+00   0.414652E+00   0.414652E+00
   0.284335E+01   0.439687E+00   0.100532E+00   0.413510E+00   0.413510E+00
   0.284809E+01   0.270687E+00   0.100784E+00   0.412369E+00   0.412369E+00
   0.285283E+01   0.364360E+00   0.101237E+00   0.411230E+00   0.411230E+00
   0.285758E+01   0.419608E+00   0.101443E+00   0.410092E+00   0.410092E+00
   0.286232E+01   0.442855E+00   0.101817E+00   0.408955E+00   0.408955E+00
   0.286706E+01   0.551551E+00   0.101993E+00   0.407820E+00   0.407820E+00
   0.287181E+01   0.434901E+00   0.102172E+00   0.406685E+00   0.406685E+00
   0.287655E+01   0.527086E+00   0.102359E+00   0.405551E+00   0.405551E+00
   0.288129E+01   0.404941E+00   0.102015E+00   0.404418E+00   0.404418E+00
   0.288603E+01   0.335722E+00   0.995198E-01   0.403285E+00   0.403285E+00
   0.289078E+01   0.395242E+00   0.978427E-01   0.402151E+00   0.402151E+00
   0.289552E+01   0.528624E+00   0.967297E-01   0.401018E+00   0.401018E+00
   0.290026E+01   0.464753E+00   0.957548E-01   0.399885E+00   0.399885E+00
   0.290501E+01   0.332780E+00   0.952728E-01   0.398751E+00   0.398751E+00
   0.290975E+01   0.358314E+00   0.950552E-01   0.397617E+00   0.397617E+00
   0.291449E+01   0.373432E+00   0.948192E-01   0.396483E+00   0.396483E+00
   0.291923E+01   0.419767E+00   0.945678E-01   0.395348E+00   0.395348E+00
   0.292398E+01   0.378142E+00   0.943830E-01   0.394212E+00   0.394212E+00
   0.292872E+01   0.450964E+00   0.943333E-01   0.393075E+00   0.393075E+00
   0.293346E+01   0.506815E+00   0.941639E-01   0.391937E+00   0.391937E+00
   0.293820E+01   0.479201E+00   0.940146E-01   0.390799E+00   0.390799E+00
   0.294295E+01   0.408953E+00   0.938030E-01   0.389659E+00   0.389659E+00
   0.294769E+01   0.372565E+00   0.935831E-01   0.388519E+00   0.388519E+00
   0.295243E+01   0.373741E+00   0.935445E-01   0.387376E+00   0.387376E+00
   0.295718E+01   0.566122E+00   0.933985E-01   0.386234E+00   0.386234E+00
   0.296192E+01   0.383693E+00   0.931691E-01   0.385090E+00   0.385090E+00
   0.296666E+01   0.391340E+00   0.930705E-01   0.383945E+00   0.383945E+00
   0.297140E+01   0.429360E+00   0.929326E-01   0.382799E+00   0.382799E+00
   0.297615E+01   0.353286E+00   0.928665E-01   0.381652E+00   0.381652E+00
   0.298089E+01   0.317976E+00   0.926766E-01   0.380504E+00   0.380504E+00
   0.298563E+01   0.400094E+00   0.925216E-01   0.379355E+00   0.379355E+00
   0.299038E+01   0.340427E+00   0.924506E-01   0.378205E+00   0.378205E+00
   0.299512E+01   0.390895E+00   0.923793E-01   0.377054E+00   0.377054E+00
   0.299986E+01   0.405647E+00   0.923006E-01   0.375902E+00   0.375902E+00

           ####      Real Space Data                               ####

           Distance distribution  function of particle  


      R          P(R)      ERROR

  0.0000E+00  0.0000E+00  0.0000E+00
  0.4159E-01  0.1159E-01  0.2902E-03
  0.8317E-01  0.2408E-01  0.5373E-03
  0.1248E+00  0.3747E-01  0.7420E-03
  0.1663E+00  0.5174E-01  0.9056E-03
  0.2079E+00  0.6688E-01  0.1030E-02
  0.2495E+00  0.8287E-01  0.1116E-02
  0.2911E+00  0.9967E-01  0.1168E-02
  0.3327E+00  0.1172E+00  0.1187E-02
  0.3743E+00  0.1356E+00  0.1178E-02
  0.4159E+00  0.1546E+00  0.1145E-02
  0.4575E+00  0.1743E+00  0.1093E-02
  0.4990E+00  0.1946E+00  0.1027E-02
  0.5406E+00  0.2154E+00  0.9555E-03
  0.5822E+00  0.2368E+00  0.8876E-03
  0.6238E+00  0.2586E+00  0.8343E-03
  0.6654E+00  0.2807E+00  0.8073E-03
  0.7070E+00  0.3032E+00  0.8149E-03
  0.7486E+00  0.3259E+00  0.8595E-03
  0.7902E+00  0.3489E+00  0.9359E-03
  0.8317E+00  0.3719E+00  0.1035E-02
  0.8733E+00  0.3949E+00  0.1148E-02
  0.9149E+00  0.4179E+00  0.1266E-02
  0.9565E+00  0.4409E+00  0.1383E-02
  0.9981E+00  0.4636E+00  0.1494E-02
  0.1040E+01  0.4861E+00  0.1594E-02
  0.1081E+01  0.5083E+00  0.1682E-02
  0.1123E+01  0.5301E+00  0.1754E-02
  0.1164E+01  0.5515E+00  0.1810E-02
  0.1206E+01  0.5723E+00  0.1848E-02
  0.1248E+01  0.5926E+00  0.1868E-02
  0.1289E+01  0.6123E+00  0.1871E-02
  0.1331E+01  0.6313E+00  0.1856E-02
  0.1372E+01  0.6496E+00  0.1825E-02
  0.1414E+01  0.6670E+00  0.1781E-02
  0.1456E+01  0.6837E+00  0.1725E-02
  0.1497E+01  0.6995E+00  0.1661E-02
  0.1539E+01  0.7143E+00  0.1594E-02
  0.1580E+01  0.7283E+00  0.1526E-02
  0.1622E+01  0.7412E+00  0.1465E-02
  0.1663E+01  0.7532E+00  0.1417E-02
  0.1705E+01  0.7642E+00  0.1385E-02
  0.1747E+01  0.7741E+00  0.1377E-02
  0.1788E+01  0.7830E+00  0.1393E-02
  0.1830E+01  0.7908E+00  0.1434E-02
  0.1871E+01  0.7976E+00  0.1497E-02
  0.1913E+01  0.8034E+00  0.1579E-02
  0.1955E+01  0.8081E+00  0.1673E-02
  0.1996E+01  0.8118E+00  0.1776E-02
  0.2038E+01  0.8145E+00  0.1881E-02
  0.2079E+01  0.8162E+00  0.1985E-02
  0.2121E+01  0.8169E+00  0.2085E-02
  0.2163E+01  0.8167E+00  0.2177E-02
  0.2204E+01  0.8155E+00  0.2258E-02
  0.2246E+01  0.8135E+00  0.2329E-02
  0.2287E+01  0.8106E+00  0.2386E-02
  0.2329E+01  0.8069E+00  0.2431E-02
  0.2370E+01  0.8025E+00  0.2461E-02
  0.2412E+01  0.7973E+00  0.2479E-02
  0.2454E+01  0.7914E+00  0.2484E-02
  0.2495E+01  0.7849E+00  0.2477E-02
  0.2537E+01  0.7777E+00  0.2461E-02
  0.2578E+01  0.7700E+00  0.2437E-02
  0.2620E+01  0.7618E+00  0.2408E-02
  0.2662E+01  0.7532E+00  0.2376E-02
  0.2703E+01  0.7441E+00  0.2343E-02
  0.2745E+01  0.7346E+00  0.2313E-02
  0.2786E+01  0.7248E+00  0.2289E-02
  0.2828E+01  0.7147E+00  0.2271E-02
  0.2870E+01  0.7044E+00  0.2263E-02
  0.2911E+01  0.6939E+00  0.2266E-02
  0.2953E+01  0.6832E+00  0.2279E-02
  0.2994E+01  0.6724E+00  0.2303E-02
  0.3036E+01  0.6615E+00  0.2337E-02
  0.3077E+01  0.6506E+00  0.2377E-02
  0.3119E+01  0.6396E+00  0.2424E-02
  0.3161E+01  0.6286E+00  0.2473E-02
  0.3202E+01  0.6177E+00  0.2523E-02
  0.3244E+01  0.6068E+00  0.2572E-02
  0.3285E+01  0.5960E+00  0.2617E-02
  0.3327E+01  0.5853E+00  0.2656E-02
  0.3369E+01  0.5747E+00  0.2690E-02
  0.3410E+01  0.5643E+00  0.2715E-02
  0.3452E+01  0.5540E+00  0.2733E-02
  0.3493E+01  0.5438E+00  0.2742E-02
  0.3535E+01  0.5338E+00  0.2745E-02
  0.3577E+01  0.5240E+00  0.2740E-02
  0.3618E+01  0.5144E+00  0.2730E-02
  0.3660E+01  0.5049E+00  0.2716E-02
  0.3701E+01  0.4956E+00  0.2701E-02
  0.3743E+01  0.4864E+00  0.2686E-02
  0.3784E+01  0.4775E+00  0.2675E-02
  0.3826E+01  0.4687E+00  0.2669E-02
  0.3868E+01  0.4600E+00  0.2671E-02
  0.3909E+01  0.4515E+00  0.2683E-02
  0.3951E+01  0.4431E+00  0.2706E-02
  0.3992E+01  0.4349E+00  0.2741E-02
  0.4034E+01  0.4267E+00  0.2789E-02
  0.4076E+01  0.4187E+00  0.2848E-02
  0.4117E+01  0.4108E+00  0.2917E-02
  0.4159E+01  0.4030E+00  0.2994E-02
  0.4200E+01  0.3953E+00  0.3078E-02
  0.4242E+01  0.3876E+00  0.3166E-02
  0.4283E+01  0.3800E+00  0.3255E-02
  0.4325E+01  0.3725E+00  0.3344E-02
  0.4367E+01  0.3650E+00  0.3429E-02
  0.4408E+01  0.3575E+00  0.3508E-02
  0.4450E+01  0.3501E+00  0.3581E-02
  0.4491E+01  0.3427E+00  0.3645E-02
  0.4533E+01  0.3353E+00  0.3698E-02
  0.4575E+01  0.3279E+00  0.3740E-02
  0.4616E+01  0.3206E+00  0.3771E-02
  0.4658E+01  0.3133E+00  0.3789E-02
  0.4699E+01  0.3059E+00  0.3795E-02
  0.4741E+01  0.2986E+00  0.3790E-02
  0.4783E+01  0.2913E+00  0.3772E-02
  0.4824E+01  0.2841E+00  0.3745E-02
  0.4866E+01  0.2768E+00  0.3707E-02
  0.4907E+01  0.2696E+00  0.3662E-02
  0.4949E+01  0.2624E+00  0.3610E-02
  0.4990E+01  0.2552E+00  0.3554E-02
  0.5032E+01  0.2481E+00  0.3495E-02
  0.5074E+01  0.2410E+00  0.3436E-02
  0.5115E+01  0.2339E+00  0.3378E-02
  0.5157E+01  0.2270E+00  0.3324E-02
  0.5198E+01  0.2201E+00  0.3276E-02
  0.5240E+01  0.2132E+00  0.3236E-02
  0.5282E+01  0.2065E+00  0.3206E-02
  0.5323E+01  0.1998E+00  0.3186E-02
  0.5365E+01  0.1933E+00  0.3178E-02
  0.5406E+01  0.1868E+00  0.3182E-02
  0.5448E+01  0.1805E+00  0.3198E-02
  0.5490E+01  0.1743E+00  0.3226E-02
  0.5531E+01  0.1682E+00  0.3264E-02
  0.5573E+01  0.1622E+00  0.3311E-02
  0.5614E+01  0.1564E+00  0.3367E-02
  0.5656E+01  0.1508E+00  0.3429E-02
  0.5697E+01  0.1453E+00  0.3496E-02
  0.5739E+01  0.1399E+00  0.3566E-02
  0.5781E+01  0.1347E+00  0.3639E-02
  0.5822E+01  0.1297E+00  0.3713E-02
  0.5864E+01  0.1248E+00  0.3786E-02
  0.5905E+01  0.1201E+00  0.3859E-02
  0.5947E+01  0.1156E+00  0.3930E-02
  0.5989E+01  0.1112E+00  0.3998E-02
  0.6030E+01  0.1070E+00  0.4063E-02
  0.6072E+01  0.1030E+00  0.4125E-02
  0.6113E+01  0.9906E-01  0.4183E-02
  0.6155E+01  0.9531E-01  0.4237E-02
  0.6197E+01  0.9172E-01  0.4288E-02
  0.6238E+01  0.8827E-01  0.4334E-02
  0.6280E+01  0.8497E-01  0.4376E-02
  0.6321E+01  0.8179E-01  0.4414E-02
  0.6363E+01  0.7875E-01  0.4448E-02
  0.6404E+01  0.7583E-01  0.4478E-02
  0.6446E+01  0.7302E-01  0.4504E-02
  0.6488E+01  0.7032E-01  0.4526E-02
  0.6529E+01  0.6773E-01  0.4545E-02
  0.6571E+01  0.6522E-01  0.4560E-02
  0.6612E+01  0.6281E-01  0.4572E-02
  0.6654E+01  0.6047E-01  0.4580E-02
  0.6696E+01  0.5821E-01  0.4584E-02
  0.6737E+01  0.5601E-01  0.4585E-02
  0.6779E+01  0.5387E-01  0.4582E-02
  0.6820E+01  0.5177E-01  0.4576E-02
  0.6862E+01  0.4972E-01  0.4564E-02
  0.6903E+01  0.4771E-01  0.4548E-02
  0.6945E+01  0.4573E-01  0.4527E-02
  0.6987E+01  0.4377E-01  0.4500E-02
  0.7028E+01  0.4183E-01  0.4465E-02
  0.7070E+01  0.3990E-01  0.4423E-02
  0.7111E+01  0.3797E-01  0.4371E-02
  0.7153E+01  0.3605E-01  0.4310E-02
  0.7195E+01  0.3413E-01  0.4236E-02
  0.7236E+01  0.3219E-01  0.4149E-02
  0.7278E+01  0.3025E-01  0.4046E-02
  0.7319E+01  0.2828E-01  0.3927E-02
  0.7361E+01  0.2630E-01  0.3789E-02
  0.7403E+01  0.2430E-01  0.3630E-02
  0.7444E+01  0.2227E-01  0.3449E-02
  0.7486E+01  0.2021E-01  0.3244E-02
  0.7527E+01  0.1812E-01  0.3012E-02
  0.7569E+01  0.1599E-01  0.2752E-02
  0.7610E+01  0.1383E-01  0.2461E-02
  0.7652E+01  0.1163E-01  0.2139E-02
  0.7694E+01  0.9395E-02  0.1784E-02
  0.7735E+01  0.7113E-02  0.1394E-02
  0.7777E+01  0.4788E-02  0.9673E-03
  0.7818E+01  0.2417E-02  0.5030E-03
  0.7860E+01  0.0000E+00  0.0000E+00
