
           ####      G N O M             Version 5.0 (r13469)      ####
                                               Wed Dec 15 15:09:57 2021

           ####      Configuration                                 ####

    System Type:                   arbitrary monodisperse (job = 0)
    Minimum characteristic size:         0.0000
    Maximum characteristic size:         5.9700
    rad56:                               0.0000
    Force 0.0 at r = rmin:                  yes
    Force 0.0 at r = rmax:                  yes
    Initial alpha:                       0.0000
    Initial random seed:    1433477114553970004
    Points in real space:                   190

    Input  1:                      temp-inp.dat
    First data point used:                    1
    Last data point used:                   570
    Scaling coefficient:             0.1000E+01
    Experimental setup:            point collimation



           ####      Results                                       ####

    Parameter    DISCRP  OSCILL  STABIL  SYSDEV  POSITV  VALCEN  SMOOTH
    Weight        1.000   3.000   3.000   3.000   1.000   1.000   1.000
    Sigma         0.300   0.600   0.120   0.120   0.120   0.120   0.600
    Ideal         0.700   1.100   0.000   1.000   1.000   0.950   0.000
    Current       0.705   1.154   0.015   0.668   1.000   0.895   3.332
               --------------------------------------------------------
    Estimate      1.000   0.992   0.984   0.000   1.000   0.808   0.000

    Angular range:                       0.3012 to       2.9999
    Reciprocal space Rg:             0.2096E+01
    Reciprocal space I(0):           0.3130E+02

    Real space range:                    0.0000 to       5.9700
    Real space Rg:                   0.2100E+01 +-   0.3734E-02
    Real space I(0):                 0.3130E+02 +-   0.5804E-01

    Highest ALPHA (theor):           0.1994E+02
    Current ALPHA:                   0.1256E+02

    Total Estimate:                      0.6721 (a REASONABLE solution)



           ####      Experimental Data and Fit                     ####

      S          J EXP       ERROR       J REG       I REG

   0.000000E+00                                                0.313047E+02
   0.107561E-01                                                0.312994E+02
   0.215123E-01                                                0.312834E+02
   0.322684E-01                                                0.312568E+02
   0.430246E-01                                                0.312196E+02
   0.537807E-01                                                0.311718E+02
   0.645368E-01                                                0.311136E+02
   0.752930E-01                                                0.310449E+02
   0.860491E-01                                                0.309658E+02
   0.968053E-01                                                0.308764E+02
   0.107561E+00                                                0.307769E+02
   0.118318E+00                                                0.306673E+02
   0.129074E+00                                                0.305477E+02
   0.139830E+00                                                0.304182E+02
   0.150586E+00                                                0.302791E+02
   0.161342E+00                                                0.301305E+02
   0.172098E+00                                                0.299724E+02
   0.182854E+00                                                0.298052E+02
   0.193611E+00                                                0.296289E+02
   0.204367E+00                                                0.294437E+02
   0.215123E+00                                                0.292499E+02
   0.225879E+00                                                0.290476E+02
   0.236635E+00                                                0.288371E+02
   0.247391E+00                                                0.286185E+02
   0.258147E+00                                                0.283922E+02
   0.268903E+00                                                0.281583E+02
   0.279660E+00                                                0.279170E+02
   0.290416E+00                                                0.276687E+02
   0.301172E+00   0.276979E+02   0.195631E+00   0.274135E+02   0.274135E+02
   0.305915E+00   0.275105E+02   0.193918E+00   0.272989E+02   0.272989E+02
   0.310658E+00   0.274097E+02   0.191758E+00   0.271830E+02   0.271830E+02
   0.315400E+00   0.273756E+02   0.190307E+00   0.270659E+02   0.270659E+02
   0.320143E+00   0.271024E+02   0.188446E+00   0.269476E+02   0.269476E+02
   0.324886E+00   0.268607E+02   0.186286E+00   0.268280E+02   0.268280E+02
   0.329629E+00   0.268611E+02   0.184860E+00   0.267074E+02   0.267074E+02
   0.334372E+00   0.266210E+02   0.183232E+00   0.265856E+02   0.265856E+02
   0.339115E+00   0.267853E+02   0.183845E+00   0.264626E+02   0.264626E+02
   0.343858E+00   0.265836E+02   0.186262E+00   0.263386E+02   0.263386E+02
   0.348601E+00   0.263689E+02   0.190633E+00   0.262135E+02   0.262135E+02
   0.353343E+00   0.264427E+02   0.193680E+00   0.260873E+02   0.260873E+02
   0.358086E+00   0.264358E+02   0.195837E+00   0.259601E+02   0.259601E+02
   0.362829E+00   0.261274E+02   0.197524E+00   0.258319E+02   0.258319E+02
   0.367572E+00   0.259833E+02   0.198982E+00   0.257028E+02   0.257028E+02
   0.372315E+00   0.257723E+02   0.200020E+00   0.255727E+02   0.255727E+02
   0.377058E+00   0.255450E+02   0.200992E+00   0.254416E+02   0.254416E+02
   0.381801E+00   0.257066E+02   0.202020E+00   0.253097E+02   0.253097E+02
   0.386543E+00   0.252648E+02   0.202562E+00   0.251768E+02   0.251768E+02
   0.391286E+00   0.251600E+02   0.203013E+00   0.250431E+02   0.250431E+02
   0.396029E+00   0.251553E+02   0.204039E+00   0.249086E+02   0.249086E+02
   0.400772E+00   0.249010E+02   0.204706E+00   0.247733E+02   0.247733E+02
   0.405515E+00   0.248497E+02   0.211773E+00   0.246372E+02   0.246372E+02
   0.410258E+00   0.246169E+02   0.216898E+00   0.245003E+02   0.245003E+02
   0.415001E+00   0.245014E+02   0.221435E+00   0.243627E+02   0.243627E+02
   0.419744E+00   0.246025E+02   0.224636E+00   0.242244E+02   0.242244E+02
   0.424486E+00   0.242104E+02   0.227500E+00   0.240854E+02   0.240854E+02
   0.429229E+00   0.240586E+02   0.230460E+00   0.239458E+02   0.239458E+02
   0.433972E+00   0.241233E+02   0.233746E+00   0.238055E+02   0.238055E+02
   0.438715E+00   0.239762E+02   0.237429E+00   0.236646E+02   0.236646E+02
   0.443458E+00   0.238441E+02   0.240765E+00   0.235231E+02   0.235231E+02
   0.448201E+00   0.236580E+02   0.244216E+00   0.233810E+02   0.233810E+02
   0.452944E+00   0.234256E+02   0.247668E+00   0.232384E+02   0.232384E+02
   0.457686E+00   0.232292E+02   0.250231E+00   0.230953E+02   0.230953E+02
   0.462429E+00   0.230408E+02   0.252472E+00   0.229517E+02   0.229517E+02
   0.467172E+00   0.229702E+02   0.250949E+00   0.228077E+02   0.228077E+02
   0.471915E+00   0.229909E+02   0.241617E+00   0.226632E+02   0.226632E+02
   0.476658E+00   0.224758E+02   0.236112E+00   0.225183E+02   0.225183E+02
   0.481401E+00   0.225852E+02   0.232734E+00   0.223730E+02   0.223730E+02
   0.486144E+00   0.223014E+02   0.229487E+00   0.222273E+02   0.222273E+02
   0.490887E+00   0.220292E+02   0.227849E+00   0.220813E+02   0.220813E+02
   0.495629E+00   0.220438E+02   0.225801E+00   0.219350E+02   0.219350E+02
   0.500372E+00   0.219396E+02   0.224431E+00   0.217883E+02   0.217883E+02
   0.505115E+00   0.215460E+02   0.222882E+00   0.216414E+02   0.216414E+02
   0.509858E+00   0.212958E+02   0.221071E+00   0.214943E+02   0.214943E+02
   0.514601E+00   0.210705E+02   0.219642E+00   0.213469E+02   0.213469E+02
   0.519344E+00   0.209428E+02   0.218487E+00   0.211994E+02   0.211994E+02
   0.524087E+00   0.209532E+02   0.217250E+00   0.210516E+02   0.210516E+02
   0.528829E+00   0.208932E+02   0.216182E+00   0.209037E+02   0.209037E+02
   0.533572E+00   0.206690E+02   0.214389E+00   0.207557E+02   0.207557E+02
   0.538315E+00   0.205347E+02   0.212528E+00   0.206076E+02   0.206076E+02
   0.543058E+00   0.201860E+02   0.210092E+00   0.204593E+02   0.204593E+02
   0.547801E+00   0.201528E+02   0.209087E+00   0.203110E+02   0.203110E+02
   0.552544E+00   0.200782E+02   0.207490E+00   0.201627E+02   0.201627E+02
   0.557287E+00   0.200878E+02   0.206083E+00   0.200144E+02   0.200144E+02
   0.562029E+00   0.196710E+02   0.204589E+00   0.198660E+02   0.198660E+02
   0.566772E+00   0.192971E+02   0.202468E+00   0.197177E+02   0.197177E+02
   0.571515E+00   0.191614E+02   0.201530E+00   0.195694E+02   0.195694E+02
   0.576258E+00   0.191340E+02   0.200170E+00   0.194212E+02   0.194212E+02
   0.581001E+00   0.190257E+02   0.198966E+00   0.192731E+02   0.192731E+02
   0.585744E+00   0.188718E+02   0.197856E+00   0.191251E+02   0.191251E+02
   0.590487E+00   0.189717E+02   0.197366E+00   0.189773E+02   0.189773E+02
   0.595230E+00   0.188154E+02   0.196713E+00   0.188296E+02   0.188296E+02
   0.599972E+00   0.184155E+02   0.196259E+00   0.186820E+02   0.186820E+02
   0.604715E+00   0.182858E+02   0.195579E+00   0.185347E+02   0.185347E+02
   0.609458E+00   0.179854E+02   0.194274E+00   0.183876E+02   0.183876E+02
   0.614201E+00   0.180217E+02   0.193900E+00   0.182407E+02   0.182407E+02
   0.618944E+00   0.179223E+02   0.193336E+00   0.180940E+02   0.180940E+02
   0.623687E+00   0.176365E+02   0.192461E+00   0.179477E+02   0.179477E+02
   0.628430E+00   0.176024E+02   0.191895E+00   0.178016E+02   0.178016E+02
   0.633173E+00   0.175696E+02   0.191113E+00   0.176558E+02   0.176558E+02
   0.637915E+00   0.175944E+02   0.190646E+00   0.175104E+02   0.175104E+02
   0.642658E+00   0.172588E+02   0.189935E+00   0.173653E+02   0.173653E+02
   0.647401E+00   0.171147E+02   0.189182E+00   0.172206E+02   0.172206E+02
   0.652144E+00   0.170484E+02   0.188682E+00   0.170763E+02   0.170763E+02
   0.656887E+00   0.169880E+02   0.188188E+00   0.169324E+02   0.169324E+02
   0.661630E+00   0.163477E+02   0.186969E+00   0.167889E+02   0.167889E+02
   0.666373E+00   0.164995E+02   0.186910E+00   0.166458E+02   0.166458E+02
   0.671115E+00   0.163013E+02   0.186217E+00   0.165032E+02   0.165032E+02
   0.675858E+00   0.160062E+02   0.185424E+00   0.163610E+02   0.163610E+02
   0.680601E+00   0.159266E+02   0.184938E+00   0.162194E+02   0.162194E+02
   0.685344E+00   0.160114E+02   0.184403E+00   0.160782E+02   0.160782E+02
   0.690087E+00   0.156335E+02   0.183258E+00   0.159376E+02   0.159376E+02
   0.694830E+00   0.157493E+02   0.183108E+00   0.157975E+02   0.157975E+02
   0.699573E+00   0.155925E+02   0.182721E+00   0.156579E+02   0.156579E+02
   0.704315E+00   0.153321E+02   0.182239E+00   0.155189E+02   0.155189E+02
   0.709058E+00   0.152596E+02   0.181531E+00   0.153805E+02   0.153805E+02
   0.713801E+00   0.148526E+02   0.180603E+00   0.152427E+02   0.152427E+02
   0.718544E+00   0.148353E+02   0.180024E+00   0.151055E+02   0.151055E+02
   0.723287E+00   0.150031E+02   0.179863E+00   0.149689E+02   0.149689E+02
   0.728030E+00   0.150360E+02   0.179634E+00   0.148330E+02   0.148330E+02
   0.732773E+00   0.146189E+02   0.178672E+00   0.146977E+02   0.146977E+02
   0.737515E+00   0.144904E+02   0.177936E+00   0.145630E+02   0.145630E+02
   0.742258E+00   0.143767E+02   0.177576E+00   0.144291E+02   0.144291E+02
   0.747001E+00   0.140668E+02   0.177020E+00   0.142958E+02   0.142958E+02
   0.751744E+00   0.140201E+02   0.176456E+00   0.141632E+02   0.141632E+02
   0.756487E+00   0.136851E+02   0.175533E+00   0.140313E+02   0.140313E+02
   0.761230E+00   0.135897E+02   0.175308E+00   0.139002E+02   0.139002E+02
   0.765973E+00   0.135953E+02   0.174806E+00   0.137698E+02   0.137698E+02
   0.770716E+00   0.133862E+02   0.173920E+00   0.136401E+02   0.136401E+02
   0.775459E+00   0.133726E+02   0.173608E+00   0.135112E+02   0.135112E+02
   0.780201E+00   0.134015E+02   0.173269E+00   0.133830E+02   0.133830E+02
   0.784944E+00   0.131153E+02   0.172766E+00   0.132556E+02   0.132556E+02
   0.789687E+00   0.129722E+02   0.172111E+00   0.131290E+02   0.131290E+02
   0.794430E+00   0.128297E+02   0.171754E+00   0.130032E+02   0.130032E+02
   0.799173E+00   0.129508E+02   0.171185E+00   0.128782E+02   0.128782E+02
   0.803916E+00   0.123713E+02   0.170294E+00   0.127540E+02   0.127540E+02
   0.808658E+00   0.125546E+02   0.170212E+00   0.126306E+02   0.126306E+02
   0.813401E+00   0.123709E+02   0.169844E+00   0.125080E+02   0.125080E+02
   0.818144E+00   0.123725E+02   0.169383E+00   0.123863E+02   0.123863E+02
   0.822887E+00   0.121351E+02   0.168768E+00   0.122654E+02   0.122654E+02
   0.827630E+00   0.120123E+02   0.168048E+00   0.121454E+02   0.121454E+02
   0.832373E+00   0.118621E+02   0.167416E+00   0.120262E+02   0.120262E+02
   0.837116E+00   0.116204E+02   0.166968E+00   0.119078E+02   0.119078E+02
   0.841859E+00   0.117286E+02   0.166500E+00   0.117904E+02   0.117904E+02
   0.846601E+00   0.117894E+02   0.166277E+00   0.116738E+02   0.116738E+02
   0.851344E+00   0.116498E+02   0.165831E+00   0.115581E+02   0.115581E+02
   0.856087E+00   0.114329E+02   0.165244E+00   0.114433E+02   0.114433E+02
   0.860830E+00   0.112156E+02   0.164553E+00   0.113293E+02   0.113293E+02
   0.865573E+00   0.112934E+02   0.164542E+00   0.112163E+02   0.112163E+02
   0.870316E+00   0.110440E+02   0.163949E+00   0.111042E+02   0.111042E+02
   0.875059E+00   0.110543E+02   0.163463E+00   0.109929E+02   0.109929E+02
   0.879802E+00   0.109016E+02   0.162913E+00   0.108826E+02   0.108826E+02
   0.884544E+00   0.106420E+02   0.162694E+00   0.107732E+02   0.107732E+02
   0.889287E+00   0.108299E+02   0.162358E+00   0.106647E+02   0.106647E+02
   0.894030E+00   0.104934E+02   0.161650E+00   0.105571E+02   0.105571E+02
   0.898773E+00   0.103339E+02   0.161157E+00   0.104504E+02   0.104504E+02
   0.903516E+00   0.103063E+02   0.160758E+00   0.103446E+02   0.103446E+02
   0.908259E+00   0.104527E+02   0.160421E+00   0.102398E+02   0.102398E+02
   0.913002E+00   0.992821E+01   0.159913E+00   0.101359E+02   0.101359E+02
   0.917744E+00   0.100582E+02   0.159532E+00   0.100329E+02   0.100329E+02
   0.922487E+00   0.100763E+02   0.159223E+00   0.993086E+01   0.993086E+01
   0.927230E+00   0.995763E+01   0.158539E+00   0.982974E+01   0.982974E+01
   0.931973E+00   0.981508E+01   0.158235E+00   0.972954E+01   0.972954E+01
   0.936716E+00   0.962100E+01   0.157853E+00   0.963028E+01   0.963028E+01
   0.941459E+00   0.937889E+01   0.157263E+00   0.953195E+01   0.953195E+01
   0.946202E+00   0.941442E+01   0.156998E+00   0.943454E+01   0.943454E+01
   0.950944E+00   0.926585E+01   0.156445E+00   0.933807E+01   0.933807E+01
   0.955687E+00   0.929458E+01   0.156071E+00   0.924253E+01   0.924253E+01
   0.960430E+00   0.922125E+01   0.155737E+00   0.914792E+01   0.914792E+01
   0.965173E+00   0.922220E+01   0.155431E+00   0.905423E+01   0.905423E+01
   0.969916E+00   0.923864E+01   0.155234E+00   0.896147E+01   0.896147E+01
   0.974659E+00   0.894313E+01   0.154804E+00   0.886964E+01   0.886964E+01
   0.979402E+00   0.885844E+01   0.154409E+00   0.877873E+01   0.877873E+01
   0.984144E+00   0.875237E+01   0.153675E+00   0.868875E+01   0.868875E+01
   0.988887E+00   0.884312E+01   0.153407E+00   0.859968E+01   0.859968E+01
   0.993630E+00   0.862262E+01   0.153149E+00   0.851154E+01   0.851154E+01
   0.998373E+00   0.839023E+01   0.152809E+00   0.842431E+01   0.842431E+01
   0.100312E+01   0.838473E+01   0.152421E+00   0.833799E+01   0.833799E+01
   0.100786E+01   0.864542E+01   0.152227E+00   0.825257E+01   0.825257E+01
   0.101260E+01   0.864107E+01   0.151815E+00   0.816807E+01   0.816807E+01
   0.101734E+01   0.821841E+01   0.151180E+00   0.808447E+01   0.808447E+01
   0.102209E+01   0.802226E+01   0.150727E+00   0.800178E+01   0.800178E+01
   0.102683E+01   0.803397E+01   0.150587E+00   0.791997E+01   0.791997E+01
   0.103157E+01   0.802830E+01   0.150058E+00   0.783906E+01   0.783906E+01
   0.103632E+01   0.772898E+01   0.149621E+00   0.775903E+01   0.775903E+01
   0.104106E+01   0.776735E+01   0.149469E+00   0.767989E+01   0.767989E+01
   0.104580E+01   0.764946E+01   0.149249E+00   0.760162E+01   0.760162E+01
   0.105055E+01   0.773074E+01   0.148981E+00   0.752423E+01   0.752423E+01
   0.105529E+01   0.760880E+01   0.148398E+00   0.744773E+01   0.744773E+01
   0.106003E+01   0.747316E+01   0.148104E+00   0.737208E+01   0.737208E+01
   0.106477E+01   0.764428E+01   0.147809E+00   0.729728E+01   0.729728E+01
   0.106952E+01   0.718767E+01   0.147122E+00   0.722334E+01   0.722334E+01
   0.107426E+01   0.710895E+01   0.146894E+00   0.715025E+01   0.715025E+01
   0.107900E+01   0.721102E+01   0.146903E+00   0.707800E+01   0.707800E+01
   0.108374E+01   0.722851E+01   0.146445E+00   0.700659E+01   0.700659E+01
   0.108849E+01   0.714360E+01   0.146245E+00   0.693601E+01   0.693601E+01
   0.109323E+01   0.665202E+01   0.145917E+00   0.686627E+01   0.686627E+01
   0.109797E+01   0.689181E+01   0.145468E+00   0.679734E+01   0.679734E+01
   0.110272E+01   0.661776E+01   0.145180E+00   0.672922E+01   0.672922E+01
   0.110746E+01   0.676779E+01   0.144924E+00   0.666190E+01   0.666190E+01
   0.111220E+01   0.686241E+01   0.144626E+00   0.659539E+01   0.659539E+01
   0.111695E+01   0.668788E+01   0.144066E+00   0.652967E+01   0.652967E+01
   0.112169E+01   0.665381E+01   0.143816E+00   0.646474E+01   0.646474E+01
   0.112643E+01   0.627829E+01   0.143641E+00   0.640060E+01   0.640060E+01
   0.113117E+01   0.648266E+01   0.143264E+00   0.633723E+01   0.633723E+01
   0.113592E+01   0.644712E+01   0.142909E+00   0.627462E+01   0.627462E+01
   0.114066E+01   0.626662E+01   0.142672E+00   0.621276E+01   0.621276E+01
   0.114540E+01   0.620736E+01   0.142369E+00   0.615167E+01   0.615167E+01
   0.115014E+01   0.627689E+01   0.141911E+00   0.609131E+01   0.609131E+01
   0.115489E+01   0.627596E+01   0.141541E+00   0.603170E+01   0.603170E+01
   0.115963E+01   0.613500E+01   0.141394E+00   0.597281E+01   0.597281E+01
   0.116437E+01   0.613162E+01   0.141017E+00   0.591466E+01   0.591466E+01
   0.116912E+01   0.601320E+01   0.140811E+00   0.585721E+01   0.585721E+01
   0.117386E+01   0.577363E+01   0.140502E+00   0.580047E+01   0.580047E+01
   0.117860E+01   0.587927E+01   0.140153E+00   0.574443E+01   0.574443E+01
   0.118335E+01   0.586064E+01   0.139996E+00   0.568908E+01   0.568908E+01
   0.118809E+01   0.582856E+01   0.139564E+00   0.563442E+01   0.563442E+01
   0.119283E+01   0.563538E+01   0.139339E+00   0.558043E+01   0.558043E+01
   0.119757E+01   0.556266E+01   0.139122E+00   0.552712E+01   0.552712E+01
   0.120232E+01   0.557194E+01   0.138827E+00   0.547446E+01   0.547446E+01
   0.120706E+01   0.559827E+01   0.139391E+00   0.542246E+01   0.542246E+01
   0.121180E+01   0.568309E+01   0.143600E+00   0.537110E+01   0.537110E+01
   0.121654E+01   0.544161E+01   0.146673E+00   0.532037E+01   0.532037E+01
   0.122129E+01   0.544165E+01   0.148829E+00   0.527028E+01   0.527028E+01
   0.122603E+01   0.544965E+01   0.150355E+00   0.522080E+01   0.522080E+01
   0.123077E+01   0.529390E+01   0.151725E+00   0.517194E+01   0.517194E+01
   0.123552E+01   0.536159E+01   0.153212E+00   0.512370E+01   0.512370E+01
   0.124026E+01   0.508750E+01   0.154458E+00   0.507604E+01   0.507604E+01
   0.124500E+01   0.503177E+01   0.155926E+00   0.502896E+01   0.502896E+01
   0.124975E+01   0.528452E+01   0.157460E+00   0.498247E+01   0.498247E+01
   0.125449E+01   0.516454E+01   0.158524E+00   0.493655E+01   0.493655E+01
   0.125923E+01   0.499481E+01   0.158768E+00   0.489120E+01   0.489120E+01
   0.126397E+01   0.503785E+01   0.159087E+00   0.484640E+01   0.484640E+01
   0.126872E+01   0.497162E+01   0.159059E+00   0.480216E+01   0.480216E+01
   0.127346E+01   0.490774E+01   0.157347E+00   0.475845E+01   0.475845E+01
   0.127820E+01   0.495038E+01   0.151947E+00   0.471527E+01   0.471527E+01
   0.128295E+01   0.483049E+01   0.148573E+00   0.467262E+01   0.467262E+01
   0.128769E+01   0.485787E+01   0.146444E+00   0.463048E+01   0.463048E+01
   0.129243E+01   0.458567E+01   0.144490E+00   0.458885E+01   0.458885E+01
   0.129717E+01   0.456538E+01   0.142898E+00   0.454772E+01   0.454772E+01
   0.130192E+01   0.469478E+01   0.141709E+00   0.450709E+01   0.450709E+01
   0.130666E+01   0.456273E+01   0.140612E+00   0.446694E+01   0.446694E+01
   0.131140E+01   0.466683E+01   0.139494E+00   0.442726E+01   0.442726E+01
   0.131614E+01   0.455867E+01   0.138483E+00   0.438805E+01   0.438805E+01
   0.132089E+01   0.434905E+01   0.137481E+00   0.434931E+01   0.434931E+01
   0.132563E+01   0.436205E+01   0.137325E+00   0.431102E+01   0.431102E+01
   0.133037E+01   0.441505E+01   0.136863E+00   0.427317E+01   0.427317E+01
   0.133512E+01   0.443018E+01   0.136247E+00   0.423576E+01   0.423576E+01
   0.133986E+01   0.437664E+01   0.135935E+00   0.419880E+01   0.419880E+01
   0.134460E+01   0.419333E+01   0.135468E+00   0.416224E+01   0.416224E+01
   0.134935E+01   0.417265E+01   0.135320E+00   0.412611E+01   0.412611E+01
   0.135409E+01   0.421192E+01   0.135082E+00   0.409038E+01   0.409038E+01
   0.135883E+01   0.410036E+01   0.134369E+00   0.405506E+01   0.405506E+01
   0.136357E+01   0.404702E+01   0.134266E+00   0.402012E+01   0.402012E+01
   0.136832E+01   0.400757E+01   0.133987E+00   0.398558E+01   0.398558E+01
   0.137306E+01   0.378926E+01   0.133584E+00   0.395143E+01   0.395143E+01
   0.137780E+01   0.398629E+01   0.133272E+00   0.391764E+01   0.391764E+01
   0.138254E+01   0.395628E+01   0.133040E+00   0.388421E+01   0.388421E+01
   0.138729E+01   0.398056E+01   0.132862E+00   0.385115E+01   0.385115E+01
   0.139203E+01   0.381780E+01   0.132473E+00   0.381844E+01   0.381844E+01
   0.139677E+01   0.389958E+01   0.132140E+00   0.378608E+01   0.378608E+01
   0.140152E+01   0.390724E+01   0.132132E+00   0.375405E+01   0.375405E+01
   0.140626E+01   0.369452E+01   0.131642E+00   0.372236E+01   0.372236E+01
   0.141100E+01   0.390872E+01   0.131542E+00   0.369101E+01   0.369101E+01
   0.141575E+01   0.369596E+01   0.131070E+00   0.365996E+01   0.365996E+01
   0.142049E+01   0.368020E+01   0.130822E+00   0.362924E+01   0.362924E+01
   0.142523E+01   0.357408E+01   0.130645E+00   0.359882E+01   0.359882E+01
   0.142997E+01   0.357435E+01   0.130422E+00   0.356870E+01   0.356870E+01
   0.143472E+01   0.358274E+01   0.130080E+00   0.353888E+01   0.353888E+01
   0.143946E+01   0.359534E+01   0.129915E+00   0.350935E+01   0.350935E+01
   0.144420E+01   0.347800E+01   0.129630E+00   0.348011E+01   0.348011E+01
   0.144894E+01   0.339919E+01   0.129317E+00   0.345114E+01   0.345114E+01
   0.145369E+01   0.334813E+01   0.129112E+00   0.342245E+01   0.342245E+01
   0.145843E+01   0.333491E+01   0.128866E+00   0.339403E+01   0.339403E+01
   0.146317E+01   0.337164E+01   0.128658E+00   0.336587E+01   0.336587E+01
   0.146792E+01   0.334336E+01   0.128491E+00   0.333796E+01   0.333796E+01
   0.147266E+01   0.343923E+01   0.128324E+00   0.331031E+01   0.331031E+01
   0.147740E+01   0.326693E+01   0.127929E+00   0.328291E+01   0.328291E+01
   0.148215E+01   0.335460E+01   0.127505E+00   0.325575E+01   0.325575E+01
   0.148689E+01   0.325384E+01   0.127543E+00   0.322883E+01   0.322883E+01
   0.149163E+01   0.297626E+01   0.127219E+00   0.320214E+01   0.320214E+01
   0.149637E+01   0.316207E+01   0.126917E+00   0.317568E+01   0.317568E+01
   0.150112E+01   0.308007E+01   0.127117E+00   0.314944E+01   0.314944E+01
   0.150586E+01   0.295766E+01   0.129483E+00   0.312342E+01   0.312342E+01
   0.151060E+01   0.324379E+01   0.132944E+00   0.309761E+01   0.309761E+01
   0.151534E+01   0.323280E+01   0.134994E+00   0.307202E+01   0.307202E+01
   0.152009E+01   0.296786E+01   0.136815E+00   0.304663E+01   0.304663E+01
   0.152483E+01   0.290476E+01   0.138139E+00   0.302145E+01   0.302145E+01
   0.152957E+01   0.299824E+01   0.139203E+00   0.299646E+01   0.299646E+01
   0.153432E+01   0.297147E+01   0.136139E+00   0.297166E+01   0.297166E+01
   0.153906E+01   0.289612E+01   0.133608E+00   0.294706E+01   0.294706E+01
   0.154380E+01   0.290438E+01   0.132174E+00   0.292265E+01   0.292265E+01
   0.154855E+01   0.258083E+01   0.130483E+00   0.289842E+01   0.289842E+01
   0.155329E+01   0.272240E+01   0.129292E+00   0.287437E+01   0.287437E+01
   0.155803E+01   0.272368E+01   0.128079E+00   0.285049E+01   0.285049E+01
   0.156277E+01   0.255744E+01   0.126484E+00   0.282679E+01   0.282679E+01
   0.156752E+01   0.259521E+01   0.125352E+00   0.280326E+01   0.280326E+01
   0.157226E+01   0.258856E+01   0.124672E+00   0.277990E+01   0.277990E+01
   0.157700E+01   0.278567E+01   0.124136E+00   0.275670E+01   0.275670E+01
   0.158175E+01   0.274749E+01   0.123914E+00   0.273366E+01   0.273366E+01
   0.158649E+01   0.272192E+01   0.123915E+00   0.271079E+01   0.271079E+01
   0.159123E+01   0.270628E+01   0.124067E+00   0.268807E+01   0.268807E+01
   0.159597E+01   0.259040E+01   0.124251E+00   0.266550E+01   0.266550E+01
   0.160072E+01   0.256078E+01   0.124207E+00   0.264308E+01   0.264308E+01
   0.160546E+01   0.246674E+01   0.124033E+00   0.262082E+01   0.262082E+01
   0.161020E+01   0.254701E+01   0.123820E+00   0.259869E+01   0.259869E+01
   0.161495E+01   0.256560E+01   0.123565E+00   0.257672E+01   0.257672E+01
   0.161969E+01   0.248221E+01   0.123247E+00   0.255489E+01   0.255489E+01
   0.162443E+01   0.229120E+01   0.122792E+00   0.253319E+01   0.253319E+01
   0.162917E+01   0.237005E+01   0.122893E+00   0.251164E+01   0.251164E+01
   0.163392E+01   0.234565E+01   0.122469E+00   0.249022E+01   0.249022E+01
   0.163866E+01   0.214995E+01   0.122190E+00   0.246893E+01   0.246893E+01
   0.164340E+01   0.219760E+01   0.122130E+00   0.244778E+01   0.244778E+01
   0.164815E+01   0.249846E+01   0.122131E+00   0.242676E+01   0.242676E+01
   0.165289E+01   0.240561E+01   0.121960E+00   0.240587E+01   0.240587E+01
   0.165763E+01   0.241007E+01   0.121573E+00   0.238512E+01   0.238512E+01
   0.166237E+01   0.220936E+01   0.121183E+00   0.236448E+01   0.236448E+01
   0.166712E+01   0.209167E+01   0.121232E+00   0.234397E+01   0.234397E+01
   0.167186E+01   0.219447E+01   0.121023E+00   0.232359E+01   0.232359E+01
   0.167660E+01   0.226137E+01   0.120734E+00   0.230333E+01   0.230333E+01
   0.168135E+01   0.219848E+01   0.120515E+00   0.228320E+01   0.228320E+01
   0.168609E+01   0.197462E+01   0.120332E+00   0.226318E+01   0.226318E+01
   0.169083E+01   0.202104E+01   0.120047E+00   0.224329E+01   0.224329E+01
   0.169557E+01   0.204481E+01   0.119910E+00   0.222352E+01   0.222352E+01
   0.170032E+01   0.204673E+01   0.119716E+00   0.220387E+01   0.220387E+01
   0.170506E+01   0.212366E+01   0.119523E+00   0.218433E+01   0.218433E+01
   0.170980E+01   0.231581E+01   0.119532E+00   0.216491E+01   0.216491E+01
   0.171455E+01   0.201129E+01   0.119268E+00   0.214561E+01   0.214561E+01
   0.171929E+01   0.210508E+01   0.119119E+00   0.212643E+01   0.212643E+01
   0.172403E+01   0.206144E+01   0.118767E+00   0.210736E+01   0.210736E+01
   0.172877E+01   0.212275E+01   0.118804E+00   0.208841E+01   0.208841E+01
   0.173352E+01   0.197029E+01   0.118577E+00   0.206958E+01   0.206958E+01
   0.173826E+01   0.210814E+01   0.118343E+00   0.205086E+01   0.205086E+01
   0.174300E+01   0.203312E+01   0.118180E+00   0.203225E+01   0.203225E+01
   0.174775E+01   0.204682E+01   0.118053E+00   0.201377E+01   0.201377E+01
   0.175249E+01   0.187366E+01   0.117779E+00   0.199539E+01   0.199539E+01
   0.175723E+01   0.198043E+01   0.117612E+00   0.197713E+01   0.197713E+01
   0.176197E+01   0.193188E+01   0.117547E+00   0.195899E+01   0.195899E+01
   0.176672E+01   0.184947E+01   0.117344E+00   0.194096E+01   0.194096E+01
   0.177146E+01   0.183953E+01   0.117143E+00   0.192305E+01   0.192305E+01
   0.177620E+01   0.176035E+01   0.116930E+00   0.190525E+01   0.190525E+01
   0.178095E+01   0.197998E+01   0.116780E+00   0.188756E+01   0.188756E+01
   0.178569E+01   0.176231E+01   0.116586E+00   0.187000E+01   0.187000E+01
   0.179043E+01   0.174189E+01   0.116287E+00   0.185254E+01   0.185254E+01
   0.179517E+01   0.162278E+01   0.116049E+00   0.183521E+01   0.183521E+01
   0.179992E+01   0.171831E+01   0.115957E+00   0.181799E+01   0.181799E+01
   0.180466E+01   0.167695E+01   0.115867E+00   0.180088E+01   0.180088E+01
   0.180940E+01   0.185171E+01   0.115781E+00   0.178389E+01   0.178389E+01
   0.181415E+01   0.176684E+01   0.115571E+00   0.176702E+01   0.176702E+01
   0.181889E+01   0.170770E+01   0.115450E+00   0.175027E+01   0.175027E+01
   0.182363E+01   0.171402E+01   0.115215E+00   0.173364E+01   0.173364E+01
   0.182838E+01   0.177282E+01   0.115234E+00   0.171712E+01   0.171712E+01
   0.183312E+01   0.163755E+01   0.114876E+00   0.170072E+01   0.170072E+01
   0.183786E+01   0.157893E+01   0.114760E+00   0.168445E+01   0.168445E+01
   0.184260E+01   0.150030E+01   0.114681E+00   0.166829E+01   0.166829E+01
   0.184735E+01   0.162212E+01   0.114521E+00   0.165225E+01   0.165225E+01
   0.185209E+01   0.159937E+01   0.114466E+00   0.163633E+01   0.163633E+01
   0.185683E+01   0.148102E+01   0.114163E+00   0.162054E+01   0.162054E+01
   0.186157E+01   0.164545E+01   0.114074E+00   0.160486E+01   0.160486E+01
   0.186632E+01   0.154071E+01   0.113821E+00   0.158931E+01   0.158931E+01
   0.187106E+01   0.139582E+01   0.113653E+00   0.157389E+01   0.157389E+01
   0.187580E+01   0.150547E+01   0.113550E+00   0.155858E+01   0.155858E+01
   0.188055E+01   0.146953E+01   0.113282E+00   0.154340E+01   0.154340E+01
   0.188529E+01   0.147282E+01   0.113374E+00   0.152835E+01   0.152835E+01
   0.189003E+01   0.135043E+01   0.113131E+00   0.151342E+01   0.151342E+01
   0.189478E+01   0.155092E+01   0.112971E+00   0.149862E+01   0.149862E+01
   0.189952E+01   0.155190E+01   0.112655E+00   0.148394E+01   0.148394E+01
   0.190426E+01   0.147037E+01   0.112744E+00   0.146939E+01   0.146939E+01
   0.190900E+01   0.143184E+01   0.112617E+00   0.145497E+01   0.145497E+01
   0.191375E+01   0.158696E+01   0.112304E+00   0.144068E+01   0.144068E+01
   0.191849E+01   0.148957E+01   0.112162E+00   0.142651E+01   0.142651E+01
   0.192323E+01   0.137829E+01   0.112011E+00   0.141248E+01   0.141248E+01
   0.192797E+01   0.125989E+01   0.111818E+00   0.139857E+01   0.139857E+01
   0.193272E+01   0.129029E+01   0.111771E+00   0.138480E+01   0.138480E+01
   0.193746E+01   0.137854E+01   0.111297E+00   0.137116E+01   0.137116E+01
   0.194220E+01   0.127231E+01   0.110851E+00   0.135765E+01   0.135765E+01
   0.194695E+01   0.129097E+01   0.110704E+00   0.134428E+01   0.134428E+01
   0.195169E+01   0.145504E+01   0.110624E+00   0.133103E+01   0.133103E+01
   0.195643E+01   0.135339E+01   0.110454E+00   0.131792E+01   0.131792E+01
   0.196117E+01   0.148016E+01   0.110357E+00   0.130494E+01   0.130494E+01
   0.196592E+01   0.130780E+01   0.110105E+00   0.129210E+01   0.129210E+01
   0.197066E+01   0.119592E+01   0.109964E+00   0.127939E+01   0.127939E+01
   0.197540E+01   0.122477E+01   0.109990E+00   0.126682E+01   0.126682E+01
   0.198015E+01   0.120266E+01   0.109962E+00   0.125438E+01   0.125438E+01
   0.198489E+01   0.126334E+01   0.110044E+00   0.124207E+01   0.124207E+01
   0.198963E+01   0.121083E+01   0.109983E+00   0.122991E+01   0.122991E+01
   0.199438E+01   0.132255E+01   0.109997E+00   0.121788E+01   0.121788E+01
   0.199912E+01   0.125979E+01   0.109859E+00   0.120598E+01   0.120598E+01
   0.200386E+01   0.108462E+01   0.109687E+00   0.119423E+01   0.119423E+01
   0.200860E+01   0.127477E+01   0.109616E+00   0.118261E+01   0.118261E+01
   0.201335E+01   0.123997E+01   0.110865E+00   0.117113E+01   0.117113E+01
   0.201809E+01   0.121153E+01   0.113855E+00   0.115979E+01   0.115979E+01
   0.202283E+01   0.101559E+01   0.115505E+00   0.114858E+01   0.114858E+01
   0.202758E+01   0.118136E+01   0.117103E+00   0.113752E+01   0.113752E+01
   0.203232E+01   0.115738E+01   0.118118E+00   0.112659E+01   0.112659E+01
   0.203706E+01   0.100989E+01   0.119241E+00   0.111580E+01   0.111580E+01
   0.204180E+01   0.105103E+01   0.120045E+00   0.110515E+01   0.110515E+01
   0.204655E+01   0.107800E+01   0.120749E+00   0.109463E+01   0.109463E+01
   0.205129E+01   0.100694E+01   0.120841E+00   0.108426E+01   0.108426E+01
   0.205603E+01   0.993682E+00   0.121115E+00   0.107402E+01   0.107402E+01
   0.206078E+01   0.110211E+01   0.121500E+00   0.106392E+01   0.106392E+01
   0.206552E+01   0.110003E+01   0.121993E+00   0.105396E+01   0.105396E+01
   0.207026E+01   0.113837E+01   0.122112E+00   0.104414E+01   0.104414E+01
   0.207500E+01   0.106379E+01   0.122282E+00   0.103445E+01   0.103445E+01
   0.207975E+01   0.112764E+01   0.119918E+00   0.102491E+01   0.102491E+01
   0.208449E+01   0.105553E+01   0.116725E+00   0.101550E+01   0.101550E+01
   0.208923E+01   0.965454E+00   0.114913E+00   0.100623E+01   0.100623E+01
   0.209397E+01   0.104092E+01   0.113755E+00   0.997091E+00   0.997091E+00
   0.209872E+01   0.109181E+01   0.112633E+00   0.988093E+00   0.988093E+00
   0.210346E+01   0.997865E+00   0.111859E+00   0.979230E+00   0.979230E+00
   0.210820E+01   0.102322E+01   0.110998E+00   0.970503E+00   0.970503E+00
   0.211295E+01   0.877153E+00   0.110752E+00   0.961914E+00   0.961914E+00
   0.211769E+01   0.826008E+00   0.110365E+00   0.953458E+00   0.953458E+00
   0.212243E+01   0.116668E+01   0.110189E+00   0.945136E+00   0.945136E+00
   0.212717E+01   0.103889E+01   0.109880E+00   0.936948E+00   0.936948E+00
   0.213192E+01   0.980301E+00   0.109649E+00   0.928894E+00   0.928894E+00
   0.213666E+01   0.860485E+00   0.109357E+00   0.920972E+00   0.920972E+00
   0.214140E+01   0.816207E+00   0.109297E+00   0.913183E+00   0.913183E+00
   0.214615E+01   0.995010E+00   0.109036E+00   0.905526E+00   0.905526E+00
   0.215089E+01   0.101588E+01   0.108866E+00   0.897999E+00   0.897999E+00
   0.215563E+01   0.955952E+00   0.108485E+00   0.890603E+00   0.890603E+00
   0.216038E+01   0.848167E+00   0.108423E+00   0.883334E+00   0.883334E+00
   0.216512E+01   0.787045E+00   0.108131E+00   0.876194E+00   0.876194E+00
   0.216986E+01   0.820294E+00   0.108058E+00   0.869182E+00   0.869182E+00
   0.217460E+01   0.864848E+00   0.107905E+00   0.862297E+00   0.862297E+00
   0.217935E+01   0.810720E+00   0.107715E+00   0.855538E+00   0.855538E+00
   0.218409E+01   0.923021E+00   0.107593E+00   0.848905E+00   0.848905E+00
   0.218883E+01   0.920643E+00   0.107318E+00   0.842395E+00   0.842395E+00
   0.219358E+01   0.100277E+01   0.107313E+00   0.836007E+00   0.836007E+00
   0.219832E+01   0.898744E+00   0.107024E+00   0.829742E+00   0.829742E+00
   0.220306E+01   0.921745E+00   0.107007E+00   0.823597E+00   0.823597E+00
   0.220780E+01   0.749694E+00   0.106597E+00   0.817573E+00   0.817573E+00
   0.221255E+01   0.815050E+00   0.106515E+00   0.811667E+00   0.811667E+00
   0.221729E+01   0.823852E+00   0.106439E+00   0.805880E+00   0.805880E+00
   0.222203E+01   0.733688E+00   0.106293E+00   0.800208E+00   0.800208E+00
   0.222677E+01   0.809105E+00   0.106114E+00   0.794652E+00   0.794652E+00
   0.223152E+01   0.849081E+00   0.106015E+00   0.789210E+00   0.789210E+00
   0.223626E+01   0.698263E+00   0.105759E+00   0.783880E+00   0.783880E+00
   0.224100E+01   0.893761E+00   0.105764E+00   0.778662E+00   0.778662E+00
   0.224575E+01   0.802469E+00   0.105514E+00   0.773554E+00   0.773554E+00
   0.225049E+01   0.759743E+00   0.105424E+00   0.768556E+00   0.768556E+00
   0.225523E+01   0.814463E+00   0.105345E+00   0.763666E+00   0.763666E+00
   0.225997E+01   0.801633E+00   0.105148E+00   0.758881E+00   0.758881E+00
   0.226472E+01   0.832565E+00   0.105109E+00   0.754201E+00   0.754201E+00
   0.226946E+01   0.891830E+00   0.105010E+00   0.749626E+00   0.749626E+00
   0.227420E+01   0.683639E+00   0.104724E+00   0.745149E+00   0.745149E+00
   0.227895E+01   0.900374E+00   0.104663E+00   0.740776E+00   0.740776E+00
   0.228369E+01   0.803736E+00   0.104654E+00   0.736501E+00   0.736501E+00
   0.228843E+01   0.743299E+00   0.104391E+00   0.732324E+00   0.732324E+00
   0.229318E+01   0.755827E+00   0.104244E+00   0.728243E+00   0.728243E+00
   0.229792E+01   0.855829E+00   0.104207E+00   0.724257E+00   0.724257E+00
   0.230266E+01   0.658782E+00   0.104068E+00   0.720364E+00   0.720364E+00
   0.230740E+01   0.805465E+00   0.103994E+00   0.716562E+00   0.716562E+00
   0.231215E+01   0.750182E+00   0.103644E+00   0.712850E+00   0.712850E+00
   0.231689E+01   0.774669E+00   0.103656E+00   0.709227E+00   0.709227E+00
   0.232163E+01   0.747726E+00   0.103480E+00   0.705691E+00   0.705691E+00
   0.232638E+01   0.661749E+00   0.103314E+00   0.702240E+00   0.702240E+00
   0.233112E+01   0.680292E+00   0.103192E+00   0.698872E+00   0.698872E+00
   0.233586E+01   0.691988E+00   0.103222E+00   0.695587E+00   0.695587E+00
   0.234060E+01   0.689704E+00   0.103041E+00   0.692381E+00   0.692381E+00
   0.234535E+01   0.804893E+00   0.102933E+00   0.689255E+00   0.689255E+00
   0.235009E+01   0.720964E+00   0.102784E+00   0.686205E+00   0.686205E+00
   0.235483E+01   0.720762E+00   0.102749E+00   0.683231E+00   0.683231E+00
   0.235957E+01   0.783203E+00   0.102622E+00   0.680331E+00   0.680331E+00
   0.236432E+01   0.622692E+00   0.102318E+00   0.677503E+00   0.677503E+00
   0.236906E+01   0.636844E+00   0.102232E+00   0.674745E+00   0.674745E+00
   0.237380E+01   0.624453E+00   0.102094E+00   0.672056E+00   0.672056E+00
   0.237855E+01   0.668753E+00   0.102189E+00   0.669434E+00   0.669434E+00
   0.238329E+01   0.553534E+00   0.101773E+00   0.666877E+00   0.666877E+00
   0.238803E+01   0.706967E+00   0.101812E+00   0.664384E+00   0.664384E+00
   0.239277E+01   0.749949E+00   0.101747E+00   0.661953E+00   0.661953E+00
   0.239752E+01   0.607646E+00   0.101610E+00   0.659582E+00   0.659582E+00
   0.240226E+01   0.673025E+00   0.101636E+00   0.657270E+00   0.657270E+00
   0.240700E+01   0.692150E+00   0.101537E+00   0.655015E+00   0.655015E+00
   0.241175E+01   0.634398E+00   0.101259E+00   0.652815E+00   0.652815E+00
   0.241649E+01   0.561606E+00   0.101142E+00   0.650669E+00   0.650669E+00
   0.242123E+01   0.646904E+00   0.101058E+00   0.648575E+00   0.648575E+00
   0.242598E+01   0.495310E+00   0.100936E+00   0.646530E+00   0.646530E+00
   0.243072E+01   0.541787E+00   0.100863E+00   0.644535E+00   0.644535E+00
   0.243546E+01   0.522755E+00   0.100633E+00   0.642587E+00   0.642587E+00
   0.244020E+01   0.646811E+00   0.100766E+00   0.640684E+00   0.640684E+00
   0.244495E+01   0.619302E+00   0.100546E+00   0.638824E+00   0.638824E+00
   0.244969E+01   0.556590E+00   0.100463E+00   0.637007E+00   0.637007E+00
   0.245443E+01   0.666995E+00   0.100317E+00   0.635230E+00   0.635230E+00
   0.245918E+01   0.709870E+00   0.100386E+00   0.633492E+00   0.633492E+00
   0.246392E+01   0.509956E+00   0.100190E+00   0.631792E+00   0.631792E+00
   0.246866E+01   0.534815E+00   0.999825E-01   0.630127E+00   0.630127E+00
   0.247340E+01   0.567196E+00   0.999155E-01   0.628496E+00   0.628496E+00
   0.247815E+01   0.600845E+00   0.998770E-01   0.626897E+00   0.626897E+00
   0.248289E+01   0.579128E+00   0.996814E-01   0.625330E+00   0.625330E+00
   0.248763E+01   0.586619E+00   0.996540E-01   0.623792E+00   0.623792E+00
   0.249238E+01   0.466874E+00   0.994227E-01   0.622282E+00   0.622282E+00
   0.249712E+01   0.498275E+00   0.994881E-01   0.620799E+00   0.620799E+00
   0.250186E+01   0.611752E+00   0.993526E-01   0.619341E+00   0.619341E+00
   0.250660E+01   0.577286E+00   0.992888E-01   0.617907E+00   0.617907E+00
   0.251135E+01   0.626961E+00   0.991098E-01   0.616494E+00   0.616494E+00
   0.251609E+01   0.713624E+00   0.990451E-01   0.615102E+00   0.615102E+00
   0.252083E+01   0.506820E+00   0.986888E-01   0.613730E+00   0.613730E+00
   0.252558E+01   0.430732E+00   0.985376E-01   0.612376E+00   0.612376E+00
   0.253032E+01   0.573108E+00   0.985001E-01   0.611038E+00   0.611038E+00
   0.253506E+01   0.700304E+00   0.982624E-01   0.609715E+00   0.609715E+00
   0.253980E+01   0.651185E+00   0.980966E-01   0.608407E+00   0.608407E+00
   0.254455E+01   0.436287E+00   0.978884E-01   0.607111E+00   0.607111E+00
   0.254929E+01   0.521661E+00   0.979233E-01   0.605826E+00   0.605826E+00
   0.255403E+01   0.525461E+00   0.977889E-01   0.604551E+00   0.604551E+00
   0.255878E+01   0.616395E+00   0.977777E-01   0.603286E+00   0.603286E+00
   0.256352E+01   0.504431E+00   0.976783E-01   0.602028E+00   0.602028E+00
   0.256826E+01   0.692712E+00   0.977254E-01   0.600777E+00   0.600777E+00
   0.257300E+01   0.636463E+00   0.976532E-01   0.599531E+00   0.599531E+00
   0.257775E+01   0.423636E+00   0.976540E-01   0.598289E+00   0.598289E+00
   0.258249E+01   0.406300E+00   0.974993E-01   0.597050E+00   0.597050E+00
   0.258723E+01   0.517039E+00   0.976028E-01   0.595813E+00   0.595813E+00
   0.259198E+01   0.518782E+00   0.975688E-01   0.594578E+00   0.594578E+00
   0.259672E+01   0.544901E+00   0.974386E-01   0.593342E+00   0.593342E+00
   0.260146E+01   0.519456E+00   0.973591E-01   0.592105E+00   0.592105E+00
   0.260620E+01   0.611433E+00   0.972427E-01   0.590867E+00   0.590867E+00
   0.261095E+01   0.533129E+00   0.971402E-01   0.589625E+00   0.589625E+00
   0.261569E+01   0.519911E+00   0.971114E-01   0.588380E+00   0.588380E+00
   0.262043E+01   0.517962E+00   0.969013E-01   0.587129E+00   0.587129E+00
   0.262518E+01   0.436462E+00   0.967839E-01   0.585874E+00   0.585874E+00
   0.262992E+01   0.480894E+00   0.967601E-01   0.584611E+00   0.584611E+00
   0.263466E+01   0.655373E+00   0.967072E-01   0.583342E+00   0.583342E+00
   0.263940E+01   0.516612E+00   0.966690E-01   0.582065E+00   0.582065E+00
   0.264415E+01   0.573406E+00   0.965978E-01   0.580778E+00   0.580778E+00
   0.264889E+01   0.695864E+00   0.964847E-01   0.579482E+00   0.579482E+00
   0.265363E+01   0.554824E+00   0.964413E-01   0.578176E+00   0.578176E+00
   0.265838E+01   0.692051E+00   0.963606E-01   0.576860E+00   0.576860E+00
   0.266312E+01   0.557123E+00   0.962884E-01   0.575531E+00   0.575531E+00
   0.266786E+01   0.721685E+00   0.962060E-01   0.574191E+00   0.574191E+00
   0.267260E+01   0.549358E+00   0.960686E-01   0.572838E+00   0.572838E+00
   0.267735E+01   0.419133E+00   0.959528E-01   0.571472E+00   0.571472E+00
   0.268209E+01   0.378308E+00   0.957604E-01   0.570092E+00   0.570092E+00
   0.268683E+01   0.559679E+00   0.957137E-01   0.568697E+00   0.568697E+00
   0.269158E+01   0.480303E+00   0.956509E-01   0.567288E+00   0.567288E+00
   0.269632E+01   0.536013E+00   0.955854E-01   0.565864E+00   0.565864E+00
   0.270106E+01   0.595146E+00   0.955465E-01   0.564425E+00   0.564425E+00
   0.270580E+01   0.521912E+00   0.954323E-01   0.562969E+00   0.562969E+00
   0.271055E+01   0.644742E+00   0.954129E-01   0.561497E+00   0.561497E+00
   0.271529E+01   0.555336E+00   0.953058E-01   0.560009E+00   0.560009E+00
   0.272003E+01   0.647327E+00   0.951692E-01   0.558503E+00   0.558503E+00
   0.272478E+01   0.521533E+00   0.950449E-01   0.556981E+00   0.556981E+00
   0.272952E+01   0.478682E+00   0.949914E-01   0.555441E+00   0.555441E+00
   0.273426E+01   0.558449E+00   0.949080E-01   0.553884E+00   0.553884E+00
   0.273901E+01   0.568611E+00   0.948122E-01   0.552308E+00   0.552308E+00
   0.274375E+01   0.420368E+00   0.946660E-01   0.550715E+00   0.550715E+00
   0.274849E+01   0.489674E+00   0.946214E-01   0.549104E+00   0.549104E+00
   0.275323E+01   0.470104E+00   0.945093E-01   0.547474E+00   0.547474E+00
   0.275798E+01   0.579635E+00   0.944961E-01   0.545826E+00   0.545826E+00
   0.276272E+01   0.564437E+00   0.944110E-01   0.544160E+00   0.544160E+00
   0.276746E+01   0.569360E+00   0.942757E-01   0.542475E+00   0.542475E+00
   0.277221E+01   0.602716E+00   0.942682E-01   0.540772E+00   0.540772E+00
   0.277695E+01   0.510066E+00   0.940583E-01   0.539051E+00   0.539051E+00
   0.278169E+01   0.568162E+00   0.940870E-01   0.537312E+00   0.537312E+00
   0.278643E+01   0.546927E+00   0.940304E-01   0.535554E+00   0.535554E+00
   0.279118E+01   0.563896E+00   0.939807E-01   0.533777E+00   0.533777E+00
   0.279592E+01   0.496777E+00   0.937908E-01   0.531983E+00   0.531983E+00
   0.280066E+01   0.476765E+00   0.938426E-01   0.530171E+00   0.530171E+00
   0.280540E+01   0.497964E+00   0.936814E-01   0.528341E+00   0.528341E+00
   0.281015E+01   0.509334E+00   0.936985E-01   0.526494E+00   0.526494E+00
   0.281489E+01   0.565687E+00   0.937856E-01   0.524629E+00   0.524629E+00
   0.281963E+01   0.531871E+00   0.955554E-01   0.522747E+00   0.522747E+00
   0.282438E+01   0.544373E+00   0.975069E-01   0.520848E+00   0.520848E+00
   0.282912E+01   0.537473E+00   0.987153E-01   0.518933E+00   0.518933E+00
   0.283386E+01   0.459906E+00   0.996567E-01   0.517002E+00   0.517002E+00
   0.283860E+01   0.523888E+00   0.100553E+00   0.515052E+00   0.515052E+00
   0.284335E+01   0.677293E+00   0.100999E+00   0.513089E+00   0.513089E+00
   0.284809E+01   0.377188E+00   0.101137E+00   0.511109E+00   0.511109E+00
   0.285283E+01   0.598951E+00   0.101336E+00   0.509115E+00   0.509115E+00
   0.285758E+01   0.405069E+00   0.101510E+00   0.507106E+00   0.507106E+00
   0.286232E+01   0.510426E+00   0.101832E+00   0.505083E+00   0.505083E+00
   0.286706E+01   0.639553E+00   0.102172E+00   0.503046E+00   0.503046E+00
   0.287181E+01   0.395107E+00   0.102305E+00   0.500995E+00   0.500995E+00
   0.287655E+01   0.593947E+00   0.102614E+00   0.498931E+00   0.498931E+00
   0.288129E+01   0.395388E+00   0.102415E+00   0.496854E+00   0.496854E+00
   0.288603E+01   0.489253E+00   0.997855E-01   0.494766E+00   0.494766E+00
   0.289078E+01   0.429017E+00   0.980525E-01   0.492666E+00   0.492666E+00
   0.289552E+01   0.520853E+00   0.969652E-01   0.490554E+00   0.490554E+00
   0.290026E+01   0.644363E+00   0.960927E-01   0.488432E+00   0.488432E+00
   0.290501E+01   0.576796E+00   0.955680E-01   0.486299E+00   0.486299E+00
   0.290975E+01   0.379090E+00   0.951835E-01   0.484157E+00   0.484157E+00
   0.291449E+01   0.469379E+00   0.949735E-01   0.482006E+00   0.482006E+00
   0.291923E+01   0.510607E+00   0.948399E-01   0.479846E+00   0.479846E+00
   0.292398E+01   0.520677E+00   0.946803E-01   0.477679E+00   0.477679E+00
   0.292872E+01   0.541853E+00   0.943452E-01   0.475503E+00   0.475503E+00
   0.293346E+01   0.426347E+00   0.941309E-01   0.473321E+00   0.473321E+00
   0.293820E+01   0.550621E+00   0.940356E-01   0.471132E+00   0.471132E+00
   0.294295E+01   0.384837E+00   0.939714E-01   0.468938E+00   0.468938E+00
   0.294769E+01   0.434635E+00   0.937798E-01   0.466739E+00   0.466739E+00
   0.295243E+01   0.442036E+00   0.935997E-01   0.464534E+00   0.464534E+00
   0.295718E+01   0.595600E+00   0.936092E-01   0.462326E+00   0.462326E+00
   0.296192E+01   0.544223E+00   0.933977E-01   0.460115E+00   0.460115E+00
   0.296666E+01   0.381797E+00   0.933706E-01   0.457901E+00   0.457901E+00
   0.297140E+01   0.471087E+00   0.930639E-01   0.455684E+00   0.455684E+00
   0.297615E+01   0.531970E+00   0.930132E-01   0.453466E+00   0.453466E+00
   0.298089E+01   0.391043E+00   0.928230E-01   0.451247E+00   0.451247E+00
   0.298563E+01   0.472036E+00   0.927050E-01   0.449028E+00   0.449028E+00
   0.299038E+01   0.423503E+00   0.926296E-01   0.446810E+00   0.446810E+00
   0.299512E+01   0.475061E+00   0.925193E-01   0.444592E+00   0.444592E+00
   0.299986E+01   0.479271E+00   0.925627E-01   0.442376E+00   0.442376E+00

           ####      Real Space Data                               ####

           Distance distribution  function of particle  


      R          P(R)      ERROR

  0.0000E+00  0.0000E+00  0.0000E+00
  0.3159E-01  0.9900E-02  0.2695E-03
  0.6317E-01  0.2023E-01  0.5083E-03
  0.9476E-01  0.3098E-01  0.7166E-03
  0.1263E+00  0.4216E-01  0.8949E-03
  0.1579E+00  0.5375E-01  0.1044E-02
  0.1895E+00  0.6575E-01  0.1164E-02
  0.2211E+00  0.7815E-01  0.1257E-02
  0.2527E+00  0.9094E-01  0.1323E-02
  0.2843E+00  0.1041E+00  0.1364E-02
  0.3159E+00  0.1176E+00  0.1381E-02
  0.3475E+00  0.1315E+00  0.1375E-02
  0.3790E+00  0.1457E+00  0.1349E-02
  0.4106E+00  0.1602E+00  0.1305E-02
  0.4422E+00  0.1750E+00  0.1245E-02
  0.4738E+00  0.1901E+00  0.1171E-02
  0.5054E+00  0.2055E+00  0.1086E-02
  0.5370E+00  0.2211E+00  0.9961E-03
  0.5686E+00  0.2368E+00  0.9045E-03
  0.6002E+00  0.2528E+00  0.8185E-03
  0.6317E+00  0.2689E+00  0.7468E-03
  0.6633E+00  0.2852E+00  0.6999E-03
  0.6949E+00  0.3016E+00  0.6875E-03
  0.7265E+00  0.3180E+00  0.7141E-03
  0.7581E+00  0.3345E+00  0.7768E-03
  0.7897E+00  0.3510E+00  0.8674E-03
  0.8213E+00  0.3675E+00  0.9767E-03
  0.8529E+00  0.3840E+00  0.1097E-02
  0.8844E+00  0.4005E+00  0.1222E-02
  0.9160E+00  0.4168E+00  0.1347E-02
  0.9476E+00  0.4330E+00  0.1470E-02
  0.9792E+00  0.4491E+00  0.1586E-02
  0.1011E+01  0.4650E+00  0.1696E-02
  0.1042E+01  0.4807E+00  0.1796E-02
  0.1074E+01  0.4962E+00  0.1886E-02
  0.1106E+01  0.5114E+00  0.1964E-02
  0.1137E+01  0.5264E+00  0.2031E-02
  0.1169E+01  0.5410E+00  0.2084E-02
  0.1200E+01  0.5553E+00  0.2125E-02
  0.1232E+01  0.5693E+00  0.2153E-02
  0.1263E+01  0.5829E+00  0.2167E-02
  0.1295E+01  0.5961E+00  0.2169E-02
  0.1327E+01  0.6089E+00  0.2160E-02
  0.1358E+01  0.6212E+00  0.2138E-02
  0.1390E+01  0.6331E+00  0.2107E-02
  0.1421E+01  0.6445E+00  0.2067E-02
  0.1453E+01  0.6555E+00  0.2019E-02
  0.1485E+01  0.6659E+00  0.1966E-02
  0.1516E+01  0.6758E+00  0.1910E-02
  0.1548E+01  0.6853E+00  0.1852E-02
  0.1579E+01  0.6941E+00  0.1797E-02
  0.1611E+01  0.7025E+00  0.1747E-02
  0.1643E+01  0.7102E+00  0.1704E-02
  0.1674E+01  0.7175E+00  0.1672E-02
  0.1706E+01  0.7241E+00  0.1655E-02
  0.1737E+01  0.7302E+00  0.1652E-02
  0.1769E+01  0.7357E+00  0.1667E-02
  0.1800E+01  0.7407E+00  0.1698E-02
  0.1832E+01  0.7451E+00  0.1746E-02
  0.1864E+01  0.7489E+00  0.1807E-02
  0.1895E+01  0.7522E+00  0.1881E-02
  0.1927E+01  0.7549E+00  0.1963E-02
  0.1958E+01  0.7570E+00  0.2052E-02
  0.1990E+01  0.7586E+00  0.2145E-02
  0.2022E+01  0.7597E+00  0.2239E-02
  0.2053E+01  0.7602E+00  0.2331E-02
  0.2085E+01  0.7603E+00  0.2421E-02
  0.2116E+01  0.7598E+00  0.2506E-02
  0.2148E+01  0.7588E+00  0.2585E-02
  0.2180E+01  0.7573E+00  0.2657E-02
  0.2211E+01  0.7554E+00  0.2720E-02
  0.2243E+01  0.7530E+00  0.2774E-02
  0.2274E+01  0.7502E+00  0.2818E-02
  0.2306E+01  0.7469E+00  0.2852E-02
  0.2337E+01  0.7432E+00  0.2875E-02
  0.2369E+01  0.7392E+00  0.2888E-02
  0.2401E+01  0.7347E+00  0.2891E-02
  0.2432E+01  0.7300E+00  0.2883E-02
  0.2464E+01  0.7248E+00  0.2867E-02
  0.2495E+01  0.7194E+00  0.2842E-02
  0.2527E+01  0.7136E+00  0.2809E-02
  0.2559E+01  0.7076E+00  0.2769E-02
  0.2590E+01  0.7013E+00  0.2725E-02
  0.2622E+01  0.6947E+00  0.2676E-02
  0.2653E+01  0.6879E+00  0.2625E-02
  0.2685E+01  0.6809E+00  0.2574E-02
  0.2717E+01  0.6738E+00  0.2524E-02
  0.2748E+01  0.6664E+00  0.2478E-02
  0.2780E+01  0.6589E+00  0.2437E-02
  0.2811E+01  0.6512E+00  0.2402E-02
  0.2843E+01  0.6434E+00  0.2377E-02
  0.2874E+01  0.6355E+00  0.2362E-02
  0.2906E+01  0.6275E+00  0.2357E-02
  0.2938E+01  0.6194E+00  0.2365E-02
  0.2969E+01  0.6113E+00  0.2384E-02
  0.3001E+01  0.6031E+00  0.2413E-02
  0.3032E+01  0.5949E+00  0.2454E-02
  0.3064E+01  0.5867E+00  0.2503E-02
  0.3096E+01  0.5784E+00  0.2559E-02
  0.3127E+01  0.5702E+00  0.2622E-02
  0.3159E+01  0.5620E+00  0.2688E-02
  0.3190E+01  0.5537E+00  0.2757E-02
  0.3222E+01  0.5456E+00  0.2827E-02
  0.3253E+01  0.5375E+00  0.2896E-02
  0.3285E+01  0.5294E+00  0.2964E-02
  0.3317E+01  0.5214E+00  0.3028E-02
  0.3348E+01  0.5135E+00  0.3089E-02
  0.3380E+01  0.5056E+00  0.3144E-02
  0.3411E+01  0.4978E+00  0.3195E-02
  0.3443E+01  0.4902E+00  0.3239E-02
  0.3475E+01  0.4826E+00  0.3277E-02
  0.3506E+01  0.4751E+00  0.3309E-02
  0.3538E+01  0.4677E+00  0.3334E-02
  0.3569E+01  0.4605E+00  0.3353E-02
  0.3601E+01  0.4533E+00  0.3365E-02
  0.3633E+01  0.4463E+00  0.3372E-02
  0.3664E+01  0.4394E+00  0.3374E-02
  0.3696E+01  0.4326E+00  0.3371E-02
  0.3727E+01  0.4259E+00  0.3364E-02
  0.3759E+01  0.4193E+00  0.3353E-02
  0.3790E+01  0.4129E+00  0.3340E-02
  0.3822E+01  0.4066E+00  0.3324E-02
  0.3854E+01  0.4004E+00  0.3308E-02
  0.3885E+01  0.3944E+00  0.3290E-02
  0.3917E+01  0.3885E+00  0.3273E-02
  0.3948E+01  0.3827E+00  0.3256E-02
  0.3980E+01  0.3770E+00  0.3240E-02
  0.4012E+01  0.3714E+00  0.3226E-02
  0.4043E+01  0.3660E+00  0.3213E-02
  0.4075E+01  0.3607E+00  0.3203E-02
  0.4106E+01  0.3554E+00  0.3195E-02
  0.4138E+01  0.3504E+00  0.3189E-02
  0.4170E+01  0.3454E+00  0.3185E-02
  0.4201E+01  0.3405E+00  0.3183E-02
  0.4233E+01  0.3357E+00  0.3182E-02
  0.4264E+01  0.3311E+00  0.3183E-02
  0.4296E+01  0.3265E+00  0.3185E-02
  0.4327E+01  0.3220E+00  0.3187E-02
  0.4359E+01  0.3176E+00  0.3190E-02
  0.4391E+01  0.3133E+00  0.3194E-02
  0.4422E+01  0.3091E+00  0.3197E-02
  0.4454E+01  0.3050E+00  0.3201E-02
  0.4485E+01  0.3009E+00  0.3204E-02
  0.4517E+01  0.2969E+00  0.3208E-02
  0.4549E+01  0.2929E+00  0.3212E-02
  0.4580E+01  0.2890E+00  0.3217E-02
  0.4612E+01  0.2852E+00  0.3223E-02
  0.4643E+01  0.2814E+00  0.3231E-02
  0.4675E+01  0.2776E+00  0.3241E-02
  0.4707E+01  0.2738E+00  0.3254E-02
  0.4738E+01  0.2701E+00  0.3270E-02
  0.4770E+01  0.2664E+00  0.3290E-02
  0.4801E+01  0.2626E+00  0.3314E-02
  0.4833E+01  0.2589E+00  0.3344E-02
  0.4864E+01  0.2551E+00  0.3378E-02
  0.4896E+01  0.2513E+00  0.3418E-02
  0.4928E+01  0.2475E+00  0.3462E-02
  0.4959E+01  0.2436E+00  0.3512E-02
  0.4991E+01  0.2396E+00  0.3566E-02
  0.5022E+01  0.2356E+00  0.3623E-02
  0.5054E+01  0.2315E+00  0.3684E-02
  0.5086E+01  0.2272E+00  0.3746E-02
  0.5117E+01  0.2229E+00  0.3809E-02
  0.5149E+01  0.2184E+00  0.3871E-02
  0.5180E+01  0.2138E+00  0.3930E-02
  0.5212E+01  0.2090E+00  0.3986E-02
  0.5243E+01  0.2040E+00  0.4037E-02
  0.5275E+01  0.1988E+00  0.4081E-02
  0.5307E+01  0.1935E+00  0.4115E-02
  0.5338E+01  0.1879E+00  0.4140E-02
  0.5370E+01  0.1820E+00  0.4152E-02
  0.5401E+01  0.1759E+00  0.4151E-02
  0.5433E+01  0.1695E+00  0.4134E-02
  0.5465E+01  0.1628E+00  0.4099E-02
  0.5496E+01  0.1558E+00  0.4046E-02
  0.5528E+01  0.1485E+00  0.3972E-02
  0.5559E+01  0.1408E+00  0.3877E-02
  0.5591E+01  0.1327E+00  0.3758E-02
  0.5623E+01  0.1243E+00  0.3613E-02
  0.5654E+01  0.1154E+00  0.3443E-02
  0.5686E+01  0.1061E+00  0.3244E-02
  0.5717E+01  0.9636E-01  0.3016E-02
  0.5749E+01  0.8614E-01  0.2758E-02
  0.5780E+01  0.7544E-01  0.2468E-02
  0.5812E+01  0.6423E-01  0.2145E-02
  0.5844E+01  0.5250E-01  0.1788E-02
  0.5875E+01  0.4023E-01  0.1396E-02
  0.5907E+01  0.2740E-01  0.9682E-03
  0.5938E+01  0.1399E-01  0.5031E-03
  0.5970E+01  0.0000E+00  0.0000E+00
