
           ####      G N O M             Version 5.0 (r13469)      ####
                                               Wed Dec 15 15:11:08 2021

           ####      Configuration                                 ####

    System Type:                   arbitrary monodisperse (job = 0)
    Minimum characteristic size:         0.0000
    Maximum characteristic size:         6.4100
    rad56:                               0.0000
    Force 0.0 at r = rmin:                  yes
    Force 0.0 at r = rmax:                  yes
    Initial alpha:                       0.0000
    Initial random seed:    1438111119690969866
    Points in real space:                   190

    Input  1:                      temp-inp.dat
    First data point used:                    1
    Last data point used:                   570
    Scaling coefficient:             0.1000E+01
    Experimental setup:            point collimation



           ####      Results                                       ####

    Parameter    DISCRP  OSCILL  STABIL  SYSDEV  POSITV  VALCEN  SMOOTH
    Weight        1.000   3.000   3.000   3.000   1.000   1.000   1.000
    Sigma         0.300   0.600   0.120   0.120   0.120   0.120   0.600
    Ideal         0.700   1.100   0.000   1.000   1.000   0.950   0.000
    Current       0.729   1.195   0.013   0.696   1.000   0.891   2.771
               --------------------------------------------------------
    Estimate      0.991   0.975   0.988   0.002   1.000   0.787   0.000

    Angular range:                       0.3012 to       2.9999
    Reciprocal space Rg:             0.2181E+01
    Reciprocal space I(0):           0.3965E+02

    Real space range:                    0.0000 to       6.4100
    Real space Rg:                   0.2187E+01 +-   0.3950E-02
    Real space I(0):                 0.3966E+02 +-   0.7388E-01

    Highest ALPHA (theor):           0.3198E+02
    Current ALPHA:                   0.1446E+02

    Total Estimate:                      0.6671 (a REASONABLE solution)



           ####      Experimental Data and Fit                     ####

      S          J EXP       ERROR       J REG       I REG

   0.000000E+00                                                0.396570E+02
   0.107561E-01                                                0.396497E+02
   0.215123E-01                                                0.396278E+02
   0.322684E-01                                                0.395912E+02
   0.430246E-01                                                0.395402E+02
   0.537807E-01                                                0.394746E+02
   0.645368E-01                                                0.393946E+02
   0.752930E-01                                                0.393004E+02
   0.860491E-01                                                0.391919E+02
   0.968053E-01                                                0.390693E+02
   0.107561E+00                                                0.389328E+02
   0.118318E+00                                                0.387826E+02
   0.129074E+00                                                0.386188E+02
   0.139830E+00                                                0.384416E+02
   0.150586E+00                                                0.382512E+02
   0.161342E+00                                                0.380479E+02
   0.172098E+00                                                0.378319E+02
   0.182854E+00                                                0.376034E+02
   0.193611E+00                                                0.373627E+02
   0.204367E+00                                                0.371101E+02
   0.215123E+00                                                0.368458E+02
   0.225879E+00                                                0.365703E+02
   0.236635E+00                                                0.362838E+02
   0.247391E+00                                                0.359866E+02
   0.258147E+00                                                0.356790E+02
   0.268903E+00                                                0.353615E+02
   0.279660E+00                                                0.350343E+02
   0.290416E+00                                                0.346979E+02
   0.301172E+00   0.345035E+02   0.206323E+00   0.343525E+02   0.343525E+02
   0.305915E+00   0.346375E+02   0.204413E+00   0.341975E+02   0.341975E+02
   0.310658E+00   0.344036E+02   0.202547E+00   0.340409E+02   0.340409E+02
   0.315400E+00   0.344219E+02   0.200773E+00   0.338827E+02   0.338827E+02
   0.320143E+00   0.339321E+02   0.198906E+00   0.337229E+02   0.337229E+02
   0.324886E+00   0.339565E+02   0.197070E+00   0.335616E+02   0.335616E+02
   0.329629E+00   0.335945E+02   0.195131E+00   0.333988E+02   0.333988E+02
   0.334372E+00   0.334979E+02   0.193645E+00   0.332346E+02   0.332346E+02
   0.339115E+00   0.334943E+02   0.194350E+00   0.330689E+02   0.330689E+02
   0.343858E+00   0.332986E+02   0.196642E+00   0.329019E+02   0.329019E+02
   0.348601E+00   0.329611E+02   0.201132E+00   0.327334E+02   0.327334E+02
   0.353343E+00   0.325035E+02   0.204235E+00   0.325637E+02   0.325637E+02
   0.358086E+00   0.327468E+02   0.206436E+00   0.323927E+02   0.323927E+02
   0.362829E+00   0.325860E+02   0.208306E+00   0.322204E+02   0.322204E+02
   0.367572E+00   0.322615E+02   0.209625E+00   0.320470E+02   0.320470E+02
   0.372315E+00   0.319534E+02   0.210792E+00   0.318723E+02   0.318723E+02
   0.377058E+00   0.321956E+02   0.212092E+00   0.316965E+02   0.316965E+02
   0.381801E+00   0.319272E+02   0.212891E+00   0.315196E+02   0.315196E+02
   0.386543E+00   0.314127E+02   0.213574E+00   0.313416E+02   0.313416E+02
   0.391286E+00   0.312928E+02   0.213927E+00   0.311626E+02   0.311626E+02
   0.396029E+00   0.312933E+02   0.215102E+00   0.309826E+02   0.309826E+02
   0.400772E+00   0.310530E+02   0.215677E+00   0.308016E+02   0.308016E+02
   0.405515E+00   0.305855E+02   0.222669E+00   0.306197E+02   0.306197E+02
   0.410258E+00   0.303751E+02   0.228036E+00   0.304369E+02   0.304369E+02
   0.415001E+00   0.304447E+02   0.232836E+00   0.302532E+02   0.302532E+02
   0.419744E+00   0.304132E+02   0.236469E+00   0.300687E+02   0.300687E+02
   0.424486E+00   0.302033E+02   0.239470E+00   0.298834E+02   0.298834E+02
   0.429229E+00   0.296573E+02   0.242374E+00   0.296973E+02   0.296973E+02
   0.433972E+00   0.295987E+02   0.246369E+00   0.295105E+02   0.295105E+02
   0.438715E+00   0.292659E+02   0.249520E+00   0.293230E+02   0.293230E+02
   0.443458E+00   0.292871E+02   0.253073E+00   0.291349E+02   0.291349E+02
   0.448201E+00   0.287440E+02   0.256616E+00   0.289462E+02   0.289462E+02
   0.452944E+00   0.284727E+02   0.260150E+00   0.287569E+02   0.287569E+02
   0.457686E+00   0.282583E+02   0.262494E+00   0.285670E+02   0.285670E+02
   0.462429E+00   0.281519E+02   0.264469E+00   0.283766E+02   0.283766E+02
   0.467172E+00   0.281166E+02   0.263384E+00   0.281858E+02   0.281858E+02
   0.471915E+00   0.281494E+02   0.253012E+00   0.279945E+02   0.279945E+02
   0.476658E+00   0.278287E+02   0.247091E+00   0.278028E+02   0.278028E+02
   0.481401E+00   0.275156E+02   0.243795E+00   0.276107E+02   0.276107E+02
   0.486144E+00   0.273607E+02   0.240849E+00   0.274183E+02   0.274183E+02
   0.490887E+00   0.271990E+02   0.238498E+00   0.272255E+02   0.272255E+02
   0.495629E+00   0.269939E+02   0.237207E+00   0.270325E+02   0.270325E+02
   0.500372E+00   0.266773E+02   0.235124E+00   0.268393E+02   0.268393E+02
   0.505115E+00   0.267538E+02   0.233236E+00   0.266458E+02   0.266458E+02
   0.509858E+00   0.262705E+02   0.231391E+00   0.264522E+02   0.264522E+02
   0.514601E+00   0.262038E+02   0.229618E+00   0.262584E+02   0.262584E+02
   0.519344E+00   0.259346E+02   0.228520E+00   0.260645E+02   0.260645E+02
   0.524087E+00   0.256834E+02   0.227412E+00   0.258706E+02   0.258706E+02
   0.528829E+00   0.253262E+02   0.225833E+00   0.256765E+02   0.256765E+02
   0.533572E+00   0.248926E+02   0.223705E+00   0.254825E+02   0.254825E+02
   0.538315E+00   0.249891E+02   0.222431E+00   0.252885E+02   0.252885E+02
   0.543058E+00   0.248962E+02   0.220533E+00   0.250946E+02   0.250946E+02
   0.547801E+00   0.244509E+02   0.218704E+00   0.249007E+02   0.249007E+02
   0.552544E+00   0.243286E+02   0.216692E+00   0.247069E+02   0.247069E+02
   0.557287E+00   0.243501E+02   0.215264E+00   0.245133E+02   0.245133E+02
   0.562029E+00   0.242529E+02   0.213776E+00   0.243198E+02   0.243198E+02
   0.566772E+00   0.239874E+02   0.211614E+00   0.241265E+02   0.241265E+02
   0.571515E+00   0.240136E+02   0.210864E+00   0.239335E+02   0.239335E+02
   0.576258E+00   0.235908E+02   0.209301E+00   0.237407E+02   0.237407E+02
   0.581001E+00   0.233085E+02   0.207905E+00   0.235482E+02   0.235482E+02
   0.585744E+00   0.227939E+02   0.206713E+00   0.233561E+02   0.233561E+02
   0.590487E+00   0.228669E+02   0.206100E+00   0.231642E+02   0.231642E+02
   0.595230E+00   0.228435E+02   0.205142E+00   0.229727E+02   0.229727E+02
   0.599972E+00   0.225182E+02   0.204498E+00   0.227817E+02   0.227817E+02
   0.604715E+00   0.225210E+02   0.203949E+00   0.225910E+02   0.225910E+02
   0.609458E+00   0.219717E+02   0.202750E+00   0.224008E+02   0.224008E+02
   0.614201E+00   0.218476E+02   0.202184E+00   0.222111E+02   0.222111E+02
   0.618944E+00   0.220638E+02   0.201441E+00   0.220219E+02   0.220219E+02
   0.623687E+00   0.216049E+02   0.200665E+00   0.218332E+02   0.218332E+02
   0.628430E+00   0.211548E+02   0.199487E+00   0.216450E+02   0.216450E+02
   0.633173E+00   0.212157E+02   0.199060E+00   0.214574E+02   0.214574E+02
   0.637915E+00   0.208937E+02   0.198306E+00   0.212705E+02   0.212705E+02
   0.642658E+00   0.208182E+02   0.197778E+00   0.210841E+02   0.210841E+02
   0.647401E+00   0.206836E+02   0.197191E+00   0.208984E+02   0.208984E+02
   0.652144E+00   0.205225E+02   0.196390E+00   0.207134E+02   0.207134E+02
   0.656887E+00   0.203813E+02   0.195666E+00   0.205290E+02   0.205290E+02
   0.661630E+00   0.203889E+02   0.195084E+00   0.203454E+02   0.203454E+02
   0.666373E+00   0.201381E+02   0.194373E+00   0.201625E+02   0.201625E+02
   0.671115E+00   0.196274E+02   0.193583E+00   0.199804E+02   0.199804E+02
   0.675858E+00   0.198891E+02   0.192910E+00   0.197990E+02   0.197990E+02
   0.680601E+00   0.193080E+02   0.192015E+00   0.196185E+02   0.196185E+02
   0.685344E+00   0.190461E+02   0.191252E+00   0.194387E+02   0.194387E+02
   0.690087E+00   0.189332E+02   0.190757E+00   0.192598E+02   0.192598E+02
   0.694830E+00   0.189914E+02   0.190358E+00   0.190817E+02   0.190817E+02
   0.699573E+00   0.189241E+02   0.189740E+00   0.189046E+02   0.189046E+02
   0.704315E+00   0.188179E+02   0.188711E+00   0.187283E+02   0.187283E+02
   0.709058E+00   0.185092E+02   0.188425E+00   0.185529E+02   0.185529E+02
   0.713801E+00   0.182493E+02   0.187550E+00   0.183784E+02   0.183784E+02
   0.718544E+00   0.180752E+02   0.186847E+00   0.182049E+02   0.182049E+02
   0.723287E+00   0.177861E+02   0.186250E+00   0.180324E+02   0.180324E+02
   0.728030E+00   0.179123E+02   0.185983E+00   0.178608E+02   0.178608E+02
   0.732773E+00   0.176627E+02   0.185294E+00   0.176902E+02   0.176902E+02
   0.737515E+00   0.174263E+02   0.184463E+00   0.175206E+02   0.175206E+02
   0.742258E+00   0.171117E+02   0.183726E+00   0.173520E+02   0.173520E+02
   0.747001E+00   0.168891E+02   0.183236E+00   0.171845E+02   0.171845E+02
   0.751744E+00   0.168678E+02   0.182516E+00   0.170180E+02   0.170180E+02
   0.756487E+00   0.169351E+02   0.182222E+00   0.168526E+02   0.168526E+02
   0.761230E+00   0.166391E+02   0.181585E+00   0.166882E+02   0.166882E+02
   0.765973E+00   0.164792E+02   0.181116E+00   0.165249E+02   0.165249E+02
   0.770716E+00   0.161147E+02   0.180145E+00   0.163627E+02   0.163627E+02
   0.775459E+00   0.161733E+02   0.179927E+00   0.162016E+02   0.162016E+02
   0.780201E+00   0.159882E+02   0.179410E+00   0.160417E+02   0.160417E+02
   0.784944E+00   0.158670E+02   0.179040E+00   0.158828E+02   0.158828E+02
   0.789687E+00   0.157028E+02   0.177979E+00   0.157251E+02   0.157251E+02
   0.794430E+00   0.156236E+02   0.177598E+00   0.155686E+02   0.155686E+02
   0.799173E+00   0.154666E+02   0.177123E+00   0.154132E+02   0.154132E+02
   0.803916E+00   0.153455E+02   0.176600E+00   0.152590E+02   0.152590E+02
   0.808658E+00   0.147615E+02   0.175997E+00   0.151059E+02   0.151059E+02
   0.813401E+00   0.148364E+02   0.175525E+00   0.149540E+02   0.149540E+02
   0.818144E+00   0.148372E+02   0.175221E+00   0.148033E+02   0.148033E+02
   0.822887E+00   0.147861E+02   0.174778E+00   0.146538E+02   0.146538E+02
   0.827630E+00   0.147239E+02   0.174020E+00   0.145055E+02   0.145055E+02
   0.832373E+00   0.143594E+02   0.172868E+00   0.143584E+02   0.143584E+02
   0.837116E+00   0.141135E+02   0.172662E+00   0.142125E+02   0.142125E+02
   0.841859E+00   0.140442E+02   0.172155E+00   0.140678E+02   0.140678E+02
   0.846601E+00   0.140898E+02   0.171832E+00   0.139243E+02   0.139243E+02
   0.851344E+00   0.136109E+02   0.171098E+00   0.137821E+02   0.137821E+02
   0.856087E+00   0.135440E+02   0.170530E+00   0.136410E+02   0.136410E+02
   0.860830E+00   0.133496E+02   0.169935E+00   0.135013E+02   0.135013E+02
   0.865573E+00   0.134670E+02   0.169885E+00   0.133627E+02   0.133627E+02
   0.870316E+00   0.132459E+02   0.169139E+00   0.132254E+02   0.132254E+02
   0.875059E+00   0.130171E+02   0.168556E+00   0.130893E+02   0.130893E+02
   0.879802E+00   0.129466E+02   0.168300E+00   0.129545E+02   0.129545E+02
   0.884544E+00   0.130778E+02   0.167770E+00   0.128209E+02   0.128209E+02
   0.889287E+00   0.127385E+02   0.167211E+00   0.126885E+02   0.126885E+02
   0.894030E+00   0.125131E+02   0.166824E+00   0.125574E+02   0.125574E+02
   0.898773E+00   0.123903E+02   0.166218E+00   0.124275E+02   0.124275E+02
   0.903516E+00   0.124365E+02   0.165771E+00   0.122989E+02   0.122989E+02
   0.908259E+00   0.121823E+02   0.164989E+00   0.121715E+02   0.121715E+02
   0.913002E+00   0.122335E+02   0.164655E+00   0.120453E+02   0.120453E+02
   0.917744E+00   0.122008E+02   0.164353E+00   0.119204E+02   0.119204E+02
   0.922487E+00   0.119952E+02   0.164006E+00   0.117967E+02   0.117967E+02
   0.927230E+00   0.118635E+02   0.163630E+00   0.116743E+02   0.116743E+02
   0.931973E+00   0.117105E+02   0.163322E+00   0.115531E+02   0.115531E+02
   0.936716E+00   0.117300E+02   0.162662E+00   0.114331E+02   0.114331E+02
   0.941459E+00   0.114558E+02   0.161945E+00   0.113143E+02   0.113143E+02
   0.946202E+00   0.111868E+02   0.161839E+00   0.111968E+02   0.111968E+02
   0.950944E+00   0.112858E+02   0.161251E+00   0.110805E+02   0.110805E+02
   0.955687E+00   0.111528E+02   0.160853E+00   0.109654E+02   0.109654E+02
   0.960430E+00   0.109959E+02   0.160515E+00   0.108515E+02   0.108515E+02
   0.965173E+00   0.108849E+02   0.160181E+00   0.107389E+02   0.107389E+02
   0.969916E+00   0.108512E+02   0.159801E+00   0.106274E+02   0.106274E+02
   0.974659E+00   0.104480E+02   0.158994E+00   0.105171E+02   0.105171E+02
   0.979402E+00   0.105678E+02   0.158488E+00   0.104080E+02   0.104080E+02
   0.984144E+00   0.104975E+02   0.158071E+00   0.103002E+02   0.103002E+02
   0.988887E+00   0.102819E+02   0.157679E+00   0.101935E+02   0.101935E+02
   0.993630E+00   0.103940E+02   0.157431E+00   0.100879E+02   0.100879E+02
   0.998373E+00   0.102843E+02   0.157134E+00   0.998356E+01   0.998356E+01
   0.100312E+01   0.102391E+02   0.156658E+00   0.988036E+01   0.988036E+01
   0.100786E+01   0.993175E+01   0.156197E+00   0.977832E+01   0.977832E+01
   0.101260E+01   0.982451E+01   0.155674E+00   0.967742E+01   0.967742E+01
   0.101734E+01   0.980260E+01   0.155319E+00   0.957766E+01   0.957766E+01
   0.102209E+01   0.951956E+01   0.154954E+00   0.947906E+01   0.947906E+01
   0.102683E+01   0.948837E+01   0.154576E+00   0.938157E+01   0.938157E+01
   0.103157E+01   0.953609E+01   0.154454E+00   0.928519E+01   0.928519E+01
   0.103632E+01   0.915767E+01   0.153777E+00   0.918993E+01   0.918993E+01
   0.104106E+01   0.927245E+01   0.153530E+00   0.909576E+01   0.909576E+01
   0.104580E+01   0.912207E+01   0.153268E+00   0.900269E+01   0.900269E+01
   0.105055E+01   0.907161E+01   0.152808E+00   0.891071E+01   0.891071E+01
   0.105529E+01   0.892932E+01   0.152342E+00   0.881982E+01   0.881982E+01
   0.106003E+01   0.885045E+01   0.152108E+00   0.872998E+01   0.872998E+01
   0.106477E+01   0.873161E+01   0.151617E+00   0.864120E+01   0.864120E+01
   0.106952E+01   0.868488E+01   0.151207E+00   0.855346E+01   0.855346E+01
   0.107426E+01   0.871492E+01   0.151040E+00   0.846677E+01   0.846677E+01
   0.107900E+01   0.867142E+01   0.150472E+00   0.838110E+01   0.838110E+01
   0.108374E+01   0.847343E+01   0.150156E+00   0.829646E+01   0.829646E+01
   0.108849E+01   0.838862E+01   0.149963E+00   0.821283E+01   0.821283E+01
   0.109323E+01   0.830965E+01   0.149439E+00   0.813021E+01   0.813021E+01
   0.109797E+01   0.819170E+01   0.149035E+00   0.804857E+01   0.804857E+01
   0.110272E+01   0.837135E+01   0.148891E+00   0.796791E+01   0.796791E+01
   0.110746E+01   0.814237E+01   0.148525E+00   0.788821E+01   0.788821E+01
   0.111220E+01   0.804005E+01   0.148158E+00   0.780948E+01   0.780948E+01
   0.111695E+01   0.786783E+01   0.147725E+00   0.773170E+01   0.773170E+01
   0.112169E+01   0.774447E+01   0.147397E+00   0.765486E+01   0.765486E+01
   0.112643E+01   0.769018E+01   0.147170E+00   0.757896E+01   0.757896E+01
   0.113117E+01   0.767005E+01   0.146773E+00   0.750396E+01   0.750396E+01
   0.113592E+01   0.758324E+01   0.146426E+00   0.742987E+01   0.742987E+01
   0.114066E+01   0.725975E+01   0.146227E+00   0.735668E+01   0.735668E+01
   0.114540E+01   0.730140E+01   0.145602E+00   0.728437E+01   0.728437E+01
   0.115014E+01   0.734900E+01   0.145410E+00   0.721294E+01   0.721294E+01
   0.115489E+01   0.740684E+01   0.145154E+00   0.714237E+01   0.714237E+01
   0.115963E+01   0.745829E+01   0.145035E+00   0.707266E+01   0.707266E+01
   0.116437E+01   0.714005E+01   0.144596E+00   0.700380E+01   0.700380E+01
   0.116912E+01   0.697386E+01   0.144225E+00   0.693576E+01   0.693576E+01
   0.117386E+01   0.687739E+01   0.143589E+00   0.686854E+01   0.686854E+01
   0.117860E+01   0.688773E+01   0.143550E+00   0.680213E+01   0.680213E+01
   0.118335E+01   0.691129E+01   0.143155E+00   0.673652E+01   0.673652E+01
   0.118809E+01   0.657246E+01   0.142857E+00   0.667169E+01   0.667169E+01
   0.119283E+01   0.658996E+01   0.142572E+00   0.660765E+01   0.660765E+01
   0.119757E+01   0.678337E+01   0.142108E+00   0.654438E+01   0.654438E+01
   0.120232E+01   0.664955E+01   0.141733E+00   0.648185E+01   0.648185E+01
   0.120706E+01   0.642492E+01   0.142449E+00   0.642007E+01   0.642007E+01
   0.121180E+01   0.635140E+01   0.147042E+00   0.635902E+01   0.635902E+01
   0.121654E+01   0.651636E+01   0.150003E+00   0.629870E+01   0.629870E+01
   0.122129E+01   0.641070E+01   0.152221E+00   0.623908E+01   0.623908E+01
   0.122603E+01   0.635050E+01   0.153792E+00   0.618017E+01   0.618017E+01
   0.123077E+01   0.595020E+01   0.155246E+00   0.612195E+01   0.612195E+01
   0.123552E+01   0.585529E+01   0.156575E+00   0.606442E+01   0.606442E+01
   0.124026E+01   0.600411E+01   0.158113E+00   0.600754E+01   0.600754E+01
   0.124500E+01   0.581613E+01   0.159208E+00   0.595133E+01   0.595133E+01
   0.124975E+01   0.580232E+01   0.160510E+00   0.589576E+01   0.589576E+01
   0.125449E+01   0.577713E+01   0.161538E+00   0.584084E+01   0.584084E+01
   0.125923E+01   0.566196E+01   0.162251E+00   0.578653E+01   0.578653E+01
   0.126397E+01   0.566402E+01   0.162837E+00   0.573285E+01   0.573285E+01
   0.126872E+01   0.553214E+01   0.162925E+00   0.567979E+01   0.567979E+01
   0.127346E+01   0.574760E+01   0.160621E+00   0.562731E+01   0.562731E+01
   0.127820E+01   0.560260E+01   0.155088E+00   0.557542E+01   0.557542E+01
   0.128295E+01   0.551735E+01   0.151671E+00   0.552411E+01   0.552411E+01
   0.128769E+01   0.558443E+01   0.149338E+00   0.547336E+01   0.547336E+01
   0.129243E+01   0.544825E+01   0.147325E+00   0.542317E+01   0.542317E+01
   0.129717E+01   0.556153E+01   0.146139E+00   0.537353E+01   0.537353E+01
   0.130192E+01   0.553805E+01   0.144815E+00   0.532445E+01   0.532445E+01
   0.130666E+01   0.535379E+01   0.143553E+00   0.527588E+01   0.527588E+01
   0.131140E+01   0.513603E+01   0.142149E+00   0.522783E+01   0.522783E+01
   0.131614E+01   0.527540E+01   0.141171E+00   0.518029E+01   0.518029E+01
   0.132089E+01   0.513699E+01   0.140523E+00   0.513325E+01   0.513325E+01
   0.132563E+01   0.515469E+01   0.139909E+00   0.508671E+01   0.508671E+01
   0.133037E+01   0.521185E+01   0.139696E+00   0.504065E+01   0.504065E+01
   0.133512E+01   0.494372E+01   0.139153E+00   0.499507E+01   0.499507E+01
   0.133986E+01   0.493867E+01   0.138852E+00   0.494996E+01   0.494996E+01
   0.134460E+01   0.501879E+01   0.138494E+00   0.490531E+01   0.490531E+01
   0.134935E+01   0.483386E+01   0.138046E+00   0.486110E+01   0.486110E+01
   0.135409E+01   0.482496E+01   0.137590E+00   0.481734E+01   0.481734E+01
   0.135883E+01   0.489287E+01   0.137393E+00   0.477401E+01   0.477401E+01
   0.136357E+01   0.476773E+01   0.137164E+00   0.473111E+01   0.473111E+01
   0.136832E+01   0.464718E+01   0.136720E+00   0.468863E+01   0.468863E+01
   0.137306E+01   0.473584E+01   0.136409E+00   0.464656E+01   0.464656E+01
   0.137780E+01   0.451827E+01   0.135928E+00   0.460489E+01   0.460489E+01
   0.138254E+01   0.455690E+01   0.135750E+00   0.456362E+01   0.456362E+01
   0.138729E+01   0.438251E+01   0.135338E+00   0.452274E+01   0.452274E+01
   0.139203E+01   0.455257E+01   0.135199E+00   0.448224E+01   0.448224E+01
   0.139677E+01   0.436827E+01   0.134995E+00   0.444211E+01   0.444211E+01
   0.140152E+01   0.410672E+01   0.134378E+00   0.440235E+01   0.440235E+01
   0.140626E+01   0.433093E+01   0.134227E+00   0.436296E+01   0.436296E+01
   0.141100E+01   0.428772E+01   0.134005E+00   0.432392E+01   0.432392E+01
   0.141575E+01   0.423852E+01   0.133616E+00   0.428523E+01   0.428523E+01
   0.142049E+01   0.404267E+01   0.133132E+00   0.424688E+01   0.424688E+01
   0.142523E+01   0.396339E+01   0.132980E+00   0.420886E+01   0.420886E+01
   0.142997E+01   0.419120E+01   0.132847E+00   0.417118E+01   0.417118E+01
   0.143472E+01   0.402980E+01   0.132600E+00   0.413382E+01   0.413382E+01
   0.143946E+01   0.412192E+01   0.132298E+00   0.409678E+01   0.409678E+01
   0.144420E+01   0.394128E+01   0.132199E+00   0.406006E+01   0.406006E+01
   0.144894E+01   0.401058E+01   0.132024E+00   0.402364E+01   0.402364E+01
   0.145369E+01   0.396178E+01   0.131701E+00   0.398752E+01   0.398752E+01
   0.145843E+01   0.396071E+01   0.131325E+00   0.395170E+01   0.395170E+01
   0.146317E+01   0.393834E+01   0.131046E+00   0.391617E+01   0.391617E+01
   0.146792E+01   0.407511E+01   0.130895E+00   0.388093E+01   0.388093E+01
   0.147266E+01   0.371551E+01   0.130758E+00   0.384598E+01   0.384598E+01
   0.147740E+01   0.372196E+01   0.130563E+00   0.381131E+01   0.381131E+01
   0.148215E+01   0.386551E+01   0.130145E+00   0.377690E+01   0.377690E+01
   0.148689E+01   0.377767E+01   0.130029E+00   0.374277E+01   0.374277E+01
   0.149163E+01   0.367884E+01   0.129685E+00   0.370890E+01   0.370890E+01
   0.149637E+01   0.355809E+01   0.129423E+00   0.367529E+01   0.367529E+01
   0.150112E+01   0.353676E+01   0.129671E+00   0.364194E+01   0.364194E+01
   0.150586E+01   0.383796E+01   0.132097E+00   0.360884E+01   0.360884E+01
   0.151060E+01   0.343819E+01   0.135195E+00   0.357600E+01   0.357600E+01
   0.151534E+01   0.342655E+01   0.137612E+00   0.354340E+01   0.354340E+01
   0.152009E+01   0.338878E+01   0.139665E+00   0.351105E+01   0.351105E+01
   0.152483E+01   0.343304E+01   0.140801E+00   0.347893E+01   0.347893E+01
   0.152957E+01   0.336553E+01   0.141800E+00   0.344705E+01   0.344705E+01
   0.153432E+01   0.318570E+01   0.138209E+00   0.341541E+01   0.341541E+01
   0.153906E+01   0.323462E+01   0.136116E+00   0.338400E+01   0.338400E+01
   0.154380E+01   0.334609E+01   0.134425E+00   0.335281E+01   0.335281E+01
   0.154855E+01   0.322881E+01   0.132910E+00   0.332186E+01   0.332186E+01
   0.155329E+01   0.319716E+01   0.131698E+00   0.329112E+01   0.329112E+01
   0.155803E+01   0.329281E+01   0.130493E+00   0.326061E+01   0.326061E+01
   0.156277E+01   0.324568E+01   0.128971E+00   0.323031E+01   0.323031E+01
   0.156752E+01   0.310152E+01   0.127644E+00   0.320023E+01   0.320023E+01
   0.157226E+01   0.297567E+01   0.127068E+00   0.317036E+01   0.317036E+01
   0.157700E+01   0.296178E+01   0.126364E+00   0.314071E+01   0.314071E+01
   0.158175E+01   0.294413E+01   0.125972E+00   0.311127E+01   0.311127E+01
   0.158649E+01   0.299654E+01   0.126274E+00   0.308204E+01   0.308204E+01
   0.159123E+01   0.287943E+01   0.126220E+00   0.305301E+01   0.305301E+01
   0.159597E+01   0.305944E+01   0.126352E+00   0.302419E+01   0.302419E+01
   0.160072E+01   0.288881E+01   0.126357E+00   0.299557E+01   0.299557E+01
   0.160546E+01   0.278803E+01   0.126123E+00   0.296715E+01   0.296715E+01
   0.161020E+01   0.282434E+01   0.125782E+00   0.293894E+01   0.293894E+01
   0.161495E+01   0.282026E+01   0.125590E+00   0.291092E+01   0.291092E+01
   0.161969E+01   0.269101E+01   0.125307E+00   0.288311E+01   0.288311E+01
   0.162443E+01   0.275431E+01   0.125236E+00   0.285549E+01   0.285549E+01
   0.162917E+01   0.266191E+01   0.125063E+00   0.282807E+01   0.282807E+01
   0.163392E+01   0.268934E+01   0.124694E+00   0.280084E+01   0.280084E+01
   0.163866E+01   0.269928E+01   0.124626E+00   0.277381E+01   0.277381E+01
   0.164340E+01   0.267424E+01   0.124392E+00   0.274698E+01   0.274698E+01
   0.164815E+01   0.265521E+01   0.124461E+00   0.272033E+01   0.272033E+01
   0.165289E+01   0.264590E+01   0.123871E+00   0.269389E+01   0.269389E+01
   0.165763E+01   0.273709E+01   0.123836E+00   0.266763E+01   0.266763E+01
   0.166237E+01   0.269046E+01   0.123590E+00   0.264157E+01   0.264157E+01
   0.166712E+01   0.263605E+01   0.123155E+00   0.261570E+01   0.261570E+01
   0.167186E+01   0.260120E+01   0.123207E+00   0.259001E+01   0.259001E+01
   0.167660E+01   0.241218E+01   0.122839E+00   0.256452E+01   0.256452E+01
   0.168135E+01   0.250488E+01   0.122929E+00   0.253922E+01   0.253922E+01
   0.168609E+01   0.252824E+01   0.122546E+00   0.251411E+01   0.251411E+01
   0.169083E+01   0.240820E+01   0.121998E+00   0.248920E+01   0.248920E+01
   0.169557E+01   0.242290E+01   0.122139E+00   0.246447E+01   0.246447E+01
   0.170032E+01   0.233823E+01   0.121862E+00   0.243993E+01   0.243993E+01
   0.170506E+01   0.221679E+01   0.121622E+00   0.241558E+01   0.241558E+01
   0.170980E+01   0.233148E+01   0.121399E+00   0.239142E+01   0.239142E+01
   0.171455E+01   0.247401E+01   0.121368E+00   0.236745E+01   0.236745E+01
   0.171929E+01   0.240550E+01   0.121264E+00   0.234368E+01   0.234368E+01
   0.172403E+01   0.229838E+01   0.120831E+00   0.232009E+01   0.232009E+01
   0.172877E+01   0.254168E+01   0.120810E+00   0.229670E+01   0.229670E+01
   0.173352E+01   0.231090E+01   0.120374E+00   0.227349E+01   0.227349E+01
   0.173826E+01   0.240738E+01   0.120338E+00   0.225048E+01   0.225048E+01
   0.174300E+01   0.214972E+01   0.120108E+00   0.222765E+01   0.222765E+01
   0.174775E+01   0.224964E+01   0.120211E+00   0.220502E+01   0.220502E+01
   0.175249E+01   0.212030E+01   0.119688E+00   0.218258E+01   0.218258E+01
   0.175723E+01   0.211934E+01   0.119721E+00   0.216033E+01   0.216033E+01
   0.176197E+01   0.200642E+01   0.119479E+00   0.213828E+01   0.213828E+01
   0.176672E+01   0.202773E+01   0.119227E+00   0.211641E+01   0.211641E+01
   0.177146E+01   0.194573E+01   0.118941E+00   0.209474E+01   0.209474E+01
   0.177620E+01   0.197541E+01   0.118817E+00   0.207326E+01   0.207326E+01
   0.178095E+01   0.199708E+01   0.118696E+00   0.205198E+01   0.205198E+01
   0.178569E+01   0.206894E+01   0.118492E+00   0.203089E+01   0.203089E+01
   0.179043E+01   0.209152E+01   0.118440E+00   0.200999E+01   0.200999E+01
   0.179517E+01   0.187859E+01   0.118039E+00   0.198930E+01   0.198930E+01
   0.179992E+01   0.184535E+01   0.118029E+00   0.196879E+01   0.196879E+01
   0.180466E+01   0.179187E+01   0.117800E+00   0.194848E+01   0.194848E+01
   0.180940E+01   0.192896E+01   0.117714E+00   0.192836E+01   0.192836E+01
   0.181415E+01   0.188332E+01   0.117339E+00   0.190844E+01   0.190844E+01
   0.181889E+01   0.190581E+01   0.117228E+00   0.188871E+01   0.188871E+01
   0.182363E+01   0.179750E+01   0.117231E+00   0.186918E+01   0.186918E+01
   0.182838E+01   0.182196E+01   0.117036E+00   0.184985E+01   0.184985E+01
   0.183312E+01   0.193806E+01   0.116829E+00   0.183072E+01   0.183072E+01
   0.183786E+01   0.187962E+01   0.116753E+00   0.181178E+01   0.181178E+01
   0.184260E+01   0.175221E+01   0.116525E+00   0.179304E+01   0.179304E+01
   0.184735E+01   0.174925E+01   0.116181E+00   0.177449E+01   0.177449E+01
   0.185209E+01   0.177688E+01   0.116207E+00   0.175615E+01   0.175615E+01
   0.185683E+01   0.179986E+01   0.116192E+00   0.173800E+01   0.173800E+01
   0.186157E+01   0.169642E+01   0.115819E+00   0.172004E+01   0.172004E+01
   0.186632E+01   0.175404E+01   0.115764E+00   0.170229E+01   0.170229E+01
   0.187106E+01   0.173322E+01   0.115535E+00   0.168474E+01   0.168474E+01
   0.187580E+01   0.176254E+01   0.115414E+00   0.166738E+01   0.166738E+01
   0.188055E+01   0.163205E+01   0.115205E+00   0.165022E+01   0.165022E+01
   0.188529E+01   0.151840E+01   0.115031E+00   0.163326E+01   0.163326E+01
   0.189003E+01   0.147236E+01   0.114773E+00   0.161649E+01   0.161649E+01
   0.189478E+01   0.159943E+01   0.114767E+00   0.159993E+01   0.159993E+01
   0.189952E+01   0.176287E+01   0.114647E+00   0.158356E+01   0.158356E+01
   0.190426E+01   0.166381E+01   0.114469E+00   0.156739E+01   0.156739E+01
   0.190900E+01   0.145359E+01   0.114180E+00   0.155141E+01   0.155141E+01
   0.191375E+01   0.126170E+01   0.114156E+00   0.153564E+01   0.153564E+01
   0.191849E+01   0.155663E+01   0.113913E+00   0.152006E+01   0.152006E+01
   0.192323E+01   0.147321E+01   0.113810E+00   0.150467E+01   0.150467E+01
   0.192797E+01   0.137246E+01   0.113661E+00   0.148948E+01   0.148948E+01
   0.193272E+01   0.161380E+01   0.113471E+00   0.147449E+01   0.147449E+01
   0.193746E+01   0.165035E+01   0.113130E+00   0.145970E+01   0.145970E+01
   0.194220E+01   0.140487E+01   0.112859E+00   0.144510E+01   0.144510E+01
   0.194695E+01   0.149191E+01   0.112591E+00   0.143069E+01   0.143069E+01
   0.195169E+01   0.137831E+01   0.112253E+00   0.141647E+01   0.141647E+01
   0.195643E+01   0.140785E+01   0.112192E+00   0.140245E+01   0.140245E+01
   0.196117E+01   0.139877E+01   0.111963E+00   0.138863E+01   0.138863E+01
   0.196592E+01   0.137476E+01   0.111882E+00   0.137499E+01   0.137499E+01
   0.197066E+01   0.147820E+01   0.111748E+00   0.136155E+01   0.136155E+01
   0.197540E+01   0.139151E+01   0.111601E+00   0.134830E+01   0.134830E+01
   0.198015E+01   0.136049E+01   0.111723E+00   0.133523E+01   0.133523E+01
   0.198489E+01   0.139943E+01   0.111852E+00   0.132236E+01   0.132236E+01
   0.198963E+01   0.139139E+01   0.111748E+00   0.130967E+01   0.130967E+01
   0.199438E+01   0.121250E+01   0.111603E+00   0.129717E+01   0.129717E+01
   0.199912E+01   0.115727E+01   0.111361E+00   0.128486E+01   0.128486E+01
   0.200386E+01   0.126404E+01   0.111436E+00   0.127273E+01   0.127273E+01
   0.200860E+01   0.117847E+01   0.111408E+00   0.126079E+01   0.126079E+01
   0.201335E+01   0.119858E+01   0.112446E+00   0.124903E+01   0.124903E+01
   0.201809E+01   0.125928E+01   0.115521E+00   0.123745E+01   0.123745E+01
   0.202283E+01   0.121458E+01   0.117389E+00   0.122606E+01   0.122606E+01
   0.202758E+01   0.124573E+01   0.118866E+00   0.121484E+01   0.121484E+01
   0.203232E+01   0.146404E+01   0.120084E+00   0.120380E+01   0.120380E+01
   0.203706E+01   0.122416E+01   0.121109E+00   0.119294E+01   0.119294E+01
   0.204180E+01   0.100412E+01   0.121891E+00   0.118226E+01   0.118226E+01
   0.204655E+01   0.118439E+01   0.122544E+00   0.117175E+01   0.117175E+01
   0.205129E+01   0.129273E+01   0.122808E+00   0.116141E+01   0.116141E+01
   0.205603E+01   0.120295E+01   0.122998E+00   0.115124E+01   0.115124E+01
   0.206078E+01   0.123167E+01   0.123319E+00   0.114125E+01   0.114125E+01
   0.206552E+01   0.117875E+01   0.123649E+00   0.113142E+01   0.113142E+01
   0.207026E+01   0.105346E+01   0.123895E+00   0.112176E+01   0.112176E+01
   0.207500E+01   0.112597E+01   0.124090E+00   0.111227E+01   0.111227E+01
   0.207975E+01   0.121435E+01   0.121648E+00   0.110294E+01   0.110294E+01
   0.208449E+01   0.130539E+01   0.118533E+00   0.109377E+01   0.109377E+01
   0.208923E+01   0.110723E+01   0.116692E+00   0.108477E+01   0.108477E+01
   0.209397E+01   0.110115E+01   0.115421E+00   0.107592E+01   0.107592E+01
   0.209872E+01   0.114341E+01   0.114358E+00   0.106723E+01   0.106723E+01
   0.210346E+01   0.993011E+00   0.113263E+00   0.105870E+01   0.105870E+01
   0.210820E+01   0.108512E+01   0.112721E+00   0.105032E+01   0.105032E+01
   0.211295E+01   0.110301E+01   0.112490E+00   0.104209E+01   0.104209E+01
   0.211769E+01   0.922147E+00   0.112032E+00   0.103401E+01   0.103401E+01
   0.212243E+01   0.108922E+01   0.112018E+00   0.102608E+01   0.102608E+01
   0.212717E+01   0.924977E+00   0.111616E+00   0.101830E+01   0.101830E+01
   0.213192E+01   0.975495E+00   0.111229E+00   0.101066E+01   0.101066E+01
   0.213666E+01   0.105390E+01   0.111057E+00   0.100316E+01   0.100316E+01
   0.214140E+01   0.115092E+01   0.111046E+00   0.995807E+00   0.995807E+00
   0.214615E+01   0.113541E+01   0.110746E+00   0.988591E+00   0.988591E+00
   0.215089E+01   0.107731E+01   0.110355E+00   0.981511E+00   0.981511E+00
   0.215563E+01   0.108277E+01   0.110281E+00   0.974566E+00   0.974566E+00
   0.216038E+01   0.105005E+01   0.110073E+00   0.967751E+00   0.967751E+00
   0.216512E+01   0.106640E+01   0.109959E+00   0.961068E+00   0.961068E+00
   0.216986E+01   0.886455E+00   0.109643E+00   0.954514E+00   0.954514E+00
   0.217460E+01   0.921565E+00   0.109475E+00   0.948085E+00   0.948085E+00
   0.217935E+01   0.856005E+00   0.109323E+00   0.941781E+00   0.941781E+00
   0.218409E+01   0.949674E+00   0.109113E+00   0.935600E+00   0.935600E+00
   0.218883E+01   0.986190E+00   0.109129E+00   0.929538E+00   0.929538E+00
   0.219358E+01   0.100052E+01   0.108760E+00   0.923593E+00   0.923593E+00
   0.219832E+01   0.917333E+00   0.108635E+00   0.917764E+00   0.917764E+00
   0.220306E+01   0.873083E+00   0.108422E+00   0.912048E+00   0.912048E+00
   0.220780E+01   0.990262E+00   0.108401E+00   0.906444E+00   0.906444E+00
   0.221255E+01   0.999158E+00   0.108306E+00   0.900949E+00   0.900949E+00
   0.221729E+01   0.992590E+00   0.108153E+00   0.895562E+00   0.895562E+00
   0.222203E+01   0.953869E+00   0.107924E+00   0.890278E+00   0.890278E+00
   0.222677E+01   0.948513E+00   0.107769E+00   0.885097E+00   0.885097E+00
   0.223152E+01   0.876706E+00   0.107648E+00   0.880016E+00   0.880016E+00
   0.223626E+01   0.879090E+00   0.107426E+00   0.875034E+00   0.875034E+00
   0.224100E+01   0.827774E+00   0.107252E+00   0.870147E+00   0.870147E+00
   0.224575E+01   0.819150E+00   0.107198E+00   0.865354E+00   0.865354E+00
   0.225049E+01   0.792488E+00   0.106950E+00   0.860653E+00   0.860653E+00
   0.225523E+01   0.880980E+00   0.106883E+00   0.856043E+00   0.856043E+00
   0.225997E+01   0.882606E+00   0.106828E+00   0.851518E+00   0.851518E+00
   0.226472E+01   0.811123E+00   0.106624E+00   0.847079E+00   0.847079E+00
   0.226946E+01   0.793862E+00   0.106329E+00   0.842725E+00   0.842725E+00
   0.227420E+01   0.823762E+00   0.106230E+00   0.838447E+00   0.838447E+00
   0.227895E+01   0.881595E+00   0.106205E+00   0.834251E+00   0.834251E+00
   0.228369E+01   0.756911E+00   0.106017E+00   0.830131E+00   0.830131E+00
   0.228843E+01   0.857467E+00   0.105984E+00   0.826086E+00   0.826086E+00
   0.229318E+01   0.784994E+00   0.105770E+00   0.822112E+00   0.822112E+00
   0.229792E+01   0.753748E+00   0.105651E+00   0.818209E+00   0.818209E+00
   0.230266E+01   0.946988E+00   0.105589E+00   0.814374E+00   0.814374E+00
   0.230740E+01   0.783837E+00   0.105307E+00   0.810606E+00   0.810606E+00
   0.231215E+01   0.778771E+00   0.105186E+00   0.806901E+00   0.806901E+00
   0.231689E+01   0.681544E+00   0.105184E+00   0.803259E+00   0.803259E+00
   0.232163E+01   0.803933E+00   0.105019E+00   0.799677E+00   0.799677E+00
   0.232638E+01   0.823335E+00   0.105036E+00   0.796153E+00   0.796153E+00
   0.233112E+01   0.708948E+00   0.104783E+00   0.792685E+00   0.792685E+00
   0.233586E+01   0.720140E+00   0.104715E+00   0.789271E+00   0.789271E+00
   0.234060E+01   0.784275E+00   0.104545E+00   0.785909E+00   0.785909E+00
   0.234535E+01   0.731642E+00   0.104445E+00   0.782598E+00   0.782598E+00
   0.235009E+01   0.803660E+00   0.104312E+00   0.779336E+00   0.779336E+00
   0.235483E+01   0.659082E+00   0.104164E+00   0.776120E+00   0.776120E+00
   0.235957E+01   0.480066E+00   0.104033E+00   0.772950E+00   0.772950E+00
   0.236432E+01   0.597903E+00   0.103916E+00   0.769822E+00   0.769822E+00
   0.236906E+01   0.648705E+00   0.103846E+00   0.766736E+00   0.766736E+00
   0.237380E+01   0.738451E+00   0.103599E+00   0.763689E+00   0.763689E+00
   0.237855E+01   0.968493E+00   0.103665E+00   0.760680E+00   0.760680E+00
   0.238329E+01   0.826284E+00   0.103338E+00   0.757708E+00   0.757708E+00
   0.238803E+01   0.757221E+00   0.103494E+00   0.754770E+00   0.754770E+00
   0.239277E+01   0.738555E+00   0.103166E+00   0.751865E+00   0.751865E+00
   0.239752E+01   0.753127E+00   0.103026E+00   0.748992E+00   0.748992E+00
   0.240226E+01   0.782032E+00   0.102961E+00   0.746148E+00   0.746148E+00
   0.240700E+01   0.708503E+00   0.102848E+00   0.743333E+00   0.743333E+00
   0.241175E+01   0.683676E+00   0.102757E+00   0.740544E+00   0.740544E+00
   0.241649E+01   0.674337E+00   0.102793E+00   0.737781E+00   0.737781E+00
   0.242123E+01   0.767347E+00   0.102693E+00   0.735042E+00   0.735042E+00
   0.242598E+01   0.570541E+00   0.102579E+00   0.732326E+00   0.732326E+00
   0.243072E+01   0.620300E+00   0.102374E+00   0.729631E+00   0.729631E+00
   0.243546E+01   0.711782E+00   0.102376E+00   0.726956E+00   0.726956E+00
   0.244020E+01   0.616606E+00   0.102161E+00   0.724299E+00   0.724299E+00
   0.244495E+01   0.606426E+00   0.102071E+00   0.721660E+00   0.721660E+00
   0.244969E+01   0.704880E+00   0.102058E+00   0.719037E+00   0.719037E+00
   0.245443E+01   0.628483E+00   0.101960E+00   0.716429E+00   0.716429E+00
   0.245918E+01   0.537183E+00   0.101862E+00   0.713835E+00   0.713835E+00
   0.246392E+01   0.695587E+00   0.101715E+00   0.711254E+00   0.711254E+00
   0.246866E+01   0.739352E+00   0.101600E+00   0.708684E+00   0.708684E+00
   0.247340E+01   0.572333E+00   0.101477E+00   0.706125E+00   0.706125E+00
   0.247815E+01   0.630536E+00   0.101339E+00   0.703576E+00   0.703576E+00
   0.248289E+01   0.549029E+00   0.101086E+00   0.701035E+00   0.701035E+00
   0.248763E+01   0.689360E+00   0.101007E+00   0.698502E+00   0.698502E+00
   0.249238E+01   0.830125E+00   0.101145E+00   0.695976E+00   0.695976E+00
   0.249712E+01   0.613998E+00   0.100918E+00   0.693456E+00   0.693456E+00
   0.250186E+01   0.586715E+00   0.100890E+00   0.690942E+00   0.690942E+00
   0.250660E+01   0.668915E+00   0.100705E+00   0.688432E+00   0.688432E+00
   0.251135E+01   0.622346E+00   0.100353E+00   0.685926E+00   0.685926E+00
   0.251609E+01   0.716922E+00   0.100433E+00   0.683422E+00   0.683422E+00
   0.252083E+01   0.650730E+00   0.100331E+00   0.680921E+00   0.680921E+00
   0.252558E+01   0.645531E+00   0.100111E+00   0.678422E+00   0.678422E+00
   0.253032E+01   0.669368E+00   0.997372E-01   0.675924E+00   0.675924E+00
   0.253506E+01   0.655016E+00   0.997290E-01   0.673427E+00   0.673427E+00
   0.253980E+01   0.673525E+00   0.994877E-01   0.670929E+00   0.670929E+00
   0.254455E+01   0.605662E+00   0.994656E-01   0.668431E+00   0.668431E+00
   0.254929E+01   0.693944E+00   0.994139E-01   0.665932E+00   0.665932E+00
   0.255403E+01   0.393869E+00   0.993708E-01   0.663432E+00   0.663432E+00
   0.255878E+01   0.350368E+00   0.992313E-01   0.660930E+00   0.660930E+00
   0.256352E+01   0.685366E+00   0.993088E-01   0.658426E+00   0.658426E+00
   0.256826E+01   0.801246E+00   0.994038E-01   0.655920E+00   0.655920E+00
   0.257300E+01   0.623238E+00   0.990642E-01   0.653411E+00   0.653411E+00
   0.257775E+01   0.681122E+00   0.991303E-01   0.650899E+00   0.650899E+00
   0.258249E+01   0.638293E+00   0.991287E-01   0.648384E+00   0.648384E+00
   0.258723E+01   0.535188E+00   0.992180E-01   0.645865E+00   0.645865E+00
   0.259198E+01   0.656666E+00   0.990723E-01   0.643344E+00   0.643344E+00
   0.259672E+01   0.604166E+00   0.988690E-01   0.640818E+00   0.640818E+00
   0.260146E+01   0.507600E+00   0.988408E-01   0.638289E+00   0.638289E+00
   0.260620E+01   0.597919E+00   0.987221E-01   0.635756E+00   0.635756E+00
   0.261095E+01   0.565336E+00   0.986341E-01   0.633219E+00   0.633219E+00
   0.261569E+01   0.576769E+00   0.985130E-01   0.630679E+00   0.630679E+00
   0.262043E+01   0.436928E+00   0.984000E-01   0.628134E+00   0.628134E+00
   0.262518E+01   0.566776E+00   0.983454E-01   0.625586E+00   0.625586E+00
   0.262992E+01   0.655270E+00   0.982690E-01   0.623034E+00   0.623034E+00
   0.263466E+01   0.507390E+00   0.981577E-01   0.620479E+00   0.620479E+00
   0.263940E+01   0.558045E+00   0.981741E-01   0.617920E+00   0.617920E+00
   0.264415E+01   0.502187E+00   0.978799E-01   0.615358E+00   0.615358E+00
   0.264889E+01   0.539450E+00   0.979292E-01   0.612793E+00   0.612793E+00
   0.265363E+01   0.460837E+00   0.979194E-01   0.610224E+00   0.610224E+00
   0.265838E+01   0.546426E+00   0.976767E-01   0.607653E+00   0.607653E+00
   0.266312E+01   0.484301E+00   0.976986E-01   0.605080E+00   0.605080E+00
   0.266786E+01   0.638536E+00   0.975089E-01   0.602504E+00   0.602504E+00
   0.267260E+01   0.635427E+00   0.973396E-01   0.599926E+00   0.599926E+00
   0.267735E+01   0.467065E+00   0.974002E-01   0.597347E+00   0.597347E+00
   0.268209E+01   0.526097E+00   0.973027E-01   0.594766E+00   0.594766E+00
   0.268683E+01   0.442610E+00   0.971706E-01   0.592185E+00   0.592185E+00
   0.269158E+01   0.492076E+00   0.971617E-01   0.589602E+00   0.589602E+00
   0.269632E+01   0.449576E+00   0.969179E-01   0.587020E+00   0.587020E+00
   0.270106E+01   0.491069E+00   0.967460E-01   0.584437E+00   0.584437E+00
   0.270580E+01   0.595928E+00   0.969286E-01   0.581855E+00   0.581855E+00
   0.271055E+01   0.497667E+00   0.968497E-01   0.579275E+00   0.579275E+00
   0.271529E+01   0.504879E+00   0.968595E-01   0.576695E+00   0.576695E+00
   0.272003E+01   0.643450E+00   0.965556E-01   0.574117E+00   0.574117E+00
   0.272478E+01   0.447025E+00   0.965650E-01   0.571542E+00   0.571542E+00
   0.272952E+01   0.606759E+00   0.965068E-01   0.568970E+00   0.568970E+00
   0.273426E+01   0.604238E+00   0.963852E-01   0.566400E+00   0.566400E+00
   0.273901E+01   0.565550E+00   0.963478E-01   0.563835E+00   0.563835E+00
   0.274375E+01   0.489241E+00   0.962071E-01   0.561274E+00   0.561274E+00
   0.274849E+01   0.506903E+00   0.959701E-01   0.558718E+00   0.558718E+00
   0.275323E+01   0.518897E+00   0.959819E-01   0.556166E+00   0.556166E+00
   0.275798E+01   0.585198E+00   0.958999E-01   0.553621E+00   0.553621E+00
   0.276272E+01   0.538203E+00   0.956942E-01   0.551082E+00   0.551082E+00
   0.276746E+01   0.608956E+00   0.956600E-01   0.548550E+00   0.548550E+00
   0.277221E+01   0.543701E+00   0.956681E-01   0.546025E+00   0.546025E+00
   0.277695E+01   0.488168E+00   0.955138E-01   0.543508E+00   0.543508E+00
   0.278169E+01   0.645646E+00   0.955845E-01   0.541001E+00   0.541001E+00
   0.278643E+01   0.578193E+00   0.953765E-01   0.538501E+00   0.538501E+00
   0.279118E+01   0.524361E+00   0.953007E-01   0.536012E+00   0.536012E+00
   0.279592E+01   0.605479E+00   0.952032E-01   0.533533E+00   0.533533E+00
   0.280066E+01   0.550881E+00   0.952412E-01   0.531064E+00   0.531064E+00
   0.280540E+01   0.595544E+00   0.951066E-01   0.528607E+00   0.528607E+00
   0.281015E+01   0.547603E+00   0.951199E-01   0.526161E+00   0.526161E+00
   0.281489E+01   0.643468E+00   0.951744E-01   0.523729E+00   0.523729E+00
   0.281963E+01   0.453062E+00   0.969681E-01   0.521309E+00   0.521309E+00
   0.282438E+01   0.503739E+00   0.988058E-01   0.518902E+00   0.518902E+00
   0.282912E+01   0.548932E+00   0.100082E+00   0.516510E+00   0.516510E+00
   0.283386E+01   0.675181E+00   0.101181E+00   0.514134E+00   0.514134E+00
   0.283860E+01   0.499066E+00   0.101941E+00   0.511769E+00   0.511769E+00
   0.284335E+01   0.499784E+00   0.102406E+00   0.509422E+00   0.509422E+00
   0.284809E+01   0.438469E+00   0.102569E+00   0.507091E+00   0.507091E+00
   0.285283E+01   0.498943E+00   0.102942E+00   0.504777E+00   0.504777E+00
   0.285758E+01   0.458690E+00   0.103182E+00   0.502480E+00   0.502480E+00
   0.286232E+01   0.493656E+00   0.103351E+00   0.500200E+00   0.500200E+00
   0.286706E+01   0.456621E+00   0.103608E+00   0.497939E+00   0.497939E+00
   0.287181E+01   0.509107E+00   0.103792E+00   0.495696E+00   0.495696E+00
   0.287655E+01   0.708939E+00   0.104058E+00   0.493473E+00   0.493473E+00
   0.288129E+01   0.445409E+00   0.103772E+00   0.491269E+00   0.491269E+00
   0.288603E+01   0.453254E+00   0.101133E+00   0.489086E+00   0.489086E+00
   0.289078E+01   0.483142E+00   0.994879E-01   0.486922E+00   0.486922E+00
   0.289552E+01   0.495039E+00   0.982968E-01   0.484780E+00   0.484780E+00
   0.290026E+01   0.504647E+00   0.974645E-01   0.482658E+00   0.482658E+00
   0.290501E+01   0.522391E+00   0.969422E-01   0.480559E+00   0.480559E+00
   0.290975E+01   0.454493E+00   0.966227E-01   0.478481E+00   0.478481E+00
   0.291449E+01   0.524710E+00   0.964793E-01   0.476427E+00   0.476427E+00
   0.291923E+01   0.445243E+00   0.962324E-01   0.474395E+00   0.474395E+00
   0.292398E+01   0.501954E+00   0.960085E-01   0.472386E+00   0.472386E+00
   0.292872E+01   0.461655E+00   0.957435E-01   0.470401E+00   0.470401E+00
   0.293346E+01   0.483807E+00   0.956686E-01   0.468439E+00   0.468439E+00
   0.293820E+01   0.514840E+00   0.954822E-01   0.466502E+00   0.466502E+00
   0.294295E+01   0.505420E+00   0.954316E-01   0.464589E+00   0.464589E+00
   0.294769E+01   0.587128E+00   0.953472E-01   0.462702E+00   0.462702E+00
   0.295243E+01   0.635486E+00   0.951138E-01   0.460838E+00   0.460838E+00
   0.295718E+01   0.590489E+00   0.951441E-01   0.459001E+00   0.459001E+00
   0.296192E+01   0.419105E+00   0.948568E-01   0.457188E+00   0.457188E+00
   0.296666E+01   0.492592E+00   0.946323E-01   0.455401E+00   0.455401E+00
   0.297140E+01   0.642037E+00   0.946133E-01   0.453640E+00   0.453640E+00
   0.297615E+01   0.562586E+00   0.945657E-01   0.451905E+00   0.451905E+00
   0.298089E+01   0.525051E+00   0.943435E-01   0.450197E+00   0.450197E+00
   0.298563E+01   0.596607E+00   0.943007E-01   0.448514E+00   0.448514E+00
   0.299038E+01   0.515002E+00   0.942497E-01   0.446858E+00   0.446858E+00
   0.299512E+01   0.526670E+00   0.939697E-01   0.445229E+00   0.445229E+00
   0.299986E+01   0.525417E+00   0.938165E-01   0.443626E+00   0.443626E+00

           ####      Real Space Data                               ####

           Distance distribution  function of particle  


      R          P(R)      ERROR

  0.0000E+00  0.0000E+00  0.0000E+00
  0.3392E-01  0.1194E-01  0.2761E-03
  0.6783E-01  0.2448E-01  0.5185E-03
  0.1017E+00  0.3763E-01  0.7275E-03
  0.1357E+00  0.5137E-01  0.9037E-03
  0.1696E+00  0.6570E-01  0.1048E-02
  0.2035E+00  0.8062E-01  0.1161E-02
  0.2374E+00  0.9610E-01  0.1245E-02
  0.2713E+00  0.1121E+00  0.1300E-02
  0.3052E+00  0.1287E+00  0.1328E-02
  0.3392E+00  0.1458E+00  0.1332E-02
  0.3731E+00  0.1634E+00  0.1313E-02
  0.4070E+00  0.1814E+00  0.1274E-02
  0.4409E+00  0.1999E+00  0.1217E-02
  0.4748E+00  0.2189E+00  0.1147E-02
  0.5087E+00  0.2382E+00  0.1066E-02
  0.5426E+00  0.2579E+00  0.9804E-03
  0.5766E+00  0.2779E+00  0.8958E-03
  0.6105E+00  0.2983E+00  0.8202E-03
  0.6444E+00  0.3189E+00  0.7634E-03
  0.6783E+00  0.3397E+00  0.7355E-03
  0.7122E+00  0.3607E+00  0.7436E-03
  0.7461E+00  0.3819E+00  0.7885E-03
  0.7801E+00  0.4033E+00  0.8644E-03
  0.8140E+00  0.4247E+00  0.9627E-03
  0.8479E+00  0.4461E+00  0.1075E-02
  0.8818E+00  0.4676E+00  0.1194E-02
  0.9157E+00  0.4890E+00  0.1315E-02
  0.9496E+00  0.5103E+00  0.1433E-02
  0.9835E+00  0.5315E+00  0.1546E-02
  0.1017E+01  0.5526E+00  0.1650E-02
  0.1051E+01  0.5734E+00  0.1745E-02
  0.1085E+01  0.5940E+00  0.1828E-02
  0.1119E+01  0.6143E+00  0.1898E-02
  0.1153E+01  0.6343E+00  0.1956E-02
  0.1187E+01  0.6539E+00  0.1999E-02
  0.1221E+01  0.6731E+00  0.2029E-02
  0.1255E+01  0.6919E+00  0.2044E-02
  0.1289E+01  0.7102E+00  0.2046E-02
  0.1323E+01  0.7280E+00  0.2034E-02
  0.1357E+01  0.7453E+00  0.2011E-02
  0.1391E+01  0.7619E+00  0.1976E-02
  0.1424E+01  0.7780E+00  0.1932E-02
  0.1458E+01  0.7934E+00  0.1879E-02
  0.1492E+01  0.8081E+00  0.1822E-02
  0.1526E+01  0.8222E+00  0.1761E-02
  0.1560E+01  0.8355E+00  0.1699E-02
  0.1594E+01  0.8481E+00  0.1641E-02
  0.1628E+01  0.8599E+00  0.1589E-02
  0.1662E+01  0.8710E+00  0.1547E-02
  0.1696E+01  0.8813E+00  0.1518E-02
  0.1730E+01  0.8907E+00  0.1505E-02
  0.1764E+01  0.8994E+00  0.1510E-02
  0.1798E+01  0.9073E+00  0.1533E-02
  0.1831E+01  0.9143E+00  0.1574E-02
  0.1865E+01  0.9205E+00  0.1630E-02
  0.1899E+01  0.9258E+00  0.1698E-02
  0.1933E+01  0.9304E+00  0.1777E-02
  0.1967E+01  0.9341E+00  0.1863E-02
  0.2001E+01  0.9370E+00  0.1952E-02
  0.2035E+01  0.9391E+00  0.2042E-02
  0.2069E+01  0.9404E+00  0.2132E-02
  0.2103E+01  0.9409E+00  0.2218E-02
  0.2137E+01  0.9407E+00  0.2300E-02
  0.2171E+01  0.9397E+00  0.2375E-02
  0.2204E+01  0.9380E+00  0.2443E-02
  0.2238E+01  0.9355E+00  0.2504E-02
  0.2272E+01  0.9324E+00  0.2556E-02
  0.2306E+01  0.9287E+00  0.2600E-02
  0.2340E+01  0.9243E+00  0.2635E-02
  0.2374E+01  0.9193E+00  0.2663E-02
  0.2408E+01  0.9137E+00  0.2682E-02
  0.2442E+01  0.9076E+00  0.2695E-02
  0.2476E+01  0.9009E+00  0.2702E-02
  0.2510E+01  0.8938E+00  0.2704E-02
  0.2544E+01  0.8862E+00  0.2702E-02
  0.2578E+01  0.8782E+00  0.2698E-02
  0.2611E+01  0.8698E+00  0.2692E-02
  0.2645E+01  0.8611E+00  0.2687E-02
  0.2679E+01  0.8520E+00  0.2683E-02
  0.2713E+01  0.8426E+00  0.2681E-02
  0.2747E+01  0.8330E+00  0.2682E-02
  0.2781E+01  0.8232E+00  0.2688E-02
  0.2815E+01  0.8131E+00  0.2698E-02
  0.2849E+01  0.8029E+00  0.2713E-02
  0.2883E+01  0.7925E+00  0.2733E-02
  0.2917E+01  0.7821E+00  0.2757E-02
  0.2951E+01  0.7715E+00  0.2785E-02
  0.2985E+01  0.7609E+00  0.2815E-02
  0.3018E+01  0.7503E+00  0.2848E-02
  0.3052E+01  0.7397E+00  0.2880E-02
  0.3086E+01  0.7290E+00  0.2913E-02
  0.3120E+01  0.7184E+00  0.2943E-02
  0.3154E+01  0.7079E+00  0.2971E-02
  0.3188E+01  0.6974E+00  0.2995E-02
  0.3222E+01  0.6870E+00  0.3014E-02
  0.3256E+01  0.6767E+00  0.3027E-02
  0.3290E+01  0.6665E+00  0.3034E-02
  0.3324E+01  0.6565E+00  0.3035E-02
  0.3358E+01  0.6465E+00  0.3030E-02
  0.3392E+01  0.6368E+00  0.3017E-02
  0.3425E+01  0.6271E+00  0.2999E-02
  0.3459E+01  0.6176E+00  0.2975E-02
  0.3493E+01  0.6083E+00  0.2946E-02
  0.3527E+01  0.5991E+00  0.2913E-02
  0.3561E+01  0.5900E+00  0.2878E-02
  0.3595E+01  0.5812E+00  0.2841E-02
  0.3629E+01  0.5724E+00  0.2805E-02
  0.3663E+01  0.5639E+00  0.2772E-02
  0.3697E+01  0.5554E+00  0.2742E-02
  0.3731E+01  0.5471E+00  0.2719E-02
  0.3765E+01  0.5390E+00  0.2703E-02
  0.3799E+01  0.5310E+00  0.2697E-02
  0.3832E+01  0.5231E+00  0.2701E-02
  0.3866E+01  0.5153E+00  0.2716E-02
  0.3900E+01  0.5076E+00  0.2743E-02
  0.3934E+01  0.5001E+00  0.2781E-02
  0.3968E+01  0.4926E+00  0.2829E-02
  0.4002E+01  0.4853E+00  0.2887E-02
  0.4036E+01  0.4780E+00  0.2954E-02
  0.4070E+01  0.4708E+00  0.3026E-02
  0.4104E+01  0.4636E+00  0.3103E-02
  0.4138E+01  0.4566E+00  0.3183E-02
  0.4172E+01  0.4495E+00  0.3264E-02
  0.4206E+01  0.4426E+00  0.3343E-02
  0.4239E+01  0.4357E+00  0.3420E-02
  0.4273E+01  0.4288E+00  0.3493E-02
  0.4307E+01  0.4220E+00  0.3560E-02
  0.4341E+01  0.4152E+00  0.3620E-02
  0.4375E+01  0.4085E+00  0.3672E-02
  0.4409E+01  0.4018E+00  0.3716E-02
  0.4443E+01  0.3951E+00  0.3751E-02
  0.4477E+01  0.3885E+00  0.3776E-02
  0.4511E+01  0.3819E+00  0.3792E-02
  0.4545E+01  0.3754E+00  0.3798E-02
  0.4579E+01  0.3689E+00  0.3795E-02
  0.4612E+01  0.3624E+00  0.3784E-02
  0.4646E+01  0.3560E+00  0.3764E-02
  0.4680E+01  0.3497E+00  0.3738E-02
  0.4714E+01  0.3434E+00  0.3706E-02
  0.4748E+01  0.3371E+00  0.3669E-02
  0.4782E+01  0.3309E+00  0.3630E-02
  0.4816E+01  0.3248E+00  0.3590E-02
  0.4850E+01  0.3188E+00  0.3550E-02
  0.4884E+01  0.3128E+00  0.3514E-02
  0.4918E+01  0.3069E+00  0.3482E-02
  0.4952E+01  0.3011E+00  0.3457E-02
  0.4986E+01  0.2953E+00  0.3440E-02
  0.5019E+01  0.2897E+00  0.3434E-02
  0.5053E+01  0.2841E+00  0.3440E-02
  0.5087E+01  0.2786E+00  0.3458E-02
  0.5121E+01  0.2732E+00  0.3489E-02
  0.5155E+01  0.2679E+00  0.3534E-02
  0.5189E+01  0.2627E+00  0.3591E-02
  0.5223E+01  0.2576E+00  0.3660E-02
  0.5257E+01  0.2525E+00  0.3741E-02
  0.5291E+01  0.2475E+00  0.3830E-02
  0.5325E+01  0.2425E+00  0.3927E-02
  0.5359E+01  0.2376E+00  0.4030E-02
  0.5393E+01  0.2328E+00  0.4136E-02
  0.5426E+01  0.2280E+00  0.4245E-02
  0.5460E+01  0.2231E+00  0.4353E-02
  0.5494E+01  0.2183E+00  0.4459E-02
  0.5528E+01  0.2135E+00  0.4561E-02
  0.5562E+01  0.2086E+00  0.4657E-02
  0.5596E+01  0.2037E+00  0.4746E-02
  0.5630E+01  0.1987E+00  0.4825E-02
  0.5664E+01  0.1936E+00  0.4893E-02
  0.5698E+01  0.1884E+00  0.4947E-02
  0.5732E+01  0.1831E+00  0.4988E-02
  0.5766E+01  0.1775E+00  0.5011E-02
  0.5800E+01  0.1718E+00  0.5017E-02
  0.5833E+01  0.1659E+00  0.5003E-02
  0.5867E+01  0.1597E+00  0.4967E-02
  0.5901E+01  0.1532E+00  0.4908E-02
  0.5935E+01  0.1463E+00  0.4824E-02
  0.5969E+01  0.1392E+00  0.4714E-02
  0.6003E+01  0.1316E+00  0.4574E-02
  0.6037E+01  0.1237E+00  0.4405E-02
  0.6071E+01  0.1153E+00  0.4203E-02
  0.6105E+01  0.1064E+00  0.3967E-02
  0.6139E+01  0.9704E-01  0.3695E-02
  0.6173E+01  0.8712E-01  0.3386E-02
  0.6207E+01  0.7662E-01  0.3036E-02
  0.6240E+01  0.6553E-01  0.2645E-02
  0.6274E+01  0.5380E-01  0.2210E-02
  0.6308E+01  0.4141E-01  0.1730E-02
  0.6342E+01  0.2833E-01  0.1203E-02
  0.6376E+01  0.1454E-01  0.6268E-03
  0.6410E+01  0.0000E+00  0.0000E+00
