
           ####      G N O M             Version 5.0 (r13469)      ####
                                               Wed Dec 15 15:09:22 2021

           ####      Configuration                                 ####

    System Type:                   arbitrary monodisperse (job = 0)
    Minimum characteristic size:         0.0000
    Maximum characteristic size:         7.2700
    rad56:                               0.0000
    Force 0.0 at r = rmin:                  yes
    Force 0.0 at r = rmax:                  yes
    Initial alpha:                       0.0000
    Initial random seed:    1431185688087767630
    Points in real space:                   190

    Input  1:                      temp-inp.dat
    First data point used:                    1
    Last data point used:                   570
    Scaling coefficient:             0.1000E+01
    Experimental setup:            point collimation



           ####      Results                                       ####

    Parameter    DISCRP  OSCILL  STABIL  SYSDEV  POSITV  VALCEN  SMOOTH
    Weight        1.000   3.000   3.000   3.000   1.000   1.000   1.000
    Sigma         0.300   0.600   0.120   0.120   0.120   0.120   0.600
    Ideal         0.700   1.100   0.000   1.000   1.000   0.950   0.000
    Current       0.460   1.329   0.008   0.942   1.000   0.872   2.224
               --------------------------------------------------------
    Estimate      0.526   0.865   0.996   0.792   1.000   0.652   0.000

    Angular range:                       0.3012 to       2.9999
    Reciprocal space Rg:             0.2279E+01
    Reciprocal space I(0):           0.3615E+02

    Real space range:                    0.0000 to       7.2700
    Real space Rg:                   0.2289E+01 +-   0.7058E-02
    Real space I(0):                 0.3616E+02 +-   0.7792E-01

    Highest ALPHA (theor):           0.3095E+02
    Current ALPHA:                   0.1766E+01

    Total Estimate:                      0.7796 (a GOOD solution)



           ####      Experimental Data and Fit                     ####

      S          J EXP       ERROR       J REG       I REG

   0.000000E+00                                                0.361585E+02
   0.107561E-01                                                0.361512E+02
   0.215123E-01                                                0.361292E+02
   0.322684E-01                                                0.360928E+02
   0.430246E-01                                                0.360418E+02
   0.537807E-01                                                0.359763E+02
   0.645368E-01                                                0.358965E+02
   0.752930E-01                                                0.358024E+02
   0.860491E-01                                                0.356942E+02
   0.968053E-01                                                0.355721E+02
   0.107561E+00                                                0.354361E+02
   0.118318E+00                                                0.352866E+02
   0.129074E+00                                                0.351236E+02
   0.139830E+00                                                0.349474E+02
   0.150586E+00                                                0.347583E+02
   0.161342E+00                                                0.345565E+02
   0.172098E+00                                                0.343423E+02
   0.182854E+00                                                0.341160E+02
   0.193611E+00                                                0.338778E+02
   0.204367E+00                                                0.336281E+02
   0.215123E+00                                                0.333672E+02
   0.225879E+00                                                0.330955E+02
   0.236635E+00                                                0.328133E+02
   0.247391E+00                                                0.325210E+02
   0.258147E+00                                                0.322189E+02
   0.268903E+00                                                0.319075E+02
   0.279660E+00                                                0.315871E+02
   0.290416E+00                                                0.312582E+02
   0.301172E+00   0.305614E+02   0.197049E+00   0.309211E+02   0.309211E+02
   0.305915E+00   0.308907E+02   0.195297E+00   0.307699E+02   0.307699E+02
   0.310658E+00   0.303469E+02   0.193211E+00   0.306173E+02   0.306173E+02
   0.315400E+00   0.305521E+02   0.191654E+00   0.304633E+02   0.304633E+02
   0.320143E+00   0.303310E+02   0.189962E+00   0.303079E+02   0.303079E+02
   0.324886E+00   0.303767E+02   0.187985E+00   0.301511E+02   0.301511E+02
   0.329629E+00   0.302352E+02   0.186444E+00   0.299930E+02   0.299930E+02
   0.334372E+00   0.300033E+02   0.184993E+00   0.298336E+02   0.298336E+02
   0.339115E+00   0.297604E+02   0.185200E+00   0.296729E+02   0.296729E+02
   0.343858E+00   0.296125E+02   0.187543E+00   0.295110E+02   0.295110E+02
   0.348601E+00   0.293617E+02   0.192111E+00   0.293480E+02   0.293480E+02
   0.353343E+00   0.294143E+02   0.195490E+00   0.291838E+02   0.291838E+02
   0.358086E+00   0.290427E+02   0.197206E+00   0.290185E+02   0.290185E+02
   0.362829E+00   0.288452E+02   0.198609E+00   0.288521E+02   0.288521E+02
   0.367572E+00   0.285994E+02   0.199981E+00   0.286848E+02   0.286848E+02
   0.372315E+00   0.286554E+02   0.201635E+00   0.285164E+02   0.285164E+02
   0.377058E+00   0.284481E+02   0.202279E+00   0.283471E+02   0.283471E+02
   0.381801E+00   0.281906E+02   0.203244E+00   0.281768E+02   0.281768E+02
   0.386543E+00   0.277973E+02   0.203744E+00   0.280057E+02   0.280057E+02
   0.391286E+00   0.276890E+02   0.203949E+00   0.278337E+02   0.278337E+02
   0.396029E+00   0.276217E+02   0.205126E+00   0.276609E+02   0.276609E+02
   0.400772E+00   0.274737E+02   0.205867E+00   0.274874E+02   0.274874E+02
   0.405515E+00   0.272547E+02   0.212482E+00   0.273131E+02   0.273131E+02
   0.410258E+00   0.272319E+02   0.217733E+00   0.271381E+02   0.271381E+02
   0.415001E+00   0.270932E+02   0.222307E+00   0.269625E+02   0.269625E+02
   0.419744E+00   0.269839E+02   0.225740E+00   0.267862E+02   0.267862E+02
   0.424486E+00   0.266798E+02   0.228609E+00   0.266093E+02   0.266093E+02
   0.429229E+00   0.263366E+02   0.231508E+00   0.264319E+02   0.264319E+02
   0.433972E+00   0.262481E+02   0.234632E+00   0.262540E+02   0.262540E+02
   0.438715E+00   0.259934E+02   0.238230E+00   0.260756E+02   0.260756E+02
   0.443458E+00   0.257569E+02   0.241563E+00   0.258968E+02   0.258968E+02
   0.448201E+00   0.253909E+02   0.244566E+00   0.257176E+02   0.257176E+02
   0.452944E+00   0.258246E+02   0.248480E+00   0.255379E+02   0.255379E+02
   0.457686E+00   0.255443E+02   0.251048E+00   0.253580E+02   0.253580E+02
   0.462429E+00   0.253375E+02   0.252707E+00   0.251777E+02   0.251777E+02
   0.467172E+00   0.249730E+02   0.251354E+00   0.249972E+02   0.249972E+02
   0.471915E+00   0.250780E+02   0.242168E+00   0.248164E+02   0.248164E+02
   0.476658E+00   0.247703E+02   0.236718E+00   0.246355E+02   0.246355E+02
   0.481401E+00   0.246004E+02   0.233425E+00   0.244544E+02   0.244544E+02
   0.486144E+00   0.239630E+02   0.230056E+00   0.242731E+02   0.242731E+02
   0.490887E+00   0.238421E+02   0.228015E+00   0.240917E+02   0.240917E+02
   0.495629E+00   0.240479E+02   0.226660E+00   0.239103E+02   0.239103E+02
   0.500372E+00   0.235508E+02   0.224651E+00   0.237289E+02   0.237289E+02
   0.505115E+00   0.233845E+02   0.222715E+00   0.235474E+02   0.235474E+02
   0.509858E+00   0.234573E+02   0.221450E+00   0.233660E+02   0.233660E+02
   0.514601E+00   0.232011E+02   0.220159E+00   0.231846E+02   0.231846E+02
   0.519344E+00   0.230555E+02   0.218600E+00   0.230033E+02   0.230033E+02
   0.524087E+00   0.227265E+02   0.217339E+00   0.228222E+02   0.228222E+02
   0.528829E+00   0.225709E+02   0.216038E+00   0.226412E+02   0.226412E+02
   0.533572E+00   0.225849E+02   0.214652E+00   0.224603E+02   0.224603E+02
   0.538315E+00   0.218762E+02   0.212350E+00   0.222797E+02   0.222797E+02
   0.543058E+00   0.221776E+02   0.211173E+00   0.220994E+02   0.220994E+02
   0.547801E+00   0.216774E+02   0.209060E+00   0.219193E+02   0.219193E+02
   0.552544E+00   0.213380E+02   0.207211E+00   0.217395E+02   0.217395E+02
   0.557287E+00   0.214805E+02   0.206053E+00   0.215600E+02   0.215600E+02
   0.562029E+00   0.212824E+02   0.204493E+00   0.213809E+02   0.213809E+02
   0.566772E+00   0.212132E+02   0.202958E+00   0.212022E+02   0.212022E+02
   0.571515E+00   0.209526E+02   0.201340E+00   0.210239E+02   0.210239E+02
   0.576258E+00   0.206824E+02   0.200190E+00   0.208460E+02   0.208460E+02
   0.581001E+00   0.205584E+02   0.198633E+00   0.206686E+02   0.206686E+02
   0.585744E+00   0.205090E+02   0.197821E+00   0.204917E+02   0.204917E+02
   0.590487E+00   0.201225E+02   0.197264E+00   0.203152E+02   0.203152E+02
   0.595230E+00   0.198338E+02   0.196432E+00   0.201393E+02   0.201393E+02
   0.599972E+00   0.200068E+02   0.196242E+00   0.199640E+02   0.199640E+02
   0.604715E+00   0.198306E+02   0.194976E+00   0.197893E+02   0.197893E+02
   0.609458E+00   0.196534E+02   0.194213E+00   0.196151E+02   0.196151E+02
   0.614201E+00   0.192475E+02   0.193539E+00   0.194416E+02   0.194416E+02
   0.618944E+00   0.190765E+02   0.192974E+00   0.192688E+02   0.192688E+02
   0.623687E+00   0.189157E+02   0.191988E+00   0.190966E+02   0.190966E+02
   0.628430E+00   0.190129E+02   0.191398E+00   0.189251E+02   0.189251E+02
   0.633173E+00   0.189054E+02   0.191076E+00   0.187543E+02   0.187543E+02
   0.637915E+00   0.186578E+02   0.190101E+00   0.185843E+02   0.185843E+02
   0.642658E+00   0.183288E+02   0.189181E+00   0.184150E+02   0.184150E+02
   0.647401E+00   0.182856E+02   0.189076E+00   0.182465E+02   0.182465E+02
   0.652144E+00   0.180862E+02   0.188141E+00   0.180788E+02   0.180788E+02
   0.656887E+00   0.179620E+02   0.187136E+00   0.179119E+02   0.179119E+02
   0.661630E+00   0.175594E+02   0.186255E+00   0.177458E+02   0.177458E+02
   0.666373E+00   0.172509E+02   0.185780E+00   0.175805E+02   0.175805E+02
   0.671115E+00   0.173537E+02   0.185399E+00   0.174162E+02   0.174162E+02
   0.675858E+00   0.170463E+02   0.184805E+00   0.172526E+02   0.172526E+02
   0.680601E+00   0.171780E+02   0.184195E+00   0.170900E+02   0.170900E+02
   0.685344E+00   0.171040E+02   0.183703E+00   0.169283E+02   0.169283E+02
   0.690087E+00   0.170540E+02   0.183230E+00   0.167676E+02   0.167676E+02
   0.694830E+00   0.165666E+02   0.182535E+00   0.166077E+02   0.166077E+02
   0.699573E+00   0.163807E+02   0.181947E+00   0.164488E+02   0.164488E+02
   0.704315E+00   0.161640E+02   0.181151E+00   0.162909E+02   0.162909E+02
   0.709058E+00   0.163188E+02   0.181054E+00   0.161339E+02   0.161339E+02
   0.713801E+00   0.160084E+02   0.179987E+00   0.159780E+02   0.159780E+02
   0.718544E+00   0.156496E+02   0.179416E+00   0.158230E+02   0.158230E+02
   0.723287E+00   0.159420E+02   0.179110E+00   0.156691E+02   0.156691E+02
   0.728030E+00   0.155518E+02   0.178135E+00   0.155161E+02   0.155161E+02
   0.732773E+00   0.154337E+02   0.177862E+00   0.153642E+02   0.153642E+02
   0.737515E+00   0.151780E+02   0.177006E+00   0.152134E+02   0.152134E+02
   0.742258E+00   0.151602E+02   0.176681E+00   0.150635E+02   0.150635E+02
   0.747001E+00   0.149104E+02   0.176161E+00   0.149148E+02   0.149148E+02
   0.751744E+00   0.148299E+02   0.175540E+00   0.147671E+02   0.147671E+02
   0.756487E+00   0.147474E+02   0.175015E+00   0.146205E+02   0.146205E+02
   0.761230E+00   0.144983E+02   0.174448E+00   0.144750E+02   0.144750E+02
   0.765973E+00   0.143538E+02   0.173826E+00   0.143305E+02   0.143305E+02
   0.770716E+00   0.141353E+02   0.173017E+00   0.141872E+02   0.141872E+02
   0.775459E+00   0.140432E+02   0.172362E+00   0.140450E+02   0.140450E+02
   0.780201E+00   0.140459E+02   0.172078E+00   0.139038E+02   0.139038E+02
   0.784944E+00   0.136797E+02   0.171630E+00   0.137638E+02   0.137638E+02
   0.789687E+00   0.136368E+02   0.171067E+00   0.136249E+02   0.136249E+02
   0.794430E+00   0.135957E+02   0.170407E+00   0.134871E+02   0.134871E+02
   0.799173E+00   0.135085E+02   0.169940E+00   0.133505E+02   0.133505E+02
   0.803916E+00   0.132651E+02   0.169172E+00   0.132149E+02   0.132149E+02
   0.808658E+00   0.132856E+02   0.169069E+00   0.130805E+02   0.130805E+02
   0.813401E+00   0.132687E+02   0.168879E+00   0.129473E+02   0.129473E+02
   0.818144E+00   0.129104E+02   0.168132E+00   0.128151E+02   0.128151E+02
   0.822887E+00   0.125378E+02   0.167277E+00   0.126841E+02   0.126841E+02
   0.827630E+00   0.126619E+02   0.167305E+00   0.125543E+02   0.125543E+02
   0.832373E+00   0.123589E+02   0.166451E+00   0.124256E+02   0.124256E+02
   0.837116E+00   0.123004E+02   0.165742E+00   0.122980E+02   0.122980E+02
   0.841859E+00   0.121925E+02   0.165470E+00   0.121716E+02   0.121716E+02
   0.846601E+00   0.120374E+02   0.165085E+00   0.120463E+02   0.120463E+02
   0.851344E+00   0.118401E+02   0.164589E+00   0.119221E+02   0.119221E+02
   0.856087E+00   0.118314E+02   0.163955E+00   0.117991E+02   0.117991E+02
   0.860830E+00   0.116958E+02   0.163875E+00   0.116772E+02   0.116772E+02
   0.865573E+00   0.115851E+02   0.163227E+00   0.115565E+02   0.115565E+02
   0.870316E+00   0.113097E+02   0.162478E+00   0.114369E+02   0.114369E+02
   0.875059E+00   0.113450E+02   0.162382E+00   0.113184E+02   0.113184E+02
   0.879802E+00   0.115298E+02   0.161714E+00   0.112011E+02   0.112011E+02
   0.884544E+00   0.110907E+02   0.161261E+00   0.110849E+02   0.110849E+02
   0.889287E+00   0.110477E+02   0.161063E+00   0.109698E+02   0.109698E+02
   0.894030E+00   0.107517E+02   0.160513E+00   0.108558E+02   0.108558E+02
   0.898773E+00   0.107569E+02   0.160062E+00   0.107429E+02   0.107429E+02
   0.903516E+00   0.104508E+02   0.159148E+00   0.106312E+02   0.106312E+02
   0.908259E+00   0.106585E+02   0.159006E+00   0.105205E+02   0.105205E+02
   0.913002E+00   0.105850E+02   0.158550E+00   0.104110E+02   0.104110E+02
   0.917744E+00   0.105112E+02   0.157994E+00   0.103026E+02   0.103026E+02
   0.922487E+00   0.102650E+02   0.157545E+00   0.101952E+02   0.101952E+02
   0.927230E+00   0.991583E+01   0.157329E+00   0.100890E+02   0.100890E+02
   0.931973E+00   0.101063E+02   0.157093E+00   0.998382E+01   0.998382E+01
   0.936716E+00   0.986137E+01   0.156341E+00   0.987973E+01   0.987973E+01
   0.941459E+00   0.983258E+01   0.156038E+00   0.977671E+01   0.977671E+01
   0.946202E+00   0.956593E+01   0.155695E+00   0.967476E+01   0.967476E+01
   0.950944E+00   0.944148E+01   0.155178E+00   0.957386E+01   0.957386E+01
   0.955687E+00   0.938543E+01   0.154690E+00   0.947402E+01   0.947402E+01
   0.960430E+00   0.960778E+01   0.154420E+00   0.937522E+01   0.937522E+01
   0.965173E+00   0.941776E+01   0.153863E+00   0.927746E+01   0.927746E+01
   0.969916E+00   0.923508E+01   0.153652E+00   0.918073E+01   0.918073E+01
   0.974659E+00   0.901035E+01   0.153353E+00   0.908503E+01   0.908503E+01
   0.979402E+00   0.910997E+01   0.152970E+00   0.899034E+01   0.899034E+01
   0.984144E+00   0.906370E+01   0.152452E+00   0.889666E+01   0.889666E+01
   0.988887E+00   0.870709E+01   0.151915E+00   0.880398E+01   0.880398E+01
   0.993630E+00   0.864548E+01   0.151736E+00   0.871230E+01   0.871230E+01
   0.998373E+00   0.858184E+01   0.151154E+00   0.862160E+01   0.862160E+01
   0.100312E+01   0.857294E+01   0.150849E+00   0.853188E+01   0.853188E+01
   0.100786E+01   0.850989E+01   0.150544E+00   0.844313E+01   0.844313E+01
   0.101260E+01   0.855694E+01   0.149962E+00   0.835533E+01   0.835533E+01
   0.101734E+01   0.823886E+01   0.149757E+00   0.826849E+01   0.826849E+01
   0.102209E+01   0.801557E+01   0.149178E+00   0.818261E+01   0.818261E+01
   0.102683E+01   0.815641E+01   0.148740E+00   0.809765E+01   0.809765E+01
   0.103157E+01   0.800319E+01   0.148459E+00   0.801362E+01   0.801362E+01
   0.103632E+01   0.795245E+01   0.148096E+00   0.793050E+01   0.793050E+01
   0.104106E+01   0.784506E+01   0.147983E+00   0.784829E+01   0.784829E+01
   0.104580E+01   0.769280E+01   0.147709E+00   0.776698E+01   0.776698E+01
   0.105055E+01   0.780914E+01   0.147354E+00   0.768656E+01   0.768656E+01
   0.105529E+01   0.771366E+01   0.146852E+00   0.760704E+01   0.760704E+01
   0.106003E+01   0.751927E+01   0.146474E+00   0.752838E+01   0.752838E+01
   0.106477E+01   0.731316E+01   0.145869E+00   0.745058E+01   0.745058E+01
   0.106952E+01   0.727661E+01   0.145587E+00   0.737363E+01   0.737363E+01
   0.107426E+01   0.724130E+01   0.145268E+00   0.729753E+01   0.729753E+01
   0.107900E+01   0.736467E+01   0.145331E+00   0.722227E+01   0.722227E+01
   0.108374E+01   0.706787E+01   0.144881E+00   0.714783E+01   0.714783E+01
   0.108849E+01   0.686910E+01   0.144389E+00   0.707421E+01   0.707421E+01
   0.109323E+01   0.688681E+01   0.144095E+00   0.700141E+01   0.700141E+01
   0.109797E+01   0.715488E+01   0.143872E+00   0.692940E+01   0.692940E+01
   0.110272E+01   0.687275E+01   0.143599E+00   0.685818E+01   0.685818E+01
   0.110746E+01   0.678153E+01   0.143144E+00   0.678774E+01   0.678774E+01
   0.111220E+01   0.666456E+01   0.142601E+00   0.671808E+01   0.671808E+01
   0.111695E+01   0.664815E+01   0.142514E+00   0.664917E+01   0.664917E+01
   0.112169E+01   0.661190E+01   0.142098E+00   0.658102E+01   0.658102E+01
   0.112643E+01   0.656565E+01   0.141622E+00   0.651363E+01   0.651363E+01
   0.113117E+01   0.643529E+01   0.141597E+00   0.644696E+01   0.644696E+01
   0.113592E+01   0.638321E+01   0.141343E+00   0.638101E+01   0.638101E+01
   0.114066E+01   0.618533E+01   0.140652E+00   0.631579E+01   0.631579E+01
   0.114540E+01   0.623562E+01   0.140697E+00   0.625127E+01   0.625127E+01
   0.115014E+01   0.604252E+01   0.140382E+00   0.618745E+01   0.618745E+01
   0.115489E+01   0.623258E+01   0.140211E+00   0.612432E+01   0.612432E+01
   0.115963E+01   0.605986E+01   0.139696E+00   0.606188E+01   0.606188E+01
   0.116437E+01   0.613688E+01   0.139548E+00   0.600012E+01   0.600012E+01
   0.116912E+01   0.594439E+01   0.139262E+00   0.593902E+01   0.593902E+01
   0.117386E+01   0.576286E+01   0.138776E+00   0.587857E+01   0.587857E+01
   0.117860E+01   0.574828E+01   0.138567E+00   0.581877E+01   0.581877E+01
   0.118335E+01   0.573799E+01   0.138127E+00   0.575960E+01   0.575960E+01
   0.118809E+01   0.566807E+01   0.137991E+00   0.570107E+01   0.570107E+01
   0.119283E+01   0.575688E+01   0.137733E+00   0.564317E+01   0.564317E+01
   0.119757E+01   0.549952E+01   0.137261E+00   0.558589E+01   0.558589E+01
   0.120232E+01   0.545947E+01   0.137209E+00   0.552920E+01   0.552920E+01
   0.120706E+01   0.546653E+01   0.137537E+00   0.547312E+01   0.547312E+01
   0.121180E+01   0.531796E+01   0.141965E+00   0.541762E+01   0.541762E+01
   0.121654E+01   0.543656E+01   0.144716E+00   0.536271E+01   0.536271E+01
   0.122129E+01   0.525155E+01   0.146758E+00   0.530838E+01   0.530838E+01
   0.122603E+01   0.519701E+01   0.148552E+00   0.525461E+01   0.525461E+01
   0.123077E+01   0.533373E+01   0.150053E+00   0.520141E+01   0.520141E+01
   0.123552E+01   0.528863E+01   0.151610E+00   0.514876E+01   0.514876E+01
   0.124026E+01   0.493848E+01   0.152550E+00   0.509666E+01   0.509666E+01
   0.124500E+01   0.517709E+01   0.154123E+00   0.504509E+01   0.504509E+01
   0.124975E+01   0.499169E+01   0.155187E+00   0.499405E+01   0.499405E+01
   0.125449E+01   0.497989E+01   0.155837E+00   0.494354E+01   0.494354E+01
   0.125923E+01   0.480505E+01   0.156657E+00   0.489355E+01   0.489355E+01
   0.126397E+01   0.463547E+01   0.157116E+00   0.484407E+01   0.484407E+01
   0.126872E+01   0.469997E+01   0.157354E+00   0.479510E+01   0.479510E+01
   0.127346E+01   0.464542E+01   0.155389E+00   0.474662E+01   0.474662E+01
   0.127820E+01   0.474796E+01   0.150051E+00   0.469863E+01   0.469863E+01
   0.128295E+01   0.463316E+01   0.146703E+00   0.465113E+01   0.465113E+01
   0.128769E+01   0.450057E+01   0.144531E+00   0.460410E+01   0.460410E+01
   0.129243E+01   0.461899E+01   0.142649E+00   0.455755E+01   0.455755E+01
   0.129717E+01   0.452094E+01   0.141145E+00   0.451147E+01   0.451147E+01
   0.130192E+01   0.437887E+01   0.139716E+00   0.446585E+01   0.446585E+01
   0.130666E+01   0.453944E+01   0.138757E+00   0.442069E+01   0.442069E+01
   0.131140E+01   0.456650E+01   0.137669E+00   0.437597E+01   0.437597E+01
   0.131614E+01   0.428157E+01   0.136631E+00   0.433169E+01   0.433169E+01
   0.132089E+01   0.419822E+01   0.135788E+00   0.428786E+01   0.428786E+01
   0.132563E+01   0.425777E+01   0.135365E+00   0.424445E+01   0.424445E+01
   0.133037E+01   0.440614E+01   0.135070E+00   0.420148E+01   0.420148E+01
   0.133512E+01   0.412695E+01   0.134544E+00   0.415893E+01   0.415893E+01
   0.133986E+01   0.408647E+01   0.134169E+00   0.411680E+01   0.411680E+01
   0.134460E+01   0.408314E+01   0.133786E+00   0.407508E+01   0.407508E+01
   0.134935E+01   0.414781E+01   0.133648E+00   0.403377E+01   0.403377E+01
   0.135409E+01   0.398455E+01   0.133227E+00   0.399286E+01   0.399286E+01
   0.135883E+01   0.401462E+01   0.133008E+00   0.395235E+01   0.395235E+01
   0.136357E+01   0.381998E+01   0.132430E+00   0.391223E+01   0.391223E+01
   0.136832E+01   0.385538E+01   0.132189E+00   0.387250E+01   0.387250E+01
   0.137306E+01   0.388014E+01   0.132041E+00   0.383317E+01   0.383317E+01
   0.137780E+01   0.388449E+01   0.131561E+00   0.379421E+01   0.379421E+01
   0.138254E+01   0.377711E+01   0.131325E+00   0.375562E+01   0.375562E+01
   0.138729E+01   0.357699E+01   0.131118E+00   0.371741E+01   0.371741E+01
   0.139203E+01   0.361616E+01   0.130606E+00   0.367957E+01   0.367957E+01
   0.139677E+01   0.369292E+01   0.130603E+00   0.364210E+01   0.364210E+01
   0.140152E+01   0.367413E+01   0.130143E+00   0.360498E+01   0.360498E+01
   0.140626E+01   0.359245E+01   0.129846E+00   0.356823E+01   0.356823E+01
   0.141100E+01   0.340463E+01   0.129676E+00   0.353183E+01   0.353183E+01
   0.141575E+01   0.353495E+01   0.129395E+00   0.349578E+01   0.349578E+01
   0.142049E+01   0.350223E+01   0.129007E+00   0.346008E+01   0.346008E+01
   0.142523E+01   0.339039E+01   0.128807E+00   0.342472E+01   0.342472E+01
   0.142997E+01   0.334917E+01   0.128402E+00   0.338970E+01   0.338970E+01
   0.143472E+01   0.339254E+01   0.128415E+00   0.335502E+01   0.335502E+01
   0.143946E+01   0.321983E+01   0.128100E+00   0.332067E+01   0.332067E+01
   0.144420E+01   0.337254E+01   0.127825E+00   0.328666E+01   0.328666E+01
   0.144894E+01   0.330368E+01   0.127577E+00   0.325298E+01   0.325298E+01
   0.145369E+01   0.330233E+01   0.127272E+00   0.321962E+01   0.321962E+01
   0.145843E+01   0.336177E+01   0.127117E+00   0.318658E+01   0.318658E+01
   0.146317E+01   0.302849E+01   0.126701E+00   0.315386E+01   0.315386E+01
   0.146792E+01   0.309611E+01   0.126825E+00   0.312146E+01   0.312146E+01
   0.147266E+01   0.313771E+01   0.126495E+00   0.308937E+01   0.308937E+01
   0.147740E+01   0.296067E+01   0.126278E+00   0.305760E+01   0.305760E+01
   0.148215E+01   0.313449E+01   0.126067E+00   0.302614E+01   0.302614E+01
   0.148689E+01   0.295939E+01   0.125891E+00   0.299498E+01   0.299498E+01
   0.149163E+01   0.306091E+01   0.125594E+00   0.296413E+01   0.296413E+01
   0.149637E+01   0.291418E+01   0.125443E+00   0.293358E+01   0.293358E+01
   0.150112E+01   0.282790E+01   0.125500E+00   0.290333E+01   0.290333E+01
   0.150586E+01   0.296448E+01   0.128001E+00   0.287338E+01   0.287338E+01
   0.151060E+01   0.299701E+01   0.131222E+00   0.284372E+01   0.284372E+01
   0.151534E+01   0.290794E+01   0.133485E+00   0.281436E+01   0.281436E+01
   0.152009E+01   0.282039E+01   0.134928E+00   0.278529E+01   0.278529E+01
   0.152483E+01   0.281619E+01   0.136281E+00   0.275650E+01   0.275650E+01
   0.152957E+01   0.268951E+01   0.137384E+00   0.272801E+01   0.272801E+01
   0.153432E+01   0.270381E+01   0.134163E+00   0.269980E+01   0.269980E+01
   0.153906E+01   0.270423E+01   0.131750E+00   0.267187E+01   0.267187E+01
   0.154380E+01   0.268752E+01   0.130230E+00   0.264422E+01   0.264422E+01
   0.154855E+01   0.260438E+01   0.128498E+00   0.261686E+01   0.261686E+01
   0.155329E+01   0.243611E+01   0.127335E+00   0.258977E+01   0.258977E+01
   0.155803E+01   0.251691E+01   0.126395E+00   0.256295E+01   0.256295E+01
   0.156277E+01   0.263217E+01   0.125001E+00   0.253641E+01   0.253641E+01
   0.156752E+01   0.250024E+01   0.123801E+00   0.251014E+01   0.251014E+01
   0.157226E+01   0.242336E+01   0.123075E+00   0.248414E+01   0.248414E+01
   0.157700E+01   0.245287E+01   0.122530E+00   0.245840E+01   0.245840E+01
   0.158175E+01   0.256858E+01   0.122336E+00   0.243294E+01   0.243294E+01
   0.158649E+01   0.227049E+01   0.122303E+00   0.240774E+01   0.240774E+01
   0.159123E+01   0.231266E+01   0.122363E+00   0.238280E+01   0.238280E+01
   0.159597E+01   0.239628E+01   0.122460E+00   0.235812E+01   0.235812E+01
   0.160072E+01   0.236927E+01   0.122456E+00   0.233370E+01   0.233370E+01
   0.160546E+01   0.230620E+01   0.122360E+00   0.230954E+01   0.230954E+01
   0.161020E+01   0.230511E+01   0.122069E+00   0.228563E+01   0.228563E+01
   0.161495E+01   0.218048E+01   0.121893E+00   0.226198E+01   0.226198E+01
   0.161969E+01   0.228281E+01   0.121832E+00   0.223859E+01   0.223859E+01
   0.162443E+01   0.232671E+01   0.121533E+00   0.221544E+01   0.221544E+01
   0.162917E+01   0.202083E+01   0.121111E+00   0.219254E+01   0.219254E+01
   0.163392E+01   0.204828E+01   0.121034E+00   0.216989E+01   0.216989E+01
   0.163866E+01   0.201306E+01   0.120621E+00   0.214748E+01   0.214748E+01
   0.164340E+01   0.215679E+01   0.120364E+00   0.212532E+01   0.212532E+01
   0.164815E+01   0.204127E+01   0.120416E+00   0.210340E+01   0.210340E+01
   0.165289E+01   0.188833E+01   0.119986E+00   0.208172E+01   0.208172E+01
   0.165763E+01   0.189913E+01   0.119972E+00   0.206028E+01   0.206028E+01
   0.166237E+01   0.201660E+01   0.119754E+00   0.203908E+01   0.203908E+01
   0.166712E+01   0.209773E+01   0.119561E+00   0.201811E+01   0.201811E+01
   0.167186E+01   0.218771E+01   0.119430E+00   0.199738E+01   0.199738E+01
   0.167660E+01   0.205424E+01   0.119149E+00   0.197688E+01   0.197688E+01
   0.168135E+01   0.203529E+01   0.119012E+00   0.195661E+01   0.195661E+01
   0.168609E+01   0.201097E+01   0.118703E+00   0.193657E+01   0.193657E+01
   0.169083E+01   0.176337E+01   0.118370E+00   0.191676E+01   0.191676E+01
   0.169557E+01   0.174474E+01   0.118213E+00   0.189717E+01   0.189717E+01
   0.170032E+01   0.175102E+01   0.118100E+00   0.187781E+01   0.187781E+01
   0.170506E+01   0.179389E+01   0.117987E+00   0.185866E+01   0.185866E+01
   0.170980E+01   0.177932E+01   0.117750E+00   0.183974E+01   0.183974E+01
   0.171455E+01   0.168420E+01   0.117655E+00   0.182103E+01   0.182103E+01
   0.171929E+01   0.176761E+01   0.117504E+00   0.180255E+01   0.180255E+01
   0.172403E+01   0.178021E+01   0.117193E+00   0.178428E+01   0.178428E+01
   0.172877E+01   0.185635E+01   0.116984E+00   0.176622E+01   0.176622E+01
   0.173352E+01   0.175356E+01   0.116897E+00   0.174837E+01   0.174837E+01
   0.173826E+01   0.168803E+01   0.116651E+00   0.173073E+01   0.173073E+01
   0.174300E+01   0.172823E+01   0.116463E+00   0.171329E+01   0.171329E+01
   0.174775E+01   0.166387E+01   0.116531E+00   0.169607E+01   0.169607E+01
   0.175249E+01   0.157385E+01   0.116156E+00   0.167905E+01   0.167905E+01
   0.175723E+01   0.157640E+01   0.115972E+00   0.166222E+01   0.166222E+01
   0.176197E+01   0.170237E+01   0.115941E+00   0.164561E+01   0.164561E+01
   0.176672E+01   0.148407E+01   0.115703E+00   0.162919E+01   0.162919E+01
   0.177146E+01   0.162168E+01   0.115593E+00   0.161296E+01   0.161296E+01
   0.177620E+01   0.151394E+01   0.115348E+00   0.159693E+01   0.159693E+01
   0.178095E+01   0.174583E+01   0.115392E+00   0.158109E+01   0.158109E+01
   0.178569E+01   0.144291E+01   0.115004E+00   0.156544E+01   0.156544E+01
   0.179043E+01   0.144452E+01   0.114776E+00   0.154998E+01   0.154998E+01
   0.179517E+01   0.144788E+01   0.114633E+00   0.153471E+01   0.153471E+01
   0.179992E+01   0.143829E+01   0.114604E+00   0.151962E+01   0.151962E+01
   0.180466E+01   0.155142E+01   0.114393E+00   0.150472E+01   0.150472E+01
   0.180940E+01   0.155940E+01   0.114163E+00   0.148999E+01   0.148999E+01
   0.181415E+01   0.146384E+01   0.114044E+00   0.147545E+01   0.147545E+01
   0.181889E+01   0.142779E+01   0.113861E+00   0.146108E+01   0.146108E+01
   0.182363E+01   0.162039E+01   0.113889E+00   0.144688E+01   0.144688E+01
   0.182838E+01   0.148735E+01   0.113557E+00   0.143286E+01   0.143286E+01
   0.183312E+01   0.158635E+01   0.113419E+00   0.141901E+01   0.141901E+01
   0.183786E+01   0.151290E+01   0.113299E+00   0.140533E+01   0.140533E+01
   0.184260E+01   0.143621E+01   0.113118E+00   0.139182E+01   0.139182E+01
   0.184735E+01   0.135372E+01   0.112920E+00   0.137847E+01   0.137847E+01
   0.185209E+01   0.140408E+01   0.112919E+00   0.136528E+01   0.136528E+01
   0.185683E+01   0.129694E+01   0.112624E+00   0.135225E+01   0.135225E+01
   0.186157E+01   0.137934E+01   0.112445E+00   0.133939E+01   0.133939E+01
   0.186632E+01   0.142685E+01   0.112406E+00   0.132668E+01   0.132668E+01
   0.187106E+01   0.122095E+01   0.112238E+00   0.131412E+01   0.131412E+01
   0.187580E+01   0.117928E+01   0.111934E+00   0.130172E+01   0.130172E+01
   0.188055E+01   0.133328E+01   0.111968E+00   0.128947E+01   0.128947E+01
   0.188529E+01   0.130189E+01   0.111741E+00   0.127736E+01   0.127736E+01
   0.189003E+01   0.125487E+01   0.111550E+00   0.126541E+01   0.126541E+01
   0.189478E+01   0.131530E+01   0.111400E+00   0.125360E+01   0.125360E+01
   0.189952E+01   0.129990E+01   0.111157E+00   0.124193E+01   0.124193E+01
   0.190426E+01   0.136439E+01   0.111364E+00   0.123040E+01   0.123040E+01
   0.190900E+01   0.138043E+01   0.111046E+00   0.121901E+01   0.121901E+01
   0.191375E+01   0.118791E+01   0.110778E+00   0.120776E+01   0.120776E+01
   0.191849E+01   0.130839E+01   0.110821E+00   0.119664E+01   0.119664E+01
   0.192323E+01   0.121515E+01   0.110698E+00   0.118566E+01   0.118566E+01
   0.192797E+01   0.107707E+01   0.110371E+00   0.117480E+01   0.117480E+01
   0.193272E+01   0.132777E+01   0.110270E+00   0.116408E+01   0.116408E+01
   0.193746E+01   0.128665E+01   0.109815E+00   0.115348E+01   0.115348E+01
   0.194220E+01   0.997497E+00   0.109341E+00   0.114301E+01   0.114301E+01
   0.194695E+01   0.111361E+01   0.109210E+00   0.113266E+01   0.113266E+01
   0.195169E+01   0.117884E+01   0.109034E+00   0.112243E+01   0.112243E+01
   0.195643E+01   0.101967E+01   0.108750E+00   0.111232E+01   0.111232E+01
   0.196117E+01   0.109133E+01   0.108837E+00   0.110233E+01   0.110233E+01
   0.196592E+01   0.109147E+01   0.108582E+00   0.109246E+01   0.109246E+01
   0.197066E+01   0.118771E+01   0.108696E+00   0.108270E+01   0.108270E+01
   0.197540E+01   0.107510E+01   0.108655E+00   0.107305E+01   0.107305E+01
   0.198015E+01   0.110413E+01   0.108690E+00   0.106351E+01   0.106351E+01
   0.198489E+01   0.100370E+01   0.108473E+00   0.105408E+01   0.105408E+01
   0.198963E+01   0.120989E+01   0.108668E+00   0.104476E+01   0.104476E+01
   0.199438E+01   0.109745E+01   0.108494E+00   0.103554E+01   0.103554E+01
   0.199912E+01   0.990234E+00   0.108267E+00   0.102643E+01   0.102643E+01
   0.200386E+01   0.115293E+01   0.108316E+00   0.101742E+01   0.101742E+01
   0.200860E+01   0.989771E+00   0.108385E+00   0.100851E+01   0.100851E+01
   0.201335E+01   0.100416E+01   0.109362E+00   0.999698E+00   0.999698E+00
   0.201809E+01   0.110921E+01   0.112227E+00   0.990982E+00   0.990982E+00
   0.202283E+01   0.917144E+00   0.113937E+00   0.982362E+00   0.982362E+00
   0.202758E+01   0.969577E+00   0.115558E+00   0.973836E+00   0.973836E+00
   0.203232E+01   0.995922E+00   0.116627E+00   0.965403E+00   0.965403E+00
   0.203706E+01   0.108139E+01   0.117494E+00   0.957060E+00   0.957060E+00
   0.204180E+01   0.107667E+01   0.118504E+00   0.948807E+00   0.948807E+00
   0.204655E+01   0.967740E+00   0.118993E+00   0.940643E+00   0.940643E+00
   0.205129E+01   0.947152E+00   0.119171E+00   0.932565E+00   0.932565E+00
   0.205603E+01   0.841367E+00   0.119560E+00   0.924571E+00   0.924571E+00
   0.206078E+01   0.826219E+00   0.119937E+00   0.916662E+00   0.916662E+00
   0.206552E+01   0.924470E+00   0.120194E+00   0.908835E+00   0.908835E+00
   0.207026E+01   0.910754E+00   0.120498E+00   0.901089E+00   0.901089E+00
   0.207500E+01   0.823728E+00   0.120690E+00   0.893425E+00   0.893425E+00
   0.207975E+01   0.993429E+00   0.118325E+00   0.885838E+00   0.885838E+00
   0.208449E+01   0.791666E+00   0.115253E+00   0.878328E+00   0.878328E+00
   0.208923E+01   0.847214E+00   0.113376E+00   0.870895E+00   0.870895E+00
   0.209397E+01   0.802706E+00   0.112159E+00   0.863537E+00   0.863537E+00
   0.209872E+01   0.707678E+00   0.111176E+00   0.856253E+00   0.856253E+00
   0.210346E+01   0.937649E+00   0.110282E+00   0.849041E+00   0.849041E+00
   0.210820E+01   0.978568E+00   0.109523E+00   0.841902E+00   0.841902E+00
   0.211295E+01   0.777768E+00   0.109277E+00   0.834836E+00   0.834836E+00
   0.211769E+01   0.843880E+00   0.109003E+00   0.827837E+00   0.827837E+00
   0.212243E+01   0.913382E+00   0.108621E+00   0.820908E+00   0.820908E+00
   0.212717E+01   0.766209E+00   0.108524E+00   0.814047E+00   0.814047E+00
   0.213192E+01   0.785222E+00   0.108313E+00   0.807253E+00   0.807253E+00
   0.213666E+01   0.890618E+00   0.108113E+00   0.800525E+00   0.800525E+00
   0.214140E+01   0.669207E+00   0.107661E+00   0.793862E+00   0.793862E+00
   0.214615E+01   0.870195E+00   0.107577E+00   0.787266E+00   0.787266E+00
   0.215089E+01   0.787130E+00   0.107374E+00   0.780732E+00   0.780732E+00
   0.215563E+01   0.887157E+00   0.107165E+00   0.774262E+00   0.774262E+00
   0.216038E+01   0.730741E+00   0.106944E+00   0.767852E+00   0.767852E+00
   0.216512E+01   0.729873E+00   0.106751E+00   0.761505E+00   0.761505E+00
   0.216986E+01   0.845196E+00   0.106592E+00   0.755220E+00   0.755220E+00
   0.217460E+01   0.733360E+00   0.106466E+00   0.748994E+00   0.748994E+00
   0.217935E+01   0.644459E+00   0.106213E+00   0.742829E+00   0.742829E+00
   0.218409E+01   0.637896E+00   0.106064E+00   0.736724E+00   0.736724E+00
   0.218883E+01   0.621385E+00   0.106128E+00   0.730676E+00   0.730676E+00
   0.219358E+01   0.766320E+00   0.105981E+00   0.724687E+00   0.724687E+00
   0.219832E+01   0.659538E+00   0.105611E+00   0.718755E+00   0.718755E+00
   0.220306E+01   0.697228E+00   0.105400E+00   0.712881E+00   0.712881E+00
   0.220780E+01   0.479142E+00   0.105325E+00   0.707063E+00   0.707063E+00
   0.221255E+01   0.618880E+00   0.105166E+00   0.701302E+00   0.701302E+00
   0.221729E+01   0.699801E+00   0.105070E+00   0.695598E+00   0.695598E+00
   0.222203E+01   0.709360E+00   0.105012E+00   0.689949E+00   0.689949E+00
   0.222677E+01   0.663018E+00   0.104634E+00   0.684355E+00   0.684355E+00
   0.223152E+01   0.513513E+00   0.104409E+00   0.678815E+00   0.678815E+00
   0.223626E+01   0.554284E+00   0.104450E+00   0.673331E+00   0.673331E+00
   0.224100E+01   0.743263E+00   0.104342E+00   0.667901E+00   0.667901E+00
   0.224575E+01   0.632267E+00   0.104107E+00   0.662526E+00   0.662526E+00
   0.225049E+01   0.677464E+00   0.104173E+00   0.657205E+00   0.657205E+00
   0.225523E+01   0.683382E+00   0.103954E+00   0.651938E+00   0.651938E+00
   0.225997E+01   0.693723E+00   0.103817E+00   0.646724E+00   0.646724E+00
   0.226472E+01   0.693770E+00   0.103811E+00   0.641564E+00   0.641564E+00
   0.226946E+01   0.653380E+00   0.103628E+00   0.636459E+00   0.636459E+00
   0.227420E+01   0.478942E+00   0.103285E+00   0.631403E+00   0.631403E+00
   0.227895E+01   0.509572E+00   0.103205E+00   0.626403E+00   0.626403E+00
   0.228369E+01   0.629007E+00   0.103250E+00   0.621455E+00   0.621455E+00
   0.228843E+01   0.595972E+00   0.102941E+00   0.616562E+00   0.616562E+00
   0.229318E+01   0.478405E+00   0.102860E+00   0.611720E+00   0.611720E+00
   0.229792E+01   0.561653E+00   0.102703E+00   0.606931E+00   0.606931E+00
   0.230266E+01   0.737744E+00   0.102763E+00   0.602195E+00   0.602195E+00
   0.230740E+01   0.532715E+00   0.102661E+00   0.597512E+00   0.597512E+00
   0.231215E+01   0.510008E+00   0.102397E+00   0.592882E+00   0.592882E+00
   0.231689E+01   0.543764E+00   0.102294E+00   0.588305E+00   0.588305E+00
   0.232163E+01   0.562010E+00   0.102181E+00   0.583781E+00   0.583781E+00
   0.232638E+01   0.529882E+00   0.102069E+00   0.579310E+00   0.579310E+00
   0.233112E+01   0.556174E+00   0.101997E+00   0.574891E+00   0.574891E+00
   0.233586E+01   0.506137E+00   0.101941E+00   0.570525E+00   0.570525E+00
   0.234060E+01   0.531949E+00   0.101724E+00   0.566212E+00   0.566212E+00
   0.234535E+01   0.597027E+00   0.101531E+00   0.561953E+00   0.561953E+00
   0.235009E+01   0.605626E+00   0.101535E+00   0.557746E+00   0.557746E+00
   0.235483E+01   0.552472E+00   0.101356E+00   0.553592E+00   0.553592E+00
   0.235957E+01   0.564036E+00   0.101216E+00   0.549493E+00   0.549493E+00
   0.236432E+01   0.524665E+00   0.101170E+00   0.545446E+00   0.545446E+00
   0.236906E+01   0.518134E+00   0.101117E+00   0.541452E+00   0.541452E+00
   0.237380E+01   0.493350E+00   0.100916E+00   0.537512E+00   0.537512E+00
   0.237855E+01   0.501387E+00   0.100732E+00   0.533625E+00   0.533625E+00
   0.238329E+01   0.361785E+00   0.100594E+00   0.529794E+00   0.529794E+00
   0.238803E+01   0.491289E+00   0.100555E+00   0.526012E+00   0.526012E+00
   0.239277E+01   0.523634E+00   0.100395E+00   0.522286E+00   0.522286E+00
   0.239752E+01   0.474516E+00   0.100320E+00   0.518614E+00   0.518614E+00
   0.240226E+01   0.470416E+00   0.100196E+00   0.514995E+00   0.514995E+00
   0.240700E+01   0.533018E+00   0.100082E+00   0.511430E+00   0.511430E+00
   0.241175E+01   0.535731E+00   0.100166E+00   0.507919E+00   0.507919E+00
   0.241649E+01   0.506125E+00   0.998041E-01   0.504462E+00   0.504462E+00
   0.242123E+01   0.453070E+00   0.997683E-01   0.501059E+00   0.501059E+00
   0.242598E+01   0.596010E+00   0.997129E-01   0.497710E+00   0.497710E+00
   0.243072E+01   0.568848E+00   0.996265E-01   0.494416E+00   0.494416E+00
   0.243546E+01   0.494817E+00   0.993912E-01   0.491174E+00   0.491174E+00
   0.244020E+01   0.495585E+00   0.992345E-01   0.487987E+00   0.487987E+00
   0.244495E+01   0.475693E+00   0.992821E-01   0.484854E+00   0.484854E+00
   0.244969E+01   0.491311E+00   0.990841E-01   0.481775E+00   0.481775E+00
   0.245443E+01   0.533347E+00   0.989761E-01   0.478749E+00   0.478749E+00
   0.245918E+01   0.411372E+00   0.991429E-01   0.475778E+00   0.475778E+00
   0.246392E+01   0.420321E+00   0.989361E-01   0.472861E+00   0.472861E+00
   0.246866E+01   0.444045E+00   0.986353E-01   0.469997E+00   0.469997E+00
   0.247340E+01   0.528777E+00   0.987737E-01   0.467187E+00   0.467187E+00
   0.247815E+01   0.572481E+00   0.986091E-01   0.464430E+00   0.464430E+00
   0.248289E+01   0.465181E+00   0.984951E-01   0.461726E+00   0.461726E+00
   0.248763E+01   0.416522E+00   0.983793E-01   0.459077E+00   0.459077E+00
   0.249238E+01   0.434743E+00   0.982064E-01   0.456479E+00   0.456479E+00
   0.249712E+01   0.403241E+00   0.980499E-01   0.453936E+00   0.453936E+00
   0.250186E+01   0.403557E+00   0.980358E-01   0.451446E+00   0.451446E+00
   0.250660E+01   0.391670E+00   0.979533E-01   0.449007E+00   0.449007E+00
   0.251135E+01   0.420933E+00   0.978432E-01   0.446621E+00   0.446621E+00
   0.251609E+01   0.512462E+00   0.976439E-01   0.444288E+00   0.444288E+00
   0.252083E+01   0.416487E+00   0.975917E-01   0.442006E+00   0.442006E+00
   0.252558E+01   0.536050E+00   0.973439E-01   0.439776E+00   0.439776E+00
   0.253032E+01   0.458359E+00   0.970460E-01   0.437598E+00   0.437598E+00
   0.253506E+01   0.528577E+00   0.970409E-01   0.435471E+00   0.435471E+00
   0.253980E+01   0.442801E+00   0.967614E-01   0.433394E+00   0.433394E+00
   0.254455E+01   0.428359E+00   0.968553E-01   0.431369E+00   0.431369E+00
   0.254929E+01   0.388262E+00   0.967326E-01   0.429393E+00   0.429393E+00
   0.255403E+01   0.329647E+00   0.966502E-01   0.427467E+00   0.427467E+00
   0.255878E+01   0.247329E+00   0.964176E-01   0.425590E+00   0.425590E+00
   0.256352E+01   0.344901E+00   0.964239E-01   0.423763E+00   0.423763E+00
   0.256826E+01   0.375567E+00   0.965783E-01   0.421984E+00   0.421984E+00
   0.257300E+01   0.445991E+00   0.964945E-01   0.420253E+00   0.420253E+00
   0.257775E+01   0.494351E+00   0.965508E-01   0.418570E+00   0.418570E+00
   0.258249E+01   0.494785E+00   0.966329E-01   0.416933E+00   0.416933E+00
   0.258723E+01   0.447367E+00   0.963312E-01   0.415344E+00   0.415344E+00
   0.259198E+01   0.365917E+00   0.962396E-01   0.413801E+00   0.413801E+00
   0.259672E+01   0.554826E+00   0.962649E-01   0.412303E+00   0.412303E+00
   0.260146E+01   0.409506E+00   0.961315E-01   0.410851E+00   0.410851E+00
   0.260620E+01   0.280999E+00   0.959675E-01   0.409442E+00   0.409442E+00
   0.261095E+01   0.370174E+00   0.959190E-01   0.408078E+00   0.408078E+00
   0.261569E+01   0.540164E+00   0.958739E-01   0.406758E+00   0.406758E+00
   0.262043E+01   0.472827E+00   0.957167E-01   0.405480E+00   0.405480E+00
   0.262518E+01   0.310071E+00   0.955542E-01   0.404244E+00   0.404244E+00
   0.262992E+01   0.460739E+00   0.955653E-01   0.403049E+00   0.403049E+00
   0.263466E+01   0.460361E+00   0.956239E-01   0.401895E+00   0.401895E+00
   0.263940E+01   0.429675E+00   0.955139E-01   0.400782E+00   0.400782E+00
   0.264415E+01   0.415857E+00   0.952744E-01   0.399707E+00   0.399707E+00
   0.264889E+01   0.444910E+00   0.952772E-01   0.398671E+00   0.398671E+00
   0.265363E+01   0.425656E+00   0.952057E-01   0.397673E+00   0.397673E+00
   0.265838E+01   0.413412E+00   0.950562E-01   0.396711E+00   0.396711E+00
   0.266312E+01   0.327902E+00   0.948596E-01   0.395786E+00   0.395786E+00
   0.266786E+01   0.514405E+00   0.948490E-01   0.394897E+00   0.394897E+00
   0.267260E+01   0.417882E+00   0.948420E-01   0.394043E+00   0.394043E+00
   0.267735E+01   0.478468E+00   0.947044E-01   0.393222E+00   0.393222E+00
   0.268209E+01   0.481274E+00   0.946257E-01   0.392434E+00   0.392434E+00
   0.268683E+01   0.410319E+00   0.944458E-01   0.391679E+00   0.391679E+00
   0.269158E+01   0.328218E+00   0.943467E-01   0.390955E+00   0.390955E+00
   0.269632E+01   0.328048E+00   0.943516E-01   0.390262E+00   0.390262E+00
   0.270106E+01   0.434684E+00   0.942956E-01   0.389598E+00   0.389598E+00
   0.270580E+01   0.365708E+00   0.943103E-01   0.388963E+00   0.388963E+00
   0.271055E+01   0.333672E+00   0.940649E-01   0.388357E+00   0.388357E+00
   0.271529E+01   0.388870E+00   0.941044E-01   0.387777E+00   0.387777E+00
   0.272003E+01   0.305877E+00   0.939326E-01   0.387223E+00   0.387223E+00
   0.272478E+01   0.394539E+00   0.939056E-01   0.386694E+00   0.386694E+00
   0.272952E+01   0.385015E+00   0.938272E-01   0.386190E+00   0.386190E+00
   0.273426E+01   0.440465E+00   0.936899E-01   0.385709E+00   0.385709E+00
   0.273901E+01   0.473640E+00   0.936309E-01   0.385251E+00   0.385251E+00
   0.274375E+01   0.391599E+00   0.935012E-01   0.384814E+00   0.384814E+00
   0.274849E+01   0.275278E+00   0.934864E-01   0.384398E+00   0.384398E+00
   0.275323E+01   0.333033E+00   0.935042E-01   0.384001E+00   0.384001E+00
   0.275798E+01   0.378938E+00   0.932868E-01   0.383623E+00   0.383623E+00
   0.276272E+01   0.305420E+00   0.933096E-01   0.383263E+00   0.383263E+00
   0.276746E+01   0.395404E+00   0.931720E-01   0.382919E+00   0.382919E+00
   0.277221E+01   0.334665E+00   0.931061E-01   0.382592E+00   0.382592E+00
   0.277695E+01   0.310360E+00   0.928513E-01   0.382279E+00   0.382279E+00
   0.278169E+01   0.323464E+00   0.928268E-01   0.381980E+00   0.381980E+00
   0.278643E+01   0.393801E+00   0.928626E-01   0.381694E+00   0.381694E+00
   0.279118E+01   0.437914E+00   0.927399E-01   0.381421E+00   0.381421E+00
   0.279592E+01   0.345672E+00   0.926070E-01   0.381158E+00   0.381158E+00
   0.280066E+01   0.442899E+00   0.925351E-01   0.380905E+00   0.380905E+00
   0.280540E+01   0.331473E+00   0.924967E-01   0.380662E+00   0.380662E+00
   0.281015E+01   0.520830E+00   0.924797E-01   0.380427E+00   0.380427E+00
   0.281489E+01   0.487829E+00   0.926691E-01   0.380199E+00   0.380199E+00
   0.281963E+01   0.461849E+00   0.944307E-01   0.379978E+00   0.379978E+00
   0.282438E+01   0.379758E+00   0.962659E-01   0.379762E+00   0.379762E+00
   0.282912E+01   0.454287E+00   0.975107E-01   0.379551E+00   0.379551E+00
   0.283386E+01   0.378604E+00   0.984691E-01   0.379346E+00   0.379346E+00
   0.283860E+01   0.356370E+00   0.991737E-01   0.379139E+00   0.379139E+00
   0.284335E+01   0.367340E+00   0.995390E-01   0.378936E+00   0.378936E+00
   0.284809E+01   0.536700E+00   0.999555E-01   0.378735E+00   0.378735E+00
   0.285283E+01   0.436775E+00   0.100241E+00   0.378533E+00   0.378533E+00
   0.285758E+01   0.342762E+00   0.100451E+00   0.378331E+00   0.378331E+00
   0.286232E+01   0.322227E+00   0.100640E+00   0.378128E+00   0.378128E+00
   0.286706E+01   0.500605E+00   0.100959E+00   0.377922E+00   0.377922E+00
   0.287181E+01   0.423282E+00   0.101101E+00   0.377713E+00   0.377713E+00
   0.287655E+01   0.325047E+00   0.101382E+00   0.377500E+00   0.377500E+00
   0.288129E+01   0.346295E+00   0.101005E+00   0.377282E+00   0.377282E+00
   0.288603E+01   0.257226E+00   0.984964E-01   0.377059E+00   0.377059E+00
   0.289078E+01   0.364276E+00   0.967688E-01   0.376830E+00   0.376830E+00
   0.289552E+01   0.434514E+00   0.958356E-01   0.376593E+00   0.376593E+00
   0.290026E+01   0.330922E+00   0.949559E-01   0.376349E+00   0.376349E+00
   0.290501E+01   0.368104E+00   0.943073E-01   0.376097E+00   0.376097E+00
   0.290975E+01   0.494157E+00   0.940299E-01   0.375835E+00   0.375835E+00
   0.291449E+01   0.360493E+00   0.939025E-01   0.375564E+00   0.375564E+00
   0.291923E+01   0.405363E+00   0.936014E-01   0.375282E+00   0.375282E+00
   0.292398E+01   0.241718E+00   0.933388E-01   0.374989E+00   0.374989E+00
   0.292872E+01   0.218668E+00   0.932114E-01   0.374685E+00   0.374685E+00
   0.293346E+01   0.367000E+00   0.931129E-01   0.374368E+00   0.374368E+00
   0.293820E+01   0.384292E+00   0.929327E-01   0.374038E+00   0.374038E+00
   0.294295E+01   0.347067E+00   0.927412E-01   0.373695E+00   0.373695E+00
   0.294769E+01   0.337235E+00   0.926921E-01   0.373338E+00   0.373338E+00
   0.295243E+01   0.425156E+00   0.925184E-01   0.372966E+00   0.372966E+00
   0.295718E+01   0.302210E+00   0.923821E-01   0.372580E+00   0.372580E+00
   0.296192E+01   0.281125E+00   0.921456E-01   0.372178E+00   0.372178E+00
   0.296666E+01   0.403424E+00   0.921391E-01   0.371760E+00   0.371760E+00
   0.297140E+01   0.389287E+00   0.920198E-01   0.371326E+00   0.371326E+00
   0.297615E+01   0.370709E+00   0.919228E-01   0.370875E+00   0.370875E+00
   0.298089E+01   0.460582E+00   0.919094E-01   0.370407E+00   0.370407E+00
   0.298563E+01   0.471144E+00   0.916636E-01   0.369921E+00   0.369921E+00
   0.299038E+01   0.415626E+00   0.916053E-01   0.369418E+00   0.369418E+00
   0.299512E+01   0.340654E+00   0.915347E-01   0.368897E+00   0.368897E+00
   0.299986E+01   0.209463E+00   0.912545E-01   0.368357E+00   0.368357E+00

           ####      Real Space Data                               ####

           Distance distribution  function of particle  


      R          P(R)      ERROR

  0.0000E+00  0.0000E+00  0.0000E+00
  0.3847E-01  0.1012E-01  0.5237E-03
  0.7693E-01  0.2103E-01  0.9690E-03
  0.1154E+00  0.3273E-01  0.1337E-02
  0.1539E+00  0.4521E-01  0.1630E-02
  0.1923E+00  0.5846E-01  0.1849E-02
  0.2308E+00  0.7246E-01  0.1998E-02
  0.2693E+00  0.8720E-01  0.2081E-02
  0.3077E+00  0.1026E+00  0.2102E-02
  0.3462E+00  0.1188E+00  0.2066E-02
  0.3847E+00  0.1356E+00  0.1978E-02
  0.4231E+00  0.1530E+00  0.1846E-02
  0.4616E+00  0.1710E+00  0.1676E-02
  0.5001E+00  0.1895E+00  0.1477E-02
  0.5385E+00  0.2086E+00  0.1263E-02
  0.5770E+00  0.2282E+00  0.1052E-02
  0.6154E+00  0.2481E+00  0.8754E-03
  0.6539E+00  0.2685E+00  0.7814E-03
  0.6924E+00  0.2892E+00  0.8145E-03
  0.7308E+00  0.3102E+00  0.9660E-03
  0.7693E+00  0.3314E+00  0.1189E-02
  0.8078E+00  0.3528E+00  0.1443E-02
  0.8462E+00  0.3743E+00  0.1705E-02
  0.8847E+00  0.3959E+00  0.1961E-02
  0.9232E+00  0.4175E+00  0.2202E-02
  0.9616E+00  0.4391E+00  0.2421E-02
  0.1000E+01  0.4606E+00  0.2614E-02
  0.1039E+01  0.4820E+00  0.2776E-02
  0.1077E+01  0.5031E+00  0.2906E-02
  0.1116E+01  0.5240E+00  0.3002E-02
  0.1154E+01  0.5446E+00  0.3062E-02
  0.1192E+01  0.5649E+00  0.3087E-02
  0.1231E+01  0.5847E+00  0.3077E-02
  0.1269E+01  0.6040E+00  0.3033E-02
  0.1308E+01  0.6229E+00  0.2958E-02
  0.1346E+01  0.6412E+00  0.2856E-02
  0.1385E+01  0.6589E+00  0.2729E-02
  0.1423E+01  0.6759E+00  0.2584E-02
  0.1462E+01  0.6923E+00  0.2427E-02
  0.1500E+01  0.7079E+00  0.2268E-02
  0.1539E+01  0.7228E+00  0.2115E-02
  0.1577E+01  0.7369E+00  0.1982E-02
  0.1616E+01  0.7501E+00  0.1882E-02
  0.1654E+01  0.7625E+00  0.1826E-02
  0.1692E+01  0.7741E+00  0.1824E-02
  0.1731E+01  0.7847E+00  0.1876E-02
  0.1769E+01  0.7945E+00  0.1976E-02
  0.1808E+01  0.8033E+00  0.2113E-02
  0.1846E+01  0.8112E+00  0.2275E-02
  0.1885E+01  0.8182E+00  0.2450E-02
  0.1923E+01  0.8242E+00  0.2627E-02
  0.1962E+01  0.8293E+00  0.2798E-02
  0.2000E+01  0.8335E+00  0.2957E-02
  0.2039E+01  0.8367E+00  0.3098E-02
  0.2077E+01  0.8390E+00  0.3219E-02
  0.2116E+01  0.8404E+00  0.3316E-02
  0.2154E+01  0.8409E+00  0.3388E-02
  0.2193E+01  0.8405E+00  0.3433E-02
  0.2231E+01  0.8393E+00  0.3453E-02
  0.2269E+01  0.8373E+00  0.3449E-02
  0.2308E+01  0.8345E+00  0.3421E-02
  0.2346E+01  0.8309E+00  0.3374E-02
  0.2385E+01  0.8265E+00  0.3311E-02
  0.2423E+01  0.8215E+00  0.3236E-02
  0.2462E+01  0.8158E+00  0.3155E-02
  0.2500E+01  0.8094E+00  0.3074E-02
  0.2539E+01  0.8025E+00  0.3000E-02
  0.2577E+01  0.7950E+00  0.2939E-02
  0.2616E+01  0.7870E+00  0.2898E-02
  0.2654E+01  0.7785E+00  0.2880E-02
  0.2693E+01  0.7696E+00  0.2890E-02
  0.2731E+01  0.7604E+00  0.2928E-02
  0.2770E+01  0.7507E+00  0.2992E-02
  0.2808E+01  0.7408E+00  0.3078E-02
  0.2846E+01  0.7306E+00  0.3181E-02
  0.2885E+01  0.7202E+00  0.3295E-02
  0.2923E+01  0.7096E+00  0.3414E-02
  0.2962E+01  0.6989E+00  0.3531E-02
  0.3000E+01  0.6881E+00  0.3643E-02
  0.3039E+01  0.6772E+00  0.3743E-02
  0.3077E+01  0.6663E+00  0.3828E-02
  0.3116E+01  0.6553E+00  0.3896E-02
  0.3154E+01  0.6444E+00  0.3944E-02
  0.3193E+01  0.6336E+00  0.3972E-02
  0.3231E+01  0.6229E+00  0.3978E-02
  0.3270E+01  0.6122E+00  0.3965E-02
  0.3308E+01  0.6017E+00  0.3934E-02
  0.3347E+01  0.5914E+00  0.3887E-02
  0.3385E+01  0.5812E+00  0.3828E-02
  0.3423E+01  0.5712E+00  0.3761E-02
  0.3462E+01  0.5614E+00  0.3692E-02
  0.3500E+01  0.5518E+00  0.3627E-02
  0.3539E+01  0.5425E+00  0.3571E-02
  0.3577E+01  0.5333E+00  0.3531E-02
  0.3616E+01  0.5244E+00  0.3513E-02
  0.3654E+01  0.5157E+00  0.3519E-02
  0.3693E+01  0.5072E+00  0.3552E-02
  0.3731E+01  0.4990E+00  0.3613E-02
  0.3770E+01  0.4909E+00  0.3699E-02
  0.3808E+01  0.4831E+00  0.3807E-02
  0.3847E+01  0.4754E+00  0.3930E-02
  0.3885E+01  0.4679E+00  0.4065E-02
  0.3923E+01  0.4606E+00  0.4203E-02
  0.3962E+01  0.4535E+00  0.4340E-02
  0.4000E+01  0.4465E+00  0.4469E-02
  0.4039E+01  0.4396E+00  0.4586E-02
  0.4077E+01  0.4328E+00  0.4686E-02
  0.4116E+01  0.4261E+00  0.4766E-02
  0.4154E+01  0.4194E+00  0.4823E-02
  0.4193E+01  0.4129E+00  0.4856E-02
  0.4231E+01  0.4063E+00  0.4863E-02
  0.4270E+01  0.3998E+00  0.4843E-02
  0.4308E+01  0.3933E+00  0.4800E-02
  0.4347E+01  0.3868E+00  0.4732E-02
  0.4385E+01  0.3802E+00  0.4645E-02
  0.4424E+01  0.3736E+00  0.4541E-02
  0.4462E+01  0.3670E+00  0.4426E-02
  0.4500E+01  0.3603E+00  0.4306E-02
  0.4539E+01  0.3535E+00  0.4186E-02
  0.4577E+01  0.3467E+00  0.4076E-02
  0.4616E+01  0.3398E+00  0.3982E-02
  0.4654E+01  0.3328E+00  0.3913E-02
  0.4693E+01  0.3257E+00  0.3875E-02
  0.4731E+01  0.3185E+00  0.3873E-02
  0.4770E+01  0.3112E+00  0.3909E-02
  0.4808E+01  0.3038E+00  0.3983E-02
  0.4847E+01  0.2964E+00  0.4091E-02
  0.4885E+01  0.2889E+00  0.4228E-02
  0.4924E+01  0.2813E+00  0.4387E-02
  0.4962E+01  0.2737E+00  0.4561E-02
  0.5001E+01  0.2660E+00  0.4741E-02
  0.5039E+01  0.2584E+00  0.4922E-02
  0.5077E+01  0.2507E+00  0.5097E-02
  0.5116E+01  0.2430E+00  0.5261E-02
  0.5154E+01  0.2354E+00  0.5409E-02
  0.5193E+01  0.2278E+00  0.5538E-02
  0.5231E+01  0.2202E+00  0.5647E-02
  0.5270E+01  0.2128E+00  0.5733E-02
  0.5308E+01  0.2054E+00  0.5797E-02
  0.5347E+01  0.1982E+00  0.5839E-02
  0.5385E+01  0.1912E+00  0.5861E-02
  0.5424E+01  0.1843E+00  0.5864E-02
  0.5462E+01  0.1776E+00  0.5852E-02
  0.5501E+01  0.1711E+00  0.5829E-02
  0.5539E+01  0.1648E+00  0.5798E-02
  0.5578E+01  0.1588E+00  0.5764E-02
  0.5616E+01  0.1530E+00  0.5730E-02
  0.5654E+01  0.1476E+00  0.5702E-02
  0.5693E+01  0.1424E+00  0.5682E-02
  0.5731E+01  0.1374E+00  0.5674E-02
  0.5770E+01  0.1328E+00  0.5679E-02
  0.5808E+01  0.1285E+00  0.5697E-02
  0.5847E+01  0.1246E+00  0.5729E-02
  0.5885E+01  0.1209E+00  0.5771E-02
  0.5924E+01  0.1175E+00  0.5822E-02
  0.5962E+01  0.1145E+00  0.5879E-02
  0.6001E+01  0.1117E+00  0.5937E-02
  0.6039E+01  0.1093E+00  0.5993E-02
  0.6078E+01  0.1071E+00  0.6044E-02
  0.6116E+01  0.1051E+00  0.6086E-02
  0.6154E+01  0.1034E+00  0.6119E-02
  0.6193E+01  0.1019E+00  0.6140E-02
  0.6231E+01  0.1006E+00  0.6151E-02
  0.6270E+01  0.9952E-01  0.6152E-02
  0.6308E+01  0.9852E-01  0.6145E-02
  0.6347E+01  0.9763E-01  0.6135E-02
  0.6385E+01  0.9680E-01  0.6125E-02
  0.6424E+01  0.9600E-01  0.6122E-02
  0.6462E+01  0.9519E-01  0.6129E-02
  0.6501E+01  0.9433E-01  0.6151E-02
  0.6539E+01  0.9338E-01  0.6192E-02
  0.6578E+01  0.9229E-01  0.6254E-02
  0.6616E+01  0.9102E-01  0.6335E-02
  0.6655E+01  0.8953E-01  0.6431E-02
  0.6693E+01  0.8777E-01  0.6538E-02
  0.6731E+01  0.8569E-01  0.6646E-02
  0.6770E+01  0.8326E-01  0.6743E-02
  0.6808E+01  0.8041E-01  0.6818E-02
  0.6847E+01  0.7712E-01  0.6854E-02
  0.6885E+01  0.7334E-01  0.6837E-02
  0.6924E+01  0.6902E-01  0.6750E-02
  0.6962E+01  0.6412E-01  0.6576E-02
  0.7001E+01  0.5861E-01  0.6298E-02
  0.7039E+01  0.5245E-01  0.5898E-02
  0.7078E+01  0.4560E-01  0.5360E-02
  0.7116E+01  0.3803E-01  0.4666E-02
  0.7155E+01  0.2971E-01  0.3800E-02
  0.7193E+01  0.2061E-01  0.2744E-02
  0.7232E+01  0.1072E-01  0.1482E-02
  0.7270E+01  0.0000E+00  0.0000E+00
