
           ####      G N O M             Version 5.0 (r13469)      ####
                                               Wed Dec 15 15:10:43 2021

           ####      Configuration                                 ####

    System Type:                   arbitrary monodisperse (job = 0)
    Minimum characteristic size:         0.0000
    Maximum characteristic size:         7.3400
    rad56:                               0.0000
    Force 0.0 at r = rmin:                  yes
    Force 0.0 at r = rmax:                  yes
    Initial alpha:                       0.0000
    Initial random seed:    1436482776622706956
    Points in real space:                   190

    Input  1:                      temp-inp.dat
    First data point used:                    1
    Last data point used:                   570
    Scaling coefficient:             0.1000E+01
    Experimental setup:            point collimation



           ####      Results                                       ####

    Parameter    DISCRP  OSCILL  STABIL  SYSDEV  POSITV  VALCEN  SMOOTH
    Weight        1.000   3.000   3.000   3.000   1.000   1.000   1.000
    Sigma         0.300   0.600   0.120   0.120   0.120   0.120   0.600
    Ideal         0.700   1.100   0.000   1.000   1.000   0.950   0.000
    Current       0.535   1.314   0.010   0.931   1.000   0.872   1.771
               --------------------------------------------------------
    Estimate      0.738   0.880   0.994   0.722   1.000   0.657   0.000

    Angular range:                       0.3012 to       2.9999
    Reciprocal space Rg:             0.2302E+01
    Reciprocal space I(0):           0.4713E+02

    Real space range:                    0.0000 to       7.3400
    Real space Rg:                   0.2312E+01 +-   0.5278E-02
    Real space I(0):                 0.4714E+02 +-   0.8464E-01

    Highest ALPHA (theor):           0.5027E+02
    Current ALPHA:                   0.1243E+02

    Total Estimate:                      0.7832 (a GOOD solution)



           ####      Experimental Data and Fit                     ####

      S          J EXP       ERROR       J REG       I REG

   0.000000E+00                                                0.471378E+02
   0.107561E-01                                                0.471281E+02
   0.215123E-01                                                0.470990E+02
   0.322684E-01                                                0.470505E+02
   0.430246E-01                                                0.469827E+02
   0.537807E-01                                                0.468957E+02
   0.645368E-01                                                0.467896E+02
   0.752930E-01                                                0.466646E+02
   0.860491E-01                                                0.465208E+02
   0.968053E-01                                                0.463585E+02
   0.107561E+00                                                0.461779E+02
   0.118318E+00                                                0.459792E+02
   0.129074E+00                                                0.457626E+02
   0.139830E+00                                                0.455286E+02
   0.150586E+00                                                0.452775E+02
   0.161342E+00                                                0.450095E+02
   0.172098E+00                                                0.447251E+02
   0.182854E+00                                                0.444246E+02
   0.193611E+00                                                0.441084E+02
   0.204367E+00                                                0.437770E+02
   0.215123E+00                                                0.434308E+02
   0.225879E+00                                                0.430703E+02
   0.236635E+00                                                0.426960E+02
   0.247391E+00                                                0.423083E+02
   0.258147E+00                                                0.419078E+02
   0.268903E+00                                                0.414950E+02
   0.279660E+00                                                0.410704E+02
   0.290416E+00                                                0.406345E+02
   0.301172E+00   0.406433E+02   0.212553E+00   0.401879E+02   0.401879E+02
   0.305915E+00   0.402391E+02   0.210445E+00   0.399878E+02   0.399878E+02
   0.310658E+00   0.399177E+02   0.208459E+00   0.397857E+02   0.397857E+02
   0.315400E+00   0.398443E+02   0.206353E+00   0.395817E+02   0.395817E+02
   0.320143E+00   0.395150E+02   0.204681E+00   0.393759E+02   0.393759E+02
   0.324886E+00   0.390762E+02   0.202270E+00   0.391683E+02   0.391683E+02
   0.329629E+00   0.391980E+02   0.200730E+00   0.389590E+02   0.389590E+02
   0.334372E+00   0.388573E+02   0.198910E+00   0.387481E+02   0.387481E+02
   0.339115E+00   0.387248E+02   0.199344E+00   0.385355E+02   0.385355E+02
   0.343858E+00   0.388295E+02   0.202091E+00   0.383213E+02   0.383213E+02
   0.348601E+00   0.384955E+02   0.206885E+00   0.381056E+02   0.381056E+02
   0.353343E+00   0.381160E+02   0.210238E+00   0.378884E+02   0.378884E+02
   0.358086E+00   0.376638E+02   0.211725E+00   0.376697E+02   0.376697E+02
   0.362829E+00   0.375411E+02   0.213314E+00   0.374497E+02   0.374497E+02
   0.367572E+00   0.371768E+02   0.214926E+00   0.372284E+02   0.372284E+02
   0.372315E+00   0.367734E+02   0.216123E+00   0.370058E+02   0.370058E+02
   0.377058E+00   0.366658E+02   0.216992E+00   0.367819E+02   0.367819E+02
   0.381801E+00   0.366797E+02   0.218288E+00   0.365569E+02   0.365569E+02
   0.386543E+00   0.362794E+02   0.219018E+00   0.363308E+02   0.363308E+02
   0.391286E+00   0.362252E+02   0.219246E+00   0.361035E+02   0.361035E+02
   0.396029E+00   0.357611E+02   0.219528E+00   0.358752E+02   0.358752E+02
   0.400772E+00   0.355054E+02   0.220822E+00   0.356460E+02   0.356460E+02
   0.405515E+00   0.356774E+02   0.228907E+00   0.354158E+02   0.354158E+02
   0.410258E+00   0.352726E+02   0.233715E+00   0.351847E+02   0.351847E+02
   0.415001E+00   0.346480E+02   0.238722E+00   0.349528E+02   0.349528E+02
   0.419744E+00   0.347431E+02   0.242032E+00   0.347201E+02   0.347201E+02
   0.424486E+00   0.343745E+02   0.245532E+00   0.344867E+02   0.344867E+02
   0.429229E+00   0.341910E+02   0.248020E+00   0.342526E+02   0.342526E+02
   0.433972E+00   0.342001E+02   0.252523E+00   0.340178E+02   0.340178E+02
   0.438715E+00   0.338718E+02   0.255689E+00   0.337825E+02   0.337825E+02
   0.443458E+00   0.336538E+02   0.258311E+00   0.335466E+02   0.335466E+02
   0.448201E+00   0.330839E+02   0.262063E+00   0.333102E+02   0.333102E+02
   0.452944E+00   0.332639E+02   0.266471E+00   0.330733E+02   0.330733E+02
   0.457686E+00   0.333360E+02   0.269146E+00   0.328361E+02   0.328361E+02
   0.462429E+00   0.325875E+02   0.270474E+00   0.325985E+02   0.325985E+02
   0.467172E+00   0.322130E+02   0.268903E+00   0.323606E+02   0.323606E+02
   0.471915E+00   0.319107E+02   0.258374E+00   0.321224E+02   0.321224E+02
   0.476658E+00   0.320232E+02   0.253096E+00   0.318840E+02   0.318840E+02
   0.481401E+00   0.317936E+02   0.249456E+00   0.316454E+02   0.316454E+02
   0.486144E+00   0.311053E+02   0.246242E+00   0.314067E+02   0.314067E+02
   0.490887E+00   0.310814E+02   0.243413E+00   0.311679E+02   0.311679E+02
   0.495629E+00   0.310004E+02   0.241823E+00   0.309291E+02   0.309291E+02
   0.500372E+00   0.305675E+02   0.240126E+00   0.306902E+02   0.306902E+02
   0.505115E+00   0.303848E+02   0.238043E+00   0.304514E+02   0.304514E+02
   0.509858E+00   0.300089E+02   0.236493E+00   0.302127E+02   0.302127E+02
   0.514601E+00   0.301852E+02   0.234980E+00   0.299741E+02   0.299741E+02
   0.519344E+00   0.297114E+02   0.233464E+00   0.297357E+02   0.297357E+02
   0.524087E+00   0.294606E+02   0.232399E+00   0.294975E+02   0.294975E+02
   0.528829E+00   0.291498E+02   0.230490E+00   0.292596E+02   0.292596E+02
   0.533572E+00   0.286107E+02   0.228908E+00   0.290219E+02   0.290219E+02
   0.538315E+00   0.286857E+02   0.226864E+00   0.287846E+02   0.287846E+02
   0.543058E+00   0.284482E+02   0.225010E+00   0.285476E+02   0.285476E+02
   0.547801E+00   0.279517E+02   0.222647E+00   0.283110E+02   0.283110E+02
   0.552544E+00   0.278954E+02   0.221176E+00   0.280749E+02   0.280749E+02
   0.557287E+00   0.275410E+02   0.219222E+00   0.278393E+02   0.278393E+02
   0.562029E+00   0.273359E+02   0.217728E+00   0.276042E+02   0.276042E+02
   0.566772E+00   0.273330E+02   0.216002E+00   0.273696E+02   0.273696E+02
   0.571515E+00   0.272171E+02   0.214570E+00   0.271356E+02   0.271356E+02
   0.576258E+00   0.266583E+02   0.212861E+00   0.269023E+02   0.269023E+02
   0.581001E+00   0.262466E+02   0.211156E+00   0.266696E+02   0.266696E+02
   0.585744E+00   0.260932E+02   0.209956E+00   0.264376E+02   0.264376E+02
   0.590487E+00   0.260506E+02   0.209474E+00   0.262063E+02   0.262063E+02
   0.595230E+00   0.258222E+02   0.208712E+00   0.259757E+02   0.259757E+02
   0.599972E+00   0.256707E+02   0.208255E+00   0.257460E+02   0.257460E+02
   0.604715E+00   0.251864E+02   0.207120E+00   0.255170E+02   0.255170E+02
   0.609458E+00   0.251522E+02   0.206397E+00   0.252890E+02   0.252890E+02
   0.614201E+00   0.248384E+02   0.205683E+00   0.250618E+02   0.250618E+02
   0.618944E+00   0.244694E+02   0.204740E+00   0.248355E+02   0.248355E+02
   0.623687E+00   0.247286E+02   0.204189E+00   0.246101E+02   0.246101E+02
   0.628430E+00   0.244767E+02   0.203398E+00   0.243857E+02   0.243857E+02
   0.633173E+00   0.241384E+02   0.202737E+00   0.241623E+02   0.241623E+02
   0.637915E+00   0.240668E+02   0.202176E+00   0.239398E+02   0.239398E+02
   0.642658E+00   0.236691E+02   0.200974E+00   0.237185E+02   0.237185E+02
   0.647401E+00   0.235104E+02   0.200289E+00   0.234982E+02   0.234982E+02
   0.652144E+00   0.230105E+02   0.199064E+00   0.232790E+02   0.232790E+02
   0.656887E+00   0.230929E+02   0.198352E+00   0.230609E+02   0.230609E+02
   0.661630E+00   0.229792E+02   0.198125E+00   0.228439E+02   0.228439E+02
   0.666373E+00   0.223833E+02   0.197178E+00   0.226281E+02   0.226281E+02
   0.671115E+00   0.221605E+02   0.196318E+00   0.224134E+02   0.224134E+02
   0.675858E+00   0.221847E+02   0.196045E+00   0.222000E+02   0.222000E+02
   0.680601E+00   0.218667E+02   0.195038E+00   0.219878E+02   0.219878E+02
   0.685344E+00   0.216382E+02   0.194304E+00   0.217768E+02   0.217768E+02
   0.690087E+00   0.216253E+02   0.193687E+00   0.215671E+02   0.215671E+02
   0.694830E+00   0.213748E+02   0.193218E+00   0.213586E+02   0.213586E+02
   0.699573E+00   0.211283E+02   0.192337E+00   0.211515E+02   0.211515E+02
   0.704315E+00   0.210432E+02   0.191741E+00   0.209456E+02   0.209456E+02
   0.709058E+00   0.207328E+02   0.190687E+00   0.207411E+02   0.207411E+02
   0.713801E+00   0.202654E+02   0.189929E+00   0.205379E+02   0.205379E+02
   0.718544E+00   0.203142E+02   0.189470E+00   0.203361E+02   0.203361E+02
   0.723287E+00   0.202308E+02   0.188707E+00   0.201356E+02   0.201356E+02
   0.728030E+00   0.200579E+02   0.188291E+00   0.199365E+02   0.199365E+02
   0.732773E+00   0.194209E+02   0.187534E+00   0.197388E+02   0.197388E+02
   0.737515E+00   0.195825E+02   0.186916E+00   0.195426E+02   0.195426E+02
   0.742258E+00   0.194947E+02   0.186361E+00   0.193477E+02   0.193477E+02
   0.747001E+00   0.193756E+02   0.185744E+00   0.191543E+02   0.191543E+02
   0.751744E+00   0.189835E+02   0.184723E+00   0.189623E+02   0.189623E+02
   0.756487E+00   0.186211E+02   0.184091E+00   0.187717E+02   0.187717E+02
   0.761230E+00   0.188273E+02   0.183974E+00   0.185826E+02   0.185826E+02
   0.765973E+00   0.185831E+02   0.183345E+00   0.183950E+02   0.183950E+02
   0.770716E+00   0.185810E+02   0.182459E+00   0.182088E+02   0.182088E+02
   0.775459E+00   0.179325E+02   0.181934E+00   0.180241E+02   0.180241E+02
   0.780201E+00   0.179038E+02   0.181988E+00   0.178409E+02   0.178409E+02
   0.784944E+00   0.176437E+02   0.180970E+00   0.176592E+02   0.176592E+02
   0.789687E+00   0.173993E+02   0.180128E+00   0.174790E+02   0.174790E+02
   0.794430E+00   0.172930E+02   0.179576E+00   0.173003E+02   0.173003E+02
   0.799173E+00   0.174241E+02   0.178923E+00   0.171231E+02   0.171231E+02
   0.803916E+00   0.168087E+02   0.178023E+00   0.169474E+02   0.169474E+02
   0.808658E+00   0.169125E+02   0.177634E+00   0.167732E+02   0.167732E+02
   0.813401E+00   0.166899E+02   0.177040E+00   0.166005E+02   0.166005E+02
   0.818144E+00   0.169097E+02   0.177197E+00   0.164293E+02   0.164293E+02
   0.822887E+00   0.162446E+02   0.176188E+00   0.162597E+02   0.162597E+02
   0.827630E+00   0.162544E+02   0.175570E+00   0.160916E+02   0.160916E+02
   0.832373E+00   0.158797E+02   0.174725E+00   0.159250E+02   0.159250E+02
   0.837116E+00   0.158687E+02   0.174501E+00   0.157599E+02   0.157599E+02
   0.841859E+00   0.158962E+02   0.174264E+00   0.155963E+02   0.155963E+02
   0.846601E+00   0.156041E+02   0.173520E+00   0.154342E+02   0.154342E+02
   0.851344E+00   0.153442E+02   0.172900E+00   0.152737E+02   0.152737E+02
   0.856087E+00   0.152333E+02   0.172264E+00   0.151146E+02   0.151146E+02
   0.860830E+00   0.152277E+02   0.171662E+00   0.149571E+02   0.149571E+02
   0.865573E+00   0.149809E+02   0.171223E+00   0.148011E+02   0.148011E+02
   0.870316E+00   0.145892E+02   0.170419E+00   0.146465E+02   0.146465E+02
   0.875059E+00   0.145204E+02   0.170150E+00   0.144935E+02   0.144935E+02
   0.879802E+00   0.142015E+02   0.169638E+00   0.143420E+02   0.143420E+02
   0.884544E+00   0.141605E+02   0.168857E+00   0.141919E+02   0.141919E+02
   0.889287E+00   0.141181E+02   0.168457E+00   0.140434E+02   0.140434E+02
   0.894030E+00   0.139840E+02   0.168244E+00   0.138963E+02   0.138963E+02
   0.898773E+00   0.139851E+02   0.167563E+00   0.137507E+02   0.137507E+02
   0.903516E+00   0.136454E+02   0.166761E+00   0.136066E+02   0.136066E+02
   0.908259E+00   0.134351E+02   0.166356E+00   0.134639E+02   0.134639E+02
   0.913002E+00   0.135128E+02   0.165937E+00   0.133226E+02   0.133226E+02
   0.917744E+00   0.135650E+02   0.165621E+00   0.131829E+02   0.131829E+02
   0.922487E+00   0.131361E+02   0.165041E+00   0.130445E+02   0.130445E+02
   0.927230E+00   0.128794E+02   0.164478E+00   0.129076E+02   0.129076E+02
   0.931973E+00   0.130410E+02   0.164439E+00   0.127721E+02   0.127721E+02
   0.936716E+00   0.128760E+02   0.163881E+00   0.126380E+02   0.126380E+02
   0.941459E+00   0.125821E+02   0.162923E+00   0.125053E+02   0.125053E+02
   0.946202E+00   0.124382E+02   0.162370E+00   0.123741E+02   0.123741E+02
   0.950944E+00   0.123900E+02   0.162226E+00   0.122442E+02   0.122442E+02
   0.955687E+00   0.124510E+02   0.161818E+00   0.121156E+02   0.121156E+02
   0.960430E+00   0.122308E+02   0.161329E+00   0.119885E+02   0.119885E+02
   0.965173E+00   0.119999E+02   0.160876E+00   0.118627E+02   0.118627E+02
   0.969916E+00   0.116518E+02   0.160417E+00   0.117382E+02   0.117382E+02
   0.974659E+00   0.118422E+02   0.160171E+00   0.116151E+02   0.116151E+02
   0.979402E+00   0.117687E+02   0.159474E+00   0.114933E+02   0.114933E+02
   0.984144E+00   0.114823E+02   0.159111E+00   0.113729E+02   0.113729E+02
   0.988887E+00   0.112316E+02   0.158606E+00   0.112537E+02   0.112537E+02
   0.993630E+00   0.112381E+02   0.158110E+00   0.111358E+02   0.111358E+02
   0.998373E+00   0.111211E+02   0.157689E+00   0.110192E+02   0.110192E+02
   0.100312E+01   0.109055E+02   0.157277E+00   0.109039E+02   0.109039E+02
   0.100786E+01   0.107745E+02   0.156874E+00   0.107898E+02   0.107898E+02
   0.101260E+01   0.107216E+02   0.156457E+00   0.106770E+02   0.106770E+02
   0.101734E+01   0.107877E+02   0.156263E+00   0.105654E+02   0.105654E+02
   0.102209E+01   0.105745E+02   0.155561E+00   0.104550E+02   0.104550E+02
   0.102683E+01   0.106072E+02   0.155522E+00   0.103459E+02   0.103459E+02
   0.103157E+01   0.102379E+02   0.154859E+00   0.102379E+02   0.102379E+02
   0.103632E+01   0.101422E+02   0.154460E+00   0.101312E+02   0.101312E+02
   0.104106E+01   0.999061E+01   0.154002E+00   0.100256E+02   0.100256E+02
   0.104580E+01   0.101558E+02   0.153802E+00   0.992112E+01   0.992112E+01
   0.105055E+01   0.997949E+01   0.153451E+00   0.981783E+01   0.981783E+01
   0.105529E+01   0.953505E+01   0.152578E+00   0.971570E+01   0.971570E+01
   0.106003E+01   0.955103E+01   0.152239E+00   0.961467E+01   0.961467E+01
   0.106477E+01   0.941806E+01   0.151876E+00   0.951476E+01   0.951476E+01
   0.106952E+01   0.945328E+01   0.151794E+00   0.941594E+01   0.941594E+01
   0.107426E+01   0.944225E+01   0.151603E+00   0.931821E+01   0.931821E+01
   0.107900E+01   0.934857E+01   0.150979E+00   0.922156E+01   0.922156E+01
   0.108374E+01   0.912589E+01   0.150720E+00   0.912596E+01   0.912596E+01
   0.108849E+01   0.892708E+01   0.150307E+00   0.903142E+01   0.903142E+01
   0.109323E+01   0.908154E+01   0.149808E+00   0.893793E+01   0.893793E+01
   0.109797E+01   0.875434E+01   0.149319E+00   0.884545E+01   0.884545E+01
   0.110272E+01   0.873486E+01   0.149262E+00   0.875398E+01   0.875398E+01
   0.110746E+01   0.871731E+01   0.148753E+00   0.866350E+01   0.866350E+01
   0.111220E+01   0.854317E+01   0.148354E+00   0.857402E+01   0.857402E+01
   0.111695E+01   0.860785E+01   0.148390E+00   0.848551E+01   0.848551E+01
   0.112169E+01   0.835793E+01   0.147814E+00   0.839796E+01   0.839796E+01
   0.112643E+01   0.851997E+01   0.147665E+00   0.831138E+01   0.831138E+01
   0.113117E+01   0.834372E+01   0.147414E+00   0.822572E+01   0.822572E+01
   0.113592E+01   0.814142E+01   0.146689E+00   0.814099E+01   0.814099E+01
   0.114066E+01   0.802031E+01   0.146369E+00   0.805717E+01   0.805717E+01
   0.114540E+01   0.810448E+01   0.145959E+00   0.797425E+01   0.797425E+01
   0.115014E+01   0.794319E+01   0.145665E+00   0.789223E+01   0.789223E+01
   0.115489E+01   0.784783E+01   0.145519E+00   0.781108E+01   0.781108E+01
   0.115963E+01   0.775428E+01   0.144896E+00   0.773080E+01   0.773080E+01
   0.116437E+01   0.751090E+01   0.144617E+00   0.765139E+01   0.765139E+01
   0.116912E+01   0.749337E+01   0.144303E+00   0.757281E+01   0.757281E+01
   0.117386E+01   0.761551E+01   0.144240E+00   0.749507E+01   0.749507E+01
   0.117860E+01   0.732093E+01   0.143787E+00   0.741814E+01   0.741814E+01
   0.118335E+01   0.737402E+01   0.143706E+00   0.734203E+01   0.734203E+01
   0.118809E+01   0.734182E+01   0.143230E+00   0.726671E+01   0.726671E+01
   0.119283E+01   0.724083E+01   0.142476E+00   0.719219E+01   0.719219E+01
   0.119757E+01   0.725491E+01   0.142431E+00   0.711846E+01   0.711846E+01
   0.120232E+01   0.698115E+01   0.142137E+00   0.704548E+01   0.704548E+01
   0.120706E+01   0.702327E+01   0.142538E+00   0.697326E+01   0.697326E+01
   0.121180E+01   0.695875E+01   0.147185E+00   0.690179E+01   0.690179E+01
   0.121654E+01   0.689142E+01   0.150196E+00   0.683105E+01   0.683105E+01
   0.122129E+01   0.677262E+01   0.151901E+00   0.676105E+01   0.676105E+01
   0.122603E+01   0.669062E+01   0.153899E+00   0.669176E+01   0.669176E+01
   0.123077E+01   0.665499E+01   0.155523E+00   0.662317E+01   0.662317E+01
   0.123552E+01   0.666894E+01   0.156885E+00   0.655531E+01   0.655531E+01
   0.124026E+01   0.650666E+01   0.158205E+00   0.648811E+01   0.648811E+01
   0.124500E+01   0.634429E+01   0.159543E+00   0.642160E+01   0.642160E+01
   0.124975E+01   0.628418E+01   0.160542E+00   0.635576E+01   0.635576E+01
   0.125449E+01   0.621276E+01   0.161861E+00   0.629058E+01   0.629058E+01
   0.125923E+01   0.611181E+01   0.162508E+00   0.622605E+01   0.622605E+01
   0.126397E+01   0.589380E+01   0.162570E+00   0.616217E+01   0.616217E+01
   0.126872E+01   0.594286E+01   0.162691E+00   0.609894E+01   0.609894E+01
   0.127346E+01   0.609824E+01   0.160471E+00   0.603632E+01   0.603632E+01
   0.127820E+01   0.602489E+01   0.155271E+00   0.597433E+01   0.597433E+01
   0.128295E+01   0.565697E+01   0.151683E+00   0.591294E+01   0.591294E+01
   0.128769E+01   0.572888E+01   0.149470E+00   0.585216E+01   0.585216E+01
   0.129243E+01   0.560344E+01   0.147311E+00   0.579198E+01   0.579198E+01
   0.129717E+01   0.575192E+01   0.146163E+00   0.573239E+01   0.573239E+01
   0.130192E+01   0.568955E+01   0.144383E+00   0.567339E+01   0.567339E+01
   0.130666E+01   0.566037E+01   0.143486E+00   0.561496E+01   0.561496E+01
   0.131140E+01   0.557899E+01   0.142215E+00   0.555709E+01   0.555709E+01
   0.131614E+01   0.554473E+01   0.141167E+00   0.549978E+01   0.549978E+01
   0.132089E+01   0.554684E+01   0.140758E+00   0.544303E+01   0.544303E+01
   0.132563E+01   0.520262E+01   0.139736E+00   0.538683E+01   0.538683E+01
   0.133037E+01   0.539020E+01   0.139404E+00   0.533117E+01   0.533117E+01
   0.133512E+01   0.529887E+01   0.139128E+00   0.527604E+01   0.527604E+01
   0.133986E+01   0.528476E+01   0.138801E+00   0.522146E+01   0.522146E+01
   0.134460E+01   0.520114E+01   0.138161E+00   0.516739E+01   0.516739E+01
   0.134935E+01   0.520216E+01   0.137836E+00   0.511383E+01   0.511383E+01
   0.135409E+01   0.500549E+01   0.137640E+00   0.506079E+01   0.506079E+01
   0.135883E+01   0.486620E+01   0.137439E+00   0.500826E+01   0.500826E+01
   0.136357E+01   0.491063E+01   0.136896E+00   0.495622E+01   0.495622E+01
   0.136832E+01   0.478710E+01   0.136579E+00   0.490468E+01   0.490468E+01
   0.137306E+01   0.472782E+01   0.136022E+00   0.485365E+01   0.485365E+01
   0.137780E+01   0.479228E+01   0.135924E+00   0.480309E+01   0.480309E+01
   0.138254E+01   0.466536E+01   0.135468E+00   0.475301E+01   0.475301E+01
   0.138729E+01   0.462142E+01   0.135153E+00   0.470341E+01   0.470341E+01
   0.139203E+01   0.477379E+01   0.134807E+00   0.465428E+01   0.465428E+01
   0.139677E+01   0.458126E+01   0.134649E+00   0.460562E+01   0.460562E+01
   0.140152E+01   0.438055E+01   0.134318E+00   0.455742E+01   0.455742E+01
   0.140626E+01   0.452436E+01   0.134109E+00   0.450968E+01   0.450968E+01
   0.141100E+01   0.443221E+01   0.133748E+00   0.446240E+01   0.446240E+01
   0.141575E+01   0.440322E+01   0.133468E+00   0.441557E+01   0.441557E+01
   0.142049E+01   0.436977E+01   0.133078E+00   0.436919E+01   0.436919E+01
   0.142523E+01   0.427636E+01   0.133143E+00   0.432324E+01   0.432324E+01
   0.142997E+01   0.426989E+01   0.132548E+00   0.427774E+01   0.427774E+01
   0.143472E+01   0.420375E+01   0.132275E+00   0.423268E+01   0.423268E+01
   0.143946E+01   0.419313E+01   0.131978E+00   0.418805E+01   0.418805E+01
   0.144420E+01   0.409012E+01   0.131990E+00   0.414385E+01   0.414385E+01
   0.144894E+01   0.397220E+01   0.131657E+00   0.410008E+01   0.410008E+01
   0.145369E+01   0.389923E+01   0.131380E+00   0.405673E+01   0.405673E+01
   0.145843E+01   0.388348E+01   0.131012E+00   0.401380E+01   0.401380E+01
   0.146317E+01   0.373783E+01   0.130672E+00   0.397128E+01   0.397128E+01
   0.146792E+01   0.388675E+01   0.130416E+00   0.392918E+01   0.392918E+01
   0.147266E+01   0.373835E+01   0.130323E+00   0.388749E+01   0.388749E+01
   0.147740E+01   0.399124E+01   0.129999E+00   0.384623E+01   0.384623E+01
   0.148215E+01   0.376518E+01   0.129713E+00   0.380535E+01   0.380535E+01
   0.148689E+01   0.367776E+01   0.129431E+00   0.376489E+01   0.376489E+01
   0.149163E+01   0.366930E+01   0.129162E+00   0.372482E+01   0.372482E+01
   0.149637E+01   0.366419E+01   0.129087E+00   0.368515E+01   0.368515E+01
   0.150112E+01   0.365831E+01   0.129144E+00   0.364588E+01   0.364588E+01
   0.150586E+01   0.345861E+01   0.131510E+00   0.360700E+01   0.360700E+01
   0.151060E+01   0.362378E+01   0.135151E+00   0.356851E+01   0.356851E+01
   0.151534E+01   0.353307E+01   0.137297E+00   0.353042E+01   0.353042E+01
   0.152009E+01   0.338221E+01   0.139082E+00   0.349271E+01   0.349271E+01
   0.152483E+01   0.331796E+01   0.140291E+00   0.345539E+01   0.345539E+01
   0.152957E+01   0.358832E+01   0.141599E+00   0.341844E+01   0.341844E+01
   0.153432E+01   0.340338E+01   0.137977E+00   0.338188E+01   0.338188E+01
   0.153906E+01   0.334279E+01   0.135587E+00   0.334570E+01   0.334570E+01
   0.154380E+01   0.349182E+01   0.134192E+00   0.330989E+01   0.330989E+01
   0.154855E+01   0.318168E+01   0.132449E+00   0.327447E+01   0.327447E+01
   0.155329E+01   0.322051E+01   0.131261E+00   0.323941E+01   0.323941E+01
   0.155803E+01   0.316230E+01   0.130123E+00   0.320472E+01   0.320472E+01
   0.156277E+01   0.313507E+01   0.128701E+00   0.317040E+01   0.317040E+01
   0.156752E+01   0.306391E+01   0.127438E+00   0.313645E+01   0.313645E+01
   0.157226E+01   0.314178E+01   0.126718E+00   0.310286E+01   0.310286E+01
   0.157700E+01   0.301742E+01   0.125950E+00   0.306964E+01   0.306964E+01
   0.158175E+01   0.295855E+01   0.125596E+00   0.303677E+01   0.303677E+01
   0.158649E+01   0.276346E+01   0.125768E+00   0.300427E+01   0.300427E+01
   0.159123E+01   0.281344E+01   0.125748E+00   0.297213E+01   0.297213E+01
   0.159597E+01   0.300921E+01   0.126009E+00   0.294034E+01   0.294034E+01
   0.160072E+01   0.304168E+01   0.125967E+00   0.290890E+01   0.290890E+01
   0.160546E+01   0.290987E+01   0.125881E+00   0.287782E+01   0.287782E+01
   0.161020E+01   0.299514E+01   0.125535E+00   0.284708E+01   0.284708E+01
   0.161495E+01   0.301658E+01   0.125354E+00   0.281670E+01   0.281670E+01
   0.161969E+01   0.280810E+01   0.125304E+00   0.278667E+01   0.278667E+01
   0.162443E+01   0.272112E+01   0.124837E+00   0.275697E+01   0.275697E+01
   0.162917E+01   0.249054E+01   0.124522E+00   0.272762E+01   0.272762E+01
   0.163392E+01   0.265220E+01   0.124100E+00   0.269861E+01   0.269861E+01
   0.163866E+01   0.270345E+01   0.124156E+00   0.266994E+01   0.266994E+01
   0.164340E+01   0.263424E+01   0.123821E+00   0.264160E+01   0.264160E+01
   0.164815E+01   0.272588E+01   0.123840E+00   0.261361E+01   0.261361E+01
   0.165289E+01   0.266594E+01   0.123533E+00   0.258594E+01   0.258594E+01
   0.165763E+01   0.244567E+01   0.123162E+00   0.255861E+01   0.255861E+01
   0.166237E+01   0.266887E+01   0.122911E+00   0.253161E+01   0.253161E+01
   0.166712E+01   0.253944E+01   0.122798E+00   0.250493E+01   0.250493E+01
   0.167186E+01   0.258867E+01   0.122624E+00   0.247858E+01   0.247858E+01
   0.167660E+01   0.248315E+01   0.122457E+00   0.245255E+01   0.245255E+01
   0.168135E+01   0.243708E+01   0.122307E+00   0.242684E+01   0.242684E+01
   0.168609E+01   0.256291E+01   0.121923E+00   0.240146E+01   0.240146E+01
   0.169083E+01   0.229523E+01   0.121701E+00   0.237639E+01   0.237639E+01
   0.169557E+01   0.224968E+01   0.121636E+00   0.235164E+01   0.235164E+01
   0.170032E+01   0.211045E+01   0.121542E+00   0.232720E+01   0.232720E+01
   0.170506E+01   0.229173E+01   0.121252E+00   0.230306E+01   0.230306E+01
   0.170980E+01   0.214209E+01   0.120969E+00   0.227924E+01   0.227924E+01
   0.171455E+01   0.232925E+01   0.120902E+00   0.225572E+01   0.225572E+01
   0.171929E+01   0.224706E+01   0.120782E+00   0.223251E+01   0.223251E+01
   0.172403E+01   0.233052E+01   0.120500E+00   0.220960E+01   0.220960E+01
   0.172877E+01   0.216638E+01   0.120248E+00   0.218699E+01   0.218699E+01
   0.173352E+01   0.215773E+01   0.120132E+00   0.216468E+01   0.216468E+01
   0.173826E+01   0.213655E+01   0.119798E+00   0.214266E+01   0.214266E+01
   0.174300E+01   0.231077E+01   0.119796E+00   0.212093E+01   0.212093E+01
   0.174775E+01   0.215081E+01   0.119631E+00   0.209949E+01   0.209949E+01
   0.175249E+01   0.207276E+01   0.119184E+00   0.207834E+01   0.207834E+01
   0.175723E+01   0.201877E+01   0.119285E+00   0.205748E+01   0.205748E+01
   0.176197E+01   0.205655E+01   0.119036E+00   0.203690E+01   0.203690E+01
   0.176672E+01   0.206146E+01   0.118789E+00   0.201659E+01   0.201659E+01
   0.177146E+01   0.193837E+01   0.118539E+00   0.199656E+01   0.199656E+01
   0.177620E+01   0.194642E+01   0.118514E+00   0.197681E+01   0.197681E+01
   0.178095E+01   0.197279E+01   0.118450E+00   0.195733E+01   0.195733E+01
   0.178569E+01   0.202419E+01   0.118150E+00   0.193812E+01   0.193812E+01
   0.179043E+01   0.190481E+01   0.118078E+00   0.191917E+01   0.191917E+01
   0.179517E+01   0.198899E+01   0.117829E+00   0.190050E+01   0.190050E+01
   0.179992E+01   0.186218E+01   0.117746E+00   0.188208E+01   0.188208E+01
   0.180466E+01   0.198872E+01   0.117534E+00   0.186391E+01   0.186391E+01
   0.180940E+01   0.184423E+01   0.117324E+00   0.184601E+01   0.184601E+01
   0.181415E+01   0.172182E+01   0.117214E+00   0.182835E+01   0.182835E+01
   0.181889E+01   0.177977E+01   0.116963E+00   0.181095E+01   0.181095E+01
   0.182363E+01   0.182295E+01   0.116906E+00   0.179379E+01   0.179379E+01
   0.182838E+01   0.184373E+01   0.116761E+00   0.177687E+01   0.177687E+01
   0.183312E+01   0.174501E+01   0.116297E+00   0.176020E+01   0.176020E+01
   0.183786E+01   0.160803E+01   0.116196E+00   0.174377E+01   0.174377E+01
   0.184260E+01   0.180124E+01   0.116155E+00   0.172757E+01   0.172757E+01
   0.184735E+01   0.185047E+01   0.115981E+00   0.171160E+01   0.171160E+01
   0.185209E+01   0.174190E+01   0.115788E+00   0.169586E+01   0.169586E+01
   0.185683E+01   0.189029E+01   0.115709E+00   0.168035E+01   0.168035E+01
   0.186157E+01   0.168733E+01   0.115516E+00   0.166506E+01   0.166506E+01
   0.186632E+01   0.159545E+01   0.115254E+00   0.165000E+01   0.165000E+01
   0.187106E+01   0.167361E+01   0.114992E+00   0.163515E+01   0.163515E+01
   0.187580E+01   0.167513E+01   0.114996E+00   0.162051E+01   0.162051E+01
   0.188055E+01   0.150531E+01   0.114754E+00   0.160608E+01   0.160608E+01
   0.188529E+01   0.153840E+01   0.114584E+00   0.159186E+01   0.159186E+01
   0.189003E+01   0.149683E+01   0.114352E+00   0.157785E+01   0.157785E+01
   0.189478E+01   0.158314E+01   0.114343E+00   0.156404E+01   0.156404E+01
   0.189952E+01   0.164452E+01   0.114132E+00   0.155043E+01   0.155043E+01
   0.190426E+01   0.144471E+01   0.114131E+00   0.153702E+01   0.153702E+01
   0.190900E+01   0.151876E+01   0.113974E+00   0.152380E+01   0.152380E+01
   0.191375E+01   0.158991E+01   0.113739E+00   0.151076E+01   0.151076E+01
   0.191849E+01   0.145016E+01   0.113563E+00   0.149792E+01   0.149792E+01
   0.192323E+01   0.135910E+01   0.113498E+00   0.148526E+01   0.148526E+01
   0.192797E+01   0.141477E+01   0.113320E+00   0.147277E+01   0.147277E+01
   0.193272E+01   0.146295E+01   0.113171E+00   0.146047E+01   0.146047E+01
   0.193746E+01   0.159071E+01   0.112755E+00   0.144835E+01   0.144835E+01
   0.194220E+01   0.142974E+01   0.112403E+00   0.143639E+01   0.143639E+01
   0.194695E+01   0.144794E+01   0.112187E+00   0.142460E+01   0.142460E+01
   0.195169E+01   0.144399E+01   0.111801E+00   0.141298E+01   0.141298E+01
   0.195643E+01   0.146092E+01   0.111641E+00   0.140152E+01   0.140152E+01
   0.196117E+01   0.133927E+01   0.111529E+00   0.139022E+01   0.139022E+01
   0.196592E+01   0.131237E+01   0.111548E+00   0.137908E+01   0.137908E+01
   0.197066E+01   0.142777E+01   0.111552E+00   0.136810E+01   0.136810E+01
   0.197540E+01   0.122451E+01   0.111273E+00   0.135726E+01   0.135726E+01
   0.198015E+01   0.134272E+01   0.111287E+00   0.134657E+01   0.134657E+01
   0.198489E+01   0.137689E+01   0.111468E+00   0.133603E+01   0.133603E+01
   0.198963E+01   0.127348E+01   0.111425E+00   0.132563E+01   0.132563E+01
   0.199438E+01   0.138424E+01   0.111219E+00   0.131537E+01   0.131537E+01
   0.199912E+01   0.133055E+01   0.111076E+00   0.130525E+01   0.130525E+01
   0.200386E+01   0.135859E+01   0.111017E+00   0.129526E+01   0.129526E+01
   0.200860E+01   0.125287E+01   0.111170E+00   0.128541E+01   0.128541E+01
   0.201335E+01   0.134643E+01   0.112191E+00   0.127568E+01   0.127568E+01
   0.201809E+01   0.121215E+01   0.115192E+00   0.126608E+01   0.126608E+01
   0.202283E+01   0.117653E+01   0.117105E+00   0.125660E+01   0.125660E+01
   0.202758E+01   0.120224E+01   0.118627E+00   0.124725E+01   0.124725E+01
   0.203232E+01   0.124987E+01   0.119693E+00   0.123801E+01   0.123801E+01
   0.203706E+01   0.117813E+01   0.120566E+00   0.122889E+01   0.122889E+01
   0.204180E+01   0.119648E+01   0.121645E+00   0.121988E+01   0.121988E+01
   0.204655E+01   0.121850E+01   0.122136E+00   0.121099E+01   0.121099E+01
   0.205129E+01   0.137555E+01   0.122567E+00   0.120220E+01   0.120220E+01
   0.205603E+01   0.119343E+01   0.122737E+00   0.119352E+01   0.119352E+01
   0.206078E+01   0.120000E+01   0.123132E+00   0.118495E+01   0.118495E+01
   0.206552E+01   0.129634E+01   0.123253E+00   0.117647E+01   0.117647E+01
   0.207026E+01   0.103541E+01   0.123488E+00   0.116810E+01   0.116810E+01
   0.207500E+01   0.124197E+01   0.123903E+00   0.115983E+01   0.115983E+01
   0.207975E+01   0.125012E+01   0.121403E+00   0.115165E+01   0.115165E+01
   0.208449E+01   0.112911E+01   0.118259E+00   0.114356E+01   0.114356E+01
   0.208923E+01   0.115286E+01   0.116639E+00   0.113556E+01   0.113556E+01
   0.209397E+01   0.107016E+01   0.115215E+00   0.112765E+01   0.112765E+01
   0.209872E+01   0.111377E+01   0.114011E+00   0.111984E+01   0.111984E+01
   0.210346E+01   0.103181E+01   0.113175E+00   0.111210E+01   0.111210E+01
   0.210820E+01   0.105891E+01   0.112240E+00   0.110445E+01   0.110445E+01
   0.211295E+01   0.108892E+01   0.111938E+00   0.109688E+01   0.109688E+01
   0.211769E+01   0.112901E+01   0.111824E+00   0.108939E+01   0.108939E+01
   0.212243E+01   0.973569E+00   0.111486E+00   0.108198E+01   0.108198E+01
   0.212717E+01   0.954190E+00   0.111144E+00   0.107465E+01   0.107465E+01
   0.213192E+01   0.829522E+00   0.110807E+00   0.106739E+01   0.106739E+01
   0.213666E+01   0.998507E+00   0.110803E+00   0.106020E+01   0.106020E+01
   0.214140E+01   0.104798E+01   0.110690E+00   0.105308E+01   0.105308E+01
   0.214615E+01   0.112451E+01   0.110386E+00   0.104604E+01   0.104604E+01
   0.215089E+01   0.950334E+00   0.110091E+00   0.103906E+01   0.103906E+01
   0.215563E+01   0.106310E+01   0.109861E+00   0.103216E+01   0.103216E+01
   0.216038E+01   0.973936E+00   0.109884E+00   0.102531E+01   0.102531E+01
   0.216512E+01   0.874800E+00   0.109561E+00   0.101853E+01   0.101853E+01
   0.216986E+01   0.993091E+00   0.109312E+00   0.101182E+01   0.101182E+01
   0.217460E+01   0.804971E+00   0.108978E+00   0.100516E+01   0.100516E+01
   0.217935E+01   0.884372E+00   0.108881E+00   0.998571E+00   0.998571E+00
   0.218409E+01   0.898531E+00   0.108823E+00   0.992040E+00   0.992040E+00
   0.218883E+01   0.836226E+00   0.108695E+00   0.985566E+00   0.985566E+00
   0.219358E+01   0.923660E+00   0.108737E+00   0.979150E+00   0.979150E+00
   0.219832E+01   0.103398E+01   0.108301E+00   0.972790E+00   0.972790E+00
   0.220306E+01   0.870128E+00   0.108224E+00   0.966486E+00   0.966486E+00
   0.220780E+01   0.964957E+00   0.108173E+00   0.960237E+00   0.960237E+00
   0.221255E+01   0.900965E+00   0.107848E+00   0.954042E+00   0.954042E+00
   0.221729E+01   0.922768E+00   0.107748E+00   0.947902E+00   0.947902E+00
   0.222203E+01   0.104200E+01   0.107711E+00   0.941812E+00   0.941812E+00
   0.222677E+01   0.953955E+00   0.107582E+00   0.935774E+00   0.935774E+00
   0.223152E+01   0.933312E+00   0.107356E+00   0.929787E+00   0.929787E+00
   0.223626E+01   0.895348E+00   0.107113E+00   0.923851E+00   0.923851E+00
   0.224100E+01   0.101976E+01   0.107036E+00   0.917964E+00   0.917964E+00
   0.224575E+01   0.842264E+00   0.106847E+00   0.912126E+00   0.912126E+00
   0.225049E+01   0.756861E+00   0.106735E+00   0.906337E+00   0.906337E+00
   0.225523E+01   0.925705E+00   0.106583E+00   0.900597E+00   0.900597E+00
   0.225997E+01   0.774997E+00   0.106458E+00   0.894904E+00   0.894904E+00
   0.226472E+01   0.784932E+00   0.106090E+00   0.889258E+00   0.889258E+00
   0.226946E+01   0.806866E+00   0.106168E+00   0.883661E+00   0.883661E+00
   0.227420E+01   0.776076E+00   0.106095E+00   0.878106E+00   0.878106E+00
   0.227895E+01   0.697339E+00   0.105929E+00   0.872599E+00   0.872599E+00
   0.228369E+01   0.805458E+00   0.105853E+00   0.867138E+00   0.867138E+00
   0.228843E+01   0.873260E+00   0.105642E+00   0.861724E+00   0.861724E+00
   0.229318E+01   0.865660E+00   0.105559E+00   0.856355E+00   0.856355E+00
   0.229792E+01   0.826716E+00   0.105483E+00   0.851030E+00   0.851030E+00
   0.230266E+01   0.786218E+00   0.105330E+00   0.845751E+00   0.845751E+00
   0.230740E+01   0.714126E+00   0.105046E+00   0.840517E+00   0.840517E+00
   0.231215E+01   0.774702E+00   0.104948E+00   0.835327E+00   0.835327E+00
   0.231689E+01   0.762773E+00   0.104865E+00   0.830183E+00   0.830183E+00
   0.232163E+01   0.629149E+00   0.104717E+00   0.825084E+00   0.825084E+00
   0.232638E+01   0.765304E+00   0.104549E+00   0.820028E+00   0.820028E+00
   0.233112E+01   0.678048E+00   0.104421E+00   0.815017E+00   0.815017E+00
   0.233586E+01   0.714203E+00   0.104510E+00   0.810051E+00   0.810051E+00
   0.234060E+01   0.891218E+00   0.104288E+00   0.805129E+00   0.805129E+00
   0.234535E+01   0.757010E+00   0.104112E+00   0.800252E+00   0.800252E+00
   0.235009E+01   0.765163E+00   0.104013E+00   0.795420E+00   0.795420E+00
   0.235483E+01   0.847237E+00   0.104051E+00   0.790633E+00   0.790633E+00
   0.235957E+01   0.715411E+00   0.103956E+00   0.785892E+00   0.785892E+00
   0.236432E+01   0.762837E+00   0.103758E+00   0.781194E+00   0.781194E+00
   0.236906E+01   0.533081E+00   0.103622E+00   0.776542E+00   0.776542E+00
   0.237380E+01   0.830564E+00   0.103473E+00   0.771935E+00   0.771935E+00
   0.237855E+01   0.755014E+00   0.103496E+00   0.767374E+00   0.767374E+00
   0.238329E+01   0.931493E+00   0.103297E+00   0.762861E+00   0.762861E+00
   0.238803E+01   0.854294E+00   0.103195E+00   0.758388E+00   0.758388E+00
   0.239277E+01   0.690924E+00   0.102919E+00   0.753964E+00   0.753964E+00
   0.239752E+01   0.709150E+00   0.102779E+00   0.749586E+00   0.749586E+00
   0.240226E+01   0.729791E+00   0.102803E+00   0.745254E+00   0.745254E+00
   0.240700E+01   0.810885E+00   0.102576E+00   0.740968E+00   0.740968E+00
   0.241175E+01   0.808061E+00   0.102661E+00   0.736730E+00   0.736730E+00
   0.241649E+01   0.696554E+00   0.102397E+00   0.732537E+00   0.732537E+00
   0.242123E+01   0.809660E+00   0.102343E+00   0.728392E+00   0.728392E+00
   0.242598E+01   0.686277E+00   0.102191E+00   0.724294E+00   0.724294E+00
   0.243072E+01   0.645582E+00   0.101896E+00   0.720245E+00   0.720245E+00
   0.243546E+01   0.716498E+00   0.102094E+00   0.716242E+00   0.716242E+00
   0.244020E+01   0.661839E+00   0.101808E+00   0.712286E+00   0.712286E+00
   0.244495E+01   0.644811E+00   0.101668E+00   0.708379E+00   0.708379E+00
   0.244969E+01   0.618104E+00   0.101648E+00   0.704520E+00   0.704520E+00
   0.245443E+01   0.665999E+00   0.101715E+00   0.700709E+00   0.700709E+00
   0.245918E+01   0.654500E+00   0.101579E+00   0.696946E+00   0.696946E+00
   0.246392E+01   0.625656E+00   0.101399E+00   0.693233E+00   0.693233E+00
   0.246866E+01   0.600491E+00   0.101476E+00   0.689568E+00   0.689568E+00
   0.247340E+01   0.749005E+00   0.101247E+00   0.685952E+00   0.685952E+00
   0.247815E+01   0.670930E+00   0.101086E+00   0.682384E+00   0.682384E+00
   0.248289E+01   0.593805E+00   0.100856E+00   0.678866E+00   0.678866E+00
   0.248763E+01   0.697295E+00   0.100849E+00   0.675397E+00   0.675397E+00
   0.249238E+01   0.636381E+00   0.100783E+00   0.671977E+00   0.671977E+00
   0.249712E+01   0.680225E+00   0.100657E+00   0.668607E+00   0.668607E+00
   0.250186E+01   0.695442E+00   0.100615E+00   0.665287E+00   0.665287E+00
   0.250660E+01   0.675796E+00   0.100436E+00   0.662015E+00   0.662015E+00
   0.251135E+01   0.629784E+00   0.100259E+00   0.658793E+00   0.658793E+00
   0.251609E+01   0.578542E+00   0.100114E+00   0.655621E+00   0.655621E+00
   0.252083E+01   0.676991E+00   0.100098E+00   0.652498E+00   0.652498E+00
   0.252558E+01   0.534187E+00   0.997835E-01   0.649424E+00   0.649424E+00
   0.253032E+01   0.675244E+00   0.995159E-01   0.646400E+00   0.646400E+00
   0.253506E+01   0.625499E+00   0.994894E-01   0.643426E+00   0.643426E+00
   0.253980E+01   0.555366E+00   0.993868E-01   0.640501E+00   0.640501E+00
   0.254455E+01   0.628596E+00   0.993972E-01   0.637625E+00   0.637625E+00
   0.254929E+01   0.466272E+00   0.991988E-01   0.634799E+00   0.634799E+00
   0.255403E+01   0.574050E+00   0.990281E-01   0.632021E+00   0.632021E+00
   0.255878E+01   0.670585E+00   0.991189E-01   0.629292E+00   0.629292E+00
   0.256352E+01   0.583985E+00   0.988967E-01   0.626612E+00   0.626612E+00
   0.256826E+01   0.612069E+00   0.988952E-01   0.623981E+00   0.623981E+00
   0.257300E+01   0.633744E+00   0.987875E-01   0.621398E+00   0.621398E+00
   0.257775E+01   0.640536E+00   0.988984E-01   0.618862E+00   0.618862E+00
   0.258249E+01   0.552606E+00   0.988652E-01   0.616375E+00   0.616375E+00
   0.258723E+01   0.615655E+00   0.989116E-01   0.613935E+00   0.613935E+00
   0.259198E+01   0.580125E+00   0.987231E-01   0.611543E+00   0.611543E+00
   0.259672E+01   0.521343E+00   0.987204E-01   0.609197E+00   0.609197E+00
   0.260146E+01   0.558523E+00   0.984289E-01   0.606898E+00   0.606898E+00
   0.260620E+01   0.728964E+00   0.984892E-01   0.604645E+00   0.604645E+00
   0.261095E+01   0.694796E+00   0.985683E-01   0.602438E+00   0.602438E+00
   0.261569E+01   0.610250E+00   0.984044E-01   0.600278E+00   0.600278E+00
   0.262043E+01   0.570341E+00   0.982163E-01   0.598162E+00   0.598162E+00
   0.262518E+01   0.600798E+00   0.979996E-01   0.596090E+00   0.596090E+00
   0.262992E+01   0.527962E+00   0.981385E-01   0.594062E+00   0.594062E+00
   0.263466E+01   0.694051E+00   0.978906E-01   0.592079E+00   0.592079E+00
   0.263940E+01   0.587151E+00   0.978389E-01   0.590138E+00   0.590138E+00
   0.264415E+01   0.596860E+00   0.977907E-01   0.588240E+00   0.588240E+00
   0.264889E+01   0.583875E+00   0.975729E-01   0.586384E+00   0.586384E+00
   0.265363E+01   0.651915E+00   0.976714E-01   0.584570E+00   0.584570E+00
   0.265838E+01   0.667765E+00   0.976188E-01   0.582796E+00   0.582796E+00
   0.266312E+01   0.566794E+00   0.974987E-01   0.581063E+00   0.581063E+00
   0.266786E+01   0.623276E+00   0.972949E-01   0.579370E+00   0.579370E+00
   0.267260E+01   0.636994E+00   0.970781E-01   0.577715E+00   0.577715E+00
   0.267735E+01   0.696752E+00   0.972036E-01   0.576100E+00   0.576100E+00
   0.268209E+01   0.495879E+00   0.970567E-01   0.574521E+00   0.574521E+00
   0.268683E+01   0.558832E+00   0.970645E-01   0.572980E+00   0.572980E+00
   0.269158E+01   0.641328E+00   0.968797E-01   0.571475E+00   0.571475E+00
   0.269632E+01   0.524411E+00   0.967371E-01   0.570006E+00   0.570006E+00
   0.270106E+01   0.571018E+00   0.966832E-01   0.568571E+00   0.568571E+00
   0.270580E+01   0.493148E+00   0.965464E-01   0.567171E+00   0.567171E+00
   0.271055E+01   0.605572E+00   0.964953E-01   0.565804E+00   0.565804E+00
   0.271529E+01   0.597476E+00   0.964459E-01   0.564469E+00   0.564469E+00
   0.272003E+01   0.522421E+00   0.962129E-01   0.563167E+00   0.563167E+00
   0.272478E+01   0.539670E+00   0.962027E-01   0.561893E+00   0.561893E+00
   0.272952E+01   0.496023E+00   0.961424E-01   0.560652E+00   0.560652E+00
   0.273426E+01   0.713827E+00   0.960393E-01   0.559439E+00   0.559439E+00
   0.273901E+01   0.516130E+00   0.959650E-01   0.558255E+00   0.558255E+00
   0.274375E+01   0.627713E+00   0.959609E-01   0.557098E+00   0.557098E+00
   0.274849E+01   0.538501E+00   0.957439E-01   0.555968E+00   0.555968E+00
   0.275323E+01   0.621702E+00   0.958113E-01   0.554863E+00   0.554863E+00
   0.275798E+01   0.555261E+00   0.956812E-01   0.553784E+00   0.553784E+00
   0.276272E+01   0.525824E+00   0.955259E-01   0.552728E+00   0.552728E+00
   0.276746E+01   0.627767E+00   0.954713E-01   0.551695E+00   0.551695E+00
   0.277221E+01   0.542684E+00   0.953631E-01   0.550685E+00   0.550685E+00
   0.277695E+01   0.493897E+00   0.952744E-01   0.549696E+00   0.549696E+00
   0.278169E+01   0.644381E+00   0.953374E-01   0.548727E+00   0.548727E+00
   0.278643E+01   0.500760E+00   0.950352E-01   0.547778E+00   0.547778E+00
   0.279118E+01   0.582241E+00   0.950731E-01   0.546847E+00   0.546847E+00
   0.279592E+01   0.496309E+00   0.949452E-01   0.545934E+00   0.545934E+00
   0.280066E+01   0.550978E+00   0.949157E-01   0.545037E+00   0.545037E+00
   0.280540E+01   0.576567E+00   0.949152E-01   0.544156E+00   0.544156E+00
   0.281015E+01   0.513231E+00   0.947335E-01   0.543290E+00   0.543290E+00
   0.281489E+01   0.609657E+00   0.949986E-01   0.542437E+00   0.542437E+00
   0.281963E+01   0.653911E+00   0.969691E-01   0.541598E+00   0.541598E+00
   0.282438E+01   0.570467E+00   0.987391E-01   0.540770E+00   0.540770E+00
   0.282912E+01   0.555260E+00   0.999210E-01   0.539954E+00   0.539954E+00
   0.283386E+01   0.456817E+00   0.100910E+00   0.539151E+00   0.539151E+00
   0.283860E+01   0.580203E+00   0.101719E+00   0.538350E+00   0.538350E+00
   0.284335E+01   0.432691E+00   0.101979E+00   0.537562E+00   0.537562E+00
   0.284809E+01   0.570987E+00   0.102302E+00   0.536781E+00   0.536781E+00
   0.285283E+01   0.435583E+00   0.102661E+00   0.536006E+00   0.536006E+00
   0.285758E+01   0.589049E+00   0.102933E+00   0.535237E+00   0.535237E+00
   0.286232E+01   0.575670E+00   0.103250E+00   0.534473E+00   0.534473E+00
   0.286706E+01   0.531427E+00   0.103504E+00   0.533712E+00   0.533712E+00
   0.287181E+01   0.464292E+00   0.103698E+00   0.532955E+00   0.532955E+00
   0.287655E+01   0.532040E+00   0.103842E+00   0.532200E+00   0.532200E+00
   0.288129E+01   0.556351E+00   0.103687E+00   0.531446E+00   0.531446E+00
   0.288603E+01   0.588490E+00   0.101094E+00   0.530693E+00   0.530693E+00
   0.289078E+01   0.602164E+00   0.993154E-01   0.529939E+00   0.529939E+00
   0.289552E+01   0.566834E+00   0.982357E-01   0.529185E+00   0.529185E+00
   0.290026E+01   0.596701E+00   0.973243E-01   0.528428E+00   0.528428E+00
   0.290501E+01   0.528413E+00   0.967968E-01   0.527669E+00   0.527669E+00
   0.290975E+01   0.428377E+00   0.964546E-01   0.526907E+00   0.526907E+00
   0.291449E+01   0.582242E+00   0.961802E-01   0.526140E+00   0.526140E+00
   0.291923E+01   0.751287E+00   0.961542E-01   0.525369E+00   0.525369E+00
   0.292398E+01   0.575450E+00   0.958654E-01   0.524592E+00   0.524592E+00
   0.292872E+01   0.402563E+00   0.954691E-01   0.523808E+00   0.523808E+00
   0.293346E+01   0.505052E+00   0.954401E-01   0.523018E+00   0.523018E+00
   0.293820E+01   0.364447E+00   0.951927E-01   0.522220E+00   0.522220E+00
   0.294295E+01   0.500405E+00   0.950722E-01   0.521414E+00   0.521414E+00
   0.294769E+01   0.593420E+00   0.951095E-01   0.520599E+00   0.520599E+00
   0.295243E+01   0.619912E+00   0.948200E-01   0.519774E+00   0.519774E+00
   0.295718E+01   0.495180E+00   0.948221E-01   0.518940E+00   0.518940E+00
   0.296192E+01   0.529492E+00   0.947664E-01   0.518095E+00   0.518095E+00
   0.296666E+01   0.572101E+00   0.943551E-01   0.517239E+00   0.517239E+00
   0.297140E+01   0.565401E+00   0.942028E-01   0.516371E+00   0.516371E+00
   0.297615E+01   0.618234E+00   0.942043E-01   0.515491E+00   0.515491E+00
   0.298089E+01   0.576621E+00   0.942460E-01   0.514598E+00   0.514598E+00
   0.298563E+01   0.512190E+00   0.940660E-01   0.513692E+00   0.513692E+00
   0.299038E+01   0.463365E+00   0.937408E-01   0.512773E+00   0.512773E+00
   0.299512E+01   0.424441E+00   0.937051E-01   0.511840E+00   0.511840E+00
   0.299986E+01   0.445946E+00   0.935065E-01   0.510893E+00   0.510893E+00

           ####      Real Space Data                               ####

           Distance distribution  function of particle  


      R          P(R)      ERROR

  0.0000E+00  0.0000E+00  0.0000E+00
  0.3884E-01  0.1439E-01  0.3549E-03
  0.7767E-01  0.2965E-01  0.6587E-03
  0.1165E+00  0.4578E-01  0.9123E-03
  0.1553E+00  0.6277E-01  0.1117E-02
  0.1942E+00  0.8060E-01  0.1274E-02
  0.2330E+00  0.9927E-01  0.1385E-02
  0.2719E+00  0.1187E+00  0.1453E-02
  0.3107E+00  0.1390E+00  0.1481E-02
  0.3495E+00  0.1600E+00  0.1472E-02
  0.3884E+00  0.1818E+00  0.1431E-02
  0.4272E+00  0.2042E+00  0.1360E-02
  0.4660E+00  0.2273E+00  0.1267E-02
  0.5049E+00  0.2510E+00  0.1157E-02
  0.5437E+00  0.2753E+00  0.1040E-02
  0.5825E+00  0.3001E+00  0.9278E-03
  0.6214E+00  0.3253E+00  0.8366E-03
  0.6602E+00  0.3510E+00  0.7864E-03
  0.6990E+00  0.3771E+00  0.7937E-03
  0.7379E+00  0.4035E+00  0.8612E-03
  0.7767E+00  0.4301E+00  0.9767E-03
  0.8156E+00  0.4570E+00  0.1123E-02
  0.8544E+00  0.4840E+00  0.1285E-02
  0.8932E+00  0.5111E+00  0.1452E-02
  0.9321E+00  0.5381E+00  0.1615E-02
  0.9709E+00  0.5652E+00  0.1770E-02
  0.1010E+01  0.5921E+00  0.1911E-02
  0.1049E+01  0.6189E+00  0.2036E-02
  0.1087E+01  0.6454E+00  0.2142E-02
  0.1126E+01  0.6716E+00  0.2228E-02
  0.1165E+01  0.6975E+00  0.2291E-02
  0.1204E+01  0.7229E+00  0.2331E-02
  0.1243E+01  0.7479E+00  0.2348E-02
  0.1282E+01  0.7723E+00  0.2342E-02
  0.1320E+01  0.7961E+00  0.2314E-02
  0.1359E+01  0.8192E+00  0.2265E-02
  0.1398E+01  0.8416E+00  0.2196E-02
  0.1437E+01  0.8633E+00  0.2112E-02
  0.1476E+01  0.8842E+00  0.2014E-02
  0.1515E+01  0.9042E+00  0.1906E-02
  0.1553E+01  0.9233E+00  0.1794E-02
  0.1592E+01  0.9414E+00  0.1684E-02
  0.1631E+01  0.9586E+00  0.1583E-02
  0.1670E+01  0.9747E+00  0.1500E-02
  0.1709E+01  0.9898E+00  0.1442E-02
  0.1748E+01  0.1004E+01  0.1418E-02
  0.1786E+01  0.1017E+01  0.1431E-02
  0.1825E+01  0.1029E+01  0.1481E-02
  0.1864E+01  0.1039E+01  0.1563E-02
  0.1903E+01  0.1049E+01  0.1670E-02
  0.1942E+01  0.1057E+01  0.1795E-02
  0.1981E+01  0.1064E+01  0.1929E-02
  0.2019E+01  0.1070E+01  0.2066E-02
  0.2058E+01  0.1075E+01  0.2201E-02
  0.2097E+01  0.1079E+01  0.2329E-02
  0.2136E+01  0.1082E+01  0.2448E-02
  0.2175E+01  0.1083E+01  0.2553E-02
  0.2214E+01  0.1084E+01  0.2643E-02
  0.2252E+01  0.1083E+01  0.2717E-02
  0.2291E+01  0.1081E+01  0.2774E-02
  0.2330E+01  0.1079E+01  0.2813E-02
  0.2369E+01  0.1075E+01  0.2834E-02
  0.2408E+01  0.1070E+01  0.2838E-02
  0.2447E+01  0.1065E+01  0.2825E-02
  0.2486E+01  0.1058E+01  0.2797E-02
  0.2524E+01  0.1051E+01  0.2756E-02
  0.2563E+01  0.1043E+01  0.2702E-02
  0.2602E+01  0.1034E+01  0.2640E-02
  0.2641E+01  0.1025E+01  0.2572E-02
  0.2680E+01  0.1015E+01  0.2501E-02
  0.2719E+01  0.1004E+01  0.2431E-02
  0.2757E+01  0.9925E+00  0.2365E-02
  0.2796E+01  0.9807E+00  0.2306E-02
  0.2835E+01  0.9685E+00  0.2258E-02
  0.2874E+01  0.9558E+00  0.2224E-02
  0.2913E+01  0.9428E+00  0.2207E-02
  0.2952E+01  0.9295E+00  0.2206E-02
  0.2990E+01  0.9159E+00  0.2221E-02
  0.3029E+01  0.9021E+00  0.2253E-02
  0.3068E+01  0.8881E+00  0.2298E-02
  0.3107E+01  0.8740E+00  0.2355E-02
  0.3146E+01  0.8599E+00  0.2419E-02
  0.3185E+01  0.8456E+00  0.2490E-02
  0.3223E+01  0.8314E+00  0.2563E-02
  0.3262E+01  0.8172E+00  0.2637E-02
  0.3301E+01  0.8030E+00  0.2709E-02
  0.3340E+01  0.7889E+00  0.2779E-02
  0.3379E+01  0.7750E+00  0.2845E-02
  0.3418E+01  0.7612E+00  0.2906E-02
  0.3456E+01  0.7475E+00  0.2963E-02
  0.3495E+01  0.7340E+00  0.3016E-02
  0.3534E+01  0.7207E+00  0.3065E-02
  0.3573E+01  0.7076E+00  0.3110E-02
  0.3612E+01  0.6948E+00  0.3153E-02
  0.3651E+01  0.6821E+00  0.3194E-02
  0.3689E+01  0.6697E+00  0.3234E-02
  0.3728E+01  0.6575E+00  0.3275E-02
  0.3767E+01  0.6456E+00  0.3317E-02
  0.3806E+01  0.6339E+00  0.3360E-02
  0.3845E+01  0.6224E+00  0.3405E-02
  0.3884E+01  0.6111E+00  0.3451E-02
  0.3922E+01  0.6001E+00  0.3499E-02
  0.3961E+01  0.5893E+00  0.3548E-02
  0.4000E+01  0.5787E+00  0.3597E-02
  0.4039E+01  0.5683E+00  0.3645E-02
  0.4078E+01  0.5581E+00  0.3691E-02
  0.4117E+01  0.5480E+00  0.3733E-02
  0.4155E+01  0.5381E+00  0.3771E-02
  0.4194E+01  0.5284E+00  0.3803E-02
  0.4233E+01  0.5188E+00  0.3828E-02
  0.4272E+01  0.5093E+00  0.3846E-02
  0.4311E+01  0.4999E+00  0.3855E-02
  0.4350E+01  0.4906E+00  0.3855E-02
  0.4388E+01  0.4814E+00  0.3847E-02
  0.4427E+01  0.4723E+00  0.3830E-02
  0.4466E+01  0.4632E+00  0.3805E-02
  0.4505E+01  0.4542E+00  0.3773E-02
  0.4544E+01  0.4452E+00  0.3735E-02
  0.4583E+01  0.4363E+00  0.3693E-02
  0.4621E+01  0.4274E+00  0.3650E-02
  0.4660E+01  0.4186E+00  0.3606E-02
  0.4699E+01  0.4097E+00  0.3565E-02
  0.4738E+01  0.4009E+00  0.3530E-02
  0.4777E+01  0.3921E+00  0.3503E-02
  0.4816E+01  0.3834E+00  0.3486E-02
  0.4854E+01  0.3746E+00  0.3481E-02
  0.4893E+01  0.3659E+00  0.3490E-02
  0.4932E+01  0.3573E+00  0.3513E-02
  0.4971E+01  0.3487E+00  0.3550E-02
  0.5010E+01  0.3401E+00  0.3601E-02
  0.5049E+01  0.3316E+00  0.3663E-02
  0.5088E+01  0.3231E+00  0.3734E-02
  0.5126E+01  0.3148E+00  0.3812E-02
  0.5165E+01  0.3065E+00  0.3895E-02
  0.5204E+01  0.2983E+00  0.3978E-02
  0.5243E+01  0.2903E+00  0.4059E-02
  0.5282E+01  0.2823E+00  0.4136E-02
  0.5321E+01  0.2746E+00  0.4205E-02
  0.5359E+01  0.2669E+00  0.4265E-02
  0.5398E+01  0.2594E+00  0.4313E-02
  0.5437E+01  0.2521E+00  0.4347E-02
  0.5476E+01  0.2450E+00  0.4368E-02
  0.5515E+01  0.2381E+00  0.4373E-02
  0.5554E+01  0.2314E+00  0.4363E-02
  0.5592E+01  0.2248E+00  0.4337E-02
  0.5631E+01  0.2186E+00  0.4297E-02
  0.5670E+01  0.2125E+00  0.4244E-02
  0.5709E+01  0.2067E+00  0.4179E-02
  0.5748E+01  0.2011E+00  0.4106E-02
  0.5787E+01  0.1957E+00  0.4026E-02
  0.5825E+01  0.1906E+00  0.3945E-02
  0.5864E+01  0.1857E+00  0.3865E-02
  0.5903E+01  0.1810E+00  0.3792E-02
  0.5942E+01  0.1766E+00  0.3731E-02
  0.5981E+01  0.1723E+00  0.3687E-02
  0.6020E+01  0.1683E+00  0.3664E-02
  0.6058E+01  0.1645E+00  0.3666E-02
  0.6097E+01  0.1609E+00  0.3695E-02
  0.6136E+01  0.1574E+00  0.3754E-02
  0.6175E+01  0.1541E+00  0.3841E-02
  0.6214E+01  0.1509E+00  0.3955E-02
  0.6253E+01  0.1479E+00  0.4092E-02
  0.6291E+01  0.1449E+00  0.4248E-02
  0.6330E+01  0.1420E+00  0.4419E-02
  0.6369E+01  0.1392E+00  0.4598E-02
  0.6408E+01  0.1363E+00  0.4781E-02
  0.6447E+01  0.1335E+00  0.4963E-02
  0.6486E+01  0.1306E+00  0.5139E-02
  0.6524E+01  0.1277E+00  0.5304E-02
  0.6563E+01  0.1247E+00  0.5454E-02
  0.6602E+01  0.1215E+00  0.5584E-02
  0.6641E+01  0.1182E+00  0.5691E-02
  0.6680E+01  0.1147E+00  0.5771E-02
  0.6719E+01  0.1110E+00  0.5821E-02
  0.6757E+01  0.1071E+00  0.5836E-02
  0.6796E+01  0.1029E+00  0.5814E-02
  0.6835E+01  0.9835E-01  0.5751E-02
  0.6874E+01  0.9350E-01  0.5645E-02
  0.6913E+01  0.8829E-01  0.5493E-02
  0.6952E+01  0.8269E-01  0.5291E-02
  0.6990E+01  0.7667E-01  0.5038E-02
  0.7029E+01  0.7021E-01  0.4730E-02
  0.7068E+01  0.6329E-01  0.4364E-02
  0.7107E+01  0.5587E-01  0.3939E-02
  0.7146E+01  0.4795E-01  0.3452E-02
  0.7185E+01  0.3949E-01  0.2900E-02
  0.7223E+01  0.3049E-01  0.2281E-02
  0.7262E+01  0.2091E-01  0.1593E-02
  0.7301E+01  0.1075E-01  0.8332E-03
  0.7340E+01  0.0000E+00  0.0000E+00
