
           ####      G N O M             Version 5.0 (r13469)      ####
                                               Wed Dec 15 15:09:32 2021

           ####      Configuration                                 ####

    System Type:                   arbitrary monodisperse (job = 0)
    Minimum characteristic size:         0.0000
    Maximum characteristic size:         7.1700
    rad56:                               0.0000
    Force 0.0 at r = rmin:                  yes
    Force 0.0 at r = rmax:                  yes
    Initial alpha:                       0.0000
    Initial random seed:    1431811344564235043
    Points in real space:                   190

    Input  1:                      temp-inp.dat
    First data point used:                    1
    Last data point used:                   570
    Scaling coefficient:             0.1000E+01
    Experimental setup:            point collimation



           ####      Results                                       ####

    Parameter    DISCRP  OSCILL  STABIL  SYSDEV  POSITV  VALCEN  SMOOTH
    Weight        1.000   3.000   3.000   3.000   1.000   1.000   1.000
    Sigma         0.300   0.600   0.120   0.120   0.120   0.120   0.600
    Ideal         0.700   1.100   0.000   1.000   1.000   0.950   0.000
    Current       0.509   1.338   0.011   0.903   1.000   0.859   1.227
               --------------------------------------------------------
    Estimate      0.667   0.854   0.991   0.523   1.000   0.561   0.015

    Angular range:                       0.3012 to       2.9999
    Reciprocal space Rg:             0.2198E+01
    Reciprocal space I(0):           0.3147E+02

    Real space range:                    0.0000 to       7.1700
    Real space Rg:                   0.2208E+01 +-   0.7107E-02
    Real space I(0):                 0.3147E+02 +-   0.7758E-01

    Highest ALPHA (theor):           0.2325E+02
    Current ALPHA:                   0.1111E+02

    Total Estimate:                      0.7190 (a REASONABLE solution)



           ####      Experimental Data and Fit                     ####

      S          J EXP       ERROR       J REG       I REG

   0.000000E+00                                                0.314702E+02
   0.107561E-01                                                0.314642E+02
   0.215123E-01                                                0.314465E+02
   0.322684E-01                                                0.314170E+02
   0.430246E-01                                                0.313757E+02
   0.537807E-01                                                0.313227E+02
   0.645368E-01                                                0.312580E+02
   0.752930E-01                                                0.311818E+02
   0.860491E-01                                                0.310942E+02
   0.968053E-01                                                0.309952E+02
   0.107561E+00                                                0.308850E+02
   0.118318E+00                                                0.307637E+02
   0.129074E+00                                                0.306315E+02
   0.139830E+00                                                0.304885E+02
   0.150586E+00                                                0.303350E+02
   0.161342E+00                                                0.301712E+02
   0.172098E+00                                                0.299972E+02
   0.182854E+00                                                0.298132E+02
   0.193611E+00                                                0.296195E+02
   0.204367E+00                                                0.294164E+02
   0.215123E+00                                                0.292040E+02
   0.225879E+00                                                0.289827E+02
   0.236635E+00                                                0.287527E+02
   0.247391E+00                                                0.285144E+02
   0.258147E+00                                                0.282679E+02
   0.268903E+00                                                0.280136E+02
   0.279660E+00                                                0.277518E+02
   0.290416E+00                                                0.274827E+02
   0.301172E+00   0.269918E+02   0.194567E+00   0.272069E+02   0.272069E+02
   0.305915E+00   0.270153E+02   0.193133E+00   0.270831E+02   0.270831E+02
   0.310658E+00   0.271772E+02   0.191281E+00   0.269581E+02   0.269581E+02
   0.315400E+00   0.268090E+02   0.189508E+00   0.268319E+02   0.268319E+02
   0.320143E+00   0.267897E+02   0.187946E+00   0.267044E+02   0.267044E+02
   0.324886E+00   0.266402E+02   0.186123E+00   0.265759E+02   0.265759E+02
   0.329629E+00   0.263274E+02   0.184377E+00   0.264461E+02   0.264461E+02
   0.334372E+00   0.264131E+02   0.183012E+00   0.263153E+02   0.263153E+02
   0.339115E+00   0.263229E+02   0.183565E+00   0.261834E+02   0.261834E+02
   0.343858E+00   0.260465E+02   0.185471E+00   0.260505E+02   0.260505E+02
   0.348601E+00   0.259132E+02   0.189664E+00   0.259165E+02   0.259165E+02
   0.353343E+00   0.258249E+02   0.193050E+00   0.257815E+02   0.257815E+02
   0.358086E+00   0.254610E+02   0.195204E+00   0.256456E+02   0.256456E+02
   0.362829E+00   0.254774E+02   0.196901E+00   0.255087E+02   0.255087E+02
   0.367572E+00   0.257631E+02   0.198622E+00   0.253710E+02   0.253710E+02
   0.372315E+00   0.253065E+02   0.199546E+00   0.252323E+02   0.252323E+02
   0.377058E+00   0.249723E+02   0.200267E+00   0.250928E+02   0.250928E+02
   0.381801E+00   0.249427E+02   0.201201E+00   0.249525E+02   0.249525E+02
   0.386543E+00   0.248196E+02   0.202004E+00   0.248114E+02   0.248114E+02
   0.391286E+00   0.246556E+02   0.202489E+00   0.246696E+02   0.246696E+02
   0.396029E+00   0.247272E+02   0.203022E+00   0.245270E+02   0.245270E+02
   0.400772E+00   0.243009E+02   0.204300E+00   0.243837E+02   0.243837E+02
   0.405515E+00   0.245636E+02   0.211109E+00   0.242397E+02   0.242397E+02
   0.410258E+00   0.242766E+02   0.216194E+00   0.240951E+02   0.240951E+02
   0.415001E+00   0.236070E+02   0.220121E+00   0.239499E+02   0.239499E+02
   0.419744E+00   0.237163E+02   0.223438E+00   0.238041E+02   0.238041E+02
   0.424486E+00   0.236901E+02   0.226685E+00   0.236578E+02   0.236578E+02
   0.429229E+00   0.236252E+02   0.230202E+00   0.235109E+02   0.235109E+02
   0.433972E+00   0.233437E+02   0.233154E+00   0.233635E+02   0.233635E+02
   0.438715E+00   0.232417E+02   0.236319E+00   0.232156E+02   0.232156E+02
   0.443458E+00   0.233694E+02   0.240165E+00   0.230673E+02   0.230673E+02
   0.448201E+00   0.229056E+02   0.243124E+00   0.229186E+02   0.229186E+02
   0.452944E+00   0.225318E+02   0.246685E+00   0.227695E+02   0.227695E+02
   0.457686E+00   0.228407E+02   0.249417E+00   0.226201E+02   0.226201E+02
   0.462429E+00   0.227037E+02   0.250998E+00   0.224703E+02   0.224703E+02
   0.467172E+00   0.227061E+02   0.250247E+00   0.223202E+02   0.223202E+02
   0.471915E+00   0.222618E+02   0.239979E+00   0.221698E+02   0.221698E+02
   0.476658E+00   0.218135E+02   0.234686E+00   0.220192E+02   0.220192E+02
   0.481401E+00   0.219757E+02   0.232230E+00   0.218684E+02   0.218684E+02
   0.486144E+00   0.215220E+02   0.229064E+00   0.217174E+02   0.217174E+02
   0.490887E+00   0.219330E+02   0.227387E+00   0.215662E+02   0.215662E+02
   0.495629E+00   0.218874E+02   0.225485E+00   0.214149E+02   0.214149E+02
   0.500372E+00   0.212965E+02   0.223205E+00   0.212634E+02   0.212634E+02
   0.505115E+00   0.209494E+02   0.221586E+00   0.211119E+02   0.211119E+02
   0.509858E+00   0.209357E+02   0.220325E+00   0.209603E+02   0.209603E+02
   0.514601E+00   0.208991E+02   0.219019E+00   0.208087E+02   0.208087E+02
   0.519344E+00   0.205448E+02   0.217688E+00   0.206570E+02   0.206570E+02
   0.524087E+00   0.205309E+02   0.216707E+00   0.205054E+02   0.205054E+02
   0.528829E+00   0.203536E+02   0.215383E+00   0.203538E+02   0.203538E+02
   0.533572E+00   0.199248E+02   0.213722E+00   0.202023E+02   0.202023E+02
   0.538315E+00   0.200683E+02   0.212098E+00   0.200508E+02   0.200508E+02
   0.543058E+00   0.202332E+02   0.210815E+00   0.198995E+02   0.198995E+02
   0.547801E+00   0.196333E+02   0.208192E+00   0.197483E+02   0.197483E+02
   0.552544E+00   0.195441E+02   0.206465E+00   0.195973E+02   0.195973E+02
   0.557287E+00   0.191921E+02   0.205506E+00   0.194465E+02   0.194465E+02
   0.562029E+00   0.192660E+02   0.203828E+00   0.192958E+02   0.192958E+02
   0.566772E+00   0.192361E+02   0.202620E+00   0.191454E+02   0.191454E+02
   0.571515E+00   0.186246E+02   0.200435E+00   0.189952E+02   0.189952E+02
   0.576258E+00   0.183692E+02   0.199242E+00   0.188453E+02   0.188453E+02
   0.581001E+00   0.187226E+02   0.198277E+00   0.186957E+02   0.186957E+02
   0.585744E+00   0.187155E+02   0.198008E+00   0.185465E+02   0.185465E+02
   0.590487E+00   0.185076E+02   0.197126E+00   0.183975E+02   0.183975E+02
   0.595230E+00   0.183744E+02   0.195995E+00   0.182489E+02   0.182489E+02
   0.599972E+00   0.179230E+02   0.194909E+00   0.181007E+02   0.181007E+02
   0.604715E+00   0.178605E+02   0.194367E+00   0.179529E+02   0.179529E+02
   0.609458E+00   0.176554E+02   0.193717E+00   0.178055E+02   0.178055E+02
   0.614201E+00   0.176976E+02   0.193358E+00   0.176585E+02   0.176585E+02
   0.618944E+00   0.176547E+02   0.192783E+00   0.175120E+02   0.175120E+02
   0.623687E+00   0.172712E+02   0.191832E+00   0.173660E+02   0.173660E+02
   0.628430E+00   0.169725E+02   0.190975E+00   0.172204E+02   0.172204E+02
   0.633173E+00   0.168996E+02   0.190471E+00   0.170754E+02   0.170754E+02
   0.637915E+00   0.170217E+02   0.190094E+00   0.169308E+02   0.169308E+02
   0.642658E+00   0.168379E+02   0.189315E+00   0.167869E+02   0.167869E+02
   0.647401E+00   0.165872E+02   0.188870E+00   0.166434E+02   0.166434E+02
   0.652144E+00   0.166357E+02   0.188264E+00   0.165006E+02   0.165006E+02
   0.656887E+00   0.162738E+02   0.187363E+00   0.163584E+02   0.163584E+02
   0.661630E+00   0.160893E+02   0.186548E+00   0.162167E+02   0.162167E+02
   0.666373E+00   0.162213E+02   0.186027E+00   0.160757E+02   0.160757E+02
   0.671115E+00   0.156592E+02   0.185517E+00   0.159353E+02   0.159353E+02
   0.675858E+00   0.155857E+02   0.184876E+00   0.157956E+02   0.157956E+02
   0.680601E+00   0.156325E+02   0.184466E+00   0.156565E+02   0.156565E+02
   0.685344E+00   0.156767E+02   0.184079E+00   0.155181E+02   0.155181E+02
   0.690087E+00   0.154052E+02   0.183217E+00   0.153804E+02   0.153804E+02
   0.694830E+00   0.151846E+02   0.182678E+00   0.152435E+02   0.152435E+02
   0.699573E+00   0.151217E+02   0.182561E+00   0.151072E+02   0.151072E+02
   0.704315E+00   0.150454E+02   0.181590E+00   0.149716E+02   0.149716E+02
   0.709058E+00   0.148161E+02   0.181021E+00   0.148368E+02   0.148368E+02
   0.713801E+00   0.148793E+02   0.180490E+00   0.147028E+02   0.147028E+02
   0.718544E+00   0.145272E+02   0.179697E+00   0.145695E+02   0.145695E+02
   0.723287E+00   0.145213E+02   0.179341E+00   0.144370E+02   0.144370E+02
   0.728030E+00   0.141428E+02   0.178677E+00   0.143053E+02   0.143053E+02
   0.732773E+00   0.139733E+02   0.177957E+00   0.141743E+02   0.141743E+02
   0.737515E+00   0.138456E+02   0.177416E+00   0.140442E+02   0.140442E+02
   0.742258E+00   0.140055E+02   0.177081E+00   0.139149E+02   0.139149E+02
   0.747001E+00   0.137646E+02   0.176321E+00   0.137864E+02   0.137864E+02
   0.751744E+00   0.135940E+02   0.175759E+00   0.136587E+02   0.136587E+02
   0.756487E+00   0.136934E+02   0.175431E+00   0.135319E+02   0.135319E+02
   0.761230E+00   0.133418E+02   0.174791E+00   0.134059E+02   0.134059E+02
   0.765973E+00   0.132132E+02   0.174282E+00   0.132808E+02   0.132808E+02
   0.770716E+00   0.132588E+02   0.173933E+00   0.131565E+02   0.131565E+02
   0.775459E+00   0.130246E+02   0.172925E+00   0.130331E+02   0.130331E+02
   0.780201E+00   0.128311E+02   0.172779E+00   0.129106E+02   0.129106E+02
   0.784944E+00   0.128584E+02   0.172220E+00   0.127889E+02   0.127889E+02
   0.789687E+00   0.126123E+02   0.171581E+00   0.126681E+02   0.126681E+02
   0.794430E+00   0.129104E+02   0.171309E+00   0.125483E+02   0.125483E+02
   0.799173E+00   0.125219E+02   0.170936E+00   0.124293E+02   0.124293E+02
   0.803916E+00   0.124884E+02   0.170291E+00   0.123112E+02   0.123112E+02
   0.808658E+00   0.124547E+02   0.169630E+00   0.121940E+02   0.121940E+02
   0.813401E+00   0.123184E+02   0.169233E+00   0.120777E+02   0.120777E+02
   0.818144E+00   0.120387E+02   0.168917E+00   0.119623E+02   0.119623E+02
   0.822887E+00   0.117200E+02   0.168082E+00   0.118478E+02   0.118478E+02
   0.827630E+00   0.119448E+02   0.168057E+00   0.117343E+02   0.117343E+02
   0.832373E+00   0.116604E+02   0.167230E+00   0.116216E+02   0.116216E+02
   0.837116E+00   0.116346E+02   0.166648E+00   0.115099E+02   0.115099E+02
   0.841859E+00   0.113658E+02   0.166392E+00   0.113991E+02   0.113991E+02
   0.846601E+00   0.112712E+02   0.165724E+00   0.112892E+02   0.112892E+02
   0.851344E+00   0.114710E+02   0.165542E+00   0.111802E+02   0.111802E+02
   0.856087E+00   0.111598E+02   0.165233E+00   0.110722E+02   0.110722E+02
   0.860830E+00   0.110014E+02   0.164542E+00   0.109651E+02   0.109651E+02
   0.865573E+00   0.109212E+02   0.163891E+00   0.108589E+02   0.108589E+02
   0.870316E+00   0.107618E+02   0.163498E+00   0.107536E+02   0.107536E+02
   0.875059E+00   0.106736E+02   0.163205E+00   0.106493E+02   0.106493E+02
   0.879802E+00   0.108618E+02   0.162612E+00   0.105459E+02   0.105459E+02
   0.884544E+00   0.106066E+02   0.162245E+00   0.104434E+02   0.104434E+02
   0.889287E+00   0.104007E+02   0.162118E+00   0.103418E+02   0.103418E+02
   0.894030E+00   0.102644E+02   0.161209E+00   0.102411E+02   0.102411E+02
   0.898773E+00   0.102891E+02   0.161098E+00   0.101414E+02   0.101414E+02
   0.903516E+00   0.100332E+02   0.160331E+00   0.100426E+02   0.100426E+02
   0.908259E+00   0.991634E+01   0.159925E+00   0.994468E+01   0.994468E+01
   0.913002E+00   0.992611E+01   0.159752E+00   0.984769E+01   0.984769E+01
   0.917744E+00   0.983921E+01   0.159303E+00   0.975161E+01   0.975161E+01
   0.922487E+00   0.962502E+01   0.158431E+00   0.965644E+01   0.965644E+01
   0.927230E+00   0.946727E+01   0.158216E+00   0.956217E+01   0.956217E+01
   0.931973E+00   0.975072E+01   0.158189E+00   0.946880E+01   0.946880E+01
   0.936716E+00   0.947070E+01   0.157562E+00   0.937632E+01   0.937632E+01
   0.941459E+00   0.943707E+01   0.157052E+00   0.928474E+01   0.928474E+01
   0.946202E+00   0.928100E+01   0.156749E+00   0.919405E+01   0.919405E+01
   0.950944E+00   0.930666E+01   0.156458E+00   0.910425E+01   0.910425E+01
   0.955687E+00   0.898387E+01   0.155712E+00   0.901533E+01   0.901533E+01
   0.960430E+00   0.873364E+01   0.155457E+00   0.892728E+01   0.892728E+01
   0.965173E+00   0.879249E+01   0.155172E+00   0.884011E+01   0.884011E+01
   0.969916E+00   0.879061E+01   0.155041E+00   0.875380E+01   0.875380E+01
   0.974659E+00   0.881473E+01   0.154439E+00   0.866836E+01   0.866836E+01
   0.979402E+00   0.847109E+01   0.154215E+00   0.858377E+01   0.858377E+01
   0.984144E+00   0.877523E+01   0.153652E+00   0.850004E+01   0.850004E+01
   0.988887E+00   0.846094E+01   0.153023E+00   0.841716E+01   0.841716E+01
   0.993630E+00   0.833060E+01   0.152567E+00   0.833512E+01   0.833512E+01
   0.998373E+00   0.837518E+01   0.152605E+00   0.825391E+01   0.825391E+01
   0.100312E+01   0.827391E+01   0.152241E+00   0.817353E+01   0.817353E+01
   0.100786E+01   0.812261E+01   0.151798E+00   0.809397E+01   0.809397E+01
   0.101260E+01   0.818016E+01   0.151075E+00   0.801524E+01   0.801524E+01
   0.101734E+01   0.795496E+01   0.150922E+00   0.793731E+01   0.793731E+01
   0.102209E+01   0.780363E+01   0.150521E+00   0.786021E+01   0.786021E+01
   0.102683E+01   0.800606E+01   0.150225E+00   0.778389E+01   0.778389E+01
   0.103157E+01   0.770834E+01   0.149814E+00   0.770836E+01   0.770836E+01
   0.103632E+01   0.783008E+01   0.149570E+00   0.763362E+01   0.763362E+01
   0.104106E+01   0.762657E+01   0.149017E+00   0.755966E+01   0.755966E+01
   0.104580E+01   0.747569E+01   0.148674E+00   0.748648E+01   0.748648E+01
   0.105055E+01   0.757173E+01   0.148722E+00   0.741406E+01   0.741406E+01
   0.105529E+01   0.750862E+01   0.148330E+00   0.734241E+01   0.734241E+01
   0.106003E+01   0.724883E+01   0.147683E+00   0.727150E+01   0.727150E+01
   0.106477E+01   0.733716E+01   0.147533E+00   0.720134E+01   0.720134E+01
   0.106952E+01   0.704429E+01   0.147062E+00   0.713191E+01   0.713191E+01
   0.107426E+01   0.709700E+01   0.146747E+00   0.706322E+01   0.706322E+01
   0.107900E+01   0.717928E+01   0.146612E+00   0.699525E+01   0.699525E+01
   0.108374E+01   0.694972E+01   0.146283E+00   0.692800E+01   0.692800E+01
   0.108849E+01   0.684057E+01   0.146009E+00   0.686145E+01   0.686145E+01
   0.109323E+01   0.687351E+01   0.145668E+00   0.679563E+01   0.679563E+01
   0.109797E+01   0.668057E+01   0.145038E+00   0.673048E+01   0.673048E+01
   0.110272E+01   0.664945E+01   0.144992E+00   0.666602E+01   0.666602E+01
   0.110746E+01   0.655467E+01   0.144582E+00   0.660224E+01   0.660224E+01
   0.111220E+01   0.671927E+01   0.144257E+00   0.653914E+01   0.653914E+01
   0.111695E+01   0.646402E+01   0.143973E+00   0.647670E+01   0.647670E+01
   0.112169E+01   0.634395E+01   0.143499E+00   0.641492E+01   0.641492E+01
   0.112643E+01   0.633845E+01   0.143073E+00   0.635380E+01   0.635380E+01
   0.113117E+01   0.627401E+01   0.143016E+00   0.629331E+01   0.629331E+01
   0.113592E+01   0.636288E+01   0.142711E+00   0.623346E+01   0.623346E+01
   0.114066E+01   0.610339E+01   0.142178E+00   0.617424E+01   0.617424E+01
   0.114540E+01   0.628535E+01   0.141810E+00   0.611564E+01   0.611564E+01
   0.115014E+01   0.610426E+01   0.141757E+00   0.605765E+01   0.605765E+01
   0.115489E+01   0.599762E+01   0.141459E+00   0.600027E+01   0.600027E+01
   0.115963E+01   0.606079E+01   0.141232E+00   0.594349E+01   0.594349E+01
   0.116437E+01   0.608857E+01   0.140879E+00   0.588732E+01   0.588732E+01
   0.116912E+01   0.580506E+01   0.140569E+00   0.583171E+01   0.583171E+01
   0.117386E+01   0.586598E+01   0.140259E+00   0.577668E+01   0.577668E+01
   0.117860E+01   0.590732E+01   0.140046E+00   0.572223E+01   0.572223E+01
   0.118335E+01   0.572501E+01   0.139756E+00   0.566834E+01   0.566834E+01
   0.118809E+01   0.542760E+01   0.139303E+00   0.561500E+01   0.561500E+01
   0.119283E+01   0.569005E+01   0.139091E+00   0.556221E+01   0.556221E+01
   0.119757E+01   0.571357E+01   0.139064E+00   0.550998E+01   0.550998E+01
   0.120232E+01   0.554489E+01   0.138872E+00   0.545826E+01   0.545826E+01
   0.120706E+01   0.548928E+01   0.139412E+00   0.540708E+01   0.540708E+01
   0.121180E+01   0.544821E+01   0.143568E+00   0.535642E+01   0.535642E+01
   0.121654E+01   0.539728E+01   0.146153E+00   0.530627E+01   0.530627E+01
   0.122129E+01   0.528005E+01   0.148522E+00   0.525663E+01   0.525663E+01
   0.122603E+01   0.513262E+01   0.150347E+00   0.520750E+01   0.520750E+01
   0.123077E+01   0.488943E+01   0.151854E+00   0.515885E+01   0.515885E+01
   0.123552E+01   0.523972E+01   0.153252E+00   0.511071E+01   0.511071E+01
   0.124026E+01   0.517580E+01   0.154765E+00   0.506303E+01   0.506303E+01
   0.124500E+01   0.489400E+01   0.155396E+00   0.501584E+01   0.501584E+01
   0.124975E+01   0.473348E+01   0.156677E+00   0.496911E+01   0.496911E+01
   0.125449E+01   0.495313E+01   0.157967E+00   0.492284E+01   0.492284E+01
   0.125923E+01   0.469615E+01   0.158392E+00   0.487703E+01   0.487703E+01
   0.126397E+01   0.470268E+01   0.158741E+00   0.483167E+01   0.483167E+01
   0.126872E+01   0.476802E+01   0.159218E+00   0.478676E+01   0.478676E+01
   0.127346E+01   0.488215E+01   0.157001E+00   0.474228E+01   0.474228E+01
   0.127820E+01   0.484573E+01   0.151794E+00   0.469824E+01   0.469824E+01
   0.128295E+01   0.472984E+01   0.148329E+00   0.465462E+01   0.465462E+01
   0.128769E+01   0.448473E+01   0.145934E+00   0.461142E+01   0.461142E+01
   0.129243E+01   0.447447E+01   0.144125E+00   0.456864E+01   0.456864E+01
   0.129717E+01   0.461708E+01   0.142839E+00   0.452627E+01   0.452627E+01
   0.130192E+01   0.446099E+01   0.141705E+00   0.448431E+01   0.448431E+01
   0.130666E+01   0.447323E+01   0.140402E+00   0.444274E+01   0.444274E+01
   0.131140E+01   0.445115E+01   0.139259E+00   0.440157E+01   0.440157E+01
   0.131614E+01   0.424412E+01   0.137995E+00   0.436078E+01   0.436078E+01
   0.132089E+01   0.437719E+01   0.137400E+00   0.432038E+01   0.432038E+01
   0.132563E+01   0.433705E+01   0.137035E+00   0.428036E+01   0.428036E+01
   0.133037E+01   0.434578E+01   0.136701E+00   0.424070E+01   0.424070E+01
   0.133512E+01   0.428852E+01   0.136238E+00   0.420142E+01   0.420142E+01
   0.133986E+01   0.396834E+01   0.135746E+00   0.416251E+01   0.416251E+01
   0.134460E+01   0.411932E+01   0.135447E+00   0.412396E+01   0.412396E+01
   0.134935E+01   0.419222E+01   0.135116E+00   0.408575E+01   0.408575E+01
   0.135409E+01   0.387398E+01   0.134870E+00   0.404790E+01   0.404790E+01
   0.135883E+01   0.414615E+01   0.134792E+00   0.401039E+01   0.401039E+01
   0.136357E+01   0.406819E+01   0.134337E+00   0.397323E+01   0.397323E+01
   0.136832E+01   0.394933E+01   0.133709E+00   0.393640E+01   0.393640E+01
   0.137306E+01   0.382510E+01   0.133221E+00   0.389992E+01   0.389992E+01
   0.137780E+01   0.402738E+01   0.133275E+00   0.386375E+01   0.386375E+01
   0.138254E+01   0.396421E+01   0.133044E+00   0.382791E+01   0.382791E+01
   0.138729E+01   0.383904E+01   0.132489E+00   0.379239E+01   0.379239E+01
   0.139203E+01   0.382090E+01   0.132372E+00   0.375719E+01   0.375719E+01
   0.139677E+01   0.354693E+01   0.132028E+00   0.372231E+01   0.372231E+01
   0.140152E+01   0.366867E+01   0.131713E+00   0.368773E+01   0.368773E+01
   0.140626E+01   0.372940E+01   0.131769E+00   0.365346E+01   0.365346E+01
   0.141100E+01   0.365780E+01   0.131252E+00   0.361951E+01   0.361951E+01
   0.141575E+01   0.359592E+01   0.131065E+00   0.358584E+01   0.358584E+01
   0.142049E+01   0.359083E+01   0.130533E+00   0.355247E+01   0.355247E+01
   0.142523E+01   0.360084E+01   0.130460E+00   0.351940E+01   0.351940E+01
   0.142997E+01   0.355524E+01   0.130451E+00   0.348661E+01   0.348661E+01
   0.143472E+01   0.338508E+01   0.130126E+00   0.345412E+01   0.345412E+01
   0.143946E+01   0.325684E+01   0.129764E+00   0.342190E+01   0.342190E+01
   0.144420E+01   0.343508E+01   0.129525E+00   0.338998E+01   0.338998E+01
   0.144894E+01   0.341751E+01   0.129085E+00   0.335833E+01   0.335833E+01
   0.145369E+01   0.316941E+01   0.128864E+00   0.332695E+01   0.332695E+01
   0.145843E+01   0.321240E+01   0.128597E+00   0.329585E+01   0.329585E+01
   0.146317E+01   0.340070E+01   0.128529E+00   0.326501E+01   0.326501E+01
   0.146792E+01   0.334961E+01   0.128321E+00   0.323445E+01   0.323445E+01
   0.147266E+01   0.327734E+01   0.127914E+00   0.320415E+01   0.320415E+01
   0.147740E+01   0.303271E+01   0.127749E+00   0.317412E+01   0.317412E+01
   0.148215E+01   0.303297E+01   0.127347E+00   0.314435E+01   0.314435E+01
   0.148689E+01   0.310850E+01   0.127311E+00   0.311483E+01   0.311483E+01
   0.149163E+01   0.319879E+01   0.127217E+00   0.308557E+01   0.308557E+01
   0.149637E+01   0.307263E+01   0.126902E+00   0.305656E+01   0.305656E+01
   0.150112E+01   0.280716E+01   0.126689E+00   0.302781E+01   0.302781E+01
   0.150586E+01   0.288889E+01   0.129233E+00   0.299931E+01   0.299931E+01
   0.151060E+01   0.280633E+01   0.132649E+00   0.297105E+01   0.297105E+01
   0.151534E+01   0.287196E+01   0.134891E+00   0.294305E+01   0.294305E+01
   0.152009E+01   0.274765E+01   0.136557E+00   0.291528E+01   0.291528E+01
   0.152483E+01   0.264552E+01   0.137985E+00   0.288776E+01   0.288776E+01
   0.152957E+01   0.278586E+01   0.139155E+00   0.286047E+01   0.286047E+01
   0.153432E+01   0.286518E+01   0.135919E+00   0.283343E+01   0.283343E+01
   0.153906E+01   0.286060E+01   0.133620E+00   0.280662E+01   0.280662E+01
   0.154380E+01   0.268748E+01   0.131811E+00   0.278005E+01   0.278005E+01
   0.154855E+01   0.272954E+01   0.130254E+00   0.275372E+01   0.275372E+01
   0.155329E+01   0.274279E+01   0.129047E+00   0.272761E+01   0.272761E+01
   0.155803E+01   0.282858E+01   0.127874E+00   0.270174E+01   0.270174E+01
   0.156277E+01   0.271366E+01   0.126611E+00   0.267609E+01   0.267609E+01
   0.156752E+01   0.246722E+01   0.125186E+00   0.265067E+01   0.265067E+01
   0.157226E+01   0.271823E+01   0.124532E+00   0.262548E+01   0.262548E+01
   0.157700E+01   0.272827E+01   0.124068E+00   0.260051E+01   0.260051E+01
   0.158175E+01   0.245530E+01   0.123860E+00   0.257577E+01   0.257577E+01
   0.158649E+01   0.257477E+01   0.123839E+00   0.255125E+01   0.255125E+01
   0.159123E+01   0.260631E+01   0.123785E+00   0.252695E+01   0.252695E+01
   0.159597E+01   0.254063E+01   0.123987E+00   0.250287E+01   0.250287E+01
   0.160072E+01   0.237603E+01   0.124222E+00   0.247901E+01   0.247901E+01
   0.160546E+01   0.236447E+01   0.124091E+00   0.245536E+01   0.245536E+01
   0.161020E+01   0.236386E+01   0.123733E+00   0.243194E+01   0.243194E+01
   0.161495E+01   0.251889E+01   0.123481E+00   0.240872E+01   0.240872E+01
   0.161969E+01   0.241929E+01   0.123385E+00   0.238573E+01   0.238573E+01
   0.162443E+01   0.239737E+01   0.122947E+00   0.236294E+01   0.236294E+01
   0.162917E+01   0.225748E+01   0.122858E+00   0.234036E+01   0.234036E+01
   0.163392E+01   0.219455E+01   0.122471E+00   0.231800E+01   0.231800E+01
   0.163866E+01   0.241965E+01   0.122492E+00   0.229584E+01   0.229584E+01
   0.164340E+01   0.229856E+01   0.122158E+00   0.227389E+01   0.227389E+01
   0.164815E+01   0.227586E+01   0.121778E+00   0.225215E+01   0.225215E+01
   0.165289E+01   0.226857E+01   0.121577E+00   0.223062E+01   0.223062E+01
   0.165763E+01   0.220391E+01   0.121383E+00   0.220929E+01   0.220929E+01
   0.166237E+01   0.221528E+01   0.121240E+00   0.218817E+01   0.218817E+01
   0.166712E+01   0.220852E+01   0.121171E+00   0.216725E+01   0.216725E+01
   0.167186E+01   0.208777E+01   0.120880E+00   0.214653E+01   0.214653E+01
   0.167660E+01   0.198025E+01   0.120532E+00   0.212601E+01   0.212601E+01
   0.168135E+01   0.198628E+01   0.120350E+00   0.210569E+01   0.210569E+01
   0.168609E+01   0.201745E+01   0.120198E+00   0.208557E+01   0.208557E+01
   0.169083E+01   0.200143E+01   0.119951E+00   0.206565E+01   0.206565E+01
   0.169557E+01   0.215942E+01   0.119788E+00   0.204593E+01   0.204593E+01
   0.170032E+01   0.220059E+01   0.119877E+00   0.202640E+01   0.202640E+01
   0.170506E+01   0.200763E+01   0.119469E+00   0.200707E+01   0.200707E+01
   0.170980E+01   0.193460E+01   0.119372E+00   0.198793E+01   0.198793E+01
   0.171455E+01   0.198210E+01   0.119220E+00   0.196898E+01   0.196898E+01
   0.171929E+01   0.204035E+01   0.119032E+00   0.195023E+01   0.195023E+01
   0.172403E+01   0.196719E+01   0.118755E+00   0.193167E+01   0.193167E+01
   0.172877E+01   0.204789E+01   0.118588E+00   0.191330E+01   0.191330E+01
   0.173352E+01   0.195981E+01   0.118528E+00   0.189512E+01   0.189512E+01
   0.173826E+01   0.194377E+01   0.118217E+00   0.187712E+01   0.187712E+01
   0.174300E+01   0.181585E+01   0.118038E+00   0.185932E+01   0.185932E+01
   0.174775E+01   0.177129E+01   0.117859E+00   0.184169E+01   0.184169E+01
   0.175249E+01   0.154390E+01   0.117503E+00   0.182426E+01   0.182426E+01
   0.175723E+01   0.168716E+01   0.117472E+00   0.180701E+01   0.180701E+01
   0.176197E+01   0.184741E+01   0.117347E+00   0.178994E+01   0.178994E+01
   0.176672E+01   0.171519E+01   0.117072E+00   0.177305E+01   0.177305E+01
   0.177146E+01   0.168460E+01   0.116916E+00   0.175635E+01   0.175635E+01
   0.177620E+01   0.165522E+01   0.116655E+00   0.173982E+01   0.173982E+01
   0.178095E+01   0.177574E+01   0.116578E+00   0.172348E+01   0.172348E+01
   0.178569E+01   0.171778E+01   0.116508E+00   0.170731E+01   0.170731E+01
   0.179043E+01   0.177496E+01   0.116393E+00   0.169131E+01   0.169131E+01
   0.179517E+01   0.161009E+01   0.116327E+00   0.167550E+01   0.167550E+01
   0.179992E+01   0.165314E+01   0.116018E+00   0.165985E+01   0.165985E+01
   0.180466E+01   0.169313E+01   0.115881E+00   0.164438E+01   0.164438E+01
   0.180940E+01   0.171352E+01   0.115554E+00   0.162909E+01   0.162909E+01
   0.181415E+01   0.149027E+01   0.115544E+00   0.161396E+01   0.161396E+01
   0.181889E+01   0.145513E+01   0.115126E+00   0.159900E+01   0.159900E+01
   0.182363E+01   0.154675E+01   0.114960E+00   0.158421E+01   0.158421E+01
   0.182838E+01   0.152563E+01   0.114952E+00   0.156959E+01   0.156959E+01
   0.183312E+01   0.148349E+01   0.114699E+00   0.155514E+01   0.155514E+01
   0.183786E+01   0.153553E+01   0.114606E+00   0.154085E+01   0.154085E+01
   0.184260E+01   0.154884E+01   0.114542E+00   0.152672E+01   0.152672E+01
   0.184735E+01   0.169256E+01   0.114442E+00   0.151276E+01   0.151276E+01
   0.185209E+01   0.161236E+01   0.114414E+00   0.149895E+01   0.149895E+01
   0.185683E+01   0.165106E+01   0.114075E+00   0.148531E+01   0.148531E+01
   0.186157E+01   0.149197E+01   0.113829E+00   0.147183E+01   0.147183E+01
   0.186632E+01   0.137157E+01   0.113715E+00   0.145850E+01   0.145850E+01
   0.187106E+01   0.133859E+01   0.113525E+00   0.144533E+01   0.144533E+01
   0.187580E+01   0.151767E+01   0.113526E+00   0.143231E+01   0.143231E+01
   0.188055E+01   0.129815E+01   0.113147E+00   0.141945E+01   0.141945E+01
   0.188529E+01   0.132320E+01   0.113083E+00   0.140674E+01   0.140674E+01
   0.189003E+01   0.119985E+01   0.112844E+00   0.139418E+01   0.139418E+01
   0.189478E+01   0.139556E+01   0.112860E+00   0.138177E+01   0.138177E+01
   0.189952E+01   0.146500E+01   0.112682E+00   0.136951E+01   0.136951E+01
   0.190426E+01   0.135478E+01   0.112409E+00   0.135739E+01   0.135739E+01
   0.190900E+01   0.133825E+01   0.112183E+00   0.134542E+01   0.134542E+01
   0.191375E+01   0.126249E+01   0.112255E+00   0.133359E+01   0.133359E+01
   0.191849E+01   0.127951E+01   0.112233E+00   0.132191E+01   0.132191E+01
   0.192323E+01   0.141914E+01   0.112155E+00   0.131036E+01   0.131036E+01
   0.192797E+01   0.134723E+01   0.111760E+00   0.129896E+01   0.129896E+01
   0.193272E+01   0.127995E+01   0.111647E+00   0.128769E+01   0.128769E+01
   0.193746E+01   0.133077E+01   0.111222E+00   0.127657E+01   0.127657E+01
   0.194220E+01   0.132249E+01   0.110931E+00   0.126557E+01   0.126557E+01
   0.194695E+01   0.123155E+01   0.110604E+00   0.125471E+01   0.125471E+01
   0.195169E+01   0.127432E+01   0.110454E+00   0.124399E+01   0.124399E+01
   0.195643E+01   0.140080E+01   0.110339E+00   0.123339E+01   0.123339E+01
   0.196117E+01   0.116786E+01   0.110129E+00   0.122292E+01   0.122292E+01
   0.196592E+01   0.120529E+01   0.110101E+00   0.121259E+01   0.121259E+01
   0.197066E+01   0.111685E+01   0.109813E+00   0.120238E+01   0.120238E+01
   0.197540E+01   0.115115E+01   0.109661E+00   0.119229E+01   0.119229E+01
   0.198015E+01   0.110273E+01   0.109978E+00   0.118233E+01   0.118233E+01
   0.198489E+01   0.126444E+01   0.109813E+00   0.117249E+01   0.117249E+01
   0.198963E+01   0.130940E+01   0.109913E+00   0.116277E+01   0.116277E+01
   0.199438E+01   0.111485E+01   0.109782E+00   0.115317E+01   0.115317E+01
   0.199912E+01   0.101060E+01   0.109715E+00   0.114369E+01   0.114369E+01
   0.200386E+01   0.117504E+01   0.109562E+00   0.113432E+01   0.113432E+01
   0.200860E+01   0.120750E+01   0.109507E+00   0.112508E+01   0.112508E+01
   0.201335E+01   0.105449E+01   0.110686E+00   0.111594E+01   0.111594E+01
   0.201809E+01   0.105158E+01   0.113715E+00   0.110692E+01   0.110692E+01
   0.202283E+01   0.105720E+01   0.115288E+00   0.109800E+01   0.109800E+01
   0.202758E+01   0.113639E+01   0.116719E+00   0.108920E+01   0.108920E+01
   0.203232E+01   0.116744E+01   0.117946E+00   0.108050E+01   0.108050E+01
   0.203706E+01   0.116326E+01   0.118877E+00   0.107191E+01   0.107191E+01
   0.204180E+01   0.111778E+01   0.120217E+00   0.106343E+01   0.106343E+01
   0.204655E+01   0.938857E+00   0.120703E+00   0.105505E+01   0.105505E+01
   0.205129E+01   0.106409E+01   0.120949E+00   0.104677E+01   0.104677E+01
   0.205603E+01   0.104635E+01   0.121208E+00   0.103859E+01   0.103859E+01
   0.206078E+01   0.101877E+01   0.121393E+00   0.103052E+01   0.103052E+01
   0.206552E+01   0.967355E+00   0.121719E+00   0.102254E+01   0.102254E+01
   0.207026E+01   0.105909E+01   0.122061E+00   0.101465E+01   0.101465E+01
   0.207500E+01   0.107415E+01   0.122169E+00   0.100686E+01   0.100686E+01
   0.207975E+01   0.940265E+00   0.119816E+00   0.999170E+00   0.999170E+00
   0.208449E+01   0.923894E+00   0.116700E+00   0.991568E+00   0.991568E+00
   0.208923E+01   0.104138E+01   0.115094E+00   0.984057E+00   0.984057E+00
   0.209397E+01   0.875220E+00   0.113616E+00   0.976636E+00   0.976636E+00
   0.209872E+01   0.905074E+00   0.112508E+00   0.969304E+00   0.969304E+00
   0.210346E+01   0.977636E+00   0.111604E+00   0.962059E+00   0.962059E+00
   0.210820E+01   0.106655E+01   0.110972E+00   0.954900E+00   0.954900E+00
   0.211295E+01   0.956397E+00   0.110779E+00   0.947827E+00   0.947827E+00
   0.211769E+01   0.938749E+00   0.110470E+00   0.940836E+00   0.940836E+00
   0.212243E+01   0.100105E+01   0.110100E+00   0.933927E+00   0.933927E+00
   0.212717E+01   0.923048E+00   0.109888E+00   0.927099E+00   0.927099E+00
   0.213192E+01   0.961575E+00   0.109666E+00   0.920351E+00   0.920351E+00
   0.213666E+01   0.107019E+01   0.109454E+00   0.913682E+00   0.913682E+00
   0.214140E+01   0.923892E+00   0.109051E+00   0.907090E+00   0.907090E+00
   0.214615E+01   0.661538E+00   0.108794E+00   0.900575E+00   0.900575E+00
   0.215089E+01   0.871188E+00   0.108813E+00   0.894135E+00   0.894135E+00
   0.215563E+01   0.709935E+00   0.108617E+00   0.887768E+00   0.887768E+00
   0.216038E+01   0.767165E+00   0.108320E+00   0.881473E+00   0.881473E+00
   0.216512E+01   0.941557E+00   0.108060E+00   0.875251E+00   0.875251E+00
   0.216986E+01   0.925453E+00   0.107877E+00   0.869099E+00   0.869099E+00
   0.217460E+01   0.845702E+00   0.107765E+00   0.863016E+00   0.863016E+00
   0.217935E+01   0.904091E+00   0.107604E+00   0.857002E+00   0.857002E+00
   0.218409E+01   0.727449E+00   0.107401E+00   0.851057E+00   0.851057E+00
   0.218883E+01   0.844666E+00   0.107224E+00   0.845177E+00   0.845177E+00
   0.219358E+01   0.869469E+00   0.107252E+00   0.839362E+00   0.839362E+00
   0.219832E+01   0.828530E+00   0.106969E+00   0.833611E+00   0.833611E+00
   0.220306E+01   0.901443E+00   0.106911E+00   0.827924E+00   0.827924E+00
   0.220780E+01   0.804006E+00   0.106784E+00   0.822300E+00   0.822300E+00
   0.221255E+01   0.844781E+00   0.106551E+00   0.816737E+00   0.816737E+00
   0.221729E+01   0.757149E+00   0.106372E+00   0.811235E+00   0.811235E+00
   0.222203E+01   0.658987E+00   0.106086E+00   0.805793E+00   0.805793E+00
   0.222677E+01   0.730583E+00   0.106019E+00   0.800409E+00   0.800409E+00
   0.223152E+01   0.649530E+00   0.105869E+00   0.795083E+00   0.795083E+00
   0.223626E+01   0.650321E+00   0.105602E+00   0.789815E+00   0.789815E+00
   0.224100E+01   0.732961E+00   0.105684E+00   0.784603E+00   0.784603E+00
   0.224575E+01   0.763040E+00   0.105492E+00   0.779446E+00   0.779446E+00
   0.225049E+01   0.688787E+00   0.105369E+00   0.774345E+00   0.774345E+00
   0.225523E+01   0.850673E+00   0.105195E+00   0.769298E+00   0.769298E+00
   0.225997E+01   0.780979E+00   0.105117E+00   0.764304E+00   0.764304E+00
   0.226472E+01   0.712817E+00   0.104973E+00   0.759362E+00   0.759362E+00
   0.226946E+01   0.771604E+00   0.104683E+00   0.754474E+00   0.754474E+00
   0.227420E+01   0.827167E+00   0.104628E+00   0.749634E+00   0.749634E+00
   0.227895E+01   0.580799E+00   0.104510E+00   0.744846E+00   0.744846E+00
   0.228369E+01   0.627410E+00   0.104342E+00   0.740108E+00   0.740108E+00
   0.228843E+01   0.678362E+00   0.104148E+00   0.735420E+00   0.735420E+00
   0.229318E+01   0.701455E+00   0.104022E+00   0.730779E+00   0.730779E+00
   0.229792E+01   0.754221E+00   0.104219E+00   0.726187E+00   0.726187E+00
   0.230266E+01   0.793528E+00   0.103993E+00   0.721643E+00   0.721643E+00
   0.230740E+01   0.721027E+00   0.103863E+00   0.717145E+00   0.717145E+00
   0.231215E+01   0.669350E+00   0.103682E+00   0.712694E+00   0.712694E+00
   0.231689E+01   0.683731E+00   0.103369E+00   0.708288E+00   0.708288E+00
   0.232163E+01   0.573039E+00   0.103351E+00   0.703929E+00   0.703929E+00
   0.232638E+01   0.537259E+00   0.103285E+00   0.699613E+00   0.699613E+00
   0.233112E+01   0.765621E+00   0.103157E+00   0.695342E+00   0.695342E+00
   0.233586E+01   0.670488E+00   0.103039E+00   0.691115E+00   0.691115E+00
   0.234060E+01   0.565321E+00   0.102963E+00   0.686932E+00   0.686932E+00
   0.234535E+01   0.604753E+00   0.102781E+00   0.682791E+00   0.682791E+00
   0.235009E+01   0.700842E+00   0.102737E+00   0.678693E+00   0.678693E+00
   0.235483E+01   0.579042E+00   0.102434E+00   0.674638E+00   0.674638E+00
   0.235957E+01   0.719773E+00   0.102455E+00   0.670625E+00   0.670625E+00
   0.236432E+01   0.453985E+00   0.102314E+00   0.666652E+00   0.666652E+00
   0.236906E+01   0.392967E+00   0.102044E+00   0.662721E+00   0.662721E+00
   0.237380E+01   0.621323E+00   0.102181E+00   0.658830E+00   0.658830E+00
   0.237855E+01   0.478969E+00   0.101871E+00   0.654980E+00   0.654980E+00
   0.238329E+01   0.397780E+00   0.101809E+00   0.651172E+00   0.651172E+00
   0.238803E+01   0.574354E+00   0.101704E+00   0.647399E+00   0.647399E+00
   0.239277E+01   0.582949E+00   0.101678E+00   0.643669E+00   0.643669E+00
   0.239752E+01   0.568531E+00   0.101456E+00   0.639977E+00   0.639977E+00
   0.240226E+01   0.578238E+00   0.101407E+00   0.636324E+00   0.636324E+00
   0.240700E+01   0.569868E+00   0.101292E+00   0.632710E+00   0.632710E+00
   0.241175E+01   0.458523E+00   0.101355E+00   0.629134E+00   0.629134E+00
   0.241649E+01   0.562470E+00   0.101116E+00   0.625596E+00   0.625596E+00
   0.242123E+01   0.557410E+00   0.100983E+00   0.622096E+00   0.622096E+00
   0.242598E+01   0.495355E+00   0.100980E+00   0.618634E+00   0.618634E+00
   0.243072E+01   0.557289E+00   0.100781E+00   0.615209E+00   0.615209E+00
   0.243546E+01   0.658539E+00   0.100670E+00   0.611821E+00   0.611821E+00
   0.244020E+01   0.599276E+00   0.100608E+00   0.608471E+00   0.608471E+00
   0.244495E+01   0.597216E+00   0.100429E+00   0.605156E+00   0.605156E+00
   0.244969E+01   0.659052E+00   0.100359E+00   0.601879E+00   0.601879E+00
   0.245443E+01   0.537768E+00   0.100314E+00   0.598638E+00   0.598638E+00
   0.245918E+01   0.488487E+00   0.100219E+00   0.595433E+00   0.595433E+00
   0.246392E+01   0.523664E+00   0.100099E+00   0.592264E+00   0.592264E+00
   0.246866E+01   0.631087E+00   0.999090E-01   0.589131E+00   0.589131E+00
   0.247340E+01   0.631198E+00   0.999705E-01   0.586034E+00   0.586034E+00
   0.247815E+01   0.502720E+00   0.997987E-01   0.582972E+00   0.582972E+00
   0.248289E+01   0.567765E+00   0.997271E-01   0.579945E+00   0.579945E+00
   0.248763E+01   0.597206E+00   0.996117E-01   0.576953E+00   0.576953E+00
   0.249238E+01   0.420206E+00   0.993773E-01   0.573996E+00   0.573996E+00
   0.249712E+01   0.454968E+00   0.994037E-01   0.571075E+00   0.571075E+00
   0.250186E+01   0.643421E+00   0.992981E-01   0.568188E+00   0.568188E+00
   0.250660E+01   0.489407E+00   0.990969E-01   0.565336E+00   0.565336E+00
   0.251135E+01   0.524009E+00   0.991020E-01   0.562518E+00   0.562518E+00
   0.251609E+01   0.501912E+00   0.989367E-01   0.559734E+00   0.559734E+00
   0.252083E+01   0.592036E+00   0.987182E-01   0.556984E+00   0.556984E+00
   0.252558E+01   0.430594E+00   0.984293E-01   0.554268E+00   0.554268E+00
   0.253032E+01   0.452520E+00   0.983556E-01   0.551586E+00   0.551586E+00
   0.253506E+01   0.477757E+00   0.980928E-01   0.548938E+00   0.548938E+00
   0.253980E+01   0.434554E+00   0.980043E-01   0.546322E+00   0.546322E+00
   0.254455E+01   0.545453E+00   0.979084E-01   0.543741E+00   0.543741E+00
   0.254929E+01   0.518446E+00   0.978919E-01   0.541192E+00   0.541192E+00
   0.255403E+01   0.663635E+00   0.978534E-01   0.538676E+00   0.538676E+00
   0.255878E+01   0.491171E+00   0.977001E-01   0.536193E+00   0.536193E+00
   0.256352E+01   0.443584E+00   0.976268E-01   0.533743E+00   0.533743E+00
   0.256826E+01   0.516161E+00   0.976316E-01   0.531326E+00   0.531326E+00
   0.257300E+01   0.390211E+00   0.975132E-01   0.528940E+00   0.528940E+00
   0.257775E+01   0.391063E+00   0.974858E-01   0.526587E+00   0.526587E+00
   0.258249E+01   0.331291E+00   0.975413E-01   0.524265E+00   0.524265E+00
   0.258723E+01   0.523344E+00   0.975148E-01   0.521975E+00   0.521975E+00
   0.259198E+01   0.359464E+00   0.974397E-01   0.519717E+00   0.519717E+00
   0.259672E+01   0.351665E+00   0.972945E-01   0.517491E+00   0.517491E+00
   0.260146E+01   0.316802E+00   0.970779E-01   0.515295E+00   0.515295E+00
   0.260620E+01   0.588445E+00   0.971569E-01   0.513130E+00   0.513130E+00
   0.261095E+01   0.701791E+00   0.971718E-01   0.510996E+00   0.510996E+00
   0.261569E+01   0.466608E+00   0.968946E-01   0.508894E+00   0.508894E+00
   0.262043E+01   0.463096E+00   0.968448E-01   0.506821E+00   0.506821E+00
   0.262518E+01   0.614443E+00   0.969139E-01   0.504778E+00   0.504778E+00
   0.262992E+01   0.518157E+00   0.967549E-01   0.502766E+00   0.502766E+00
   0.263466E+01   0.593641E+00   0.966727E-01   0.500782E+00   0.500782E+00
   0.263940E+01   0.476472E+00   0.966763E-01   0.498829E+00   0.498829E+00
   0.264415E+01   0.503667E+00   0.964897E-01   0.496904E+00   0.496904E+00
   0.264889E+01   0.532484E+00   0.963952E-01   0.495009E+00   0.495009E+00
   0.265363E+01   0.485965E+00   0.961789E-01   0.493142E+00   0.493142E+00
   0.265838E+01   0.575414E+00   0.961503E-01   0.491303E+00   0.491303E+00
   0.266312E+01   0.487035E+00   0.961126E-01   0.489493E+00   0.489493E+00
   0.266786E+01   0.475201E+00   0.959794E-01   0.487710E+00   0.487710E+00
   0.267260E+01   0.558763E+00   0.959583E-01   0.485955E+00   0.485955E+00
   0.267735E+01   0.480686E+00   0.959179E-01   0.484227E+00   0.484227E+00
   0.268209E+01   0.499112E+00   0.956897E-01   0.482526E+00   0.482526E+00
   0.268683E+01   0.321734E+00   0.956659E-01   0.480852E+00   0.480852E+00
   0.269158E+01   0.463956E+00   0.957312E-01   0.479204E+00   0.479204E+00
   0.269632E+01   0.587023E+00   0.956553E-01   0.477582E+00   0.477582E+00
   0.270106E+01   0.478060E+00   0.955029E-01   0.475986E+00   0.475986E+00
   0.270580E+01   0.514567E+00   0.953825E-01   0.474415E+00   0.474415E+00
   0.271055E+01   0.457938E+00   0.952890E-01   0.472869E+00   0.472869E+00
   0.271529E+01   0.510074E+00   0.952294E-01   0.471348E+00   0.471348E+00
   0.272003E+01   0.463742E+00   0.951636E-01   0.469851E+00   0.469851E+00
   0.272478E+01   0.423526E+00   0.949609E-01   0.468377E+00   0.468377E+00
   0.272952E+01   0.457680E+00   0.948111E-01   0.466928E+00   0.466928E+00
   0.273426E+01   0.444545E+00   0.948370E-01   0.465502E+00   0.465502E+00
   0.273901E+01   0.489565E+00   0.947354E-01   0.464099E+00   0.464099E+00
   0.274375E+01   0.492901E+00   0.947099E-01   0.462718E+00   0.462718E+00
   0.274849E+01   0.604707E+00   0.945896E-01   0.461359E+00   0.461359E+00
   0.275323E+01   0.516540E+00   0.944263E-01   0.460022E+00   0.460022E+00
   0.275798E+01   0.554731E+00   0.943280E-01   0.458706E+00   0.458706E+00
   0.276272E+01   0.420223E+00   0.942908E-01   0.457411E+00   0.457411E+00
   0.276746E+01   0.433684E+00   0.942792E-01   0.456136E+00   0.456136E+00
   0.277221E+01   0.456115E+00   0.941505E-01   0.454882E+00   0.454882E+00
   0.277695E+01   0.574194E+00   0.941543E-01   0.453647E+00   0.453647E+00
   0.278169E+01   0.479872E+00   0.938945E-01   0.452431E+00   0.452431E+00
   0.278643E+01   0.496384E+00   0.938904E-01   0.451235E+00   0.451235E+00
   0.279118E+01   0.385617E+00   0.937790E-01   0.450056E+00   0.450056E+00
   0.279592E+01   0.397514E+00   0.936129E-01   0.448895E+00   0.448895E+00
   0.280066E+01   0.410274E+00   0.936277E-01   0.447752E+00   0.447752E+00
   0.280540E+01   0.466176E+00   0.934501E-01   0.446626E+00   0.446626E+00
   0.281015E+01   0.537615E+00   0.936700E-01   0.445516E+00   0.445516E+00
   0.281489E+01   0.420282E+00   0.937431E-01   0.444423E+00   0.444423E+00
   0.281963E+01   0.341840E+00   0.955021E-01   0.443345E+00   0.443345E+00
   0.282438E+01   0.445223E+00   0.973462E-01   0.442282E+00   0.442282E+00
   0.282912E+01   0.479113E+00   0.984963E-01   0.441235E+00   0.441235E+00
   0.283386E+01   0.417887E+00   0.994751E-01   0.440203E+00   0.440203E+00
   0.283860E+01   0.397562E+00   0.100342E+00   0.439181E+00   0.439181E+00
   0.284335E+01   0.511401E+00   0.100938E+00   0.438175E+00   0.438175E+00
   0.284809E+01   0.435813E+00   0.101014E+00   0.437182E+00   0.437182E+00
   0.285283E+01   0.276195E+00   0.101305E+00   0.436201E+00   0.436201E+00
   0.285758E+01   0.341160E+00   0.101576E+00   0.435232E+00   0.435232E+00
   0.286232E+01   0.291008E+00   0.101788E+00   0.434275E+00   0.434275E+00
   0.286706E+01   0.407730E+00   0.102051E+00   0.433328E+00   0.433328E+00
   0.287181E+01   0.483570E+00   0.102352E+00   0.432393E+00   0.432393E+00
   0.287655E+01   0.437546E+00   0.102582E+00   0.431467E+00   0.431467E+00
   0.288129E+01   0.375546E+00   0.102253E+00   0.430551E+00   0.430551E+00
   0.288603E+01   0.474284E+00   0.997315E-01   0.429645E+00   0.429645E+00
   0.289078E+01   0.421888E+00   0.980238E-01   0.428747E+00   0.428747E+00
   0.289552E+01   0.434120E+00   0.967509E-01   0.427858E+00   0.427858E+00
   0.290026E+01   0.408092E+00   0.960139E-01   0.426976E+00   0.426976E+00
   0.290501E+01   0.420920E+00   0.954677E-01   0.426102E+00   0.426102E+00
   0.290975E+01   0.517352E+00   0.951974E-01   0.425235E+00   0.425235E+00
   0.291449E+01   0.381927E+00   0.949697E-01   0.424374E+00   0.424374E+00
   0.291923E+01   0.409730E+00   0.948134E-01   0.423520E+00   0.423520E+00
   0.292398E+01   0.451902E+00   0.946436E-01   0.422671E+00   0.422671E+00
   0.292872E+01   0.427108E+00   0.943514E-01   0.421827E+00   0.421827E+00
   0.293346E+01   0.441204E+00   0.941773E-01   0.420988E+00   0.420988E+00
   0.293820E+01   0.493081E+00   0.940286E-01   0.420154E+00   0.420154E+00
   0.294295E+01   0.461258E+00   0.939201E-01   0.419323E+00   0.419323E+00
   0.294769E+01   0.481699E+00   0.936990E-01   0.418496E+00   0.418496E+00
   0.295243E+01   0.639169E+00   0.935814E-01   0.417672E+00   0.417672E+00
   0.295718E+01   0.492315E+00   0.935873E-01   0.416851E+00   0.416851E+00
   0.296192E+01   0.542186E+00   0.934469E-01   0.416032E+00   0.416032E+00
   0.296666E+01   0.439750E+00   0.932539E-01   0.415215E+00   0.415215E+00
   0.297140E+01   0.543346E+00   0.931229E-01   0.414399E+00   0.414399E+00
   0.297615E+01   0.514204E+00   0.929710E-01   0.413585E+00   0.413585E+00
   0.298089E+01   0.462888E+00   0.928002E-01   0.412771E+00   0.412771E+00
   0.298563E+01   0.309434E+00   0.927264E-01   0.411958E+00   0.411958E+00
   0.299038E+01   0.363806E+00   0.926407E-01   0.411145E+00   0.411145E+00
   0.299512E+01   0.523394E+00   0.925831E-01   0.410332E+00   0.410332E+00
   0.299986E+01   0.438271E+00   0.923125E-01   0.409518E+00   0.409518E+00

           ####      Real Space Data                               ####

           Distance distribution  function of particle  


      R          P(R)      ERROR

  0.0000E+00  0.0000E+00  0.0000E+00
  0.3794E-01  0.1152E-01  0.2834E-03
  0.7587E-01  0.2362E-01  0.5297E-03
  0.1138E+00  0.3630E-01  0.7397E-03
  0.1517E+00  0.4955E-01  0.9139E-03
  0.1897E+00  0.6336E-01  0.1053E-02
  0.2276E+00  0.7772E-01  0.1160E-02
  0.2656E+00  0.9261E-01  0.1234E-02
  0.3035E+00  0.1080E+00  0.1279E-02
  0.3414E+00  0.1239E+00  0.1296E-02
  0.3794E+00  0.1403E+00  0.1287E-02
  0.4173E+00  0.1571E+00  0.1257E-02
  0.4552E+00  0.1743E+00  0.1207E-02
  0.4932E+00  0.1919E+00  0.1142E-02
  0.5311E+00  0.2099E+00  0.1067E-02
  0.5690E+00  0.2281E+00  0.9871E-03
  0.6070E+00  0.2467E+00  0.9095E-03
  0.6449E+00  0.2655E+00  0.8432E-03
  0.6829E+00  0.2844E+00  0.7978E-03
  0.7208E+00  0.3036E+00  0.7826E-03
  0.7587E+00  0.3228E+00  0.8025E-03
  0.7967E+00  0.3421E+00  0.8563E-03
  0.8346E+00  0.3615E+00  0.9373E-03
  0.8725E+00  0.3808E+00  0.1037E-02
  0.9105E+00  0.4001E+00  0.1148E-02
  0.9484E+00  0.4192E+00  0.1263E-02
  0.9863E+00  0.4382E+00  0.1377E-02
  0.1024E+01  0.4570E+00  0.1487E-02
  0.1062E+01  0.4755E+00  0.1589E-02
  0.1100E+01  0.4937E+00  0.1681E-02
  0.1138E+01  0.5116E+00  0.1762E-02
  0.1176E+01  0.5291E+00  0.1829E-02
  0.1214E+01  0.5461E+00  0.1883E-02
  0.1252E+01  0.5627E+00  0.1923E-02
  0.1290E+01  0.5788E+00  0.1948E-02
  0.1328E+01  0.5944E+00  0.1959E-02
  0.1366E+01  0.6093E+00  0.1957E-02
  0.1404E+01  0.6236E+00  0.1942E-02
  0.1442E+01  0.6373E+00  0.1915E-02
  0.1480E+01  0.6503E+00  0.1879E-02
  0.1517E+01  0.6626E+00  0.1834E-02
  0.1555E+01  0.6741E+00  0.1784E-02
  0.1593E+01  0.6849E+00  0.1731E-02
  0.1631E+01  0.6949E+00  0.1678E-02
  0.1669E+01  0.7041E+00  0.1628E-02
  0.1707E+01  0.7125E+00  0.1584E-02
  0.1745E+01  0.7201E+00  0.1549E-02
  0.1783E+01  0.7268E+00  0.1527E-02
  0.1821E+01  0.7327E+00  0.1519E-02
  0.1859E+01  0.7378E+00  0.1527E-02
  0.1897E+01  0.7420E+00  0.1550E-02
  0.1935E+01  0.7454E+00  0.1587E-02
  0.1973E+01  0.7480E+00  0.1636E-02
  0.2011E+01  0.7497E+00  0.1694E-02
  0.2049E+01  0.7507E+00  0.1759E-02
  0.2087E+01  0.7508E+00  0.1827E-02
  0.2124E+01  0.7502E+00  0.1897E-02
  0.2162E+01  0.7488E+00  0.1965E-02
  0.2200E+01  0.7466E+00  0.2029E-02
  0.2238E+01  0.7438E+00  0.2089E-02
  0.2276E+01  0.7403E+00  0.2141E-02
  0.2314E+01  0.7361E+00  0.2187E-02
  0.2352E+01  0.7313E+00  0.2224E-02
  0.2390E+01  0.7259E+00  0.2252E-02
  0.2428E+01  0.7199E+00  0.2272E-02
  0.2466E+01  0.7134E+00  0.2283E-02
  0.2504E+01  0.7064E+00  0.2286E-02
  0.2542E+01  0.6990E+00  0.2282E-02
  0.2580E+01  0.6912E+00  0.2272E-02
  0.2618E+01  0.6829E+00  0.2256E-02
  0.2656E+01  0.6743E+00  0.2237E-02
  0.2693E+01  0.6655E+00  0.2216E-02
  0.2731E+01  0.6563E+00  0.2194E-02
  0.2769E+01  0.6469E+00  0.2173E-02
  0.2807E+01  0.6373E+00  0.2156E-02
  0.2845E+01  0.6276E+00  0.2142E-02
  0.2883E+01  0.6177E+00  0.2134E-02
  0.2921E+01  0.6078E+00  0.2133E-02
  0.2959E+01  0.5977E+00  0.2139E-02
  0.2997E+01  0.5877E+00  0.2153E-02
  0.3035E+01  0.5776E+00  0.2175E-02
  0.3073E+01  0.5675E+00  0.2204E-02
  0.3111E+01  0.5576E+00  0.2240E-02
  0.3149E+01  0.5476E+00  0.2281E-02
  0.3187E+01  0.5378E+00  0.2327E-02
  0.3225E+01  0.5281E+00  0.2376E-02
  0.3263E+01  0.5185E+00  0.2427E-02
  0.3300E+01  0.5091E+00  0.2479E-02
  0.3338E+01  0.4998E+00  0.2531E-02
  0.3376E+01  0.4907E+00  0.2581E-02
  0.3414E+01  0.4818E+00  0.2630E-02
  0.3452E+01  0.4731E+00  0.2675E-02
  0.3490E+01  0.4645E+00  0.2718E-02
  0.3528E+01  0.4562E+00  0.2757E-02
  0.3566E+01  0.4480E+00  0.2792E-02
  0.3604E+01  0.4401E+00  0.2824E-02
  0.3642E+01  0.4323E+00  0.2852E-02
  0.3680E+01  0.4248E+00  0.2876E-02
  0.3718E+01  0.4174E+00  0.2897E-02
  0.3756E+01  0.4102E+00  0.2915E-02
  0.3794E+01  0.4032E+00  0.2930E-02
  0.3832E+01  0.3963E+00  0.2942E-02
  0.3870E+01  0.3896E+00  0.2952E-02
  0.3907E+01  0.3830E+00  0.2959E-02
  0.3945E+01  0.3766E+00  0.2965E-02
  0.3983E+01  0.3703E+00  0.2969E-02
  0.4021E+01  0.3641E+00  0.2972E-02
  0.4059E+01  0.3580E+00  0.2973E-02
  0.4097E+01  0.3520E+00  0.2972E-02
  0.4135E+01  0.3460E+00  0.2970E-02
  0.4173E+01  0.3401E+00  0.2966E-02
  0.4211E+01  0.3343E+00  0.2960E-02
  0.4249E+01  0.3285E+00  0.2953E-02
  0.4287E+01  0.3228E+00  0.2944E-02
  0.4325E+01  0.3170E+00  0.2934E-02
  0.4363E+01  0.3113E+00  0.2923E-02
  0.4401E+01  0.3056E+00  0.2911E-02
  0.4439E+01  0.2999E+00  0.2899E-02
  0.4477E+01  0.2941E+00  0.2887E-02
  0.4514E+01  0.2884E+00  0.2876E-02
  0.4552E+01  0.2826E+00  0.2867E-02
  0.4590E+01  0.2769E+00  0.2860E-02
  0.4628E+01  0.2711E+00  0.2858E-02
  0.4666E+01  0.2653E+00  0.2860E-02
  0.4704E+01  0.2595E+00  0.2868E-02
  0.4742E+01  0.2536E+00  0.2882E-02
  0.4780E+01  0.2478E+00  0.2904E-02
  0.4818E+01  0.2419E+00  0.2933E-02
  0.4856E+01  0.2360E+00  0.2971E-02
  0.4894E+01  0.2302E+00  0.3017E-02
  0.4932E+01  0.2243E+00  0.3071E-02
  0.4970E+01  0.2185E+00  0.3132E-02
  0.5008E+01  0.2127E+00  0.3200E-02
  0.5046E+01  0.2069E+00  0.3273E-02
  0.5083E+01  0.2012E+00  0.3351E-02
  0.5121E+01  0.1955E+00  0.3432E-02
  0.5159E+01  0.1899E+00  0.3515E-02
  0.5197E+01  0.1844E+00  0.3598E-02
  0.5235E+01  0.1789E+00  0.3680E-02
  0.5273E+01  0.1735E+00  0.3759E-02
  0.5311E+01  0.1682E+00  0.3836E-02
  0.5349E+01  0.1631E+00  0.3907E-02
  0.5387E+01  0.1580E+00  0.3973E-02
  0.5425E+01  0.1531E+00  0.4033E-02
  0.5463E+01  0.1482E+00  0.4085E-02
  0.5501E+01  0.1436E+00  0.4130E-02
  0.5539E+01  0.1390E+00  0.4167E-02
  0.5577E+01  0.1346E+00  0.4195E-02
  0.5615E+01  0.1304E+00  0.4216E-02
  0.5653E+01  0.1263E+00  0.4229E-02
  0.5690E+01  0.1223E+00  0.4234E-02
  0.5728E+01  0.1185E+00  0.4233E-02
  0.5766E+01  0.1149E+00  0.4225E-02
  0.5804E+01  0.1114E+00  0.4212E-02
  0.5842E+01  0.1080E+00  0.4195E-02
  0.5880E+01  0.1048E+00  0.4174E-02
  0.5918E+01  0.1017E+00  0.4151E-02
  0.5956E+01  0.9869E-01  0.4127E-02
  0.5994E+01  0.9584E-01  0.4102E-02
  0.6032E+01  0.9309E-01  0.4078E-02
  0.6070E+01  0.9044E-01  0.4056E-02
  0.6108E+01  0.8788E-01  0.4035E-02
  0.6146E+01  0.8540E-01  0.4017E-02
  0.6184E+01  0.8298E-01  0.4001E-02
  0.6222E+01  0.8062E-01  0.3988E-02
  0.6260E+01  0.7829E-01  0.3976E-02
  0.6297E+01  0.7599E-01  0.3964E-02
  0.6335E+01  0.7370E-01  0.3953E-02
  0.6373E+01  0.7141E-01  0.3939E-02
  0.6411E+01  0.6910E-01  0.3923E-02
  0.6449E+01  0.6676E-01  0.3901E-02
  0.6487E+01  0.6437E-01  0.3873E-02
  0.6525E+01  0.6193E-01  0.3835E-02
  0.6563E+01  0.5941E-01  0.3787E-02
  0.6601E+01  0.5680E-01  0.3725E-02
  0.6639E+01  0.5410E-01  0.3649E-02
  0.6677E+01  0.5128E-01  0.3555E-02
  0.6715E+01  0.4833E-01  0.3443E-02
  0.6753E+01  0.4525E-01  0.3309E-02
  0.6791E+01  0.4202E-01  0.3152E-02
  0.6829E+01  0.3864E-01  0.2971E-02
  0.6867E+01  0.3509E-01  0.2764E-02
  0.6904E+01  0.3137E-01  0.2529E-02
  0.6942E+01  0.2746E-01  0.2265E-02
  0.6980E+01  0.2337E-01  0.1970E-02
  0.7018E+01  0.1909E-01  0.1644E-02
  0.7056E+01  0.1462E-01  0.1285E-02
  0.7094E+01  0.9946E-02  0.8915E-03
  0.7132E+01  0.5074E-02  0.4635E-03
  0.7170E+01  0.0000E+00  0.0000E+00
