
           ####      G N O M             Version 5.0 (r13469)      ####
                                               Wed Dec 15 15:09:56 2021

           ####      Configuration                                 ####

    System Type:                   arbitrary monodisperse (job = 0)
    Minimum characteristic size:         0.0000
    Maximum characteristic size:         9.3300
    rad56:                               0.0000
    Force 0.0 at r = rmin:                  yes
    Force 0.0 at r = rmax:                  yes
    Initial alpha:                       0.0000
    Initial random seed:    1433377729347595570
    Points in real space:                   190

    Input  1:                      temp-inp.dat
    First data point used:                    1
    Last data point used:                   570
    Scaling coefficient:             0.1000E+01
    Experimental setup:            point collimation



           ####      Results                                       ####

    Parameter    DISCRP  OSCILL  STABIL  SYSDEV  POSITV  VALCEN  SMOOTH
    Weight        1.000   3.000   3.000   3.000   1.000   1.000   1.000
    Sigma         0.300   0.600   0.120   0.120   0.120   0.120   0.600
    Ideal         0.700   1.100   0.000   1.000   1.000   0.950   0.000
    Current       0.419   1.572   0.002   0.949   1.000   0.798   0.802
               --------------------------------------------------------
    Estimate      0.416   0.539   1.000   0.835   1.000   0.202   0.167

    Angular range:                       0.3012 to       2.9999
    Reciprocal space Rg:             0.2493E+01
    Reciprocal space I(0):           0.4402E+02

    Real space range:                    0.0000 to       9.3300
    Real space Rg:                   0.2506E+01 +-   0.1787E-01
    Real space I(0):                 0.4403E+02 +-   0.1587E+00

    Highest ALPHA (theor):           0.5490E+02
    Current ALPHA:                   0.5394E+00

    Total Estimate:                      0.6850 (a REASONABLE solution)



           ####      Experimental Data and Fit                     ####

      S          J EXP       ERROR       J REG       I REG

   0.000000E+00                                                0.440254E+02
   0.107561E-01                                                0.440147E+02
   0.215123E-01                                                0.439828E+02
   0.322684E-01                                                0.439296E+02
   0.430246E-01                                                0.438553E+02
   0.537807E-01                                                0.437599E+02
   0.645368E-01                                                0.436437E+02
   0.752930E-01                                                0.435069E+02
   0.860491E-01                                                0.433497E+02
   0.968053E-01                                                0.431724E+02
   0.107561E+00                                                0.429754E+02
   0.118318E+00                                                0.427588E+02
   0.129074E+00                                                0.425232E+02
   0.139830E+00                                                0.422690E+02
   0.150586E+00                                                0.419965E+02
   0.161342E+00                                                0.417063E+02
   0.172098E+00                                                0.413989E+02
   0.182854E+00                                                0.410748E+02
   0.193611E+00                                                0.407344E+02
   0.204367E+00                                                0.403785E+02
   0.215123E+00                                                0.400076E+02
   0.225879E+00                                                0.396222E+02
   0.236635E+00                                                0.392231E+02
   0.247391E+00                                                0.388108E+02
   0.258147E+00                                                0.383860E+02
   0.268903E+00                                                0.379494E+02
   0.279660E+00                                                0.375017E+02
   0.290416E+00                                                0.370435E+02
   0.301172E+00   0.366313E+02   0.204271E+00   0.365755E+02   0.365755E+02
   0.305915E+00   0.363545E+02   0.202453E+00   0.363662E+02   0.363662E+02
   0.310658E+00   0.363342E+02   0.200200E+00   0.361552E+02   0.361552E+02
   0.315400E+00   0.357439E+02   0.198444E+00   0.359426E+02   0.359426E+02
   0.320143E+00   0.355320E+02   0.197062E+00   0.357283E+02   0.357283E+02
   0.324886E+00   0.351556E+02   0.194337E+00   0.355125E+02   0.355125E+02
   0.329629E+00   0.350988E+02   0.192935E+00   0.352953E+02   0.352953E+02
   0.334372E+00   0.350501E+02   0.191537E+00   0.350767E+02   0.350767E+02
   0.339115E+00   0.349935E+02   0.191923E+00   0.348567E+02   0.348567E+02
   0.343858E+00   0.347423E+02   0.194173E+00   0.346354E+02   0.346354E+02
   0.348601E+00   0.344408E+02   0.198847E+00   0.344128E+02   0.344128E+02
   0.353343E+00   0.343867E+02   0.202095E+00   0.341891E+02   0.341891E+02
   0.358086E+00   0.339716E+02   0.203598E+00   0.339643E+02   0.339643E+02
   0.362829E+00   0.339934E+02   0.205673E+00   0.337384E+02   0.337384E+02
   0.367572E+00   0.336223E+02   0.206828E+00   0.335115E+02   0.335115E+02
   0.372315E+00   0.333243E+02   0.208044E+00   0.332837E+02   0.332837E+02
   0.377058E+00   0.332317E+02   0.209056E+00   0.330550E+02   0.330550E+02
   0.381801E+00   0.327678E+02   0.209940E+00   0.328255E+02   0.328255E+02
   0.386543E+00   0.326031E+02   0.210660E+00   0.325952E+02   0.325952E+02
   0.391286E+00   0.324656E+02   0.210904E+00   0.323641E+02   0.323641E+02
   0.396029E+00   0.322042E+02   0.211552E+00   0.321324E+02   0.321324E+02
   0.400772E+00   0.320566E+02   0.212653E+00   0.319001E+02   0.319001E+02
   0.405515E+00   0.316631E+02   0.220060E+00   0.316673E+02   0.316673E+02
   0.410258E+00   0.315559E+02   0.224572E+00   0.314340E+02   0.314340E+02
   0.415001E+00   0.312433E+02   0.229274E+00   0.312002E+02   0.312002E+02
   0.419744E+00   0.307005E+02   0.232156E+00   0.309660E+02   0.309660E+02
   0.424486E+00   0.307548E+02   0.235512E+00   0.307315E+02   0.307315E+02
   0.429229E+00   0.305284E+02   0.238748E+00   0.304967E+02   0.304967E+02
   0.433972E+00   0.301346E+02   0.241756E+00   0.302617E+02   0.302617E+02
   0.438715E+00   0.299770E+02   0.245046E+00   0.300265E+02   0.300265E+02
   0.443458E+00   0.295080E+02   0.248196E+00   0.297911E+02   0.297911E+02
   0.448201E+00   0.295008E+02   0.251862E+00   0.295557E+02   0.295557E+02
   0.452944E+00   0.292977E+02   0.255453E+00   0.293203E+02   0.293203E+02
   0.457686E+00   0.294183E+02   0.258603E+00   0.290848E+02   0.290848E+02
   0.462429E+00   0.288047E+02   0.260251E+00   0.288495E+02   0.288495E+02
   0.467172E+00   0.285079E+02   0.258923E+00   0.286142E+02   0.286142E+02
   0.471915E+00   0.287022E+02   0.248725E+00   0.283791E+02   0.283791E+02
   0.476658E+00   0.279863E+02   0.243139E+00   0.281442E+02   0.281442E+02
   0.481401E+00   0.279885E+02   0.239293E+00   0.279096E+02   0.279096E+02
   0.486144E+00   0.276238E+02   0.236830E+00   0.276752E+02   0.276752E+02
   0.490887E+00   0.271776E+02   0.234194E+00   0.274412E+02   0.274412E+02
   0.495629E+00   0.276049E+02   0.232762E+00   0.272076E+02   0.272076E+02
   0.500372E+00   0.271841E+02   0.230606E+00   0.269743E+02   0.269743E+02
   0.505115E+00   0.267086E+02   0.228883E+00   0.267416E+02   0.267416E+02
   0.509858E+00   0.265711E+02   0.227012E+00   0.265093E+02   0.265093E+02
   0.514601E+00   0.265204E+02   0.225969E+00   0.262776E+02   0.262776E+02
   0.519344E+00   0.257245E+02   0.224158E+00   0.260464E+02   0.260464E+02
   0.524087E+00   0.257479E+02   0.222644E+00   0.258159E+02   0.258159E+02
   0.528829E+00   0.255560E+02   0.221528E+00   0.255860E+02   0.255860E+02
   0.533572E+00   0.253108E+02   0.220437E+00   0.253568E+02   0.253568E+02
   0.538315E+00   0.250732E+02   0.218203E+00   0.251284E+02   0.251284E+02
   0.543058E+00   0.247564E+02   0.215772E+00   0.249007E+02   0.249007E+02
   0.547801E+00   0.250539E+02   0.214182E+00   0.246738E+02   0.246738E+02
   0.552544E+00   0.242475E+02   0.212041E+00   0.244477E+02   0.244477E+02
   0.557287E+00   0.242089E+02   0.210781E+00   0.242224E+02   0.242224E+02
   0.562029E+00   0.239083E+02   0.208704E+00   0.239981E+02   0.239981E+02
   0.566772E+00   0.239020E+02   0.207603E+00   0.237746E+02   0.237746E+02
   0.571515E+00   0.232522E+02   0.206169E+00   0.235521E+02   0.235521E+02
   0.576258E+00   0.228838E+02   0.204074E+00   0.233306E+02   0.233306E+02
   0.581001E+00   0.231120E+02   0.203495E+00   0.231101E+02   0.231101E+02
   0.585744E+00   0.228578E+02   0.201887E+00   0.228906E+02   0.228906E+02
   0.590487E+00   0.225980E+02   0.201490E+00   0.226722E+02   0.226722E+02
   0.595230E+00   0.226252E+02   0.200847E+00   0.224548E+02   0.224548E+02
   0.599972E+00   0.222916E+02   0.200176E+00   0.222386E+02   0.222386E+02
   0.604715E+00   0.219668E+02   0.199164E+00   0.220234E+02   0.220234E+02
   0.609458E+00   0.220006E+02   0.198236E+00   0.218094E+02   0.218094E+02
   0.614201E+00   0.215508E+02   0.197625E+00   0.215966E+02   0.215966E+02
   0.618944E+00   0.211083E+02   0.196665E+00   0.213850E+02   0.213850E+02
   0.623687E+00   0.212089E+02   0.195778E+00   0.211746E+02   0.211746E+02
   0.628430E+00   0.208030E+02   0.195262E+00   0.209654E+02   0.209654E+02
   0.633173E+00   0.207425E+02   0.194852E+00   0.207574E+02   0.207574E+02
   0.637915E+00   0.206079E+02   0.193655E+00   0.205508E+02   0.205508E+02
   0.642658E+00   0.203132E+02   0.192769E+00   0.203454E+02   0.203454E+02
   0.647401E+00   0.202293E+02   0.192010E+00   0.201412E+02   0.201412E+02
   0.652144E+00   0.199054E+02   0.191367E+00   0.199385E+02   0.199385E+02
   0.656887E+00   0.198056E+02   0.190869E+00   0.197370E+02   0.197370E+02
   0.661630E+00   0.196280E+02   0.190575E+00   0.195369E+02   0.195369E+02
   0.666373E+00   0.193545E+02   0.189215E+00   0.193381E+02   0.193381E+02
   0.671115E+00   0.191739E+02   0.189070E+00   0.191407E+02   0.191407E+02
   0.675858E+00   0.188775E+02   0.188082E+00   0.189446E+02   0.189446E+02
   0.680601E+00   0.187133E+02   0.187604E+00   0.187500E+02   0.187500E+02
   0.685344E+00   0.185370E+02   0.186664E+00   0.185567E+02   0.185567E+02
   0.690087E+00   0.183571E+02   0.185822E+00   0.183649E+02   0.183649E+02
   0.694830E+00   0.181270E+02   0.185201E+00   0.181745E+02   0.181745E+02
   0.699573E+00   0.177805E+02   0.184728E+00   0.179854E+02   0.179854E+02
   0.704315E+00   0.180076E+02   0.184453E+00   0.177979E+02   0.177979E+02
   0.709058E+00   0.176311E+02   0.183232E+00   0.176117E+02   0.176117E+02
   0.713801E+00   0.171671E+02   0.182809E+00   0.174270E+02   0.174270E+02
   0.718544E+00   0.172569E+02   0.182118E+00   0.172437E+02   0.172437E+02
   0.723287E+00   0.171965E+02   0.181838E+00   0.170619E+02   0.170619E+02
   0.728030E+00   0.169127E+02   0.181278E+00   0.168816E+02   0.168816E+02
   0.732773E+00   0.167299E+02   0.180714E+00   0.167027E+02   0.167027E+02
   0.737515E+00   0.165861E+02   0.179630E+00   0.165253E+02   0.165253E+02
   0.742258E+00   0.162785E+02   0.178652E+00   0.163493E+02   0.163493E+02
   0.747001E+00   0.162577E+02   0.178472E+00   0.161748E+02   0.161748E+02
   0.751744E+00   0.160521E+02   0.177950E+00   0.160018E+02   0.160018E+02
   0.756487E+00   0.159324E+02   0.177172E+00   0.158302E+02   0.158302E+02
   0.761230E+00   0.155838E+02   0.176539E+00   0.156601E+02   0.156601E+02
   0.765973E+00   0.152919E+02   0.176006E+00   0.154915E+02   0.154915E+02
   0.770716E+00   0.154570E+02   0.175311E+00   0.153243E+02   0.153243E+02
   0.775459E+00   0.152458E+02   0.175086E+00   0.151586E+02   0.151586E+02
   0.780201E+00   0.152016E+02   0.174709E+00   0.149944E+02   0.149944E+02
   0.784944E+00   0.149338E+02   0.173678E+00   0.148316E+02   0.148316E+02
   0.789687E+00   0.147249E+02   0.173070E+00   0.146703E+02   0.146703E+02
   0.794430E+00   0.145362E+02   0.173068E+00   0.145105E+02   0.145105E+02
   0.799173E+00   0.140669E+02   0.171681E+00   0.143521E+02   0.143521E+02
   0.803916E+00   0.142296E+02   0.171722E+00   0.141952E+02   0.141952E+02
   0.808658E+00   0.140842E+02   0.170885E+00   0.140397E+02   0.140397E+02
   0.813401E+00   0.139378E+02   0.170526E+00   0.138856E+02   0.138856E+02
   0.818144E+00   0.137243E+02   0.170060E+00   0.137330E+02   0.137330E+02
   0.822887E+00   0.135650E+02   0.170227E+00   0.135818E+02   0.135818E+02
   0.827630E+00   0.134931E+02   0.169338E+00   0.134321E+02   0.134321E+02
   0.832373E+00   0.132123E+02   0.168023E+00   0.132838E+02   0.132838E+02
   0.837116E+00   0.132300E+02   0.168348E+00   0.131369E+02   0.131369E+02
   0.841859E+00   0.129718E+02   0.167295E+00   0.129914E+02   0.129914E+02
   0.846601E+00   0.129771E+02   0.167442E+00   0.128473E+02   0.128473E+02
   0.851344E+00   0.127945E+02   0.166063E+00   0.127046E+02   0.127046E+02
   0.856087E+00   0.125633E+02   0.166400E+00   0.125633E+02   0.125633E+02
   0.860830E+00   0.125091E+02   0.165310E+00   0.124234E+02   0.124234E+02
   0.865573E+00   0.122334E+02   0.164994E+00   0.122848E+02   0.122848E+02
   0.870316E+00   0.121506E+02   0.164484E+00   0.121477E+02   0.121477E+02
   0.875059E+00   0.119297E+02   0.164131E+00   0.120118E+02   0.120118E+02
   0.879802E+00   0.119253E+02   0.163566E+00   0.118774E+02   0.118774E+02
   0.884544E+00   0.115850E+02   0.163118E+00   0.117443E+02   0.117443E+02
   0.889287E+00   0.116289E+02   0.162223E+00   0.116125E+02   0.116125E+02
   0.894030E+00   0.113878E+02   0.161866E+00   0.114821E+02   0.114821E+02
   0.898773E+00   0.114892E+02   0.161621E+00   0.113529E+02   0.113529E+02
   0.903516E+00   0.112940E+02   0.161060E+00   0.112251E+02   0.112251E+02
   0.908259E+00   0.110545E+02   0.160044E+00   0.110986E+02   0.110986E+02
   0.913002E+00   0.110352E+02   0.160324E+00   0.109734E+02   0.109734E+02
   0.917744E+00   0.108450E+02   0.159570E+00   0.108495E+02   0.108495E+02
   0.922487E+00   0.107864E+02   0.159224E+00   0.107268E+02   0.107268E+02
   0.927230E+00   0.108553E+02   0.158457E+00   0.106054E+02   0.106054E+02
   0.931973E+00   0.105886E+02   0.158386E+00   0.104853E+02   0.104853E+02
   0.936716E+00   0.103387E+02   0.157843E+00   0.103664E+02   0.103664E+02
   0.941459E+00   0.102582E+02   0.157473E+00   0.102488E+02   0.102488E+02
   0.946202E+00   0.102172E+02   0.156958E+00   0.101324E+02   0.101324E+02
   0.950944E+00   0.100626E+02   0.156578E+00   0.100172E+02   0.100172E+02
   0.955687E+00   0.981804E+01   0.156255E+00   0.990320E+01   0.990320E+01
   0.960430E+00   0.980214E+01   0.155843E+00   0.979042E+01   0.979042E+01
   0.965173E+00   0.988522E+01   0.155254E+00   0.967884E+01   0.967884E+01
   0.969916E+00   0.952453E+01   0.154712E+00   0.956843E+01   0.956843E+01
   0.974659E+00   0.928405E+01   0.154311E+00   0.945920E+01   0.945920E+01
   0.979402E+00   0.936854E+01   0.154152E+00   0.935113E+01   0.935113E+01
   0.984144E+00   0.941141E+01   0.153726E+00   0.924422E+01   0.924422E+01
   0.988887E+00   0.921319E+01   0.152891E+00   0.913844E+01   0.913844E+01
   0.993630E+00   0.889665E+01   0.152536E+00   0.903381E+01   0.903381E+01
   0.998373E+00   0.906749E+01   0.152790E+00   0.893029E+01   0.893029E+01
   0.100312E+01   0.878874E+01   0.152078E+00   0.882789E+01   0.882789E+01
   0.100786E+01   0.893088E+01   0.151743E+00   0.872660E+01   0.872660E+01
   0.101260E+01   0.873260E+01   0.151152E+00   0.862640E+01   0.862640E+01
   0.101734E+01   0.851763E+01   0.150898E+00   0.852729E+01   0.852729E+01
   0.102209E+01   0.844520E+01   0.150067E+00   0.842927E+01   0.842927E+01
   0.102683E+01   0.845876E+01   0.150248E+00   0.833231E+01   0.833231E+01
   0.103157E+01   0.830941E+01   0.149754E+00   0.823640E+01   0.823640E+01
   0.103632E+01   0.804834E+01   0.149434E+00   0.814155E+01   0.814155E+01
   0.104106E+01   0.802195E+01   0.149120E+00   0.804773E+01   0.804773E+01
   0.104580E+01   0.780660E+01   0.148324E+00   0.795494E+01   0.795494E+01
   0.105055E+01   0.772834E+01   0.147998E+00   0.786318E+01   0.786318E+01
   0.105529E+01   0.747734E+01   0.147350E+00   0.777244E+01   0.777244E+01
   0.106003E+01   0.764636E+01   0.147156E+00   0.768270E+01   0.768270E+01
   0.106477E+01   0.747073E+01   0.146624E+00   0.759394E+01   0.759394E+01
   0.106952E+01   0.762434E+01   0.146974E+00   0.750617E+01   0.750617E+01
   0.107426E+01   0.739418E+01   0.146602E+00   0.741938E+01   0.741938E+01
   0.107900E+01   0.736613E+01   0.145888E+00   0.733356E+01   0.733356E+01
   0.108374E+01   0.712332E+01   0.145563E+00   0.724870E+01   0.724870E+01
   0.108849E+01   0.718931E+01   0.145235E+00   0.716478E+01   0.716478E+01
   0.109323E+01   0.679843E+01   0.144728E+00   0.708183E+01   0.708183E+01
   0.109797E+01   0.692996E+01   0.144635E+00   0.699979E+01   0.699979E+01
   0.110272E+01   0.681284E+01   0.144540E+00   0.691868E+01   0.691868E+01
   0.110746E+01   0.679566E+01   0.143773E+00   0.683848E+01   0.683848E+01
   0.111220E+01   0.667807E+01   0.143253E+00   0.675919E+01   0.675919E+01
   0.111695E+01   0.651341E+01   0.143184E+00   0.668081E+01   0.668081E+01
   0.112169E+01   0.666934E+01   0.143288E+00   0.660331E+01   0.660331E+01
   0.112643E+01   0.639522E+01   0.142386E+00   0.652671E+01   0.652671E+01
   0.113117E+01   0.647014E+01   0.142282E+00   0.645098E+01   0.645098E+01
   0.113592E+01   0.648096E+01   0.141953E+00   0.637610E+01   0.637610E+01
   0.114066E+01   0.631927E+01   0.141617E+00   0.630209E+01   0.630209E+01
   0.114540E+01   0.621091E+01   0.141497E+00   0.622893E+01   0.622893E+01
   0.115014E+01   0.622146E+01   0.140948E+00   0.615662E+01   0.615662E+01
   0.115489E+01   0.613305E+01   0.140524E+00   0.608514E+01   0.608514E+01
   0.115963E+01   0.590258E+01   0.140029E+00   0.601448E+01   0.601448E+01
   0.116437E+01   0.592499E+01   0.139882E+00   0.594467E+01   0.594467E+01
   0.116912E+01   0.590840E+01   0.139778E+00   0.587565E+01   0.587565E+01
   0.117386E+01   0.572958E+01   0.139766E+00   0.580743E+01   0.580743E+01
   0.117860E+01   0.579294E+01   0.139172E+00   0.574001E+01   0.574001E+01
   0.118335E+01   0.562524E+01   0.138982E+00   0.567339E+01   0.567339E+01
   0.118809E+01   0.544167E+01   0.138838E+00   0.560754E+01   0.560754E+01
   0.119283E+01   0.539407E+01   0.138148E+00   0.554247E+01   0.554247E+01
   0.119757E+01   0.552161E+01   0.138160E+00   0.547819E+01   0.547819E+01
   0.120232E+01   0.537789E+01   0.137935E+00   0.541464E+01   0.541464E+01
   0.120706E+01   0.544029E+01   0.138353E+00   0.535186E+01   0.535186E+01
   0.121180E+01   0.544192E+01   0.142611E+00   0.528982E+01   0.528982E+01
   0.121654E+01   0.520386E+01   0.145546E+00   0.522852E+01   0.522852E+01
   0.122129E+01   0.530343E+01   0.147220E+00   0.516795E+01   0.516795E+01
   0.122603E+01   0.526456E+01   0.149443E+00   0.510810E+01   0.510810E+01
   0.123077E+01   0.498770E+01   0.150484E+00   0.504898E+01   0.504898E+01
   0.123552E+01   0.495536E+01   0.151995E+00   0.499057E+01   0.499057E+01
   0.124026E+01   0.484420E+01   0.153210E+00   0.493286E+01   0.493286E+01
   0.124500E+01   0.469012E+01   0.154459E+00   0.487585E+01   0.487585E+01
   0.124975E+01   0.454196E+01   0.155556E+00   0.481953E+01   0.481953E+01
   0.125449E+01   0.464131E+01   0.157101E+00   0.476389E+01   0.476389E+01
   0.125923E+01   0.482659E+01   0.157600E+00   0.470893E+01   0.470893E+01
   0.126397E+01   0.446344E+01   0.157428E+00   0.465464E+01   0.465464E+01
   0.126872E+01   0.478351E+01   0.158004E+00   0.460103E+01   0.460103E+01
   0.127346E+01   0.458684E+01   0.155639E+00   0.454806E+01   0.454806E+01
   0.127820E+01   0.458607E+01   0.150251E+00   0.449574E+01   0.449574E+01
   0.128295E+01   0.457987E+01   0.147294E+00   0.444406E+01   0.444406E+01
   0.128769E+01   0.450688E+01   0.145192E+00   0.439302E+01   0.439302E+01
   0.129243E+01   0.416101E+01   0.143034E+00   0.434262E+01   0.434262E+01
   0.129717E+01   0.429290E+01   0.142021E+00   0.429283E+01   0.429283E+01
   0.130192E+01   0.446082E+01   0.140481E+00   0.424368E+01   0.424368E+01
   0.130666E+01   0.418796E+01   0.139206E+00   0.419513E+01   0.419513E+01
   0.131140E+01   0.409400E+01   0.137634E+00   0.414718E+01   0.414718E+01
   0.131614E+01   0.416208E+01   0.136915E+00   0.409983E+01   0.409983E+01
   0.132089E+01   0.424861E+01   0.137021E+00   0.405307E+01   0.405307E+01
   0.132563E+01   0.419018E+01   0.136086E+00   0.400690E+01   0.400690E+01
   0.133037E+01   0.400420E+01   0.135340E+00   0.396131E+01   0.396131E+01
   0.133512E+01   0.420838E+01   0.135089E+00   0.391629E+01   0.391629E+01
   0.133986E+01   0.392894E+01   0.134774E+00   0.387185E+01   0.387185E+01
   0.134460E+01   0.379484E+01   0.134207E+00   0.382796E+01   0.382796E+01
   0.134935E+01   0.388367E+01   0.133894E+00   0.378463E+01   0.378463E+01
   0.135409E+01   0.370362E+01   0.133994E+00   0.374184E+01   0.374184E+01
   0.135883E+01   0.359785E+01   0.133405E+00   0.369960E+01   0.369960E+01
   0.136357E+01   0.350975E+01   0.132937E+00   0.365789E+01   0.365789E+01
   0.136832E+01   0.370503E+01   0.132784E+00   0.361672E+01   0.361672E+01
   0.137306E+01   0.367075E+01   0.132244E+00   0.357607E+01   0.357607E+01
   0.137780E+01   0.362467E+01   0.132119E+00   0.353594E+01   0.353594E+01
   0.138254E+01   0.345859E+01   0.131625E+00   0.349632E+01   0.349632E+01
   0.138729E+01   0.339169E+01   0.131405E+00   0.345720E+01   0.345720E+01
   0.139203E+01   0.347006E+01   0.131056E+00   0.341858E+01   0.341858E+01
   0.139677E+01   0.345975E+01   0.130797E+00   0.338046E+01   0.338046E+01
   0.140152E+01   0.327104E+01   0.130831E+00   0.334283E+01   0.334283E+01
   0.140626E+01   0.322924E+01   0.130374E+00   0.330568E+01   0.330568E+01
   0.141100E+01   0.317643E+01   0.130183E+00   0.326901E+01   0.326901E+01
   0.141575E+01   0.328066E+01   0.129697E+00   0.323281E+01   0.323281E+01
   0.142049E+01   0.339589E+01   0.129453E+00   0.319707E+01   0.319707E+01
   0.142523E+01   0.332731E+01   0.129689E+00   0.316179E+01   0.316179E+01
   0.142997E+01   0.309525E+01   0.129244E+00   0.312696E+01   0.312696E+01
   0.143472E+01   0.316865E+01   0.128578E+00   0.309258E+01   0.309258E+01
   0.143946E+01   0.313685E+01   0.128430E+00   0.305865E+01   0.305865E+01
   0.144420E+01   0.307750E+01   0.128453E+00   0.302516E+01   0.302516E+01
   0.144894E+01   0.302534E+01   0.128224E+00   0.299209E+01   0.299209E+01
   0.145369E+01   0.308518E+01   0.128379E+00   0.295944E+01   0.295944E+01
   0.145843E+01   0.280970E+01   0.127709E+00   0.292722E+01   0.292722E+01
   0.146317E+01   0.285679E+01   0.127790E+00   0.289541E+01   0.289541E+01
   0.146792E+01   0.291097E+01   0.127178E+00   0.286401E+01   0.286401E+01
   0.147266E+01   0.294356E+01   0.127199E+00   0.283301E+01   0.283301E+01
   0.147740E+01   0.284252E+01   0.126605E+00   0.280242E+01   0.280242E+01
   0.148215E+01   0.276149E+01   0.126222E+00   0.277221E+01   0.277221E+01
   0.148689E+01   0.259332E+01   0.125936E+00   0.274239E+01   0.274239E+01
   0.149163E+01   0.278045E+01   0.126056E+00   0.271295E+01   0.271295E+01
   0.149637E+01   0.261251E+01   0.125413E+00   0.268389E+01   0.268389E+01
   0.150112E+01   0.259212E+01   0.125458E+00   0.265520E+01   0.265520E+01
   0.150586E+01   0.241960E+01   0.128070E+00   0.262688E+01   0.262688E+01
   0.151060E+01   0.258353E+01   0.131346E+00   0.259892E+01   0.259892E+01
   0.151534E+01   0.276475E+01   0.133356E+00   0.257132E+01   0.257132E+01
   0.152009E+01   0.255231E+01   0.135631E+00   0.254406E+01   0.254406E+01
   0.152483E+01   0.231022E+01   0.136545E+00   0.251715E+01   0.251715E+01
   0.152957E+01   0.246738E+01   0.137587E+00   0.249059E+01   0.249059E+01
   0.153432E+01   0.240308E+01   0.134385E+00   0.246436E+01   0.246436E+01
   0.153906E+01   0.231046E+01   0.132136E+00   0.243846E+01   0.243846E+01
   0.154380E+01   0.230768E+01   0.131008E+00   0.241289E+01   0.241289E+01
   0.154855E+01   0.214607E+01   0.128945E+00   0.238765E+01   0.238765E+01
   0.155329E+01   0.232359E+01   0.128030E+00   0.236272E+01   0.236272E+01
   0.155803E+01   0.213153E+01   0.126696E+00   0.233811E+01   0.233811E+01
   0.156277E+01   0.230130E+01   0.125602E+00   0.231380E+01   0.231380E+01
   0.156752E+01   0.235279E+01   0.124252E+00   0.228980E+01   0.228980E+01
   0.157226E+01   0.235822E+01   0.123532E+00   0.226609E+01   0.226609E+01
   0.157700E+01   0.240846E+01   0.122980E+00   0.224269E+01   0.224269E+01
   0.158175E+01   0.218411E+01   0.122482E+00   0.221957E+01   0.221957E+01
   0.158649E+01   0.209977E+01   0.122526E+00   0.219675E+01   0.219675E+01
   0.159123E+01   0.210783E+01   0.122683E+00   0.217420E+01   0.217420E+01
   0.159597E+01   0.204589E+01   0.123075E+00   0.215193E+01   0.215193E+01
   0.160072E+01   0.210995E+01   0.122971E+00   0.212994E+01   0.212994E+01
   0.160546E+01   0.204147E+01   0.122902E+00   0.210822E+01   0.210822E+01
   0.161020E+01   0.221903E+01   0.122298E+00   0.208677E+01   0.208677E+01
   0.161495E+01   0.207099E+01   0.121991E+00   0.206557E+01   0.206557E+01
   0.161969E+01   0.208269E+01   0.121843E+00   0.204465E+01   0.204465E+01
   0.162443E+01   0.198601E+01   0.121953E+00   0.202397E+01   0.202397E+01
   0.162917E+01   0.210103E+01   0.122083E+00   0.200354E+01   0.200354E+01
   0.163392E+01   0.201120E+01   0.121305E+00   0.198336E+01   0.198336E+01
   0.163866E+01   0.191078E+01   0.121311E+00   0.196343E+01   0.196343E+01
   0.164340E+01   0.190205E+01   0.121012E+00   0.194374E+01   0.194374E+01
   0.164815E+01   0.198035E+01   0.121209E+00   0.192428E+01   0.192428E+01
   0.165289E+01   0.189444E+01   0.120996E+00   0.190506E+01   0.190506E+01
   0.165763E+01   0.192749E+01   0.120436E+00   0.188608E+01   0.188608E+01
   0.166237E+01   0.184521E+01   0.120246E+00   0.186731E+01   0.186731E+01
   0.166712E+01   0.172871E+01   0.120138E+00   0.184877E+01   0.184877E+01
   0.167186E+01   0.185830E+01   0.119702E+00   0.183046E+01   0.183046E+01
   0.167660E+01   0.189928E+01   0.119771E+00   0.181236E+01   0.181236E+01
   0.168135E+01   0.186762E+01   0.119884E+00   0.179447E+01   0.179447E+01
   0.168609E+01   0.176021E+01   0.119179E+00   0.177680E+01   0.177680E+01
   0.169083E+01   0.182214E+01   0.119050E+00   0.175934E+01   0.175934E+01
   0.169557E+01   0.175632E+01   0.119138E+00   0.174209E+01   0.174209E+01
   0.170032E+01   0.170405E+01   0.118696E+00   0.172504E+01   0.172504E+01
   0.170506E+01   0.159142E+01   0.118449E+00   0.170818E+01   0.170818E+01
   0.170980E+01   0.175624E+01   0.118143E+00   0.169153E+01   0.169153E+01
   0.171455E+01   0.148756E+01   0.118014E+00   0.167507E+01   0.167507E+01
   0.171929E+01   0.157431E+01   0.117788E+00   0.165880E+01   0.165880E+01
   0.172403E+01   0.180499E+01   0.117863E+00   0.164273E+01   0.164273E+01
   0.172877E+01   0.167838E+01   0.117465E+00   0.162684E+01   0.162684E+01
   0.173352E+01   0.155941E+01   0.117490E+00   0.161114E+01   0.161114E+01
   0.173826E+01   0.168478E+01   0.116981E+00   0.159562E+01   0.159562E+01
   0.174300E+01   0.156844E+01   0.116906E+00   0.158028E+01   0.158028E+01
   0.174775E+01   0.151232E+01   0.117029E+00   0.156512E+01   0.156512E+01
   0.175249E+01   0.146218E+01   0.116445E+00   0.155014E+01   0.155014E+01
   0.175723E+01   0.156248E+01   0.116796E+00   0.153533E+01   0.153533E+01
   0.176197E+01   0.143678E+01   0.116389E+00   0.152070E+01   0.152070E+01
   0.176672E+01   0.137533E+01   0.116032E+00   0.150623E+01   0.150623E+01
   0.177146E+01   0.154154E+01   0.116282E+00   0.149193E+01   0.149193E+01
   0.177620E+01   0.161134E+01   0.115874E+00   0.147780E+01   0.147780E+01
   0.178095E+01   0.157207E+01   0.115699E+00   0.146383E+01   0.146383E+01
   0.178569E+01   0.135867E+01   0.115293E+00   0.145003E+01   0.145003E+01
   0.179043E+01   0.142495E+01   0.115349E+00   0.143638E+01   0.143638E+01
   0.179517E+01   0.137233E+01   0.115383E+00   0.142290E+01   0.142290E+01
   0.179992E+01   0.142122E+01   0.115008E+00   0.140957E+01   0.140957E+01
   0.180466E+01   0.148732E+01   0.114809E+00   0.139640E+01   0.139640E+01
   0.180940E+01   0.134345E+01   0.114423E+00   0.138338E+01   0.138338E+01
   0.181415E+01   0.149436E+01   0.114791E+00   0.137051E+01   0.137051E+01
   0.181889E+01   0.140918E+01   0.114440E+00   0.135779E+01   0.135779E+01
   0.182363E+01   0.151471E+01   0.114259E+00   0.134522E+01   0.134522E+01
   0.182838E+01   0.138368E+01   0.114014E+00   0.133280E+01   0.133280E+01
   0.183312E+01   0.126049E+01   0.113565E+00   0.132052E+01   0.132052E+01
   0.183786E+01   0.112095E+01   0.113688E+00   0.130839E+01   0.130839E+01
   0.184260E+01   0.114414E+01   0.113948E+00   0.129640E+01   0.129640E+01
   0.184735E+01   0.117127E+01   0.113611E+00   0.128455E+01   0.128455E+01
   0.185209E+01   0.130756E+01   0.113457E+00   0.127284E+01   0.127284E+01
   0.185683E+01   0.117511E+01   0.113121E+00   0.126127E+01   0.126127E+01
   0.186157E+01   0.140074E+01   0.113262E+00   0.124983E+01   0.124983E+01
   0.186632E+01   0.116636E+01   0.113131E+00   0.123853E+01   0.123853E+01
   0.187106E+01   0.991251E+00   0.112451E+00   0.122737E+01   0.122737E+01
   0.187580E+01   0.128947E+01   0.112356E+00   0.121634E+01   0.121634E+01
   0.188055E+01   0.131207E+01   0.112480E+00   0.120544E+01   0.120544E+01
   0.188529E+01   0.127500E+01   0.112328E+00   0.119467E+01   0.119467E+01
   0.189003E+01   0.140130E+01   0.112064E+00   0.118403E+01   0.118403E+01
   0.189478E+01   0.122582E+01   0.111805E+00   0.117352E+01   0.117352E+01
   0.189952E+01   0.118959E+01   0.111611E+00   0.116314E+01   0.116314E+01
   0.190426E+01   0.114511E+01   0.111729E+00   0.115288E+01   0.115288E+01
   0.190900E+01   0.111708E+01   0.111277E+00   0.114274E+01   0.114274E+01
   0.191375E+01   0.120249E+01   0.111368E+00   0.113273E+01   0.113273E+01
   0.191849E+01   0.110989E+01   0.111217E+00   0.112284E+01   0.112284E+01
   0.192323E+01   0.103558E+01   0.111326E+00   0.111307E+01   0.111307E+01
   0.192797E+01   0.107312E+01   0.111315E+00   0.110342E+01   0.110342E+01
   0.193272E+01   0.110073E+01   0.110803E+00   0.109389E+01   0.109389E+01
   0.193746E+01   0.122317E+01   0.110305E+00   0.108448E+01   0.108448E+01
   0.194220E+01   0.106960E+01   0.110133E+00   0.107518E+01   0.107518E+01
   0.194695E+01   0.102616E+01   0.109717E+00   0.106600E+01   0.106600E+01
   0.195169E+01   0.109070E+01   0.109616E+00   0.105693E+01   0.105693E+01
   0.195643E+01   0.924228E+00   0.109611E+00   0.104798E+01   0.104798E+01
   0.196117E+01   0.103282E+01   0.109319E+00   0.103913E+01   0.103913E+01
   0.196592E+01   0.108014E+01   0.109425E+00   0.103040E+01   0.103040E+01
   0.197066E+01   0.115631E+01   0.109233E+00   0.102178E+01   0.102178E+01
   0.197540E+01   0.966765E+00   0.109033E+00   0.101327E+01   0.101327E+01
   0.198015E+01   0.863023E+00   0.109113E+00   0.100486E+01   0.100486E+01
   0.198489E+01   0.997365E+00   0.109065E+00   0.996561E+00   0.996561E+00
   0.198963E+01   0.115369E+01   0.109268E+00   0.988367E+00   0.988367E+00
   0.199438E+01   0.105707E+01   0.108866E+00   0.980277E+00   0.980277E+00
   0.199912E+01   0.825429E+00   0.108892E+00   0.972291E+00   0.972291E+00
   0.200386E+01   0.873797E+00   0.108715E+00   0.964406E+00   0.964406E+00
   0.200860E+01   0.106641E+01   0.109003E+00   0.956624E+00   0.956624E+00
   0.201335E+01   0.110866E+01   0.109919E+00   0.948941E+00   0.948941E+00
   0.201809E+01   0.890588E+00   0.112695E+00   0.941356E+00   0.941356E+00
   0.202283E+01   0.905693E+00   0.114763E+00   0.933869E+00   0.933869E+00
   0.202758E+01   0.975470E+00   0.116288E+00   0.926479E+00   0.926479E+00
   0.203232E+01   0.963803E+00   0.117329E+00   0.919184E+00   0.919184E+00
   0.203706E+01   0.832612E+00   0.118258E+00   0.911984E+00   0.911984E+00
   0.204180E+01   0.854534E+00   0.118942E+00   0.904877E+00   0.904877E+00
   0.204655E+01   0.850653E+00   0.119734E+00   0.897866E+00   0.897866E+00
   0.205129E+01   0.100353E+01   0.120131E+00   0.890943E+00   0.890943E+00
   0.205603E+01   0.838207E+00   0.120281E+00   0.884111E+00   0.884111E+00
   0.206078E+01   0.930164E+00   0.120692E+00   0.877368E+00   0.877368E+00
   0.206552E+01   0.101967E+01   0.120983E+00   0.870713E+00   0.870713E+00
   0.207026E+01   0.854478E+00   0.121187E+00   0.864145E+00   0.864145E+00
   0.207500E+01   0.819152E+00   0.121138E+00   0.857664E+00   0.857664E+00
   0.207975E+01   0.790277E+00   0.118770E+00   0.851267E+00   0.851267E+00
   0.208449E+01   0.917266E+00   0.115865E+00   0.844954E+00   0.844954E+00
   0.208923E+01   0.798578E+00   0.114400E+00   0.838723E+00   0.838723E+00
   0.209397E+01   0.750401E+00   0.112893E+00   0.832574E+00   0.832574E+00
   0.209872E+01   0.683294E+00   0.111559E+00   0.826506E+00   0.826506E+00
   0.210346E+01   0.822124E+00   0.111071E+00   0.820517E+00   0.820517E+00
   0.210820E+01   0.817373E+00   0.109884E+00   0.814607E+00   0.814607E+00
   0.211295E+01   0.785176E+00   0.109971E+00   0.808776E+00   0.808776E+00
   0.211769E+01   0.751894E+00   0.109448E+00   0.803020E+00   0.803020E+00
   0.212243E+01   0.700243E+00   0.109110E+00   0.797338E+00   0.797338E+00
   0.212717E+01   0.861431E+00   0.109037E+00   0.791732E+00   0.791732E+00
   0.213192E+01   0.820429E+00   0.108643E+00   0.786198E+00   0.786198E+00
   0.213666E+01   0.683479E+00   0.108414E+00   0.780737E+00   0.780737E+00
   0.214140E+01   0.712785E+00   0.108616E+00   0.775347E+00   0.775347E+00
   0.214615E+01   0.799251E+00   0.107995E+00   0.770028E+00   0.770028E+00
   0.215089E+01   0.710583E+00   0.107974E+00   0.764777E+00   0.764777E+00
   0.215563E+01   0.766916E+00   0.107664E+00   0.759595E+00   0.759595E+00
   0.216038E+01   0.859973E+00   0.107551E+00   0.754480E+00   0.754480E+00
   0.216512E+01   0.746839E+00   0.107363E+00   0.749431E+00   0.749431E+00
   0.216986E+01   0.806661E+00   0.107379E+00   0.744447E+00   0.744447E+00
   0.217460E+01   0.722919E+00   0.106791E+00   0.739527E+00   0.739527E+00
   0.217935E+01   0.735039E+00   0.106718E+00   0.734671E+00   0.734671E+00
   0.218409E+01   0.729226E+00   0.106608E+00   0.729877E+00   0.729877E+00
   0.218883E+01   0.699670E+00   0.106880E+00   0.725145E+00   0.725145E+00
   0.219358E+01   0.591270E+00   0.106574E+00   0.720472E+00   0.720472E+00
   0.219832E+01   0.766181E+00   0.106201E+00   0.715860E+00   0.715860E+00
   0.220306E+01   0.740028E+00   0.106126E+00   0.711306E+00   0.711306E+00
   0.220780E+01   0.684278E+00   0.106253E+00   0.706810E+00   0.706810E+00
   0.221255E+01   0.768168E+00   0.105864E+00   0.702372E+00   0.702372E+00
   0.221729E+01   0.643782E+00   0.105754E+00   0.697988E+00   0.697988E+00
   0.222203E+01   0.772338E+00   0.105604E+00   0.693660E+00   0.693660E+00
   0.222677E+01   0.724626E+00   0.105356E+00   0.689386E+00   0.689386E+00
   0.223152E+01   0.579658E+00   0.105139E+00   0.685166E+00   0.685166E+00
   0.223626E+01   0.655544E+00   0.105133E+00   0.680999E+00   0.680999E+00
   0.224100E+01   0.611469E+00   0.104925E+00   0.676883E+00   0.676883E+00
   0.224575E+01   0.653564E+00   0.104625E+00   0.672819E+00   0.672819E+00
   0.225049E+01   0.627109E+00   0.104607E+00   0.668806E+00   0.668806E+00
   0.225523E+01   0.652604E+00   0.104460E+00   0.664842E+00   0.664842E+00
   0.225997E+01   0.644410E+00   0.104415E+00   0.660927E+00   0.660927E+00
   0.226472E+01   0.556312E+00   0.104253E+00   0.657060E+00   0.657060E+00
   0.226946E+01   0.665610E+00   0.104367E+00   0.653243E+00   0.653243E+00
   0.227420E+01   0.585246E+00   0.104262E+00   0.649469E+00   0.649469E+00
   0.227895E+01   0.741019E+00   0.104194E+00   0.645744E+00   0.645744E+00
   0.228369E+01   0.768994E+00   0.104083E+00   0.642063E+00   0.642063E+00
   0.228843E+01   0.746420E+00   0.104037E+00   0.638429E+00   0.638429E+00
   0.229318E+01   0.748936E+00   0.103578E+00   0.634838E+00   0.634838E+00
   0.229792E+01   0.600154E+00   0.103338E+00   0.631292E+00   0.631292E+00
   0.230266E+01   0.525127E+00   0.103391E+00   0.627788E+00   0.627788E+00
   0.230740E+01   0.723127E+00   0.103155E+00   0.624328E+00   0.624328E+00
   0.231215E+01   0.669967E+00   0.102975E+00   0.620909E+00   0.620909E+00
   0.231689E+01   0.514438E+00   0.102918E+00   0.617533E+00   0.617533E+00
   0.232163E+01   0.650489E+00   0.102656E+00   0.614198E+00   0.614198E+00
   0.232638E+01   0.610421E+00   0.102606E+00   0.610903E+00   0.610903E+00
   0.233112E+01   0.646659E+00   0.102565E+00   0.607650E+00   0.607650E+00
   0.233586E+01   0.477944E+00   0.102576E+00   0.604436E+00   0.604436E+00
   0.234060E+01   0.537311E+00   0.102261E+00   0.601261E+00   0.601261E+00
   0.234535E+01   0.621341E+00   0.102094E+00   0.598126E+00   0.598126E+00
   0.235009E+01   0.619571E+00   0.101986E+00   0.595029E+00   0.595029E+00
   0.235483E+01   0.607421E+00   0.101903E+00   0.591971E+00   0.591971E+00
   0.235957E+01   0.510453E+00   0.102122E+00   0.588951E+00   0.588951E+00
   0.236432E+01   0.625669E+00   0.101776E+00   0.585969E+00   0.585969E+00
   0.236906E+01   0.611025E+00   0.102107E+00   0.583024E+00   0.583024E+00
   0.237380E+01   0.606643E+00   0.101541E+00   0.580116E+00   0.580116E+00
   0.237855E+01   0.605092E+00   0.101720E+00   0.577244E+00   0.577244E+00
   0.238329E+01   0.524861E+00   0.101147E+00   0.574414E+00   0.574414E+00
   0.238803E+01   0.516522E+00   0.101273E+00   0.571613E+00   0.571613E+00
   0.239277E+01   0.746193E+00   0.101243E+00   0.568851E+00   0.568851E+00
   0.239752E+01   0.488098E+00   0.100905E+00   0.566125E+00   0.566125E+00
   0.240226E+01   0.594276E+00   0.101121E+00   0.563434E+00   0.563434E+00
   0.240700E+01   0.605467E+00   0.100695E+00   0.560779E+00   0.560779E+00
   0.241175E+01   0.624452E+00   0.100931E+00   0.558159E+00   0.558159E+00
   0.241649E+01   0.441716E+00   0.100576E+00   0.555574E+00   0.555574E+00
   0.242123E+01   0.514564E+00   0.100263E+00   0.553025E+00   0.553025E+00
   0.242598E+01   0.554545E+00   0.100296E+00   0.550509E+00   0.550509E+00
   0.243072E+01   0.530406E+00   0.999696E-01   0.548029E+00   0.548029E+00
   0.243546E+01   0.533893E+00   0.100035E+00   0.545583E+00   0.545583E+00
   0.244020E+01   0.521638E+00   0.999471E-01   0.543171E+00   0.543171E+00
   0.244495E+01   0.522108E+00   0.998389E-01   0.540794E+00   0.540794E+00
   0.244969E+01   0.601649E+00   0.997288E-01   0.538450E+00   0.538450E+00
   0.245443E+01   0.617423E+00   0.997185E-01   0.536141E+00   0.536141E+00
   0.245918E+01   0.515857E+00   0.996472E-01   0.533865E+00   0.533865E+00
   0.246392E+01   0.374763E+00   0.994821E-01   0.531624E+00   0.531624E+00
   0.246866E+01   0.451014E+00   0.995717E-01   0.529416E+00   0.529416E+00
   0.247340E+01   0.435831E+00   0.992799E-01   0.527241E+00   0.527241E+00
   0.247815E+01   0.474212E+00   0.991472E-01   0.525100E+00   0.525100E+00
   0.248289E+01   0.545081E+00   0.990383E-01   0.522992E+00   0.522992E+00
   0.248763E+01   0.622509E+00   0.990499E-01   0.520918E+00   0.520918E+00
   0.249238E+01   0.681543E+00   0.991685E-01   0.518875E+00   0.518875E+00
   0.249712E+01   0.439086E+00   0.989122E-01   0.516875E+00   0.516875E+00
   0.250186E+01   0.399548E+00   0.988513E-01   0.514894E+00   0.514894E+00
   0.250660E+01   0.405936E+00   0.986523E-01   0.512953E+00   0.512953E+00
   0.251135E+01   0.459646E+00   0.983619E-01   0.511044E+00   0.511044E+00
   0.251609E+01   0.492076E+00   0.984757E-01   0.509167E+00   0.509167E+00
   0.252083E+01   0.507708E+00   0.988245E-01   0.507324E+00   0.507324E+00
   0.252558E+01   0.557363E+00   0.981424E-01   0.505513E+00   0.505513E+00
   0.253032E+01   0.498956E+00   0.976210E-01   0.503734E+00   0.503734E+00
   0.253506E+01   0.639597E+00   0.978851E-01   0.501989E+00   0.501989E+00
   0.253980E+01   0.695411E+00   0.976754E-01   0.500275E+00   0.500275E+00
   0.254455E+01   0.554874E+00   0.976954E-01   0.498593E+00   0.498593E+00
   0.254929E+01   0.604276E+00   0.973790E-01   0.496944E+00   0.496944E+00
   0.255403E+01   0.512714E+00   0.975826E-01   0.495326E+00   0.495326E+00
   0.255878E+01   0.478944E+00   0.974599E-01   0.493740E+00   0.493740E+00
   0.256352E+01   0.422079E+00   0.970033E-01   0.492185E+00   0.492185E+00
   0.256826E+01   0.415775E+00   0.973173E-01   0.490663E+00   0.490663E+00
   0.257300E+01   0.472934E+00   0.970710E-01   0.489171E+00   0.489171E+00
   0.257775E+01   0.511713E+00   0.971425E-01   0.487710E+00   0.487710E+00
   0.258249E+01   0.469726E+00   0.970571E-01   0.486280E+00   0.486280E+00
   0.258723E+01   0.463911E+00   0.970327E-01   0.484881E+00   0.484881E+00
   0.259198E+01   0.568630E+00   0.969285E-01   0.483512E+00   0.483512E+00
   0.259672E+01   0.484739E+00   0.970041E-01   0.482173E+00   0.482173E+00
   0.260146E+01   0.345413E+00   0.967105E-01   0.480865E+00   0.480865E+00
   0.260620E+01   0.532670E+00   0.965081E-01   0.479587E+00   0.479587E+00
   0.261095E+01   0.481339E+00   0.969549E-01   0.478338E+00   0.478338E+00
   0.261569E+01   0.490721E+00   0.964479E-01   0.477116E+00   0.477116E+00
   0.262043E+01   0.547052E+00   0.964997E-01   0.475924E+00   0.475924E+00
   0.262518E+01   0.405567E+00   0.963861E-01   0.474761E+00   0.474761E+00
   0.262992E+01   0.524974E+00   0.964693E-01   0.473626E+00   0.473626E+00
   0.263466E+01   0.496772E+00   0.961524E-01   0.472520E+00   0.472520E+00
   0.263940E+01   0.500389E+00   0.962456E-01   0.471440E+00   0.471440E+00
   0.264415E+01   0.595782E+00   0.959516E-01   0.470388E+00   0.470388E+00
   0.264889E+01   0.638025E+00   0.958850E-01   0.469363E+00   0.469363E+00
   0.265363E+01   0.425376E+00   0.960748E-01   0.468364E+00   0.468364E+00
   0.265838E+01   0.386880E+00   0.956539E-01   0.467390E+00   0.467390E+00
   0.266312E+01   0.421321E+00   0.958564E-01   0.466443E+00   0.466443E+00
   0.266786E+01   0.425731E+00   0.954329E-01   0.465520E+00   0.465520E+00
   0.267260E+01   0.401185E+00   0.951542E-01   0.464623E+00   0.464623E+00
   0.267735E+01   0.453297E+00   0.953486E-01   0.463749E+00   0.463749E+00
   0.268209E+01   0.422944E+00   0.954844E-01   0.462899E+00   0.462899E+00
   0.268683E+01   0.454634E+00   0.950992E-01   0.462073E+00   0.462073E+00
   0.269158E+01   0.522722E+00   0.951894E-01   0.461269E+00   0.461269E+00
   0.269632E+01   0.399218E+00   0.952857E-01   0.460487E+00   0.460487E+00
   0.270106E+01   0.352542E+00   0.948463E-01   0.459727E+00   0.459727E+00
   0.270580E+01   0.443030E+00   0.947347E-01   0.458987E+00   0.458987E+00
   0.271055E+01   0.478049E+00   0.946557E-01   0.458269E+00   0.458269E+00
   0.271529E+01   0.489580E+00   0.951564E-01   0.457570E+00   0.457570E+00
   0.272003E+01   0.422403E+00   0.946013E-01   0.456896E+00   0.456896E+00
   0.272478E+01   0.406010E+00   0.944594E-01   0.456229E+00   0.456229E+00
   0.272952E+01   0.370219E+00   0.945612E-01   0.455588E+00   0.455588E+00
   0.273426E+01   0.415810E+00   0.942048E-01   0.454963E+00   0.454963E+00
   0.273901E+01   0.427454E+00   0.940808E-01   0.454356E+00   0.454356E+00
   0.274375E+01   0.364945E+00   0.942874E-01   0.453764E+00   0.453764E+00
   0.274849E+01   0.451240E+00   0.940703E-01   0.453188E+00   0.453188E+00
   0.275323E+01   0.561603E+00   0.942920E-01   0.452627E+00   0.452627E+00
   0.275798E+01   0.451009E+00   0.939638E-01   0.452080E+00   0.452080E+00
   0.276272E+01   0.516928E+00   0.937993E-01   0.451547E+00   0.451547E+00
   0.276746E+01   0.458573E+00   0.936325E-01   0.451026E+00   0.451026E+00
   0.277221E+01   0.490504E+00   0.934828E-01   0.450518E+00   0.450518E+00
   0.277695E+01   0.407636E+00   0.936811E-01   0.450021E+00   0.450021E+00
   0.278169E+01   0.461222E+00   0.937150E-01   0.449536E+00   0.449536E+00
   0.278643E+01   0.342276E+00   0.934298E-01   0.449060E+00   0.449060E+00
   0.279118E+01   0.257950E+00   0.931041E-01   0.448594E+00   0.448594E+00
   0.279592E+01   0.440258E+00   0.931283E-01   0.448137E+00   0.448137E+00
   0.280066E+01   0.527899E+00   0.932679E-01   0.447687E+00   0.447687E+00
   0.280540E+01   0.456808E+00   0.932271E-01   0.447245E+00   0.447245E+00
   0.281015E+01   0.477812E+00   0.932919E-01   0.446809E+00   0.446809E+00
   0.281489E+01   0.465524E+00   0.932972E-01   0.446380E+00   0.446380E+00
   0.281963E+01   0.487102E+00   0.954372E-01   0.445955E+00   0.445955E+00
   0.282438E+01   0.389983E+00   0.968622E-01   0.445535E+00   0.445535E+00
   0.282912E+01   0.378310E+00   0.981029E-01   0.445118E+00   0.445118E+00
   0.283386E+01   0.482474E+00   0.992155E-01   0.444705E+00   0.444705E+00
   0.283860E+01   0.432546E+00   0.997899E-01   0.444291E+00   0.444291E+00
   0.284335E+01   0.547111E+00   0.100142E+00   0.443883E+00   0.443883E+00
   0.284809E+01   0.444415E+00   0.100650E+00   0.443474E+00   0.443474E+00
   0.285283E+01   0.506622E+00   0.100946E+00   0.443066E+00   0.443066E+00
   0.285758E+01   0.402556E+00   0.100900E+00   0.442657E+00   0.442657E+00
   0.286232E+01   0.532161E+00   0.101458E+00   0.442246E+00   0.442246E+00
   0.286706E+01   0.433007E+00   0.101655E+00   0.441834E+00   0.441834E+00
   0.287181E+01   0.409936E+00   0.101856E+00   0.441419E+00   0.441419E+00
   0.287655E+01   0.523059E+00   0.102102E+00   0.441001E+00   0.441001E+00
   0.288129E+01   0.365875E+00   0.101615E+00   0.440580E+00   0.440580E+00
   0.288603E+01   0.397664E+00   0.990379E-01   0.440153E+00   0.440153E+00
   0.289078E+01   0.474122E+00   0.977004E-01   0.439722E+00   0.439722E+00
   0.289552E+01   0.427398E+00   0.965237E-01   0.439285E+00   0.439285E+00
   0.290026E+01   0.482946E+00   0.958112E-01   0.438842E+00   0.438842E+00
   0.290501E+01   0.528349E+00   0.950065E-01   0.438392E+00   0.438392E+00
   0.290975E+01   0.464415E+00   0.948533E-01   0.437934E+00   0.437934E+00
   0.291449E+01   0.477315E+00   0.945780E-01   0.437468E+00   0.437468E+00
   0.291923E+01   0.512817E+00   0.943880E-01   0.436994E+00   0.436994E+00
   0.292398E+01   0.371697E+00   0.939689E-01   0.436511E+00   0.436511E+00
   0.292872E+01   0.446160E+00   0.938341E-01   0.436018E+00   0.436018E+00
   0.293346E+01   0.408720E+00   0.937577E-01   0.435515E+00   0.435515E+00
   0.293820E+01   0.445993E+00   0.936160E-01   0.435002E+00   0.435002E+00
   0.294295E+01   0.436747E+00   0.934376E-01   0.434478E+00   0.434478E+00
   0.294769E+01   0.392561E+00   0.935543E-01   0.433942E+00   0.433942E+00
   0.295243E+01   0.393267E+00   0.930918E-01   0.433393E+00   0.433393E+00
   0.295718E+01   0.490420E+00   0.931798E-01   0.432835E+00   0.432835E+00
   0.296192E+01   0.422389E+00   0.933011E-01   0.432262E+00   0.432262E+00
   0.296666E+01   0.332069E+00   0.926275E-01   0.431677E+00   0.431677E+00
   0.297140E+01   0.537137E+00   0.925746E-01   0.431078E+00   0.431078E+00
   0.297615E+01   0.480770E+00   0.926869E-01   0.430465E+00   0.430465E+00
   0.298089E+01   0.366648E+00   0.925679E-01   0.429839E+00   0.429839E+00
   0.298563E+01   0.396276E+00   0.924807E-01   0.429198E+00   0.429198E+00
   0.299038E+01   0.502138E+00   0.922390E-01   0.428543E+00   0.428543E+00
   0.299512E+01   0.424759E+00   0.921466E-01   0.427873E+00   0.427873E+00
   0.299986E+01   0.445555E+00   0.920724E-01   0.427189E+00   0.427189E+00

           ####      Real Space Data                               ####

           Distance distribution  function of particle  


      R          P(R)      ERROR

  0.0000E+00  0.0000E+00  0.0000E+00
  0.4937E-01  0.1576E-01  0.8670E-03
  0.9873E-01  0.3241E-01  0.1562E-02
  0.1481E+00  0.4995E-01  0.2090E-02
  0.1975E+00  0.6836E-01  0.2456E-02
  0.2468E+00  0.8764E-01  0.2669E-02
  0.2962E+00  0.1078E+00  0.2741E-02
  0.3456E+00  0.1287E+00  0.2684E-02
  0.3949E+00  0.1505E+00  0.2514E-02
  0.4443E+00  0.1731E+00  0.2250E-02
  0.4937E+00  0.1964E+00  0.1913E-02
  0.5430E+00  0.2204E+00  0.1533E-02
  0.5924E+00  0.2451E+00  0.1160E-02
  0.6417E+00  0.2704E+00  0.9011E-03
  0.6911E+00  0.2963E+00  0.9178E-03
  0.7405E+00  0.3227E+00  0.1210E-02
  0.7898E+00  0.3496E+00  0.1621E-02
  0.8392E+00  0.3769E+00  0.2056E-02
  0.8886E+00  0.4045E+00  0.2472E-02
  0.9379E+00  0.4324E+00  0.2844E-02
  0.9873E+00  0.4604E+00  0.3157E-02
  0.1037E+01  0.4885E+00  0.3401E-02
  0.1086E+01  0.5166E+00  0.3569E-02
  0.1135E+01  0.5446E+00  0.3657E-02
  0.1185E+01  0.5725E+00  0.3664E-02
  0.1234E+01  0.6000E+00  0.3592E-02
  0.1283E+01  0.6272E+00  0.3445E-02
  0.1333E+01  0.6539E+00  0.3233E-02
  0.1382E+01  0.6800E+00  0.2966E-02
  0.1432E+01  0.7054E+00  0.2663E-02
  0.1481E+01  0.7300E+00  0.2350E-02
  0.1530E+01  0.7537E+00  0.2063E-02
  0.1580E+01  0.7765E+00  0.1854E-02
  0.1629E+01  0.7982E+00  0.1780E-02
  0.1678E+01  0.8187E+00  0.1868E-02
  0.1728E+01  0.8380E+00  0.2098E-02
  0.1777E+01  0.8560E+00  0.2415E-02
  0.1827E+01  0.8727E+00  0.2770E-02
  0.1876E+01  0.8879E+00  0.3126E-02
  0.1925E+01  0.9016E+00  0.3458E-02
  0.1975E+01  0.9138E+00  0.3746E-02
  0.2024E+01  0.9244E+00  0.3980E-02
  0.2073E+01  0.9335E+00  0.4149E-02
  0.2123E+01  0.9410E+00  0.4250E-02
  0.2172E+01  0.9469E+00  0.4279E-02
  0.2221E+01  0.9512E+00  0.4239E-02
  0.2271E+01  0.9540E+00  0.4132E-02
  0.2320E+01  0.9552E+00  0.3967E-02
  0.2370E+01  0.9549E+00  0.3756E-02
  0.2419E+01  0.9532E+00  0.3515E-02
  0.2468E+01  0.9502E+00  0.3267E-02
  0.2518E+01  0.9458E+00  0.3039E-02
  0.2567E+01  0.9401E+00  0.2865E-02
  0.2616E+01  0.9333E+00  0.2781E-02
  0.2666E+01  0.9254E+00  0.2807E-02
  0.2715E+01  0.9165E+00  0.2945E-02
  0.2764E+01  0.9066E+00  0.3177E-02
  0.2814E+01  0.8960E+00  0.3471E-02
  0.2863E+01  0.8846E+00  0.3796E-02
  0.2913E+01  0.8726E+00  0.4123E-02
  0.2962E+01  0.8600E+00  0.4432E-02
  0.3011E+01  0.8470E+00  0.4703E-02
  0.3061E+01  0.8335E+00  0.4925E-02
  0.3110E+01  0.8198E+00  0.5090E-02
  0.3159E+01  0.8059E+00  0.5190E-02
  0.3209E+01  0.7919E+00  0.5225E-02
  0.3258E+01  0.7778E+00  0.5195E-02
  0.3307E+01  0.7636E+00  0.5103E-02
  0.3357E+01  0.7495E+00  0.4959E-02
  0.3406E+01  0.7355E+00  0.4771E-02
  0.3456E+01  0.7216E+00  0.4555E-02
  0.3505E+01  0.7079E+00  0.4330E-02
  0.3554E+01  0.6943E+00  0.4119E-02
  0.3604E+01  0.6810E+00  0.3945E-02
  0.3653E+01  0.6678E+00  0.3833E-02
  0.3702E+01  0.6549E+00  0.3801E-02
  0.3752E+01  0.6421E+00  0.3857E-02
  0.3801E+01  0.6296E+00  0.3996E-02
  0.3850E+01  0.6173E+00  0.4202E-02
  0.3900E+01  0.6051E+00  0.4452E-02
  0.3949E+01  0.5931E+00  0.4722E-02
  0.3999E+01  0.5812E+00  0.4992E-02
  0.4048E+01  0.5695E+00  0.5243E-02
  0.4097E+01  0.5578E+00  0.5461E-02
  0.4147E+01  0.5462E+00  0.5637E-02
  0.4196E+01  0.5347E+00  0.5765E-02
  0.4245E+01  0.5231E+00  0.5841E-02
  0.4295E+01  0.5116E+00  0.5866E-02
  0.4344E+01  0.5001E+00  0.5845E-02
  0.4393E+01  0.4885E+00  0.5785E-02
  0.4443E+01  0.4769E+00  0.5696E-02
  0.4492E+01  0.4652E+00  0.5592E-02
  0.4542E+01  0.4535E+00  0.5487E-02
  0.4591E+01  0.4418E+00  0.5399E-02
  0.4640E+01  0.4300E+00  0.5343E-02
  0.4690E+01  0.4182E+00  0.5331E-02
  0.4739E+01  0.4063E+00  0.5370E-02
  0.4788E+01  0.3945E+00  0.5463E-02
  0.4838E+01  0.3826E+00  0.5604E-02
  0.4887E+01  0.3708E+00  0.5781E-02
  0.4937E+01  0.3591E+00  0.5982E-02
  0.4986E+01  0.3475E+00  0.6190E-02
  0.5035E+01  0.3360E+00  0.6390E-02
  0.5085E+01  0.3247E+00  0.6569E-02
  0.5134E+01  0.3135E+00  0.6714E-02
  0.5183E+01  0.3025E+00  0.6818E-02
  0.5233E+01  0.2918E+00  0.6875E-02
  0.5282E+01  0.2814E+00  0.6881E-02
  0.5331E+01  0.2713E+00  0.6838E-02
  0.5381E+01  0.2615E+00  0.6750E-02
  0.5430E+01  0.2521E+00  0.6624E-02
  0.5480E+01  0.2430E+00  0.6471E-02
  0.5529E+01  0.2343E+00  0.6304E-02
  0.5578E+01  0.2259E+00  0.6141E-02
  0.5628E+01  0.2180E+00  0.5998E-02
  0.5677E+01  0.2105E+00  0.5893E-02
  0.5726E+01  0.2033E+00  0.5840E-02
  0.5776E+01  0.1966E+00  0.5851E-02
  0.5825E+01  0.1902E+00  0.5927E-02
  0.5874E+01  0.1842E+00  0.6064E-02
  0.5924E+01  0.1786E+00  0.6252E-02
  0.5973E+01  0.1733E+00  0.6474E-02
  0.6023E+01  0.1682E+00  0.6714E-02
  0.6072E+01  0.1635E+00  0.6955E-02
  0.6121E+01  0.1590E+00  0.7180E-02
  0.6171E+01  0.1547E+00  0.7378E-02
  0.6220E+01  0.1506E+00  0.7537E-02
  0.6269E+01  0.1467E+00  0.7651E-02
  0.6319E+01  0.1430E+00  0.7715E-02
  0.6368E+01  0.1393E+00  0.7729E-02
  0.6417E+01  0.1357E+00  0.7696E-02
  0.6467E+01  0.1321E+00  0.7621E-02
  0.6516E+01  0.1286E+00  0.7512E-02
  0.6566E+01  0.1251E+00  0.7381E-02
  0.6615E+01  0.1216E+00  0.7241E-02
  0.6664E+01  0.1181E+00  0.7106E-02
  0.6714E+01  0.1145E+00  0.6993E-02
  0.6763E+01  0.1109E+00  0.6914E-02
  0.6812E+01  0.1073E+00  0.6880E-02
  0.6862E+01  0.1036E+00  0.6899E-02
  0.6911E+01  0.9982E-01  0.6972E-02
  0.6960E+01  0.9603E-01  0.7094E-02
  0.7010E+01  0.9222E-01  0.7259E-02
  0.7059E+01  0.8838E-01  0.7455E-02
  0.7109E+01  0.8454E-01  0.7669E-02
  0.7158E+01  0.8072E-01  0.7890E-02
  0.7207E+01  0.7692E-01  0.8107E-02
  0.7257E+01  0.7317E-01  0.8310E-02
  0.7306E+01  0.6948E-01  0.8494E-02
  0.7355E+01  0.6589E-01  0.8654E-02
  0.7405E+01  0.6239E-01  0.8788E-02
  0.7454E+01  0.5903E-01  0.8897E-02
  0.7503E+01  0.5581E-01  0.8982E-02
  0.7553E+01  0.5275E-01  0.9047E-02
  0.7602E+01  0.4987E-01  0.9095E-02
  0.7652E+01  0.4718E-01  0.9129E-02
  0.7701E+01  0.4469E-01  0.9153E-02
  0.7750E+01  0.4240E-01  0.9168E-02
  0.7800E+01  0.4033E-01  0.9175E-02
  0.7849E+01  0.3848E-01  0.9173E-02
  0.7898E+01  0.3683E-01  0.9161E-02
  0.7948E+01  0.3541E-01  0.9136E-02
  0.7997E+01  0.3418E-01  0.9097E-02
  0.8047E+01  0.3315E-01  0.9041E-02
  0.8096E+01  0.3230E-01  0.8970E-02
  0.8145E+01  0.3162E-01  0.8887E-02
  0.8195E+01  0.3109E-01  0.8799E-02
  0.8244E+01  0.3068E-01  0.8719E-02
  0.8293E+01  0.3039E-01  0.8661E-02
  0.8343E+01  0.3017E-01  0.8644E-02
  0.8392E+01  0.3002E-01  0.8690E-02
  0.8441E+01  0.2989E-01  0.8815E-02
  0.8491E+01  0.2977E-01  0.9033E-02
  0.8540E+01  0.2963E-01  0.9346E-02
  0.8590E+01  0.2943E-01  0.9745E-02
  0.8639E+01  0.2915E-01  0.1021E-01
  0.8688E+01  0.2876E-01  0.1072E-01
  0.8738E+01  0.2822E-01  0.1122E-01
  0.8787E+01  0.2752E-01  0.1169E-01
  0.8836E+01  0.2662E-01  0.1207E-01
  0.8886E+01  0.2548E-01  0.1231E-01
  0.8935E+01  0.2409E-01  0.1236E-01
  0.8984E+01  0.2241E-01  0.1219E-01
  0.9034E+01  0.2041E-01  0.1172E-01
  0.9083E+01  0.1806E-01  0.1091E-01
  0.9133E+01  0.1533E-01  0.9715E-02
  0.9182E+01  0.1220E-01  0.8076E-02
  0.9231E+01  0.8617E-02  0.5943E-02
  0.9281E+01  0.4563E-02  0.3267E-02
  0.9330E+01  0.0000E+00  0.0000E+00
