
           ####      G N O M             Version 5.0 (r13469)      ####
                                               Wed Dec 15 15:09:19 2021

           ####      Configuration                                 ####

    System Type:                   arbitrary monodisperse (job = 0)
    Minimum characteristic size:         0.0000
    Maximum characteristic size:         6.1300
    rad56:                               0.0000
    Force 0.0 at r = rmin:                  yes
    Force 0.0 at r = rmax:                  yes
    Initial alpha:                       0.0000
    Initial random seed:    1430979450241034762
    Points in real space:                   190

    Input  1:                      temp-inp.dat
    First data point used:                    1
    Last data point used:                   570
    Scaling coefficient:             0.1000E+01
    Experimental setup:            point collimation



           ####      Results                                       ####

    Parameter    DISCRP  OSCILL  STABIL  SYSDEV  POSITV  VALCEN  SMOOTH
    Weight        1.000   3.000   3.000   3.000   1.000   1.000   1.000
    Sigma         0.300   0.600   0.120   0.120   0.120   0.120   0.600
    Ideal         0.700   1.100   0.000   1.000   1.000   0.950   0.000
    Current       0.717   1.165   0.014   0.654   1.000   0.889   3.407
               --------------------------------------------------------
    Estimate      0.997   0.988   0.987   0.000   1.000   0.773   0.000

    Angular range:                       0.3012 to       2.9999
    Reciprocal space Rg:             0.2130E+01
    Reciprocal space I(0):           0.3514E+02

    Real space range:                    0.0000 to       6.1300
    Real space Rg:                   0.2136E+01 +-   0.3890E-02
    Real space I(0):                 0.3514E+02 +-   0.6959E-01

    Highest ALPHA (theor):           0.2596E+02
    Current ALPHA:                   0.1163E+02

    Total Estimate:                      0.6689 (a REASONABLE solution)



           ####      Experimental Data and Fit                     ####

      S          J EXP       ERROR       J REG       I REG

   0.000000E+00                                                0.351431E+02
   0.107561E-01                                                0.351369E+02
   0.215123E-01                                                0.351184E+02
   0.322684E-01                                                0.350875E+02
   0.430246E-01                                                0.350443E+02
   0.537807E-01                                                0.349889E+02
   0.645368E-01                                                0.349213E+02
   0.752930E-01                                                0.348416E+02
   0.860491E-01                                                0.347498E+02
   0.968053E-01                                                0.346462E+02
   0.107561E+00                                                0.345307E+02
   0.118318E+00                                                0.344036E+02
   0.129074E+00                                                0.342649E+02
   0.139830E+00                                                0.341149E+02
   0.150586E+00                                                0.339537E+02
   0.161342E+00                                                0.337815E+02
   0.172098E+00                                                0.335985E+02
   0.182854E+00                                                0.334048E+02
   0.193611E+00                                                0.332007E+02
   0.204367E+00                                                0.329865E+02
   0.215123E+00                                                0.327623E+02
   0.225879E+00                                                0.325284E+02
   0.236635E+00                                                0.322851E+02
   0.247391E+00                                                0.320326E+02
   0.258147E+00                                                0.317712E+02
   0.268903E+00                                                0.315011E+02
   0.279660E+00                                                0.312228E+02
   0.290416E+00                                                0.309364E+02
   0.301172E+00   0.311295E+02   0.198251E+00   0.306422E+02   0.306422E+02
   0.305915E+00   0.310980E+02   0.196312E+00   0.305102E+02   0.305102E+02
   0.310658E+00   0.308571E+02   0.194335E+00   0.303767E+02   0.303767E+02
   0.315400E+00   0.304871E+02   0.192153E+00   0.302418E+02   0.302418E+02
   0.320143E+00   0.305190E+02   0.190814E+00   0.301056E+02   0.301056E+02
   0.324886E+00   0.303471E+02   0.188904E+00   0.299680E+02   0.299680E+02
   0.329629E+00   0.297985E+02   0.186850E+00   0.298291E+02   0.298291E+02
   0.334372E+00   0.300220E+02   0.185707E+00   0.296889E+02   0.296889E+02
   0.339115E+00   0.299855E+02   0.186385E+00   0.295475E+02   0.295475E+02
   0.343858E+00   0.297858E+02   0.188584E+00   0.294049E+02   0.294049E+02
   0.348601E+00   0.296670E+02   0.193032E+00   0.292610E+02   0.292610E+02
   0.353343E+00   0.295324E+02   0.196087E+00   0.291160E+02   0.291160E+02
   0.358086E+00   0.292708E+02   0.198083E+00   0.289699E+02   0.289699E+02
   0.362829E+00   0.289518E+02   0.199768E+00   0.288226E+02   0.288226E+02
   0.367572E+00   0.290070E+02   0.201152E+00   0.286743E+02   0.286743E+02
   0.372315E+00   0.286575E+02   0.202576E+00   0.285249E+02   0.285249E+02
   0.377058E+00   0.281416E+02   0.203014E+00   0.283745E+02   0.283745E+02
   0.381801E+00   0.279452E+02   0.203989E+00   0.282231E+02   0.282231E+02
   0.386543E+00   0.281318E+02   0.204978E+00   0.280707E+02   0.280707E+02
   0.391286E+00   0.281956E+02   0.205426E+00   0.279174E+02   0.279174E+02
   0.396029E+00   0.280369E+02   0.206096E+00   0.277632E+02   0.277632E+02
   0.400772E+00   0.275587E+02   0.206681E+00   0.276081E+02   0.276081E+02
   0.405515E+00   0.274126E+02   0.213581E+00   0.274521E+02   0.274521E+02
   0.410258E+00   0.271815E+02   0.218907E+00   0.272953E+02   0.272953E+02
   0.415001E+00   0.274997E+02   0.224089E+00   0.271378E+02   0.271378E+02
   0.419744E+00   0.271402E+02   0.226943E+00   0.269794E+02   0.269794E+02
   0.424486E+00   0.267438E+02   0.230086E+00   0.268204E+02   0.268204E+02
   0.429229E+00   0.267008E+02   0.233579E+00   0.266606E+02   0.266606E+02
   0.433972E+00   0.262560E+02   0.236043E+00   0.265002E+02   0.265002E+02
   0.438715E+00   0.261568E+02   0.239107E+00   0.263391E+02   0.263391E+02
   0.443458E+00   0.263580E+02   0.242896E+00   0.261774E+02   0.261774E+02
   0.448201E+00   0.257140E+02   0.246390E+00   0.260151E+02   0.260151E+02
   0.452944E+00   0.257328E+02   0.250407E+00   0.258522E+02   0.258522E+02
   0.457686E+00   0.256142E+02   0.252628E+00   0.256888E+02   0.256888E+02
   0.462429E+00   0.253105E+02   0.254154E+00   0.255250E+02   0.255250E+02
   0.467172E+00   0.253014E+02   0.253007E+00   0.253606E+02   0.253606E+02
   0.471915E+00   0.253654E+02   0.243542E+00   0.251958E+02   0.251958E+02
   0.476658E+00   0.252371E+02   0.238605E+00   0.250306E+02   0.250306E+02
   0.481401E+00   0.251239E+02   0.235040E+00   0.248650E+02   0.248650E+02
   0.486144E+00   0.249706E+02   0.232450E+00   0.246991E+02   0.246991E+02
   0.490887E+00   0.246803E+02   0.229957E+00   0.245328E+02   0.245328E+02
   0.495629E+00   0.244481E+02   0.228017E+00   0.243662E+02   0.243662E+02
   0.500372E+00   0.242687E+02   0.226499E+00   0.241993E+02   0.241993E+02
   0.505115E+00   0.237254E+02   0.224177E+00   0.240322E+02   0.240322E+02
   0.509858E+00   0.237883E+02   0.222804E+00   0.238649E+02   0.238649E+02
   0.514601E+00   0.236468E+02   0.222123E+00   0.236974E+02   0.236974E+02
   0.519344E+00   0.234616E+02   0.220594E+00   0.235297E+02   0.235297E+02
   0.524087E+00   0.234517E+02   0.219619E+00   0.233619E+02   0.233619E+02
   0.528829E+00   0.231423E+02   0.217979E+00   0.231940E+02   0.231940E+02
   0.533572E+00   0.230350E+02   0.216364E+00   0.230260E+02   0.230260E+02
   0.538315E+00   0.229815E+02   0.214563E+00   0.228579E+02   0.228579E+02
   0.543058E+00   0.225447E+02   0.212506E+00   0.226898E+02   0.226898E+02
   0.547801E+00   0.221517E+02   0.210798E+00   0.225217E+02   0.225217E+02
   0.552544E+00   0.222336E+02   0.209276E+00   0.223537E+02   0.223537E+02
   0.557287E+00   0.219473E+02   0.207356E+00   0.221856E+02   0.221856E+02
   0.562029E+00   0.219878E+02   0.206285E+00   0.220177E+02   0.220177E+02
   0.566772E+00   0.218134E+02   0.204785E+00   0.218498E+02   0.218498E+02
   0.571515E+00   0.217145E+02   0.202991E+00   0.216821E+02   0.216821E+02
   0.576258E+00   0.215395E+02   0.201973E+00   0.215146E+02   0.215146E+02
   0.581001E+00   0.213665E+02   0.200797E+00   0.213472E+02   0.213472E+02
   0.585744E+00   0.209148E+02   0.199268E+00   0.211800E+02   0.211800E+02
   0.590487E+00   0.206371E+02   0.198479E+00   0.210130E+02   0.210130E+02
   0.595230E+00   0.207213E+02   0.197772E+00   0.208463E+02   0.208463E+02
   0.599972E+00   0.205417E+02   0.197322E+00   0.206798E+02   0.206798E+02
   0.604715E+00   0.201602E+02   0.196594E+00   0.205136E+02   0.205136E+02
   0.609458E+00   0.202248E+02   0.195765E+00   0.203478E+02   0.203478E+02
   0.614201E+00   0.198261E+02   0.195006E+00   0.201823E+02   0.201823E+02
   0.618944E+00   0.197716E+02   0.194195E+00   0.200171E+02   0.200171E+02
   0.623687E+00   0.196006E+02   0.193578E+00   0.198524E+02   0.198524E+02
   0.628430E+00   0.194198E+02   0.193173E+00   0.196880E+02   0.196880E+02
   0.633173E+00   0.195360E+02   0.192797E+00   0.195241E+02   0.195241E+02
   0.637915E+00   0.190831E+02   0.191474E+00   0.193606E+02   0.193606E+02
   0.642658E+00   0.188676E+02   0.190818E+00   0.191976E+02   0.191976E+02
   0.647401E+00   0.187158E+02   0.190282E+00   0.190351E+02   0.190351E+02
   0.652144E+00   0.185913E+02   0.189898E+00   0.188730E+02   0.188730E+02
   0.656887E+00   0.183043E+02   0.188866E+00   0.187116E+02   0.187116E+02
   0.661630E+00   0.181780E+02   0.188422E+00   0.185506E+02   0.185506E+02
   0.666373E+00   0.180415E+02   0.187774E+00   0.183902E+02   0.183902E+02
   0.671115E+00   0.179962E+02   0.186926E+00   0.182305E+02   0.182305E+02
   0.675858E+00   0.177321E+02   0.186334E+00   0.180713E+02   0.180713E+02
   0.680601E+00   0.176911E+02   0.186062E+00   0.179127E+02   0.179127E+02
   0.685344E+00   0.174241E+02   0.185250E+00   0.177548E+02   0.177548E+02
   0.690087E+00   0.173969E+02   0.184706E+00   0.175975E+02   0.175975E+02
   0.694830E+00   0.175459E+02   0.184263E+00   0.174410E+02   0.174410E+02
   0.699573E+00   0.169965E+02   0.183443E+00   0.172851E+02   0.172851E+02
   0.704315E+00   0.168077E+02   0.182894E+00   0.171299E+02   0.171299E+02
   0.709058E+00   0.168622E+02   0.182193E+00   0.169754E+02   0.169754E+02
   0.713801E+00   0.167946E+02   0.181950E+00   0.168217E+02   0.168217E+02
   0.718544E+00   0.165976E+02   0.181101E+00   0.166687E+02   0.166687E+02
   0.723287E+00   0.163358E+02   0.180668E+00   0.165165E+02   0.165165E+02
   0.728030E+00   0.163757E+02   0.180079E+00   0.163651E+02   0.163651E+02
   0.732773E+00   0.162411E+02   0.179095E+00   0.162145E+02   0.162145E+02
   0.737515E+00   0.159170E+02   0.178803E+00   0.160647E+02   0.160647E+02
   0.742258E+00   0.158696E+02   0.178349E+00   0.159158E+02   0.159158E+02
   0.747001E+00   0.155191E+02   0.177443E+00   0.157676E+02   0.157676E+02
   0.751744E+00   0.153945E+02   0.177122E+00   0.156203E+02   0.156203E+02
   0.756487E+00   0.154389E+02   0.176575E+00   0.154739E+02   0.154739E+02
   0.761230E+00   0.154098E+02   0.176195E+00   0.153284E+02   0.153284E+02
   0.765973E+00   0.150024E+02   0.175207E+00   0.151837E+02   0.151837E+02
   0.770716E+00   0.150549E+02   0.175060E+00   0.150400E+02   0.150400E+02
   0.775459E+00   0.149786E+02   0.174365E+00   0.148971E+02   0.148971E+02
   0.780201E+00   0.144856E+02   0.173819E+00   0.147552E+02   0.147552E+02
   0.784944E+00   0.143811E+02   0.173313E+00   0.146142E+02   0.146142E+02
   0.789687E+00   0.140905E+02   0.172474E+00   0.144742E+02   0.144742E+02
   0.794430E+00   0.140924E+02   0.171950E+00   0.143351E+02   0.143351E+02
   0.799173E+00   0.142773E+02   0.171666E+00   0.141969E+02   0.141969E+02
   0.803916E+00   0.138286E+02   0.170869E+00   0.140597E+02   0.140597E+02
   0.808658E+00   0.139393E+02   0.170924E+00   0.139235E+02   0.139235E+02
   0.813401E+00   0.137765E+02   0.170206E+00   0.137883E+02   0.137883E+02
   0.818144E+00   0.136522E+02   0.169945E+00   0.136541E+02   0.136541E+02
   0.822887E+00   0.132491E+02   0.169194E+00   0.135209E+02   0.135209E+02
   0.827630E+00   0.134804E+02   0.168896E+00   0.133886E+02   0.133886E+02
   0.832373E+00   0.132480E+02   0.168079E+00   0.132574E+02   0.132574E+02
   0.837116E+00   0.131539E+02   0.167524E+00   0.131272E+02   0.131272E+02
   0.841859E+00   0.128556E+02   0.166935E+00   0.129980E+02   0.129980E+02
   0.846601E+00   0.128608E+02   0.166537E+00   0.128699E+02   0.128699E+02
   0.851344E+00   0.129992E+02   0.166112E+00   0.127428E+02   0.127428E+02
   0.856087E+00   0.126202E+02   0.165582E+00   0.126167E+02   0.126167E+02
   0.860830E+00   0.124357E+02   0.165495E+00   0.124917E+02   0.124917E+02
   0.865573E+00   0.125339E+02   0.164588E+00   0.123677E+02   0.123677E+02
   0.870316E+00   0.121148E+02   0.164010E+00   0.122447E+02   0.122447E+02
   0.875059E+00   0.123452E+02   0.163924E+00   0.121228E+02   0.121228E+02
   0.879802E+00   0.120472E+02   0.163293E+00   0.120020E+02   0.120020E+02
   0.884544E+00   0.118620E+02   0.162743E+00   0.118822E+02   0.118822E+02
   0.889287E+00   0.117372E+02   0.162349E+00   0.117635E+02   0.117635E+02
   0.894030E+00   0.115983E+02   0.161859E+00   0.116459E+02   0.116459E+02
   0.898773E+00   0.114374E+02   0.161227E+00   0.115293E+02   0.115293E+02
   0.903516E+00   0.113097E+02   0.161092E+00   0.114138E+02   0.114138E+02
   0.908259E+00   0.111636E+02   0.160511E+00   0.112993E+02   0.112993E+02
   0.913002E+00   0.111751E+02   0.160182E+00   0.111859E+02   0.111859E+02
   0.917744E+00   0.112041E+02   0.159864E+00   0.110736E+02   0.110736E+02
   0.922487E+00   0.109629E+02   0.159265E+00   0.109623E+02   0.109623E+02
   0.927230E+00   0.105828E+02   0.158759E+00   0.108521E+02   0.108521E+02
   0.931973E+00   0.104560E+02   0.158239E+00   0.107430E+02   0.107430E+02
   0.936716E+00   0.107521E+02   0.157980E+00   0.106350E+02   0.106350E+02
   0.941459E+00   0.105901E+02   0.157606E+00   0.105280E+02   0.105280E+02
   0.946202E+00   0.102991E+02   0.157017E+00   0.104221E+02   0.104221E+02
   0.950944E+00   0.103122E+02   0.156432E+00   0.103172E+02   0.103172E+02
   0.955687E+00   0.104887E+02   0.156236E+00   0.102134E+02   0.102134E+02
   0.960430E+00   0.102981E+02   0.155918E+00   0.101106E+02   0.101106E+02
   0.965173E+00   0.100891E+02   0.155452E+00   0.100089E+02   0.100089E+02
   0.969916E+00   0.993638E+01   0.155017E+00   0.990830E+01   0.990830E+01
   0.974659E+00   0.987102E+01   0.154669E+00   0.980870E+01   0.980870E+01
   0.979402E+00   0.997057E+01   0.154416E+00   0.971015E+01   0.971015E+01
   0.984144E+00   0.981098E+01   0.153989E+00   0.961265E+01   0.961265E+01
   0.988887E+00   0.959708E+01   0.153571E+00   0.951618E+01   0.951618E+01
   0.993630E+00   0.953169E+01   0.153127E+00   0.942075E+01   0.942075E+01
   0.998373E+00   0.942564E+01   0.152815E+00   0.932635E+01   0.932635E+01
   0.100312E+01   0.946632E+01   0.152496E+00   0.923297E+01   0.923297E+01
   0.100786E+01   0.934380E+01   0.152288E+00   0.914061E+01   0.914061E+01
   0.101260E+01   0.920881E+01   0.151796E+00   0.904926E+01   0.904926E+01
   0.101734E+01   0.929794E+01   0.151390E+00   0.895893E+01   0.895893E+01
   0.102209E+01   0.904029E+01   0.150885E+00   0.886962E+01   0.886962E+01
   0.102683E+01   0.916781E+01   0.150693E+00   0.878129E+01   0.878129E+01
   0.103157E+01   0.907994E+01   0.150142E+00   0.869396E+01   0.869396E+01
   0.103632E+01   0.880756E+01   0.149858E+00   0.860761E+01   0.860761E+01
   0.104106E+01   0.876915E+01   0.149612E+00   0.852224E+01   0.852224E+01
   0.104580E+01   0.855224E+01   0.149222E+00   0.843785E+01   0.843785E+01
   0.105055E+01   0.850959E+01   0.148596E+00   0.835443E+01   0.835443E+01
   0.105529E+01   0.842309E+01   0.148479E+00   0.827199E+01   0.827199E+01
   0.106003E+01   0.832410E+01   0.148186E+00   0.819049E+01   0.819049E+01
   0.106477E+01   0.816501E+01   0.147763E+00   0.810994E+01   0.810994E+01
   0.106952E+01   0.814375E+01   0.147226E+00   0.803032E+01   0.803032E+01
   0.107426E+01   0.799380E+01   0.146831E+00   0.795164E+01   0.795164E+01
   0.107900E+01   0.799655E+01   0.146498E+00   0.787389E+01   0.787389E+01
   0.108374E+01   0.802523E+01   0.146522E+00   0.779706E+01   0.779706E+01
   0.108849E+01   0.785604E+01   0.146047E+00   0.772113E+01   0.772113E+01
   0.109323E+01   0.789066E+01   0.145704E+00   0.764613E+01   0.764613E+01
   0.109797E+01   0.769406E+01   0.145422E+00   0.757201E+01   0.757201E+01
   0.110272E+01   0.779743E+01   0.145034E+00   0.749877E+01   0.749877E+01
   0.110746E+01   0.775007E+01   0.144691E+00   0.742641E+01   0.742641E+01
   0.111220E+01   0.744664E+01   0.144410E+00   0.735492E+01   0.735492E+01
   0.111695E+01   0.760767E+01   0.144128E+00   0.728430E+01   0.728430E+01
   0.112169E+01   0.746951E+01   0.144110E+00   0.721453E+01   0.721453E+01
   0.112643E+01   0.736106E+01   0.143518E+00   0.714561E+01   0.714561E+01
   0.113117E+01   0.701442E+01   0.142889E+00   0.707752E+01   0.707752E+01
   0.113592E+01   0.707314E+01   0.142858E+00   0.701026E+01   0.701026E+01
   0.114066E+01   0.709412E+01   0.142222E+00   0.694381E+01   0.694381E+01
   0.114540E+01   0.699960E+01   0.142043E+00   0.687818E+01   0.687818E+01
   0.115014E+01   0.681715E+01   0.141359E+00   0.681334E+01   0.681334E+01
   0.115489E+01   0.681228E+01   0.141529E+00   0.674930E+01   0.674930E+01
   0.115963E+01   0.674228E+01   0.141166E+00   0.668604E+01   0.668604E+01
   0.116437E+01   0.677865E+01   0.141160E+00   0.662356E+01   0.662356E+01
   0.116912E+01   0.672291E+01   0.140535E+00   0.656184E+01   0.656184E+01
   0.117386E+01   0.644502E+01   0.140215E+00   0.650087E+01   0.650087E+01
   0.117860E+01   0.639985E+01   0.139874E+00   0.644065E+01   0.644065E+01
   0.118335E+01   0.664239E+01   0.139851E+00   0.638116E+01   0.638116E+01
   0.118809E+01   0.644901E+01   0.139623E+00   0.632240E+01   0.632240E+01
   0.119283E+01   0.645303E+01   0.139130E+00   0.626435E+01   0.626435E+01
   0.119757E+01   0.633658E+01   0.138681E+00   0.620703E+01   0.620703E+01
   0.120232E+01   0.610411E+01   0.138532E+00   0.615039E+01   0.615039E+01
   0.120706E+01   0.612846E+01   0.139235E+00   0.609444E+01   0.609444E+01
   0.121180E+01   0.623631E+01   0.143538E+00   0.603917E+01   0.603917E+01
   0.121654E+01   0.616687E+01   0.146273E+00   0.598457E+01   0.598457E+01
   0.122129E+01   0.591907E+01   0.148314E+00   0.593063E+01   0.593063E+01
   0.122603E+01   0.593469E+01   0.150057E+00   0.587734E+01   0.587734E+01
   0.123077E+01   0.594182E+01   0.151613E+00   0.582469E+01   0.582469E+01
   0.123552E+01   0.578968E+01   0.152919E+00   0.577269E+01   0.577269E+01
   0.124026E+01   0.585361E+01   0.154350E+00   0.572130E+01   0.572130E+01
   0.124500E+01   0.582816E+01   0.155492E+00   0.567052E+01   0.567052E+01
   0.124975E+01   0.588433E+01   0.157084E+00   0.562034E+01   0.562034E+01
   0.125449E+01   0.565831E+01   0.157841E+00   0.557076E+01   0.557076E+01
   0.125923E+01   0.567577E+01   0.158622E+00   0.552177E+01   0.552177E+01
   0.126397E+01   0.561158E+01   0.158899E+00   0.547335E+01   0.547335E+01
   0.126872E+01   0.552803E+01   0.159135E+00   0.542551E+01   0.542551E+01
   0.127346E+01   0.553439E+01   0.156942E+00   0.537821E+01   0.537821E+01
   0.127820E+01   0.537069E+01   0.151381E+00   0.533147E+01   0.533147E+01
   0.128295E+01   0.533147E+01   0.148129E+00   0.528527E+01   0.528527E+01
   0.128769E+01   0.540032E+01   0.145989E+00   0.523959E+01   0.523959E+01
   0.129243E+01   0.541237E+01   0.144181E+00   0.519444E+01   0.519444E+01
   0.129717E+01   0.520923E+01   0.142695E+00   0.514980E+01   0.514980E+01
   0.130192E+01   0.518548E+01   0.141380E+00   0.510568E+01   0.510568E+01
   0.130666E+01   0.503051E+01   0.140134E+00   0.506204E+01   0.506204E+01
   0.131140E+01   0.505307E+01   0.138963E+00   0.501889E+01   0.501889E+01
   0.131614E+01   0.509034E+01   0.137918E+00   0.497621E+01   0.497621E+01
   0.132089E+01   0.493785E+01   0.137194E+00   0.493401E+01   0.493401E+01
   0.132563E+01   0.501573E+01   0.136661E+00   0.489227E+01   0.489227E+01
   0.133037E+01   0.494731E+01   0.136257E+00   0.485098E+01   0.485098E+01
   0.133512E+01   0.479321E+01   0.135808E+00   0.481014E+01   0.481014E+01
   0.133986E+01   0.490079E+01   0.135667E+00   0.476974E+01   0.476974E+01
   0.134460E+01   0.473470E+01   0.135288E+00   0.472976E+01   0.472976E+01
   0.134935E+01   0.456436E+01   0.134787E+00   0.469021E+01   0.469021E+01
   0.135409E+01   0.464483E+01   0.134638E+00   0.465106E+01   0.465106E+01
   0.135883E+01   0.460433E+01   0.134064E+00   0.461232E+01   0.461232E+01
   0.136357E+01   0.467105E+01   0.133947E+00   0.457398E+01   0.457398E+01
   0.136832E+01   0.451488E+01   0.133454E+00   0.453603E+01   0.453603E+01
   0.137306E+01   0.441033E+01   0.133127E+00   0.449847E+01   0.449847E+01
   0.137780E+01   0.457136E+01   0.132953E+00   0.446128E+01   0.446128E+01
   0.138254E+01   0.435434E+01   0.132869E+00   0.442445E+01   0.442445E+01
   0.138729E+01   0.434331E+01   0.132515E+00   0.438799E+01   0.438799E+01
   0.139203E+01   0.431976E+01   0.132089E+00   0.435188E+01   0.435188E+01
   0.139677E+01   0.422882E+01   0.131749E+00   0.431611E+01   0.431611E+01
   0.140152E+01   0.410145E+01   0.131513E+00   0.428069E+01   0.428069E+01
   0.140626E+01   0.433324E+01   0.131317E+00   0.424560E+01   0.424560E+01
   0.141100E+01   0.433074E+01   0.131017E+00   0.421085E+01   0.421085E+01
   0.141575E+01   0.420020E+01   0.130666E+00   0.417640E+01   0.417640E+01
   0.142049E+01   0.410254E+01   0.130325E+00   0.414227E+01   0.414227E+01
   0.142523E+01   0.409407E+01   0.130133E+00   0.410845E+01   0.410845E+01
   0.142997E+01   0.405531E+01   0.130029E+00   0.407493E+01   0.407493E+01
   0.143472E+01   0.386096E+01   0.129601E+00   0.404171E+01   0.404171E+01
   0.143946E+01   0.396853E+01   0.129180E+00   0.400878E+01   0.400878E+01
   0.144420E+01   0.402160E+01   0.128998E+00   0.397614E+01   0.397614E+01
   0.144894E+01   0.413879E+01   0.128900E+00   0.394377E+01   0.394377E+01
   0.145369E+01   0.394131E+01   0.128692E+00   0.391167E+01   0.391167E+01
   0.145843E+01   0.372148E+01   0.128377E+00   0.387984E+01   0.387984E+01
   0.146317E+01   0.371449E+01   0.128295E+00   0.384827E+01   0.384827E+01
   0.146792E+01   0.380366E+01   0.127842E+00   0.381696E+01   0.381696E+01
   0.147266E+01   0.371712E+01   0.127714E+00   0.378591E+01   0.378591E+01
   0.147740E+01   0.373667E+01   0.127601E+00   0.375510E+01   0.375510E+01
   0.148215E+01   0.361931E+01   0.127249E+00   0.372454E+01   0.372454E+01
   0.148689E+01   0.348176E+01   0.127017E+00   0.369421E+01   0.369421E+01
   0.149163E+01   0.364619E+01   0.126998E+00   0.366411E+01   0.366411E+01
   0.149637E+01   0.360918E+01   0.126757E+00   0.363425E+01   0.363425E+01
   0.150112E+01   0.362765E+01   0.126591E+00   0.360461E+01   0.360461E+01
   0.150586E+01   0.347570E+01   0.129179E+00   0.357519E+01   0.357519E+01
   0.151060E+01   0.352755E+01   0.132496E+00   0.354599E+01   0.354599E+01
   0.151534E+01   0.361109E+01   0.134616E+00   0.351700E+01   0.351700E+01
   0.152009E+01   0.355481E+01   0.136468E+00   0.348822E+01   0.348822E+01
   0.152483E+01   0.325993E+01   0.137645E+00   0.345965E+01   0.345965E+01
   0.152957E+01   0.322770E+01   0.138623E+00   0.343128E+01   0.343128E+01
   0.153432E+01   0.310679E+01   0.135352E+00   0.340310E+01   0.340310E+01
   0.153906E+01   0.334886E+01   0.133267E+00   0.337513E+01   0.337513E+01
   0.154380E+01   0.341576E+01   0.131630E+00   0.334734E+01   0.334734E+01
   0.154855E+01   0.332395E+01   0.129894E+00   0.331975E+01   0.331975E+01
   0.155329E+01   0.330159E+01   0.128649E+00   0.329234E+01   0.329234E+01
   0.155803E+01   0.334915E+01   0.127673E+00   0.326511E+01   0.326511E+01
   0.156277E+01   0.320476E+01   0.126302E+00   0.323806E+01   0.323806E+01
   0.156752E+01   0.307119E+01   0.125006E+00   0.321120E+01   0.321120E+01
   0.157226E+01   0.310018E+01   0.124136E+00   0.318450E+01   0.318450E+01
   0.157700E+01   0.297640E+01   0.123542E+00   0.315798E+01   0.315798E+01
   0.158175E+01   0.319755E+01   0.123304E+00   0.313163E+01   0.313163E+01
   0.158649E+01   0.311008E+01   0.123256E+00   0.310546E+01   0.310546E+01
   0.159123E+01   0.318840E+01   0.123472E+00   0.307944E+01   0.307944E+01
   0.159597E+01   0.300002E+01   0.123746E+00   0.305360E+01   0.305360E+01
   0.160072E+01   0.305810E+01   0.123794E+00   0.302791E+01   0.302791E+01
   0.160546E+01   0.291241E+01   0.123689E+00   0.300238E+01   0.300238E+01
   0.161020E+01   0.287398E+01   0.123377E+00   0.297702E+01   0.297702E+01
   0.161495E+01   0.292876E+01   0.122955E+00   0.295181E+01   0.295181E+01
   0.161969E+01   0.275618E+01   0.122648E+00   0.292676E+01   0.292676E+01
   0.162443E+01   0.271367E+01   0.122468E+00   0.290186E+01   0.290186E+01
   0.162917E+01   0.268382E+01   0.122310E+00   0.287712E+01   0.287712E+01
   0.163392E+01   0.276813E+01   0.122121E+00   0.285252E+01   0.285252E+01
   0.163866E+01   0.276243E+01   0.121960E+00   0.282808E+01   0.282808E+01
   0.164340E+01   0.274089E+01   0.121748E+00   0.280379E+01   0.280379E+01
   0.164815E+01   0.274957E+01   0.121605E+00   0.277965E+01   0.277965E+01
   0.165289E+01   0.281861E+01   0.121455E+00   0.275566E+01   0.275566E+01
   0.165763E+01   0.268601E+01   0.121019E+00   0.273181E+01   0.273181E+01
   0.166237E+01   0.252696E+01   0.120799E+00   0.270811E+01   0.270811E+01
   0.166712E+01   0.257457E+01   0.120664E+00   0.268456E+01   0.268456E+01
   0.167186E+01   0.260234E+01   0.120645E+00   0.266115E+01   0.266115E+01
   0.167660E+01   0.248059E+01   0.120295E+00   0.263789E+01   0.263789E+01
   0.168135E+01   0.257982E+01   0.120265E+00   0.261477E+01   0.261477E+01
   0.168609E+01   0.246876E+01   0.119658E+00   0.259179E+01   0.259179E+01
   0.169083E+01   0.236531E+01   0.119631E+00   0.256897E+01   0.256897E+01
   0.169557E+01   0.244608E+01   0.119378E+00   0.254628E+01   0.254628E+01
   0.170032E+01   0.251731E+01   0.119278E+00   0.252374E+01   0.252374E+01
   0.170506E+01   0.236866E+01   0.119053E+00   0.250134E+01   0.250134E+01
   0.170980E+01   0.234625E+01   0.119005E+00   0.247908E+01   0.247908E+01
   0.171455E+01   0.254432E+01   0.118846E+00   0.245696E+01   0.245696E+01
   0.171929E+01   0.248865E+01   0.118708E+00   0.243499E+01   0.243499E+01
   0.172403E+01   0.226816E+01   0.118216E+00   0.241317E+01   0.241317E+01
   0.172877E+01   0.241199E+01   0.118211E+00   0.239149E+01   0.239149E+01
   0.173352E+01   0.217951E+01   0.117841E+00   0.236995E+01   0.236995E+01
   0.173826E+01   0.220377E+01   0.117753E+00   0.234855E+01   0.234855E+01
   0.174300E+01   0.217152E+01   0.117502E+00   0.232730E+01   0.232730E+01
   0.174775E+01   0.221291E+01   0.117482E+00   0.230619E+01   0.230619E+01
   0.175249E+01   0.211800E+01   0.117389E+00   0.228523E+01   0.228523E+01
   0.175723E+01   0.227513E+01   0.117063E+00   0.226441E+01   0.226441E+01
   0.176197E+01   0.222232E+01   0.116829E+00   0.224374E+01   0.224374E+01
   0.176672E+01   0.207266E+01   0.116731E+00   0.222321E+01   0.222321E+01
   0.177146E+01   0.217221E+01   0.116608E+00   0.220284E+01   0.220284E+01
   0.177620E+01   0.214866E+01   0.116450E+00   0.218260E+01   0.218260E+01
   0.178095E+01   0.214724E+01   0.116146E+00   0.216252E+01   0.216252E+01
   0.178569E+01   0.220460E+01   0.116150E+00   0.214258E+01   0.214258E+01
   0.179043E+01   0.222655E+01   0.115942E+00   0.212280E+01   0.212280E+01
   0.179517E+01   0.192301E+01   0.115681E+00   0.210316E+01   0.210316E+01
   0.179992E+01   0.214662E+01   0.115595E+00   0.208367E+01   0.208367E+01
   0.180466E+01   0.207553E+01   0.115232E+00   0.206434E+01   0.206434E+01
   0.180940E+01   0.204232E+01   0.115153E+00   0.204515E+01   0.204515E+01
   0.181415E+01   0.207245E+01   0.115070E+00   0.202612E+01   0.202612E+01
   0.181889E+01   0.192711E+01   0.114872E+00   0.200724E+01   0.200724E+01
   0.182363E+01   0.191574E+01   0.114840E+00   0.198851E+01   0.198851E+01
   0.182838E+01   0.181701E+01   0.114600E+00   0.196993E+01   0.196993E+01
   0.183312E+01   0.198592E+01   0.114412E+00   0.195152E+01   0.195152E+01
   0.183786E+01   0.177265E+01   0.114194E+00   0.193325E+01   0.193325E+01
   0.184260E+01   0.191600E+01   0.113937E+00   0.191515E+01   0.191515E+01
   0.184735E+01   0.180425E+01   0.113781E+00   0.189719E+01   0.189719E+01
   0.185209E+01   0.182494E+01   0.113648E+00   0.187940E+01   0.187940E+01
   0.185683E+01   0.184131E+01   0.113746E+00   0.186176E+01   0.186176E+01
   0.186157E+01   0.188697E+01   0.113440E+00   0.184429E+01   0.184429E+01
   0.186632E+01   0.183249E+01   0.113363E+00   0.182697E+01   0.182697E+01
   0.187106E+01   0.179564E+01   0.113074E+00   0.180982E+01   0.180982E+01
   0.187580E+01   0.167903E+01   0.112908E+00   0.179282E+01   0.179282E+01
   0.188055E+01   0.171893E+01   0.112885E+00   0.177598E+01   0.177598E+01
   0.188529E+01   0.176764E+01   0.112788E+00   0.175931E+01   0.175931E+01
   0.189003E+01   0.157836E+01   0.112507E+00   0.174280E+01   0.174280E+01
   0.189478E+01   0.185184E+01   0.112413E+00   0.172645E+01   0.172645E+01
   0.189952E+01   0.167573E+01   0.112126E+00   0.171027E+01   0.171027E+01
   0.190426E+01   0.168917E+01   0.111949E+00   0.169425E+01   0.169425E+01
   0.190900E+01   0.168733E+01   0.111896E+00   0.167839E+01   0.167839E+01
   0.191375E+01   0.166587E+01   0.111756E+00   0.166270E+01   0.166270E+01
   0.191849E+01   0.173981E+01   0.111676E+00   0.164718E+01   0.164718E+01
   0.192323E+01   0.154148E+01   0.111421E+00   0.163182E+01   0.163182E+01
   0.192797E+01   0.142518E+01   0.111194E+00   0.161663E+01   0.161663E+01
   0.193272E+01   0.149666E+01   0.110946E+00   0.160161E+01   0.160161E+01
   0.193746E+01   0.150276E+01   0.110795E+00   0.158675E+01   0.158675E+01
   0.194220E+01   0.152441E+01   0.110342E+00   0.157206E+01   0.157206E+01
   0.194695E+01   0.151108E+01   0.110158E+00   0.155754E+01   0.155754E+01
   0.195169E+01   0.149605E+01   0.109966E+00   0.154319E+01   0.154319E+01
   0.195643E+01   0.154242E+01   0.109826E+00   0.152900E+01   0.152900E+01
   0.196117E+01   0.148658E+01   0.109638E+00   0.151499E+01   0.151499E+01
   0.196592E+01   0.152895E+01   0.109420E+00   0.150114E+01   0.150114E+01
   0.197066E+01   0.153001E+01   0.109414E+00   0.148747E+01   0.148747E+01
   0.197540E+01   0.150520E+01   0.109536E+00   0.147396E+01   0.147396E+01
   0.198015E+01   0.144330E+01   0.109431E+00   0.146062E+01   0.146062E+01
   0.198489E+01   0.168204E+01   0.109575E+00   0.144745E+01   0.144745E+01
   0.198963E+01   0.153087E+01   0.109408E+00   0.143445E+01   0.143445E+01
   0.199438E+01   0.144459E+01   0.109474E+00   0.142162E+01   0.142162E+01
   0.199912E+01   0.142873E+01   0.109258E+00   0.140895E+01   0.140895E+01
   0.200386E+01   0.142050E+01   0.109117E+00   0.139646E+01   0.139646E+01
   0.200860E+01   0.133130E+01   0.109142E+00   0.138414E+01   0.138414E+01
   0.201335E+01   0.135867E+01   0.110134E+00   0.137198E+01   0.137198E+01
   0.201809E+01   0.130858E+01   0.113118E+00   0.136000E+01   0.136000E+01
   0.202283E+01   0.142207E+01   0.114847E+00   0.134818E+01   0.134818E+01
   0.202758E+01   0.139964E+01   0.116463E+00   0.133653E+01   0.133653E+01
   0.203232E+01   0.136789E+01   0.117708E+00   0.132504E+01   0.132504E+01
   0.203706E+01   0.141724E+01   0.118737E+00   0.131373E+01   0.131373E+01
   0.204180E+01   0.128441E+01   0.119453E+00   0.130258E+01   0.130258E+01
   0.204655E+01   0.138374E+01   0.120001E+00   0.129160E+01   0.129160E+01
   0.205129E+01   0.149832E+01   0.120384E+00   0.128078E+01   0.128078E+01
   0.205603E+01   0.134466E+01   0.120681E+00   0.127012E+01   0.127012E+01
   0.206078E+01   0.132795E+01   0.120967E+00   0.125964E+01   0.125964E+01
   0.206552E+01   0.134094E+01   0.121406E+00   0.124931E+01   0.124931E+01
   0.207026E+01   0.125927E+01   0.121389E+00   0.123915E+01   0.123915E+01
   0.207500E+01   0.121916E+01   0.121708E+00   0.122915E+01   0.122915E+01
   0.207975E+01   0.127829E+01   0.119226E+00   0.121932E+01   0.121932E+01
   0.208449E+01   0.130798E+01   0.116159E+00   0.120964E+01   0.120964E+01
   0.208923E+01   0.134999E+01   0.114544E+00   0.120012E+01   0.120012E+01
   0.209397E+01   0.113302E+01   0.112940E+00   0.119077E+01   0.119077E+01
   0.209872E+01   0.122846E+01   0.111997E+00   0.118157E+01   0.118157E+01
   0.210346E+01   0.115661E+01   0.111185E+00   0.117253E+01   0.117253E+01
   0.210820E+01   0.121190E+01   0.110376E+00   0.116364E+01   0.116364E+01
   0.211295E+01   0.129980E+01   0.110252E+00   0.115491E+01   0.115491E+01
   0.211769E+01   0.114454E+01   0.109829E+00   0.114633E+01   0.114633E+01
   0.212243E+01   0.120224E+01   0.109559E+00   0.113791E+01   0.113791E+01
   0.212717E+01   0.120749E+01   0.109305E+00   0.112964E+01   0.112964E+01
   0.213192E+01   0.114064E+01   0.108906E+00   0.112152E+01   0.112152E+01
   0.213666E+01   0.114601E+01   0.108742E+00   0.111354E+01   0.111354E+01
   0.214140E+01   0.104896E+01   0.108467E+00   0.110572E+01   0.110572E+01
   0.214615E+01   0.112984E+01   0.108459E+00   0.109804E+01   0.109804E+01
   0.215089E+01   0.109168E+01   0.108178E+00   0.109051E+01   0.109051E+01
   0.215563E+01   0.100796E+01   0.107969E+00   0.108312E+01   0.108312E+01
   0.216038E+01   0.121068E+01   0.107883E+00   0.107588E+01   0.107588E+01
   0.216512E+01   0.115940E+01   0.107563E+00   0.106877E+01   0.106877E+01
   0.216986E+01   0.103179E+01   0.107515E+00   0.106181E+01   0.106181E+01
   0.217460E+01   0.937270E+00   0.107137E+00   0.105498E+01   0.105498E+01
   0.217935E+01   0.118539E+01   0.107182E+00   0.104829E+01   0.104829E+01
   0.218409E+01   0.981586E+00   0.106968E+00   0.104173E+01   0.104173E+01
   0.218883E+01   0.964633E+00   0.106644E+00   0.103531E+01   0.103531E+01
   0.219358E+01   0.990220E+00   0.106452E+00   0.102902E+01   0.102902E+01
   0.219832E+01   0.113652E+01   0.106533E+00   0.102285E+01   0.102285E+01
   0.220306E+01   0.112613E+01   0.106265E+00   0.101682E+01   0.101682E+01
   0.220780E+01   0.109094E+01   0.106176E+00   0.101091E+01   0.101091E+01
   0.221255E+01   0.101866E+01   0.106005E+00   0.100513E+01   0.100513E+01
   0.221729E+01   0.952318E+00   0.105620E+00   0.999474E+00   0.999474E+00
   0.222203E+01   0.968175E+00   0.105746E+00   0.993936E+00   0.993936E+00
   0.222677E+01   0.953061E+00   0.105584E+00   0.988518E+00   0.988518E+00
   0.223152E+01   0.106113E+01   0.105379E+00   0.983217E+00   0.983217E+00
   0.223626E+01   0.101806E+01   0.105186E+00   0.978032E+00   0.978032E+00
   0.224100E+01   0.109455E+01   0.105082E+00   0.972960E+00   0.972960E+00
   0.224575E+01   0.116375E+01   0.104940E+00   0.968000E+00   0.968000E+00
   0.225049E+01   0.112005E+01   0.104874E+00   0.963151E+00   0.963151E+00
   0.225523E+01   0.973419E+00   0.104721E+00   0.958410E+00   0.958410E+00
   0.225997E+01   0.805947E+00   0.104438E+00   0.953775E+00   0.953775E+00
   0.226472E+01   0.845271E+00   0.104313E+00   0.949244E+00   0.949244E+00
   0.226946E+01   0.102354E+01   0.104149E+00   0.944817E+00   0.944817E+00
   0.227420E+01   0.875618E+00   0.104122E+00   0.940486E+00   0.940486E+00
   0.227895E+01   0.961535E+00   0.104013E+00   0.936255E+00   0.936255E+00
   0.228369E+01   0.101057E+01   0.103882E+00   0.932121E+00   0.932121E+00
   0.228843E+01   0.106433E+01   0.103902E+00   0.928082E+00   0.928082E+00
   0.229318E+01   0.975517E+00   0.103610E+00   0.924134E+00   0.924134E+00
   0.229792E+01   0.914086E+00   0.103438E+00   0.920276E+00   0.920276E+00
   0.230266E+01   0.846505E+00   0.103315E+00   0.916506E+00   0.916506E+00
   0.230740E+01   0.740278E+00   0.103206E+00   0.912822E+00   0.912822E+00
   0.231215E+01   0.871953E+00   0.103113E+00   0.909223E+00   0.909223E+00
   0.231689E+01   0.999594E+00   0.102998E+00   0.905705E+00   0.905705E+00
   0.232163E+01   0.877838E+00   0.102830E+00   0.902268E+00   0.902268E+00
   0.232638E+01   0.877810E+00   0.102758E+00   0.898909E+00   0.898909E+00
   0.233112E+01   0.956673E+00   0.102669E+00   0.895625E+00   0.895625E+00
   0.233586E+01   0.913860E+00   0.102638E+00   0.892414E+00   0.892414E+00
   0.234060E+01   0.806399E+00   0.102376E+00   0.889276E+00   0.889276E+00
   0.234535E+01   0.845460E+00   0.102222E+00   0.886207E+00   0.886207E+00
   0.235009E+01   0.845813E+00   0.102117E+00   0.883206E+00   0.883206E+00
   0.235483E+01   0.883975E+00   0.101991E+00   0.880271E+00   0.880271E+00
   0.235957E+01   0.861641E+00   0.101884E+00   0.877400E+00   0.877400E+00
   0.236432E+01   0.812189E+00   0.101786E+00   0.874590E+00   0.874590E+00
   0.236906E+01   0.862805E+00   0.101693E+00   0.871840E+00   0.871840E+00
   0.237380E+01   0.883810E+00   0.101632E+00   0.869147E+00   0.869147E+00
   0.237855E+01   0.928540E+00   0.101465E+00   0.866510E+00   0.866510E+00
   0.238329E+01   0.915286E+00   0.101509E+00   0.863926E+00   0.863926E+00
   0.238803E+01   0.861836E+00   0.101277E+00   0.861394E+00   0.861394E+00
   0.239277E+01   0.875529E+00   0.101258E+00   0.858913E+00   0.858913E+00
   0.239752E+01   0.787002E+00   0.101090E+00   0.856478E+00   0.856478E+00
   0.240226E+01   0.893785E+00   0.100939E+00   0.854090E+00   0.854090E+00
   0.240700E+01   0.925812E+00   0.100855E+00   0.851746E+00   0.851746E+00
   0.241175E+01   0.960656E+00   0.100880E+00   0.849443E+00   0.849443E+00
   0.241649E+01   0.811402E+00   0.100710E+00   0.847181E+00   0.847181E+00
   0.242123E+01   0.809441E+00   0.100670E+00   0.844958E+00   0.844958E+00
   0.242598E+01   0.706617E+00   0.100325E+00   0.842771E+00   0.842771E+00
   0.243072E+01   0.884135E+00   0.100338E+00   0.840619E+00   0.840619E+00
   0.243546E+01   0.848030E+00   0.100309E+00   0.838500E+00   0.838500E+00
   0.244020E+01   0.836514E+00   0.100006E+00   0.836412E+00   0.836412E+00
   0.244495E+01   0.884113E+00   0.998758E-01   0.834353E+00   0.834353E+00
   0.244969E+01   0.742561E+00   0.997888E-01   0.832322E+00   0.832322E+00
   0.245443E+01   0.791364E+00   0.997986E-01   0.830318E+00   0.830318E+00
   0.245918E+01   0.801537E+00   0.997648E-01   0.828337E+00   0.828337E+00
   0.246392E+01   0.847620E+00   0.995825E-01   0.826380E+00   0.826380E+00
   0.246866E+01   0.801851E+00   0.994956E-01   0.824444E+00   0.824444E+00
   0.247340E+01   0.683047E+00   0.993570E-01   0.822527E+00   0.822527E+00
   0.247815E+01   0.778043E+00   0.992856E-01   0.820628E+00   0.820628E+00
   0.248289E+01   0.805986E+00   0.991588E-01   0.818746E+00   0.818746E+00
   0.248763E+01   0.762441E+00   0.989360E-01   0.816878E+00   0.816878E+00
   0.249238E+01   0.790570E+00   0.988610E-01   0.815024E+00   0.815024E+00
   0.249712E+01   0.712131E+00   0.988010E-01   0.813182E+00   0.813182E+00
   0.250186E+01   0.793940E+00   0.986769E-01   0.811351E+00   0.811351E+00
   0.250660E+01   0.794005E+00   0.986979E-01   0.809529E+00   0.809529E+00
   0.251135E+01   0.733141E+00   0.985769E-01   0.807715E+00   0.807715E+00
   0.251609E+01   0.729542E+00   0.982403E-01   0.805907E+00   0.805907E+00
   0.252083E+01   0.857862E+00   0.982458E-01   0.804105E+00   0.804105E+00
   0.252558E+01   0.820380E+00   0.979485E-01   0.802306E+00   0.802306E+00
   0.253032E+01   0.732712E+00   0.978299E-01   0.800510E+00   0.800510E+00
   0.253506E+01   0.738967E+00   0.975803E-01   0.798717E+00   0.798717E+00
   0.253980E+01   0.820190E+00   0.976208E-01   0.796923E+00   0.796923E+00
   0.254455E+01   0.805684E+00   0.975634E-01   0.795128E+00   0.795128E+00
   0.254929E+01   0.751893E+00   0.975238E-01   0.793332E+00   0.793332E+00
   0.255403E+01   0.710038E+00   0.973138E-01   0.791533E+00   0.791533E+00
   0.255878E+01   0.590397E+00   0.971936E-01   0.789730E+00   0.789730E+00
   0.256352E+01   0.823070E+00   0.971567E-01   0.787922E+00   0.787922E+00
   0.256826E+01   0.792902E+00   0.971480E-01   0.786109E+00   0.786109E+00
   0.257300E+01   0.770020E+00   0.970646E-01   0.784288E+00   0.784288E+00
   0.257775E+01   0.763081E+00   0.971043E-01   0.782460E+00   0.782460E+00
   0.258249E+01   0.662104E+00   0.971183E-01   0.780624E+00   0.780624E+00
   0.258723E+01   0.677369E+00   0.970033E-01   0.778778E+00   0.778778E+00
   0.259198E+01   0.662098E+00   0.968856E-01   0.776922E+00   0.776922E+00
   0.259672E+01   0.741329E+00   0.968729E-01   0.775055E+00   0.775055E+00
   0.260146E+01   0.702185E+00   0.967736E-01   0.773176E+00   0.773176E+00
   0.260620E+01   0.827145E+00   0.967006E-01   0.771285E+00   0.771285E+00
   0.261095E+01   0.611633E+00   0.966145E-01   0.769382E+00   0.769382E+00
   0.261569E+01   0.656544E+00   0.965761E-01   0.767465E+00   0.767465E+00
   0.262043E+01   0.651623E+00   0.962596E-01   0.765534E+00   0.765534E+00
   0.262518E+01   0.733418E+00   0.961873E-01   0.763589E+00   0.763589E+00
   0.262992E+01   0.728327E+00   0.963171E-01   0.761628E+00   0.761628E+00
   0.263466E+01   0.859090E+00   0.963107E-01   0.759651E+00   0.759651E+00
   0.263940E+01   0.703259E+00   0.961853E-01   0.757660E+00   0.757660E+00
   0.264415E+01   0.660639E+00   0.959658E-01   0.755651E+00   0.755651E+00
   0.264889E+01   0.597810E+00   0.959651E-01   0.753625E+00   0.753625E+00
   0.265363E+01   0.660808E+00   0.957970E-01   0.751583E+00   0.751583E+00
   0.265838E+01   0.650790E+00   0.958187E-01   0.749523E+00   0.749523E+00
   0.266312E+01   0.569849E+00   0.954829E-01   0.747445E+00   0.747445E+00
   0.266786E+01   0.757763E+00   0.955569E-01   0.745350E+00   0.745350E+00
   0.267260E+01   0.668916E+00   0.954173E-01   0.743236E+00   0.743236E+00
   0.267735E+01   0.577096E+00   0.952084E-01   0.741105E+00   0.741105E+00
   0.268209E+01   0.658388E+00   0.952027E-01   0.738955E+00   0.738955E+00
   0.268683E+01   0.712798E+00   0.952052E-01   0.736786E+00   0.736786E+00
   0.269158E+01   0.738212E+00   0.951225E-01   0.734599E+00   0.734599E+00
   0.269632E+01   0.731862E+00   0.951200E-01   0.732393E+00   0.732393E+00
   0.270106E+01   0.742948E+00   0.949780E-01   0.730168E+00   0.730168E+00
   0.270580E+01   0.718954E+00   0.948112E-01   0.727925E+00   0.727925E+00
   0.271055E+01   0.689737E+00   0.947303E-01   0.725664E+00   0.725664E+00
   0.271529E+01   0.665740E+00   0.946608E-01   0.723384E+00   0.723384E+00
   0.272003E+01   0.645827E+00   0.945126E-01   0.721084E+00   0.721084E+00
   0.272478E+01   0.788665E+00   0.944212E-01   0.718768E+00   0.718768E+00
   0.272952E+01   0.653471E+00   0.944651E-01   0.716433E+00   0.716433E+00
   0.273426E+01   0.651120E+00   0.943776E-01   0.714080E+00   0.714080E+00
   0.273901E+01   0.671864E+00   0.942076E-01   0.711709E+00   0.711709E+00
   0.274375E+01   0.671776E+00   0.942363E-01   0.709321E+00   0.709321E+00
   0.274849E+01   0.733077E+00   0.941136E-01   0.706916E+00   0.706916E+00
   0.275323E+01   0.766027E+00   0.940870E-01   0.704493E+00   0.704493E+00
   0.275798E+01   0.712164E+00   0.939400E-01   0.702054E+00   0.702054E+00
   0.276272E+01   0.647540E+00   0.938513E-01   0.699598E+00   0.699598E+00
   0.276746E+01   0.520595E+00   0.936878E-01   0.697127E+00   0.697127E+00
   0.277221E+01   0.595223E+00   0.935608E-01   0.694640E+00   0.694640E+00
   0.277695E+01   0.630314E+00   0.934464E-01   0.692138E+00   0.692138E+00
   0.278169E+01   0.622450E+00   0.934526E-01   0.689621E+00   0.689621E+00
   0.278643E+01   0.630266E+00   0.933611E-01   0.687090E+00   0.687090E+00
   0.279118E+01   0.723394E+00   0.933985E-01   0.684544E+00   0.684544E+00
   0.279592E+01   0.698258E+00   0.934133E-01   0.681985E+00   0.681985E+00
   0.280066E+01   0.750227E+00   0.932025E-01   0.679413E+00   0.679413E+00
   0.280540E+01   0.708247E+00   0.931314E-01   0.676829E+00   0.676829E+00
   0.281015E+01   0.667755E+00   0.931269E-01   0.674233E+00   0.674233E+00
   0.281489E+01   0.699081E+00   0.932405E-01   0.671626E+00   0.671626E+00
   0.281963E+01   0.690870E+00   0.950452E-01   0.669008E+00   0.669008E+00
   0.282438E+01   0.676327E+00   0.967215E-01   0.666379E+00   0.666379E+00
   0.282912E+01   0.548358E+00   0.979416E-01   0.663741E+00   0.663741E+00
   0.283386E+01   0.737268E+00   0.989421E-01   0.661095E+00   0.661095E+00
   0.283860E+01   0.680501E+00   0.997255E-01   0.658437E+00   0.658437E+00
   0.284335E+01   0.671108E+00   0.100200E+00   0.655774E+00   0.655774E+00
   0.284809E+01   0.685053E+00   0.100549E+00   0.653103E+00   0.653103E+00
   0.285283E+01   0.611675E+00   0.100737E+00   0.650426E+00   0.650426E+00
   0.285758E+01   0.720153E+00   0.101027E+00   0.647742E+00   0.647742E+00
   0.286232E+01   0.580178E+00   0.101231E+00   0.645053E+00   0.645053E+00
   0.286706E+01   0.678175E+00   0.101665E+00   0.642360E+00   0.642360E+00
   0.287181E+01   0.740789E+00   0.101828E+00   0.639662E+00   0.639662E+00
   0.287655E+01   0.728286E+00   0.102048E+00   0.636962E+00   0.636962E+00
   0.288129E+01   0.855485E+00   0.101694E+00   0.634258E+00   0.634258E+00
   0.288603E+01   0.560209E+00   0.989587E-01   0.631554E+00   0.631554E+00
   0.289078E+01   0.681699E+00   0.974336E-01   0.628847E+00   0.628847E+00
   0.289552E+01   0.559977E+00   0.963311E-01   0.626141E+00   0.626141E+00
   0.290026E+01   0.606075E+00   0.956048E-01   0.623434E+00   0.623434E+00
   0.290501E+01   0.667191E+00   0.950535E-01   0.620728E+00   0.620728E+00
   0.290975E+01   0.665901E+00   0.945628E-01   0.618024E+00   0.618024E+00
   0.291449E+01   0.569553E+00   0.943330E-01   0.615322E+00   0.615322E+00
   0.291923E+01   0.635407E+00   0.942459E-01   0.612624E+00   0.612624E+00
   0.292398E+01   0.772222E+00   0.941978E-01   0.609929E+00   0.609929E+00
   0.292872E+01   0.657205E+00   0.939435E-01   0.607238E+00   0.607238E+00
   0.293346E+01   0.672741E+00   0.937549E-01   0.604553E+00   0.604553E+00
   0.293820E+01   0.625916E+00   0.935374E-01   0.601873E+00   0.601873E+00
   0.294295E+01   0.714402E+00   0.934213E-01   0.599200E+00   0.599200E+00
   0.294769E+01   0.601676E+00   0.932944E-01   0.596535E+00   0.596535E+00
   0.295243E+01   0.603047E+00   0.931062E-01   0.593876E+00   0.593876E+00
   0.295718E+01   0.695625E+00   0.930710E-01   0.591228E+00   0.591228E+00
   0.296192E+01   0.617949E+00   0.928960E-01   0.588588E+00   0.588588E+00
   0.296666E+01   0.699770E+00   0.927250E-01   0.585958E+00   0.585958E+00
   0.297140E+01   0.630550E+00   0.925826E-01   0.583338E+00   0.583338E+00
   0.297615E+01   0.641783E+00   0.925224E-01   0.580730E+00   0.580730E+00
   0.298089E+01   0.693145E+00   0.923734E-01   0.578134E+00   0.578134E+00
   0.298563E+01   0.713217E+00   0.923823E-01   0.575550E+00   0.575550E+00
   0.299038E+01   0.672268E+00   0.921647E-01   0.572981E+00   0.572981E+00
   0.299512E+01   0.634451E+00   0.920199E-01   0.570424E+00   0.570424E+00
   0.299986E+01   0.605967E+00   0.919511E-01   0.567882E+00   0.567882E+00

           ####      Real Space Data                               ####

           Distance distribution  function of particle  


      R          P(R)      ERROR

  0.0000E+00  0.0000E+00  0.0000E+00
  0.3243E-01  0.1364E-01  0.2526E-03
  0.6487E-01  0.2756E-01  0.4744E-03
  0.9730E-01  0.4176E-01  0.6657E-03
  0.1297E+00  0.5624E-01  0.8270E-03
  0.1622E+00  0.7100E-01  0.9591E-03
  0.1946E+00  0.8602E-01  0.1063E-02
  0.2270E+00  0.1013E+00  0.1139E-02
  0.2595E+00  0.1168E+00  0.1190E-02
  0.2919E+00  0.1326E+00  0.1216E-02
  0.3243E+00  0.1486E+00  0.1219E-02
  0.3568E+00  0.1649E+00  0.1201E-02
  0.3892E+00  0.1813E+00  0.1165E-02
  0.4216E+00  0.1980E+00  0.1113E-02
  0.4541E+00  0.2148E+00  0.1049E-02
  0.4865E+00  0.2318E+00  0.9750E-03
  0.5189E+00  0.2490E+00  0.8973E-03
  0.5514E+00  0.2663E+00  0.8219E-03
  0.5838E+00  0.2837E+00  0.7567E-03
  0.6162E+00  0.3013E+00  0.7113E-03
  0.6487E+00  0.3189E+00  0.6954E-03
  0.6811E+00  0.3365E+00  0.7145E-03
  0.7135E+00  0.3543E+00  0.7680E-03
  0.7460E+00  0.3720E+00  0.8498E-03
  0.7784E+00  0.3897E+00  0.9517E-03
  0.8108E+00  0.4074E+00  0.1066E-02
  0.8433E+00  0.4251E+00  0.1186E-02
  0.8757E+00  0.4426E+00  0.1308E-02
  0.9081E+00  0.4601E+00  0.1428E-02
  0.9406E+00  0.4775E+00  0.1542E-02
  0.9730E+00  0.4947E+00  0.1649E-02
  0.1005E+01  0.5117E+00  0.1747E-02
  0.1038E+01  0.5286E+00  0.1834E-02
  0.1070E+01  0.5452E+00  0.1910E-02
  0.1103E+01  0.5616E+00  0.1972E-02
  0.1135E+01  0.5777E+00  0.2022E-02
  0.1168E+01  0.5935E+00  0.2057E-02
  0.1200E+01  0.6089E+00  0.2079E-02
  0.1232E+01  0.6241E+00  0.2087E-02
  0.1265E+01  0.6389E+00  0.2081E-02
  0.1297E+01  0.6532E+00  0.2062E-02
  0.1330E+01  0.6672E+00  0.2031E-02
  0.1362E+01  0.6807E+00  0.1989E-02
  0.1395E+01  0.6938E+00  0.1938E-02
  0.1427E+01  0.7064E+00  0.1878E-02
  0.1460E+01  0.7185E+00  0.1812E-02
  0.1492E+01  0.7301E+00  0.1743E-02
  0.1524E+01  0.7411E+00  0.1673E-02
  0.1557E+01  0.7516E+00  0.1606E-02
  0.1589E+01  0.7615E+00  0.1545E-02
  0.1622E+01  0.7709E+00  0.1494E-02
  0.1654E+01  0.7797E+00  0.1457E-02
  0.1687E+01  0.7878E+00  0.1438E-02
  0.1719E+01  0.7954E+00  0.1438E-02
  0.1751E+01  0.8024E+00  0.1458E-02
  0.1784E+01  0.8087E+00  0.1498E-02
  0.1816E+01  0.8144E+00  0.1555E-02
  0.1849E+01  0.8194E+00  0.1628E-02
  0.1881E+01  0.8239E+00  0.1712E-02
  0.1914E+01  0.8277E+00  0.1803E-02
  0.1946E+01  0.8308E+00  0.1899E-02
  0.1978E+01  0.8333E+00  0.1997E-02
  0.2011E+01  0.8352E+00  0.2094E-02
  0.2043E+01  0.8365E+00  0.2186E-02
  0.2076E+01  0.8372E+00  0.2274E-02
  0.2108E+01  0.8373E+00  0.2354E-02
  0.2141E+01  0.8367E+00  0.2427E-02
  0.2173E+01  0.8356E+00  0.2489E-02
  0.2206E+01  0.8339E+00  0.2542E-02
  0.2238E+01  0.8317E+00  0.2583E-02
  0.2270E+01  0.8289E+00  0.2614E-02
  0.2303E+01  0.8256E+00  0.2633E-02
  0.2335E+01  0.8218E+00  0.2641E-02
  0.2368E+01  0.8174E+00  0.2639E-02
  0.2400E+01  0.8127E+00  0.2626E-02
  0.2433E+01  0.8074E+00  0.2604E-02
  0.2465E+01  0.8018E+00  0.2574E-02
  0.2497E+01  0.7957E+00  0.2537E-02
  0.2530E+01  0.7893E+00  0.2494E-02
  0.2562E+01  0.7825E+00  0.2447E-02
  0.2595E+01  0.7753E+00  0.2398E-02
  0.2627E+01  0.7679E+00  0.2350E-02
  0.2660E+01  0.7601E+00  0.2303E-02
  0.2692E+01  0.7521E+00  0.2261E-02
  0.2724E+01  0.7439E+00  0.2225E-02
  0.2757E+01  0.7354E+00  0.2197E-02
  0.2789E+01  0.7267E+00  0.2180E-02
  0.2822E+01  0.7179E+00  0.2173E-02
  0.2854E+01  0.7089E+00  0.2179E-02
  0.2887E+01  0.6998E+00  0.2196E-02
  0.2919E+01  0.6906E+00  0.2225E-02
  0.2951E+01  0.6812E+00  0.2265E-02
  0.2984E+01  0.6719E+00  0.2314E-02
  0.3016E+01  0.6624E+00  0.2370E-02
  0.3049E+01  0.6530E+00  0.2431E-02
  0.3081E+01  0.6435E+00  0.2496E-02
  0.3114E+01  0.6341E+00  0.2562E-02
  0.3146E+01  0.6247E+00  0.2628E-02
  0.3179E+01  0.6153E+00  0.2692E-02
  0.3211E+01  0.6060E+00  0.2753E-02
  0.3243E+01  0.5967E+00  0.2810E-02
  0.3276E+01  0.5875E+00  0.2861E-02
  0.3308E+01  0.5785E+00  0.2906E-02
  0.3341E+01  0.5695E+00  0.2944E-02
  0.3373E+01  0.5606E+00  0.2975E-02
  0.3406E+01  0.5519E+00  0.2999E-02
  0.3438E+01  0.5432E+00  0.3016E-02
  0.3470E+01  0.5347E+00  0.3026E-02
  0.3503E+01  0.5264E+00  0.3030E-02
  0.3535E+01  0.5182E+00  0.3029E-02
  0.3568E+01  0.5101E+00  0.3023E-02
  0.3600E+01  0.5022E+00  0.3013E-02
  0.3633E+01  0.4944E+00  0.3002E-02
  0.3665E+01  0.4867E+00  0.2989E-02
  0.3697E+01  0.4793E+00  0.2976E-02
  0.3730E+01  0.4719E+00  0.2965E-02
  0.3762E+01  0.4648E+00  0.2957E-02
  0.3795E+01  0.4577E+00  0.2952E-02
  0.3827E+01  0.4508E+00  0.2953E-02
  0.3860E+01  0.4441E+00  0.2959E-02
  0.3892E+01  0.4374E+00  0.2972E-02
  0.3924E+01  0.4310E+00  0.2991E-02
  0.3957E+01  0.4246E+00  0.3018E-02
  0.3989E+01  0.4184E+00  0.3050E-02
  0.4022E+01  0.4123E+00  0.3088E-02
  0.4054E+01  0.4063E+00  0.3132E-02
  0.4087E+01  0.4005E+00  0.3179E-02
  0.4119E+01  0.3947E+00  0.3229E-02
  0.4152E+01  0.3891E+00  0.3280E-02
  0.4184E+01  0.3836E+00  0.3332E-02
  0.4216E+01  0.3781E+00  0.3383E-02
  0.4249E+01  0.3728E+00  0.3431E-02
  0.4281E+01  0.3676E+00  0.3476E-02
  0.4314E+01  0.3624E+00  0.3517E-02
  0.4346E+01  0.3573E+00  0.3553E-02
  0.4379E+01  0.3524E+00  0.3583E-02
  0.4411E+01  0.3475E+00  0.3606E-02
  0.4443E+01  0.3426E+00  0.3623E-02
  0.4476E+01  0.3379E+00  0.3632E-02
  0.4508E+01  0.3332E+00  0.3635E-02
  0.4541E+01  0.3286E+00  0.3630E-02
  0.4573E+01  0.3241E+00  0.3619E-02
  0.4606E+01  0.3196E+00  0.3602E-02
  0.4638E+01  0.3152E+00  0.3580E-02
  0.4670E+01  0.3108E+00  0.3554E-02
  0.4703E+01  0.3065E+00  0.3525E-02
  0.4735E+01  0.3022E+00  0.3494E-02
  0.4768E+01  0.2980E+00  0.3463E-02
  0.4800E+01  0.2938E+00  0.3434E-02
  0.4833E+01  0.2897E+00  0.3408E-02
  0.4865E+01  0.2856E+00  0.3387E-02
  0.4898E+01  0.2815E+00  0.3373E-02
  0.4930E+01  0.2774E+00  0.3367E-02
  0.4962E+01  0.2734E+00  0.3370E-02
  0.4995E+01  0.2693E+00  0.3384E-02
  0.5027E+01  0.2652E+00  0.3410E-02
  0.5060E+01  0.2612E+00  0.3446E-02
  0.5092E+01  0.2571E+00  0.3495E-02
  0.5125E+01  0.2529E+00  0.3554E-02
  0.5157E+01  0.2487E+00  0.3622E-02
  0.5189E+01  0.2445E+00  0.3699E-02
  0.5222E+01  0.2401E+00  0.3783E-02
  0.5254E+01  0.2357E+00  0.3871E-02
  0.5287E+01  0.2312E+00  0.3962E-02
  0.5319E+01  0.2265E+00  0.4054E-02
  0.5352E+01  0.2217E+00  0.4144E-02
  0.5384E+01  0.2168E+00  0.4229E-02
  0.5416E+01  0.2116E+00  0.4309E-02
  0.5449E+01  0.2063E+00  0.4380E-02
  0.5481E+01  0.2007E+00  0.4440E-02
  0.5514E+01  0.1949E+00  0.4487E-02
  0.5546E+01  0.1887E+00  0.4518E-02
  0.5579E+01  0.1823E+00  0.4532E-02
  0.5611E+01  0.1756E+00  0.4526E-02
  0.5643E+01  0.1685E+00  0.4499E-02
  0.5676E+01  0.1610E+00  0.4447E-02
  0.5708E+01  0.1531E+00  0.4368E-02
  0.5741E+01  0.1448E+00  0.4261E-02
  0.5773E+01  0.1360E+00  0.4124E-02
  0.5806E+01  0.1267E+00  0.3954E-02
  0.5838E+01  0.1169E+00  0.3749E-02
  0.5871E+01  0.1066E+00  0.3508E-02
  0.5903E+01  0.9560E-01  0.3227E-02
  0.5935E+01  0.8403E-01  0.2906E-02
  0.5968E+01  0.7181E-01  0.2541E-02
  0.6000E+01  0.5891E-01  0.2131E-02
  0.6033E+01  0.4531E-01  0.1674E-02
  0.6065E+01  0.3097E-01  0.1168E-02
  0.6098E+01  0.1588E-01  0.6103E-03
  0.6130E+01  0.0000E+00  0.0000E+00
