
           ####      G N O M             Version 5.0 (r13469)      ####
                                               Wed Dec 15 15:09:21 2021

           ####      Configuration                                 ####

    System Type:                   arbitrary monodisperse (job = 0)
    Minimum characteristic size:         0.0000
    Maximum characteristic size:         6.2500
    rad56:                               0.0000
    Force 0.0 at r = rmin:                  yes
    Force 0.0 at r = rmax:                  yes
    Initial alpha:                       0.0000
    Initial random seed:    1431081550518692396
    Points in real space:                   190

    Input  1:                      temp-inp.dat
    First data point used:                    1
    Last data point used:                   570
    Scaling coefficient:             0.1000E+01
    Experimental setup:            point collimation



           ####      Results                                       ####

    Parameter    DISCRP  OSCILL  STABIL  SYSDEV  POSITV  VALCEN  SMOOTH
    Weight        1.000   3.000   3.000   3.000   1.000   1.000   1.000
    Sigma         0.300   0.600   0.120   0.120   0.120   0.120   0.600
    Ideal         0.700   1.100   0.000   1.000   1.000   0.950   0.000
    Current       0.726   1.175   0.014   0.640   1.000   0.896   3.139
               --------------------------------------------------------
    Estimate      0.992   0.984   0.987   0.000   1.000   0.818   0.000

    Angular range:                       0.3012 to       2.9999
    Reciprocal space Rg:             0.2170E+01
    Reciprocal space I(0):           0.3293E+02

    Real space range:                    0.0000 to       6.2500
    Real space Rg:                   0.2175E+01 +-   0.3832E-02
    Real space I(0):                 0.3294E+02 +-   0.5900E-01

    Highest ALPHA (theor):           0.2348E+02
    Current ALPHA:                   0.1185E+02

    Total Estimate:                      0.6711 (a REASONABLE solution)



           ####      Experimental Data and Fit                     ####

      S          J EXP       ERROR       J REG       I REG

   0.000000E+00                                                0.329368E+02
   0.107561E-01                                                0.329308E+02
   0.215123E-01                                                0.329128E+02
   0.322684E-01                                                0.328828E+02
   0.430246E-01                                                0.328408E+02
   0.537807E-01                                                0.327869E+02
   0.645368E-01                                                0.327212E+02
   0.752930E-01                                                0.326437E+02
   0.860491E-01                                                0.325545E+02
   0.968053E-01                                                0.324538E+02
   0.107561E+00                                                0.323415E+02
   0.118318E+00                                                0.322180E+02
   0.129074E+00                                                0.320833E+02
   0.139830E+00                                                0.319376E+02
   0.150586E+00                                                0.317810E+02
   0.161342E+00                                                0.316137E+02
   0.172098E+00                                                0.314359E+02
   0.182854E+00                                                0.312478E+02
   0.193611E+00                                                0.310497E+02
   0.204367E+00                                                0.308417E+02
   0.215123E+00                                                0.306242E+02
   0.225879E+00                                                0.303972E+02
   0.236635E+00                                                0.301611E+02
   0.247391E+00                                                0.299162E+02
   0.258147E+00                                                0.296627E+02
   0.268903E+00                                                0.294009E+02
   0.279660E+00                                                0.291311E+02
   0.290416E+00                                                0.288535E+02
   0.301172E+00   0.286418E+02   0.194855E+00   0.285685E+02   0.285685E+02
   0.305915E+00   0.290247E+02   0.193283E+00   0.284406E+02   0.284406E+02
   0.310658E+00   0.286638E+02   0.191166E+00   0.283113E+02   0.283113E+02
   0.315400E+00   0.286557E+02   0.189413E+00   0.281807E+02   0.281807E+02
   0.320143E+00   0.280985E+02   0.187412E+00   0.280488E+02   0.280488E+02
   0.324886E+00   0.282087E+02   0.185720E+00   0.279156E+02   0.279156E+02
   0.329629E+00   0.278946E+02   0.183867E+00   0.277811E+02   0.277811E+02
   0.334372E+00   0.276145E+02   0.182639E+00   0.276454E+02   0.276454E+02
   0.339115E+00   0.277774E+02   0.183151E+00   0.275086E+02   0.275086E+02
   0.343858E+00   0.277294E+02   0.185626E+00   0.273705E+02   0.273705E+02
   0.348601E+00   0.275039E+02   0.189914E+00   0.272313E+02   0.272313E+02
   0.353343E+00   0.275178E+02   0.193051E+00   0.270910E+02   0.270910E+02
   0.358086E+00   0.275575E+02   0.195324E+00   0.269497E+02   0.269497E+02
   0.362829E+00   0.273427E+02   0.196714E+00   0.268072E+02   0.268072E+02
   0.367572E+00   0.272251E+02   0.198112E+00   0.266638E+02   0.266638E+02
   0.372315E+00   0.268702E+02   0.199533E+00   0.265193E+02   0.265193E+02
   0.377058E+00   0.262717E+02   0.199769E+00   0.263739E+02   0.263739E+02
   0.381801E+00   0.259114E+02   0.200758E+00   0.262276E+02   0.262276E+02
   0.386543E+00   0.259717E+02   0.201566E+00   0.260803E+02   0.260803E+02
   0.391286E+00   0.259958E+02   0.201827E+00   0.259321E+02   0.259321E+02
   0.396029E+00   0.258732E+02   0.202852E+00   0.257831E+02   0.257831E+02
   0.400772E+00   0.257958E+02   0.203600E+00   0.256333E+02   0.256333E+02
   0.405515E+00   0.258018E+02   0.210806E+00   0.254826E+02   0.254826E+02
   0.410258E+00   0.256308E+02   0.215865E+00   0.253312E+02   0.253312E+02
   0.415001E+00   0.255105E+02   0.220515E+00   0.251790E+02   0.251790E+02
   0.419744E+00   0.252621E+02   0.223188E+00   0.250262E+02   0.250262E+02
   0.424486E+00   0.251686E+02   0.226550E+00   0.248726E+02   0.248726E+02
   0.429229E+00   0.245488E+02   0.229489E+00   0.247184E+02   0.247184E+02
   0.433972E+00   0.245245E+02   0.232649E+00   0.245636E+02   0.245636E+02
   0.438715E+00   0.247454E+02   0.236594E+00   0.244082E+02   0.244082E+02
   0.443458E+00   0.245324E+02   0.239264E+00   0.242522E+02   0.242522E+02
   0.448201E+00   0.238961E+02   0.242548E+00   0.240957E+02   0.240957E+02
   0.452944E+00   0.234834E+02   0.245824E+00   0.239386E+02   0.239386E+02
   0.457686E+00   0.236495E+02   0.248447E+00   0.237811E+02   0.237811E+02
   0.462429E+00   0.235157E+02   0.250322E+00   0.236231E+02   0.236231E+02
   0.467172E+00   0.234417E+02   0.249233E+00   0.234647E+02   0.234647E+02
   0.471915E+00   0.235176E+02   0.239906E+00   0.233059E+02   0.233059E+02
   0.476658E+00   0.233088E+02   0.234970E+00   0.231467E+02   0.231467E+02
   0.481401E+00   0.232316E+02   0.231817E+00   0.229872E+02   0.229872E+02
   0.486144E+00   0.227767E+02   0.228569E+00   0.228273E+02   0.228273E+02
   0.490887E+00   0.223659E+02   0.225972E+00   0.226672E+02   0.226672E+02
   0.495629E+00   0.223657E+02   0.224016E+00   0.225068E+02   0.225068E+02
   0.500372E+00   0.221447E+02   0.222441E+00   0.223462E+02   0.223462E+02
   0.505115E+00   0.220319E+02   0.220984E+00   0.221854E+02   0.221854E+02
   0.509858E+00   0.219992E+02   0.219437E+00   0.220244E+02   0.220244E+02
   0.514601E+00   0.217509E+02   0.218248E+00   0.218632E+02   0.218632E+02
   0.519344E+00   0.214343E+02   0.216499E+00   0.217019E+02   0.217019E+02
   0.524087E+00   0.211862E+02   0.215550E+00   0.215406E+02   0.215406E+02
   0.528829E+00   0.212818E+02   0.214524E+00   0.213791E+02   0.213791E+02
   0.533572E+00   0.211880E+02   0.212843E+00   0.212176E+02   0.212176E+02
   0.538315E+00   0.209546E+02   0.211081E+00   0.210561E+02   0.210561E+02
   0.543058E+00   0.208428E+02   0.209157E+00   0.208946E+02   0.208946E+02
   0.547801E+00   0.204341E+02   0.207483E+00   0.207331E+02   0.207331E+02
   0.552544E+00   0.202621E+02   0.205850E+00   0.205717E+02   0.205717E+02
   0.557287E+00   0.203129E+02   0.204511E+00   0.204104E+02   0.204104E+02
   0.562029E+00   0.201474E+02   0.203000E+00   0.202491E+02   0.202491E+02
   0.566772E+00   0.199185E+02   0.201407E+00   0.200880E+02   0.200880E+02
   0.571515E+00   0.196265E+02   0.199571E+00   0.199271E+02   0.199271E+02
   0.576258E+00   0.191639E+02   0.198017E+00   0.197663E+02   0.197663E+02
   0.581001E+00   0.192989E+02   0.197134E+00   0.196058E+02   0.196058E+02
   0.585744E+00   0.192858E+02   0.196380E+00   0.194454E+02   0.194454E+02
   0.590487E+00   0.190943E+02   0.195650E+00   0.192853E+02   0.192853E+02
   0.595230E+00   0.188297E+02   0.194959E+00   0.191255E+02   0.191255E+02
   0.599972E+00   0.189223E+02   0.194555E+00   0.189660E+02   0.189660E+02
   0.604715E+00   0.185452E+02   0.193635E+00   0.188068E+02   0.188068E+02
   0.609458E+00   0.184343E+02   0.192800E+00   0.186479E+02   0.186479E+02
   0.614201E+00   0.180566E+02   0.192166E+00   0.184895E+02   0.184895E+02
   0.618944E+00   0.181708E+02   0.191672E+00   0.183313E+02   0.183313E+02
   0.623687E+00   0.180515E+02   0.190726E+00   0.181736E+02   0.181736E+02
   0.628430E+00   0.178078E+02   0.190012E+00   0.180164E+02   0.180164E+02
   0.633173E+00   0.175348E+02   0.189313E+00   0.178595E+02   0.178595E+02
   0.637915E+00   0.175578E+02   0.188870E+00   0.177032E+02   0.177032E+02
   0.642658E+00   0.175458E+02   0.188231E+00   0.175473E+02   0.175473E+02
   0.647401E+00   0.174315E+02   0.187733E+00   0.173919E+02   0.173919E+02
   0.652144E+00   0.172193E+02   0.187307E+00   0.172371E+02   0.172371E+02
   0.656887E+00   0.170047E+02   0.186233E+00   0.170828E+02   0.170828E+02
   0.661630E+00   0.165512E+02   0.185376E+00   0.169290E+02   0.169290E+02
   0.666373E+00   0.163303E+02   0.184841E+00   0.167759E+02   0.167759E+02
   0.671115E+00   0.163813E+02   0.184095E+00   0.166233E+02   0.166233E+02
   0.675858E+00   0.162046E+02   0.183789E+00   0.164714E+02   0.164714E+02
   0.680601E+00   0.163030E+02   0.183463E+00   0.163201E+02   0.163201E+02
   0.685344E+00   0.159760E+02   0.182410E+00   0.161694E+02   0.161694E+02
   0.690087E+00   0.157663E+02   0.181799E+00   0.160194E+02   0.160194E+02
   0.694830E+00   0.155656E+02   0.181209E+00   0.158701E+02   0.158701E+02
   0.699573E+00   0.154382E+02   0.180759E+00   0.157215E+02   0.157215E+02
   0.704315E+00   0.153611E+02   0.180319E+00   0.155736E+02   0.155736E+02
   0.709058E+00   0.152917E+02   0.179783E+00   0.154265E+02   0.154265E+02
   0.713801E+00   0.150820E+02   0.178863E+00   0.152801E+02   0.152801E+02
   0.718544E+00   0.148647E+02   0.178371E+00   0.151344E+02   0.151344E+02
   0.723287E+00   0.150542E+02   0.178123E+00   0.149896E+02   0.149896E+02
   0.728030E+00   0.147557E+02   0.177296E+00   0.148455E+02   0.148455E+02
   0.732773E+00   0.145465E+02   0.176571E+00   0.147022E+02   0.147022E+02
   0.737515E+00   0.144905E+02   0.176194E+00   0.145597E+02   0.145597E+02
   0.742258E+00   0.143647E+02   0.175571E+00   0.144181E+02   0.144181E+02
   0.747001E+00   0.142200E+02   0.175169E+00   0.142773E+02   0.142773E+02
   0.751744E+00   0.140944E+02   0.174681E+00   0.141373E+02   0.141373E+02
   0.756487E+00   0.140616E+02   0.174052E+00   0.139982E+02   0.139982E+02
   0.761230E+00   0.137692E+02   0.173502E+00   0.138600E+02   0.138600E+02
   0.765973E+00   0.135753E+02   0.172750E+00   0.137227E+02   0.137227E+02
   0.770716E+00   0.134177E+02   0.172283E+00   0.135862E+02   0.135862E+02
   0.775459E+00   0.134865E+02   0.171740E+00   0.134507E+02   0.134507E+02
   0.780201E+00   0.134457E+02   0.171858E+00   0.133161E+02   0.133161E+02
   0.784944E+00   0.131532E+02   0.171214E+00   0.131824E+02   0.131824E+02
   0.789687E+00   0.130383E+02   0.170632E+00   0.130496E+02   0.130496E+02
   0.794430E+00   0.126715E+02   0.169420E+00   0.129178E+02   0.129178E+02
   0.799173E+00   0.129152E+02   0.169180E+00   0.127869E+02   0.127869E+02
   0.803916E+00   0.126391E+02   0.168574E+00   0.126570E+02   0.126570E+02
   0.808658E+00   0.121854E+02   0.168052E+00   0.125280E+02   0.125280E+02
   0.813401E+00   0.123015E+02   0.167940E+00   0.124000E+02   0.124000E+02
   0.818144E+00   0.122229E+02   0.167584E+00   0.122730E+02   0.122730E+02
   0.822887E+00   0.120465E+02   0.166594E+00   0.121470E+02   0.121470E+02
   0.827630E+00   0.120507E+02   0.166620E+00   0.120220E+02   0.120220E+02
   0.832373E+00   0.119476E+02   0.166042E+00   0.118980E+02   0.118980E+02
   0.837116E+00   0.118775E+02   0.165391E+00   0.117749E+02   0.117749E+02
   0.841859E+00   0.117770E+02   0.164951E+00   0.116529E+02   0.116529E+02
   0.846601E+00   0.114331E+02   0.164220E+00   0.115319E+02   0.115319E+02
   0.851344E+00   0.115471E+02   0.164229E+00   0.114119E+02   0.114119E+02
   0.856087E+00   0.113704E+02   0.163517E+00   0.112929E+02   0.112929E+02
   0.860830E+00   0.109577E+02   0.163005E+00   0.111749E+02   0.111749E+02
   0.865573E+00   0.113010E+02   0.162716E+00   0.110580E+02   0.110580E+02
   0.870316E+00   0.110441E+02   0.162282E+00   0.109421E+02   0.109421E+02
   0.875059E+00   0.109065E+02   0.161759E+00   0.108272E+02   0.108272E+02
   0.879802E+00   0.108843E+02   0.161172E+00   0.107134E+02   0.107134E+02
   0.884544E+00   0.106951E+02   0.160774E+00   0.106006E+02   0.106006E+02
   0.889287E+00   0.104883E+02   0.160364E+00   0.104888E+02   0.104888E+02
   0.894030E+00   0.103633E+02   0.160032E+00   0.103781E+02   0.103781E+02
   0.898773E+00   0.104219E+02   0.159619E+00   0.102684E+02   0.102684E+02
   0.903516E+00   0.102834E+02   0.159045E+00   0.101597E+02   0.101597E+02
   0.908259E+00   0.100727E+02   0.158475E+00   0.100521E+02   0.100521E+02
   0.913002E+00   0.100980E+02   0.158137E+00   0.994553E+01   0.994553E+01
   0.917744E+00   0.100799E+02   0.157722E+00   0.984000E+01   0.984000E+01
   0.922487E+00   0.992507E+01   0.157363E+00   0.973551E+01   0.973551E+01
   0.927230E+00   0.932127E+01   0.156722E+00   0.963206E+01   0.963206E+01
   0.931973E+00   0.945970E+01   0.156401E+00   0.952964E+01   0.952964E+01
   0.936716E+00   0.960580E+01   0.155839E+00   0.942826E+01   0.942826E+01
   0.941459E+00   0.938581E+01   0.155298E+00   0.932792E+01   0.932792E+01
   0.946202E+00   0.915579E+01   0.155269E+00   0.922860E+01   0.922860E+01
   0.950944E+00   0.933722E+01   0.155053E+00   0.913032E+01   0.913032E+01
   0.955687E+00   0.913925E+01   0.154122E+00   0.903307E+01   0.903307E+01
   0.960430E+00   0.919410E+01   0.153907E+00   0.893684E+01   0.893684E+01
   0.965173E+00   0.906580E+01   0.153667E+00   0.884163E+01   0.884163E+01
   0.969916E+00   0.900376E+01   0.153200E+00   0.874744E+01   0.874744E+01
   0.974659E+00   0.861301E+01   0.152902E+00   0.865427E+01   0.865427E+01
   0.979402E+00   0.862689E+01   0.152431E+00   0.856211E+01   0.856211E+01
   0.984144E+00   0.855102E+01   0.151967E+00   0.847096E+01   0.847096E+01
   0.988887E+00   0.852013E+01   0.151688E+00   0.838080E+01   0.838080E+01
   0.993630E+00   0.827449E+01   0.151313E+00   0.829166E+01   0.829166E+01
   0.998373E+00   0.839032E+01   0.151133E+00   0.820350E+01   0.820350E+01
   0.100312E+01   0.831146E+01   0.150581E+00   0.811633E+01   0.811633E+01
   0.100786E+01   0.818744E+01   0.150111E+00   0.803015E+01   0.803015E+01
   0.101260E+01   0.816306E+01   0.149765E+00   0.794494E+01   0.794494E+01
   0.101734E+01   0.797283E+01   0.149506E+00   0.786071E+01   0.786071E+01
   0.102209E+01   0.784632E+01   0.149171E+00   0.777746E+01   0.777746E+01
   0.102683E+01   0.793805E+01   0.148675E+00   0.769516E+01   0.769516E+01
   0.103157E+01   0.787382E+01   0.148303E+00   0.761382E+01   0.761382E+01
   0.103632E+01   0.765046E+01   0.147796E+00   0.753342E+01   0.753342E+01
   0.104106E+01   0.763619E+01   0.147662E+00   0.745397E+01   0.745397E+01
   0.104580E+01   0.740563E+01   0.147310E+00   0.737546E+01   0.737546E+01
   0.105055E+01   0.758539E+01   0.146956E+00   0.729787E+01   0.729787E+01
   0.105529E+01   0.739173E+01   0.146535E+00   0.722123E+01   0.722123E+01
   0.106003E+01   0.722193E+01   0.146298E+00   0.714549E+01   0.714549E+01
   0.106477E+01   0.716672E+01   0.145899E+00   0.707065E+01   0.707065E+01
   0.106952E+01   0.717199E+01   0.145419E+00   0.699672E+01   0.699672E+01
   0.107426E+01   0.693744E+01   0.145007E+00   0.692368E+01   0.692368E+01
   0.107900E+01   0.691312E+01   0.144837E+00   0.685153E+01   0.685153E+01
   0.108374E+01   0.686426E+01   0.144602E+00   0.678026E+01   0.678026E+01
   0.108849E+01   0.694293E+01   0.144337E+00   0.670986E+01   0.670986E+01
   0.109323E+01   0.659371E+01   0.143844E+00   0.664033E+01   0.664033E+01
   0.109797E+01   0.678499E+01   0.143565E+00   0.657165E+01   0.657165E+01
   0.110272E+01   0.673136E+01   0.143419E+00   0.650382E+01   0.650382E+01
   0.110746E+01   0.653081E+01   0.142986E+00   0.643682E+01   0.643682E+01
   0.111220E+01   0.647392E+01   0.142576E+00   0.637065E+01   0.637065E+01
   0.111695E+01   0.642808E+01   0.142260E+00   0.630531E+01   0.630531E+01
   0.112169E+01   0.628243E+01   0.141892E+00   0.624078E+01   0.624078E+01
   0.112643E+01   0.647611E+01   0.141727E+00   0.617707E+01   0.617707E+01
   0.113117E+01   0.611778E+01   0.141409E+00   0.611414E+01   0.611414E+01
   0.113592E+01   0.606327E+01   0.141106E+00   0.605200E+01   0.605200E+01
   0.114066E+01   0.600614E+01   0.140439E+00   0.599063E+01   0.599063E+01
   0.114540E+01   0.595411E+01   0.140409E+00   0.593004E+01   0.593004E+01
   0.115014E+01   0.601209E+01   0.140046E+00   0.587021E+01   0.587021E+01
   0.115489E+01   0.586855E+01   0.139950E+00   0.581112E+01   0.581112E+01
   0.115963E+01   0.574672E+01   0.139511E+00   0.575279E+01   0.575279E+01
   0.116437E+01   0.583399E+01   0.139266E+00   0.569519E+01   0.569519E+01
   0.116912E+01   0.571660E+01   0.139061E+00   0.563831E+01   0.563831E+01
   0.117386E+01   0.558341E+01   0.138637E+00   0.558215E+01   0.558215E+01
   0.117860E+01   0.566306E+01   0.138447E+00   0.552669E+01   0.552669E+01
   0.118335E+01   0.574281E+01   0.138271E+00   0.547193E+01   0.547193E+01
   0.118809E+01   0.545787E+01   0.137893E+00   0.541786E+01   0.541786E+01
   0.119283E+01   0.543941E+01   0.137349E+00   0.536446E+01   0.536446E+01
   0.119757E+01   0.538190E+01   0.137068E+00   0.531175E+01   0.531175E+01
   0.120232E+01   0.519967E+01   0.136972E+00   0.525968E+01   0.525968E+01
   0.120706E+01   0.530587E+01   0.137574E+00   0.520827E+01   0.520827E+01
   0.121180E+01   0.538309E+01   0.142020E+00   0.515750E+01   0.515750E+01
   0.121654E+01   0.508226E+01   0.144522E+00   0.510736E+01   0.510736E+01
   0.122129E+01   0.512467E+01   0.146792E+00   0.505784E+01   0.505784E+01
   0.122603E+01   0.524360E+01   0.148744E+00   0.500894E+01   0.500894E+01
   0.123077E+01   0.525051E+01   0.150054E+00   0.496064E+01   0.496064E+01
   0.123552E+01   0.482003E+01   0.151047E+00   0.491295E+01   0.491295E+01
   0.124026E+01   0.500953E+01   0.152563E+00   0.486584E+01   0.486584E+01
   0.124500E+01   0.501156E+01   0.154003E+00   0.481931E+01   0.481931E+01
   0.124975E+01   0.498570E+01   0.155337E+00   0.477334E+01   0.477334E+01
   0.125449E+01   0.482559E+01   0.155798E+00   0.472793E+01   0.472793E+01
   0.125923E+01   0.460737E+01   0.156631E+00   0.468308E+01   0.468308E+01
   0.126397E+01   0.449405E+01   0.157076E+00   0.463876E+01   0.463876E+01
   0.126872E+01   0.448830E+01   0.157379E+00   0.459499E+01   0.459499E+01
   0.127346E+01   0.448246E+01   0.155341E+00   0.455174E+01   0.455174E+01
   0.127820E+01   0.445836E+01   0.149723E+00   0.450900E+01   0.450900E+01
   0.128295E+01   0.447608E+01   0.146344E+00   0.446676E+01   0.446676E+01
   0.128769E+01   0.454028E+01   0.144440E+00   0.442503E+01   0.442503E+01
   0.129243E+01   0.455443E+01   0.142598E+00   0.438378E+01   0.438378E+01
   0.129717E+01   0.445646E+01   0.141202E+00   0.434302E+01   0.434302E+01
   0.130192E+01   0.447927E+01   0.140056E+00   0.430274E+01   0.430274E+01
   0.130666E+01   0.428003E+01   0.138588E+00   0.426292E+01   0.426292E+01
   0.131140E+01   0.430025E+01   0.137498E+00   0.422355E+01   0.422355E+01
   0.131614E+01   0.419754E+01   0.136466E+00   0.418463E+01   0.418463E+01
   0.132089E+01   0.413083E+01   0.135757E+00   0.414615E+01   0.414615E+01
   0.132563E+01   0.426363E+01   0.135348E+00   0.410810E+01   0.410810E+01
   0.133037E+01   0.412319E+01   0.134750E+00   0.407048E+01   0.407048E+01
   0.133512E+01   0.406839E+01   0.134433E+00   0.403328E+01   0.403328E+01
   0.133986E+01   0.408337E+01   0.134245E+00   0.399649E+01   0.399649E+01
   0.134460E+01   0.414495E+01   0.133948E+00   0.396009E+01   0.396009E+01
   0.134935E+01   0.403887E+01   0.133587E+00   0.392409E+01   0.392409E+01
   0.135409E+01   0.391726E+01   0.133328E+00   0.388848E+01   0.388848E+01
   0.135883E+01   0.391266E+01   0.132836E+00   0.385325E+01   0.385325E+01
   0.136357E+01   0.376637E+01   0.132430E+00   0.381838E+01   0.381838E+01
   0.136832E+01   0.378527E+01   0.132306E+00   0.378389E+01   0.378389E+01
   0.137306E+01   0.359308E+01   0.131977E+00   0.374975E+01   0.374975E+01
   0.137780E+01   0.352371E+01   0.131520E+00   0.371596E+01   0.371596E+01
   0.138254E+01   0.360281E+01   0.131332E+00   0.368252E+01   0.368252E+01
   0.138729E+01   0.368020E+01   0.131237E+00   0.364941E+01   0.364941E+01
   0.139203E+01   0.369942E+01   0.130888E+00   0.361664E+01   0.361664E+01
   0.139677E+01   0.372453E+01   0.130655E+00   0.358419E+01   0.358419E+01
   0.140152E+01   0.349217E+01   0.130232E+00   0.355206E+01   0.355206E+01
   0.140626E+01   0.356199E+01   0.130036E+00   0.352024E+01   0.352024E+01
   0.141100E+01   0.341304E+01   0.129624E+00   0.348873E+01   0.348873E+01
   0.141575E+01   0.343205E+01   0.129411E+00   0.345751E+01   0.345751E+01
   0.142049E+01   0.345900E+01   0.129098E+00   0.342659E+01   0.342659E+01
   0.142523E+01   0.340128E+01   0.128925E+00   0.339596E+01   0.339596E+01
   0.142997E+01   0.350243E+01   0.128831E+00   0.336561E+01   0.336561E+01
   0.143472E+01   0.322379E+01   0.128501E+00   0.333554E+01   0.333554E+01
   0.143946E+01   0.333396E+01   0.128157E+00   0.330574E+01   0.330574E+01
   0.144420E+01   0.339222E+01   0.127856E+00   0.327621E+01   0.327621E+01
   0.144894E+01   0.324213E+01   0.127653E+00   0.324693E+01   0.324693E+01
   0.145369E+01   0.328158E+01   0.127368E+00   0.321792E+01   0.321792E+01
   0.145843E+01   0.305035E+01   0.127176E+00   0.318915E+01   0.318915E+01
   0.146317E+01   0.317140E+01   0.127190E+00   0.316063E+01   0.316063E+01
   0.146792E+01   0.321023E+01   0.126844E+00   0.313235E+01   0.313235E+01
   0.147266E+01   0.314137E+01   0.126589E+00   0.310431E+01   0.310431E+01
   0.147740E+01   0.306194E+01   0.126517E+00   0.307651E+01   0.307651E+01
   0.148215E+01   0.306008E+01   0.126089E+00   0.304893E+01   0.304893E+01
   0.148689E+01   0.271554E+01   0.125658E+00   0.302158E+01   0.302158E+01
   0.149163E+01   0.285249E+01   0.125698E+00   0.299444E+01   0.299444E+01
   0.149637E+01   0.286369E+01   0.125510E+00   0.296752E+01   0.296752E+01
   0.150112E+01   0.287231E+01   0.125423E+00   0.294082E+01   0.294082E+01
   0.150586E+01   0.282110E+01   0.127978E+00   0.291432E+01   0.291432E+01
   0.151060E+01   0.294452E+01   0.131253E+00   0.288802E+01   0.288802E+01
   0.151534E+01   0.283069E+01   0.133323E+00   0.286194E+01   0.286194E+01
   0.152009E+01   0.276462E+01   0.135080E+00   0.283604E+01   0.283604E+01
   0.152483E+01   0.272986E+01   0.136518E+00   0.281034E+01   0.281034E+01
   0.152957E+01   0.265976E+01   0.137541E+00   0.278483E+01   0.278483E+01
   0.153432E+01   0.290377E+01   0.134512E+00   0.275951E+01   0.275951E+01
   0.153906E+01   0.289444E+01   0.132146E+00   0.273438E+01   0.273438E+01
   0.154380E+01   0.272409E+01   0.130411E+00   0.270942E+01   0.270942E+01
   0.154855E+01   0.260993E+01   0.128629E+00   0.268465E+01   0.268465E+01
   0.155329E+01   0.268059E+01   0.127544E+00   0.266006E+01   0.266006E+01
   0.155803E+01   0.271037E+01   0.126442E+00   0.263563E+01   0.263563E+01
   0.156277E+01   0.264660E+01   0.125073E+00   0.261138E+01   0.261138E+01
   0.156752E+01   0.261061E+01   0.124043E+00   0.258730E+01   0.258730E+01
   0.157226E+01   0.257840E+01   0.123206E+00   0.256339E+01   0.256339E+01
   0.157700E+01   0.251908E+01   0.122680E+00   0.253964E+01   0.253964E+01
   0.158175E+01   0.252168E+01   0.122297E+00   0.251606E+01   0.251606E+01
   0.158649E+01   0.245799E+01   0.122418E+00   0.249264E+01   0.249264E+01
   0.159123E+01   0.235659E+01   0.122396E+00   0.246937E+01   0.246937E+01
   0.159597E+01   0.230964E+01   0.122420E+00   0.244626E+01   0.244626E+01
   0.160072E+01   0.219958E+01   0.122543E+00   0.242331E+01   0.242331E+01
   0.160546E+01   0.222151E+01   0.122582E+00   0.240052E+01   0.240052E+01
   0.161020E+01   0.217064E+01   0.122119E+00   0.237787E+01   0.237787E+01
   0.161495E+01   0.234606E+01   0.122026E+00   0.235538E+01   0.235538E+01
   0.161969E+01   0.217618E+01   0.121697E+00   0.233304E+01   0.233304E+01
   0.162443E+01   0.210482E+01   0.121427E+00   0.231085E+01   0.231085E+01
   0.162917E+01   0.216775E+01   0.121325E+00   0.228880E+01   0.228880E+01
   0.163392E+01   0.211987E+01   0.121126E+00   0.226690E+01   0.226690E+01
   0.163866E+01   0.230132E+01   0.120869E+00   0.224515E+01   0.224515E+01
   0.164340E+01   0.227710E+01   0.120656E+00   0.222354E+01   0.222354E+01
   0.164815E+01   0.205120E+01   0.120420E+00   0.220207E+01   0.220207E+01
   0.165289E+01   0.205691E+01   0.120199E+00   0.218075E+01   0.218075E+01
   0.165763E+01   0.198207E+01   0.120114E+00   0.215958E+01   0.215958E+01
   0.166237E+01   0.190855E+01   0.119762E+00   0.213854E+01   0.213854E+01
   0.166712E+01   0.198906E+01   0.119562E+00   0.211764E+01   0.211764E+01
   0.167186E+01   0.206133E+01   0.119463E+00   0.209688E+01   0.209688E+01
   0.167660E+01   0.207274E+01   0.119398E+00   0.207627E+01   0.207627E+01
   0.168135E+01   0.202921E+01   0.119246E+00   0.205579E+01   0.205579E+01
   0.168609E+01   0.214937E+01   0.118882E+00   0.203545E+01   0.203545E+01
   0.169083E+01   0.182671E+01   0.118673E+00   0.201526E+01   0.201526E+01
   0.169557E+01   0.199805E+01   0.118426E+00   0.199520E+01   0.199520E+01
   0.170032E+01   0.175993E+01   0.118126E+00   0.197528E+01   0.197528E+01
   0.170506E+01   0.168810E+01   0.118012E+00   0.195549E+01   0.195549E+01
   0.170980E+01   0.172530E+01   0.117911E+00   0.193585E+01   0.193585E+01
   0.171455E+01   0.180788E+01   0.117724E+00   0.191634E+01   0.191634E+01
   0.171929E+01   0.175632E+01   0.117617E+00   0.189697E+01   0.189697E+01
   0.172403E+01   0.181075E+01   0.117349E+00   0.187775E+01   0.187775E+01
   0.172877E+01   0.183888E+01   0.117149E+00   0.185866E+01   0.185866E+01
   0.173352E+01   0.180122E+01   0.117146E+00   0.183970E+01   0.183970E+01
   0.173826E+01   0.180464E+01   0.117044E+00   0.182089E+01   0.182089E+01
   0.174300E+01   0.160547E+01   0.116612E+00   0.180222E+01   0.180222E+01
   0.174775E+01   0.169702E+01   0.116550E+00   0.178368E+01   0.178368E+01
   0.175249E+01   0.156035E+01   0.116296E+00   0.176528E+01   0.176528E+01
   0.175723E+01   0.166964E+01   0.116122E+00   0.174703E+01   0.174703E+01
   0.176197E+01   0.163166E+01   0.115908E+00   0.172891E+01   0.172891E+01
   0.176672E+01   0.148527E+01   0.115783E+00   0.171094E+01   0.171094E+01
   0.177146E+01   0.161498E+01   0.115680E+00   0.169310E+01   0.169310E+01
   0.177620E+01   0.175238E+01   0.115566E+00   0.167541E+01   0.167541E+01
   0.178095E+01   0.170764E+01   0.115320E+00   0.165785E+01   0.165785E+01
   0.178569E+01   0.150050E+01   0.115114E+00   0.164044E+01   0.164044E+01
   0.179043E+01   0.150125E+01   0.114817E+00   0.162317E+01   0.162317E+01
   0.179517E+01   0.147406E+01   0.114782E+00   0.160605E+01   0.160605E+01
   0.179992E+01   0.147119E+01   0.114591E+00   0.158907E+01   0.158907E+01
   0.180466E+01   0.150200E+01   0.114344E+00   0.157223E+01   0.157223E+01
   0.180940E+01   0.144890E+01   0.114129E+00   0.155553E+01   0.155553E+01
   0.181415E+01   0.156050E+01   0.114120E+00   0.153898E+01   0.153898E+01
   0.181889E+01   0.158892E+01   0.114172E+00   0.152257E+01   0.152257E+01
   0.182363E+01   0.146600E+01   0.113855E+00   0.150631E+01   0.150631E+01
   0.182838E+01   0.144464E+01   0.113768E+00   0.149019E+01   0.149019E+01
   0.183312E+01   0.158959E+01   0.113443E+00   0.147423E+01   0.147423E+01
   0.183786E+01   0.147687E+01   0.113480E+00   0.145840E+01   0.145840E+01
   0.184260E+01   0.159363E+01   0.113174E+00   0.144273E+01   0.144273E+01
   0.184735E+01   0.145756E+01   0.113004E+00   0.142720E+01   0.142720E+01
   0.185209E+01   0.159726E+01   0.113094E+00   0.141182E+01   0.141182E+01
   0.185683E+01   0.138816E+01   0.112922E+00   0.139659E+01   0.139659E+01
   0.186157E+01   0.144370E+01   0.112572E+00   0.138150E+01   0.138150E+01
   0.186632E+01   0.132440E+01   0.112538E+00   0.136657E+01   0.136657E+01
   0.187106E+01   0.122517E+01   0.112264E+00   0.135179E+01   0.135179E+01
   0.187580E+01   0.131217E+01   0.112146E+00   0.133715E+01   0.133715E+01
   0.188055E+01   0.128558E+01   0.111990E+00   0.132267E+01   0.132267E+01
   0.188529E+01   0.131068E+01   0.111855E+00   0.130834E+01   0.130834E+01
   0.189003E+01   0.124958E+01   0.111717E+00   0.129415E+01   0.129415E+01
   0.189478E+01   0.141663E+01   0.111594E+00   0.128012E+01   0.128012E+01
   0.189952E+01   0.116590E+01   0.111177E+00   0.126625E+01   0.126625E+01
   0.190426E+01   0.109889E+01   0.111163E+00   0.125252E+01   0.125252E+01
   0.190900E+01   0.121557E+01   0.110995E+00   0.123894E+01   0.123894E+01
   0.191375E+01   0.127167E+01   0.110993E+00   0.122552E+01   0.122552E+01
   0.191849E+01   0.122687E+01   0.110723E+00   0.121225E+01   0.121225E+01
   0.192323E+01   0.121937E+01   0.110717E+00   0.119913E+01   0.119913E+01
   0.192797E+01   0.122834E+01   0.110520E+00   0.118617E+01   0.118617E+01
   0.193272E+01   0.108923E+01   0.110125E+00   0.117335E+01   0.117335E+01
   0.193746E+01   0.110534E+01   0.109855E+00   0.116070E+01   0.116070E+01
   0.194220E+01   0.118570E+01   0.109453E+00   0.114819E+01   0.114819E+01
   0.194695E+01   0.117703E+01   0.109409E+00   0.113584E+01   0.113584E+01
   0.195169E+01   0.111154E+01   0.109065E+00   0.112364E+01   0.112364E+01
   0.195643E+01   0.112343E+01   0.109037E+00   0.111159E+01   0.111159E+01
   0.196117E+01   0.112549E+01   0.108986E+00   0.109970E+01   0.109970E+01
   0.196592E+01   0.115048E+01   0.108649E+00   0.108796E+01   0.108796E+01
   0.197066E+01   0.108176E+01   0.108554E+00   0.107638E+01   0.107638E+01
   0.197540E+01   0.104388E+01   0.108637E+00   0.106494E+01   0.106494E+01
   0.198015E+01   0.113801E+01   0.108702E+00   0.105366E+01   0.105366E+01
   0.198489E+01   0.109858E+01   0.108598E+00   0.104253E+01   0.104253E+01
   0.198963E+01   0.112827E+01   0.108632E+00   0.103155E+01   0.103155E+01
   0.199438E+01   0.962181E+00   0.108521E+00   0.102072E+01   0.102072E+01
   0.199912E+01   0.111539E+01   0.108452E+00   0.101005E+01   0.101005E+01
   0.200386E+01   0.113091E+01   0.108235E+00   0.999524E+00   0.999524E+00
   0.200860E+01   0.955573E+00   0.108301E+00   0.989152E+00   0.989152E+00
   0.201335E+01   0.104579E+01   0.109411E+00   0.978929E+00   0.978929E+00
   0.201809E+01   0.103954E+01   0.112334E+00   0.968855E+00   0.968855E+00
   0.202283E+01   0.115735E+01   0.114155E+00   0.958930E+00   0.958930E+00
   0.202758E+01   0.899327E+00   0.115574E+00   0.949153E+00   0.949153E+00
   0.203232E+01   0.911240E+00   0.116613E+00   0.939525E+00   0.939525E+00
   0.203706E+01   0.102337E+01   0.117839E+00   0.930044E+00   0.930044E+00
   0.204180E+01   0.934387E+00   0.118578E+00   0.920711E+00   0.920711E+00
   0.204655E+01   0.859331E+00   0.118985E+00   0.911523E+00   0.911523E+00
   0.205129E+01   0.100297E+01   0.119378E+00   0.902481E+00   0.902481E+00
   0.205603E+01   0.959323E+00   0.119788E+00   0.893582E+00   0.893582E+00
   0.206078E+01   0.874301E+00   0.120052E+00   0.884827E+00   0.884827E+00
   0.206552E+01   0.836664E+00   0.120297E+00   0.876216E+00   0.876216E+00
   0.207026E+01   0.859703E+00   0.120478E+00   0.867746E+00   0.867746E+00
   0.207500E+01   0.928471E+00   0.120932E+00   0.859419E+00   0.859419E+00
   0.207975E+01   0.112070E+01   0.118683E+00   0.851230E+00   0.851230E+00
   0.208449E+01   0.100054E+01   0.115604E+00   0.843181E+00   0.843181E+00
   0.208923E+01   0.784414E+00   0.113604E+00   0.835270E+00   0.835270E+00
   0.209397E+01   0.841989E+00   0.112209E+00   0.827496E+00   0.827496E+00
   0.209872E+01   0.797322E+00   0.111298E+00   0.819859E+00   0.819859E+00
   0.210346E+01   0.851792E+00   0.110308E+00   0.812356E+00   0.812356E+00
   0.210820E+01   0.924653E+00   0.109550E+00   0.804987E+00   0.804987E+00
   0.211295E+01   0.811855E+00   0.109341E+00   0.797752E+00   0.797752E+00
   0.211769E+01   0.752296E+00   0.109062E+00   0.790647E+00   0.790647E+00
   0.212243E+01   0.774972E+00   0.108638E+00   0.783673E+00   0.783673E+00
   0.212717E+01   0.722033E+00   0.108621E+00   0.776827E+00   0.776827E+00
   0.213192E+01   0.792968E+00   0.108333E+00   0.770109E+00   0.770109E+00
   0.213666E+01   0.855776E+00   0.108048E+00   0.763518E+00   0.763518E+00
   0.214140E+01   0.731758E+00   0.107890E+00   0.757052E+00   0.757052E+00
   0.214615E+01   0.788317E+00   0.107634E+00   0.750711E+00   0.750711E+00
   0.215089E+01   0.704226E+00   0.107454E+00   0.744490E+00   0.744490E+00
   0.215563E+01   0.813913E+00   0.107253E+00   0.738391E+00   0.738391E+00
   0.216038E+01   0.837896E+00   0.107103E+00   0.732411E+00   0.732411E+00
   0.216512E+01   0.663111E+00   0.106794E+00   0.726549E+00   0.726549E+00
   0.216986E+01   0.718923E+00   0.106733E+00   0.720803E+00   0.720803E+00
   0.217460E+01   0.692048E+00   0.106584E+00   0.715173E+00   0.715173E+00
   0.217935E+01   0.662169E+00   0.106354E+00   0.709655E+00   0.709655E+00
   0.218409E+01   0.740889E+00   0.106274E+00   0.704251E+00   0.704251E+00
   0.218883E+01   0.726378E+00   0.106120E+00   0.698956E+00   0.698956E+00
   0.219358E+01   0.716842E+00   0.105977E+00   0.693770E+00   0.693770E+00
   0.219832E+01   0.737078E+00   0.105832E+00   0.688691E+00   0.688691E+00
   0.220306E+01   0.575071E+00   0.105349E+00   0.683717E+00   0.683717E+00
   0.220780E+01   0.584808E+00   0.105391E+00   0.678847E+00   0.678847E+00
   0.221255E+01   0.715690E+00   0.105420E+00   0.674078E+00   0.674078E+00
   0.221729E+01   0.742180E+00   0.105100E+00   0.669412E+00   0.669412E+00
   0.222203E+01   0.657811E+00   0.104977E+00   0.664843E+00   0.664843E+00
   0.222677E+01   0.724909E+00   0.104866E+00   0.660372E+00   0.660372E+00
   0.223152E+01   0.763939E+00   0.104860E+00   0.655995E+00   0.655995E+00
   0.223626E+01   0.716352E+00   0.104573E+00   0.651712E+00   0.651712E+00
   0.224100E+01   0.791589E+00   0.104385E+00   0.647521E+00   0.647521E+00
   0.224575E+01   0.844181E+00   0.104322E+00   0.643420E+00   0.643420E+00
   0.225049E+01   0.746077E+00   0.104203E+00   0.639408E+00   0.639408E+00
   0.225523E+01   0.708479E+00   0.103985E+00   0.635483E+00   0.635483E+00
   0.225997E+01   0.698592E+00   0.103847E+00   0.631642E+00   0.631642E+00
   0.226472E+01   0.681106E+00   0.103866E+00   0.627883E+00   0.627883E+00
   0.226946E+01   0.657095E+00   0.103653E+00   0.624209E+00   0.624209E+00
   0.227420E+01   0.590660E+00   0.103490E+00   0.620609E+00   0.620609E+00
   0.227895E+01   0.673918E+00   0.103306E+00   0.617090E+00   0.617090E+00
   0.228369E+01   0.715206E+00   0.103345E+00   0.613646E+00   0.613646E+00
   0.228843E+01   0.676187E+00   0.103023E+00   0.610277E+00   0.610277E+00
   0.229318E+01   0.579247E+00   0.103002E+00   0.606980E+00   0.606980E+00
   0.229792E+01   0.638731E+00   0.102784E+00   0.603753E+00   0.603753E+00
   0.230266E+01   0.642550E+00   0.102703E+00   0.600595E+00   0.600595E+00
   0.230740E+01   0.592111E+00   0.102617E+00   0.597504E+00   0.597504E+00
   0.231215E+01   0.559454E+00   0.102510E+00   0.594478E+00   0.594478E+00
   0.231689E+01   0.539367E+00   0.102337E+00   0.591516E+00   0.591516E+00
   0.232163E+01   0.648153E+00   0.102242E+00   0.588616E+00   0.588616E+00
   0.232638E+01   0.512829E+00   0.102115E+00   0.585775E+00   0.585775E+00
   0.233112E+01   0.446022E+00   0.101981E+00   0.582992E+00   0.582992E+00
   0.233586E+01   0.550379E+00   0.101947E+00   0.580266E+00   0.580266E+00
   0.234060E+01   0.491768E+00   0.101806E+00   0.577595E+00   0.577595E+00
   0.234535E+01   0.608972E+00   0.101743E+00   0.574976E+00   0.574976E+00
   0.235009E+01   0.584642E+00   0.101527E+00   0.572409E+00   0.572409E+00
   0.235483E+01   0.634467E+00   0.101460E+00   0.569892E+00   0.569892E+00
   0.235957E+01   0.565986E+00   0.101258E+00   0.567422E+00   0.567422E+00
   0.236432E+01   0.510619E+00   0.101240E+00   0.564999E+00   0.564999E+00
   0.236906E+01   0.399694E+00   0.100980E+00   0.562620E+00   0.562620E+00
   0.237380E+01   0.596962E+00   0.101039E+00   0.560284E+00   0.560284E+00
   0.237855E+01   0.504393E+00   0.100742E+00   0.557990E+00   0.557990E+00
   0.238329E+01   0.561102E+00   0.100793E+00   0.555735E+00   0.555735E+00
   0.238803E+01   0.570173E+00   0.100614E+00   0.553518E+00   0.553518E+00
   0.239277E+01   0.442380E+00   0.100501E+00   0.551338E+00   0.551338E+00
   0.239752E+01   0.507304E+00   0.100487E+00   0.549193E+00   0.549193E+00
   0.240226E+01   0.741039E+00   0.100341E+00   0.547081E+00   0.547081E+00
   0.240700E+01   0.464503E+00   0.100081E+00   0.545001E+00   0.545001E+00
   0.241175E+01   0.511088E+00   0.100101E+00   0.542952E+00   0.542952E+00
   0.241649E+01   0.561932E+00   0.100058E+00   0.540931E+00   0.540931E+00
   0.242123E+01   0.421277E+00   0.998113E-01   0.538939E+00   0.538939E+00
   0.242598E+01   0.595263E+00   0.997285E-01   0.536972E+00   0.536972E+00
   0.243072E+01   0.470088E+00   0.995545E-01   0.535030E+00   0.535030E+00
   0.243546E+01   0.501088E+00   0.996407E-01   0.533112E+00   0.533112E+00
   0.244020E+01   0.465760E+00   0.992760E-01   0.531215E+00   0.531215E+00
   0.244495E+01   0.497266E+00   0.992149E-01   0.529339E+00   0.529339E+00
   0.244969E+01   0.549458E+00   0.991875E-01   0.527483E+00   0.527483E+00
   0.245443E+01   0.507079E+00   0.991479E-01   0.525644E+00   0.525644E+00
   0.245918E+01   0.386100E+00   0.989902E-01   0.523823E+00   0.523823E+00
   0.246392E+01   0.522543E+00   0.989874E-01   0.522017E+00   0.522017E+00
   0.246866E+01   0.561068E+00   0.988965E-01   0.520226E+00   0.520226E+00
   0.247340E+01   0.405350E+00   0.987919E-01   0.518447E+00   0.518447E+00
   0.247815E+01   0.507869E+00   0.985993E-01   0.516681E+00   0.516681E+00
   0.248289E+01   0.388164E+00   0.984960E-01   0.514926E+00   0.514926E+00
   0.248763E+01   0.420788E+00   0.984041E-01   0.513181E+00   0.513181E+00
   0.249238E+01   0.410871E+00   0.982989E-01   0.511445E+00   0.511445E+00
   0.249712E+01   0.513609E+00   0.982672E-01   0.509716E+00   0.509716E+00
   0.250186E+01   0.380110E+00   0.980703E-01   0.507995E+00   0.507995E+00
   0.250660E+01   0.376326E+00   0.980391E-01   0.506280E+00   0.506280E+00
   0.251135E+01   0.462110E+00   0.978934E-01   0.504569E+00   0.504569E+00
   0.251609E+01   0.454627E+00   0.975576E-01   0.502863E+00   0.502863E+00
   0.252083E+01   0.471317E+00   0.976576E-01   0.501159E+00   0.501159E+00
   0.252558E+01   0.480388E+00   0.973049E-01   0.499458E+00   0.499458E+00
   0.253032E+01   0.458633E+00   0.972412E-01   0.497759E+00   0.497759E+00
   0.253506E+01   0.480246E+00   0.969866E-01   0.496061E+00   0.496061E+00
   0.253980E+01   0.460344E+00   0.967982E-01   0.494362E+00   0.494362E+00
   0.254455E+01   0.426642E+00   0.968942E-01   0.492663E+00   0.492663E+00
   0.254929E+01   0.445568E+00   0.968001E-01   0.490962E+00   0.490962E+00
   0.255403E+01   0.384582E+00   0.967564E-01   0.489259E+00   0.489259E+00
   0.255878E+01   0.386340E+00   0.966754E-01   0.487553E+00   0.487553E+00
   0.256352E+01   0.383001E+00   0.964390E-01   0.485845E+00   0.485845E+00
   0.256826E+01   0.410330E+00   0.964777E-01   0.484132E+00   0.484132E+00
   0.257300E+01   0.492259E+00   0.965725E-01   0.482415E+00   0.482415E+00
   0.257775E+01   0.406464E+00   0.964904E-01   0.480693E+00   0.480693E+00
   0.258249E+01   0.414396E+00   0.965471E-01   0.478966E+00   0.478966E+00
   0.258723E+01   0.482461E+00   0.964480E-01   0.477233E+00   0.477233E+00
   0.259198E+01   0.403794E+00   0.963368E-01   0.475493E+00   0.475493E+00
   0.259672E+01   0.383922E+00   0.962746E-01   0.473747E+00   0.473747E+00
   0.260146E+01   0.342426E+00   0.961429E-01   0.471994E+00   0.471994E+00
   0.260620E+01   0.357255E+00   0.961093E-01   0.470234E+00   0.470234E+00
   0.261095E+01   0.329548E+00   0.959624E-01   0.468466E+00   0.468466E+00
   0.261569E+01   0.387645E+00   0.958466E-01   0.466691E+00   0.466691E+00
   0.262043E+01   0.461180E+00   0.957854E-01   0.464907E+00   0.464907E+00
   0.262518E+01   0.440752E+00   0.956473E-01   0.463115E+00   0.463115E+00
   0.262992E+01   0.479152E+00   0.956003E-01   0.461314E+00   0.461314E+00
   0.263466E+01   0.431951E+00   0.956691E-01   0.459504E+00   0.459504E+00
   0.263940E+01   0.329769E+00   0.955731E-01   0.457686E+00   0.457686E+00
   0.264415E+01   0.419977E+00   0.953962E-01   0.455859E+00   0.455859E+00
   0.264889E+01   0.394316E+00   0.954041E-01   0.454023E+00   0.454023E+00
   0.265363E+01   0.352923E+00   0.952271E-01   0.452178E+00   0.452178E+00
   0.265838E+01   0.330436E+00   0.951321E-01   0.450324E+00   0.450324E+00
   0.266312E+01   0.375570E+00   0.950175E-01   0.448460E+00   0.448460E+00
   0.266786E+01   0.434861E+00   0.949367E-01   0.446588E+00   0.446588E+00
   0.267260E+01   0.368013E+00   0.949030E-01   0.444707E+00   0.444707E+00
   0.267735E+01   0.451118E+00   0.947497E-01   0.442817E+00   0.442817E+00
   0.268209E+01   0.441306E+00   0.946687E-01   0.440918E+00   0.440918E+00
   0.268683E+01   0.438999E+00   0.945655E-01   0.439010E+00   0.439010E+00
   0.269158E+01   0.462635E+00   0.945521E-01   0.437094E+00   0.437094E+00
   0.269632E+01   0.372533E+00   0.944603E-01   0.435169E+00   0.435169E+00
   0.270106E+01   0.486712E+00   0.944168E-01   0.433236E+00   0.433236E+00
   0.270580E+01   0.454766E+00   0.943616E-01   0.431295E+00   0.431295E+00
   0.271055E+01   0.463765E+00   0.941479E-01   0.429347E+00   0.429347E+00
   0.271529E+01   0.328584E+00   0.941149E-01   0.427391E+00   0.427391E+00
   0.272003E+01   0.343274E+00   0.939700E-01   0.425426E+00   0.425426E+00
   0.272478E+01   0.333705E+00   0.937333E-01   0.423457E+00   0.423457E+00
   0.272952E+01   0.252414E+00   0.938220E-01   0.421480E+00   0.421480E+00
   0.273426E+01   0.445919E+00   0.939182E-01   0.419496E+00   0.419496E+00
   0.273901E+01   0.452118E+00   0.936880E-01   0.417507E+00   0.417507E+00
   0.274375E+01   0.299660E+00   0.936154E-01   0.415512E+00   0.415512E+00
   0.274849E+01   0.299942E+00   0.934822E-01   0.413511E+00   0.413511E+00
   0.275323E+01   0.278171E+00   0.934423E-01   0.411506E+00   0.411506E+00
   0.275798E+01   0.349505E+00   0.933915E-01   0.409496E+00   0.409496E+00
   0.276272E+01   0.328800E+00   0.933601E-01   0.407482E+00   0.407482E+00
   0.276746E+01   0.369703E+00   0.931830E-01   0.405464E+00   0.405464E+00
   0.277221E+01   0.355175E+00   0.930334E-01   0.403443E+00   0.403443E+00
   0.277695E+01   0.411391E+00   0.930975E-01   0.401420E+00   0.401420E+00
   0.278169E+01   0.491922E+00   0.930034E-01   0.399394E+00   0.399394E+00
   0.278643E+01   0.347395E+00   0.928182E-01   0.397366E+00   0.397366E+00
   0.279118E+01   0.436927E+00   0.928245E-01   0.395337E+00   0.395337E+00
   0.279592E+01   0.334056E+00   0.928132E-01   0.393306E+00   0.393306E+00
   0.280066E+01   0.593821E+00   0.926975E-01   0.391276E+00   0.391276E+00
   0.280540E+01   0.333498E+00   0.925516E-01   0.389245E+00   0.389245E+00
   0.281015E+01   0.341333E+00   0.924261E-01   0.387215E+00   0.387215E+00
   0.281489E+01   0.426817E+00   0.927165E-01   0.385187E+00   0.385187E+00
   0.281963E+01   0.395253E+00   0.944881E-01   0.383159E+00   0.383159E+00
   0.282438E+01   0.384668E+00   0.962494E-01   0.381134E+00   0.381134E+00
   0.282912E+01   0.324854E+00   0.975105E-01   0.379112E+00   0.379112E+00
   0.283386E+01   0.386661E+00   0.984475E-01   0.377095E+00   0.377095E+00
   0.283860E+01   0.352672E+00   0.992523E-01   0.375078E+00   0.375078E+00
   0.284335E+01   0.382416E+00   0.995882E-01   0.373067E+00   0.373067E+00
   0.284809E+01   0.271621E+00   0.997942E-01   0.371061E+00   0.371061E+00
   0.285283E+01   0.214656E+00   0.100064E+00   0.369061E+00   0.369061E+00
   0.285758E+01   0.361472E+00   0.100507E+00   0.367067E+00   0.367067E+00
   0.286232E+01   0.360136E+00   0.100775E+00   0.365079E+00   0.365079E+00
   0.286706E+01   0.340437E+00   0.100975E+00   0.363098E+00   0.363098E+00
   0.287181E+01   0.450104E+00   0.101257E+00   0.361125E+00   0.361125E+00
   0.287655E+01   0.360079E+00   0.101424E+00   0.359160E+00   0.359160E+00
   0.288129E+01   0.370557E+00   0.100997E+00   0.357203E+00   0.357203E+00
   0.288603E+01   0.360499E+00   0.985839E-01   0.355257E+00   0.355257E+00
   0.289078E+01   0.441443E+00   0.968661E-01   0.353320E+00   0.353320E+00
   0.289552E+01   0.449598E+00   0.958774E-01   0.351393E+00   0.351393E+00
   0.290026E+01   0.263069E+00   0.950353E-01   0.349477E+00   0.349477E+00
   0.290501E+01   0.435834E+00   0.945006E-01   0.347573E+00   0.347573E+00
   0.290975E+01   0.436396E+00   0.940651E-01   0.345680E+00   0.345680E+00
   0.291449E+01   0.391814E+00   0.939522E-01   0.343801E+00   0.343801E+00
   0.291923E+01   0.401779E+00   0.937020E-01   0.341934E+00   0.341934E+00
   0.292398E+01   0.320162E+00   0.935458E-01   0.340081E+00   0.340081E+00
   0.292872E+01   0.379931E+00   0.934335E-01   0.338241E+00   0.338241E+00
   0.293346E+01   0.440031E+00   0.932031E-01   0.336416E+00   0.336416E+00
   0.293820E+01   0.404999E+00   0.929285E-01   0.334606E+00   0.334606E+00
   0.294295E+01   0.359597E+00   0.928264E-01   0.332812E+00   0.332812E+00
   0.294769E+01   0.304243E+00   0.927520E-01   0.331034E+00   0.331034E+00
   0.295243E+01   0.411257E+00   0.925571E-01   0.329271E+00   0.329271E+00
   0.295718E+01   0.415734E+00   0.925184E-01   0.327526E+00   0.327526E+00
   0.296192E+01   0.332921E+00   0.923234E-01   0.325797E+00   0.325797E+00
   0.296666E+01   0.390180E+00   0.921836E-01   0.324087E+00   0.324087E+00
   0.297140E+01   0.425659E+00   0.921564E-01   0.322394E+00   0.322394E+00
   0.297615E+01   0.384981E+00   0.919976E-01   0.320720E+00   0.320720E+00
   0.298089E+01   0.446506E+00   0.919214E-01   0.319065E+00   0.319065E+00
   0.298563E+01   0.391054E+00   0.917520E-01   0.317429E+00   0.317429E+00
   0.299038E+01   0.434493E+00   0.917153E-01   0.315813E+00   0.315813E+00
   0.299512E+01   0.331874E+00   0.915103E-01   0.314217E+00   0.314217E+00
   0.299986E+01   0.365445E+00   0.914442E-01   0.312641E+00   0.312641E+00

           ####      Real Space Data                               ####

           Distance distribution  function of particle  


      R          P(R)      ERROR

  0.0000E+00  0.0000E+00  0.0000E+00
  0.3307E-01  0.8227E-02  0.2383E-03
  0.6614E-01  0.1706E-01  0.4487E-03
  0.9921E-01  0.2649E-01  0.6317E-03
  0.1323E+00  0.3651E-01  0.7876E-03
  0.1653E+00  0.4712E-01  0.9173E-03
  0.1984E+00  0.5831E-01  0.1022E-02
  0.2315E+00  0.7006E-01  0.1101E-02
  0.2646E+00  0.8237E-01  0.1158E-02
  0.2976E+00  0.9521E-01  0.1193E-02
  0.3307E+00  0.1086E+00  0.1208E-02
  0.3638E+00  0.1224E+00  0.1205E-02
  0.3968E+00  0.1368E+00  0.1185E-02
  0.4299E+00  0.1515E+00  0.1152E-02
  0.4630E+00  0.1668E+00  0.1108E-02
  0.4960E+00  0.1824E+00  0.1057E-02
  0.5291E+00  0.1984E+00  0.1001E-02
  0.5622E+00  0.2147E+00  0.9459E-03
  0.5952E+00  0.2314E+00  0.8966E-03
  0.6283E+00  0.2483E+00  0.8584E-03
  0.6614E+00  0.2655E+00  0.8368E-03
  0.6944E+00  0.2829E+00  0.8358E-03
  0.7275E+00  0.3005E+00  0.8571E-03
  0.7606E+00  0.3182E+00  0.8997E-03
  0.7937E+00  0.3360E+00  0.9602E-03
  0.8267E+00  0.3540E+00  0.1034E-02
  0.8598E+00  0.3719E+00  0.1117E-02
  0.8929E+00  0.3899E+00  0.1205E-02
  0.9259E+00  0.4078E+00  0.1294E-02
  0.9590E+00  0.4256E+00  0.1381E-02
  0.9921E+00  0.4434E+00  0.1465E-02
  0.1025E+01  0.4610E+00  0.1542E-02
  0.1058E+01  0.4784E+00  0.1613E-02
  0.1091E+01  0.4956E+00  0.1674E-02
  0.1124E+01  0.5125E+00  0.1727E-02
  0.1157E+01  0.5291E+00  0.1769E-02
  0.1190E+01  0.5455E+00  0.1801E-02
  0.1224E+01  0.5614E+00  0.1824E-02
  0.1257E+01  0.5770E+00  0.1836E-02
  0.1290E+01  0.5922E+00  0.1838E-02
  0.1323E+01  0.6069E+00  0.1832E-02
  0.1356E+01  0.6212E+00  0.1818E-02
  0.1389E+01  0.6349E+00  0.1797E-02
  0.1422E+01  0.6482E+00  0.1772E-02
  0.1455E+01  0.6609E+00  0.1742E-02
  0.1488E+01  0.6730E+00  0.1711E-02
  0.1521E+01  0.6846E+00  0.1681E-02
  0.1554E+01  0.6955E+00  0.1653E-02
  0.1587E+01  0.7059E+00  0.1630E-02
  0.1620E+01  0.7156E+00  0.1614E-02
  0.1653E+01  0.7246E+00  0.1607E-02
  0.1687E+01  0.7331E+00  0.1611E-02
  0.1720E+01  0.7408E+00  0.1625E-02
  0.1753E+01  0.7479E+00  0.1651E-02
  0.1786E+01  0.7544E+00  0.1687E-02
  0.1819E+01  0.7601E+00  0.1733E-02
  0.1852E+01  0.7652E+00  0.1786E-02
  0.1885E+01  0.7697E+00  0.1846E-02
  0.1918E+01  0.7735E+00  0.1909E-02
  0.1951E+01  0.7766E+00  0.1975E-02
  0.1984E+01  0.7791E+00  0.2040E-02
  0.2017E+01  0.7809E+00  0.2104E-02
  0.2050E+01  0.7821E+00  0.2164E-02
  0.2083E+01  0.7827E+00  0.2219E-02
  0.2116E+01  0.7827E+00  0.2268E-02
  0.2149E+01  0.7821E+00  0.2310E-02
  0.2183E+01  0.7810E+00  0.2344E-02
  0.2216E+01  0.7793E+00  0.2369E-02
  0.2249E+01  0.7770E+00  0.2386E-02
  0.2282E+01  0.7743E+00  0.2393E-02
  0.2315E+01  0.7710E+00  0.2392E-02
  0.2348E+01  0.7673E+00  0.2382E-02
  0.2381E+01  0.7632E+00  0.2364E-02
  0.2414E+01  0.7586E+00  0.2338E-02
  0.2447E+01  0.7537E+00  0.2307E-02
  0.2480E+01  0.7483E+00  0.2271E-02
  0.2513E+01  0.7426E+00  0.2231E-02
  0.2546E+01  0.7366E+00  0.2191E-02
  0.2579E+01  0.7303E+00  0.2151E-02
  0.2612E+01  0.7237E+00  0.2114E-02
  0.2646E+01  0.7169E+00  0.2083E-02
  0.2679E+01  0.7098E+00  0.2059E-02
  0.2712E+01  0.7025E+00  0.2046E-02
  0.2745E+01  0.6951E+00  0.2043E-02
  0.2778E+01  0.6875E+00  0.2054E-02
  0.2811E+01  0.6797E+00  0.2079E-02
  0.2844E+01  0.6718E+00  0.2116E-02
  0.2877E+01  0.6638E+00  0.2167E-02
  0.2910E+01  0.6558E+00  0.2230E-02
  0.2943E+01  0.6477E+00  0.2302E-02
  0.2976E+01  0.6395E+00  0.2383E-02
  0.3009E+01  0.6313E+00  0.2469E-02
  0.3042E+01  0.6231E+00  0.2559E-02
  0.3075E+01  0.6149E+00  0.2651E-02
  0.3108E+01  0.6067E+00  0.2742E-02
  0.3142E+01  0.5986E+00  0.2831E-02
  0.3175E+01  0.5904E+00  0.2916E-02
  0.3208E+01  0.5824E+00  0.2996E-02
  0.3241E+01  0.5744E+00  0.3070E-02
  0.3274E+01  0.5664E+00  0.3136E-02
  0.3307E+01  0.5585E+00  0.3193E-02
  0.3340E+01  0.5507E+00  0.3241E-02
  0.3373E+01  0.5430E+00  0.3280E-02
  0.3406E+01  0.5353E+00  0.3309E-02
  0.3439E+01  0.5278E+00  0.3327E-02
  0.3472E+01  0.5203E+00  0.3337E-02
  0.3505E+01  0.5129E+00  0.3336E-02
  0.3538E+01  0.5057E+00  0.3327E-02
  0.3571E+01  0.4985E+00  0.3309E-02
  0.3604E+01  0.4913E+00  0.3283E-02
  0.3638E+01  0.4843E+00  0.3252E-02
  0.3671E+01  0.4774E+00  0.3215E-02
  0.3704E+01  0.4705E+00  0.3175E-02
  0.3737E+01  0.4638E+00  0.3132E-02
  0.3770E+01  0.4571E+00  0.3089E-02
  0.3803E+01  0.4505E+00  0.3048E-02
  0.3836E+01  0.4439E+00  0.3010E-02
  0.3869E+01  0.4374E+00  0.2977E-02
  0.3902E+01  0.4310E+00  0.2950E-02
  0.3935E+01  0.4247E+00  0.2932E-02
  0.3968E+01  0.4184E+00  0.2924E-02
  0.4001E+01  0.4122E+00  0.2926E-02
  0.4034E+01  0.4060E+00  0.2939E-02
  0.4067E+01  0.3999E+00  0.2963E-02
  0.4101E+01  0.3938E+00  0.2999E-02
  0.4134E+01  0.3878E+00  0.3044E-02
  0.4167E+01  0.3818E+00  0.3099E-02
  0.4200E+01  0.3759E+00  0.3162E-02
  0.4233E+01  0.3700E+00  0.3231E-02
  0.4266E+01  0.3642E+00  0.3305E-02
  0.4299E+01  0.3584E+00  0.3383E-02
  0.4332E+01  0.3526E+00  0.3461E-02
  0.4365E+01  0.3470E+00  0.3541E-02
  0.4398E+01  0.3413E+00  0.3618E-02
  0.4431E+01  0.3357E+00  0.3694E-02
  0.4464E+01  0.3302E+00  0.3765E-02
  0.4497E+01  0.3247E+00  0.3832E-02
  0.4530E+01  0.3193E+00  0.3893E-02
  0.4563E+01  0.3139E+00  0.3949E-02
  0.4597E+01  0.3087E+00  0.3997E-02
  0.4630E+01  0.3034E+00  0.4039E-02
  0.4663E+01  0.2982E+00  0.4073E-02
  0.4696E+01  0.2931E+00  0.4099E-02
  0.4729E+01  0.2881E+00  0.4119E-02
  0.4762E+01  0.2832E+00  0.4132E-02
  0.4795E+01  0.2783E+00  0.4137E-02
  0.4828E+01  0.2735E+00  0.4137E-02
  0.4861E+01  0.2687E+00  0.4131E-02
  0.4894E+01  0.2641E+00  0.4120E-02
  0.4927E+01  0.2595E+00  0.4105E-02
  0.4960E+01  0.2549E+00  0.4087E-02
  0.4993E+01  0.2505E+00  0.4066E-02
  0.5026E+01  0.2461E+00  0.4044E-02
  0.5060E+01  0.2417E+00  0.4021E-02
  0.5093E+01  0.2375E+00  0.3999E-02
  0.5126E+01  0.2332E+00  0.3978E-02
  0.5159E+01  0.2290E+00  0.3959E-02
  0.5192E+01  0.2249E+00  0.3943E-02
  0.5225E+01  0.2207E+00  0.3931E-02
  0.5258E+01  0.2166E+00  0.3922E-02
  0.5291E+01  0.2124E+00  0.3917E-02
  0.5324E+01  0.2083E+00  0.3916E-02
  0.5357E+01  0.2041E+00  0.3918E-02
  0.5390E+01  0.1999E+00  0.3924E-02
  0.5423E+01  0.1956E+00  0.3932E-02
  0.5456E+01  0.1912E+00  0.3942E-02
  0.5489E+01  0.1867E+00  0.3951E-02
  0.5522E+01  0.1821E+00  0.3960E-02
  0.5556E+01  0.1774E+00  0.3966E-02
  0.5589E+01  0.1725E+00  0.3968E-02
  0.5622E+01  0.1674E+00  0.3964E-02
  0.5655E+01  0.1621E+00  0.3952E-02
  0.5688E+01  0.1566E+00  0.3930E-02
  0.5721E+01  0.1508E+00  0.3897E-02
  0.5754E+01  0.1447E+00  0.3849E-02
  0.5787E+01  0.1382E+00  0.3785E-02
  0.5820E+01  0.1315E+00  0.3703E-02
  0.5853E+01  0.1244E+00  0.3601E-02
  0.5886E+01  0.1169E+00  0.3476E-02
  0.5919E+01  0.1089E+00  0.3326E-02
  0.5952E+01  0.1005E+00  0.3150E-02
  0.5985E+01  0.9162E-01  0.2944E-02
  0.6019E+01  0.8222E-01  0.2707E-02
  0.6052E+01  0.7229E-01  0.2437E-02
  0.6085E+01  0.6180E-01  0.2132E-02
  0.6118E+01  0.5072E-01  0.1788E-02
  0.6151E+01  0.3902E-01  0.1406E-02
  0.6184E+01  0.2668E-01  0.9814E-03
  0.6217E+01  0.1368E-01  0.5135E-03
  0.6250E+01  0.0000E+00  0.0000E+00
