
           ####      G N O M             Version 5.0 (r13469)      ####
                                               Wed Dec 15 15:10:56 2021

           ####      Configuration                                 ####

    System Type:                   arbitrary monodisperse (job = 0)
    Minimum characteristic size:         0.0000
    Maximum characteristic size:         7.3300
    rad56:                               0.0000
    Force 0.0 at r = rmin:                  yes
    Force 0.0 at r = rmax:                  yes
    Initial alpha:                       0.0000
    Initial random seed:    1437352608242086428
    Points in real space:                   190

    Input  1:                      temp-inp.dat
    First data point used:                    1
    Last data point used:                   570
    Scaling coefficient:             0.1000E+01
    Experimental setup:            point collimation



           ####      Results                                       ####

    Parameter    DISCRP  OSCILL  STABIL  SYSDEV  POSITV  VALCEN  SMOOTH
    Weight        1.000   3.000   3.000   3.000   1.000   1.000   1.000
    Sigma         0.300   0.600   0.120   0.120   0.120   0.120   0.600
    Ideal         0.700   1.100   0.000   1.000   1.000   0.950   0.000
    Current       0.498   1.313   0.010   0.889   1.000   0.867   2.024
               --------------------------------------------------------
    Estimate      0.634   0.881   0.993   0.427   1.000   0.620   0.000

    Angular range:                       0.3012 to       2.9999
    Reciprocal space Rg:             0.2306E+01
    Reciprocal space I(0):           0.4860E+02

    Real space range:                    0.0000 to       7.3300
    Real space Rg:                   0.2317E+01 +-   0.5558E-02
    Real space I(0):                 0.4860E+02 +-   0.9095E-01

    Highest ALPHA (theor):           0.5202E+02
    Current ALPHA:                   0.8291E+01

    Total Estimate:                      0.7046 (a REASONABLE solution)



           ####      Experimental Data and Fit                     ####

      S          J EXP       ERROR       J REG       I REG

   0.000000E+00                                                0.486034E+02
   0.107561E-01                                                0.485934E+02
   0.215123E-01                                                0.485632E+02
   0.322684E-01                                                0.485130E+02
   0.430246E-01                                                0.484427E+02
   0.537807E-01                                                0.483526E+02
   0.645368E-01                                                0.482428E+02
   0.752930E-01                                                0.481133E+02
   0.860491E-01                                                0.479644E+02
   0.968053E-01                                                0.477963E+02
   0.107561E+00                                                0.476092E+02
   0.118318E+00                                                0.474035E+02
   0.129074E+00                                                0.471793E+02
   0.139830E+00                                                0.469370E+02
   0.150586E+00                                                0.466770E+02
   0.161342E+00                                                0.463995E+02
   0.172098E+00                                                0.461051E+02
   0.182854E+00                                                0.457941E+02
   0.193611E+00                                                0.454668E+02
   0.204367E+00                                                0.451239E+02
   0.215123E+00                                                0.447657E+02
   0.225879E+00                                                0.443927E+02
   0.236635E+00                                                0.440054E+02
   0.247391E+00                                                0.436044E+02
   0.258147E+00                                                0.431901E+02
   0.268903E+00                                                0.427632E+02
   0.279660E+00                                                0.423241E+02
   0.290416E+00                                                0.418735E+02
   0.301172E+00   0.414613E+02   0.213240E+00   0.414118E+02   0.414118E+02
   0.305915E+00   0.411267E+02   0.211588E+00   0.412049E+02   0.412049E+02
   0.310658E+00   0.409819E+02   0.209437E+00   0.409960E+02   0.409960E+02
   0.315400E+00   0.408190E+02   0.207261E+00   0.407853E+02   0.407853E+02
   0.320143E+00   0.406131E+02   0.205559E+00   0.405726E+02   0.405726E+02
   0.324886E+00   0.402704E+02   0.203322E+00   0.403581E+02   0.403581E+02
   0.329629E+00   0.401083E+02   0.201662E+00   0.401418E+02   0.401418E+02
   0.334372E+00   0.403233E+02   0.200212E+00   0.399238E+02   0.399238E+02
   0.339115E+00   0.396387E+02   0.200451E+00   0.397042E+02   0.397042E+02
   0.343858E+00   0.397748E+02   0.203196E+00   0.394829E+02   0.394829E+02
   0.348601E+00   0.396460E+02   0.208075E+00   0.392601E+02   0.392601E+02
   0.353343E+00   0.393736E+02   0.210996E+00   0.390358E+02   0.390358E+02
   0.358086E+00   0.389092E+02   0.213319E+00   0.388100E+02   0.388100E+02
   0.362829E+00   0.386923E+02   0.214883E+00   0.385828E+02   0.385828E+02
   0.367572E+00   0.386082E+02   0.216374E+00   0.383542E+02   0.383542E+02
   0.372315E+00   0.379785E+02   0.217331E+00   0.381244E+02   0.381244E+02
   0.377058E+00   0.375846E+02   0.218196E+00   0.378933E+02   0.378933E+02
   0.381801E+00   0.376393E+02   0.219620E+00   0.376610E+02   0.376610E+02
   0.386543E+00   0.376759E+02   0.220465E+00   0.374275E+02   0.374275E+02
   0.391286E+00   0.372734E+02   0.220478E+00   0.371929E+02   0.371929E+02
   0.396029E+00   0.372066E+02   0.221158E+00   0.369573E+02   0.369573E+02
   0.400772E+00   0.369442E+02   0.222320E+00   0.367208E+02   0.367208E+02
   0.405515E+00   0.367857E+02   0.229886E+00   0.364832E+02   0.364832E+02
   0.410258E+00   0.365591E+02   0.235253E+00   0.362448E+02   0.362448E+02
   0.415001E+00   0.359394E+02   0.239791E+00   0.360055E+02   0.360055E+02
   0.419744E+00   0.354538E+02   0.242775E+00   0.357655E+02   0.357655E+02
   0.424486E+00   0.350249E+02   0.246095E+00   0.355247E+02   0.355247E+02
   0.429229E+00   0.352734E+02   0.249784E+00   0.352832E+02   0.352832E+02
   0.433972E+00   0.354329E+02   0.253665E+00   0.350411E+02   0.350411E+02
   0.438715E+00   0.346399E+02   0.256720E+00   0.347984E+02   0.347984E+02
   0.443458E+00   0.340406E+02   0.259269E+00   0.345552E+02   0.345552E+02
   0.448201E+00   0.341878E+02   0.263462E+00   0.343115E+02   0.343115E+02
   0.452944E+00   0.340352E+02   0.267954E+00   0.340673E+02   0.340673E+02
   0.457686E+00   0.339487E+02   0.270634E+00   0.338228E+02   0.338228E+02
   0.462429E+00   0.335450E+02   0.271993E+00   0.335779E+02   0.335779E+02
   0.467172E+00   0.332492E+02   0.270274E+00   0.333327E+02   0.333327E+02
   0.471915E+00   0.334964E+02   0.260209E+00   0.330873E+02   0.330873E+02
   0.476658E+00   0.330193E+02   0.254399E+00   0.328417E+02   0.328417E+02
   0.481401E+00   0.330840E+02   0.250659E+00   0.325959E+02   0.325959E+02
   0.486144E+00   0.325212E+02   0.247720E+00   0.323500E+02   0.323500E+02
   0.490887E+00   0.321693E+02   0.245323E+00   0.321040E+02   0.321040E+02
   0.495629E+00   0.318242E+02   0.242947E+00   0.318581E+02   0.318581E+02
   0.500372E+00   0.318533E+02   0.241063E+00   0.316121E+02   0.316121E+02
   0.505115E+00   0.314225E+02   0.239317E+00   0.313663E+02   0.313663E+02
   0.509858E+00   0.311743E+02   0.237595E+00   0.311205E+02   0.311205E+02
   0.514601E+00   0.308293E+02   0.236070E+00   0.308750E+02   0.308750E+02
   0.519344E+00   0.305884E+02   0.234808E+00   0.306296E+02   0.306296E+02
   0.524087E+00   0.301195E+02   0.232795E+00   0.303845E+02   0.303845E+02
   0.528829E+00   0.297670E+02   0.231512E+00   0.301396E+02   0.301396E+02
   0.533572E+00   0.296019E+02   0.230036E+00   0.298951E+02   0.298951E+02
   0.538315E+00   0.294597E+02   0.227785E+00   0.296510E+02   0.296510E+02
   0.543058E+00   0.293075E+02   0.225809E+00   0.294072E+02   0.294072E+02
   0.547801E+00   0.291499E+02   0.223947E+00   0.291639E+02   0.291639E+02
   0.552544E+00   0.287284E+02   0.222115E+00   0.289212E+02   0.289212E+02
   0.557287E+00   0.285488E+02   0.220864E+00   0.286789E+02   0.286789E+02
   0.562029E+00   0.281083E+02   0.218296E+00   0.284372E+02   0.284372E+02
   0.566772E+00   0.283141E+02   0.217045E+00   0.281961E+02   0.281961E+02
   0.571515E+00   0.278463E+02   0.215336E+00   0.279556E+02   0.279556E+02
   0.576258E+00   0.278207E+02   0.213992E+00   0.277158E+02   0.277158E+02
   0.581001E+00   0.274906E+02   0.212352E+00   0.274768E+02   0.274768E+02
   0.585744E+00   0.270572E+02   0.211298E+00   0.272384E+02   0.272384E+02
   0.590487E+00   0.270464E+02   0.210788E+00   0.270009E+02   0.270009E+02
   0.595230E+00   0.264975E+02   0.209454E+00   0.267641E+02   0.267641E+02
   0.599972E+00   0.262101E+02   0.209050E+00   0.265282E+02   0.265282E+02
   0.604715E+00   0.259340E+02   0.208044E+00   0.262932E+02   0.262932E+02
   0.609458E+00   0.259609E+02   0.206951E+00   0.260590E+02   0.260590E+02
   0.614201E+00   0.257286E+02   0.206542E+00   0.258259E+02   0.258259E+02
   0.618944E+00   0.254244E+02   0.205614E+00   0.255936E+02   0.255936E+02
   0.623687E+00   0.251178E+02   0.204536E+00   0.253624E+02   0.253624E+02
   0.628430E+00   0.248344E+02   0.204069E+00   0.251322E+02   0.251322E+02
   0.633173E+00   0.250039E+02   0.203746E+00   0.249030E+02   0.249030E+02
   0.637915E+00   0.247513E+02   0.202761E+00   0.246749E+02   0.246749E+02
   0.642658E+00   0.243249E+02   0.201619E+00   0.244480E+02   0.244480E+02
   0.647401E+00   0.240922E+02   0.200983E+00   0.242221E+02   0.242221E+02
   0.652144E+00   0.238173E+02   0.200420E+00   0.239974E+02   0.239974E+02
   0.656887E+00   0.239868E+02   0.199747E+00   0.237739E+02   0.237739E+02
   0.661630E+00   0.237145E+02   0.199150E+00   0.235515E+02   0.235515E+02
   0.666373E+00   0.232276E+02   0.197919E+00   0.233304E+02   0.233304E+02
   0.671115E+00   0.230244E+02   0.197519E+00   0.231106E+02   0.231106E+02
   0.675858E+00   0.226637E+02   0.196587E+00   0.228920E+02   0.228920E+02
   0.680601E+00   0.222099E+02   0.195490E+00   0.226747E+02   0.226747E+02
   0.685344E+00   0.221777E+02   0.194828E+00   0.224587E+02   0.224587E+02
   0.690087E+00   0.222189E+02   0.194364E+00   0.222440E+02   0.222440E+02
   0.694830E+00   0.220277E+02   0.193823E+00   0.220306E+02   0.220306E+02
   0.699573E+00   0.216351E+02   0.192907E+00   0.218187E+02   0.218187E+02
   0.704315E+00   0.216129E+02   0.192201E+00   0.216081E+02   0.216081E+02
   0.709058E+00   0.216064E+02   0.191841E+00   0.213988E+02   0.213988E+02
   0.713801E+00   0.211723E+02   0.190650E+00   0.211910E+02   0.211910E+02
   0.718544E+00   0.209304E+02   0.190067E+00   0.209847E+02   0.209847E+02
   0.723287E+00   0.208075E+02   0.189251E+00   0.207797E+02   0.207797E+02
   0.728030E+00   0.206140E+02   0.189005E+00   0.205762E+02   0.205762E+02
   0.732773E+00   0.202649E+02   0.188509E+00   0.203742E+02   0.203742E+02
   0.737515E+00   0.201850E+02   0.187568E+00   0.201736E+02   0.201736E+02
   0.742258E+00   0.199072E+02   0.186876E+00   0.199745E+02   0.199745E+02
   0.747001E+00   0.196989E+02   0.186344E+00   0.197770E+02   0.197770E+02
   0.751744E+00   0.197108E+02   0.185904E+00   0.195809E+02   0.195809E+02
   0.756487E+00   0.194356E+02   0.184971E+00   0.193863E+02   0.193863E+02
   0.761230E+00   0.192146E+02   0.184468E+00   0.191933E+02   0.191933E+02
   0.765973E+00   0.187668E+02   0.183802E+00   0.190018E+02   0.190018E+02
   0.770716E+00   0.190448E+02   0.183281E+00   0.188118E+02   0.188118E+02
   0.775459E+00   0.189101E+02   0.182823E+00   0.186234E+02   0.186234E+02
   0.780201E+00   0.182126E+02   0.182181E+00   0.184365E+02   0.184365E+02
   0.784944E+00   0.183523E+02   0.181581E+00   0.182512E+02   0.182512E+02
   0.789687E+00   0.181805E+02   0.180959E+00   0.180674E+02   0.180674E+02
   0.794430E+00   0.178895E+02   0.180374E+00   0.178853E+02   0.178853E+02
   0.799173E+00   0.176813E+02   0.179423E+00   0.177046E+02   0.177046E+02
   0.803916E+00   0.177207E+02   0.179235E+00   0.175256E+02   0.175256E+02
   0.808658E+00   0.174362E+02   0.178152E+00   0.173481E+02   0.173481E+02
   0.813401E+00   0.172995E+02   0.177655E+00   0.171722E+02   0.171722E+02
   0.818144E+00   0.169809E+02   0.177451E+00   0.169979E+02   0.169979E+02
   0.822887E+00   0.167245E+02   0.176542E+00   0.168252E+02   0.168252E+02
   0.827630E+00   0.166694E+02   0.176079E+00   0.166540E+02   0.166540E+02
   0.832373E+00   0.164101E+02   0.175082E+00   0.164844E+02   0.164844E+02
   0.837116E+00   0.164085E+02   0.175089E+00   0.163164E+02   0.163164E+02
   0.841859E+00   0.160181E+02   0.174227E+00   0.161500E+02   0.161500E+02
   0.846601E+00   0.159845E+02   0.174156E+00   0.159851E+02   0.159851E+02
   0.851344E+00   0.158118E+02   0.173239E+00   0.158218E+02   0.158218E+02
   0.856087E+00   0.159017E+02   0.173223E+00   0.156601E+02   0.156601E+02
   0.860830E+00   0.156521E+02   0.172489E+00   0.155000E+02   0.155000E+02
   0.865573E+00   0.157340E+02   0.172260E+00   0.153414E+02   0.153414E+02
   0.870316E+00   0.155247E+02   0.171229E+00   0.151844E+02   0.151844E+02
   0.875059E+00   0.152005E+02   0.170868E+00   0.150289E+02   0.150289E+02
   0.879802E+00   0.150650E+02   0.170051E+00   0.148750E+02   0.148750E+02
   0.884544E+00   0.146658E+02   0.169664E+00   0.147226E+02   0.147226E+02
   0.889287E+00   0.146712E+02   0.169200E+00   0.145717E+02   0.145717E+02
   0.894030E+00   0.147165E+02   0.168757E+00   0.144224E+02   0.144224E+02
   0.898773E+00   0.144350E+02   0.167955E+00   0.142746E+02   0.142746E+02
   0.903516E+00   0.141828E+02   0.167409E+00   0.141283E+02   0.141283E+02
   0.908259E+00   0.140853E+02   0.167196E+00   0.139836E+02   0.139836E+02
   0.913002E+00   0.137611E+02   0.166540E+00   0.138403E+02   0.138403E+02
   0.917744E+00   0.136258E+02   0.165817E+00   0.136985E+02   0.136985E+02
   0.922487E+00   0.136739E+02   0.165407E+00   0.135582E+02   0.135582E+02
   0.927230E+00   0.132789E+02   0.165065E+00   0.134194E+02   0.134194E+02
   0.931973E+00   0.132627E+02   0.164673E+00   0.132821E+02   0.132821E+02
   0.936716E+00   0.132054E+02   0.164232E+00   0.131462E+02   0.131462E+02
   0.941459E+00   0.133530E+02   0.163790E+00   0.130117E+02   0.130117E+02
   0.946202E+00   0.132894E+02   0.163462E+00   0.128787E+02   0.128787E+02
   0.950944E+00   0.128857E+02   0.162688E+00   0.127471E+02   0.127471E+02
   0.955687E+00   0.127057E+02   0.162180E+00   0.126170E+02   0.126170E+02
   0.960430E+00   0.124589E+02   0.161697E+00   0.124882E+02   0.124882E+02
   0.965173E+00   0.122610E+02   0.161437E+00   0.123609E+02   0.123609E+02
   0.969916E+00   0.122996E+02   0.160965E+00   0.122349E+02   0.122349E+02
   0.974659E+00   0.120980E+02   0.160540E+00   0.121103E+02   0.121103E+02
   0.979402E+00   0.121552E+02   0.159970E+00   0.119870E+02   0.119870E+02
   0.984144E+00   0.118537E+02   0.159395E+00   0.118651E+02   0.118651E+02
   0.988887E+00   0.117434E+02   0.159019E+00   0.117446E+02   0.117446E+02
   0.993630E+00   0.118692E+02   0.158736E+00   0.116254E+02   0.116254E+02
   0.998373E+00   0.117067E+02   0.158477E+00   0.115074E+02   0.115074E+02
   0.100312E+01   0.114542E+02   0.157986E+00   0.113908E+02   0.113908E+02
   0.100786E+01   0.113592E+02   0.157660E+00   0.112755E+02   0.112755E+02
   0.101260E+01   0.114112E+02   0.157145E+00   0.111614E+02   0.111614E+02
   0.101734E+01   0.110637E+02   0.156615E+00   0.110487E+02   0.110487E+02
   0.102209E+01   0.109405E+02   0.156256E+00   0.109371E+02   0.109371E+02
   0.102683E+01   0.108165E+02   0.155832E+00   0.108268E+02   0.108268E+02
   0.103157E+01   0.108807E+02   0.155531E+00   0.107177E+02   0.107177E+02
   0.103632E+01   0.106632E+02   0.155009E+00   0.106099E+02   0.106099E+02
   0.104106E+01   0.106266E+02   0.154919E+00   0.105032E+02   0.105032E+02
   0.104580E+01   0.105473E+02   0.154184E+00   0.103977E+02   0.103977E+02
   0.105055E+01   0.101494E+02   0.153518E+00   0.102934E+02   0.102934E+02
   0.105529E+01   0.101112E+02   0.153071E+00   0.101903E+02   0.101903E+02
   0.106003E+01   0.101019E+02   0.152776E+00   0.100883E+02   0.100883E+02
   0.106477E+01   0.102218E+02   0.152311E+00   0.998738E+01   0.998738E+01
   0.106952E+01   0.100425E+02   0.152307E+00   0.988762E+01   0.988762E+01
   0.107426E+01   0.977718E+01   0.151784E+00   0.978896E+01   0.978896E+01
   0.107900E+01   0.969089E+01   0.151410E+00   0.969139E+01   0.969139E+01
   0.108374E+01   0.961569E+01   0.151357E+00   0.959490E+01   0.959490E+01
   0.108849E+01   0.963700E+01   0.150924E+00   0.949948E+01   0.949948E+01
   0.109323E+01   0.955231E+01   0.150155E+00   0.940512E+01   0.940512E+01
   0.109797E+01   0.936785E+01   0.150030E+00   0.931179E+01   0.931179E+01
   0.110272E+01   0.926076E+01   0.149564E+00   0.921947E+01   0.921947E+01
   0.110746E+01   0.924022E+01   0.149187E+00   0.912817E+01   0.912817E+01
   0.111220E+01   0.905018E+01   0.148765E+00   0.903787E+01   0.903787E+01
   0.111695E+01   0.885691E+01   0.148520E+00   0.894855E+01   0.894855E+01
   0.112169E+01   0.891112E+01   0.148037E+00   0.886021E+01   0.886021E+01
   0.112643E+01   0.878428E+01   0.147813E+00   0.877284E+01   0.877284E+01
   0.113117E+01   0.879274E+01   0.147546E+00   0.868640E+01   0.868640E+01
   0.113592E+01   0.864321E+01   0.147189E+00   0.860089E+01   0.860089E+01
   0.114066E+01   0.854333E+01   0.146666E+00   0.851631E+01   0.851631E+01
   0.114540E+01   0.853008E+01   0.146500E+00   0.843263E+01   0.843263E+01
   0.115014E+01   0.838950E+01   0.146022E+00   0.834985E+01   0.834985E+01
   0.115489E+01   0.822227E+01   0.145680E+00   0.826795E+01   0.826795E+01
   0.115963E+01   0.829172E+01   0.145514E+00   0.818692E+01   0.818692E+01
   0.116437E+01   0.808668E+01   0.145012E+00   0.810677E+01   0.810677E+01
   0.116912E+01   0.792043E+01   0.144856E+00   0.802745E+01   0.802745E+01
   0.117386E+01   0.793629E+01   0.144565E+00   0.794897E+01   0.794897E+01
   0.117860E+01   0.775011E+01   0.144141E+00   0.787130E+01   0.787130E+01
   0.118335E+01   0.774344E+01   0.143706E+00   0.779445E+01   0.779445E+01
   0.118809E+01   0.782636E+01   0.143847E+00   0.771840E+01   0.771840E+01
   0.119283E+01   0.761567E+01   0.143518E+00   0.764314E+01   0.764314E+01
   0.119757E+01   0.749891E+01   0.143043E+00   0.756867E+01   0.756867E+01
   0.120232E+01   0.745794E+01   0.142660E+00   0.749495E+01   0.749495E+01
   0.120706E+01   0.747130E+01   0.143197E+00   0.742199E+01   0.742199E+01
   0.121180E+01   0.719961E+01   0.147674E+00   0.734977E+01   0.734977E+01
   0.121654E+01   0.717284E+01   0.150442E+00   0.727829E+01   0.727829E+01
   0.122129E+01   0.714965E+01   0.152356E+00   0.720753E+01   0.720753E+01
   0.122603E+01   0.718135E+01   0.154529E+00   0.713748E+01   0.713748E+01
   0.123077E+01   0.693451E+01   0.155918E+00   0.706814E+01   0.706814E+01
   0.123552E+01   0.671432E+01   0.157546E+00   0.699950E+01   0.699950E+01
   0.124026E+01   0.690939E+01   0.158686E+00   0.693154E+01   0.693154E+01
   0.124500E+01   0.659786E+01   0.159677E+00   0.686425E+01   0.686425E+01
   0.124975E+01   0.675304E+01   0.160852E+00   0.679762E+01   0.679762E+01
   0.125449E+01   0.666041E+01   0.162240E+00   0.673165E+01   0.673165E+01
   0.125923E+01   0.672318E+01   0.162940E+00   0.666633E+01   0.666633E+01
   0.126397E+01   0.673777E+01   0.163175E+00   0.660164E+01   0.660164E+01
   0.126872E+01   0.659306E+01   0.163231E+00   0.653759E+01   0.653759E+01
   0.127346E+01   0.650848E+01   0.161178E+00   0.647416E+01   0.647416E+01
   0.127820E+01   0.658228E+01   0.155384E+00   0.641133E+01   0.641133E+01
   0.128295E+01   0.656481E+01   0.152409E+00   0.634911E+01   0.634911E+01
   0.128769E+01   0.651188E+01   0.149982E+00   0.628748E+01   0.628748E+01
   0.129243E+01   0.620186E+01   0.147939E+00   0.622644E+01   0.622644E+01
   0.129717E+01   0.624081E+01   0.146701E+00   0.616598E+01   0.616598E+01
   0.130192E+01   0.601736E+01   0.145106E+00   0.610610E+01   0.610610E+01
   0.130666E+01   0.590145E+01   0.143815E+00   0.604678E+01   0.604678E+01
   0.131140E+01   0.588343E+01   0.142679E+00   0.598801E+01   0.598801E+01
   0.131614E+01   0.609462E+01   0.141627E+00   0.592979E+01   0.592979E+01
   0.132089E+01   0.593652E+01   0.140923E+00   0.587212E+01   0.587212E+01
   0.132563E+01   0.576378E+01   0.140198E+00   0.581498E+01   0.581498E+01
   0.133037E+01   0.584423E+01   0.139835E+00   0.575838E+01   0.575838E+01
   0.133512E+01   0.548192E+01   0.139192E+00   0.570230E+01   0.570230E+01
   0.133986E+01   0.565253E+01   0.139044E+00   0.564674E+01   0.564674E+01
   0.134460E+01   0.546779E+01   0.138643E+00   0.559169E+01   0.559169E+01
   0.134935E+01   0.545285E+01   0.138400E+00   0.553714E+01   0.553714E+01
   0.135409E+01   0.545532E+01   0.138097E+00   0.548310E+01   0.548310E+01
   0.135883E+01   0.546278E+01   0.137606E+00   0.542954E+01   0.542954E+01
   0.136357E+01   0.539966E+01   0.137434E+00   0.537648E+01   0.537648E+01
   0.136832E+01   0.533442E+01   0.137041E+00   0.532390E+01   0.532390E+01
   0.137306E+01   0.507165E+01   0.136509E+00   0.527181E+01   0.527181E+01
   0.137780E+01   0.513615E+01   0.136034E+00   0.522018E+01   0.522018E+01
   0.138254E+01   0.523060E+01   0.135732E+00   0.516902E+01   0.516902E+01
   0.138729E+01   0.517747E+01   0.135617E+00   0.511832E+01   0.511832E+01
   0.139203E+01   0.514259E+01   0.135299E+00   0.506808E+01   0.506808E+01
   0.139677E+01   0.494815E+01   0.135051E+00   0.501830E+01   0.501830E+01
   0.140152E+01   0.476581E+01   0.134641E+00   0.496897E+01   0.496897E+01
   0.140626E+01   0.480156E+01   0.134336E+00   0.492008E+01   0.492008E+01
   0.141100E+01   0.498062E+01   0.134298E+00   0.487165E+01   0.487165E+01
   0.141575E+01   0.484679E+01   0.133840E+00   0.482364E+01   0.482364E+01
   0.142049E+01   0.465782E+01   0.133436E+00   0.477607E+01   0.477607E+01
   0.142523E+01   0.461600E+01   0.133247E+00   0.472893E+01   0.472893E+01
   0.142997E+01   0.461053E+01   0.132795E+00   0.468221E+01   0.468221E+01
   0.143472E+01   0.462058E+01   0.132656E+00   0.463592E+01   0.463592E+01
   0.143946E+01   0.467200E+01   0.132668E+00   0.459005E+01   0.459005E+01
   0.144420E+01   0.457245E+01   0.132322E+00   0.454460E+01   0.454460E+01
   0.144894E+01   0.441908E+01   0.132100E+00   0.449956E+01   0.449956E+01
   0.145369E+01   0.429676E+01   0.131842E+00   0.445493E+01   0.445493E+01
   0.145843E+01   0.445278E+01   0.131637E+00   0.441070E+01   0.441070E+01
   0.146317E+01   0.431589E+01   0.131431E+00   0.436688E+01   0.436688E+01
   0.146792E+01   0.414501E+01   0.130773E+00   0.432346E+01   0.432346E+01
   0.147266E+01   0.414430E+01   0.130676E+00   0.428044E+01   0.428044E+01
   0.147740E+01   0.399605E+01   0.130292E+00   0.423783E+01   0.423783E+01
   0.148215E+01   0.425900E+01   0.130335E+00   0.419560E+01   0.419560E+01
   0.148689E+01   0.431221E+01   0.130028E+00   0.415376E+01   0.415376E+01
   0.149163E+01   0.396839E+01   0.129713E+00   0.411231E+01   0.411231E+01
   0.149637E+01   0.397164E+01   0.129340E+00   0.407125E+01   0.407125E+01
   0.150112E+01   0.398224E+01   0.129294E+00   0.403057E+01   0.403057E+01
   0.150586E+01   0.388318E+01   0.131802E+00   0.399027E+01   0.399027E+01
   0.151060E+01   0.398671E+01   0.135395E+00   0.395035E+01   0.395035E+01
   0.151534E+01   0.398728E+01   0.137622E+00   0.391082E+01   0.391082E+01
   0.152009E+01   0.390831E+01   0.139391E+00   0.387165E+01   0.387165E+01
   0.152483E+01   0.366154E+01   0.140503E+00   0.383286E+01   0.383286E+01
   0.152957E+01   0.373259E+01   0.141658E+00   0.379444E+01   0.379444E+01
   0.153432E+01   0.390026E+01   0.138405E+00   0.375639E+01   0.375639E+01
   0.153906E+01   0.374961E+01   0.136121E+00   0.371870E+01   0.371870E+01
   0.154380E+01   0.367900E+01   0.134379E+00   0.368138E+01   0.368138E+01
   0.154855E+01   0.364831E+01   0.132747E+00   0.364443E+01   0.364443E+01
   0.155329E+01   0.351109E+01   0.131580E+00   0.360784E+01   0.360784E+01
   0.155803E+01   0.364500E+01   0.130234E+00   0.357161E+01   0.357161E+01
   0.156277E+01   0.358935E+01   0.129071E+00   0.353573E+01   0.353573E+01
   0.156752E+01   0.351978E+01   0.127417E+00   0.350021E+01   0.350021E+01
   0.157226E+01   0.333362E+01   0.126859E+00   0.346504E+01   0.346504E+01
   0.157700E+01   0.330676E+01   0.126450E+00   0.343023E+01   0.343023E+01
   0.158175E+01   0.348470E+01   0.126104E+00   0.339577E+01   0.339577E+01
   0.158649E+01   0.331036E+01   0.125949E+00   0.336167E+01   0.336167E+01
   0.159123E+01   0.330434E+01   0.125997E+00   0.332791E+01   0.332791E+01
   0.159597E+01   0.322606E+01   0.126228E+00   0.329449E+01   0.329449E+01
   0.160072E+01   0.302849E+01   0.126228E+00   0.326142E+01   0.326142E+01
   0.160546E+01   0.312529E+01   0.126189E+00   0.322869E+01   0.322869E+01
   0.161020E+01   0.320494E+01   0.126043E+00   0.319630E+01   0.319630E+01
   0.161495E+01   0.312813E+01   0.125557E+00   0.316426E+01   0.316426E+01
   0.161969E+01   0.309609E+01   0.125210E+00   0.313255E+01   0.313255E+01
   0.162443E+01   0.312707E+01   0.125221E+00   0.310118E+01   0.310118E+01
   0.162917E+01   0.304441E+01   0.125170E+00   0.307014E+01   0.307014E+01
   0.163392E+01   0.315903E+01   0.124714E+00   0.303944E+01   0.303944E+01
   0.163866E+01   0.310513E+01   0.124676E+00   0.300906E+01   0.300906E+01
   0.164340E+01   0.300893E+01   0.124250E+00   0.297902E+01   0.297902E+01
   0.164815E+01   0.299855E+01   0.124163E+00   0.294930E+01   0.294930E+01
   0.165289E+01   0.291802E+01   0.124033E+00   0.291991E+01   0.291991E+01
   0.165763E+01   0.298310E+01   0.123851E+00   0.289085E+01   0.289085E+01
   0.166237E+01   0.287306E+01   0.123294E+00   0.286210E+01   0.286210E+01
   0.166712E+01   0.292114E+01   0.123184E+00   0.283368E+01   0.283368E+01
   0.167186E+01   0.279281E+01   0.122886E+00   0.280558E+01   0.280558E+01
   0.167660E+01   0.274618E+01   0.122660E+00   0.277779E+01   0.277779E+01
   0.168135E+01   0.273837E+01   0.122683E+00   0.275032E+01   0.275032E+01
   0.168609E+01   0.271112E+01   0.122149E+00   0.272316E+01   0.272316E+01
   0.169083E+01   0.272261E+01   0.122230E+00   0.269632E+01   0.269632E+01
   0.169557E+01   0.278883E+01   0.121991E+00   0.266978E+01   0.266978E+01
   0.170032E+01   0.274700E+01   0.121804E+00   0.264355E+01   0.264355E+01
   0.170506E+01   0.268349E+01   0.121653E+00   0.261763E+01   0.261763E+01
   0.170980E+01   0.252241E+01   0.121141E+00   0.259200E+01   0.259200E+01
   0.171455E+01   0.254641E+01   0.121142E+00   0.256668E+01   0.256668E+01
   0.171929E+01   0.260563E+01   0.120972E+00   0.254166E+01   0.254166E+01
   0.172403E+01   0.255065E+01   0.120849E+00   0.251695E+01   0.251695E+01
   0.172877E+01   0.258463E+01   0.120420E+00   0.249252E+01   0.249252E+01
   0.173352E+01   0.258208E+01   0.120321E+00   0.246838E+01   0.246838E+01
   0.173826E+01   0.233758E+01   0.120101E+00   0.244454E+01   0.244454E+01
   0.174300E+01   0.232943E+01   0.119804E+00   0.242098E+01   0.242098E+01
   0.174775E+01   0.245101E+01   0.119607E+00   0.239771E+01   0.239771E+01
   0.175249E+01   0.245102E+01   0.119266E+00   0.237473E+01   0.237473E+01
   0.175723E+01   0.236935E+01   0.119327E+00   0.235202E+01   0.235202E+01
   0.176197E+01   0.229188E+01   0.119054E+00   0.232960E+01   0.232960E+01
   0.176672E+01   0.256751E+01   0.119154E+00   0.230745E+01   0.230745E+01
   0.177146E+01   0.239700E+01   0.118876E+00   0.228558E+01   0.228558E+01
   0.177620E+01   0.221439E+01   0.118529E+00   0.226398E+01   0.226398E+01
   0.178095E+01   0.225457E+01   0.118560E+00   0.224265E+01   0.224265E+01
   0.178569E+01   0.222360E+01   0.118219E+00   0.222158E+01   0.222158E+01
   0.179043E+01   0.216704E+01   0.118013E+00   0.220078E+01   0.220078E+01
   0.179517E+01   0.215688E+01   0.118230E+00   0.218025E+01   0.218025E+01
   0.179992E+01   0.201091E+01   0.117681E+00   0.215997E+01   0.215997E+01
   0.180466E+01   0.222306E+01   0.117545E+00   0.213995E+01   0.213995E+01
   0.180940E+01   0.223082E+01   0.117444E+00   0.212018E+01   0.212018E+01
   0.181415E+01   0.208680E+01   0.117333E+00   0.210067E+01   0.210067E+01
   0.181889E+01   0.216808E+01   0.117240E+00   0.208140E+01   0.208140E+01
   0.182363E+01   0.209450E+01   0.117017E+00   0.206238E+01   0.206238E+01
   0.182838E+01   0.233175E+01   0.116816E+00   0.204360E+01   0.204360E+01
   0.183312E+01   0.208561E+01   0.116549E+00   0.202507E+01   0.202507E+01
   0.183786E+01   0.203305E+01   0.116522E+00   0.200677E+01   0.200677E+01
   0.184260E+01   0.182145E+01   0.116401E+00   0.198871E+01   0.198871E+01
   0.184735E+01   0.197181E+01   0.116182E+00   0.197088E+01   0.197088E+01
   0.185209E+01   0.182445E+01   0.116187E+00   0.195328E+01   0.195328E+01
   0.185683E+01   0.196971E+01   0.115889E+00   0.193591E+01   0.193591E+01
   0.186157E+01   0.197310E+01   0.115690E+00   0.191876E+01   0.191876E+01
   0.186632E+01   0.194281E+01   0.115642E+00   0.190184E+01   0.190184E+01
   0.187106E+01   0.190899E+01   0.115192E+00   0.188514E+01   0.188514E+01
   0.187580E+01   0.192356E+01   0.114855E+00   0.186864E+01   0.186864E+01
   0.188055E+01   0.196848E+01   0.114976E+00   0.185237E+01   0.185237E+01
   0.188529E+01   0.179789E+01   0.114782E+00   0.183630E+01   0.183630E+01
   0.189003E+01   0.166740E+01   0.114613E+00   0.182044E+01   0.182044E+01
   0.189478E+01   0.187733E+01   0.114530E+00   0.180478E+01   0.180478E+01
   0.189952E+01   0.192732E+01   0.114291E+00   0.178933E+01   0.178933E+01
   0.190426E+01   0.183220E+01   0.114266E+00   0.177408E+01   0.177408E+01
   0.190900E+01   0.179376E+01   0.114075E+00   0.175902E+01   0.175902E+01
   0.191375E+01   0.187191E+01   0.113979E+00   0.174415E+01   0.174415E+01
   0.191849E+01   0.170043E+01   0.113883E+00   0.172948E+01   0.172948E+01
   0.192323E+01   0.163081E+01   0.113803E+00   0.171499E+01   0.171499E+01
   0.192797E+01   0.177348E+01   0.113734E+00   0.170068E+01   0.170068E+01
   0.193272E+01   0.168656E+01   0.113192E+00   0.168656E+01   0.168656E+01
   0.193746E+01   0.172279E+01   0.113032E+00   0.167262E+01   0.167262E+01
   0.194220E+01   0.180777E+01   0.112566E+00   0.165886E+01   0.165886E+01
   0.194695E+01   0.165227E+01   0.112170E+00   0.164526E+01   0.164526E+01
   0.195169E+01   0.150716E+01   0.112082E+00   0.163184E+01   0.163184E+01
   0.195643E+01   0.162413E+01   0.111989E+00   0.161859E+01   0.161859E+01
   0.196117E+01   0.156566E+01   0.111673E+00   0.160550E+01   0.160550E+01
   0.196592E+01   0.163531E+01   0.111751E+00   0.159257E+01   0.159257E+01
   0.197066E+01   0.155891E+01   0.111275E+00   0.157981E+01   0.157981E+01
   0.197540E+01   0.149156E+01   0.111333E+00   0.156720E+01   0.156720E+01
   0.198015E+01   0.155531E+01   0.111643E+00   0.155474E+01   0.155474E+01
   0.198489E+01   0.152397E+01   0.111487E+00   0.154244E+01   0.154244E+01
   0.198963E+01   0.154988E+01   0.111542E+00   0.153029E+01   0.153029E+01
   0.199438E+01   0.150350E+01   0.111551E+00   0.151828E+01   0.151828E+01
   0.199912E+01   0.151071E+01   0.111311E+00   0.150642E+01   0.150642E+01
   0.200386E+01   0.143084E+01   0.111083E+00   0.149469E+01   0.149469E+01
   0.200860E+01   0.154064E+01   0.111436E+00   0.148311E+01   0.148311E+01
   0.201335E+01   0.154964E+01   0.112285E+00   0.147167E+01   0.147167E+01
   0.201809E+01   0.147679E+01   0.115298E+00   0.146036E+01   0.146036E+01
   0.202283E+01   0.139123E+01   0.117168E+00   0.144918E+01   0.144918E+01
   0.202758E+01   0.140466E+01   0.118582E+00   0.143812E+01   0.143812E+01
   0.203232E+01   0.134655E+01   0.119585E+00   0.142720E+01   0.142720E+01
   0.203706E+01   0.136607E+01   0.120713E+00   0.141640E+01   0.141640E+01
   0.204180E+01   0.122168E+01   0.121712E+00   0.140572E+01   0.140572E+01
   0.204655E+01   0.151017E+01   0.122361E+00   0.139517E+01   0.139517E+01
   0.205129E+01   0.133724E+01   0.122578E+00   0.138473E+01   0.138473E+01
   0.205603E+01   0.147109E+01   0.122787E+00   0.137441E+01   0.137441E+01
   0.206078E+01   0.120026E+01   0.123092E+00   0.136420E+01   0.136420E+01
   0.206552E+01   0.133933E+01   0.123473E+00   0.135410E+01   0.135410E+01
   0.207026E+01   0.133310E+01   0.123658E+00   0.134411E+01   0.134411E+01
   0.207500E+01   0.132113E+01   0.123947E+00   0.133423E+01   0.133423E+01
   0.207975E+01   0.130035E+01   0.121447E+00   0.132446E+01   0.132446E+01
   0.208449E+01   0.123383E+01   0.118195E+00   0.131479E+01   0.131479E+01
   0.208923E+01   0.131133E+01   0.116532E+00   0.130522E+01   0.130522E+01
   0.209397E+01   0.125898E+01   0.115236E+00   0.129575E+01   0.129575E+01
   0.209872E+01   0.126833E+01   0.113976E+00   0.128638E+01   0.128638E+01
   0.210346E+01   0.120686E+01   0.113195E+00   0.127711E+01   0.127711E+01
   0.210820E+01   0.133803E+01   0.112400E+00   0.126793E+01   0.126793E+01
   0.211295E+01   0.113039E+01   0.112044E+00   0.125884E+01   0.125884E+01
   0.211769E+01   0.129262E+01   0.111854E+00   0.124985E+01   0.124985E+01
   0.212243E+01   0.125984E+01   0.111685E+00   0.124094E+01   0.124094E+01
   0.212717E+01   0.119436E+01   0.111372E+00   0.123213E+01   0.123213E+01
   0.213192E+01   0.123719E+01   0.110947E+00   0.122340E+01   0.122340E+01
   0.213666E+01   0.121404E+01   0.110881E+00   0.121475E+01   0.121475E+01
   0.214140E+01   0.112454E+01   0.110575E+00   0.120620E+01   0.120620E+01
   0.214615E+01   0.112910E+01   0.110404E+00   0.119772E+01   0.119772E+01
   0.215089E+01   0.115447E+01   0.110142E+00   0.118933E+01   0.118933E+01
   0.215563E+01   0.114383E+01   0.109938E+00   0.118101E+01   0.118101E+01
   0.216038E+01   0.105807E+01   0.109672E+00   0.117278E+01   0.117278E+01
   0.216512E+01   0.995837E+00   0.109555E+00   0.116462E+01   0.116462E+01
   0.216986E+01   0.996638E+00   0.109538E+00   0.115654E+01   0.115654E+01
   0.217460E+01   0.109008E+01   0.109284E+00   0.114854E+01   0.114854E+01
   0.217935E+01   0.103332E+01   0.109082E+00   0.114061E+01   0.114061E+01
   0.218409E+01   0.120331E+01   0.108872E+00   0.113276E+01   0.113276E+01
   0.218883E+01   0.102433E+01   0.108773E+00   0.112497E+01   0.112497E+01
   0.219358E+01   0.120920E+01   0.108621E+00   0.111726E+01   0.111726E+01
   0.219832E+01   0.110542E+01   0.108231E+00   0.110962E+01   0.110962E+01
   0.220306E+01   0.102688E+01   0.108245E+00   0.110206E+01   0.110206E+01
   0.220780E+01   0.103877E+01   0.108330E+00   0.109456E+01   0.109456E+01
   0.221255E+01   0.964054E+00   0.107851E+00   0.108713E+01   0.108713E+01
   0.221729E+01   0.894753E+00   0.107836E+00   0.107977E+01   0.107977E+01
   0.222203E+01   0.110086E+01   0.107686E+00   0.107247E+01   0.107247E+01
   0.222677E+01   0.101224E+01   0.107517E+00   0.106525E+01   0.106525E+01
   0.223152E+01   0.103939E+01   0.107550E+00   0.105809E+01   0.105809E+01
   0.223626E+01   0.111027E+01   0.107225E+00   0.105099E+01   0.105099E+01
   0.224100E+01   0.109622E+01   0.107062E+00   0.104396E+01   0.104396E+01
   0.224575E+01   0.107484E+01   0.106831E+00   0.103700E+01   0.103700E+01
   0.225049E+01   0.117783E+01   0.106721E+00   0.103010E+01   0.103010E+01
   0.225523E+01   0.909605E+00   0.106498E+00   0.102326E+01   0.102326E+01
   0.225997E+01   0.931086E+00   0.106470E+00   0.101649E+01   0.101649E+01
   0.226472E+01   0.986563E+00   0.106314E+00   0.100978E+01   0.100978E+01
   0.226946E+01   0.106634E+01   0.106164E+00   0.100314E+01   0.100314E+01
   0.227420E+01   0.926519E+00   0.106172E+00   0.996556E+00   0.996556E+00
   0.227895E+01   0.914673E+00   0.106005E+00   0.990036E+00   0.990036E+00
   0.228369E+01   0.959219E+00   0.105966E+00   0.983578E+00   0.983578E+00
   0.228843E+01   0.978212E+00   0.105686E+00   0.977184E+00   0.977184E+00
   0.229318E+01   0.970133E+00   0.105433E+00   0.970851E+00   0.970851E+00
   0.229792E+01   0.787229E+00   0.105392E+00   0.964579E+00   0.964579E+00
   0.230266E+01   0.802002E+00   0.105379E+00   0.958370E+00   0.958370E+00
   0.230740E+01   0.794666E+00   0.105041E+00   0.952221E+00   0.952221E+00
   0.231215E+01   0.992404E+00   0.104976E+00   0.946135E+00   0.946135E+00
   0.231689E+01   0.917305E+00   0.104930E+00   0.940110E+00   0.940110E+00
   0.232163E+01   0.947752E+00   0.104813E+00   0.934148E+00   0.934148E+00
   0.232638E+01   0.912573E+00   0.104671E+00   0.928246E+00   0.928246E+00
   0.233112E+01   0.897792E+00   0.104617E+00   0.922406E+00   0.922406E+00
   0.233586E+01   0.100276E+01   0.104597E+00   0.916627E+00   0.916627E+00
   0.234060E+01   0.877237E+00   0.104282E+00   0.910909E+00   0.910909E+00
   0.234535E+01   0.906804E+00   0.104277E+00   0.905254E+00   0.905254E+00
   0.235009E+01   0.890240E+00   0.104037E+00   0.899659E+00   0.899659E+00
   0.235483E+01   0.795120E+00   0.103807E+00   0.894127E+00   0.894127E+00
   0.235957E+01   0.956077E+00   0.104061E+00   0.888658E+00   0.888658E+00
   0.236432E+01   0.943437E+00   0.103652E+00   0.883249E+00   0.883249E+00
   0.236906E+01   0.837113E+00   0.103749E+00   0.877902E+00   0.877902E+00
   0.237380E+01   0.809583E+00   0.103453E+00   0.872617E+00   0.872617E+00
   0.237855E+01   0.955617E+00   0.103373E+00   0.867395E+00   0.867395E+00
   0.238329E+01   0.860553E+00   0.103181E+00   0.862238E+00   0.862238E+00
   0.238803E+01   0.839631E+00   0.103050E+00   0.857137E+00   0.857137E+00
   0.239277E+01   0.889584E+00   0.102966E+00   0.852102E+00   0.852102E+00
   0.239752E+01   0.885994E+00   0.102852E+00   0.847129E+00   0.847129E+00
   0.240226E+01   0.903366E+00   0.102898E+00   0.842219E+00   0.842219E+00
   0.240700E+01   0.870400E+00   0.102636E+00   0.837372E+00   0.837372E+00
   0.241175E+01   0.766595E+00   0.102726E+00   0.832587E+00   0.832587E+00
   0.241649E+01   0.722976E+00   0.102449E+00   0.827866E+00   0.827866E+00
   0.242123E+01   0.682099E+00   0.102297E+00   0.823208E+00   0.823208E+00
   0.242598E+01   0.724131E+00   0.102156E+00   0.818613E+00   0.818613E+00
   0.243072E+01   0.780884E+00   0.101989E+00   0.814082E+00   0.814082E+00
   0.243546E+01   0.923880E+00   0.102014E+00   0.809613E+00   0.809613E+00
   0.244020E+01   0.842980E+00   0.101944E+00   0.805208E+00   0.805208E+00
   0.244495E+01   0.712955E+00   0.101644E+00   0.800867E+00   0.800867E+00
   0.244969E+01   0.756427E+00   0.101596E+00   0.796589E+00   0.796589E+00
   0.245443E+01   0.796239E+00   0.101570E+00   0.792374E+00   0.792374E+00
   0.245918E+01   0.725265E+00   0.101569E+00   0.788223E+00   0.788223E+00
   0.246392E+01   0.827295E+00   0.101301E+00   0.784137E+00   0.784137E+00
   0.246866E+01   0.732872E+00   0.101434E+00   0.780113E+00   0.780113E+00
   0.247340E+01   0.705954E+00   0.101218E+00   0.776153E+00   0.776153E+00
   0.247815E+01   0.845693E+00   0.101077E+00   0.772257E+00   0.772257E+00
   0.248289E+01   0.693397E+00   0.100895E+00   0.768424E+00   0.768424E+00
   0.248763E+01   0.570670E+00   0.100713E+00   0.764654E+00   0.764654E+00
   0.249238E+01   0.515892E+00   0.100794E+00   0.760947E+00   0.760947E+00
   0.249712E+01   0.905259E+00   0.100744E+00   0.757305E+00   0.757305E+00
   0.250186E+01   0.691738E+00   0.100491E+00   0.753725E+00   0.753725E+00
   0.250660E+01   0.715121E+00   0.100511E+00   0.750208E+00   0.750208E+00
   0.251135E+01   0.768849E+00   0.100322E+00   0.746754E+00   0.746754E+00
   0.251609E+01   0.712082E+00   0.100146E+00   0.743363E+00   0.743363E+00
   0.252083E+01   0.747482E+00   0.100180E+00   0.740033E+00   0.740033E+00
   0.252558E+01   0.743063E+00   0.997509E-01   0.736767E+00   0.736767E+00
   0.253032E+01   0.747430E+00   0.996424E-01   0.733561E+00   0.733561E+00
   0.253506E+01   0.689797E+00   0.995056E-01   0.730419E+00   0.730419E+00
   0.253980E+01   0.634553E+00   0.992965E-01   0.727337E+00   0.727337E+00
   0.254455E+01   0.657161E+00   0.993128E-01   0.724316E+00   0.724316E+00
   0.254929E+01   0.628460E+00   0.990553E-01   0.721356E+00   0.721356E+00
   0.255403E+01   0.783851E+00   0.992140E-01   0.718456E+00   0.718456E+00
   0.255878E+01   0.766433E+00   0.990465E-01   0.715616E+00   0.715616E+00
   0.256352E+01   0.600556E+00   0.988409E-01   0.712836E+00   0.712836E+00
   0.256826E+01   0.631853E+00   0.988695E-01   0.710115E+00   0.710115E+00
   0.257300E+01   0.806797E+00   0.988490E-01   0.707453E+00   0.707453E+00
   0.257775E+01   0.676895E+00   0.987612E-01   0.704849E+00   0.704849E+00
   0.258249E+01   0.663418E+00   0.989453E-01   0.702302E+00   0.702302E+00
   0.258723E+01   0.649982E+00   0.987759E-01   0.699813E+00   0.699813E+00
   0.259198E+01   0.596048E+00   0.986446E-01   0.697381E+00   0.697381E+00
   0.259672E+01   0.750246E+00   0.986405E-01   0.695004E+00   0.695004E+00
   0.260146E+01   0.636465E+00   0.985643E-01   0.692683E+00   0.692683E+00
   0.260620E+01   0.650677E+00   0.985154E-01   0.690416E+00   0.690416E+00
   0.261095E+01   0.724096E+00   0.985608E-01   0.688203E+00   0.688203E+00
   0.261569E+01   0.763886E+00   0.983263E-01   0.686046E+00   0.686046E+00
   0.262043E+01   0.741543E+00   0.982457E-01   0.683941E+00   0.683941E+00
   0.262518E+01   0.769477E+00   0.980714E-01   0.681887E+00   0.681887E+00
   0.262992E+01   0.687769E+00   0.980807E-01   0.679885E+00   0.679885E+00
   0.263466E+01   0.669129E+00   0.979315E-01   0.677933E+00   0.677933E+00
   0.263940E+01   0.619493E+00   0.978721E-01   0.676032E+00   0.676032E+00
   0.264415E+01   0.753543E+00   0.976233E-01   0.674179E+00   0.674179E+00
   0.264889E+01   0.698853E+00   0.976272E-01   0.672374E+00   0.672374E+00
   0.265363E+01   0.666936E+00   0.975125E-01   0.670617E+00   0.670617E+00
   0.265838E+01   0.563923E+00   0.972224E-01   0.668906E+00   0.668906E+00
   0.266312E+01   0.675458E+00   0.973954E-01   0.667241E+00   0.667241E+00
   0.266786E+01   0.581143E+00   0.972276E-01   0.665621E+00   0.665621E+00
   0.267260E+01   0.581298E+00   0.971206E-01   0.664044E+00   0.664044E+00
   0.267735E+01   0.658063E+00   0.970703E-01   0.662511E+00   0.662511E+00
   0.268209E+01   0.621628E+00   0.969575E-01   0.661019E+00   0.661019E+00
   0.268683E+01   0.608516E+00   0.970006E-01   0.659568E+00   0.659568E+00
   0.269158E+01   0.606901E+00   0.968120E-01   0.658157E+00   0.658157E+00
   0.269632E+01   0.682157E+00   0.968716E-01   0.656785E+00   0.656785E+00
   0.270106E+01   0.725397E+00   0.966966E-01   0.655450E+00   0.655450E+00
   0.270580E+01   0.700821E+00   0.966041E-01   0.654153E+00   0.654153E+00
   0.271055E+01   0.684494E+00   0.965468E-01   0.652892E+00   0.652892E+00
   0.271529E+01   0.702531E+00   0.964911E-01   0.651665E+00   0.651665E+00
   0.272003E+01   0.605632E+00   0.963363E-01   0.650472E+00   0.650472E+00
   0.272478E+01   0.687070E+00   0.962009E-01   0.649310E+00   0.649310E+00
   0.272952E+01   0.567230E+00   0.963255E-01   0.648182E+00   0.648182E+00
   0.273426E+01   0.697934E+00   0.960082E-01   0.647084E+00   0.647084E+00
   0.273901E+01   0.632957E+00   0.959927E-01   0.646014E+00   0.646014E+00
   0.274375E+01   0.779673E+00   0.959584E-01   0.644973E+00   0.644973E+00
   0.274849E+01   0.602166E+00   0.957645E-01   0.643959E+00   0.643959E+00
   0.275323E+01   0.696680E+00   0.957927E-01   0.642971E+00   0.642971E+00
   0.275798E+01   0.651196E+00   0.957314E-01   0.642007E+00   0.642007E+00
   0.276272E+01   0.555667E+00   0.955673E-01   0.641068E+00   0.641068E+00
   0.276746E+01   0.637780E+00   0.954164E-01   0.640150E+00   0.640150E+00
   0.277221E+01   0.681753E+00   0.952830E-01   0.639254E+00   0.639254E+00
   0.277695E+01   0.608570E+00   0.953104E-01   0.638378E+00   0.638378E+00
   0.278169E+01   0.619106E+00   0.953386E-01   0.637522E+00   0.637522E+00
   0.278643E+01   0.770481E+00   0.951992E-01   0.636683E+00   0.636683E+00
   0.279118E+01   0.823159E+00   0.950848E-01   0.635861E+00   0.635861E+00
   0.279592E+01   0.736723E+00   0.950542E-01   0.635054E+00   0.635054E+00
   0.280066E+01   0.730669E+00   0.949650E-01   0.634262E+00   0.634262E+00
   0.280540E+01   0.564324E+00   0.949345E-01   0.633483E+00   0.633483E+00
   0.281015E+01   0.508077E+00   0.947454E-01   0.632716E+00   0.632716E+00
   0.281489E+01   0.815556E+00   0.949954E-01   0.631961E+00   0.631961E+00
   0.281963E+01   0.834399E+00   0.969440E-01   0.631215E+00   0.631215E+00
   0.282438E+01   0.629714E+00   0.986786E-01   0.630478E+00   0.630478E+00
   0.282912E+01   0.720661E+00   0.998894E-01   0.629748E+00   0.629748E+00
   0.283386E+01   0.668210E+00   0.101005E+00   0.629028E+00   0.629028E+00
   0.283860E+01   0.550978E+00   0.101560E+00   0.628307E+00   0.628307E+00
   0.284335E+01   0.607682E+00   0.101965E+00   0.627595E+00   0.627595E+00
   0.284809E+01   0.701600E+00   0.102384E+00   0.626885E+00   0.626885E+00
   0.285283E+01   0.711077E+00   0.102782E+00   0.626178E+00   0.626178E+00
   0.285758E+01   0.577652E+00   0.102887E+00   0.625471E+00   0.625471E+00
   0.286232E+01   0.732610E+00   0.103331E+00   0.624765E+00   0.624765E+00
   0.286706E+01   0.678924E+00   0.103527E+00   0.624058E+00   0.624058E+00
   0.287181E+01   0.623339E+00   0.103687E+00   0.623349E+00   0.623349E+00
   0.287655E+01   0.628005E+00   0.103777E+00   0.622637E+00   0.622637E+00
   0.288129E+01   0.556804E+00   0.103551E+00   0.621921E+00   0.621921E+00
   0.288603E+01   0.620868E+00   0.101010E+00   0.621201E+00   0.621201E+00
   0.289078E+01   0.709652E+00   0.993335E-01   0.620475E+00   0.620475E+00
   0.289552E+01   0.638093E+00   0.980855E-01   0.619742E+00   0.619742E+00
   0.290026E+01   0.629210E+00   0.973480E-01   0.619002E+00   0.619002E+00
   0.290501E+01   0.605168E+00   0.967732E-01   0.618253E+00   0.618253E+00
   0.290975E+01   0.586295E+00   0.964560E-01   0.617495E+00   0.617495E+00
   0.291449E+01   0.621228E+00   0.961791E-01   0.616727E+00   0.616727E+00
   0.291923E+01   0.575784E+00   0.958870E-01   0.615948E+00   0.615948E+00
   0.292398E+01   0.588645E+00   0.957635E-01   0.615157E+00   0.615157E+00
   0.292872E+01   0.741215E+00   0.955655E-01   0.614354E+00   0.614354E+00
   0.293346E+01   0.519651E+00   0.953118E-01   0.613537E+00   0.613537E+00
   0.293820E+01   0.517099E+00   0.952537E-01   0.612707E+00   0.612707E+00
   0.294295E+01   0.581023E+00   0.951547E-01   0.611862E+00   0.611862E+00
   0.294769E+01   0.767727E+00   0.951247E-01   0.611002E+00   0.611002E+00
   0.295243E+01   0.704972E+00   0.948807E-01   0.610125E+00   0.610125E+00
   0.295718E+01   0.457159E+00   0.947564E-01   0.609232E+00   0.609232E+00
   0.296192E+01   0.681660E+00   0.947337E-01   0.608322E+00   0.608322E+00
   0.296666E+01   0.589908E+00   0.944289E-01   0.607394E+00   0.607394E+00
   0.297140E+01   0.622943E+00   0.942402E-01   0.606448E+00   0.606448E+00
   0.297615E+01   0.632371E+00   0.941979E-01   0.605483E+00   0.605483E+00
   0.298089E+01   0.558785E+00   0.940800E-01   0.604499E+00   0.604499E+00
   0.298563E+01   0.592433E+00   0.940160E-01   0.603495E+00   0.603495E+00
   0.299038E+01   0.638714E+00   0.938731E-01   0.602471E+00   0.602471E+00
   0.299512E+01   0.576206E+00   0.937377E-01   0.601427E+00   0.601427E+00
   0.299986E+01   0.516270E+00   0.935687E-01   0.600361E+00   0.600361E+00

           ####      Real Space Data                               ####

           Distance distribution  function of particle  


      R          P(R)      ERROR

  0.0000E+00  0.0000E+00  0.0000E+00
  0.3878E-01  0.1670E-01  0.3459E-03
  0.7757E-01  0.3417E-01  0.6405E-03
  0.1163E+00  0.5241E-01  0.8846E-03
  0.1551E+00  0.7141E-01  0.1079E-02
  0.1939E+00  0.9116E-01  0.1226E-02
  0.2327E+00  0.1116E+00  0.1328E-02
  0.2715E+00  0.1328E+00  0.1386E-02
  0.3103E+00  0.1547E+00  0.1404E-02
  0.3490E+00  0.1773E+00  0.1386E-02
  0.3878E+00  0.2005E+00  0.1335E-02
  0.4266E+00  0.2243E+00  0.1256E-02
  0.4654E+00  0.2487E+00  0.1155E-02
  0.5042E+00  0.2736E+00  0.1041E-02
  0.5430E+00  0.2990E+00  0.9216E-03
  0.5817E+00  0.3248E+00  0.8132E-03
  0.6205E+00  0.3511E+00  0.7356E-03
  0.6593E+00  0.3777E+00  0.7116E-03
  0.6981E+00  0.4046E+00  0.7538E-03
  0.7369E+00  0.4318E+00  0.8552E-03
  0.7757E+00  0.4592E+00  0.9969E-03
  0.8144E+00  0.4867E+00  0.1161E-02
  0.8532E+00  0.5143E+00  0.1333E-02
  0.8920E+00  0.5420E+00  0.1506E-02
  0.9308E+00  0.5696E+00  0.1671E-02
  0.9696E+00  0.5971E+00  0.1825E-02
  0.1008E+01  0.6244E+00  0.1964E-02
  0.1047E+01  0.6515E+00  0.2086E-02
  0.1086E+01  0.6784E+00  0.2188E-02
  0.1125E+01  0.7049E+00  0.2269E-02
  0.1163E+01  0.7310E+00  0.2328E-02
  0.1202E+01  0.7567E+00  0.2365E-02
  0.1241E+01  0.7818E+00  0.2381E-02
  0.1280E+01  0.8063E+00  0.2376E-02
  0.1319E+01  0.8302E+00  0.2352E-02
  0.1357E+01  0.8534E+00  0.2311E-02
  0.1396E+01  0.8758E+00  0.2255E-02
  0.1435E+01  0.8974E+00  0.2188E-02
  0.1474E+01  0.9182E+00  0.2114E-02
  0.1513E+01  0.9380E+00  0.2038E-02
  0.1551E+01  0.9569E+00  0.1965E-02
  0.1590E+01  0.9749E+00  0.1901E-02
  0.1629E+01  0.9918E+00  0.1850E-02
  0.1668E+01  0.1008E+01  0.1820E-02
  0.1706E+01  0.1022E+01  0.1813E-02
  0.1745E+01  0.1036E+01  0.1831E-02
  0.1784E+01  0.1048E+01  0.1873E-02
  0.1823E+01  0.1060E+01  0.1937E-02
  0.1862E+01  0.1070E+01  0.2018E-02
  0.1900E+01  0.1079E+01  0.2112E-02
  0.1939E+01  0.1086E+01  0.2212E-02
  0.1978E+01  0.1093E+01  0.2315E-02
  0.2017E+01  0.1098E+01  0.2415E-02
  0.2056E+01  0.1102E+01  0.2508E-02
  0.2094E+01  0.1105E+01  0.2593E-02
  0.2133E+01  0.1107E+01  0.2666E-02
  0.2172E+01  0.1107E+01  0.2726E-02
  0.2211E+01  0.1107E+01  0.2771E-02
  0.2249E+01  0.1105E+01  0.2802E-02
  0.2288E+01  0.1102E+01  0.2817E-02
  0.2327E+01  0.1098E+01  0.2819E-02
  0.2366E+01  0.1094E+01  0.2807E-02
  0.2405E+01  0.1088E+01  0.2783E-02
  0.2443E+01  0.1081E+01  0.2751E-02
  0.2482E+01  0.1073E+01  0.2713E-02
  0.2521E+01  0.1065E+01  0.2671E-02
  0.2560E+01  0.1056E+01  0.2630E-02
  0.2598E+01  0.1046E+01  0.2594E-02
  0.2637E+01  0.1035E+01  0.2564E-02
  0.2676E+01  0.1024E+01  0.2546E-02
  0.2715E+01  0.1012E+01  0.2541E-02
  0.2754E+01  0.9998E+00  0.2552E-02
  0.2792E+01  0.9870E+00  0.2578E-02
  0.2831E+01  0.9738E+00  0.2619E-02
  0.2870E+01  0.9602E+00  0.2673E-02
  0.2909E+01  0.9464E+00  0.2738E-02
  0.2948E+01  0.9323E+00  0.2811E-02
  0.2986E+01  0.9181E+00  0.2887E-02
  0.3025E+01  0.9037E+00  0.2964E-02
  0.3064E+01  0.8892E+00  0.3039E-02
  0.3103E+01  0.8747E+00  0.3107E-02
  0.3141E+01  0.8603E+00  0.3167E-02
  0.3180E+01  0.8458E+00  0.3215E-02
  0.3219E+01  0.8315E+00  0.3251E-02
  0.3258E+01  0.8172E+00  0.3273E-02
  0.3297E+01  0.8032E+00  0.3280E-02
  0.3335E+01  0.7893E+00  0.3272E-02
  0.3374E+01  0.7756E+00  0.3249E-02
  0.3413E+01  0.7622E+00  0.3212E-02
  0.3452E+01  0.7490E+00  0.3163E-02
  0.3490E+01  0.7361E+00  0.3103E-02
  0.3529E+01  0.7235E+00  0.3036E-02
  0.3568E+01  0.7112E+00  0.2966E-02
  0.3607E+01  0.6992E+00  0.2895E-02
  0.3646E+01  0.6875E+00  0.2828E-02
  0.3684E+01  0.6761E+00  0.2771E-02
  0.3723E+01  0.6650E+00  0.2727E-02
  0.3762E+01  0.6542E+00  0.2702E-02
  0.3801E+01  0.6436E+00  0.2698E-02
  0.3840E+01  0.6334E+00  0.2718E-02
  0.3878E+01  0.6234E+00  0.2762E-02
  0.3917E+01  0.6136E+00  0.2830E-02
  0.3956E+01  0.6041E+00  0.2919E-02
  0.3995E+01  0.5948E+00  0.3025E-02
  0.4033E+01  0.5857E+00  0.3144E-02
  0.4072E+01  0.5767E+00  0.3272E-02
  0.4111E+01  0.5679E+00  0.3405E-02
  0.4150E+01  0.5592E+00  0.3539E-02
  0.4189E+01  0.5506E+00  0.3669E-02
  0.4227E+01  0.5422E+00  0.3794E-02
  0.4266E+01  0.5337E+00  0.3909E-02
  0.4305E+01  0.5253E+00  0.4013E-02
  0.4344E+01  0.5169E+00  0.4105E-02
  0.4382E+01  0.5086E+00  0.4183E-02
  0.4421E+01  0.5002E+00  0.4246E-02
  0.4460E+01  0.4917E+00  0.4294E-02
  0.4499E+01  0.4833E+00  0.4328E-02
  0.4538E+01  0.4747E+00  0.4347E-02
  0.4576E+01  0.4662E+00  0.4353E-02
  0.4615E+01  0.4575E+00  0.4347E-02
  0.4654E+01  0.4487E+00  0.4332E-02
  0.4693E+01  0.4399E+00  0.4308E-02
  0.4732E+01  0.4310E+00  0.4277E-02
  0.4770E+01  0.4220E+00  0.4243E-02
  0.4809E+01  0.4129E+00  0.4208E-02
  0.4848E+01  0.4037E+00  0.4173E-02
  0.4887E+01  0.3945E+00  0.4141E-02
  0.4925E+01  0.3852E+00  0.4114E-02
  0.4964E+01  0.3758E+00  0.4093E-02
  0.5003E+01  0.3665E+00  0.4079E-02
  0.5042E+01  0.3571E+00  0.4074E-02
  0.5081E+01  0.3477E+00  0.4077E-02
  0.5119E+01  0.3383E+00  0.4088E-02
  0.5158E+01  0.3290E+00  0.4107E-02
  0.5197E+01  0.3197E+00  0.4132E-02
  0.5236E+01  0.3105E+00  0.4161E-02
  0.5274E+01  0.3014E+00  0.4194E-02
  0.5313E+01  0.2924E+00  0.4229E-02
  0.5352E+01  0.2836E+00  0.4264E-02
  0.5391E+01  0.2749E+00  0.4299E-02
  0.5430E+01  0.2665E+00  0.4331E-02
  0.5468E+01  0.2582E+00  0.4360E-02
  0.5507E+01  0.2502E+00  0.4386E-02
  0.5546E+01  0.2424E+00  0.4409E-02
  0.5585E+01  0.2349E+00  0.4428E-02
  0.5624E+01  0.2276E+00  0.4444E-02
  0.5662E+01  0.2207E+00  0.4457E-02
  0.5701E+01  0.2140E+00  0.4469E-02
  0.5740E+01  0.2077E+00  0.4481E-02
  0.5779E+01  0.2016E+00  0.4494E-02
  0.5817E+01  0.1959E+00  0.4509E-02
  0.5856E+01  0.1905E+00  0.4527E-02
  0.5895E+01  0.1855E+00  0.4551E-02
  0.5934E+01  0.1807E+00  0.4580E-02
  0.5973E+01  0.1763E+00  0.4615E-02
  0.6011E+01  0.1721E+00  0.4658E-02
  0.6050E+01  0.1683E+00  0.4709E-02
  0.6089E+01  0.1647E+00  0.4766E-02
  0.6128E+01  0.1613E+00  0.4831E-02
  0.6167E+01  0.1582E+00  0.4902E-02
  0.6205E+01  0.1553E+00  0.4978E-02
  0.6244E+01  0.1526E+00  0.5059E-02
  0.6283E+01  0.1500E+00  0.5142E-02
  0.6322E+01  0.1476E+00  0.5227E-02
  0.6360E+01  0.1452E+00  0.5312E-02
  0.6399E+01  0.1429E+00  0.5394E-02
  0.6438E+01  0.1406E+00  0.5473E-02
  0.6477E+01  0.1383E+00  0.5547E-02
  0.6516E+01  0.1359E+00  0.5613E-02
  0.6554E+01  0.1334E+00  0.5670E-02
  0.6593E+01  0.1308E+00  0.5715E-02
  0.6632E+01  0.1279E+00  0.5746E-02
  0.6671E+01  0.1249E+00  0.5761E-02
  0.6709E+01  0.1216E+00  0.5757E-02
  0.6748E+01  0.1179E+00  0.5732E-02
  0.6787E+01  0.1139E+00  0.5681E-02
  0.6826E+01  0.1095E+00  0.5602E-02
  0.6865E+01  0.1047E+00  0.5491E-02
  0.6903E+01  0.9940E-01  0.5344E-02
  0.6942E+01  0.9358E-01  0.5157E-02
  0.6981E+01  0.8720E-01  0.4926E-02
  0.7020E+01  0.8025E-01  0.4645E-02
  0.7059E+01  0.7267E-01  0.4309E-02
  0.7097E+01  0.6445E-01  0.3915E-02
  0.7136E+01  0.5554E-01  0.3455E-02
  0.7175E+01  0.4594E-01  0.2926E-02
  0.7214E+01  0.3560E-01  0.2321E-02
  0.7252E+01  0.2451E-01  0.1636E-02
  0.7291E+01  0.1265E-01  0.8636E-03
  0.7330E+01  0.0000E+00  0.0000E+00
