
           ####      G N O M             Version 5.0 (r13469)      ####
                                               Wed Dec 15 15:09:11 2021

           ####      Configuration                                 ####

    System Type:                   arbitrary monodisperse (job = 0)
    Minimum characteristic size:         0.0000
    Maximum characteristic size:         6.4500
    rad56:                               0.0000
    Force 0.0 at r = rmin:                  yes
    Force 0.0 at r = rmax:                  yes
    Initial alpha:                       0.0000
    Initial random seed:    1430455032263485792
    Points in real space:                   190

    Input  1:                      temp-inp.dat
    First data point used:                    1
    Last data point used:                   570
    Scaling coefficient:             0.1000E+01
    Experimental setup:            point collimation



           ####      Results                                       ####

    Parameter    DISCRP  OSCILL  STABIL  SYSDEV  POSITV  VALCEN  SMOOTH
    Weight        1.000   3.000   3.000   3.000   1.000   1.000   1.000
    Sigma         0.300   0.600   0.120   0.120   0.120   0.120   0.600
    Ideal         0.700   1.100   0.000   1.000   1.000   0.950   0.000
    Current       0.664   1.139   0.013   0.745   1.000   0.903   2.619
               --------------------------------------------------------
    Estimate      0.986   0.996   0.989   0.011   1.000   0.857   0.000

    Angular range:                       0.3012 to       2.9999
    Reciprocal space Rg:             0.2254E+01
    Reciprocal space I(0):           0.2780E+02

    Real space range:                    0.0000 to       6.4500
    Real space Rg:                   0.2258E+01 +-   0.3902E-02
    Real space I(0):                 0.2780E+02 +-   0.6347E-01

    Highest ALPHA (theor):           0.1730E+02
    Current ALPHA:                   0.1544E+02

    Total Estimate:                      0.6792 (a REASONABLE solution)



           ####      Experimental Data and Fit                     ####

      S          J EXP       ERROR       J REG       I REG

   0.000000E+00                                                0.277981E+02
   0.107561E-01                                                0.277926E+02
   0.215123E-01                                                0.277762E+02
   0.322684E-01                                                0.277489E+02
   0.430246E-01                                                0.277108E+02
   0.537807E-01                                                0.276618E+02
   0.645368E-01                                                0.276020E+02
   0.752930E-01                                                0.275316E+02
   0.860491E-01                                                0.274505E+02
   0.968053E-01                                                0.273590E+02
   0.107561E+00                                                0.272571E+02
   0.118318E+00                                                0.271449E+02
   0.129074E+00                                                0.270225E+02
   0.139830E+00                                                0.268902E+02
   0.150586E+00                                                0.267481E+02
   0.161342E+00                                                0.265963E+02
   0.172098E+00                                                0.264350E+02
   0.182854E+00                                                0.262645E+02
   0.193611E+00                                                0.260849E+02
   0.204367E+00                                                0.258965E+02
   0.215123E+00                                                0.256994E+02
   0.225879E+00                                                0.254940E+02
   0.236635E+00                                                0.252804E+02
   0.247391E+00                                                0.250588E+02
   0.258147E+00                                                0.248297E+02
   0.268903E+00                                                0.245931E+02
   0.279660E+00                                                0.243495E+02
   0.290416E+00                                                0.240990E+02
   0.301172E+00   0.242139E+02   0.189338E+00   0.238419E+02   0.238419E+02
   0.305915E+00   0.239994E+02   0.187556E+00   0.237266E+02   0.237266E+02
   0.310658E+00   0.240026E+02   0.185496E+00   0.236101E+02   0.236101E+02
   0.315400E+00   0.238706E+02   0.183865E+00   0.234924E+02   0.234924E+02
   0.320143E+00   0.233386E+02   0.181803E+00   0.233735E+02   0.233735E+02
   0.324886E+00   0.232948E+02   0.180321E+00   0.232536E+02   0.232536E+02
   0.329629E+00   0.234383E+02   0.178699E+00   0.231325E+02   0.231325E+02
   0.334372E+00   0.233186E+02   0.177585E+00   0.230104E+02   0.230104E+02
   0.339115E+00   0.233191E+02   0.178023E+00   0.228872E+02   0.228872E+02
   0.343858E+00   0.233763E+02   0.180559E+00   0.227631E+02   0.227631E+02
   0.348601E+00   0.229571E+02   0.184047E+00   0.226379E+02   0.226379E+02
   0.353343E+00   0.227508E+02   0.187431E+00   0.225118E+02   0.225118E+02
   0.358086E+00   0.225025E+02   0.189138E+00   0.223848E+02   0.223848E+02
   0.362829E+00   0.222257E+02   0.190472E+00   0.222568E+02   0.222568E+02
   0.367572E+00   0.224134E+02   0.192015E+00   0.221280E+02   0.221280E+02
   0.372315E+00   0.221747E+02   0.193430E+00   0.219983E+02   0.219983E+02
   0.377058E+00   0.221312E+02   0.194162E+00   0.218678E+02   0.218678E+02
   0.381801E+00   0.217544E+02   0.194968E+00   0.217366E+02   0.217366E+02
   0.386543E+00   0.217432E+02   0.195722E+00   0.216045E+02   0.216045E+02
   0.391286E+00   0.216158E+02   0.196343E+00   0.214717E+02   0.214717E+02
   0.396029E+00   0.210944E+02   0.196479E+00   0.213381E+02   0.213381E+02
   0.400772E+00   0.213224E+02   0.197608E+00   0.212039E+02   0.212039E+02
   0.405515E+00   0.212491E+02   0.204480E+00   0.210690E+02   0.210690E+02
   0.410258E+00   0.208383E+02   0.209084E+00   0.209335E+02   0.209335E+02
   0.415001E+00   0.208389E+02   0.213696E+00   0.207973E+02   0.207973E+02
   0.419744E+00   0.209176E+02   0.216939E+00   0.206606E+02   0.206606E+02
   0.424486E+00   0.207119E+02   0.219722E+00   0.205233E+02   0.205233E+02
   0.429229E+00   0.201802E+02   0.222451E+00   0.203855E+02   0.203855E+02
   0.433972E+00   0.202022E+02   0.225900E+00   0.202472E+02   0.202472E+02
   0.438715E+00   0.200393E+02   0.228764E+00   0.201084E+02   0.201084E+02
   0.443458E+00   0.198752E+02   0.231876E+00   0.199692E+02   0.199692E+02
   0.448201E+00   0.197959E+02   0.235435E+00   0.198295E+02   0.198295E+02
   0.452944E+00   0.196729E+02   0.239126E+00   0.196895E+02   0.196895E+02
   0.457686E+00   0.196591E+02   0.241819E+00   0.195490E+02   0.195490E+02
   0.462429E+00   0.192388E+02   0.243223E+00   0.194083E+02   0.194083E+02
   0.467172E+00   0.189096E+02   0.241487E+00   0.192672E+02   0.192672E+02
   0.471915E+00   0.190209E+02   0.232684E+00   0.191258E+02   0.191258E+02
   0.476658E+00   0.188685E+02   0.227366E+00   0.189841E+02   0.189841E+02
   0.481401E+00   0.187151E+02   0.224113E+00   0.188422E+02   0.188422E+02
   0.486144E+00   0.188403E+02   0.221761E+00   0.187001E+02   0.187001E+02
   0.490887E+00   0.187695E+02   0.219557E+00   0.185579E+02   0.185579E+02
   0.495629E+00   0.184911E+02   0.217740E+00   0.184154E+02   0.184154E+02
   0.500372E+00   0.183476E+02   0.216308E+00   0.182728E+02   0.182728E+02
   0.505115E+00   0.181028E+02   0.214746E+00   0.181301E+02   0.181301E+02
   0.509858E+00   0.180929E+02   0.213097E+00   0.179873E+02   0.179873E+02
   0.514601E+00   0.175800E+02   0.212002E+00   0.178444E+02   0.178444E+02
   0.519344E+00   0.174688E+02   0.210557E+00   0.177016E+02   0.177016E+02
   0.524087E+00   0.173889E+02   0.209310E+00   0.175586E+02   0.175586E+02
   0.528829E+00   0.173648E+02   0.208097E+00   0.174157E+02   0.174157E+02
   0.533572E+00   0.173207E+02   0.206861E+00   0.172729E+02   0.172729E+02
   0.538315E+00   0.168788E+02   0.204818E+00   0.171301E+02   0.171301E+02
   0.543058E+00   0.168699E+02   0.203573E+00   0.169874E+02   0.169874E+02
   0.547801E+00   0.165670E+02   0.201554E+00   0.168447E+02   0.168447E+02
   0.552544E+00   0.164070E+02   0.200149E+00   0.167022E+02   0.167022E+02
   0.557287E+00   0.167254E+02   0.198964E+00   0.165599E+02   0.165599E+02
   0.562029E+00   0.161647E+02   0.196999E+00   0.164177E+02   0.164177E+02
   0.566772E+00   0.161689E+02   0.195751E+00   0.162758E+02   0.162758E+02
   0.571515E+00   0.159976E+02   0.194180E+00   0.161340E+02   0.161340E+02
   0.576258E+00   0.158589E+02   0.192854E+00   0.159925E+02   0.159925E+02
   0.581001E+00   0.156798E+02   0.191713E+00   0.158512E+02   0.158512E+02
   0.585744E+00   0.153815E+02   0.190962E+00   0.157103E+02   0.157103E+02
   0.590487E+00   0.154023E+02   0.190435E+00   0.155696E+02   0.155696E+02
   0.595230E+00   0.152042E+02   0.189320E+00   0.154293E+02   0.154293E+02
   0.599972E+00   0.154042E+02   0.189498E+00   0.152893E+02   0.152893E+02
   0.604715E+00   0.151581E+02   0.188472E+00   0.151497E+02   0.151497E+02
   0.609458E+00   0.149549E+02   0.187947E+00   0.150104E+02   0.150104E+02
   0.614201E+00   0.147625E+02   0.187277E+00   0.148716E+02   0.148716E+02
   0.618944E+00   0.147421E+02   0.186615E+00   0.147332E+02   0.147332E+02
   0.623687E+00   0.143905E+02   0.185568E+00   0.145952E+02   0.145952E+02
   0.628430E+00   0.142087E+02   0.185059E+00   0.144577E+02   0.144577E+02
   0.633173E+00   0.140294E+02   0.184127E+00   0.143207E+02   0.143207E+02
   0.637915E+00   0.141928E+02   0.184030E+00   0.141841E+02   0.141841E+02
   0.642658E+00   0.139691E+02   0.183126E+00   0.140481E+02   0.140481E+02
   0.647401E+00   0.136851E+02   0.182273E+00   0.139126E+02   0.139126E+02
   0.652144E+00   0.136243E+02   0.182024E+00   0.137777E+02   0.137777E+02
   0.656887E+00   0.135783E+02   0.181554E+00   0.136433E+02   0.136433E+02
   0.661630E+00   0.134833E+02   0.180966E+00   0.135096E+02   0.135096E+02
   0.666373E+00   0.132325E+02   0.179924E+00   0.133764E+02   0.133764E+02
   0.671115E+00   0.129248E+02   0.179470E+00   0.132438E+02   0.132438E+02
   0.675858E+00   0.129770E+02   0.179114E+00   0.131119E+02   0.131119E+02
   0.680601E+00   0.128575E+02   0.178220E+00   0.129806E+02   0.129806E+02
   0.685344E+00   0.129787E+02   0.177853E+00   0.128500E+02   0.128500E+02
   0.690087E+00   0.125469E+02   0.177119E+00   0.127200E+02   0.127200E+02
   0.694830E+00   0.124374E+02   0.176620E+00   0.125908E+02   0.125908E+02
   0.699573E+00   0.122731E+02   0.176213E+00   0.124622E+02   0.124622E+02
   0.704315E+00   0.122896E+02   0.175745E+00   0.123344E+02   0.123344E+02
   0.709058E+00   0.121175E+02   0.174902E+00   0.122073E+02   0.122073E+02
   0.713801E+00   0.119550E+02   0.174416E+00   0.120809E+02   0.120809E+02
   0.718544E+00   0.117748E+02   0.173946E+00   0.119553E+02   0.119553E+02
   0.723287E+00   0.117127E+02   0.173442E+00   0.118305E+02   0.118305E+02
   0.728030E+00   0.116577E+02   0.172762E+00   0.117064E+02   0.117064E+02
   0.732773E+00   0.118678E+02   0.172589E+00   0.115831E+02   0.115831E+02
   0.737515E+00   0.114220E+02   0.171807E+00   0.114607E+02   0.114607E+02
   0.742258E+00   0.112961E+02   0.171167E+00   0.113390E+02   0.113390E+02
   0.747001E+00   0.112759E+02   0.170638E+00   0.112181E+02   0.112181E+02
   0.751744E+00   0.110741E+02   0.170404E+00   0.110981E+02   0.110981E+02
   0.756487E+00   0.110044E+02   0.169680E+00   0.109790E+02   0.109790E+02
   0.761230E+00   0.107884E+02   0.168987E+00   0.108606E+02   0.108606E+02
   0.765973E+00   0.107968E+02   0.168847E+00   0.107432E+02   0.107432E+02
   0.770716E+00   0.105037E+02   0.168146E+00   0.106266E+02   0.106266E+02
   0.775459E+00   0.104564E+02   0.167888E+00   0.105109E+02   0.105109E+02
   0.780201E+00   0.104530E+02   0.167677E+00   0.103960E+02   0.103960E+02
   0.784944E+00   0.102171E+02   0.167113E+00   0.102821E+02   0.102821E+02
   0.789687E+00   0.100389E+02   0.165983E+00   0.101690E+02   0.101690E+02
   0.794430E+00   0.100629E+02   0.165744E+00   0.100569E+02   0.100569E+02
   0.799173E+00   0.996142E+01   0.165335E+00   0.994563E+01   0.994563E+01
   0.803916E+00   0.996854E+01   0.164552E+00   0.983531E+01   0.983531E+01
   0.808658E+00   0.965365E+01   0.164397E+00   0.972590E+01   0.972590E+01
   0.813401E+00   0.953866E+01   0.163588E+00   0.961743E+01   0.961743E+01
   0.818144E+00   0.971256E+01   0.163534E+00   0.950988E+01   0.950988E+01
   0.822887E+00   0.965546E+01   0.163184E+00   0.940327E+01   0.940327E+01
   0.827630E+00   0.928364E+01   0.162341E+00   0.929760E+01   0.929760E+01
   0.832373E+00   0.895688E+01   0.161814E+00   0.919288E+01   0.919288E+01
   0.837116E+00   0.903627E+01   0.161586E+00   0.908911E+01   0.908911E+01
   0.841859E+00   0.889623E+01   0.161308E+00   0.898628E+01   0.898628E+01
   0.846601E+00   0.875783E+01   0.160397E+00   0.888441E+01   0.888441E+01
   0.851344E+00   0.895325E+01   0.160181E+00   0.878350E+01   0.878350E+01
   0.856087E+00   0.850205E+01   0.159547E+00   0.868354E+01   0.868354E+01
   0.860830E+00   0.841499E+01   0.159296E+00   0.858455E+01   0.858455E+01
   0.865573E+00   0.864555E+01   0.159212E+00   0.848652E+01   0.848652E+01
   0.870316E+00   0.864135E+01   0.158735E+00   0.838945E+01   0.838945E+01
   0.875059E+00   0.836302E+01   0.158380E+00   0.829335E+01   0.829335E+01
   0.879802E+00   0.809795E+01   0.157425E+00   0.819821E+01   0.819821E+01
   0.884544E+00   0.835902E+01   0.157531E+00   0.810405E+01   0.810405E+01
   0.889287E+00   0.819409E+01   0.156730E+00   0.801084E+01   0.801084E+01
   0.894030E+00   0.788265E+01   0.156339E+00   0.791861E+01   0.791861E+01
   0.898773E+00   0.789271E+01   0.156123E+00   0.782734E+01   0.782734E+01
   0.903516E+00   0.784654E+01   0.155850E+00   0.773704E+01   0.773704E+01
   0.908259E+00   0.757651E+01   0.155254E+00   0.764770E+01   0.764770E+01
   0.913002E+00   0.766079E+01   0.154702E+00   0.755932E+01   0.755932E+01
   0.917744E+00   0.766846E+01   0.154303E+00   0.747191E+01   0.747191E+01
   0.922487E+00   0.775674E+01   0.154048E+00   0.738545E+01   0.738545E+01
   0.927230E+00   0.730915E+01   0.153625E+00   0.729996E+01   0.729996E+01
   0.931973E+00   0.704554E+01   0.153130E+00   0.721542E+01   0.721542E+01
   0.936716E+00   0.718048E+01   0.153042E+00   0.713183E+01   0.713183E+01
   0.941459E+00   0.716736E+01   0.152650E+00   0.704919E+01   0.704919E+01
   0.946202E+00   0.699120E+01   0.152032E+00   0.696750E+01   0.696750E+01
   0.950944E+00   0.697002E+01   0.151563E+00   0.688676E+01   0.688676E+01
   0.955687E+00   0.685392E+01   0.151508E+00   0.680696E+01   0.680696E+01
   0.960430E+00   0.688347E+01   0.151034E+00   0.672809E+01   0.672809E+01
   0.965173E+00   0.662342E+01   0.150356E+00   0.665015E+01   0.665015E+01
   0.969916E+00   0.661182E+01   0.150213E+00   0.657315E+01   0.657315E+01
   0.974659E+00   0.658624E+01   0.149863E+00   0.649707E+01   0.649707E+01
   0.979402E+00   0.629979E+01   0.149447E+00   0.642190E+01   0.642190E+01
   0.984144E+00   0.634390E+01   0.149183E+00   0.634766E+01   0.634766E+01
   0.988887E+00   0.638742E+01   0.148859E+00   0.627432E+01   0.627432E+01
   0.993630E+00   0.637083E+01   0.148298E+00   0.620189E+01   0.620189E+01
   0.998373E+00   0.611144E+01   0.147885E+00   0.613035E+01   0.613035E+01
   0.100312E+01   0.609493E+01   0.147451E+00   0.605971E+01   0.605971E+01
   0.100786E+01   0.623601E+01   0.147360E+00   0.598996E+01   0.598996E+01
   0.101260E+01   0.590796E+01   0.147177E+00   0.592109E+01   0.592109E+01
   0.101734E+01   0.605050E+01   0.146684E+00   0.585309E+01   0.585309E+01
   0.102209E+01   0.597623E+01   0.146233E+00   0.578598E+01   0.578598E+01
   0.102683E+01   0.593459E+01   0.145938E+00   0.571972E+01   0.571972E+01
   0.103157E+01   0.574974E+01   0.145675E+00   0.565431E+01   0.565431E+01
   0.103632E+01   0.552271E+01   0.145272E+00   0.558976E+01   0.558976E+01
   0.104106E+01   0.578594E+01   0.144950E+00   0.552604E+01   0.552604E+01
   0.104580E+01   0.554221E+01   0.144468E+00   0.546317E+01   0.546317E+01
   0.105055E+01   0.544136E+01   0.144119E+00   0.540112E+01   0.540112E+01
   0.105529E+01   0.562215E+01   0.143838E+00   0.533990E+01   0.533990E+01
   0.106003E+01   0.547361E+01   0.143754E+00   0.527949E+01   0.527949E+01
   0.106477E+01   0.547148E+01   0.143523E+00   0.521989E+01   0.521989E+01
   0.106952E+01   0.537616E+01   0.143239E+00   0.516108E+01   0.516108E+01
   0.107426E+01   0.509957E+01   0.142811E+00   0.510306E+01   0.510306E+01
   0.107900E+01   0.513270E+01   0.142315E+00   0.504583E+01   0.504583E+01
   0.108374E+01   0.512639E+01   0.142079E+00   0.498937E+01   0.498937E+01
   0.108849E+01   0.509403E+01   0.141715E+00   0.493368E+01   0.493368E+01
   0.109323E+01   0.509020E+01   0.141388E+00   0.487877E+01   0.487877E+01
   0.109797E+01   0.495674E+01   0.141325E+00   0.482459E+01   0.482459E+01
   0.110272E+01   0.505037E+01   0.141007E+00   0.477115E+01   0.477115E+01
   0.110746E+01   0.482921E+01   0.140641E+00   0.471845E+01   0.471845E+01
   0.111220E+01   0.493560E+01   0.140307E+00   0.466648E+01   0.466648E+01
   0.111695E+01   0.474933E+01   0.139963E+00   0.461522E+01   0.461522E+01
   0.112169E+01   0.468587E+01   0.139753E+00   0.456467E+01   0.456467E+01
   0.112643E+01   0.469579E+01   0.139164E+00   0.451483E+01   0.451483E+01
   0.113117E+01   0.431161E+01   0.139019E+00   0.446568E+01   0.446568E+01
   0.113592E+01   0.422724E+01   0.138567E+00   0.441720E+01   0.441720E+01
   0.114066E+01   0.435132E+01   0.138682E+00   0.436940E+01   0.436940E+01
   0.114540E+01   0.460204E+01   0.138684E+00   0.432227E+01   0.432227E+01
   0.115014E+01   0.461120E+01   0.138081E+00   0.427580E+01   0.427580E+01
   0.115489E+01   0.445164E+01   0.137823E+00   0.422997E+01   0.422997E+01
   0.115963E+01   0.448415E+01   0.137374E+00   0.418478E+01   0.418478E+01
   0.116437E+01   0.429099E+01   0.137112E+00   0.414023E+01   0.414023E+01
   0.116912E+01   0.413019E+01   0.136807E+00   0.409630E+01   0.409630E+01
   0.117386E+01   0.423734E+01   0.136798E+00   0.405297E+01   0.405297E+01
   0.117860E+01   0.415482E+01   0.136366E+00   0.401025E+01   0.401025E+01
   0.118335E+01   0.403625E+01   0.136125E+00   0.396813E+01   0.396813E+01
   0.118809E+01   0.381012E+01   0.135630E+00   0.392659E+01   0.392659E+01
   0.119283E+01   0.391870E+01   0.135461E+00   0.388563E+01   0.388563E+01
   0.119757E+01   0.383665E+01   0.135144E+00   0.384525E+01   0.384525E+01
   0.120232E+01   0.368612E+01   0.135018E+00   0.380542E+01   0.380542E+01
   0.120706E+01   0.379251E+01   0.135505E+00   0.376614E+01   0.376614E+01
   0.121180E+01   0.368297E+01   0.139713E+00   0.372740E+01   0.372740E+01
   0.121654E+01   0.365609E+01   0.142446E+00   0.368919E+01   0.368919E+01
   0.122129E+01   0.391349E+01   0.144657E+00   0.365151E+01   0.365151E+01
   0.122603E+01   0.397927E+01   0.146473E+00   0.361435E+01   0.361435E+01
   0.123077E+01   0.364876E+01   0.147891E+00   0.357769E+01   0.357769E+01
   0.123552E+01   0.356570E+01   0.149057E+00   0.354154E+01   0.354154E+01
   0.124026E+01   0.355231E+01   0.150634E+00   0.350588E+01   0.350588E+01
   0.124500E+01   0.363292E+01   0.152042E+00   0.347069E+01   0.347069E+01
   0.124975E+01   0.365057E+01   0.153285E+00   0.343598E+01   0.343598E+01
   0.125449E+01   0.343463E+01   0.154081E+00   0.340174E+01   0.340174E+01
   0.125923E+01   0.358892E+01   0.154494E+00   0.336795E+01   0.336795E+01
   0.126397E+01   0.357480E+01   0.155310E+00   0.333461E+01   0.333461E+01
   0.126872E+01   0.345997E+01   0.155535E+00   0.330171E+01   0.330171E+01
   0.127346E+01   0.342396E+01   0.153008E+00   0.326925E+01   0.326925E+01
   0.127820E+01   0.348062E+01   0.147836E+00   0.323721E+01   0.323721E+01
   0.128295E+01   0.340411E+01   0.144781E+00   0.320558E+01   0.320558E+01
   0.128769E+01   0.329940E+01   0.142582E+00   0.317436E+01   0.317436E+01
   0.129243E+01   0.323695E+01   0.140871E+00   0.314355E+01   0.314355E+01
   0.129717E+01   0.324218E+01   0.139456E+00   0.311312E+01   0.311312E+01
   0.130192E+01   0.313282E+01   0.138048E+00   0.308309E+01   0.308309E+01
   0.130666E+01   0.310106E+01   0.136804E+00   0.305343E+01   0.305343E+01
   0.131140E+01   0.286393E+01   0.135622E+00   0.302414E+01   0.302414E+01
   0.131614E+01   0.294780E+01   0.134872E+00   0.299522E+01   0.299522E+01
   0.132089E+01   0.307120E+01   0.134220E+00   0.296665E+01   0.296665E+01
   0.132563E+01   0.289625E+01   0.133525E+00   0.293843E+01   0.293843E+01
   0.133037E+01   0.281792E+01   0.133112E+00   0.291055E+01   0.291055E+01
   0.133512E+01   0.296652E+01   0.133037E+00   0.288300E+01   0.288300E+01
   0.133986E+01   0.303753E+01   0.132731E+00   0.285579E+01   0.285579E+01
   0.134460E+01   0.290414E+01   0.132176E+00   0.282889E+01   0.282889E+01
   0.134935E+01   0.296099E+01   0.131963E+00   0.280231E+01   0.280231E+01
   0.135409E+01   0.266332E+01   0.131541E+00   0.277604E+01   0.277604E+01
   0.135883E+01   0.269212E+01   0.131250E+00   0.275007E+01   0.275007E+01
   0.136357E+01   0.272344E+01   0.130940E+00   0.272439E+01   0.272439E+01
   0.136832E+01   0.264519E+01   0.130714E+00   0.269900E+01   0.269900E+01
   0.137306E+01   0.254386E+01   0.130349E+00   0.267390E+01   0.267390E+01
   0.137780E+01   0.267876E+01   0.130002E+00   0.264907E+01   0.264907E+01
   0.138254E+01   0.255364E+01   0.129794E+00   0.262451E+01   0.262451E+01
   0.138729E+01   0.256413E+01   0.129664E+00   0.260021E+01   0.260021E+01
   0.139203E+01   0.247426E+01   0.129320E+00   0.257617E+01   0.257617E+01
   0.139677E+01   0.256901E+01   0.128981E+00   0.255239E+01   0.255239E+01
   0.140152E+01   0.240660E+01   0.128731E+00   0.252886E+01   0.252886E+01
   0.140626E+01   0.241217E+01   0.128499E+00   0.250556E+01   0.250556E+01
   0.141100E+01   0.240218E+01   0.128248E+00   0.248251E+01   0.248251E+01
   0.141575E+01   0.217127E+01   0.127756E+00   0.245969E+01   0.245969E+01
   0.142049E+01   0.231285E+01   0.127676E+00   0.243710E+01   0.243710E+01
   0.142523E+01   0.240371E+01   0.127397E+00   0.241472E+01   0.241472E+01
   0.142997E+01   0.238706E+01   0.127267E+00   0.239257E+01   0.239257E+01
   0.143472E+01   0.225706E+01   0.126971E+00   0.237062E+01   0.237062E+01
   0.143946E+01   0.203678E+01   0.126818E+00   0.234889E+01   0.234889E+01
   0.144420E+01   0.224182E+01   0.126593E+00   0.232736E+01   0.232736E+01
   0.144894E+01   0.215660E+01   0.126323E+00   0.230603E+01   0.230603E+01
   0.145369E+01   0.233609E+01   0.126315E+00   0.228489E+01   0.228489E+01
   0.145843E+01   0.230311E+01   0.125954E+00   0.226394E+01   0.226394E+01
   0.146317E+01   0.213993E+01   0.125708E+00   0.224318E+01   0.224318E+01
   0.146792E+01   0.223386E+01   0.125630E+00   0.222261E+01   0.222261E+01
   0.147266E+01   0.209813E+01   0.125257E+00   0.220221E+01   0.220221E+01
   0.147740E+01   0.210885E+01   0.124899E+00   0.218199E+01   0.218199E+01
   0.148215E+01   0.204988E+01   0.124700E+00   0.216195E+01   0.216195E+01
   0.148689E+01   0.205343E+01   0.124465E+00   0.214207E+01   0.214207E+01
   0.149163E+01   0.216976E+01   0.124428E+00   0.212235E+01   0.212235E+01
   0.149637E+01   0.208944E+01   0.124378E+00   0.210280E+01   0.210280E+01
   0.150112E+01   0.211430E+01   0.124225E+00   0.208340E+01   0.208340E+01
   0.150586E+01   0.216674E+01   0.126785E+00   0.206417E+01   0.206417E+01
   0.151060E+01   0.193479E+01   0.129951E+00   0.204508E+01   0.204508E+01
   0.151534E+01   0.191177E+01   0.132189E+00   0.202615E+01   0.202615E+01
   0.152009E+01   0.188103E+01   0.133945E+00   0.200736E+01   0.200736E+01
   0.152483E+01   0.200098E+01   0.135444E+00   0.198872E+01   0.198872E+01
   0.152957E+01   0.206458E+01   0.136442E+00   0.197022E+01   0.197022E+01
   0.153432E+01   0.191179E+01   0.132873E+00   0.195186E+01   0.195186E+01
   0.153906E+01   0.189147E+01   0.130586E+00   0.193364E+01   0.193364E+01
   0.154380E+01   0.191762E+01   0.129282E+00   0.191556E+01   0.191556E+01
   0.154855E+01   0.177450E+01   0.127673E+00   0.189761E+01   0.189761E+01
   0.155329E+01   0.185138E+01   0.126326E+00   0.187979E+01   0.187979E+01
   0.155803E+01   0.183330E+01   0.125292E+00   0.186209E+01   0.186209E+01
   0.156277E+01   0.174860E+01   0.123946E+00   0.184453E+01   0.184453E+01
   0.156752E+01   0.174035E+01   0.122956E+00   0.182709E+01   0.182709E+01
   0.157226E+01   0.163681E+01   0.122208E+00   0.180978E+01   0.180978E+01
   0.157700E+01   0.178520E+01   0.121596E+00   0.179259E+01   0.179259E+01
   0.158175E+01   0.180088E+01   0.121327E+00   0.177552E+01   0.177552E+01
   0.158649E+01   0.187885E+01   0.121388E+00   0.175857E+01   0.175857E+01
   0.159123E+01   0.159160E+01   0.121591E+00   0.174174E+01   0.174174E+01
   0.159597E+01   0.146880E+01   0.121411E+00   0.172503E+01   0.172503E+01
   0.160072E+01   0.146820E+01   0.121670E+00   0.170843E+01   0.170843E+01
   0.160546E+01   0.150226E+01   0.121573E+00   0.169194E+01   0.169194E+01
   0.161020E+01   0.163899E+01   0.121295E+00   0.167557E+01   0.167557E+01
   0.161495E+01   0.175674E+01   0.120779E+00   0.165932E+01   0.165932E+01
   0.161969E+01   0.154180E+01   0.120830E+00   0.164318E+01   0.164318E+01
   0.162443E+01   0.148363E+01   0.120664E+00   0.162715E+01   0.162715E+01
   0.162917E+01   0.140300E+01   0.120360E+00   0.161122E+01   0.161122E+01
   0.163392E+01   0.166255E+01   0.120171E+00   0.159541E+01   0.159541E+01
   0.163866E+01   0.158388E+01   0.119976E+00   0.157971E+01   0.157971E+01
   0.164340E+01   0.146650E+01   0.119735E+00   0.156412E+01   0.156412E+01
   0.164815E+01   0.138434E+01   0.119456E+00   0.154863E+01   0.154863E+01
   0.165289E+01   0.148716E+01   0.119336E+00   0.153325E+01   0.153325E+01
   0.165763E+01   0.145579E+01   0.119178E+00   0.151799E+01   0.151799E+01
   0.166237E+01   0.145253E+01   0.118953E+00   0.150282E+01   0.150282E+01
   0.166712E+01   0.140255E+01   0.118680E+00   0.148777E+01   0.148777E+01
   0.167186E+01   0.134580E+01   0.118613E+00   0.147282E+01   0.147282E+01
   0.167660E+01   0.137037E+01   0.118294E+00   0.145798E+01   0.145798E+01
   0.168135E+01   0.137128E+01   0.118227E+00   0.144324E+01   0.144324E+01
   0.168609E+01   0.128878E+01   0.117700E+00   0.142861E+01   0.142861E+01
   0.169083E+01   0.130929E+01   0.117590E+00   0.141409E+01   0.141409E+01
   0.169557E+01   0.133531E+01   0.117680E+00   0.139967E+01   0.139967E+01
   0.170032E+01   0.127926E+01   0.117296E+00   0.138536E+01   0.138536E+01
   0.170506E+01   0.138170E+01   0.117354E+00   0.137116E+01   0.137116E+01
   0.170980E+01   0.123263E+01   0.117152E+00   0.135706E+01   0.135706E+01
   0.171455E+01   0.125941E+01   0.117273E+00   0.134307E+01   0.134307E+01
   0.171929E+01   0.141480E+01   0.116735E+00   0.132918E+01   0.132918E+01
   0.172403E+01   0.129777E+01   0.116498E+00   0.131541E+01   0.131541E+01
   0.172877E+01   0.123927E+01   0.116402E+00   0.130174E+01   0.130174E+01
   0.173352E+01   0.126646E+01   0.116205E+00   0.128817E+01   0.128817E+01
   0.173826E+01   0.124736E+01   0.116090E+00   0.127472E+01   0.127472E+01
   0.174300E+01   0.122375E+01   0.115705E+00   0.126137E+01   0.126137E+01
   0.174775E+01   0.119470E+01   0.115839E+00   0.124813E+01   0.124813E+01
   0.175249E+01   0.123972E+01   0.115475E+00   0.123500E+01   0.123500E+01
   0.175723E+01   0.124045E+01   0.115478E+00   0.122198E+01   0.122198E+01
   0.176197E+01   0.120566E+01   0.115268E+00   0.120907E+01   0.120907E+01
   0.176672E+01   0.134513E+01   0.115139E+00   0.119627E+01   0.119627E+01
   0.177146E+01   0.121746E+01   0.114899E+00   0.118358E+01   0.118358E+01
   0.177620E+01   0.126936E+01   0.114807E+00   0.117099E+01   0.117099E+01
   0.178095E+01   0.116663E+01   0.114726E+00   0.115852E+01   0.115852E+01
   0.178569E+01   0.113049E+01   0.114497E+00   0.114616E+01   0.114616E+01
   0.179043E+01   0.944566E+00   0.114181E+00   0.113392E+01   0.113392E+01
   0.179517E+01   0.110806E+01   0.114159E+00   0.112178E+01   0.112178E+01
   0.179992E+01   0.100120E+01   0.113892E+00   0.110976E+01   0.110976E+01
   0.180466E+01   0.117013E+01   0.113866E+00   0.109785E+01   0.109785E+01
   0.180940E+01   0.102809E+01   0.113552E+00   0.108605E+01   0.108605E+01
   0.181415E+01   0.100250E+01   0.113509E+00   0.107437E+01   0.107437E+01
   0.181889E+01   0.123233E+01   0.113366E+00   0.106280E+01   0.106280E+01
   0.182363E+01   0.106364E+01   0.113107E+00   0.105134E+01   0.105134E+01
   0.182838E+01   0.914961E+00   0.112885E+00   0.104000E+01   0.104000E+01
   0.183312E+01   0.883013E+00   0.112803E+00   0.102878E+01   0.102878E+01
   0.183786E+01   0.841461E+00   0.112755E+00   0.101767E+01   0.101767E+01
   0.184260E+01   0.107588E+01   0.112670E+00   0.100668E+01   0.100668E+01
   0.184735E+01   0.108636E+01   0.112473E+00   0.995799E+00   0.995799E+00
   0.185209E+01   0.107521E+01   0.112340E+00   0.985039E+00   0.985039E+00
   0.185683E+01   0.893821E+00   0.112017E+00   0.974395E+00   0.974395E+00
   0.186157E+01   0.803220E+00   0.111950E+00   0.963869E+00   0.963869E+00
   0.186632E+01   0.922635E+00   0.111821E+00   0.953462E+00   0.953462E+00
   0.187106E+01   0.107476E+01   0.111724E+00   0.943171E+00   0.943171E+00
   0.187580E+01   0.896333E+00   0.111592E+00   0.932997E+00   0.932997E+00
   0.188055E+01   0.895626E+00   0.111506E+00   0.922942E+00   0.922942E+00
   0.188529E+01   0.729448E+00   0.111237E+00   0.913006E+00   0.913006E+00
   0.189003E+01   0.799922E+00   0.111169E+00   0.903188E+00   0.903188E+00
   0.189478E+01   0.895196E+00   0.111096E+00   0.893488E+00   0.893488E+00
   0.189952E+01   0.885447E+00   0.110954E+00   0.883910E+00   0.883910E+00
   0.190426E+01   0.940207E+00   0.110700E+00   0.874448E+00   0.874448E+00
   0.190900E+01   0.905061E+00   0.110486E+00   0.865106E+00   0.865106E+00
   0.191375E+01   0.884090E+00   0.110219E+00   0.855883E+00   0.855883E+00
   0.191849E+01   0.785508E+00   0.110243E+00   0.846779E+00   0.846779E+00
   0.192323E+01   0.727274E+00   0.110319E+00   0.837794E+00   0.837794E+00
   0.192797E+01   0.778302E+00   0.110017E+00   0.828927E+00   0.828927E+00
   0.193272E+01   0.946440E+00   0.109789E+00   0.820181E+00   0.820181E+00
   0.193746E+01   0.856353E+00   0.109422E+00   0.811555E+00   0.811555E+00
   0.194220E+01   0.539453E+00   0.108982E+00   0.803047E+00   0.803047E+00
   0.194695E+01   0.755550E+00   0.108755E+00   0.794657E+00   0.794657E+00
   0.195169E+01   0.722616E+00   0.108716E+00   0.786385E+00   0.786385E+00
   0.195643E+01   0.694085E+00   0.108775E+00   0.778232E+00   0.778232E+00
   0.196117E+01   0.847895E+00   0.108513E+00   0.770198E+00   0.770198E+00
   0.196592E+01   0.703538E+00   0.108297E+00   0.762281E+00   0.762281E+00
   0.197066E+01   0.747975E+00   0.108144E+00   0.754483E+00   0.754483E+00
   0.197540E+01   0.713880E+00   0.108204E+00   0.746801E+00   0.746801E+00
   0.198015E+01   0.877085E+00   0.108218E+00   0.739236E+00   0.739236E+00
   0.198489E+01   0.766714E+00   0.108137E+00   0.731788E+00   0.731788E+00
   0.198963E+01   0.739266E+00   0.108194E+00   0.724456E+00   0.724456E+00
   0.199438E+01   0.757894E+00   0.108028E+00   0.717240E+00   0.717240E+00
   0.199912E+01   0.876097E+00   0.108145E+00   0.710139E+00   0.710139E+00
   0.200386E+01   0.794168E+00   0.107986E+00   0.703152E+00   0.703152E+00
   0.200860E+01   0.789055E+00   0.107923E+00   0.696282E+00   0.696282E+00
   0.201335E+01   0.678151E+00   0.108933E+00   0.689524E+00   0.689524E+00
   0.201809E+01   0.790789E+00   0.111777E+00   0.682878E+00   0.682878E+00
   0.202283E+01   0.706558E+00   0.113781E+00   0.676345E+00   0.676345E+00
   0.202758E+01   0.711000E+00   0.115052E+00   0.669924E+00   0.669924E+00
   0.203232E+01   0.678584E+00   0.116240E+00   0.663614E+00   0.663614E+00
   0.203706E+01   0.759668E+00   0.117303E+00   0.657415E+00   0.657415E+00
   0.204180E+01   0.552735E+00   0.118193E+00   0.651326E+00   0.651326E+00
   0.204655E+01   0.767342E+00   0.118825E+00   0.645345E+00   0.645345E+00
   0.205129E+01   0.655454E+00   0.118969E+00   0.639472E+00   0.639472E+00
   0.205603E+01   0.523949E+00   0.119140E+00   0.633706E+00   0.633706E+00
   0.206078E+01   0.625775E+00   0.119520E+00   0.628047E+00   0.628047E+00
   0.206552E+01   0.640435E+00   0.119738E+00   0.622493E+00   0.622493E+00
   0.207026E+01   0.657235E+00   0.120126E+00   0.617043E+00   0.617043E+00
   0.207500E+01   0.479793E+00   0.120334E+00   0.611698E+00   0.611698E+00
   0.207975E+01   0.422692E+00   0.117643E+00   0.606455E+00   0.606455E+00
   0.208449E+01   0.581518E+00   0.114807E+00   0.601313E+00   0.601313E+00
   0.208923E+01   0.706874E+00   0.113110E+00   0.596272E+00   0.596272E+00
   0.209397E+01   0.676843E+00   0.111874E+00   0.591331E+00   0.591331E+00
   0.209872E+01   0.560464E+00   0.110730E+00   0.586488E+00   0.586488E+00
   0.210346E+01   0.557736E+00   0.109920E+00   0.581742E+00   0.581742E+00
   0.210820E+01   0.564364E+00   0.109331E+00   0.577092E+00   0.577092E+00
   0.211295E+01   0.553786E+00   0.108947E+00   0.572539E+00   0.572539E+00
   0.211769E+01   0.748030E+00   0.108726E+00   0.568078E+00   0.568078E+00
   0.212243E+01   0.545766E+00   0.108382E+00   0.563711E+00   0.563711E+00
   0.212717E+01   0.629266E+00   0.108119E+00   0.559434E+00   0.559434E+00
   0.213192E+01   0.573676E+00   0.107760E+00   0.555249E+00   0.555249E+00
   0.213666E+01   0.625643E+00   0.107598E+00   0.551152E+00   0.551152E+00
   0.214140E+01   0.467287E+00   0.107529E+00   0.547143E+00   0.547143E+00
   0.214615E+01   0.404988E+00   0.107235E+00   0.543221E+00   0.543221E+00
   0.215089E+01   0.509941E+00   0.107126E+00   0.539383E+00   0.539383E+00
   0.215563E+01   0.493319E+00   0.106904E+00   0.535630E+00   0.535630E+00
   0.216038E+01   0.358250E+00   0.106615E+00   0.531959E+00   0.531959E+00
   0.216512E+01   0.538973E+00   0.106463E+00   0.528369E+00   0.528369E+00
   0.216986E+01   0.542244E+00   0.106283E+00   0.524859E+00   0.524859E+00
   0.217460E+01   0.610231E+00   0.106105E+00   0.521428E+00   0.521428E+00
   0.217935E+01   0.436809E+00   0.105850E+00   0.518074E+00   0.518074E+00
   0.218409E+01   0.571854E+00   0.105763E+00   0.514796E+00   0.514796E+00
   0.218883E+01   0.465544E+00   0.105758E+00   0.511591E+00   0.511591E+00
   0.219358E+01   0.645915E+00   0.105632E+00   0.508460E+00   0.508460E+00
   0.219832E+01   0.554878E+00   0.105449E+00   0.505400E+00   0.505400E+00
   0.220306E+01   0.547491E+00   0.105379E+00   0.502410E+00   0.502410E+00
   0.220780E+01   0.480991E+00   0.105110E+00   0.499488E+00   0.499488E+00
   0.221255E+01   0.499126E+00   0.104825E+00   0.496634E+00   0.496634E+00
   0.221729E+01   0.462075E+00   0.104691E+00   0.493846E+00   0.493846E+00
   0.222203E+01   0.512867E+00   0.104703E+00   0.491121E+00   0.491121E+00
   0.222677E+01   0.417228E+00   0.104655E+00   0.488460E+00   0.488460E+00
   0.223152E+01   0.673977E+00   0.104395E+00   0.485859E+00   0.485859E+00
   0.223626E+01   0.414097E+00   0.104212E+00   0.483319E+00   0.483319E+00
   0.224100E+01   0.410594E+00   0.104182E+00   0.480836E+00   0.480836E+00
   0.224575E+01   0.555537E+00   0.104086E+00   0.478411E+00   0.478411E+00
   0.225049E+01   0.471083E+00   0.103838E+00   0.476041E+00   0.476041E+00
   0.225523E+01   0.473746E+00   0.103764E+00   0.473726E+00   0.473726E+00
   0.225997E+01   0.322195E+00   0.103572E+00   0.471462E+00   0.471462E+00
   0.226472E+01   0.622338E+00   0.103453E+00   0.469250E+00   0.469250E+00
   0.226946E+01   0.624447E+00   0.103314E+00   0.467088E+00   0.467088E+00
   0.227420E+01   0.503730E+00   0.103208E+00   0.464972E+00   0.464972E+00
   0.227895E+01   0.675599E+00   0.103173E+00   0.462904E+00   0.462904E+00
   0.228369E+01   0.469026E+00   0.102909E+00   0.460881E+00   0.460881E+00
   0.228843E+01   0.597336E+00   0.102910E+00   0.458902E+00   0.458902E+00
   0.229318E+01   0.396656E+00   0.102701E+00   0.456966E+00   0.456966E+00
   0.229792E+01   0.374642E+00   0.102571E+00   0.455070E+00   0.455070E+00
   0.230266E+01   0.329399E+00   0.102458E+00   0.453214E+00   0.453214E+00
   0.230740E+01   0.472922E+00   0.102300E+00   0.451396E+00   0.451396E+00
   0.231215E+01   0.499418E+00   0.102079E+00   0.449615E+00   0.449615E+00
   0.231689E+01   0.458830E+00   0.101996E+00   0.447869E+00   0.447869E+00
   0.232163E+01   0.415680E+00   0.101816E+00   0.446158E+00   0.446158E+00
   0.232638E+01   0.396557E+00   0.101740E+00   0.444479E+00   0.444479E+00
   0.233112E+01   0.422301E+00   0.101670E+00   0.442832E+00   0.442832E+00
   0.233586E+01   0.276223E+00   0.101624E+00   0.441214E+00   0.441214E+00
   0.234060E+01   0.354535E+00   0.101505E+00   0.439625E+00   0.439625E+00
   0.234535E+01   0.337130E+00   0.101294E+00   0.438064E+00   0.438064E+00
   0.235009E+01   0.418365E+00   0.101317E+00   0.436529E+00   0.436529E+00
   0.235483E+01   0.438051E+00   0.101203E+00   0.435019E+00   0.435019E+00
   0.235957E+01   0.468107E+00   0.101067E+00   0.433532E+00   0.433532E+00
   0.236432E+01   0.397097E+00   0.100830E+00   0.432068E+00   0.432068E+00
   0.236906E+01   0.301278E+00   0.100970E+00   0.430626E+00   0.430626E+00
   0.237380E+01   0.449306E+00   0.100734E+00   0.429203E+00   0.429203E+00
   0.237855E+01   0.383905E+00   0.100745E+00   0.427799E+00   0.427799E+00
   0.238329E+01   0.378132E+00   0.100353E+00   0.426414E+00   0.426414E+00
   0.238803E+01   0.348111E+00   0.100374E+00   0.425044E+00   0.425044E+00
   0.239277E+01   0.437815E+00   0.100277E+00   0.423690E+00   0.423690E+00
   0.239752E+01   0.297091E+00   0.100205E+00   0.422351E+00   0.422351E+00
   0.240226E+01   0.267412E+00   0.999344E-01   0.421025E+00   0.421025E+00
   0.240700E+01   0.443943E+00   0.998594E-01   0.419711E+00   0.419711E+00
   0.241175E+01   0.367729E+00   0.998386E-01   0.418409E+00   0.418409E+00
   0.241649E+01   0.239157E+00   0.997071E-01   0.417117E+00   0.417117E+00
   0.242123E+01   0.328765E+00   0.996082E-01   0.415835E+00   0.415835E+00
   0.242598E+01   0.375135E+00   0.995158E-01   0.414561E+00   0.414561E+00
   0.243072E+01   0.448617E+00   0.994041E-01   0.413295E+00   0.413295E+00
   0.243546E+01   0.354216E+00   0.994161E-01   0.412035E+00   0.412035E+00
   0.244020E+01   0.400830E+00   0.992356E-01   0.410781E+00   0.410781E+00
   0.244495E+01   0.385022E+00   0.990547E-01   0.409532E+00   0.409532E+00
   0.244969E+01   0.331158E+00   0.989158E-01   0.408286E+00   0.408286E+00
   0.245443E+01   0.351473E+00   0.988399E-01   0.407045E+00   0.407045E+00
   0.245918E+01   0.341980E+00   0.989064E-01   0.405805E+00   0.405805E+00
   0.246392E+01   0.411266E+00   0.988601E-01   0.404568E+00   0.404568E+00
   0.246866E+01   0.470128E+00   0.986253E-01   0.403332E+00   0.403332E+00
   0.247340E+01   0.369833E+00   0.986022E-01   0.402096E+00   0.402096E+00
   0.247815E+01   0.449370E+00   0.983754E-01   0.400859E+00   0.400859E+00
   0.248289E+01   0.351872E+00   0.982590E-01   0.399622E+00   0.399622E+00
   0.248763E+01   0.334725E+00   0.982173E-01   0.398383E+00   0.398383E+00
   0.249238E+01   0.412446E+00   0.981425E-01   0.397142E+00   0.397142E+00
   0.249712E+01   0.247361E+00   0.980032E-01   0.395898E+00   0.395898E+00
   0.250186E+01   0.312288E+00   0.979068E-01   0.394652E+00   0.394652E+00
   0.250660E+01   0.297819E+00   0.978442E-01   0.393401E+00   0.393401E+00
   0.251135E+01   0.326098E+00   0.977986E-01   0.392146E+00   0.392146E+00
   0.251609E+01   0.454150E+00   0.975449E-01   0.390886E+00   0.390886E+00
   0.252083E+01   0.226545E+00   0.973938E-01   0.389621E+00   0.389621E+00
   0.252558E+01   0.331228E+00   0.970701E-01   0.388351E+00   0.388351E+00
   0.253032E+01   0.383623E+00   0.970530E-01   0.387074E+00   0.387074E+00
   0.253506E+01   0.469881E+00   0.969277E-01   0.385792E+00   0.385792E+00
   0.253980E+01   0.347223E+00   0.969024E-01   0.384502E+00   0.384502E+00
   0.254455E+01   0.279850E+00   0.967381E-01   0.383206E+00   0.383206E+00
   0.254929E+01   0.205979E+00   0.964808E-01   0.381903E+00   0.381903E+00
   0.255403E+01   0.413653E+00   0.965913E-01   0.380592E+00   0.380592E+00
   0.255878E+01   0.380083E+00   0.964737E-01   0.379273E+00   0.379273E+00
   0.256352E+01   0.256967E+00   0.962867E-01   0.377946E+00   0.377946E+00
   0.256826E+01   0.242456E+00   0.963978E-01   0.376612E+00   0.376612E+00
   0.257300E+01   0.324426E+00   0.961477E-01   0.375269E+00   0.375269E+00
   0.257775E+01   0.314029E+00   0.962819E-01   0.373917E+00   0.373917E+00
   0.258249E+01   0.401755E+00   0.963344E-01   0.372557E+00   0.372557E+00
   0.258723E+01   0.212892E+00   0.962885E-01   0.371189E+00   0.371189E+00
   0.259198E+01   0.398376E+00   0.961541E-01   0.369811E+00   0.369811E+00
   0.259672E+01   0.269826E+00   0.959636E-01   0.368425E+00   0.368425E+00
   0.260146E+01   0.310666E+00   0.959474E-01   0.367031E+00   0.367031E+00
   0.260620E+01   0.245115E+00   0.958292E-01   0.365627E+00   0.365627E+00
   0.261095E+01   0.304746E+00   0.958822E-01   0.364215E+00   0.364215E+00
   0.261569E+01   0.389293E+00   0.957021E-01   0.362794E+00   0.362794E+00
   0.262043E+01   0.270492E+00   0.956050E-01   0.361364E+00   0.361364E+00
   0.262518E+01   0.287019E+00   0.954601E-01   0.359926E+00   0.359926E+00
   0.262992E+01   0.219194E+00   0.954542E-01   0.358480E+00   0.358480E+00
   0.263466E+01   0.327034E+00   0.953882E-01   0.357025E+00   0.357025E+00
   0.263940E+01   0.370278E+00   0.952692E-01   0.355562E+00   0.355562E+00
   0.264415E+01   0.351817E+00   0.952128E-01   0.354090E+00   0.354090E+00
   0.264889E+01   0.319785E+00   0.950813E-01   0.352611E+00   0.352611E+00
   0.265363E+01   0.319238E+00   0.950815E-01   0.351124E+00   0.351124E+00
   0.265838E+01   0.334907E+00   0.948892E-01   0.349630E+00   0.349630E+00
   0.266312E+01   0.302081E+00   0.948385E-01   0.348128E+00   0.348128E+00
   0.266786E+01   0.243660E+00   0.946647E-01   0.346620E+00   0.346620E+00
   0.267260E+01   0.181318E+00   0.945155E-01   0.345104E+00   0.345104E+00
   0.267735E+01   0.329191E+00   0.945445E-01   0.343583E+00   0.343583E+00
   0.268209E+01   0.279023E+00   0.945307E-01   0.342054E+00   0.342054E+00
   0.268683E+01   0.339308E+00   0.944005E-01   0.340520E+00   0.340520E+00
   0.269158E+01   0.457480E+00   0.943564E-01   0.338981E+00   0.338981E+00
   0.269632E+01   0.239296E+00   0.942103E-01   0.337435E+00   0.337435E+00
   0.270106E+01   0.338213E+00   0.941846E-01   0.335885E+00   0.335885E+00
   0.270580E+01   0.402703E+00   0.940226E-01   0.334331E+00   0.334331E+00
   0.271055E+01   0.333796E+00   0.939950E-01   0.332772E+00   0.332772E+00
   0.271529E+01   0.272555E+00   0.940176E-01   0.331209E+00   0.331209E+00
   0.272003E+01   0.247500E+00   0.938013E-01   0.329642E+00   0.329642E+00
   0.272478E+01   0.305922E+00   0.936956E-01   0.328073E+00   0.328073E+00
   0.272952E+01   0.265746E+00   0.936723E-01   0.326501E+00   0.326501E+00
   0.273426E+01   0.309640E+00   0.936351E-01   0.324926E+00   0.324926E+00
   0.273901E+01   0.323099E+00   0.933984E-01   0.323349E+00   0.323349E+00
   0.274375E+01   0.437594E+00   0.934606E-01   0.321771E+00   0.321771E+00
   0.274849E+01   0.270621E+00   0.932959E-01   0.320192E+00   0.320192E+00
   0.275323E+01   0.237353E+00   0.932545E-01   0.318612E+00   0.318612E+00
   0.275798E+01   0.381869E+00   0.932444E-01   0.317031E+00   0.317031E+00
   0.276272E+01   0.452388E+00   0.929751E-01   0.315451E+00   0.315451E+00
   0.276746E+01   0.316814E+00   0.930065E-01   0.313871E+00   0.313871E+00
   0.277221E+01   0.361968E+00   0.928568E-01   0.312293E+00   0.312293E+00
   0.277695E+01   0.365500E+00   0.928322E-01   0.310716E+00   0.310716E+00
   0.278169E+01   0.214400E+00   0.928203E-01   0.309141E+00   0.309141E+00
   0.278643E+01   0.318915E+00   0.927202E-01   0.307568E+00   0.307568E+00
   0.279118E+01   0.324386E+00   0.925750E-01   0.305999E+00   0.305999E+00
   0.279592E+01   0.349515E+00   0.924842E-01   0.304432E+00   0.304432E+00
   0.280066E+01   0.319298E+00   0.924247E-01   0.302869E+00   0.302869E+00
   0.280540E+01   0.200657E+00   0.923564E-01   0.301311E+00   0.301311E+00
   0.281015E+01   0.272217E+00   0.923873E-01   0.299757E+00   0.299757E+00
   0.281489E+01   0.285211E+00   0.924914E-01   0.298209E+00   0.298209E+00
   0.281963E+01   0.355609E+00   0.943151E-01   0.296666E+00   0.296666E+00
   0.282438E+01   0.293469E+00   0.961369E-01   0.295129E+00   0.295129E+00
   0.282912E+01   0.351976E+00   0.973647E-01   0.293598E+00   0.293598E+00
   0.283386E+01   0.368992E+00   0.982277E-01   0.292076E+00   0.292076E+00
   0.283860E+01   0.310997E+00   0.988608E-01   0.290558E+00   0.290558E+00
   0.284335E+01   0.334005E+00   0.993785E-01   0.289050E+00   0.289050E+00
   0.284809E+01   0.196414E+00   0.997795E-01   0.287550E+00   0.287550E+00
   0.285283E+01   0.334918E+00   0.100039E+00   0.286059E+00   0.286059E+00
   0.285758E+01   0.279475E+00   0.100213E+00   0.284576E+00   0.284576E+00
   0.286232E+01   0.239750E+00   0.100349E+00   0.283103E+00   0.283103E+00
   0.286706E+01   0.301786E+00   0.100753E+00   0.281640E+00   0.281640E+00
   0.287181E+01   0.246650E+00   0.100929E+00   0.280188E+00   0.280188E+00
   0.287655E+01   0.250384E+00   0.101116E+00   0.278746E+00   0.278746E+00
   0.288129E+01   0.241545E+00   0.100869E+00   0.277315E+00   0.277315E+00
   0.288603E+01   0.334948E+00   0.983755E-01   0.275896E+00   0.275896E+00
   0.289078E+01   0.395159E+00   0.966365E-01   0.274488E+00   0.274488E+00
   0.289552E+01   0.398047E+00   0.956797E-01   0.273093E+00   0.273093E+00
   0.290026E+01   0.198974E+00   0.947877E-01   0.271711E+00   0.271711E+00
   0.290501E+01   0.279692E+00   0.942195E-01   0.270341E+00   0.270341E+00
   0.290975E+01   0.283494E+00   0.939217E-01   0.268985E+00   0.268985E+00
   0.291449E+01   0.344175E+00   0.937778E-01   0.267642E+00   0.267642E+00
   0.291923E+01   0.216562E+00   0.935101E-01   0.266313E+00   0.266313E+00
   0.292398E+01   0.245854E+00   0.932659E-01   0.264999E+00   0.264999E+00
   0.292872E+01   0.265268E+00   0.932003E-01   0.263699E+00   0.263699E+00
   0.293346E+01   0.291796E+00   0.929704E-01   0.262414E+00   0.262414E+00
   0.293820E+01   0.365395E+00   0.928545E-01   0.261143E+00   0.261143E+00
   0.294295E+01   0.264695E+00   0.925383E-01   0.259889E+00   0.259889E+00
   0.294769E+01   0.238014E+00   0.924248E-01   0.258650E+00   0.258650E+00
   0.295243E+01   0.306419E+00   0.923834E-01   0.257426E+00   0.257426E+00
   0.295718E+01   0.317714E+00   0.922653E-01   0.256220E+00   0.256220E+00
   0.296192E+01   0.303434E+00   0.921318E-01   0.255029E+00   0.255029E+00
   0.296666E+01   0.226752E+00   0.919281E-01   0.253855E+00   0.253855E+00
   0.297140E+01   0.301065E+00   0.918090E-01   0.252697E+00   0.252697E+00
   0.297615E+01   0.282553E+00   0.917918E-01   0.251557E+00   0.251557E+00
   0.298089E+01   0.311876E+00   0.916556E-01   0.250433E+00   0.250433E+00
   0.298563E+01   0.376372E+00   0.917033E-01   0.249327E+00   0.249327E+00
   0.299038E+01   0.277085E+00   0.915348E-01   0.248238E+00   0.248238E+00
   0.299512E+01   0.303316E+00   0.914200E-01   0.247167E+00   0.247167E+00
   0.299986E+01   0.291806E+00   0.911424E-01   0.246113E+00   0.246113E+00

           ####      Real Space Data                               ####

           Distance distribution  function of particle  


      R          P(R)      ERROR

  0.0000E+00  0.0000E+00  0.0000E+00
  0.3413E-01  0.6655E-02  0.2078E-03
  0.6825E-01  0.1376E-01  0.3914E-03
  0.1024E+00  0.2130E-01  0.5511E-03
  0.1365E+00  0.2928E-01  0.6874E-03
  0.1706E+00  0.3770E-01  0.8008E-03
  0.2048E+00  0.4654E-01  0.8920E-03
  0.2389E+00  0.5581E-01  0.9620E-03
  0.2730E+00  0.6548E-01  0.1012E-02
  0.3071E+00  0.7555E-01  0.1043E-02
  0.3413E+00  0.8600E-01  0.1056E-02
  0.3754E+00  0.9682E-01  0.1053E-02
  0.4095E+00  0.1080E+00  0.1035E-02
  0.4437E+00  0.1195E+00  0.1005E-02
  0.4778E+00  0.1314E+00  0.9655E-03
  0.5119E+00  0.1435E+00  0.9180E-03
  0.5460E+00  0.1559E+00  0.8662E-03
  0.5802E+00  0.1686E+00  0.8136E-03
  0.6143E+00  0.1815E+00  0.7647E-03
  0.6484E+00  0.1947E+00  0.7243E-03
  0.6825E+00  0.2080E+00  0.6976E-03
  0.7167E+00  0.2215E+00  0.6888E-03
  0.7508E+00  0.2351E+00  0.7004E-03
  0.7849E+00  0.2489E+00  0.7322E-03
  0.8190E+00  0.2628E+00  0.7814E-03
  0.8532E+00  0.2767E+00  0.8442E-03
  0.8873E+00  0.2906E+00  0.9162E-03
  0.9214E+00  0.3046E+00  0.9936E-03
  0.9556E+00  0.3185E+00  0.1073E-02
  0.9897E+00  0.3325E+00  0.1152E-02
  0.1024E+01  0.3463E+00  0.1228E-02
  0.1058E+01  0.3601E+00  0.1300E-02
  0.1092E+01  0.3737E+00  0.1366E-02
  0.1126E+01  0.3872E+00  0.1426E-02
  0.1160E+01  0.4005E+00  0.1478E-02
  0.1194E+01  0.4136E+00  0.1523E-02
  0.1229E+01  0.4265E+00  0.1560E-02
  0.1263E+01  0.4391E+00  0.1588E-02
  0.1297E+01  0.4515E+00  0.1609E-02
  0.1331E+01  0.4636E+00  0.1623E-02
  0.1365E+01  0.4753E+00  0.1630E-02
  0.1399E+01  0.4868E+00  0.1630E-02
  0.1433E+01  0.4978E+00  0.1626E-02
  0.1467E+01  0.5085E+00  0.1617E-02
  0.1502E+01  0.5189E+00  0.1606E-02
  0.1536E+01  0.5288E+00  0.1593E-02
  0.1570E+01  0.5383E+00  0.1580E-02
  0.1604E+01  0.5474E+00  0.1569E-02
  0.1638E+01  0.5560E+00  0.1560E-02
  0.1672E+01  0.5641E+00  0.1556E-02
  0.1706E+01  0.5718E+00  0.1557E-02
  0.1740E+01  0.5791E+00  0.1565E-02
  0.1775E+01  0.5858E+00  0.1578E-02
  0.1809E+01  0.5921E+00  0.1599E-02
  0.1843E+01  0.5979E+00  0.1626E-02
  0.1877E+01  0.6032E+00  0.1659E-02
  0.1911E+01  0.6079E+00  0.1696E-02
  0.1945E+01  0.6122E+00  0.1738E-02
  0.1979E+01  0.6160E+00  0.1782E-02
  0.2013E+01  0.6194E+00  0.1827E-02
  0.2048E+01  0.6222E+00  0.1873E-02
  0.2082E+01  0.6245E+00  0.1917E-02
  0.2116E+01  0.6264E+00  0.1959E-02
  0.2150E+01  0.6278E+00  0.1998E-02
  0.2184E+01  0.6288E+00  0.2032E-02
  0.2218E+01  0.6293E+00  0.2062E-02
  0.2252E+01  0.6294E+00  0.2087E-02
  0.2287E+01  0.6290E+00  0.2105E-02
  0.2321E+01  0.6282E+00  0.2119E-02
  0.2355E+01  0.6271E+00  0.2126E-02
  0.2389E+01  0.6255E+00  0.2127E-02
  0.2423E+01  0.6236E+00  0.2124E-02
  0.2457E+01  0.6213E+00  0.2115E-02
  0.2491E+01  0.6186E+00  0.2103E-02
  0.2525E+01  0.6157E+00  0.2087E-02
  0.2560E+01  0.6124E+00  0.2069E-02
  0.2594E+01  0.6088E+00  0.2050E-02
  0.2628E+01  0.6050E+00  0.2031E-02
  0.2662E+01  0.6009E+00  0.2014E-02
  0.2696E+01  0.5965E+00  0.2000E-02
  0.2730E+01  0.5920E+00  0.1990E-02
  0.2764E+01  0.5872E+00  0.1985E-02
  0.2798E+01  0.5822E+00  0.1986E-02
  0.2833E+01  0.5770E+00  0.1994E-02
  0.2867E+01  0.5717E+00  0.2010E-02
  0.2901E+01  0.5662E+00  0.2034E-02
  0.2935E+01  0.5606E+00  0.2064E-02
  0.2969E+01  0.5549E+00  0.2101E-02
  0.3003E+01  0.5491E+00  0.2144E-02
  0.3037E+01  0.5431E+00  0.2192E-02
  0.3071E+01  0.5371E+00  0.2243E-02
  0.3106E+01  0.5311E+00  0.2297E-02
  0.3140E+01  0.5250E+00  0.2352E-02
  0.3174E+01  0.5188E+00  0.2406E-02
  0.3208E+01  0.5126E+00  0.2459E-02
  0.3242E+01  0.5064E+00  0.2509E-02
  0.3276E+01  0.5002E+00  0.2555E-02
  0.3310E+01  0.4940E+00  0.2597E-02
  0.3344E+01  0.4878E+00  0.2634E-02
  0.3379E+01  0.4816E+00  0.2664E-02
  0.3413E+01  0.4754E+00  0.2689E-02
  0.3447E+01  0.4692E+00  0.2706E-02
  0.3481E+01  0.4631E+00  0.2716E-02
  0.3515E+01  0.4570E+00  0.2720E-02
  0.3549E+01  0.4509E+00  0.2716E-02
  0.3583E+01  0.4449E+00  0.2706E-02
  0.3617E+01  0.4389E+00  0.2690E-02
  0.3652E+01  0.4330E+00  0.2668E-02
  0.3686E+01  0.4271E+00  0.2641E-02
  0.3720E+01  0.4213E+00  0.2611E-02
  0.3754E+01  0.4155E+00  0.2577E-02
  0.3788E+01  0.4097E+00  0.2541E-02
  0.3822E+01  0.4040E+00  0.2505E-02
  0.3856E+01  0.3984E+00  0.2470E-02
  0.3890E+01  0.3928E+00  0.2436E-02
  0.3925E+01  0.3872E+00  0.2406E-02
  0.3959E+01  0.3817E+00  0.2380E-02
  0.3993E+01  0.3763E+00  0.2360E-02
  0.4027E+01  0.3708E+00  0.2347E-02
  0.4061E+01  0.3655E+00  0.2341E-02
  0.4095E+01  0.3601E+00  0.2344E-02
  0.4129E+01  0.3549E+00  0.2354E-02
  0.4163E+01  0.3496E+00  0.2373E-02
  0.4198E+01  0.3444E+00  0.2399E-02
  0.4232E+01  0.3392E+00  0.2432E-02
  0.4266E+01  0.3341E+00  0.2471E-02
  0.4300E+01  0.3290E+00  0.2515E-02
  0.4334E+01  0.3239E+00  0.2563E-02
  0.4368E+01  0.3189E+00  0.2614E-02
  0.4402E+01  0.3139E+00  0.2666E-02
  0.4437E+01  0.3089E+00  0.2718E-02
  0.4471E+01  0.3039E+00  0.2769E-02
  0.4505E+01  0.2990E+00  0.2819E-02
  0.4539E+01  0.2942E+00  0.2866E-02
  0.4573E+01  0.2893E+00  0.2909E-02
  0.4607E+01  0.2845E+00  0.2949E-02
  0.4641E+01  0.2797E+00  0.2983E-02
  0.4675E+01  0.2750E+00  0.3013E-02
  0.4710E+01  0.2702E+00  0.3038E-02
  0.4744E+01  0.2656E+00  0.3058E-02
  0.4778E+01  0.2609E+00  0.3072E-02
  0.4812E+01  0.2563E+00  0.3081E-02
  0.4846E+01  0.2517E+00  0.3085E-02
  0.4880E+01  0.2471E+00  0.3084E-02
  0.4914E+01  0.2426E+00  0.3080E-02
  0.4948E+01  0.2381E+00  0.3071E-02
  0.4983E+01  0.2336E+00  0.3059E-02
  0.5017E+01  0.2292E+00  0.3045E-02
  0.5051E+01  0.2248E+00  0.3029E-02
  0.5085E+01  0.2204E+00  0.3012E-02
  0.5119E+01  0.2161E+00  0.2994E-02
  0.5153E+01  0.2117E+00  0.2976E-02
  0.5187E+01  0.2074E+00  0.2959E-02
  0.5221E+01  0.2031E+00  0.2944E-02
  0.5256E+01  0.1988E+00  0.2931E-02
  0.5290E+01  0.1946E+00  0.2919E-02
  0.5324E+01  0.1903E+00  0.2911E-02
  0.5358E+01  0.1861E+00  0.2905E-02
  0.5392E+01  0.1818E+00  0.2902E-02
  0.5426E+01  0.1775E+00  0.2901E-02
  0.5460E+01  0.1733E+00  0.2903E-02
  0.5494E+01  0.1689E+00  0.2907E-02
  0.5529E+01  0.1646E+00  0.2911E-02
  0.5563E+01  0.1602E+00  0.2917E-02
  0.5597E+01  0.1558E+00  0.2922E-02
  0.5631E+01  0.1514E+00  0.2926E-02
  0.5665E+01  0.1468E+00  0.2927E-02
  0.5699E+01  0.1422E+00  0.2926E-02
  0.5733E+01  0.1375E+00  0.2920E-02
  0.5767E+01  0.1327E+00  0.2909E-02
  0.5802E+01  0.1279E+00  0.2891E-02
  0.5836E+01  0.1229E+00  0.2866E-02
  0.5870E+01  0.1177E+00  0.2832E-02
  0.5904E+01  0.1125E+00  0.2789E-02
  0.5938E+01  0.1071E+00  0.2734E-02
  0.5972E+01  0.1015E+00  0.2668E-02
  0.6006E+01  0.9574E-01  0.2590E-02
  0.6040E+01  0.8981E-01  0.2497E-02
  0.6075E+01  0.8368E-01  0.2390E-02
  0.6109E+01  0.7735E-01  0.2267E-02
  0.6143E+01  0.7079E-01  0.2127E-02
  0.6177E+01  0.6400E-01  0.1970E-02
  0.6211E+01  0.5696E-01  0.1795E-02
  0.6245E+01  0.4967E-01  0.1601E-02
  0.6279E+01  0.4212E-01  0.1388E-02
  0.6313E+01  0.3429E-01  0.1153E-02
  0.6348E+01  0.2617E-01  0.8982E-03
  0.6382E+01  0.1775E-01  0.6213E-03
  0.6416E+01  0.9034E-02  0.3221E-03
  0.6450E+01  0.0000E+00  0.0000E+00
